<?xml version="1.0" encoding="utf-8"?>
<test-run id="2" name="Open-Lab-03.10.dll" fullname="C:/Users/onkom/source/repos/3.10/Open-Lab-03.10/bin/Debug/netcoreapp3.0/Open-Lab-03.10.dll" testcasecount="98" result="Passed" start-time="2021-10-19 19:34:08Z" end-time="2021-10-19 19:34:08Z" duration="0.101500" total="98" passed="98" failed="0" inconclusive="0" skipped="0" asserts="98" random-seed="461154971">
  <command-line><![CDATA[C:\Users\onkom\source\repos\3.10\Open-Lab-03.10\bin\Debug\netcoreapp3.0\Open-Lab-03.10.dll]]></command-line>
  <filter />
  <test-suite type="Assembly" id="1101" name="Open-Lab-03.10.dll" fullname="C:/Users/onkom/source/repos/3.10/Open-Lab-03.10/bin/Debug/netcoreapp3.0/Open-Lab-03.10.dll" runstate="Runnable" testcasecount="98" result="Passed" start-time="2021-10-19 19:34:08Z" end-time="2021-10-19 19:34:08Z" duration="0.101500" total="98" passed="98" failed="0" warnings="0" inconclusive="0" skipped="0" asserts="98">
    <environment framework-version="3.12.0.0" clr-version="3.1.19" os-version="Microsoft Windows 10.0.19042" platform="Win32NT" cwd="C:\Users\onkom\source\repos\3.10\Open-Lab-03.10\bin\Debug\netcoreapp3.0" machine-name="DESKTOP-7OQAPDJ" user="onkom" user-domain="DESKTOP-7OQAPDJ" culture="en-US" uiculture="en-US" os-architecture="x64" />
    <settings>
      <setting name="WorkDirectory" value="C:\Users\onkom\source\repos\3.10\Open-Lab-03.10\bin\Debug\netcoreapp3.0" />
      <setting name="NumberOfTestWorkers" value="4" />
    </settings>
    <properties>
      <property name="_PID" value="3536" />
      <property name="_APPDOMAIN" value="Open-Lab-03.10" />
    </properties>
    <test-suite type="TestSuite" id="1102" name="Open_Lab_03" fullname="Open_Lab_03" runstate="Runnable" testcasecount="98" result="Passed" start-time="2021-10-19 19:34:08Z" end-time="2021-10-19 19:34:08Z" duration="0.085161" total="98" passed="98" failed="0" warnings="0" inconclusive="0" skipped="0" asserts="98">
      <test-suite type="TestSuite" id="1103" name="_10" fullname="Open_Lab_03._10" runstate="Runnable" testcasecount="98" result="Passed" start-time="2021-10-19 19:34:08Z" end-time="2021-10-19 19:34:08Z" duration="0.084408" total="98" passed="98" failed="0" warnings="0" inconclusive="0" skipped="0" asserts="98">
        <test-suite type="TestFixture" id="1000" name="Tests" fullname="Open_Lab_03._10.Tests" classname="Open_Lab_03._10.Tests" runstate="Runnable" testcasecount="98" result="Passed" start-time="2021-10-19 19:34:08Z" end-time="2021-10-19 19:34:08Z" duration="0.080343" total="98" passed="98" failed="0" warnings="0" inconclusive="0" skipped="0" asserts="98">
          <test-suite type="ParameterizedMethod" id="1004" name="GetNumberOfCharsInStringTest" fullname="Open_Lab_03._10.Tests.GetNumberOfCharsInStringTest" classname="Open_Lab_03._10.Tests" runstate="Runnable" testcasecount="3" result="Passed" start-time="2021-10-19 19:34:08Z" end-time="2021-10-19 19:34:08Z" duration="0.056265" total="3" passed="3" failed="0" warnings="0" inconclusive="0" skipped="0" asserts="3">
            <test-case id="1001" name="GetNumberOfCharsInStringTest('a',&quot;Xamarin Lab&quot;,3)" fullname="Open_Lab_03._10.Tests.GetNumberOfCharsInStringTest('a',&quot;Xamarin Lab&quot;,3)" methodname="GetNumberOfCharsInStringTest" classname="Open_Lab_03._10.Tests" runstate="Runnable" seed="651225" result="Passed" start-time="2021-10-19 19:34:08Z" end-time="2021-10-19 19:34:08Z" duration="0.046877" asserts="1" />
            <test-case id="1002" name="GetNumberOfCharsInStringTest('A',&quot;AppsLab 2019&quot;,1)" fullname="Open_Lab_03._10.Tests.GetNumberOfCharsInStringTest('A',&quot;AppsLab 2019&quot;,1)" methodname="GetNumberOfCharsInStringTest" classname="Open_Lab_03._10.Tests" runstate="Runnable" seed="1635710710" result="Passed" start-time="2021-10-19 19:34:08Z" end-time="2021-10-19 19:34:08Z" duration="0.000247" asserts="1" />
            <test-case id="1003" name="GetNumberOfCharsInStringTest('o',&quot;C# is an object oriented language&quot;,2)" fullname="Open_Lab_03._10.Tests.GetNumberOfCharsInStringTest('o',&quot;C# is an object oriented language&quot;,2)" methodname="GetNumberOfCharsInStringTest" classname="Open_Lab_03._10.Tests" runstate="Runnable" seed="698376838" result="Passed" start-time="2021-10-19 19:34:08Z" end-time="2021-10-19 19:34:08Z" duration="0.000064" asserts="1" />
          </test-suite>
          <test-suite type="ParameterizedMethod" id="1100" name="GetNumberOfCharsInStringTestRandom" fullname="Open_Lab_03._10.Tests.GetNumberOfCharsInStringTestRandom" classname="Open_Lab_03._10.Tests" runstate="Runnable" testcasecount="95" result="Passed" start-time="2021-10-19 19:34:08Z" end-time="2021-10-19 19:34:08Z" duration="0.013077" total="95" passed="95" failed="0" warnings="0" inconclusive="0" skipped="0" asserts="95">
            <test-case id="1005" name="GetNumberOfCharsInStringTestRandom('_',&quot;An^EreAeioypUexNVgXj_IIBtVkxTfEywaHAqRRVt`YaXEIUkiVdjAXre]K]tCRDjzsn]wWEUCqykbdoNWNfP\\PwJQWUGp\\rNVqYMUrnRQOgJYHCsVO]ognOjwdLaBx`bzlUlLcs`ZTyMdmkIT]kayCbbbiQkfMQTiFKhmRgnWxUSoCGJsDN`MzcwJnK]SHtNDf^^cDWBpxKAhPn_cGrczlGj]N^zHK\\OEHOI`capgLjPpcPuzfuLPQOS`oAU`Xuf]vw`Aezz`CwnBrtuydz\\PPyntwdkbMPPREntfjtVfufNU\\QhuGWwXYVMwJgEAPXTng\\xDzPOkeqVdlYYfvp\\pTstiaw]DpUW^S[izTeuqIMncAcLkNYEZv_ZocO]DmLuPZrRRkYSRvegHERiyllpXQxbnAtXEHrDxR_IIRuzpGn_QrSkRa_RBV^z]P^RqBNJDajpaI`gqmAQ]YRwhJF_d`Cbn`ftndInsd[jH]KIAs\\OVM]Dybdhvia^_HBA^gtNdNYtyboKzx_lEoMbDbvLz\\rJCwLz[JeTyNfHocFWnYhyKpZjv[xwlhNHVOqBVojqSKmrIEm[\\_YbnszN^\\EALicRz^m`mEAzirgzDbbqi^[NPgU^Pc^ujjeec[reSMhX^YswMzKvuORiOUCTJOQJaGPzNCWckw^\\pCjqoXQQYcz\\YvVNY_\\Dw^rWIsiKcbLykqsLfL_lyzlyHobRgJKL\\[_SKSiviGhrWBlcDKcMzjFxmtPURX_ZWz^PR`BS^dCsRtbFDzO]axMlVbaRDTdRcO[X_\\Q^IQjWgMfsRKRSJBsYnlujzjPJzlQDZKbbikTPOpFIwiztCQHaVBdnab^ZB`XuwcYHdjeYicKygmnRkWGidjhXaoAHMuOiXKLTPrQTgirmrfGonMifYiRMvBapi]MoU\\a]bZCsGnBusu`uhMTALdQjsyYNQ[eJ]DYWFeNUKp`ehWUA]gH\\JLckLrdcAocfJrYo\\JpDzyqWEfB]eXleTIAR\\hLOAeUVNu\\pxa`SqE]KVLgapGycCxRArHSnyaCVe[IJJM_DsYnOgpvPAeZuglTPc\\xqNlUPCG`vC^WcbujdJCTBLDmTHHitGtbiOhqHD^M`QAM^NqSlBjG`HwfKyBIuYfoJviTtDcafqnlKqPFQpwrXmBaSCgJCVRHeMDc`]YiZJ[iTK\\TjwrF\\oWXuIArWZ^P`fGymhanWOYORSMHbSZG_MgqqghW]aRAfKJhE]aCWDiMVIFbvsQEzXlSzQIGzJRqxYcGJ_DElXk[^[[haG\\dQNAOZqinU[CMlsPx`yYWpMSbhRo`p[asii`jXUhSqPjRU^ifK^IbiEnEuYaHBJyutJ_DS``LRFa`]AMJcJUSRyKdv\\oyn`QgRpXKyfTexxQc^NbuMX`spfcvzvHqlaXlotOhdBLxpjUUhcFhtumWAYrfM\\LD^]tX``nezuQKLbDFROOWp[xqnBkWCc\\HqHZSpxoHo\\hzdcKYVlUyNoNC`Dd_pXbXZJUDIkPUZGcTnxMLqRAQO]tBtWmmTPSWuQa[OGQf]A_GMuPcqXi_WQIwQTJmx^AJoLZ]XmxjAVoNymozGKvvbozdHeKvw_hyAVSA[mKE[z^B\\vx^_KfmbEcAMqVncCm]hpNd[n`TAr[cQyHMggWmsvXvnSoeXX\\YMATfhUDkeRmjdzjNiJHvfzemYSqHyuwcVCVQe\\_RcfHbIhRncbwOQanNWaNV_vljUKUbeZcMepSzrDekAC`XyiSpOIuENJmhuYMyTkIJyjd[NnVTw^V\\WTkgr_S]`_y\\CfFZqfWPuVZPErc[maHkoRRah`GoXge[lIYbiw]RHFbAu\\bAwsjyXOglU`mR_brOlz_wZAmqEqcijQfLxFs`wgD]\\gNJJLm`NTOvxfbvFttafyBDtaTZjSRFvB[mncgtDD\\WBjOS_wZCm]r^eJPdrTqvBJzvKoI^NA]c^fBKSAumsPSZJxHdTDBkM`VsjSHjnwpmzPAzIFQqYEDlralNg`JJymVxPJ[ztLzv[a[uwI[OmLSI]dBJbtCNnfnNtCjzeRxNFHRQFrQ_FvXnZN\\fIQYzIlIomMAuY\\d[NFDUSkDjd^IrNAngbErTtxETy]_tqWGdRw`UKGTXMiWecRbmYUSUdPbPAjVpMKtMX_`Q[Z\\\\kZGKbZlhvm[\\EmzBVPT\\k^LCpKNDlQRztqdKIXibxiu[kXIf`^vKFAlNOEVXMhwf[[cNIpsxbl^CclSXCb_NUGttFVwEBRVPlPzPpu]jfxdU]je]mxVeJjQUbjHntowQWNQTmCbHEocW^`WWlZSDvkGByfiGmjqqBSxPYQkkWN`UHuqBTlBZ]sUfHPUHT\\UVylUKcHy[jbhiKluEohmBhWUJyRIJvdWutKWW`gZMnbkuKg[VVQSgiShbWKMQyo_GLnpAV_`INaOGg[zRrmofQjLa^ozUZJNyDdiWr[AqlKYIEbuwLuZMAsp]cP^a_KiETPCClc[WmxuGQD\\vuCJ_kAxKoMobwZSb\\Uoo_rLc[C[DyjL`nbf]AKUSSsO`osZSfTevOgWCqaEhauLEAOoVopaQz\\]gcgnbcHYfFPQGLcf[GgmYgJ`aEE_pnTwmKkZKn]EY\\azkxhKLKGKTjEzYGN]_ddslT_w[I[hdbTwFKocWuSfhJcDFkBD`AaosiOWZkjCjYblVHtOSfFdRxLck[qjHWHdA_DXwYIgLQwOcrhxqmluux^v^gfztzuSRxkrD]St]ZYABxztmtsVeNjDAIuPmJmLWdweHqtU[rY[`^t`gmMAG_hDOgqubCHShMeXAVmwz_vnpO_^PUdAxlErwsV[AymXkFmSs\\`QAQBcduOAISfNYGVwIn\\HzRvAl^Cj\\LenpTAhk]NBeVRiT`yekqKFAXQiUAqFs__whsXFFhLf`[^dANhL`XzfB_mXCSSjfIJFrUA[It_Ce_aaugiHSea[`tvJFADnV]zWQXmfMNDgtwA^xM]VdKWBciayZrUIpkhI_KP^uCuFaubcsXLs^iKKFyobroLVsvqIPrynwz[bPQ[iHxFBg]fGa]DaVhfGq`NfDZTBZXw^Nduo_G[tiKjWQjbnoYYPUUkkCpeieDcP`HsxbOCONmXgqrUTr`NAygItsKli\\mOebZqIqeL`WJCbwDuK[RqEqcQtyyEW]Tn[^nFWBL]MThdpebxpQbNKvJnyJwJs`pDDWbDIy^JPodkJy\\OXBPGvFc_UzGMECeh_daYD^oqmXyVRYeAiilqQiIxnCjJrRENKwLaXCKuMYT^HNNvVG_WQnXq\\dfAnfz\\TlKVMEcf^rerUeqapookmixX`VEoWKGbZsJVCsiQ_ssYI`\\qmFLyqOifonprznPTkDY][[^xG^Mtp_OztNCRyHkKJ_bOCqRld_hFHzVSbOsSBoqP`pxllxUcTNSwsOuPM\\QQrJsurjjkPXIUhSjNt`zfKEmtgYZTTcGa_`YVxDuBNeTvEyOa_hWg\\eGmXyNYPWWgQcqItTPqfyY`lqpiJtogM[EtYfyyp\\lqNge]IGgKX`B^MaBaJ`OWcj[q^wjOVQAKMbRELSaDMdOgZbhreXpQMUO_MnyLWYpG`qQfOwVqyLJy[nXwOsex\\kysSnsXUUhonIHcRCchCzRBKPDYWCx_nsfosYS\\Ex]e^VKSfpeMPwu\\YxhCkZBRXJAv]SktkHdF^h^pFknaXkPryKVvkPkevKMUUPqSFl]HToylZrxAg[tguJxSwoI[XzJS[I[pt[\\gOH_JLe\\tSkx[Qa[LR_VQdBjTefQRWHGMzNXmfoGSTPIhBjCuiP^VELCMYK_aTJ]Kel\\CIia^YDwUtCSvdVcHdkHnKLU[PayJmxDPNzmAjAxBOiTVrcxxaUatehrwUFOsEmbvzDiddcXdnG`\\rycgdAcYXJf`HpgemFw\\HXWouTUyxxF^IVFV]bOEKJ_pXI\\nwnriJDU[bnlPge\\ZEHXlkQHKqsRysaXmsaBJGWTFBenipzY`iElQkjCgggsRlVbAWzXFdRThnSkG]YVq[mQnpGBI_V][_CTfCmSqcSwWlD^YzwJOQCryFoLQxOaOptJkyEDkG_OHquCmddJbLOJ]KUaObCtTlibrumZvsZIlnkILlYhTFzCakgad^pIDfuVISKrqJOimGXi[MV]IU`OmfAHNMqXDREGtUAsaaqJrRQZSyFXITzjFgc]RDdeTrf\\CQpGL]vc_WW\\VboPHYOkRVBMl_a^xMqAfpWBJyMfXXKjPHGkOU^ucuJhPcUgwXeS`WpaKmGIMcSuKRweYpOcivXlfjmae`jzmsJtS`a\\NUiAbP^xfkOGJCdeyEv\\A`_gtTHSICRsPmUUMXJVMoutQcqkO`vOeE\\iqCGOHKpcYWrWhPXbu`PMeeWR]XDcHDNKRg^KQuNByR[tk[CzIUTFpODLgpmkHM\\VJgEAlNQARNNTK]aBUE[njIUCdS_\\I^umqFkEWBOvDTnbBkBKOkVDlhfBRBXZiornT\\]Fl]fTp`jWUnBtQUNXIrAJZjmUepMP\\AOaNwYlFCNMxOg_z^IUaZf]\\SfBkQjATZuU`\\fUv\\SGdnLKCNVGhsjCUlFuQXBoSMs^USz_snYFG`shH[y]vcT\\ksznWkD_Z_nXuhqkOqOtZevpsYnqY`tksXn\\TLIHjtfcm\\mZeONEU[BGxKvxxNGufC_]uUXChGJ`zSCWfTMKRoVYWg^IQKJ]nkxjxP`PrKXNQ\\HfH`SeBvcqhFGNqOm^xhlOUTZWnxSGXHIu_sAks`\\sHHBrIRYcYtQcjtQoGvqEc]Z`xLjyNBeYMtGNRbO]_ki^r`KfbMexiWPfh]uxcZUWPsWqmD^_hU`snwiXADWBWhjpe\\`pgQtEVSNzIUt_jGQTrWrln^w`DTzcIaLR^hsW\\[^\\ijOfKsRQWWyOdoBIUUBBSfqcJbABNtsXtWDEOQULBiLmcxhjfkCGY\\JCsg]crQD^^aVNlxtDzqAdZEzLtRV^rlyXMALcolUlfiOCc[yhqyHc\\`cnhQi`uaflcxAkmRPN]OylqwdZThgseWwgXXu^DoqEC]ZeZNv_jtGMbrxkgPMMtmHMATTUWlKhYtiT]yzGmIIlQkF`ZKqnceLPVNeFtaHyiYoiIeNiPF[ldWvQOnuMuWFnhZxOUuMLAKCrwWXpwI_]JZfySUrGfuDRSAAjgyTVsOlZTEUsWFQmscdNnzwACG`FHl`vVhIxpJdviMfNzyjaeQZjWmwhCTSmjfRc_Y]iwTxizi`aTiAEWz\\qRp_cl\\v\\rrLDvCjb\\BdRTkkiNVTTSOVkK[Qjtux\\X\\rH^\\eQzZcVVK]bEqUVHcJd\\\\s\\mzhbEHtstdLlkCTtfAUAxjfD`bUpROgBcJ_AlAQOQei\\fdeEOPx\\Gs^CUdC]nDaewJIb_SHfjGjTBJXwxPaCRKvkg\\gHxo\\NDD_][DawHSlAJKBKLG`^^_TmNYuCgzhvf]Qyfv\\ujeuzZua][\\vrPxj_jmOBI_PIeqVguD`QeeoseUTTrYbLDpfhmlOsh[lLVlUc`ucXvfMeJrtVZvJjwDEoLiuIohdKtd^sAknxqKQYdB_vstZlQBORh`Xrz[cOCClaTAUiHMtlnfLJKzPvNrtrUML[TwxWbBVaQxbs_ldEI]^BTNhAKhAKItMHptUKO^KmQftMXXW]NpjriJHGPwLuALXWlZCeWYpfSlliT[dnQ_wTJUYfmNvRRPlEN][xUlFoAE_xXYnoTYe]OENWBWsI^^TDzg[qzfY_ZISEq[OT[GxsfOqJPEwxtwR]k\\xkyxoizFDGlIaaI_iX`\\XkqQavi\\f]qqTU]^V^RPsaLkYG^VoUOuxPDMuhWtz_ZaPvoMDeJKFQcr`FsZYSgQOwsEQPdhHYPUGe\\^SQSKLDohhMhopw[grISSCkvnB]DgANkueVHHA]FKILWEcprKyc^xRJ[bV_JiAHg[\\nK[oSgUDIKqTrLLesiXjnc\\uam]TXJA`wcpeXWfwIuJzeN^SxDIZOkiKjaO`JBfyJRXPWbN\\C\\bsZ]PTPJWTBaQMtevqIGmHOKpTqOwWqgWnIplMQvQAfSxdAKVlfWTwi[dOhw]BMz^VJ^DEtiaMpm\\wNLSfsKlZS[EiM]`TYOnfocZ]HRrwqGGwyhA\\erIBOECjZVrWJMoayqHfmp_bTocLTHj`\\EjaGlWk`jDlZ[ndR`xI`VioTaiZ\\qVRfSuE^O[NZXFCmmIsBztnKbzGVvM`CwPjTmGG`iGDFkjIPgBbYqY]wcGEToicBuK]IWiAgBSTsqi[srqjtfGM_mmlfCnlz_CK`MAtxAvX_FdGtgL\\xziVoyxVdxVdOaTUo_ufrwmskjiZJgsyqRnApgVaPeQzfRJxmOSVlaeBMpfFQ_LxEXnwnS`IITWMgmNY`lguU^MPgmoAAQQkZTvO_MJZjJNXKYUZbM``rQcbK^PA^_HrDfnTrzuTbMLKPoFOYUYnllsIkTDAwJwKCVU_fAbcSMyeFYRVYBcIGUGRnec_vtWYQBIuZacXnp[_nNCSBicuanDhPClAYDhYpaTEPXvsZLVRtb_acQ^NR\\r^x[fWpbzjIBiNtyDdmk\\VXmoh_KYH`[HUiqHom_CrMgJrsRgdNt[bz]GLgxseJrJiuU_DrOrNheIldwpM_ougzaULjvIpgYhV][x_mdmzCNuVTVbkIfFUw^iUzSTvFBbOwnOIzR[vCvdmgzrUUYhASTYyld_ZQrtAffYaGZlrLKSAtwiA\\ybhUbvdUQWVmAfKCdGAaROuhqoHAXFpv_yRQLfEjpLpCVEL`HyQqhZJjgA_nncxLb[OBTuqxCQkFYsRlcctZoyNEoceLHRvNOe[vqKMNHSnWiEQnimKLi^WcMJMlQfqlV^qoXWvYWfR]LrVkRq]UGk_kOsigx[x]\\BBLN]WRrlpDMtXVn]ZZI]efyF``hO\\vipAKpK]o[L]Vu\\_V\\Ts[A^TyWWMHxqedQtUWsM`dzezxAPk^bKEUVAuL\\CnZxVrdatEAHH]OnP\\V_WyGfjammPNQzJvqZGfenVWGKjVZhqaG__hEDgnNoFrQfoByMfogdqcIArvwUHEvjHl[\\rnmTYqi_F\\WhXMCBt]iv_ELkqtgAvb_Db]VsCSLAueuW`OwuCupeD_xmbB^_Jhc_wSGvrJzbRhBuJpLcwmxBmtAC_cRApgrMBWZNHBCsvOTV^DclqubWkblDREWPsyleposnVy[vjEG^`e_\\z`JuE[][eWvDfnAw]i`jKpWs[ghg\\O^h`uPTpqaVRYIzCXQwEKArFpRKIR[YnqzWtO^k^gHfIKXmhXpCWkbRNfbjdFK^WIb\\ZmFot`YXCUjuX_^l\\XBCOhJNgnHY\\dPzcwTvRAJqSKOswhSEcYCzG_MldsIFXAvZFjR[Lb[\\NLkEZQQy\\DpDbQsEkbSYsEZSOonMVrsAyalvoISSbJeUKsspqNkePBcJmYpe^EddLpEA`xQbPzri[EHWwxVIHOkwybJVShp^aAIUnsPtxIUQKujhQYi`i[\\wEICxouPcKTHZwncEh]Lzt[lDr]FtyPoG_LPfpSFCtmGqnQl^qerMP]DeWzFRpVdu_Buk^xOVXIGHUvPblcDUXcqCIeOqMnN_ILRmVAzsW\\oHWvQ\\j_aNRP]wKrbsjXJduczId^LkcLxwnigNTnGhMAMsiVb^ZGJySLMowIsMTqeFRaI\\LT_vQ\\XuVG[NvhQ\\Czdc]rRLuuUWVGaHNFRFbNiqnSZpheRf`IDSx`zUCSBWGB_OaSzpVLtoRmpJY]_QdjqNDNKiGxCPMRjmoKOUf\\PUPOBKjqvaolnXKRLSIRjXIeczCCUONJfHZ]yoLzyPC][\\_Sb^zvLTmrLegCHg\\hSeGgyiTXHISZVfJH[k\\rORxRUbQTIJsRoUJqVsTsKcoDBT]a[_bXLdYBgoRXYzPyQBfB]TmcWchg]uQBFktdb\\GKvIJabw[KTqmAh[EGmzAcwl_m_PRiGfWpu[FTKMB[I]TgHQTegmrb\\^NKeXBRelEhZxFMVkw`y`ZZXreOvhCTopUWNuinKjpWYgMKKHOvqRcvEnmmmmVxjltediz[BIVOkCBlf[DoYG]^MYSZIwAXUrhgnca\\HothvULBmAGSia`dPVXKWaSFIxtsVVyDtcheMobsNQgHphioSDXXKWFb]o`y[SgXCDYGtuW[o_wFtKP[OF`Rxas^]FIYPcYuePFlPcvXhxcfZzhR`EkUnUZ\\KuenmyLLGB\\dE^LgKHeAxMD]YqtKsDHPqdbUxHfilX`Y_ENBtDKfkZ_xrHVwFBTDtLn\\wqiC]vOahfyTdrQot\\`WFd^qmidkD]_SQlECVHJpKxQLJBTNk_JYgWWTTsQnR_^LHgDrnOZmSjMHSShlVVz_SFfuUlj]rW^f[ED]y\\[]FXFxJPABL_Xw`ytBBI]B_wuwMbgOOKnuu^ZuzikFkiRSybG]KB\\pyZxI]JkcclmAl^BB_yBSYWRqfcxf[KDMixv\\`RXqxH^ywQa\\`EyMzIXbHH]uLFIXi`Sob`]MbLVQtStUB]FVMrNaaUTXo]eszGQWymtzcleonGipNHtizmLqSmNMLEXEa^RmB^WOdFn[MYmZg_JgdvsNuZEM`go_TaNQpvnkleFtyketznahuk\\eeDscYKjwRPHgK]ekkZvyqyOKpKMlFGdcFcflDLRbvIcjdxi^Jqx\\p]ofphnOxyqLf_bbqsh`HUDhW_br\\jbPJHncozwVYDdwRXDEWHgQIYU\\ZGPQGvmNXbC_lynqwRHDkGWz\\]\\UDQGlnSJikfP^QW`kU`TXTpUrQQkSkPpdZYKG\\RkZpEGRCenUagevIEANwP[^bqy\\qfDsMYPDpubPjCog^WlEft[UXwKLqMryGe\\XauHIWaGO]l_t[nALEuqwKj\\QODNcDdIEbXGcOdhEnMrfXQkDMgtMo_MqZrtTT_LtdZRDgXx\\NlIxrpsySJWWjwPCKPJWkTkPByCyyhXoiYzDWOzezvAKHoKgJOsWOaktAtwtmuzfmciQxMgwQ`XpTaHMnWokpA`IiFC]SGrFvVY`GtjwcwFjJva[mkFVFPplC`crKKeKhStxIbGuhrHtupyn`bjbA\\zg`g^aRrmXRvCrBcSLeLiOHwqMaoSd[CJLSNX\\D`cpFkbznHlwP_xpmk`dpQA]_JxPlq_oLqHEctJXUrYZDWTwETYbhngm`FQvnRNwcxlZWtNtbHPysbZIpALYYwGXJU`]cNeCe]qFfuaLG_A`_iuygIGmGo_grTPBTkQU^MTWkU^v[zStwat\\[bq[GrwpxJORe&quot;,173)" fullname="Open_Lab_03._10.Tests.GetNumberOfCharsInStringTestRandom('_',&quot;An^EreAeioypUexNVgXj_IIBtVkxTfEywaHAqRRVt`YaXEIUkiVdjAXre]K]tCRDjzsn]wWEUCqykbdoNWNfP\\PwJQWUGp\\rNVqYMUrnRQOgJYHCsVO]ognOjwdLaBx`bzlUlLcs`ZTyMdmkIT]kayCbbbiQkfMQTiFKhmRgnWxUSoCGJsDN`MzcwJnK]SHtNDf^^cDWBpxKAhPn_cGrczlGj]N^zHK\\OEHOI`capgLjPpcPuzfuLPQOS`oAU`Xuf]vw`Aezz`CwnBrtuydz\\PPyntwdkbMPPREntfjtVfufNU\\QhuGWwXYVMwJgEAPXTng\\xDzPOkeqVdlYYfvp\\pTstiaw]DpUW^S[izTeuqIMncAcLkNYEZv_ZocO]DmLuPZrRRkYSRvegHERiyllpXQxbnAtXEHrDxR_IIRuzpGn_QrSkRa_RBV^z]P^RqBNJDajpaI`gqmAQ]YRwhJF_d`Cbn`ftndInsd[jH]KIAs\\OVM]Dybdhvia^_HBA^gtNdNYtyboKzx_lEoMbDbvLz\\rJCwLz[JeTyNfHocFWnYhyKpZjv[xwlhNHVOqBVojqSKmrIEm[\\_YbnszN^\\EALicRz^m`mEAzirgzDbbqi^[NPgU^Pc^ujjeec[reSMhX^YswMzKvuORiOUCTJOQJaGPzNCWckw^\\pCjqoXQQYcz\\YvVNY_\\Dw^rWIsiKcbLykqsLfL_lyzlyHobRgJKL\\[_SKSiviGhrWBlcDKcMzjFxmtPURX_ZWz^PR`BS^dCsRtbFDzO]axMlVbaRDTdRcO[X_\\Q^IQjWgMfsRKRSJBsYnlujzjPJzlQDZKbbikTPOpFIwiztCQHaVBdnab^ZB`XuwcYHdjeYicKygmnRkWGidjhXaoAHMuOiXKLTPrQTgirmrfGonMifYiRMvBapi]MoU\\a]bZCsGnBusu`uhMTALdQjsyYNQ[eJ]DYWFeNUKp`ehWUA]gH\\JLckLrdcAocfJrYo\\JpDzyqWEfB]eXleTIAR\\hLOAeUVNu\\pxa`SqE]KVLgapGycCxRArHSnyaCVe[IJJM_DsYnOgpvPAeZuglTPc\\xqNlUPCG`vC^WcbujdJCTBLDmTHHitGtbiOhqHD^M`QAM^NqSlBjG`HwfKyBIuYfoJviTtDcafqnlKqPFQpwrXmBaSCgJCVRHeMDc`]YiZJ[iTK\\TjwrF\\oWXuIArWZ^P`fGymhanWOYORSMHbSZG_MgqqghW]aRAfKJhE]aCWDiMVIFbvsQEzXlSzQIGzJRqxYcGJ_DElXk[^[[haG\\dQNAOZqinU[CMlsPx`yYWpMSbhRo`p[asii`jXUhSqPjRU^ifK^IbiEnEuYaHBJyutJ_DS``LRFa`]AMJcJUSRyKdv\\oyn`QgRpXKyfTexxQc^NbuMX`spfcvzvHqlaXlotOhdBLxpjUUhcFhtumWAYrfM\\LD^]tX``nezuQKLbDFROOWp[xqnBkWCc\\HqHZSpxoHo\\hzdcKYVlUyNoNC`Dd_pXbXZJUDIkPUZGcTnxMLqRAQO]tBtWmmTPSWuQa[OGQf]A_GMuPcqXi_WQIwQTJmx^AJoLZ]XmxjAVoNymozGKvvbozdHeKvw_hyAVSA[mKE[z^B\\vx^_KfmbEcAMqVncCm]hpNd[n`TAr[cQyHMggWmsvXvnSoeXX\\YMATfhUDkeRmjdzjNiJHvfzemYSqHyuwcVCVQe\\_RcfHbIhRncbwOQanNWaNV_vljUKUbeZcMepSzrDekAC`XyiSpOIuENJmhuYMyTkIJyjd[NnVTw^V\\WTkgr_S]`_y\\CfFZqfWPuVZPErc[maHkoRRah`GoXge[lIYbiw]RHFbAu\\bAwsjyXOglU`mR_brOlz_wZAmqEqcijQfLxFs`wgD]\\gNJJLm`NTOvxfbvFttafyBDtaTZjSRFvB[mncgtDD\\WBjOS_wZCm]r^eJPdrTqvBJzvKoI^NA]c^fBKSAumsPSZJxHdTDBkM`VsjSHjnwpmzPAzIFQqYEDlralNg`JJymVxPJ[ztLzv[a[uwI[OmLSI]dBJbtCNnfnNtCjzeRxNFHRQFrQ_FvXnZN\\fIQYzIlIomMAuY\\d[NFDUSkDjd^IrNAngbErTtxETy]_tqWGdRw`UKGTXMiWecRbmYUSUdPbPAjVpMKtMX_`Q[Z\\\\kZGKbZlhvm[\\EmzBVPT\\k^LCpKNDlQRztqdKIXibxiu[kXIf`^vKFAlNOEVXMhwf[[cNIpsxbl^CclSXCb_NUGttFVwEBRVPlPzPpu]jfxdU]je]mxVeJjQUbjHntowQWNQTmCbHEocW^`WWlZSDvkGByfiGmjqqBSxPYQkkWN`UHuqBTlBZ]sUfHPUHT\\UVylUKcHy[jbhiKluEohmBhWUJyRIJvdWutKWW`gZMnbkuKg[VVQSgiShbWKMQyo_GLnpAV_`INaOGg[zRrmofQjLa^ozUZJNyDdiWr[AqlKYIEbuwLuZMAsp]cP^a_KiETPCClc[WmxuGQD\\vuCJ_kAxKoMobwZSb\\Uoo_rLc[C[DyjL`nbf]AKUSSsO`osZSfTevOgWCqaEhauLEAOoVopaQz\\]gcgnbcHYfFPQGLcf[GgmYgJ`aEE_pnTwmKkZKn]EY\\azkxhKLKGKTjEzYGN]_ddslT_w[I[hdbTwFKocWuSfhJcDFkBD`AaosiOWZkjCjYblVHtOSfFdRxLck[qjHWHdA_DXwYIgLQwOcrhxqmluux^v^gfztzuSRxkrD]St]ZYABxztmtsVeNjDAIuPmJmLWdweHqtU[rY[`^t`gmMAG_hDOgqubCHShMeXAVmwz_vnpO_^PUdAxlErwsV[AymXkFmSs\\`QAQBcduOAISfNYGVwIn\\HzRvAl^Cj\\LenpTAhk]NBeVRiT`yekqKFAXQiUAqFs__whsXFFhLf`[^dANhL`XzfB_mXCSSjfIJFrUA[It_Ce_aaugiHSea[`tvJFADnV]zWQXmfMNDgtwA^xM]VdKWBciayZrUIpkhI_KP^uCuFaubcsXLs^iKKFyobroLVsvqIPrynwz[bPQ[iHxFBg]fGa]DaVhfGq`NfDZTBZXw^Nduo_G[tiKjWQjbnoYYPUUkkCpeieDcP`HsxbOCONmXgqrUTr`NAygItsKli\\mOebZqIqeL`WJCbwDuK[RqEqcQtyyEW]Tn[^nFWBL]MThdpebxpQbNKvJnyJwJs`pDDWbDIy^JPodkJy\\OXBPGvFc_UzGMECeh_daYD^oqmXyVRYeAiilqQiIxnCjJrRENKwLaXCKuMYT^HNNvVG_WQnXq\\dfAnfz\\TlKVMEcf^rerUeqapookmixX`VEoWKGbZsJVCsiQ_ssYI`\\qmFLyqOifonprznPTkDY][[^xG^Mtp_OztNCRyHkKJ_bOCqRld_hFHzVSbOsSBoqP`pxllxUcTNSwsOuPM\\QQrJsurjjkPXIUhSjNt`zfKEmtgYZTTcGa_`YVxDuBNeTvEyOa_hWg\\eGmXyNYPWWgQcqItTPqfyY`lqpiJtogM[EtYfyyp\\lqNge]IGgKX`B^MaBaJ`OWcj[q^wjOVQAKMbRELSaDMdOgZbhreXpQMUO_MnyLWYpG`qQfOwVqyLJy[nXwOsex\\kysSnsXUUhonIHcRCchCzRBKPDYWCx_nsfosYS\\Ex]e^VKSfpeMPwu\\YxhCkZBRXJAv]SktkHdF^h^pFknaXkPryKVvkPkevKMUUPqSFl]HToylZrxAg[tguJxSwoI[XzJS[I[pt[\\gOH_JLe\\tSkx[Qa[LR_VQdBjTefQRWHGMzNXmfoGSTPIhBjCuiP^VELCMYK_aTJ]Kel\\CIia^YDwUtCSvdVcHdkHnKLU[PayJmxDPNzmAjAxBOiTVrcxxaUatehrwUFOsEmbvzDiddcXdnG`\\rycgdAcYXJf`HpgemFw\\HXWouTUyxxF^IVFV]bOEKJ_pXI\\nwnriJDU[bnlPge\\ZEHXlkQHKqsRysaXmsaBJGWTFBenipzY`iElQkjCgggsRlVbAWzXFdRThnSkG]YVq[mQnpGBI_V][_CTfCmSqcSwWlD^YzwJOQCryFoLQxOaOptJkyEDkG_OHquCmddJbLOJ]KUaObCtTlibrumZvsZIlnkILlYhTFzCakgad^pIDfuVISKrqJOimGXi[MV]IU`OmfAHNMqXDREGtUAsaaqJrRQZSyFXITzjFgc]RDdeTrf\\CQpGL]vc_WW\\VboPHYOkRVBMl_a^xMqAfpWBJyMfXXKjPHGkOU^ucuJhPcUgwXeS`WpaKmGIMcSuKRweYpOcivXlfjmae`jzmsJtS`a\\NUiAbP^xfkOGJCdeyEv\\A`_gtTHSICRsPmUUMXJVMoutQcqkO`vOeE\\iqCGOHKpcYWrWhPXbu`PMeeWR]XDcHDNKRg^KQuNByR[tk[CzIUTFpODLgpmkHM\\VJgEAlNQARNNTK]aBUE[njIUCdS_\\I^umqFkEWBOvDTnbBkBKOkVDlhfBRBXZiornT\\]Fl]fTp`jWUnBtQUNXIrAJZjmUepMP\\AOaNwYlFCNMxOg_z^IUaZf]\\SfBkQjATZuU`\\fUv\\SGdnLKCNVGhsjCUlFuQXBoSMs^USz_snYFG`shH[y]vcT\\ksznWkD_Z_nXuhqkOqOtZevpsYnqY`tksXn\\TLIHjtfcm\\mZeONEU[BGxKvxxNGufC_]uUXChGJ`zSCWfTMKRoVYWg^IQKJ]nkxjxP`PrKXNQ\\HfH`SeBvcqhFGNqOm^xhlOUTZWnxSGXHIu_sAks`\\sHHBrIRYcYtQcjtQoGvqEc]Z`xLjyNBeYMtGNRbO]_ki^r`KfbMexiWPfh]uxcZUWPsWqmD^_hU`snwiXADWBWhjpe\\`pgQtEVSNzIUt_jGQTrWrln^w`DTzcIaLR^hsW\\[^\\ijOfKsRQWWyOdoBIUUBBSfqcJbABNtsXtWDEOQULBiLmcxhjfkCGY\\JCsg]crQD^^aVNlxtDzqAdZEzLtRV^rlyXMALcolUlfiOCc[yhqyHc\\`cnhQi`uaflcxAkmRPN]OylqwdZThgseWwgXXu^DoqEC]ZeZNv_jtGMbrxkgPMMtmHMATTUWlKhYtiT]yzGmIIlQkF`ZKqnceLPVNeFtaHyiYoiIeNiPF[ldWvQOnuMuWFnhZxOUuMLAKCrwWXpwI_]JZfySUrGfuDRSAAjgyTVsOlZTEUsWFQmscdNnzwACG`FHl`vVhIxpJdviMfNzyjaeQZjWmwhCTSmjfRc_Y]iwTxizi`aTiAEWz\\qRp_cl\\v\\rrLDvCjb\\BdRTkkiNVTTSOVkK[Qjtux\\X\\rH^\\eQzZcVVK]bEqUVHcJd\\\\s\\mzhbEHtstdLlkCTtfAUAxjfD`bUpROgBcJ_AlAQOQei\\fdeEOPx\\Gs^CUdC]nDaewJIb_SHfjGjTBJXwxPaCRKvkg\\gHxo\\NDD_][DawHSlAJKBKLG`^^_TmNYuCgzhvf]Qyfv\\ujeuzZua][\\vrPxj_jmOBI_PIeqVguD`QeeoseUTTrYbLDpfhmlOsh[lLVlUc`ucXvfMeJrtVZvJjwDEoLiuIohdKtd^sAknxqKQYdB_vstZlQBORh`Xrz[cOCClaTAUiHMtlnfLJKzPvNrtrUML[TwxWbBVaQxbs_ldEI]^BTNhAKhAKItMHptUKO^KmQftMXXW]NpjriJHGPwLuALXWlZCeWYpfSlliT[dnQ_wTJUYfmNvRRPlEN][xUlFoAE_xXYnoTYe]OENWBWsI^^TDzg[qzfY_ZISEq[OT[GxsfOqJPEwxtwR]k\\xkyxoizFDGlIaaI_iX`\\XkqQavi\\f]qqTU]^V^RPsaLkYG^VoUOuxPDMuhWtz_ZaPvoMDeJKFQcr`FsZYSgQOwsEQPdhHYPUGe\\^SQSKLDohhMhopw[grISSCkvnB]DgANkueVHHA]FKILWEcprKyc^xRJ[bV_JiAHg[\\nK[oSgUDIKqTrLLesiXjnc\\uam]TXJA`wcpeXWfwIuJzeN^SxDIZOkiKjaO`JBfyJRXPWbN\\C\\bsZ]PTPJWTBaQMtevqIGmHOKpTqOwWqgWnIplMQvQAfSxdAKVlfWTwi[dOhw]BMz^VJ^DEtiaMpm\\wNLSfsKlZS[EiM]`TYOnfocZ]HRrwqGGwyhA\\erIBOECjZVrWJMoayqHfmp_bTocLTHj`\\EjaGlWk`jDlZ[ndR`xI`VioTaiZ\\qVRfSuE^O[NZXFCmmIsBztnKbzGVvM`CwPjTmGG`iGDFkjIPgBbYqY]wcGEToicBuK]IWiAgBSTsqi[srqjtfGM_mmlfCnlz_CK`MAtxAvX_FdGtgL\\xziVoyxVdxVdOaTUo_ufrwmskjiZJgsyqRnApgVaPeQzfRJxmOSVlaeBMpfFQ_LxEXnwnS`IITWMgmNY`lguU^MPgmoAAQQkZTvO_MJZjJNXKYUZbM``rQcbK^PA^_HrDfnTrzuTbMLKPoFOYUYnllsIkTDAwJwKCVU_fAbcSMyeFYRVYBcIGUGRnec_vtWYQBIuZacXnp[_nNCSBicuanDhPClAYDhYpaTEPXvsZLVRtb_acQ^NR\\r^x[fWpbzjIBiNtyDdmk\\VXmoh_KYH`[HUiqHom_CrMgJrsRgdNt[bz]GLgxseJrJiuU_DrOrNheIldwpM_ougzaULjvIpgYhV][x_mdmzCNuVTVbkIfFUw^iUzSTvFBbOwnOIzR[vCvdmgzrUUYhASTYyld_ZQrtAffYaGZlrLKSAtwiA\\ybhUbvdUQWVmAfKCdGAaROuhqoHAXFpv_yRQLfEjpLpCVEL`HyQqhZJjgA_nncxLb[OBTuqxCQkFYsRlcctZoyNEoceLHRvNOe[vqKMNHSnWiEQnimKLi^WcMJMlQfqlV^qoXWvYWfR]LrVkRq]UGk_kOsigx[x]\\BBLN]WRrlpDMtXVn]ZZI]efyF``hO\\vipAKpK]o[L]Vu\\_V\\Ts[A^TyWWMHxqedQtUWsM`dzezxAPk^bKEUVAuL\\CnZxVrdatEAHH]OnP\\V_WyGfjammPNQzJvqZGfenVWGKjVZhqaG__hEDgnNoFrQfoByMfogdqcIArvwUHEvjHl[\\rnmTYqi_F\\WhXMCBt]iv_ELkqtgAvb_Db]VsCSLAueuW`OwuCupeD_xmbB^_Jhc_wSGvrJzbRhBuJpLcwmxBmtAC_cRApgrMBWZNHBCsvOTV^DclqubWkblDREWPsyleposnVy[vjEG^`e_\\z`JuE[][eWvDfnAw]i`jKpWs[ghg\\O^h`uPTpqaVRYIzCXQwEKArFpRKIR[YnqzWtO^k^gHfIKXmhXpCWkbRNfbjdFK^WIb\\ZmFot`YXCUjuX_^l\\XBCOhJNgnHY\\dPzcwTvRAJqSKOswhSEcYCzG_MldsIFXAvZFjR[Lb[\\NLkEZQQy\\DpDbQsEkbSYsEZSOonMVrsAyalvoISSbJeUKsspqNkePBcJmYpe^EddLpEA`xQbPzri[EHWwxVIHOkwybJVShp^aAIUnsPtxIUQKujhQYi`i[\\wEICxouPcKTHZwncEh]Lzt[lDr]FtyPoG_LPfpSFCtmGqnQl^qerMP]DeWzFRpVdu_Buk^xOVXIGHUvPblcDUXcqCIeOqMnN_ILRmVAzsW\\oHWvQ\\j_aNRP]wKrbsjXJduczId^LkcLxwnigNTnGhMAMsiVb^ZGJySLMowIsMTqeFRaI\\LT_vQ\\XuVG[NvhQ\\Czdc]rRLuuUWVGaHNFRFbNiqnSZpheRf`IDSx`zUCSBWGB_OaSzpVLtoRmpJY]_QdjqNDNKiGxCPMRjmoKOUf\\PUPOBKjqvaolnXKRLSIRjXIeczCCUONJfHZ]yoLzyPC][\\_Sb^zvLTmrLegCHg\\hSeGgyiTXHISZVfJH[k\\rORxRUbQTIJsRoUJqVsTsKcoDBT]a[_bXLdYBgoRXYzPyQBfB]TmcWchg]uQBFktdb\\GKvIJabw[KTqmAh[EGmzAcwl_m_PRiGfWpu[FTKMB[I]TgHQTegmrb\\^NKeXBRelEhZxFMVkw`y`ZZXreOvhCTopUWNuinKjpWYgMKKHOvqRcvEnmmmmVxjltediz[BIVOkCBlf[DoYG]^MYSZIwAXUrhgnca\\HothvULBmAGSia`dPVXKWaSFIxtsVVyDtcheMobsNQgHphioSDXXKWFb]o`y[SgXCDYGtuW[o_wFtKP[OF`Rxas^]FIYPcYuePFlPcvXhxcfZzhR`EkUnUZ\\KuenmyLLGB\\dE^LgKHeAxMD]YqtKsDHPqdbUxHfilX`Y_ENBtDKfkZ_xrHVwFBTDtLn\\wqiC]vOahfyTdrQot\\`WFd^qmidkD]_SQlECVHJpKxQLJBTNk_JYgWWTTsQnR_^LHgDrnOZmSjMHSShlVVz_SFfuUlj]rW^f[ED]y\\[]FXFxJPABL_Xw`ytBBI]B_wuwMbgOOKnuu^ZuzikFkiRSybG]KB\\pyZxI]JkcclmAl^BB_yBSYWRqfcxf[KDMixv\\`RXqxH^ywQa\\`EyMzIXbHH]uLFIXi`Sob`]MbLVQtStUB]FVMrNaaUTXo]eszGQWymtzcleonGipNHtizmLqSmNMLEXEa^RmB^WOdFn[MYmZg_JgdvsNuZEM`go_TaNQpvnkleFtyketznahuk\\eeDscYKjwRPHgK]ekkZvyqyOKpKMlFGdcFcflDLRbvIcjdxi^Jqx\\p]ofphnOxyqLf_bbqsh`HUDhW_br\\jbPJHncozwVYDdwRXDEWHgQIYU\\ZGPQGvmNXbC_lynqwRHDkGWz\\]\\UDQGlnSJikfP^QW`kU`TXTpUrQQkSkPpdZYKG\\RkZpEGRCenUagevIEANwP[^bqy\\qfDsMYPDpubPjCog^WlEft[UXwKLqMryGe\\XauHIWaGO]l_t[nALEuqwKj\\QODNcDdIEbXGcOdhEnMrfXQkDMgtMo_MqZrtTT_LtdZRDgXx\\NlIxrpsySJWWjwPCKPJWkTkPByCyyhXoiYzDWOzezvAKHoKgJOsWOaktAtwtmuzfmciQxMgwQ`XpTaHMnWokpA`IiFC]SGrFvVY`GtjwcwFjJva[mkFVFPplC`crKKeKhStxIbGuhrHtupyn`bjbA\\zg`g^aRrmXRvCrBcSLeLiOHwqMaoSd[CJLSNX\\D`cpFkbznHlwP_xpmk`dpQA]_JxPlq_oLqHEctJXUrYZDWTwETYbhngm`FQvnRNwcxlZWtNtbHPysbZIpALYYwGXJU`]cNeCe]qFfuaLG_A`_iuygIGmGo_grTPBTkQU^MTWkU^v[zStwat\\[bq[GrwpxJORe&quot;,173)" methodname="GetNumberOfCharsInStringTestRandom" classname="Open_Lab_03._10.Tests" runstate="Runnable" seed="1034688925" result="Passed" start-time="2021-10-19 19:34:08Z" end-time="2021-10-19 19:34:08Z" duration="0.000638" asserts="1" />
            <test-case id="1006" name="GetNumberOfCharsInStringTestRandom('o',&quot;VNfCSU_NSeKSG]ejQ[obluqNfQ_YaFMRvHwfQ_aHvU_pw`pST[xqqxG\\XYWBpGgMYtWzayZmtgfXVARG[MEGIV[yB[OrH`RphRXCJqlUALwJSiFWHQbdB`ECYYxFkbeUVpjDdOxe[jGwZRfTUrkryioINVeksfeZbco]yCnsSwJRZHdHmelsrmWgBbpOeMmoFgVq]IUSEr`B`]iGl]yNulcoLH\\WM`OGJUMmmmedPYozNUH`sj]HO_tTEafUhyG_dYsKPwTysUy]xcbqAw^]CGsf[thLGPwRSPWo]xPwV^PtaXV]ypUk[d]]aNjWOIscYgKiMnTDgbG_ryED^LMRuLrintNPNtiNfg[tMhPL\\REs^xfcIfsCvahNp]uSaDpnsttK_LqpvBpdGyLpOfHbAfSEzMDknwfX]QAdE[DwoCGtkEHqREEuwNmMaoLSHGCzWXHqyblnbKmx`YTuFMZisk\\O^nCPPloizH^TxQsjSQSl\\ohI[QMvgUGfwsSL_]_qWEyXvAxoUjVbXjniFupz_tBfArWEyhLql]VWqQMZSYbwz`OMFdFdg`S]CSWEetpg__pvUWsohVgFSFf\\cKyVbcJMKsU_tIpZcuY[jTrjlRvRtMKxgv\\Zu[FvUdk]BUv`aM^YgLlPSPeQgsTxhWryhV`Ho]FFcVhXWWlgjmR\\JLHeqpP]Qnpf]xrKhVdJFggxbMuPHhOuFVo\\OuRzNdpp`CuY_ayTJHW^_JDdvzUd_u`HIVwnEev\\qrX`S\\kbivlxyRxErhDNOMRf^mQJdLP`Lvhhm_R[OnudJbJrYsvWaiMdamCaKbx]fMlCdPRTWdy\\Ri]vcYklPsy^jDHA\\lPhpYxxpGNIacAxjkSrPGxlrMMnNOTaIRreTRftl`F]LbKgrBoylPkVo^qdLKjbnhAOlVdXFZGkA[aPB`vL[Vpta\\qq\\Bhbp_j^bvv]YWsSIAUTwacfO^HXrGiQ_mwDl`u]lCiFeZnD]^laH^tvZBSRXRf[Nexf[pacFsbts]BpkDuUVHIBtBdkNcFZWNrz\\HdhwI\\PwzDxA]bTXRFG]wmZLqV]mH]eeBTcZNYNgtEtxgjkBlCFHl^`VK]Gmy]o^YSzIyuJss[crt\\_Ge\\BEW]t^oNOkS[hWQV`TkbCrtNPQui\\jxzI]\\kGvZ\\UlfZaYmLb^vKVCZKLJNccGl_nSRLvaPeuPNQLZgr_iGyomeFCR_whqsOzGfNGbQBNQQFpIyl]WDuznkAhMIeBSxDXzREoZkxYFk_]_QuSm[RmyOLWe`uYfzuTMipruxDfG\\tDM_JvOSOsfRYkFhJtq`nGpKPp[CYpWfg^VIKFWyJTlChvQEmMoKpbinNBPT[MuZ\\AevVw^D]rVZUn]U`WQLBMpFpbvIqD^xZRahQUjpikhxMOY[_unEviYPK`GnBVMZTXADMpDLh[]Q_rsaJ[dwPZCktQ]lNvnT^OdpOVOjqcX[LHkSg`eblQJuUPJvTRxlhImQNDSnMuFhBb_maJFhRMcNEj[yMSV_efnDV[FcNqUqK]snkXVJMPZ[a_L_dTbu`aDVo\\XFE][\\rlCcqhNowLSUMS]qOaztO[ReY^yPAQFjpyco]divGmxTNiJ\\yaq^^aNW[YJTiyogGd`OkiUfrEn\\^yWkT^QZZbMOkMUDZVMHyQNeIvlQMLfZnlt]BYzKiVM_WR^^UQL]rf^MklcXmAMOvm[ySsBBVBZcDiNqYNvwzJcIOglQqbYhIycer_K]OKHpLuIC^lz`EQOmKSkgHlLndl[FFdzuCZhpCmwU_imEcsdsjqZ`n_V]zTLZ[DwumE^fcZkXVVIYzGKkIbVPKZG^ELpib]u\\msR_VyQPFBJYWx^sI\\QshgjSyzaWeBqs\\gfGpgUKQGJIPiGHhx`GLBnGIy`WXtfELRwjRWD\\GGca]bCPtZjg\\kg[s`yqHynW[FwylWpQuEzFYNdavP]xKyc[e]qmYMUHSLGXeE_]dYmXkbBfwXvr]qM\\]]UO`DrijsnNHLvrlATlMLjD\\LpBQ^f]zeuIjPwaaEirnn_k\\EF\\]\\PRmRmUNqXLNRO]RnI\\DnKH]sPhgF`MYJz^UcWX]cSkg]e]`BYiwdYjQIouBFiIRLnERkIiXkz\\[[[ANnIegrQolQMMo]WXtKY\\j`KptkRMewOqhogOwD\\[uyTB^wuuTbbQBzRicTlwaEKoBW_zpH\\pjybkMIRwqWsDUypi^yfdS`tqo_AHXuFMGlaCXa\\[BpFKMHZCaq]r]r^KEkwiIJ_vQgwcXmQx]Lb^ZjdhExabYNjOOWygemRrQKtaKqfoa_URPAkUGOeKdx]DwiUAodSktjMPqD^NRmBtsYyNgdaVIHOThpd\\]eAwMeYan\\^DlWtrwdK^jHUKDwbm\\tbBZBlglEhOAY[KF]emNXXEfFmVQptPDgEtt]djfMFrvw^QhJFaSp_D]^VUPWWvLYLUTaRctuHBR`Ijc\\iHkSwOHBXVGP[OpKg^kJxGs]gXh]mxUgloiPKs\\xMSJv\\e[sLHtfyY_bPOf`afPZBZ^gaaznBnxexwACwpQeDiiTPHzwMvWaDjuCHoRfHFeK\\tdSNdckVeWSlJWZaDbFWWbOCyuI_f^yE^rW^hidTgLZTbQxYsED__oFRUQPi[MkGXNNSzvtVymkLIv[iwkfbZZajlEJXYus[\\SvUCfYwKialDuJYpblkaIhxh_aum]wDuQkpAGfRRjWktpfrukbrIItSfxh_E^Khm]rnKUYjv[YrlwDssizCvEvmWXKCZHNn`jyXxrhaRsvijCajtpfV^HmhaFXmJWQoMeRCxguABZkCJNCTr\\Ie]rQXwQqs[vXucH\\Ek^lNueUEXk_TCDviOfSVUuGgqBaFBp[BlxdTkvjr]LAMm^pXAjgwpGkqWEWtEPCbP]bF[bxSw[sItuuTLJFSJ^MfNmwf_pnNIZwPvkxZlTzVObx]JDhvJkYlQvrheRoHgez[yeX\\Lgap_rXfp[\\\\IsEYBKzztPoZ`sieb]_`fMj^JcNZ_MsJqSynabYnfXcwrHPgInDSwwpwJaOYxa\\gXfdNtuEAEktNengCTbQlI`Nt]CezSAqFwv_L^CmOiDOLDcRWtMEWQj_rXjkqPEhDunRjO[_RoBCFRCqukOGGv[pMWgonRwyeVKRPQcHYhnbOhZaVtpFByaIZyESbglzrDXjGladIGhZHsb`xFZu]qwgpCrQLQ`mwojKPj[dSMxuQGAbX`U]Nq^BGluDtQXrav^TIWPOfpbPtCViCQtgwD_FRiE_pWkCoFTVdhYAQGqYPNIEVMBdWlv]WYB[SlYOF_\\nizEUstVpNGpEaAIcVGgDKqzKfxh`hcTkmUVVHgl]VGPPcxuScqsysYdrAuiuLqIenFRLem\\iVJhEajciDVwrjUrTl_VNyqQ`xf\\^fihpVKcik`QQRArquQuYNx[GXNk`sIGvOECUhG]`mJdMNEvxz[ehkDPhObYH[DpcZVCNy]IooVgEUOsTSn`Y^ZKKpUFFiUEjTAmsBiy]SqsVWKTAiEph^XFAKrXeWCF[RwlU\\ARdoDGgapneBFXd`XMvvmiJQUGPkYD[Zy`inLs[RYZUDncRf]utkqZiSHS[wqwIlTKC`iqU`md]TTG^lpdO^Kjd`rWfsY^\\]Qckc`lxgaUyMwUzBpiHNhebdb^iSK\\GOIACkVvMDgcxqlWc]XdDjVNofBGABCe\\ENjEwSOfu]DbFhlsLvMvaYWsuLWiPuKBBGscBRfKIyINRgjyQNpFqjugqrKlvaWARC`ypIrtQCncPJaN]YXBEELSMLlKHuOcbIvPGkJIWwpnwRWhQwO]IUvNrNmdWglVnKBGNRHlOPeIOXVuoEtLflZMNiXsyalkK[zlQQ[yo^Oskmz[rroSmakBlot`uOmi^uyoXed_dvWH^a][jxBGmYxekyA]WuEak`UpoKCNNPirJc_KRYqxNfwFxUDZeHIjqqWxLhg_unt]jF[I[qKyEHTFdPr[GddGHzBTLayemRCZmZVstvzowJej^RUwpMXRKmVkDHwuraLnEtSKuzaLeoJxVSqtLBoaulPADeomyFwVxredzKBqfMhVcYVlQDiqmfsTeSGPKnM_soz^hMtBzyuiEtXfPD\\vWGdSyRyhEmgrzI]oYrDEJhqolKOku[zGSRImKh`WNMxNSCiwWcMYzXljPpanCOmdm``iAjdlRhqxkc]i]STSNaGu`Y]VGlTzZT[m^zvhy\\HSbozhTsRku[VLYeJbNOe`Tq^WHjL]WgTmZoTlZpCO[dFzyOTsqUZkrbykQc`dgpTNGdmeRYHXMWFkl_XtVSfCNduspc[qPYbeQrsV]jbYMB_[\\OzmLgNUKQA^iupixRIno\\ZugCWglMpLE[WadifdKN[zqUgcut[vtkfAoFGIPbdx[pYO^OEPf`dbA[DRVomsluRUoWl_c]Tdd^_BvYEfoLPUHDzUBon\\olLa^EZH]ahJLzy^vCWwjGDaexMkWW]nisosRx^qyxIN^GIHF]ZzYqlhhfw`sjlFDt[TLFMx_`xmypC^oEetx^VsGGLfBxyPMCKdgowAP\\[stzjrcYknFrI`_cNEtavaai`vfYrAIde\\C]yGWUCcMLJVueFEbrHiatSK[oLJbkf\\Mh^BdGh`_SUU_KBATmYQ]vvJKogcIsB\\aiINHE\\[KcKN`xfPmKqoSVzRlUro[EWfRsoqBotORyFukidMIWqxCMJLiq\\nNgAFL`vgIpOyRb]UPEbDkegDOZdEjdHKSGBfxAiLmwDTIrg[jpvdPYCdAwqmwrx`hDfKarWOWVQnaSvXnIUth^vuEYeBKwOuy_fFL\\tsZhNtHOChAZzn^ErKHlGINUEZHWpCgqLRP][APBnpVwAkw\\Xug\\x[UlfEcnmlZAAKNh_AdruGyQmQUT^fyuVLslw^rWX]PBWVwp^PxXQpbr\\DzVkPQHm_fpR\\kAJNZYrwuXT_pNhbe`eBPt_]fILHOskG_B_xNCWIA`JcBMZCZLtFLQMr\\hcRMjhCgNzojkTbJ\\Bkjw\\ZiIiDyfvNpg\\`[FvQrHvoMfTirSvjO\\H`MIcEAeDBRlyCPnGE`kscBhMDpzLfjLzT_vTS]rQNDt][gQZDMrK_c`_`v_PBZYSFmf_T[obi[f`HKmX_aHZsB\\lzXnWycOoebXhAlFdXP]DwzXVJGk\\RyZDRt`wgYdGLru`nEWm[^Cc`XozzYMrrn]gHTWHMIwzfWrFFrbEjxAowq_tF`wNLlOYVOXZiP`RaCxJ`jtHrIHtmijRp]ChMjnuHZjr[IW[XjNttUTVfoWDdUfh_GeLNsFrOCBGzChjmh\\D[pX[JgBXSkQmoCSU^KM`dVfrSNWcHhQwtbMiiKBbri__mPSwkTLb[wZEKaHvPYQfZUtMqdfTIfivrGEDvZsn\\j\\wIH_ICGRYYtEYWFGGisYoO_ND\\DAq`]JjswDiF^QCUP^yCghpSmFdRgieu[gyF[svjU`ZBYALbV[yAOBpWL_nWaYLNZneqSxtWbPiGNntluCwMjdfZrcuwF`JvULceWUPXabYzSiIXeC]_]z_pILzkDxRCFmmCLPV`m_fHKfGIZ^SDCfZUhm]KV`UdQWuawGLVgwlxTWf^EqQ`fOz[SXUZmKKNJBrolaMTRwWGt\\BRGzG`OoyBWZN_mlc]m^oR_ql_dxOistaqWCSnEezUDpXSSib`UuTWhjnQNbvRaPJ^sWIjZoYH_ZOiZZLvWiUyaKJgPCa]jionguZv`rG`\\LsN\\EqnWAurvLwiN\\ZWOvYqf[C_AQV_bp]USvLLLmGjnwr[xlhDYkQamCcABSnFeVQGjbVSQNK]pjCjccaPcSGr_wcQSKJtyAEXglkWVVnK`okDztYZl_^SPYcnzFzGDR^peeCrrKtN`vSjL_QZlkHZ]mHNJxWPVgGNRuYVqbbbeQnUGtb\\paUTKDSr]oiuoersoEYQGvcKI`oMznHPVv[oRnDNcasCthnAYu`B\\QUtyJKeOGsihY_tJDaBAKi`DaR\\mnoEOFoEabpIcYy\\iJV\\JtrUT^BQcpqYsjr[Sn[bdZTcNYZbLMrtKqRswZllE_]kkWPtb^JuinrjaOGvEZEVxwNBXz_tCj]ExcrqI`AiDwKXycRhSpgfZGmnJO]bzQszRnmyXQm_YWSBmqCohqaMCqfqpEhuDZimELFLqTQCCINColBSLhuIjfw\\HvJScs[zi`xblryU`_JuccCDCUiW_`CYOdDuJxZKhOUOo[bTiadL\\Bs`tFPNJE[I]_SHnEKcEzNTOoPcnViywrwMl_AEiMBcoLlPH[`dVAG]o_RFph[oW]MfbFWPDGtsye`CCA[TpEcvk[YMMvOBlMMRzGhCDQ`PGO_JzOCpMGzRuQuHhJCIssGlYNDwSYP_`So]wONxsYofNvXiM`UuNXXOImllLG^nr[mb]XLYwFP[E\\^^qUkmEVRHvaUJ^\\lmuBnnIqMoUvxHHwJgOOurWkj]IefvDCv\\T]`ChkUAIvYIYJzyWhuPbuWJSRf_KQlSz]ofXHz_tui[SaEyeg_VHgtYGVkWFpprKGJvVUbPiVVgLwrmMgu^lVKTcV`CWcZDErQMWIdPFPgmQNNJ_yJZvSGovpTzp`sGwRcUfeVECeY]jYCUIV^YYAImk]Qbpe[`Wapzfs^tcFWRteF^myq[B[hwJpdJUoPYKsFIcDjQreqTeqsGXmoqnz_wttppOU_opxGB_wviOacWdTSSx]mbzYeKTIOjOuB^FB^gkrc[rGbNXHSab^smbxpWTwhViL[T`FRcpgcFuSjsqXnMqiHlCPvIMGSnKMmffOiRqkkvumrPNwawI[`zEjRPKJWiTouiaENci]WGxMqPXguPaWfkhmbwwYHhTCcGsJjJjxNgEZCrsBr^OGHwIKBo]QgQUimvejWOxladJyfNjjDuadYNufxiIugYRxRVhGNJeda]`_mK_nEmMljkQ_BymiGCFHSMgQac]uQxCwhWsnJUqtM`NaFIFOWw]_XXLa^OM]QS\\miUqeFy`lMLvmyGKY]N^T[__PKSQuIUdtE\\slR[JYWlRM]ZbWDozCoHRJpa[niedsbBh^NZGBEFxjMRnlktqUUaFxJjvkAWkmHZe[lEJehxyiKbw^njConO^AwkT^^VBiVKbnhTzgjMgXcWncnYxRTvytwe_BkgHSvQTzAJq[jWEbcGX`xlkFXkUZLirCpyvDFU\\SCnbdb^bxqXRqMyEzvBuLvunRSnel[B\\NeF]JJG^uJWcoXBqqtwIDZQWIAQRnsp^pwDLG\\vpo^AC_RzuQwor^sYnUiTItpjBTtnsTpjVyHT`ZOsrAVArExzw^PrYHmwznyif^Ha\\MZsW`sUGq]H^osxVtqUExRNMLUm\\`MUto`efEdXfvlbfeYLuASlhn]^vLgKKGsadHOiOOSQQYiIMjbcmIr[M\\gGSCiZYYM`CKy^WjwgiC[OETRLeEYCOXUI\\HWM`tssMIGBlDMDMKmKAYByk^pUAKQfqpCOTkGpJcBwNPZasVpEeJHCFX\\CE_rBr\\KwBxj]ExAXWFk\\EO\\fUMAhhAIvOElfkzEmF^`ufTzhIkfAgAypCMhe[^OApnNzMVgWAyVajbzBMS_xUHONGvc_SZRbP_FrFA[nDOzieXG\\MfXIzQgh_ztRmIEbgoRK\\HvMskuGIadipHRhBJcysYTFHJAvKYCqGvzFjLPOWa_yWK\\fqW`^MSSDoqFikzvk_nctHMxqtTcStUjxhUEns_docwQtFa_Weo[dbc_dZjdtjAJZHIBVuIrzJoRKvDkSoMhFuFVFq[TJvkEbnqmx`J\\]w\\ZnQTiWyQE^TD`Bnv_[oiDZjjXFQnnfkLJYgco]mxLegbOjRlKdeBiOXADbwcFL^YnHuGULHBhq]YmI[hn`cJAi^vAg_MaJrAHNoGoKWz]dTrlyNvHOpacUYEezGigu\\_z]R`UTsdIdhXVfJCYdFRURXmoj]pEiSbHpsOghaoVLXygAjypDPDpJJhE_kerD`ZQFQ`nvVlCRvJtZFoA^zAZPmxfKJHxvwSfyhbkJLti_A^OAnfZweUE`ABTStcmNnHUd^vl_DrRFRuPOjfX^iARcOGxgNYPcH[ktJf^rtusmCyNFlFdOLO_nplVWyEQfbjxrKWEDI`eoI`aPtrvIoAWtwxDXQGtpdMKSAWvUA`GgekeQLF^GJIrbSEuMShnBfoLvUNP^waIPukPMSnMKdnf[Vdzw\\iCTlEBp_ivxqzJcAbgcpit_[dYrJkakOTBO_p_qiZhesPUdeC[nxWGmo^sHfJfoILi^yvELDqtVBPgLPpNGPmnrMOZAwWK`ns\\gaqfjxPkH]ll_qgspw``WYrRj\\DOhfUbInzfYK_IzCfU[^uJP^UdOTFOi`vNuBC\\IKckrB[fXW`Um^qLauyKQlSpilwsOQOyzKMQvKSOCjLsnl]LjkgzDsLWrmCGFbWHHbUcRaQWbkHa`[CwOkJ_dOuGypZIHMI\\SEkMXuuIZQYTlerXkFrUYs^sgNd]HIOVbgO\\jp`UqAFTqbVUyBXBUnC[bs`JQYBRBDlEWVhua^_XmJCFsO^FkNAndnurQWDYynSnpQycU^\\rPehXp[QCuwaoDx\\c\\qeJZGZyrPPbQvlMlI_yF]BpFB_CN_jrpVH^tRYJLiaaKjlyLUCuZ]^zooEYcXlT`Xlv&quot;,147)" fullname="Open_Lab_03._10.Tests.GetNumberOfCharsInStringTestRandom('o',&quot;VNfCSU_NSeKSG]ejQ[obluqNfQ_YaFMRvHwfQ_aHvU_pw`pST[xqqxG\\XYWBpGgMYtWzayZmtgfXVARG[MEGIV[yB[OrH`RphRXCJqlUALwJSiFWHQbdB`ECYYxFkbeUVpjDdOxe[jGwZRfTUrkryioINVeksfeZbco]yCnsSwJRZHdHmelsrmWgBbpOeMmoFgVq]IUSEr`B`]iGl]yNulcoLH\\WM`OGJUMmmmedPYozNUH`sj]HO_tTEafUhyG_dYsKPwTysUy]xcbqAw^]CGsf[thLGPwRSPWo]xPwV^PtaXV]ypUk[d]]aNjWOIscYgKiMnTDgbG_ryED^LMRuLrintNPNtiNfg[tMhPL\\REs^xfcIfsCvahNp]uSaDpnsttK_LqpvBpdGyLpOfHbAfSEzMDknwfX]QAdE[DwoCGtkEHqREEuwNmMaoLSHGCzWXHqyblnbKmx`YTuFMZisk\\O^nCPPloizH^TxQsjSQSl\\ohI[QMvgUGfwsSL_]_qWEyXvAxoUjVbXjniFupz_tBfArWEyhLql]VWqQMZSYbwz`OMFdFdg`S]CSWEetpg__pvUWsohVgFSFf\\cKyVbcJMKsU_tIpZcuY[jTrjlRvRtMKxgv\\Zu[FvUdk]BUv`aM^YgLlPSPeQgsTxhWryhV`Ho]FFcVhXWWlgjmR\\JLHeqpP]Qnpf]xrKhVdJFggxbMuPHhOuFVo\\OuRzNdpp`CuY_ayTJHW^_JDdvzUd_u`HIVwnEev\\qrX`S\\kbivlxyRxErhDNOMRf^mQJdLP`Lvhhm_R[OnudJbJrYsvWaiMdamCaKbx]fMlCdPRTWdy\\Ri]vcYklPsy^jDHA\\lPhpYxxpGNIacAxjkSrPGxlrMMnNOTaIRreTRftl`F]LbKgrBoylPkVo^qdLKjbnhAOlVdXFZGkA[aPB`vL[Vpta\\qq\\Bhbp_j^bvv]YWsSIAUTwacfO^HXrGiQ_mwDl`u]lCiFeZnD]^laH^tvZBSRXRf[Nexf[pacFsbts]BpkDuUVHIBtBdkNcFZWNrz\\HdhwI\\PwzDxA]bTXRFG]wmZLqV]mH]eeBTcZNYNgtEtxgjkBlCFHl^`VK]Gmy]o^YSzIyuJss[crt\\_Ge\\BEW]t^oNOkS[hWQV`TkbCrtNPQui\\jxzI]\\kGvZ\\UlfZaYmLb^vKVCZKLJNccGl_nSRLvaPeuPNQLZgr_iGyomeFCR_whqsOzGfNGbQBNQQFpIyl]WDuznkAhMIeBSxDXzREoZkxYFk_]_QuSm[RmyOLWe`uYfzuTMipruxDfG\\tDM_JvOSOsfRYkFhJtq`nGpKPp[CYpWfg^VIKFWyJTlChvQEmMoKpbinNBPT[MuZ\\AevVw^D]rVZUn]U`WQLBMpFpbvIqD^xZRahQUjpikhxMOY[_unEviYPK`GnBVMZTXADMpDLh[]Q_rsaJ[dwPZCktQ]lNvnT^OdpOVOjqcX[LHkSg`eblQJuUPJvTRxlhImQNDSnMuFhBb_maJFhRMcNEj[yMSV_efnDV[FcNqUqK]snkXVJMPZ[a_L_dTbu`aDVo\\XFE][\\rlCcqhNowLSUMS]qOaztO[ReY^yPAQFjpyco]divGmxTNiJ\\yaq^^aNW[YJTiyogGd`OkiUfrEn\\^yWkT^QZZbMOkMUDZVMHyQNeIvlQMLfZnlt]BYzKiVM_WR^^UQL]rf^MklcXmAMOvm[ySsBBVBZcDiNqYNvwzJcIOglQqbYhIycer_K]OKHpLuIC^lz`EQOmKSkgHlLndl[FFdzuCZhpCmwU_imEcsdsjqZ`n_V]zTLZ[DwumE^fcZkXVVIYzGKkIbVPKZG^ELpib]u\\msR_VyQPFBJYWx^sI\\QshgjSyzaWeBqs\\gfGpgUKQGJIPiGHhx`GLBnGIy`WXtfELRwjRWD\\GGca]bCPtZjg\\kg[s`yqHynW[FwylWpQuEzFYNdavP]xKyc[e]qmYMUHSLGXeE_]dYmXkbBfwXvr]qM\\]]UO`DrijsnNHLvrlATlMLjD\\LpBQ^f]zeuIjPwaaEirnn_k\\EF\\]\\PRmRmUNqXLNRO]RnI\\DnKH]sPhgF`MYJz^UcWX]cSkg]e]`BYiwdYjQIouBFiIRLnERkIiXkz\\[[[ANnIegrQolQMMo]WXtKY\\j`KptkRMewOqhogOwD\\[uyTB^wuuTbbQBzRicTlwaEKoBW_zpH\\pjybkMIRwqWsDUypi^yfdS`tqo_AHXuFMGlaCXa\\[BpFKMHZCaq]r]r^KEkwiIJ_vQgwcXmQx]Lb^ZjdhExabYNjOOWygemRrQKtaKqfoa_URPAkUGOeKdx]DwiUAodSktjMPqD^NRmBtsYyNgdaVIHOThpd\\]eAwMeYan\\^DlWtrwdK^jHUKDwbm\\tbBZBlglEhOAY[KF]emNXXEfFmVQptPDgEtt]djfMFrvw^QhJFaSp_D]^VUPWWvLYLUTaRctuHBR`Ijc\\iHkSwOHBXVGP[OpKg^kJxGs]gXh]mxUgloiPKs\\xMSJv\\e[sLHtfyY_bPOf`afPZBZ^gaaznBnxexwACwpQeDiiTPHzwMvWaDjuCHoRfHFeK\\tdSNdckVeWSlJWZaDbFWWbOCyuI_f^yE^rW^hidTgLZTbQxYsED__oFRUQPi[MkGXNNSzvtVymkLIv[iwkfbZZajlEJXYus[\\SvUCfYwKialDuJYpblkaIhxh_aum]wDuQkpAGfRRjWktpfrukbrIItSfxh_E^Khm]rnKUYjv[YrlwDssizCvEvmWXKCZHNn`jyXxrhaRsvijCajtpfV^HmhaFXmJWQoMeRCxguABZkCJNCTr\\Ie]rQXwQqs[vXucH\\Ek^lNueUEXk_TCDviOfSVUuGgqBaFBp[BlxdTkvjr]LAMm^pXAjgwpGkqWEWtEPCbP]bF[bxSw[sItuuTLJFSJ^MfNmwf_pnNIZwPvkxZlTzVObx]JDhvJkYlQvrheRoHgez[yeX\\Lgap_rXfp[\\\\IsEYBKzztPoZ`sieb]_`fMj^JcNZ_MsJqSynabYnfXcwrHPgInDSwwpwJaOYxa\\gXfdNtuEAEktNengCTbQlI`Nt]CezSAqFwv_L^CmOiDOLDcRWtMEWQj_rXjkqPEhDunRjO[_RoBCFRCqukOGGv[pMWgonRwyeVKRPQcHYhnbOhZaVtpFByaIZyESbglzrDXjGladIGhZHsb`xFZu]qwgpCrQLQ`mwojKPj[dSMxuQGAbX`U]Nq^BGluDtQXrav^TIWPOfpbPtCViCQtgwD_FRiE_pWkCoFTVdhYAQGqYPNIEVMBdWlv]WYB[SlYOF_\\nizEUstVpNGpEaAIcVGgDKqzKfxh`hcTkmUVVHgl]VGPPcxuScqsysYdrAuiuLqIenFRLem\\iVJhEajciDVwrjUrTl_VNyqQ`xf\\^fihpVKcik`QQRArquQuYNx[GXNk`sIGvOECUhG]`mJdMNEvxz[ehkDPhObYH[DpcZVCNy]IooVgEUOsTSn`Y^ZKKpUFFiUEjTAmsBiy]SqsVWKTAiEph^XFAKrXeWCF[RwlU\\ARdoDGgapneBFXd`XMvvmiJQUGPkYD[Zy`inLs[RYZUDncRf]utkqZiSHS[wqwIlTKC`iqU`md]TTG^lpdO^Kjd`rWfsY^\\]Qckc`lxgaUyMwUzBpiHNhebdb^iSK\\GOIACkVvMDgcxqlWc]XdDjVNofBGABCe\\ENjEwSOfu]DbFhlsLvMvaYWsuLWiPuKBBGscBRfKIyINRgjyQNpFqjugqrKlvaWARC`ypIrtQCncPJaN]YXBEELSMLlKHuOcbIvPGkJIWwpnwRWhQwO]IUvNrNmdWglVnKBGNRHlOPeIOXVuoEtLflZMNiXsyalkK[zlQQ[yo^Oskmz[rroSmakBlot`uOmi^uyoXed_dvWH^a][jxBGmYxekyA]WuEak`UpoKCNNPirJc_KRYqxNfwFxUDZeHIjqqWxLhg_unt]jF[I[qKyEHTFdPr[GddGHzBTLayemRCZmZVstvzowJej^RUwpMXRKmVkDHwuraLnEtSKuzaLeoJxVSqtLBoaulPADeomyFwVxredzKBqfMhVcYVlQDiqmfsTeSGPKnM_soz^hMtBzyuiEtXfPD\\vWGdSyRyhEmgrzI]oYrDEJhqolKOku[zGSRImKh`WNMxNSCiwWcMYzXljPpanCOmdm``iAjdlRhqxkc]i]STSNaGu`Y]VGlTzZT[m^zvhy\\HSbozhTsRku[VLYeJbNOe`Tq^WHjL]WgTmZoTlZpCO[dFzyOTsqUZkrbykQc`dgpTNGdmeRYHXMWFkl_XtVSfCNduspc[qPYbeQrsV]jbYMB_[\\OzmLgNUKQA^iupixRIno\\ZugCWglMpLE[WadifdKN[zqUgcut[vtkfAoFGIPbdx[pYO^OEPf`dbA[DRVomsluRUoWl_c]Tdd^_BvYEfoLPUHDzUBon\\olLa^EZH]ahJLzy^vCWwjGDaexMkWW]nisosRx^qyxIN^GIHF]ZzYqlhhfw`sjlFDt[TLFMx_`xmypC^oEetx^VsGGLfBxyPMCKdgowAP\\[stzjrcYknFrI`_cNEtavaai`vfYrAIde\\C]yGWUCcMLJVueFEbrHiatSK[oLJbkf\\Mh^BdGh`_SUU_KBATmYQ]vvJKogcIsB\\aiINHE\\[KcKN`xfPmKqoSVzRlUro[EWfRsoqBotORyFukidMIWqxCMJLiq\\nNgAFL`vgIpOyRb]UPEbDkegDOZdEjdHKSGBfxAiLmwDTIrg[jpvdPYCdAwqmwrx`hDfKarWOWVQnaSvXnIUth^vuEYeBKwOuy_fFL\\tsZhNtHOChAZzn^ErKHlGINUEZHWpCgqLRP][APBnpVwAkw\\Xug\\x[UlfEcnmlZAAKNh_AdruGyQmQUT^fyuVLslw^rWX]PBWVwp^PxXQpbr\\DzVkPQHm_fpR\\kAJNZYrwuXT_pNhbe`eBPt_]fILHOskG_B_xNCWIA`JcBMZCZLtFLQMr\\hcRMjhCgNzojkTbJ\\Bkjw\\ZiIiDyfvNpg\\`[FvQrHvoMfTirSvjO\\H`MIcEAeDBRlyCPnGE`kscBhMDpzLfjLzT_vTS]rQNDt][gQZDMrK_c`_`v_PBZYSFmf_T[obi[f`HKmX_aHZsB\\lzXnWycOoebXhAlFdXP]DwzXVJGk\\RyZDRt`wgYdGLru`nEWm[^Cc`XozzYMrrn]gHTWHMIwzfWrFFrbEjxAowq_tF`wNLlOYVOXZiP`RaCxJ`jtHrIHtmijRp]ChMjnuHZjr[IW[XjNttUTVfoWDdUfh_GeLNsFrOCBGzChjmh\\D[pX[JgBXSkQmoCSU^KM`dVfrSNWcHhQwtbMiiKBbri__mPSwkTLb[wZEKaHvPYQfZUtMqdfTIfivrGEDvZsn\\j\\wIH_ICGRYYtEYWFGGisYoO_ND\\DAq`]JjswDiF^QCUP^yCghpSmFdRgieu[gyF[svjU`ZBYALbV[yAOBpWL_nWaYLNZneqSxtWbPiGNntluCwMjdfZrcuwF`JvULceWUPXabYzSiIXeC]_]z_pILzkDxRCFmmCLPV`m_fHKfGIZ^SDCfZUhm]KV`UdQWuawGLVgwlxTWf^EqQ`fOz[SXUZmKKNJBrolaMTRwWGt\\BRGzG`OoyBWZN_mlc]m^oR_ql_dxOistaqWCSnEezUDpXSSib`UuTWhjnQNbvRaPJ^sWIjZoYH_ZOiZZLvWiUyaKJgPCa]jionguZv`rG`\\LsN\\EqnWAurvLwiN\\ZWOvYqf[C_AQV_bp]USvLLLmGjnwr[xlhDYkQamCcABSnFeVQGjbVSQNK]pjCjccaPcSGr_wcQSKJtyAEXglkWVVnK`okDztYZl_^SPYcnzFzGDR^peeCrrKtN`vSjL_QZlkHZ]mHNJxWPVgGNRuYVqbbbeQnUGtb\\paUTKDSr]oiuoersoEYQGvcKI`oMznHPVv[oRnDNcasCthnAYu`B\\QUtyJKeOGsihY_tJDaBAKi`DaR\\mnoEOFoEabpIcYy\\iJV\\JtrUT^BQcpqYsjr[Sn[bdZTcNYZbLMrtKqRswZllE_]kkWPtb^JuinrjaOGvEZEVxwNBXz_tCj]ExcrqI`AiDwKXycRhSpgfZGmnJO]bzQszRnmyXQm_YWSBmqCohqaMCqfqpEhuDZimELFLqTQCCINColBSLhuIjfw\\HvJScs[zi`xblryU`_JuccCDCUiW_`CYOdDuJxZKhOUOo[bTiadL\\Bs`tFPNJE[I]_SHnEKcEzNTOoPcnViywrwMl_AEiMBcoLlPH[`dVAG]o_RFph[oW]MfbFWPDGtsye`CCA[TpEcvk[YMMvOBlMMRzGhCDQ`PGO_JzOCpMGzRuQuHhJCIssGlYNDwSYP_`So]wONxsYofNvXiM`UuNXXOImllLG^nr[mb]XLYwFP[E\\^^qUkmEVRHvaUJ^\\lmuBnnIqMoUvxHHwJgOOurWkj]IefvDCv\\T]`ChkUAIvYIYJzyWhuPbuWJSRf_KQlSz]ofXHz_tui[SaEyeg_VHgtYGVkWFpprKGJvVUbPiVVgLwrmMgu^lVKTcV`CWcZDErQMWIdPFPgmQNNJ_yJZvSGovpTzp`sGwRcUfeVECeY]jYCUIV^YYAImk]Qbpe[`Wapzfs^tcFWRteF^myq[B[hwJpdJUoPYKsFIcDjQreqTeqsGXmoqnz_wttppOU_opxGB_wviOacWdTSSx]mbzYeKTIOjOuB^FB^gkrc[rGbNXHSab^smbxpWTwhViL[T`FRcpgcFuSjsqXnMqiHlCPvIMGSnKMmffOiRqkkvumrPNwawI[`zEjRPKJWiTouiaENci]WGxMqPXguPaWfkhmbwwYHhTCcGsJjJjxNgEZCrsBr^OGHwIKBo]QgQUimvejWOxladJyfNjjDuadYNufxiIugYRxRVhGNJeda]`_mK_nEmMljkQ_BymiGCFHSMgQac]uQxCwhWsnJUqtM`NaFIFOWw]_XXLa^OM]QS\\miUqeFy`lMLvmyGKY]N^T[__PKSQuIUdtE\\slR[JYWlRM]ZbWDozCoHRJpa[niedsbBh^NZGBEFxjMRnlktqUUaFxJjvkAWkmHZe[lEJehxyiKbw^njConO^AwkT^^VBiVKbnhTzgjMgXcWncnYxRTvytwe_BkgHSvQTzAJq[jWEbcGX`xlkFXkUZLirCpyvDFU\\SCnbdb^bxqXRqMyEzvBuLvunRSnel[B\\NeF]JJG^uJWcoXBqqtwIDZQWIAQRnsp^pwDLG\\vpo^AC_RzuQwor^sYnUiTItpjBTtnsTpjVyHT`ZOsrAVArExzw^PrYHmwznyif^Ha\\MZsW`sUGq]H^osxVtqUExRNMLUm\\`MUto`efEdXfvlbfeYLuASlhn]^vLgKKGsadHOiOOSQQYiIMjbcmIr[M\\gGSCiZYYM`CKy^WjwgiC[OETRLeEYCOXUI\\HWM`tssMIGBlDMDMKmKAYByk^pUAKQfqpCOTkGpJcBwNPZasVpEeJHCFX\\CE_rBr\\KwBxj]ExAXWFk\\EO\\fUMAhhAIvOElfkzEmF^`ufTzhIkfAgAypCMhe[^OApnNzMVgWAyVajbzBMS_xUHONGvc_SZRbP_FrFA[nDOzieXG\\MfXIzQgh_ztRmIEbgoRK\\HvMskuGIadipHRhBJcysYTFHJAvKYCqGvzFjLPOWa_yWK\\fqW`^MSSDoqFikzvk_nctHMxqtTcStUjxhUEns_docwQtFa_Weo[dbc_dZjdtjAJZHIBVuIrzJoRKvDkSoMhFuFVFq[TJvkEbnqmx`J\\]w\\ZnQTiWyQE^TD`Bnv_[oiDZjjXFQnnfkLJYgco]mxLegbOjRlKdeBiOXADbwcFL^YnHuGULHBhq]YmI[hn`cJAi^vAg_MaJrAHNoGoKWz]dTrlyNvHOpacUYEezGigu\\_z]R`UTsdIdhXVfJCYdFRURXmoj]pEiSbHpsOghaoVLXygAjypDPDpJJhE_kerD`ZQFQ`nvVlCRvJtZFoA^zAZPmxfKJHxvwSfyhbkJLti_A^OAnfZweUE`ABTStcmNnHUd^vl_DrRFRuPOjfX^iARcOGxgNYPcH[ktJf^rtusmCyNFlFdOLO_nplVWyEQfbjxrKWEDI`eoI`aPtrvIoAWtwxDXQGtpdMKSAWvUA`GgekeQLF^GJIrbSEuMShnBfoLvUNP^waIPukPMSnMKdnf[Vdzw\\iCTlEBp_ivxqzJcAbgcpit_[dYrJkakOTBO_p_qiZhesPUdeC[nxWGmo^sHfJfoILi^yvELDqtVBPgLPpNGPmnrMOZAwWK`ns\\gaqfjxPkH]ll_qgspw``WYrRj\\DOhfUbInzfYK_IzCfU[^uJP^UdOTFOi`vNuBC\\IKckrB[fXW`Um^qLauyKQlSpilwsOQOyzKMQvKSOCjLsnl]LjkgzDsLWrmCGFbWHHbUcRaQWbkHa`[CwOkJ_dOuGypZIHMI\\SEkMXuuIZQYTlerXkFrUYs^sgNd]HIOVbgO\\jp`UqAFTqbVUyBXBUnC[bs`JQYBRBDlEWVhua^_XmJCFsO^FkNAndnurQWDYynSnpQycU^\\rPehXp[QCuwaoDx\\c\\qeJZGZyrPPbQvlMlI_yF]BpFB_CN_jrpVH^tRYJLiaaKjlyLUCuZ]^zooEYcXlT`Xlv&quot;,147)" methodname="GetNumberOfCharsInStringTestRandom" classname="Open_Lab_03._10.Tests" runstate="Runnable" seed="1911232727" result="Passed" start-time="2021-10-19 19:34:08Z" end-time="2021-10-19 19:34:08Z" duration="0.000165" asserts="1" />
            <test-case id="1007" name="GetNumberOfCharsInStringTestRandom('T',&quot;T[kVnWv\\fVP`qt\\pYTrHjFMzboxNAmyqKyAbKDiHDSIiICasrkzXDg^ONkozZh[sWZUssueUfkEWw^r_NEWQnbn_[mTZPjhWsQRiiiAwFelScGRksPlVRJEpgqXGaLEwDi_fLIq`DZLJp[wT[daAxSEiL]CrQuWu`pPucg_kZMRsyvALuEfxeEykdpZjGyPJDRdzLCloFqalBMkQ]qwMOYP[q`QmMod[xHpgSAAsSqsn_NiXFJNPBDueBIJflycQMGntXDx\\pEtXa]wcqthCbUYuMKfJrUGTOcaY[oABLlZxJ]E`MapsRajshthMYoe\\x`Jyv_IBsfqpu\\kkFFxQ`OCisikaHncXGyzeTGeiXozfjtyMJwGTrTwj^[FMnctFDZjv\\GWz\\OtkOWzzk^WKgP`mCQHsBXuouucQJClDaHrc[L[G\\F]QLiYntwtKz_yDUEqUoiphmTe`XxSrpAWvudcL\\pWNJaDCIoNVUGRnPp^sEtVwdBVyHCIk]eszRc_LPcWdjx]ijdgFFkHcZ[dHKFuGf]tkOS\\hQRc\\]mMg`gO^WCfl]QaqzWBKhQxMDm[XIzonIfFgOwc_qWjcrHNxmehuQYnMoAdnLrVXOrdqKtcCo]TRaVUv_]e^Ru]kstrOToSyBSUA_WnsBfFoE]fZfhOiNrFTUtyQBUjzJVQNAUXHjm\\fpifVOYcfaelJMBgfX^qhwFeiMXZRQGz[W[_fNcCdlDZ`dHAzhmkMvojjExJqyRVZeQmm]AXo[NvsgEEFXZd^Wn_bkpbQZMe[hzvSUO]hUvlitrCzsEY_irCrmLChYHVOc\\KgJllIxvJ\\BqitmcXVnFlqxDaILpOM`^GXgWpGTQbmibpv]IuqkA\\]jUjGLcxIhwv_kQNWmRC^_yIVNffCuX]`BdhRgjvkSYFlfRLLv^DYyxylMUs`wuOP[W]GdvkDVRKFtXjwZZHWUDbEfwESqVnYKpQPoEcznACgnsrpewG]nrvWoY\\grXMA^luDGZIVrHcTBuQmEPhuPRfTuu\\VcvIVnCJBxojLnkffObVtHicbjRlMFbJMymmvyM`ylOoQ`]G_fzES_bOuTbg]RxwWe^MBykhCCWIstSBMKMaF]rhW_sbXaDhoSYfCQFauSCPIYVAB`ZREWqunpp^GIQ\\yjU`\\hzwFggnZb`yIsasHmcY]^rM[b[mBbRYEp_Ta]LYjC[MQrUNbYUMGwCypm]_MulsQGtTUMSeaKi[DfvcMMKdMESHma_nzhLpQbwKxBtUGjgvOcuKquRAjHfLnmani_eszsJ\\ileKSp^^YXtKfTxFWLFIvkXL\\FgbEnwVYY\\FPGhueImWsWIVa_]nmAayTYjMJvYf[^lMrspP^L_nyASExQAaQIdYs^lrX[likHvVfv^ijNPb]nzTGfPsusURtTUUHysCZpCrExYBnSqDtCvF^YklLtorme\\SaIbkVMHgkIOIMNEcBRYrXPqiNGraBKF[\\G\\ekGigvPUVKc`yoLq[LevRSs]OVaf`DnhFmZrudmwIv\\_fatlpUeOrLJSseZQUdoRWvZMUTvrZinWqTqh]opLZ_pucHzQJ\\b_GJIkHgW]YnoJXn\\_nlo`odsrF_dNUfhyGOQhLGapYTmfjg]of\\]YgCj]QQfcCJHnGqDJ^oShLyH\\qMIZBpbsIPSD`nWv\\xmOLz`tcTQrIpMhvNfDILbNbOer_zdkXXMOMsQqhOqh_jkSCeIRHSnPW`gwViVdka[ldx\\CxpWtVtis_RotqScFexsgMT\\zsNxyPyjEIGTSwtu]qoXDt\\mXyVHgFoqeTWAIvkdabjlkyPJkCVpXvYGX[azuqDzTQjz`smbGLr\\JkCZjMWdjyYivQdhVkjj^kXZOQdsQojMEwwgXGQh[[PVrBDOOELV\\HxYTcKYc_SvPLeyUwQO[BPD\\CbNMVdMcTkwy^TowrFvIUFgXEuRnxv[suxRAxMNuGSw[hAqd\\RcvTuHwvpH[RYfXQEEaCnzfsBCBJLjEEiSfT`_zpUFHEmchh_KdvPbiSwCSsFnkGCWdGzEk`FlhirbGZUUeAFJoHeSW]MGjaUBBVzbh[[Eq_tz\\Vwt^lJkAtc]]hhOSyBGUq`lZngJ`BSQNerBaTcyXdBHn]EAnMlr]nffpKZkEAKyaRPspghyVDjkpXywjgVTP[n[yLLVustWZCa\\NMKH_m]ZDvqXM]BYeqjG^ptd[SE^JSRmr]j]\\Op]yUWDVnIXr[mcT[xYTagMiyPkeDakn_xVBMHJYpOhJgfjaiZW_QJubcozEgZSMYeS]WaGTnA^SzDBTaKveKL^VCoYXHFmWv[lC&quot;,41)" fullname="Open_Lab_03._10.Tests.GetNumberOfCharsInStringTestRandom('T',&quot;T[kVnWv\\fVP`qt\\pYTrHjFMzboxNAmyqKyAbKDiHDSIiICasrkzXDg^ONkozZh[sWZUssueUfkEWw^r_NEWQnbn_[mTZPjhWsQRiiiAwFelScGRksPlVRJEpgqXGaLEwDi_fLIq`DZLJp[wT[daAxSEiL]CrQuWu`pPucg_kZMRsyvALuEfxeEykdpZjGyPJDRdzLCloFqalBMkQ]qwMOYP[q`QmMod[xHpgSAAsSqsn_NiXFJNPBDueBIJflycQMGntXDx\\pEtXa]wcqthCbUYuMKfJrUGTOcaY[oABLlZxJ]E`MapsRajshthMYoe\\x`Jyv_IBsfqpu\\kkFFxQ`OCisikaHncXGyzeTGeiXozfjtyMJwGTrTwj^[FMnctFDZjv\\GWz\\OtkOWzzk^WKgP`mCQHsBXuouucQJClDaHrc[L[G\\F]QLiYntwtKz_yDUEqUoiphmTe`XxSrpAWvudcL\\pWNJaDCIoNVUGRnPp^sEtVwdBVyHCIk]eszRc_LPcWdjx]ijdgFFkHcZ[dHKFuGf]tkOS\\hQRc\\]mMg`gO^WCfl]QaqzWBKhQxMDm[XIzonIfFgOwc_qWjcrHNxmehuQYnMoAdnLrVXOrdqKtcCo]TRaVUv_]e^Ru]kstrOToSyBSUA_WnsBfFoE]fZfhOiNrFTUtyQBUjzJVQNAUXHjm\\fpifVOYcfaelJMBgfX^qhwFeiMXZRQGz[W[_fNcCdlDZ`dHAzhmkMvojjExJqyRVZeQmm]AXo[NvsgEEFXZd^Wn_bkpbQZMe[hzvSUO]hUvlitrCzsEY_irCrmLChYHVOc\\KgJllIxvJ\\BqitmcXVnFlqxDaILpOM`^GXgWpGTQbmibpv]IuqkA\\]jUjGLcxIhwv_kQNWmRC^_yIVNffCuX]`BdhRgjvkSYFlfRLLv^DYyxylMUs`wuOP[W]GdvkDVRKFtXjwZZHWUDbEfwESqVnYKpQPoEcznACgnsrpewG]nrvWoY\\grXMA^luDGZIVrHcTBuQmEPhuPRfTuu\\VcvIVnCJBxojLnkffObVtHicbjRlMFbJMymmvyM`ylOoQ`]G_fzES_bOuTbg]RxwWe^MBykhCCWIstSBMKMaF]rhW_sbXaDhoSYfCQFauSCPIYVAB`ZREWqunpp^GIQ\\yjU`\\hzwFggnZb`yIsasHmcY]^rM[b[mBbRYEp_Ta]LYjC[MQrUNbYUMGwCypm]_MulsQGtTUMSeaKi[DfvcMMKdMESHma_nzhLpQbwKxBtUGjgvOcuKquRAjHfLnmani_eszsJ\\ileKSp^^YXtKfTxFWLFIvkXL\\FgbEnwVYY\\FPGhueImWsWIVa_]nmAayTYjMJvYf[^lMrspP^L_nyASExQAaQIdYs^lrX[likHvVfv^ijNPb]nzTGfPsusURtTUUHysCZpCrExYBnSqDtCvF^YklLtorme\\SaIbkVMHgkIOIMNEcBRYrXPqiNGraBKF[\\G\\ekGigvPUVKc`yoLq[LevRSs]OVaf`DnhFmZrudmwIv\\_fatlpUeOrLJSseZQUdoRWvZMUTvrZinWqTqh]opLZ_pucHzQJ\\b_GJIkHgW]YnoJXn\\_nlo`odsrF_dNUfhyGOQhLGapYTmfjg]of\\]YgCj]QQfcCJHnGqDJ^oShLyH\\qMIZBpbsIPSD`nWv\\xmOLz`tcTQrIpMhvNfDILbNbOer_zdkXXMOMsQqhOqh_jkSCeIRHSnPW`gwViVdka[ldx\\CxpWtVtis_RotqScFexsgMT\\zsNxyPyjEIGTSwtu]qoXDt\\mXyVHgFoqeTWAIvkdabjlkyPJkCVpXvYGX[azuqDzTQjz`smbGLr\\JkCZjMWdjyYivQdhVkjj^kXZOQdsQojMEwwgXGQh[[PVrBDOOELV\\HxYTcKYc_SvPLeyUwQO[BPD\\CbNMVdMcTkwy^TowrFvIUFgXEuRnxv[suxRAxMNuGSw[hAqd\\RcvTuHwvpH[RYfXQEEaCnzfsBCBJLjEEiSfT`_zpUFHEmchh_KdvPbiSwCSsFnkGCWdGzEk`FlhirbGZUUeAFJoHeSW]MGjaUBBVzbh[[Eq_tz\\Vwt^lJkAtc]]hhOSyBGUq`lZngJ`BSQNerBaTcyXdBHn]EAnMlr]nffpKZkEAKyaRPspghyVDjkpXywjgVTP[n[yLLVustWZCa\\NMKH_m]ZDvqXM]BYeqjG^ptd[SE^JSRmr]j]\\Op]yUWDVnIXr[mcT[xYTagMiyPkeDakn_xVBMHJYpOhJgfjaiZW_QJubcozEgZSMYeS]WaGTnA^SzDBTaKveKL^VCoYXHFmWv[lC&quot;,41)" methodname="GetNumberOfCharsInStringTestRandom" classname="Open_Lab_03._10.Tests" runstate="Runnable" seed="1807916126" result="Passed" start-time="2021-10-19 19:34:08Z" end-time="2021-10-19 19:34:08Z" duration="0.000084" asserts="1" />
            <test-case id="1008" name="GetNumberOfCharsInStringTestRandom('G',&quot;JISClQfbc`mg_]^iCMHwZcIiLiNGW_RzzTAnRH[Mk\\Lse\\bPsNY_vWmbzdrCC_LENnhK\\kWumuMyWPDkGxNJFnDdaYnhQXKLPHeqnWoIq_mAJoKk`GwEQBy[kEdDxjeUkBiPeMwjJFSbADZmOCHJ\\FuNIKGjnkLHtYPIFvFSKMuLjXZgeroub\\tfH\\G[GMwYuKhcnQhSxozOKi_lk[FvvRaY`eBepfMxP\\R_krtTJ]xm\\e[YwVjfHA^deODIPD^RcByiXzAtallZUnwuKchZvapPyht\\nkEGyfK[flAwUqEWODPqRIygVDWBLjjjF`Fqgf[id]OYckFE]ZAvYCJemXkvPJOvBQqokOjdcaNpt`EfyR`mjoRCV\\EPv`Z[OSXRtQUNjWSspUkMSFwxe]MMzoZPK[iDHnbaImlhxRCT]YNBkrwqc\\qlGKSFrEDPiPlCnJEaTOAS[tkaaX_S^s[fxp[y[gqsNmeMhLOanW]U[^RNZm`Z`kmqpFFyjGGhYHEhO_sUJy`HVGKZ^M_hHXT^AoXbGPrgPpwSYeyutKPbKe\\iuf[]bYaBobh[GROtGsr`JsAtNeowHlSVTig[oUFrPv_rw_ocvW[Rnv_CebOxddtCORGXenFlnAPOTJwipMAlRAcXJepMGIOgB\\ceYWyIQj_nfQi\\f`HXcIlOjiNAxsfeldNsaRQZOs[b\\pmtvUbaBrDsjUvjIxKYDtBCCqvUPhIkiJmtwUEdRFdu`VIMVbQQhB_cokrEYMRTiTJabBnosbHyQG]hhjyiXrChfKFM^AKEnQMMLceTn]XGu`RiNJWjNdwqR]uXwbRsWCKztQ\\FFfuu[wmFsXyTd[rKUVujhMXML_jsUSoxiReciBWVjp``dxPwLAf_VmXsNhivMukacAeRqO\\Sy`zshsdNPngUgQcwumUBT\\IpEywcSxFw_S`qn_KVE[fZNWtSYiXEt[z^WJoivAvShkpTllIVbzwsqjchFdKd`BCDTBZdk]ZD`Sm^a`bg`C]u^GhhbGdSqRmfhlAjR`fF`tS^wFH`C^D^_I`MUmCdsHNOaGpo`sUAXXUeoKk]zEPSNPH`LnV`^BMYgEwqPSAKJDFGovYJBadoruBQzQdl]p^VLvykNuMhDFJJJAlQVL^xXYalCgqzjOhTakvswiwHTwkmlrGz`SWRS`ymVNhaDMypXpdZEsThPVd\\hnzKar[WrWBAmI]jAVEHyvVwOgvgyjBww]FbO^ALmbxAochvWeguR]]mYDvtwnYIVEEPDv\\^UsUXxUHgyzQTCGfZATJKbHPyJpfk^Yr[JJaYHFoDvPuw^EFOZeOkmQwNdVNIjXIaHpJtaMRu_FORMS\\EjXQtKHitMTpmrfT_GUohuLhMSTLgBeAQuJZSGPWAHQgNW`DslkKr_nK^jEaqwBrcS`riMBYryoae_[qmQSuRZImHzvcCj`DGYEvrhUgkRTtjN`yPOn`dGaIJmkjQYWIYkZM[_yEvgKzFPCtZxTovA[zrwlExfVRvL\\ynT_kPiexvaCujqPTFcMYQZU^ntHQRtEunEFFYc_MV^ERurUGVBLTyCiUzAxVaUfC]HGfkJu^DzCnVCdw_BuPikvlWlGYfIgBrComkjVLHiPzAuywXAq`ZWUmMVPzD]rvTAwTOrLpfjIz[wk\\nJAeRGc[hC`V[WIeqUfzyfiapBtkOURQeoLt]NdNY\\fLRqVPb^IFQl^H\\[pPMsMTkPkgKOIdlYa]z]OygeIkLLztREYBXTAaPR[CGjESV`UrKAIyLqdbj]I_PrUGqGLXXANhCMsw`qUgrHiQv[qbjZqnJvmPUy]PTx[Jn[wyygBtH\\hHIEKVPehyJZ_GZdcbTFSuh`^\\_scDXxfhOfGPnGziP\\zTwp_VE[`CInZcairXCebMoqro]SnMFeeM`K`iTNyxYd_[L_iEOcgeun_FxjslgSx_JNDWJJEofenLRXcydix]yzSlfZkdUNQFfARy[SvF_rzPAToaGuHxU[`JvSlkZ[ZYTh`QGe^RnsyHAClReJ][FSlL[HDIaLfDXbwSn^[]WqK\\\\YJtaZFPxzSBwUqybVkbMvjYFY_GjADPHPjByJbHFWFYOvVZh]uBFcPajknHvyaxvDtheoAXnd\\qpQJKDEZNFCJ`AJSNWZLHqH^LBipt\\^N\\GYkZacEr`TstuTg\\\\mAUYUAhnyJUP`lcohYbYtgoUUc]PdRhBUYi]tDmYDfcZkbzbQEMvFCc&quot;,42)" fullname="Open_Lab_03._10.Tests.GetNumberOfCharsInStringTestRandom('G',&quot;JISClQfbc`mg_]^iCMHwZcIiLiNGW_RzzTAnRH[Mk\\Lse\\bPsNY_vWmbzdrCC_LENnhK\\kWumuMyWPDkGxNJFnDdaYnhQXKLPHeqnWoIq_mAJoKk`GwEQBy[kEdDxjeUkBiPeMwjJFSbADZmOCHJ\\FuNIKGjnkLHtYPIFvFSKMuLjXZgeroub\\tfH\\G[GMwYuKhcnQhSxozOKi_lk[FvvRaY`eBepfMxP\\R_krtTJ]xm\\e[YwVjfHA^deODIPD^RcByiXzAtallZUnwuKchZvapPyht\\nkEGyfK[flAwUqEWODPqRIygVDWBLjjjF`Fqgf[id]OYckFE]ZAvYCJemXkvPJOvBQqokOjdcaNpt`EfyR`mjoRCV\\EPv`Z[OSXRtQUNjWSspUkMSFwxe]MMzoZPK[iDHnbaImlhxRCT]YNBkrwqc\\qlGKSFrEDPiPlCnJEaTOAS[tkaaX_S^s[fxp[y[gqsNmeMhLOanW]U[^RNZm`Z`kmqpFFyjGGhYHEhO_sUJy`HVGKZ^M_hHXT^AoXbGPrgPpwSYeyutKPbKe\\iuf[]bYaBobh[GROtGsr`JsAtNeowHlSVTig[oUFrPv_rw_ocvW[Rnv_CebOxddtCORGXenFlnAPOTJwipMAlRAcXJepMGIOgB\\ceYWyIQj_nfQi\\f`HXcIlOjiNAxsfeldNsaRQZOs[b\\pmtvUbaBrDsjUvjIxKYDtBCCqvUPhIkiJmtwUEdRFdu`VIMVbQQhB_cokrEYMRTiTJabBnosbHyQG]hhjyiXrChfKFM^AKEnQMMLceTn]XGu`RiNJWjNdwqR]uXwbRsWCKztQ\\FFfuu[wmFsXyTd[rKUVujhMXML_jsUSoxiReciBWVjp``dxPwLAf_VmXsNhivMukacAeRqO\\Sy`zshsdNPngUgQcwumUBT\\IpEywcSxFw_S`qn_KVE[fZNWtSYiXEt[z^WJoivAvShkpTllIVbzwsqjchFdKd`BCDTBZdk]ZD`Sm^a`bg`C]u^GhhbGdSqRmfhlAjR`fF`tS^wFH`C^D^_I`MUmCdsHNOaGpo`sUAXXUeoKk]zEPSNPH`LnV`^BMYgEwqPSAKJDFGovYJBadoruBQzQdl]p^VLvykNuMhDFJJJAlQVL^xXYalCgqzjOhTakvswiwHTwkmlrGz`SWRS`ymVNhaDMypXpdZEsThPVd\\hnzKar[WrWBAmI]jAVEHyvVwOgvgyjBww]FbO^ALmbxAochvWeguR]]mYDvtwnYIVEEPDv\\^UsUXxUHgyzQTCGfZATJKbHPyJpfk^Yr[JJaYHFoDvPuw^EFOZeOkmQwNdVNIjXIaHpJtaMRu_FORMS\\EjXQtKHitMTpmrfT_GUohuLhMSTLgBeAQuJZSGPWAHQgNW`DslkKr_nK^jEaqwBrcS`riMBYryoae_[qmQSuRZImHzvcCj`DGYEvrhUgkRTtjN`yPOn`dGaIJmkjQYWIYkZM[_yEvgKzFPCtZxTovA[zrwlExfVRvL\\ynT_kPiexvaCujqPTFcMYQZU^ntHQRtEunEFFYc_MV^ERurUGVBLTyCiUzAxVaUfC]HGfkJu^DzCnVCdw_BuPikvlWlGYfIgBrComkjVLHiPzAuywXAq`ZWUmMVPzD]rvTAwTOrLpfjIz[wk\\nJAeRGc[hC`V[WIeqUfzyfiapBtkOURQeoLt]NdNY\\fLRqVPb^IFQl^H\\[pPMsMTkPkgKOIdlYa]z]OygeIkLLztREYBXTAaPR[CGjESV`UrKAIyLqdbj]I_PrUGqGLXXANhCMsw`qUgrHiQv[qbjZqnJvmPUy]PTx[Jn[wyygBtH\\hHIEKVPehyJZ_GZdcbTFSuh`^\\_scDXxfhOfGPnGziP\\zTwp_VE[`CInZcairXCebMoqro]SnMFeeM`K`iTNyxYd_[L_iEOcgeun_FxjslgSx_JNDWJJEofenLRXcydix]yzSlfZkdUNQFfARy[SvF_rzPAToaGuHxU[`JvSlkZ[ZYTh`QGe^RnsyHAClReJ][FSlL[HDIaLfDXbwSn^[]WqK\\\\YJtaZFPxzSBwUqybVkbMvjYFY_GjADPHPjByJbHFWFYOvVZh]uBFcPajknHvyaxvDtheoAXnd\\qpQJKDEZNFCJ`AJSNWZLHqH^LBipt\\^N\\GYkZacEr`TstuTg\\\\mAUYUAhnyJUP`lcohYbYtgoUUc]PdRhBUYi]tDmYDfcZkbzbQEMvFCc&quot;,42)" methodname="GetNumberOfCharsInStringTestRandom" classname="Open_Lab_03._10.Tests" runstate="Runnable" seed="1323970622" result="Passed" start-time="2021-10-19 19:34:08Z" end-time="2021-10-19 19:34:08Z" duration="0.000071" asserts="1" />
            <test-case id="1009" name="GetNumberOfCharsInStringTestRandom('f',&quot;zEl^YJh\\SvHCFvdgIUNDVemcvz`EmwRpcQuzAvf]vxXgs`KJcPwhUCqURIcYeciWdRZpAefNjlIXNFkVoV\\^zd[`[`hrTMsSOACaFVIydiydtYHLYMeOGLXzquV\\wnu]sqJMDJQZM^tQfrgBX]ZGceLCdCjLAhBqn\\kDPvIOvKBdSGUzOTE[TnuOfGcAZFY`\\C]KHdm]TLLXcbk^ikwgdb]Ab\\XISHopm\\HQdJsfbcGIc]gDWERjImwu`]dfLdJLWVfH[Zu_sRFB[UXEpTmOpFhz_NkGaMZxYulNr`dwKnqqhvZLF`qrruVRifcMjoygsHc`cKMQkpDCPqSdn_ABWcG__[_LxWNWpJy`TtcuSaGBrTCrTyZKnwQPBEBIfBSUchNFsnQtvFiq\\EhLXhsywCcsti^Ps[PQNmZJFwy`i`PhOZowWpkxJUXaFVMJPAB\\qYdif^F\\iSQXnveZtasCjRHsVsEkkpQh_nqpqGRtkPOrEzmKlmPiIyl_QkSmZUktBcszEocnPzS[CQoVGtzx`b`aBS`Gn_ZV_Up\\HnGxJ]ZIfR]Awwg`VnU[CRxmO]Akaxvh[SOTnCoCIWukp`KqstzlAVYppTig]iciVo`diTmTyRSgXNwjSJsgxKhFtY^ZTHaZoLUBAaI`HgmiDmYbXzUSqvlLGZjPpSAqlssLtujlAS`RXzCGAvCUnNcs[JvaqsjpfwwKuMi^QcS^VZnGXdPtPgD^QzkjzIvHdkf\\CsMnN_DLvE]BWoJNdp`zsZuu\\z_HgKufoRE`W\\glcrbL^jTKyh^nLfcdxRRNAv_kJrNEkerIJoXAriXmfTIzgGZIi[bEJYkgTqBf]O[UqVeXOclPu`chm_ECYEVPDmykDlhBglPXtoIR]BuGjRKeqDtomyNXsKREWuT^ukcJPLnyWnaWKP`lcUtArsOh^r_j^EuciWLziBUfPvYzYrMde`\\CATfC\\ufXgE\\RtyioDaCbAOkv[PPgfuExcrbUlJ_oVwyL[GG[JY`E]uCmcjcLfymlA^jBWTCuBOLDP`\\TJp]MVA[ipplBaSIWJMLwWEDpVfCOjy^DOOCp]aWzCBMacBTjFotCU_wElgqjxMzqSinSPTudqLuVs]NURSIuF\\jjRxDpkgCqCVOuOAZmuQLJebLPY]XeDElqyDARPEsJIDS]NTFQtVAoP`EkloXOPXmxeYvLAH^pYCAbOjBFWHliEwbZzQ`[heulRVspYuQlsKWM`^\\CmRrHgEthq\\LjbCHoIPQtqMg]qzqtaUt\\p^hVmmEN\\KywibKpDbEQNcMafVRgNAH\\cktEUmCWKDXgNkoOpBpyQdONQHkW[Yz[D^UyhF[R`hFKK`TvbDrMKIKy\\gnNBfvmDwcjVpaka_Yd^ECknppXanQvSW^BRMPulTGNxd`l]Hgfjb[WdC[Mp_LQghXzS`YTP_rKypnJPDuZGeLkvGXOmDFNIpaPMaZxiSWLkPYoPRwlelJB]gDLIKaLYeCIO_xjexloOAAficz\\GTcWg`n`^No_lLmFNP`kTNGhAVn]fX^`KFEFBf]jlXMXINCCNuYYDOHtMvWQlRtFjOTgGhDbnpzvBj_mTkOlzE]wxLsGPLy[_GhtuWwarqeOOLs^WdxACIGfmWivoxRcr`XvBfswohtIZNhmTUjgNxXVzCG^hBlt_CWjox]lkAMVOyL_jwc[NfVtHBvy_VPnvAdXryyVrywMkCHBrbolYRfth]bmB_NUlZZOUohkyMcPiIJFuuHwb^UeUkjUWLUTlb[RctgCtDmMiWK_T\\rGWQnOFptdETTmrP^Gir^AOEC^kHvxaLAvTOw\\oMLnzDxajAVZsDq\\yrsRNP^xuvDtTYYdSCS\\gkBKG]okm\\E]U_w]VfN_jOsEzENRblHqlVpOphKl\\mLZqa`o\\wNhpnmYrwLCP^JATOlziigi[]DwCZNZ_Ype_[AxdXXt]I\\ydKFcpaFnP_NSjpVXjm^qh_]tNoWRRnLSAFTsUfdySCVzNiNnCzJkefQEhLUBKo\\]TuRe\\]CEI`_fJ]g`acPRe\\hVoOKIRco^asgSWdS`xFcFGfvK`o[c`KsrNwpMRun`kAEQqTJwPjU_tcOJSAc]IMyVAoFZnFOCRDUGafUL&quot;,39)" fullname="Open_Lab_03._10.Tests.GetNumberOfCharsInStringTestRandom('f',&quot;zEl^YJh\\SvHCFvdgIUNDVemcvz`EmwRpcQuzAvf]vxXgs`KJcPwhUCqURIcYeciWdRZpAefNjlIXNFkVoV\\^zd[`[`hrTMsSOACaFVIydiydtYHLYMeOGLXzquV\\wnu]sqJMDJQZM^tQfrgBX]ZGceLCdCjLAhBqn\\kDPvIOvKBdSGUzOTE[TnuOfGcAZFY`\\C]KHdm]TLLXcbk^ikwgdb]Ab\\XISHopm\\HQdJsfbcGIc]gDWERjImwu`]dfLdJLWVfH[Zu_sRFB[UXEpTmOpFhz_NkGaMZxYulNr`dwKnqqhvZLF`qrruVRifcMjoygsHc`cKMQkpDCPqSdn_ABWcG__[_LxWNWpJy`TtcuSaGBrTCrTyZKnwQPBEBIfBSUchNFsnQtvFiq\\EhLXhsywCcsti^Ps[PQNmZJFwy`i`PhOZowWpkxJUXaFVMJPAB\\qYdif^F\\iSQXnveZtasCjRHsVsEkkpQh_nqpqGRtkPOrEzmKlmPiIyl_QkSmZUktBcszEocnPzS[CQoVGtzx`b`aBS`Gn_ZV_Up\\HnGxJ]ZIfR]Awwg`VnU[CRxmO]Akaxvh[SOTnCoCIWukp`KqstzlAVYppTig]iciVo`diTmTyRSgXNwjSJsgxKhFtY^ZTHaZoLUBAaI`HgmiDmYbXzUSqvlLGZjPpSAqlssLtujlAS`RXzCGAvCUnNcs[JvaqsjpfwwKuMi^QcS^VZnGXdPtPgD^QzkjzIvHdkf\\CsMnN_DLvE]BWoJNdp`zsZuu\\z_HgKufoRE`W\\glcrbL^jTKyh^nLfcdxRRNAv_kJrNEkerIJoXAriXmfTIzgGZIi[bEJYkgTqBf]O[UqVeXOclPu`chm_ECYEVPDmykDlhBglPXtoIR]BuGjRKeqDtomyNXsKREWuT^ukcJPLnyWnaWKP`lcUtArsOh^r_j^EuciWLziBUfPvYzYrMde`\\CATfC\\ufXgE\\RtyioDaCbAOkv[PPgfuExcrbUlJ_oVwyL[GG[JY`E]uCmcjcLfymlA^jBWTCuBOLDP`\\TJp]MVA[ipplBaSIWJMLwWEDpVfCOjy^DOOCp]aWzCBMacBTjFotCU_wElgqjxMzqSinSPTudqLuVs]NURSIuF\\jjRxDpkgCqCVOuOAZmuQLJebLPY]XeDElqyDARPEsJIDS]NTFQtVAoP`EkloXOPXmxeYvLAH^pYCAbOjBFWHliEwbZzQ`[heulRVspYuQlsKWM`^\\CmRrHgEthq\\LjbCHoIPQtqMg]qzqtaUt\\p^hVmmEN\\KywibKpDbEQNcMafVRgNAH\\cktEUmCWKDXgNkoOpBpyQdONQHkW[Yz[D^UyhF[R`hFKK`TvbDrMKIKy\\gnNBfvmDwcjVpaka_Yd^ECknppXanQvSW^BRMPulTGNxd`l]Hgfjb[WdC[Mp_LQghXzS`YTP_rKypnJPDuZGeLkvGXOmDFNIpaPMaZxiSWLkPYoPRwlelJB]gDLIKaLYeCIO_xjexloOAAficz\\GTcWg`n`^No_lLmFNP`kTNGhAVn]fX^`KFEFBf]jlXMXINCCNuYYDOHtMvWQlRtFjOTgGhDbnpzvBj_mTkOlzE]wxLsGPLy[_GhtuWwarqeOOLs^WdxACIGfmWivoxRcr`XvBfswohtIZNhmTUjgNxXVzCG^hBlt_CWjox]lkAMVOyL_jwc[NfVtHBvy_VPnvAdXryyVrywMkCHBrbolYRfth]bmB_NUlZZOUohkyMcPiIJFuuHwb^UeUkjUWLUTlb[RctgCtDmMiWK_T\\rGWQnOFptdETTmrP^Gir^AOEC^kHvxaLAvTOw\\oMLnzDxajAVZsDq\\yrsRNP^xuvDtTYYdSCS\\gkBKG]okm\\E]U_w]VfN_jOsEzENRblHqlVpOphKl\\mLZqa`o\\wNhpnmYrwLCP^JATOlziigi[]DwCZNZ_Ype_[AxdXXt]I\\ydKFcpaFnP_NSjpVXjm^qh_]tNoWRRnLSAFTsUfdySCVzNiNnCzJkefQEhLUBKo\\]TuRe\\]CEI`_fJ]g`acPRe\\hVoOKIRco^asgSWdS`xFcFGfvK`o[c`KsrNwpMRun`kAEQqTJwPjU_tcOJSAc]IMyVAoFZnFOCRDUGafUL&quot;,39)" methodname="GetNumberOfCharsInStringTestRandom" classname="Open_Lab_03._10.Tests" runstate="Runnable" seed="1589826560" result="Passed" start-time="2021-10-19 19:34:08Z" end-time="2021-10-19 19:34:08Z" duration="0.000068" asserts="1" />
            <test-case id="1010" name="GetNumberOfCharsInStringTestRandom('c',&quot;SqqTyehguRRQX^CiPBOjJK\\RMqNIchfXreuI`hq[mHLwlBfqErWSwvUIU_GHW`DMfuZmduJbKoxCy_aLKWElRS[vPmnAbiDNDyQrbtNJioHIySJpyuxz[SvSZ^]rGIA]kjyAOidRJuC]LRxxcxCgkEmlCxXEWVCanfXOUJbPQgq`QZHHa`OJGUlgxMxQR`vnr\\j`uidZVmVEOM\\dqP^qHt[ZulRHLRxllCiokcNrwpoTygYklT[CBEgyBPfIX\\NDoeTL_htNBfuRFG[NTaWrrvjhVjn[wF[[bk`TTMME[MBVKUtupXorFWMtvgqotZRwLZkVbGtHTSXfuT]Aqsf_QdVL_gYhVXKBvFKke^Ti_h^myaycJpxBnmfcE`rviMlwHWkpImWS`wAdGcMxhq_`ZINJZcgEgXzSvbecqJZWZf\\qlC]\\TtNshL]zJbVaGSfHwih`xeG_WHGohWXXGKlnKHejEfYPosQHzUtDUw^imj\\`FhRmJy[vbsxpDy[RLrj_rzpS]UCJhCA[gEeXTgFqYV`GWEzW]L^vzwiFszQpvQN_s]IzTDx`ltF]ZjvXVgg\\`E\\jW__UVQuHHBNuwzCZOxJFrLgJDtZOemzoBYcp_cK\\yxVY\\B[VdNNbuVsLrVR]qg^UCZs_XNvfniGtqOhBYEfX`Xtg`XxIRieS[AVCIvxWRboLOyVdiQDmBFof`MyAPnUFEnYpsfs^GOFxciXaBTZBfsRUMk]wwxH_NjH[a`lCX`fmArCrpYyvTS[M]EdIJwaJHbjtawA]cWdFM`UUheG_yLLuPvy\\wct[z\\fZHJQtX]SwjUzxjO\\_qBLvVpefx_`A^IFltvN_TNH]tPLuvBmiHVexQkDS`fvsxSYaPODoAwKcuiCGdjkvmqsI^H[IrvyiSO_aqefhyyhKKCDbiwipvzFGZQDHnuwFy]QfJ\\QzECxoJix\\Es[uMJnSJYH`b_tDBbMimYXNgjksBRxkSbCv[Bsoix]lTkYaIumb]Pjg[NO^ZuRr\\WMz\\ydzjYzowgtvQKkH_VOCsW[MnUVnfeQx_ZFJRmsEQujoUSNOKKSFHJGE_WMUCMIRWvXrEaqm^Kmygfs\\HGc\\SKpUSAeua^BDlYXYuVKdUacwXIXs_lMwdhzMGD`EvvLzJiMOOZamwyHlcsxKcmVpRF[EZLSrqFhYUcnivJeFL[Ae`NdNGU\\JaWiEOHpCGiwqRiWzFOOZHQdrEq`LbFl\\e_syuj[oTcy]^JTqqeHrGBCQmqzXce[Bx[MmqYFVoZG`SHTv^iUxxtVc]bLDjCMjIw`DxazX_mDgv^yf^DutP]EDFdQONCglNWWVbQywiwZLqihzd``gIS[fs\\xTPkK]GRY_GcDMFxLSDsNWwRfi]zdvwl]GSfgxmwF_QIsA\\SaKGHczNbWyF]zGi]cVGxuZRN`GnjGoYeMJZYooI^slOirQxzqn`^u^YGtsb]M_[ca\\PqhPinMcEILdVPJotTOujjkS`vMgQUQgIWBGSaFmRRZPvQ]SSYfHTfmaFVjma`Sks_[zOC]SO]cXP\\WPYuUsjJS]e\\AwrSLmzjXWp^EPvStrCUQeyZTgLZAiMyVmC`[vQqXaDz[vqEwWQ[[PLWyXz`aaiiKqHRNWsybLxjazzXpH]eYl_GbfaDvlQrsUodn`q`_StOR\\pzXbjZDEQYSBjbpoCpvFqLKWePQwFGsPoGqbfUBqooEWQmqPkkPDSLedoBx[JGyKaDMclOIioFRCHoFrZBMVqowc\\MndWbghqupN`N^]bbPNtc]AwGAItcTlGeH_[_RNYeMMyrRM^koO`jiskmhQa_nNbEHvFzBCQBoPWPBEoofJoELWvOoirBguqyfukVG_jly_uZ][kc\\mteY]skAqKSLPVuYXeHUYhHZCGh]]mUxO`tAL`JBAVPTWajIzAFpcODFmLWVLO_EqUxk]uNr[GUCXnC]X`]\\h_Vz\\nOAJoqlrL]BdzfFmNV]uAiyItyglCXSzxOjgNhgPcLLRBtYtXjZIsF\\FPrPqKApnJCflwZ`aiMRp]gHA`mUSyKHsmdWVXqFcVYIyNhxxJt[fngcdkPQXf]pzunySDKIrGjZE_ImspXJEj\\EGBneIaixscIE[ieuylc_DM_Eb]XbOTlPYjsRQ`zRYma]VESJL]KTHxAt]iDfIGi`qtflqTeZlRGRfCj^KOWlIXI\\izob]UIRDBf]YbTrslbpqjN[y`\\ujxWZkKCr_CxXIoNeWMFcu_tXpTfylUcxtObGeMlO_]TqnKhB]dDlZszLEydX_EFJZA_uMGzK\\rEYKCdffd]IRq^AOWCfcUj[WKWngnoVdsQcnaABVylvbxsc]^fqETcGIdCAfpzsoG_ZavNiWAQecnsYSoRIHyRQQKZJ_zV`zsH\\ZZCbQxZDCx^Uldir_qkppNIV\\DJXflfkgXzsmksK`NNSgFYuQ_AIHRfLQgGNnCYQRniUepEoy`QbzpjWeOGGl^cUlncGeeX]pwBtWDQ[[LKbBDM[xjc_vR`oKUcqNyKTInmCoqzbygg`TASibIIuCsa^XMiB\\ZN\\BqZNRJfGjBaPfA\\KCuPFpQRQMOfcHyG_YL^]bEXX]BKBRRsWk^zaJIfl`JAC^DzlvCr[]zdx^rcnGPyvWPrez`UQ`mxYDUuYCYGPZYtluCDS`rfPLFfOLVmVhaukBKtIxKlhJi\\yVGjx]ClhHiNyjgMhgkct^IjjIuUVGxF]dhsFfpsepNcTxuZRxDAZGc\\MWzobhVaJckVBnHBrrxDP`WmN\\DXDxgWAMfjgARxZgZkN`Y^qBJbI`LgzNaGex^MwUUoIXVqaAddGf_iDabBnFN\\BykZ[KT\\JNosKdUYgTAIvbaTisDDW\\YrGsnKgwWVhHZtrf^ZLJV[EEaZXWkbHPFioxmSpKlkxe\\nIh]CUdrMFxmCSUmQLoOXClEutLeBXf^ZdmRkuhM^XscrKjz\\Y\\_IWDlWdcJJzqpZ[TY`CBV^bkzJINjJLIdvHUD`BuHS_D_bCJWrQ[YWFAbfEcNVszyqMuSFPt^ItDy_MXGzqsskkMpGnX\\ZhlZ`FiUIqRbXwQ]CBDZg\\N`AGNFAELRsYE\\IdZY^CxI_Q\\o[jmEkyoxZLZYrcUDfzjzsoUZcevd_EAjfZfRRGbudGCwJAbvit^`b]vfUT]GCLZULknXwDl_YpVlmYPbCAueb\\HJ^Awyd\\rYghlYNJyfIzGmGKswDvDBQpnjdeuwGnuxxxEEgrUtCP]cVUCTIzuiYqHruCpcPC_UEJpIFnPMaKyATKUObaoHsM`GqNKeBleAkH^L_uOUjiHNrG^jhbAiOX\\rejSrdfLoayPLgIjhRZXKEROjj[w[lvmTfgapbWlE^ShtqSD_rTWozRnT[dIJikDeMw`ActFviThldVsXXXcX_xUUsNUyOcWmPDgumCwxN\\GgdBkFlkmQHfGPbLHV`HgGwv]`jxfU\\fKCrhlr]PN_qGedwXSaubYFpzji_KVnFXp]\\DXtZQsPuIQqQtdReE[tMENryCTRtZZYRHHszZHejJLhjsXebEJAxvQWqavWwaV[ir`IlkSLxpJDs`HFfikpQY\\VrkCZ^khInlysTPsrlxDHlN_QYplNq`KQVKRAishMIBPHbOmWqsDSVUdeMlAiyZSNbh^IxrJsQqzkxWjJCVXx]rvBbgowszOijBatldYyjKC_VsgqBqfdBUljm]bRDMARcQBvqpYYxZORpWfizyuBTegUQrGPCGu]KkwErlzMYMgbG[tWqtSFRzxxegfzjJWq`lHEZbqOyidHyEOpxkYIooKKnz[KFA^OppCUToxOCDHcWpy`YqBykNBkawRZHgJxLURJCt\\JmJGlhcnxBvmOz_^bnRnW^^HWuJWB_p]_UsMbHQDyITYMuuyhqjVkGEfPCjq_LlZLYNuGSw[^OpOJEv]AKjLpZmYPMw_Y[_nWuMogzsVuPs\\Qq]KHNqT]aelfpeuVXBCjBrPrHpASTQ`bQHYkmXKdKRpQ\\IrUxA]NplPzMSzYpBIQEJVhMKcArZ`kByWyyfUSoRm_sZ^[XmoJI`LRnJInY\\WWM_xOvB[Kgq\\mXqpngHcEeVb\\nFLo^buSvWRT\\P_WSd]SEYtwUVGQtRlqw][qpfgFvJrB_\\RXdLmBtPXULO[H[dZde\\WzoibgwWWubsYsDihh`kxhEGeaL`eSjNWDESdueGE]s]nTqbDlwlEu^juiDA[XlEKT\\UnlFmCYg[obSRke\\tVyJ]`VXuqefgkoRZs]oSfJifODuTVmQqwsiMJyoYUKvYnzkAQsYNqJNMP^O][E`EToksFFQthVy\\NQrOStC]TCAnf\\xfkSxPfrEyPsvLc`a[KmyzfzJaBCkRowMdHeIUYipVLty[yrto\\act]yzkIWOdHnKSfRDyWLB]xdnmAibJIwpNUTGJeXMB[LOYifphovXP_FwtKNjZoE[LxwySKtUzzzClUVDVtuUN_`jOXMyWhmNVkD[mh^^uaYQ_DK`pJUaujNgYNjuxvxRNmgARuRhVX[gGPKKMhJNSLSg^WC_yc`zcGDmXKNushK^Pa`ID_iPlkyBZA^usmjnr[EzMYnC[OUfApWwqt\\ZuQOrIBSXgSBGyXfp]awflfp]WSAddaDzQPsbLMqKFVVHNOhdKa[QwqiO[l\\pBinFOCpi_EdQjm`VQhPHfXZCGnC[beG[kBIWbPsKZyEGxKaKQSym\\UKeOlz\\AUGuxJ`idInApFhgSTFwMrJOfUyVq_IqQWJErJIoesaH_yxWg^RvgCOJKrPcKJrFAxjYvdpJKRSUQCkhXcjTMNKNIAtzu`d[A\\GbO_[DiIkVkusIHcLc[_tnn]QujpOehrTpvIZsHffD]p^OIlsSUBz]cSolO`TstFhsaDMyJT[pspRyzBmxxwQfsrMcUhebRmJXHeiF_tJBbKdmBpmMnVvxoCziqdd\\is^GftqUTgZDnPDiNZb`uYovqMdEezPuPhSig]HIyYsGwrJ_yR[WCEbQEbQYQmjUX_oGxVBlSYa\\`hzyDEGT_tsKFCeFMisMj_iYDDbdQjDd_GlWcRVLgWp_fdBvkv_eaTmAyavz^]CopOfzQN^uSgaSjKmZBfsULZDLTkXCWWiJTAiXxCe^YeRunZRon\\yreidWK[f`p\\_wyWzi\\V\\zBVvaHJXtZdOuYq`eWSM^WEhxFVvWZ&quot;,82)" fullname="Open_Lab_03._10.Tests.GetNumberOfCharsInStringTestRandom('c',&quot;SqqTyehguRRQX^CiPBOjJK\\RMqNIchfXreuI`hq[mHLwlBfqErWSwvUIU_GHW`DMfuZmduJbKoxCy_aLKWElRS[vPmnAbiDNDyQrbtNJioHIySJpyuxz[SvSZ^]rGIA]kjyAOidRJuC]LRxxcxCgkEmlCxXEWVCanfXOUJbPQgq`QZHHa`OJGUlgxMxQR`vnr\\j`uidZVmVEOM\\dqP^qHt[ZulRHLRxllCiokcNrwpoTygYklT[CBEgyBPfIX\\NDoeTL_htNBfuRFG[NTaWrrvjhVjn[wF[[bk`TTMME[MBVKUtupXorFWMtvgqotZRwLZkVbGtHTSXfuT]Aqsf_QdVL_gYhVXKBvFKke^Ti_h^myaycJpxBnmfcE`rviMlwHWkpImWS`wAdGcMxhq_`ZINJZcgEgXzSvbecqJZWZf\\qlC]\\TtNshL]zJbVaGSfHwih`xeG_WHGohWXXGKlnKHejEfYPosQHzUtDUw^imj\\`FhRmJy[vbsxpDy[RLrj_rzpS]UCJhCA[gEeXTgFqYV`GWEzW]L^vzwiFszQpvQN_s]IzTDx`ltF]ZjvXVgg\\`E\\jW__UVQuHHBNuwzCZOxJFrLgJDtZOemzoBYcp_cK\\yxVY\\B[VdNNbuVsLrVR]qg^UCZs_XNvfniGtqOhBYEfX`Xtg`XxIRieS[AVCIvxWRboLOyVdiQDmBFof`MyAPnUFEnYpsfs^GOFxciXaBTZBfsRUMk]wwxH_NjH[a`lCX`fmArCrpYyvTS[M]EdIJwaJHbjtawA]cWdFM`UUheG_yLLuPvy\\wct[z\\fZHJQtX]SwjUzxjO\\_qBLvVpefx_`A^IFltvN_TNH]tPLuvBmiHVexQkDS`fvsxSYaPODoAwKcuiCGdjkvmqsI^H[IrvyiSO_aqefhyyhKKCDbiwipvzFGZQDHnuwFy]QfJ\\QzECxoJix\\Es[uMJnSJYH`b_tDBbMimYXNgjksBRxkSbCv[Bsoix]lTkYaIumb]Pjg[NO^ZuRr\\WMz\\ydzjYzowgtvQKkH_VOCsW[MnUVnfeQx_ZFJRmsEQujoUSNOKKSFHJGE_WMUCMIRWvXrEaqm^Kmygfs\\HGc\\SKpUSAeua^BDlYXYuVKdUacwXIXs_lMwdhzMGD`EvvLzJiMOOZamwyHlcsxKcmVpRF[EZLSrqFhYUcnivJeFL[Ae`NdNGU\\JaWiEOHpCGiwqRiWzFOOZHQdrEq`LbFl\\e_syuj[oTcy]^JTqqeHrGBCQmqzXce[Bx[MmqYFVoZG`SHTv^iUxxtVc]bLDjCMjIw`DxazX_mDgv^yf^DutP]EDFdQONCglNWWVbQywiwZLqihzd``gIS[fs\\xTPkK]GRY_GcDMFxLSDsNWwRfi]zdvwl]GSfgxmwF_QIsA\\SaKGHczNbWyF]zGi]cVGxuZRN`GnjGoYeMJZYooI^slOirQxzqn`^u^YGtsb]M_[ca\\PqhPinMcEILdVPJotTOujjkS`vMgQUQgIWBGSaFmRRZPvQ]SSYfHTfmaFVjma`Sks_[zOC]SO]cXP\\WPYuUsjJS]e\\AwrSLmzjXWp^EPvStrCUQeyZTgLZAiMyVmC`[vQqXaDz[vqEwWQ[[PLWyXz`aaiiKqHRNWsybLxjazzXpH]eYl_GbfaDvlQrsUodn`q`_StOR\\pzXbjZDEQYSBjbpoCpvFqLKWePQwFGsPoGqbfUBqooEWQmqPkkPDSLedoBx[JGyKaDMclOIioFRCHoFrZBMVqowc\\MndWbghqupN`N^]bbPNtc]AwGAItcTlGeH_[_RNYeMMyrRM^koO`jiskmhQa_nNbEHvFzBCQBoPWPBEoofJoELWvOoirBguqyfukVG_jly_uZ][kc\\mteY]skAqKSLPVuYXeHUYhHZCGh]]mUxO`tAL`JBAVPTWajIzAFpcODFmLWVLO_EqUxk]uNr[GUCXnC]X`]\\h_Vz\\nOAJoqlrL]BdzfFmNV]uAiyItyglCXSzxOjgNhgPcLLRBtYtXjZIsF\\FPrPqKApnJCflwZ`aiMRp]gHA`mUSyKHsmdWVXqFcVYIyNhxxJt[fngcdkPQXf]pzunySDKIrGjZE_ImspXJEj\\EGBneIaixscIE[ieuylc_DM_Eb]XbOTlPYjsRQ`zRYma]VESJL]KTHxAt]iDfIGi`qtflqTeZlRGRfCj^KOWlIXI\\izob]UIRDBf]YbTrslbpqjN[y`\\ujxWZkKCr_CxXIoNeWMFcu_tXpTfylUcxtObGeMlO_]TqnKhB]dDlZszLEydX_EFJZA_uMGzK\\rEYKCdffd]IRq^AOWCfcUj[WKWngnoVdsQcnaABVylvbxsc]^fqETcGIdCAfpzsoG_ZavNiWAQecnsYSoRIHyRQQKZJ_zV`zsH\\ZZCbQxZDCx^Uldir_qkppNIV\\DJXflfkgXzsmksK`NNSgFYuQ_AIHRfLQgGNnCYQRniUepEoy`QbzpjWeOGGl^cUlncGeeX]pwBtWDQ[[LKbBDM[xjc_vR`oKUcqNyKTInmCoqzbygg`TASibIIuCsa^XMiB\\ZN\\BqZNRJfGjBaPfA\\KCuPFpQRQMOfcHyG_YL^]bEXX]BKBRRsWk^zaJIfl`JAC^DzlvCr[]zdx^rcnGPyvWPrez`UQ`mxYDUuYCYGPZYtluCDS`rfPLFfOLVmVhaukBKtIxKlhJi\\yVGjx]ClhHiNyjgMhgkct^IjjIuUVGxF]dhsFfpsepNcTxuZRxDAZGc\\MWzobhVaJckVBnHBrrxDP`WmN\\DXDxgWAMfjgARxZgZkN`Y^qBJbI`LgzNaGex^MwUUoIXVqaAddGf_iDabBnFN\\BykZ[KT\\JNosKdUYgTAIvbaTisDDW\\YrGsnKgwWVhHZtrf^ZLJV[EEaZXWkbHPFioxmSpKlkxe\\nIh]CUdrMFxmCSUmQLoOXClEutLeBXf^ZdmRkuhM^XscrKjz\\Y\\_IWDlWdcJJzqpZ[TY`CBV^bkzJINjJLIdvHUD`BuHS_D_bCJWrQ[YWFAbfEcNVszyqMuSFPt^ItDy_MXGzqsskkMpGnX\\ZhlZ`FiUIqRbXwQ]CBDZg\\N`AGNFAELRsYE\\IdZY^CxI_Q\\o[jmEkyoxZLZYrcUDfzjzsoUZcevd_EAjfZfRRGbudGCwJAbvit^`b]vfUT]GCLZULknXwDl_YpVlmYPbCAueb\\HJ^Awyd\\rYghlYNJyfIzGmGKswDvDBQpnjdeuwGnuxxxEEgrUtCP]cVUCTIzuiYqHruCpcPC_UEJpIFnPMaKyATKUObaoHsM`GqNKeBleAkH^L_uOUjiHNrG^jhbAiOX\\rejSrdfLoayPLgIjhRZXKEROjj[w[lvmTfgapbWlE^ShtqSD_rTWozRnT[dIJikDeMw`ActFviThldVsXXXcX_xUUsNUyOcWmPDgumCwxN\\GgdBkFlkmQHfGPbLHV`HgGwv]`jxfU\\fKCrhlr]PN_qGedwXSaubYFpzji_KVnFXp]\\DXtZQsPuIQqQtdReE[tMENryCTRtZZYRHHszZHejJLhjsXebEJAxvQWqavWwaV[ir`IlkSLxpJDs`HFfikpQY\\VrkCZ^khInlysTPsrlxDHlN_QYplNq`KQVKRAishMIBPHbOmWqsDSVUdeMlAiyZSNbh^IxrJsQqzkxWjJCVXx]rvBbgowszOijBatldYyjKC_VsgqBqfdBUljm]bRDMARcQBvqpYYxZORpWfizyuBTegUQrGPCGu]KkwErlzMYMgbG[tWqtSFRzxxegfzjJWq`lHEZbqOyidHyEOpxkYIooKKnz[KFA^OppCUToxOCDHcWpy`YqBykNBkawRZHgJxLURJCt\\JmJGlhcnxBvmOz_^bnRnW^^HWuJWB_p]_UsMbHQDyITYMuuyhqjVkGEfPCjq_LlZLYNuGSw[^OpOJEv]AKjLpZmYPMw_Y[_nWuMogzsVuPs\\Qq]KHNqT]aelfpeuVXBCjBrPrHpASTQ`bQHYkmXKdKRpQ\\IrUxA]NplPzMSzYpBIQEJVhMKcArZ`kByWyyfUSoRm_sZ^[XmoJI`LRnJInY\\WWM_xOvB[Kgq\\mXqpngHcEeVb\\nFLo^buSvWRT\\P_WSd]SEYtwUVGQtRlqw][qpfgFvJrB_\\RXdLmBtPXULO[H[dZde\\WzoibgwWWubsYsDihh`kxhEGeaL`eSjNWDESdueGE]s]nTqbDlwlEu^juiDA[XlEKT\\UnlFmCYg[obSRke\\tVyJ]`VXuqefgkoRZs]oSfJifODuTVmQqwsiMJyoYUKvYnzkAQsYNqJNMP^O][E`EToksFFQthVy\\NQrOStC]TCAnf\\xfkSxPfrEyPsvLc`a[KmyzfzJaBCkRowMdHeIUYipVLty[yrto\\act]yzkIWOdHnKSfRDyWLB]xdnmAibJIwpNUTGJeXMB[LOYifphovXP_FwtKNjZoE[LxwySKtUzzzClUVDVtuUN_`jOXMyWhmNVkD[mh^^uaYQ_DK`pJUaujNgYNjuxvxRNmgARuRhVX[gGPKKMhJNSLSg^WC_yc`zcGDmXKNushK^Pa`ID_iPlkyBZA^usmjnr[EzMYnC[OUfApWwqt\\ZuQOrIBSXgSBGyXfp]awflfp]WSAddaDzQPsbLMqKFVVHNOhdKa[QwqiO[l\\pBinFOCpi_EdQjm`VQhPHfXZCGnC[beG[kBIWbPsKZyEGxKaKQSym\\UKeOlz\\AUGuxJ`idInApFhgSTFwMrJOfUyVq_IqQWJErJIoesaH_yxWg^RvgCOJKrPcKJrFAxjYvdpJKRSUQCkhXcjTMNKNIAtzu`d[A\\GbO_[DiIkVkusIHcLc[_tnn]QujpOehrTpvIZsHffD]p^OIlsSUBz]cSolO`TstFhsaDMyJT[pspRyzBmxxwQfsrMcUhebRmJXHeiF_tJBbKdmBpmMnVvxoCziqdd\\is^GftqUTgZDnPDiNZb`uYovqMdEezPuPhSig]HIyYsGwrJ_yR[WCEbQEbQYQmjUX_oGxVBlSYa\\`hzyDEGT_tsKFCeFMisMj_iYDDbdQjDd_GlWcRVLgWp_fdBvkv_eaTmAyavz^]CopOfzQN^uSgaSjKmZBfsULZDLTkXCWWiJTAiXxCe^YeRunZRon\\yreidWK[f`p\\_wyWzi\\V\\zBVvaHJXtZdOuYq`eWSM^WEhxFVvWZ&quot;,82)" methodname="GetNumberOfCharsInStringTestRandom" classname="Open_Lab_03._10.Tests" runstate="Runnable" seed="1253306682" result="Passed" start-time="2021-10-19 19:34:08Z" end-time="2021-10-19 19:34:08Z" duration="0.000094" asserts="1" />
            <test-case id="1011" name="GetNumberOfCharsInStringTestRandom('t',&quot;YzyqOnCOBClGMMd_IrVRJIydwix\\mNBZqQpvZzQrUDL[ey[l]qn_ERJQBUtapb]nBRPvXiEIb^xGx_zxNMyv[]V`H`tFGkCmaXYSj_TomfxbTCT]VwScdbT_wjorozCr\\K`aFgOjsJIp`nLEMWjJXZJzEuVAk\\AncGFI^nXjhdjZY^yI^jfXPsZBBa\\LQOyWJVMZhCbZzA\\ojjaavN]Bqd^kgEHwRLYZfTPDQ`[[HMXOWfRRAvPDlwaar]mdveInbCJW[^PWmBtdLPUBmpwVwVhimjLomr`]EdgU]ur^fsQkDwUcHlqGimrMU[ekR[eu]W`bcA_rxZjDExfpUdgAAZoRm[zBQHLLOVNgXnzHNyIOCnIWppWhnduDbNpIA^bqN_pikzXbd`nBQaPySdM\\k_Xe\\KEKxrHjXRA_yZgqXpDOqsmByqqWQGFjGKMauNdmXDeyakAsxVDv[JodXCMGBlYQLQYoMGvKLRrmNo\\NpxZvCKPxVdIsA]lfeUmPSMfr[tkISCVcbyQDS^OBA\\YdxDJiaLHtBMvdSb\\J[HeSN`QBLhTHGlOrnCtWjBcGu]bVDhlkCEbtqGVXmH]srAnQxEpPhEZY__Ylyvy_wdEBKUAhg]eb`jPtiQXzr\\CyfIVShdYqJyvOwmGdDHcLZrtpO_Di^zg\\aGVBzizDDnYanBxwJovjsr_nO`DJakTKR[hpWEdUI`HgZSBNaG_jDwdiccnZfq^S[OPTTHaFKabSjrUv_qcZMdGUqyNnRKjRBoMKDhtYaZ_]UQzkNruoNDGqIu]UumnArQQvfJsrwJtnFdAaz^`[PvExiVCIK`_nf^fEzDEEyDsDKSk_uwUWMSlwLSMQHjhXfFHcxvavY\\\\MCAnVf_ONKHbTmjsgroxPV\\YFLIazWYxkq_tL`qec\\ZM^_oqOCtEe_MqbbhK^xPrlKq]NqhHAJUowOvbWRSw]UTLeiSdsgHfLc[ThRdYVmD[KYuSgGnLfTUXqer`_DPUBjcUobtFiubkQsBMnzxlswzsNC]DZEtS^jZ\\pa^ENi]lleHydfl_G^\\FjkGlFpfeAOMaZ`WN\\s^KZOGdv_[oTVLzNTmF[mzXDsl^Xa_DP^CNzRf\\d]paVrReDNTFnRnjsGGb^dMVzW_pSyAviQ\\xwZCLbG[KMZPyjTVtLEyzP[ayS\\SEMYX]pqmZDuAWJCIaGaGzcGkdS\\i]sEtFoVxoBnJtavqQDbqMRzrmUS]GhnKTHQazBucoFU`TXNYgQ[akf\\KtNHk\\trGOdqlQVrOIzCHx[^VHtppNNZhgGhluKGvONRka\\IRZLXldTMYjmdbDBtAJIEJhFUysGtkInofl^WBphETtOCIb`rMTQaYXyeUrYt][]PwxxqafsK]ElQYCLXTOgXsMVOmtBJXobtXzGKdiRb[FETfiLRgAaNnFXkbiEgdjni^stZwBnexEwmHBcEik^WOTFSbVcveeylSWqnolVfMvQiIecaFAytMWZJmbraYsATGK[lLpPwVrKTDWJwnCqdfE`vwgANuoMUuxcyKqUPlC_UMGGWYumVBXhBe_o_oBCafpYGoKmwhasdaLjpadpzBqS]PaTgBq\\jAxjWhAcNIpi\\_E\\ZozxKMC`o^wqOrFvrFJcc]TH`BcqLIryLEurCsQ^xYutlKUWCurVV\\sw\\rYJeMTffxeJwOsypgfKbZWVhLnQR\\cjMyVL[HtkFPNn`KZoCsajqiUB[D\\YYCUKVuxysg_imuFSMcp]mzNYutt_dTkXf[SCuCYeN\\vWUswwcCpsNygZowP]BZU_wGCScDYKKKPQDrDCwxvb_sJgosNynwdoGW[NpeT`dfiCiVVwsM`D^nADxW^jp[WNb\\JhXpNSdVxtJHxZ^QFaW`QTWWQZHekJO[\\NLi`DzN[IqGupYDM_UqrBLqQB_oKzfnfjgkNolCbIFI^Q][ADXLoXdZCVX^_KC[]C[KJhqXnSPivCTA`EnHb[zNGMirXO_WGef[pRQTNzX\\Hu_zCXxZXvtCDNExzyA`otcQXsLOn[ubC^GLhjpAQEzKldXcMTTOzshOSNcKLjgwBRzaGtPQJAOkuX_n\\cB[GfcJprs[HeobXCIZeq\\TDDEzewUuiojdhMqWjpkPApJ_MhTsPFJeHiXDad`t^xlSvLtLMmjoGLSNuamxd]fdfE\\zpnpGQrmCErdBnHf]VU^vVJIAqcPBSHgqjtWZwd_PZPJDxlJ\\qIORa`dfeoQhbkkwKmRtlM`mqO\\GAEDEZoLJtVQJPkoISqij`MsLZPkdc][SE^f`lLOm`aDp\\IdAXXZAamaoMseJDbaXuxFmFPWGbvJyJCjRfjLLC[mRwrTsbFjyAfv_CrvIASYedcfJJS^UVVUZLopOv_`]MLy^HKOnnDKkBHiULKjObVceQ\\SOChN]mwYXeHByEkaSKeYDF[ClpRvrdTMfrAlGqhxFjQjEIkJroQZgDPJbf\\h\\BboRvWGEyZ]]hSUplydEHECStaccqK\\UA]EI]YIldFsVnwykvUqgrdTx_\\XVo_NoyH]KOMSSpr[BLh`wbrh]To]XJGdABnxFsDWg[o]iB^rAIRlrw[owqk[JfFBHdSRCtUJHQt]nUy\\px]OrVlEazBPIcMBUmUFiMpGnIdbDxAbrOeMIqKmrOkDsFA_DsHAAtmdHW\\jlKAdyZXtyzs_bcO[]lNhHE^Lpzby]BEmU[AhNGEZiHaDzdYXeRGWInbggpnyrYXwuFJHcaNVhozz_ZLMaJTKuiebtTAYTGbPkeIt[RpEEkjUocIMdbXhFNBM\\cNO`oCaMkPuRSlPUPFJzPmQLooljuJ^cwXrDb_QiIIDSOvRpITpHrMMpxClzQrRamRUutLnko\\rHjyxs^vaaTVkkLCG_nQXRq^awbXvxaFSWUFGyFs]UQkMWbdirEOx_E`QMXBRGAdAOCUVGwIYuoCBFQJUxiEtRIoSpoubEbWUgkyTMOcuwpCkB_LvNgTXvkjGOCaSCaUTYhUVSpIjGJx\\FEQQdyTXNyYwArFKhQsV[jRTKpdX_eRmnOBJlQjDNxF[PYU[kxBqQbAVmxFnVvsdggJmqvYXapH^erEm\\Ihad\\\\LOfXoKwiRE]ncOceo`dP\\[]lusTSMNSzKKx^L_dNeGpYHD\\^s_tBzMAllt]wrd]Em]dYREYPvWeVeDeqWpZhUQAxKMmRChWAdlgf[DMnFdGdceHhPf`BKpj]]fNFSHNOAdlsXyWTdgbkKWV`EFBWIVqnCJIopH\\yWsdy&quot;,53)" fullname="Open_Lab_03._10.Tests.GetNumberOfCharsInStringTestRandom('t',&quot;YzyqOnCOBClGMMd_IrVRJIydwix\\mNBZqQpvZzQrUDL[ey[l]qn_ERJQBUtapb]nBRPvXiEIb^xGx_zxNMyv[]V`H`tFGkCmaXYSj_TomfxbTCT]VwScdbT_wjorozCr\\K`aFgOjsJIp`nLEMWjJXZJzEuVAk\\AncGFI^nXjhdjZY^yI^jfXPsZBBa\\LQOyWJVMZhCbZzA\\ojjaavN]Bqd^kgEHwRLYZfTPDQ`[[HMXOWfRRAvPDlwaar]mdveInbCJW[^PWmBtdLPUBmpwVwVhimjLomr`]EdgU]ur^fsQkDwUcHlqGimrMU[ekR[eu]W`bcA_rxZjDExfpUdgAAZoRm[zBQHLLOVNgXnzHNyIOCnIWppWhnduDbNpIA^bqN_pikzXbd`nBQaPySdM\\k_Xe\\KEKxrHjXRA_yZgqXpDOqsmByqqWQGFjGKMauNdmXDeyakAsxVDv[JodXCMGBlYQLQYoMGvKLRrmNo\\NpxZvCKPxVdIsA]lfeUmPSMfr[tkISCVcbyQDS^OBA\\YdxDJiaLHtBMvdSb\\J[HeSN`QBLhTHGlOrnCtWjBcGu]bVDhlkCEbtqGVXmH]srAnQxEpPhEZY__Ylyvy_wdEBKUAhg]eb`jPtiQXzr\\CyfIVShdYqJyvOwmGdDHcLZrtpO_Di^zg\\aGVBzizDDnYanBxwJovjsr_nO`DJakTKR[hpWEdUI`HgZSBNaG_jDwdiccnZfq^S[OPTTHaFKabSjrUv_qcZMdGUqyNnRKjRBoMKDhtYaZ_]UQzkNruoNDGqIu]UumnArQQvfJsrwJtnFdAaz^`[PvExiVCIK`_nf^fEzDEEyDsDKSk_uwUWMSlwLSMQHjhXfFHcxvavY\\\\MCAnVf_ONKHbTmjsgroxPV\\YFLIazWYxkq_tL`qec\\ZM^_oqOCtEe_MqbbhK^xPrlKq]NqhHAJUowOvbWRSw]UTLeiSdsgHfLc[ThRdYVmD[KYuSgGnLfTUXqer`_DPUBjcUobtFiubkQsBMnzxlswzsNC]DZEtS^jZ\\pa^ENi]lleHydfl_G^\\FjkGlFpfeAOMaZ`WN\\s^KZOGdv_[oTVLzNTmF[mzXDsl^Xa_DP^CNzRf\\d]paVrReDNTFnRnjsGGb^dMVzW_pSyAviQ\\xwZCLbG[KMZPyjTVtLEyzP[ayS\\SEMYX]pqmZDuAWJCIaGaGzcGkdS\\i]sEtFoVxoBnJtavqQDbqMRzrmUS]GhnKTHQazBucoFU`TXNYgQ[akf\\KtNHk\\trGOdqlQVrOIzCHx[^VHtppNNZhgGhluKGvONRka\\IRZLXldTMYjmdbDBtAJIEJhFUysGtkInofl^WBphETtOCIb`rMTQaYXyeUrYt][]PwxxqafsK]ElQYCLXTOgXsMVOmtBJXobtXzGKdiRb[FETfiLRgAaNnFXkbiEgdjni^stZwBnexEwmHBcEik^WOTFSbVcveeylSWqnolVfMvQiIecaFAytMWZJmbraYsATGK[lLpPwVrKTDWJwnCqdfE`vwgANuoMUuxcyKqUPlC_UMGGWYumVBXhBe_o_oBCafpYGoKmwhasdaLjpadpzBqS]PaTgBq\\jAxjWhAcNIpi\\_E\\ZozxKMC`o^wqOrFvrFJcc]TH`BcqLIryLEurCsQ^xYutlKUWCurVV\\sw\\rYJeMTffxeJwOsypgfKbZWVhLnQR\\cjMyVL[HtkFPNn`KZoCsajqiUB[D\\YYCUKVuxysg_imuFSMcp]mzNYutt_dTkXf[SCuCYeN\\vWUswwcCpsNygZowP]BZU_wGCScDYKKKPQDrDCwxvb_sJgosNynwdoGW[NpeT`dfiCiVVwsM`D^nADxW^jp[WNb\\JhXpNSdVxtJHxZ^QFaW`QTWWQZHekJO[\\NLi`DzN[IqGupYDM_UqrBLqQB_oKzfnfjgkNolCbIFI^Q][ADXLoXdZCVX^_KC[]C[KJhqXnSPivCTA`EnHb[zNGMirXO_WGef[pRQTNzX\\Hu_zCXxZXvtCDNExzyA`otcQXsLOn[ubC^GLhjpAQEzKldXcMTTOzshOSNcKLjgwBRzaGtPQJAOkuX_n\\cB[GfcJprs[HeobXCIZeq\\TDDEzewUuiojdhMqWjpkPApJ_MhTsPFJeHiXDad`t^xlSvLtLMmjoGLSNuamxd]fdfE\\zpnpGQrmCErdBnHf]VU^vVJIAqcPBSHgqjtWZwd_PZPJDxlJ\\qIORa`dfeoQhbkkwKmRtlM`mqO\\GAEDEZoLJtVQJPkoISqij`MsLZPkdc][SE^f`lLOm`aDp\\IdAXXZAamaoMseJDbaXuxFmFPWGbvJyJCjRfjLLC[mRwrTsbFjyAfv_CrvIASYedcfJJS^UVVUZLopOv_`]MLy^HKOnnDKkBHiULKjObVceQ\\SOChN]mwYXeHByEkaSKeYDF[ClpRvrdTMfrAlGqhxFjQjEIkJroQZgDPJbf\\h\\BboRvWGEyZ]]hSUplydEHECStaccqK\\UA]EI]YIldFsVnwykvUqgrdTx_\\XVo_NoyH]KOMSSpr[BLh`wbrh]To]XJGdABnxFsDWg[o]iB^rAIRlrw[owqk[JfFBHdSRCtUJHQt]nUy\\px]OrVlEazBPIcMBUmUFiMpGnIdbDxAbrOeMIqKmrOkDsFA_DsHAAtmdHW\\jlKAdyZXtyzs_bcO[]lNhHE^Lpzby]BEmU[AhNGEZiHaDzdYXeRGWInbggpnyrYXwuFJHcaNVhozz_ZLMaJTKuiebtTAYTGbPkeIt[RpEEkjUocIMdbXhFNBM\\cNO`oCaMkPuRSlPUPFJzPmQLooljuJ^cwXrDb_QiIIDSOvRpITpHrMMpxClzQrRamRUutLnko\\rHjyxs^vaaTVkkLCG_nQXRq^awbXvxaFSWUFGyFs]UQkMWbdirEOx_E`QMXBRGAdAOCUVGwIYuoCBFQJUxiEtRIoSpoubEbWUgkyTMOcuwpCkB_LvNgTXvkjGOCaSCaUTYhUVSpIjGJx\\FEQQdyTXNyYwArFKhQsV[jRTKpdX_eRmnOBJlQjDNxF[PYU[kxBqQbAVmxFnVvsdggJmqvYXapH^erEm\\Ihad\\\\LOfXoKwiRE]ncOceo`dP\\[]lusTSMNSzKKx^L_dNeGpYHD\\^s_tBzMAllt]wrd]Em]dYREYPvWeVeDeqWpZhUQAxKMmRChWAdlgf[DMnFdGdceHhPf`BKpj]]fNFSHNOAdlsXyWTdgbkKWV`EFBWIVqnCJIopH\\yWsdy&quot;,53)" methodname="GetNumberOfCharsInStringTestRandom" classname="Open_Lab_03._10.Tests" runstate="Runnable" seed="1192754536" result="Passed" start-time="2021-10-19 19:34:08Z" end-time="2021-10-19 19:34:08Z" duration="0.000084" asserts="1" />
            <test-case id="1012" name="GetNumberOfCharsInStringTestRandom('K',&quot;PQPMX^OzSFQiANFrFemxqNqb^]LcUSnWgqplGwxT`CrD_HHNs_myLvYC[hivSfeAStCJXUkJhZYnVnDVVxjpapLkXnRZNCBtYrleFxq_ocQl^eghdT`UwpZ^iRmeDRwfY_V_BZPYHLBx_ZNmHdpu]gxcXNwoKL\\]ffTyPHfKDHNln]yODz^Z\\CJmbmGo]\\Nvj`StGP^zyfqUYLpvPhkLiCAc\\aW]BrhbuRBOJFIo]_[qMoTVxK_pkCNg_jX`tAxHyOZGKamJ`wiJbJWhMA`qSsqsEVkZidv]aTsxUNLWYVPoTDFUTkSs[GoGYbCpqS[vAMdORZSzoIYwcB`APVGyQCBZ_m_nKWaFvUnG[qCtXSDSis^WCB`\\M\\fyKJj`u_oYcTBOOYaZSMayyjlgOIlJrFsZipwRG^zt^fjVqPIe\\FIAvgz\\XDQmnfa^[c`Y\\PSoMh[TzWpyAHhlws^Cq\\tDNNFsEMuOkjIMnTnNMf\\AORlgxpacE]cAVObzbcOn\\bORy\\ycEQqKAspv\\ZuPgSJNHHr_mofdXh`gD[h]rx_ogXA]Zf^IhzHJXAJreZqPeMnSTIrBlYYioUbjGUFGQ^wYaVODQqsXHOK[eiJQn]WPaYUCZ[kQUjyGPVlxtokvaAb`KGEYKoToGgrIAMepFcDYPDKPxLXzl\\jarosSWSFaWKAc^dwhKvqxxJQGvo\\zWTDfxRQLTRZn^]BEDblTOjoqelci_lWbrFJCHUfMSkTs]C[[HLDTCHkh_MAMichcurwXTzxjw`B^WwTcQIbThD`jU]^uTY_kDkyeGDGINUW^GNQctYw`BUurSMDq\\DV_BRZfxj\\NBYFTgBdHLvBv]yijqGStAPgKzs]onfeJwj_cPbLQcvfaBZBDckprWbMlluUn`oTaQrynZG[OvCREeGJ`qZMCqnnU]mqUMXkobEPK[Od\\QawTQIHflowGcRk^EeRgPFC^S]]`qzEcpkmPr[DTfLdX\\dLQUmFqwwMK_YAnfbolkTRr_[fdaxBE\\eCjRMLDtOft_blYZPiEXrhHRUltG]PzvIjuWR]ZVks]iYTxjNKROwgewuXw[RwXygxWsrBImPigyLZtBnKtRykz\\Fx\\tayEn\\^B[wFrMC_zNAfk\\^ugGDFzvyunt`OMQet^hXZEiThO[kl\\ZMAVfSxjV^G\\CSygnSjcHHDEEqynWq`KNZTg`tayhJHKRxCVUA\\IBITSJwRpTJT_xvOczRHullvxAtmGocYWVXJEFA^dcle^pcMVj[WDsaXPMWRQJKBlkxJalJ]yn_SzHYIYgXXTMV^pAusjjMZXktmsZge`xXPUOXIoOtdmnh_V[U`rRmPaEvONgPyAmrWoFIaclD\\pdhdDUWYFGmOLIiPSJuHyuczwQkQRnwFNQZxXRKtPrtuAdLgWsOZrv^uAihneFGRJgAuilsByAsGBiySFDuZ`^ORn`xjdXPJlbkTcQxfAM[qDWtRjUhaLhmgYiHJoJYbliVZyfkoFPYSDXOWffzOjiyEpDvuJorqosEVB[TEet\\vOZdA[k_IJJrDjReujpeRYb_KTsVLSveqMCpV[vZZQihfBAfkqYUoOK^gvZgbVSqO_Aqh\\O[oVLAjutJSMfUtapcC_J[AOsExrYGAJyObyaZDJolBQUUjyxhjYnIRoZ`^GDr]nIIOWnvAW`tkYYku^UzukXcWqxm_AvwGwPOHLGTLBhSsuXtWifAmDxlWamXYAWz\\cnoJKcjWAotDEj\\ZEWpVuJCz^sbYivKeirQHcjMFvdlPDiRqQyUdbdaYkpfRBQhFdOVMZUqUKjZRXmvpakHkabDERrWmEuEfvggpSFXwHAYrKOAxuqlQIx_CKRubxDQQeoVlGF]\\TLdaIMtCqZsOJo]yHdfBKpyDkIMWtPqoTQwxUyuyXsl_LBHqRXd^[\\Q^M`qzz^JbcDusr`eJjgeSEZsiBWE\\fTUszZkoHuztiKwHHOymmZnnqyZmhIycZhvOjCtYopBohkdu^lbmYRjL`aBBzxHzvW[BOiYEV`xxYzGGU_PwbLKHyjiIBrYriCsQPcfpT]XsUlna[ug[iLYjMTC`zPD^GGOWGpqmt[dEoRnMvIhGLyI^dIEw`FqDYulN]X[fEubOcTvuapeqcxSIxlmxluMod`fua`j_iCCQWuuPNKWj\\z\\\\bdPle^uJineCiBUAGFI`vBlCq^ja^]SeEKSxPytLIscdQsbMqVdVrva`rMuHnTgM[zy^iWlHMxXCZImyv^kIswnIenFCElXoMWIQuD^Ze]Jt_^Fi[vLPc^T^MptvRiD[`cqDz\\EsAR^WnteGhXcIaIMiCfEEKcIwYiTvgCjzrTPRzxjSKmOtFvuXWIBUWzhXIbxF`iZehcQMsuiFvltXTOq^nw`_BVcrfrJXzen]TdM^ei_]ZvZfGQEul[SdJvdSAYaBlQGQyXEkCTsFXDEFwxlUnOg_RJTXzt]LH^lIpIgiMTsYcNLFq_WChMN]ebzoEgkIqgxuSwQoQCIZWOvEyNb\\^[_vPP_NIreadjcwPQnuNbleDoFVgvprFPeVHCeDXDfYYcqggzohZgNwiur\\JIaNCn\\TFMoNgk^KwSL\\xYjgGIXYChhN&quot;,37)" fullname="Open_Lab_03._10.Tests.GetNumberOfCharsInStringTestRandom('K',&quot;PQPMX^OzSFQiANFrFemxqNqb^]LcUSnWgqplGwxT`CrD_HHNs_myLvYC[hivSfeAStCJXUkJhZYnVnDVVxjpapLkXnRZNCBtYrleFxq_ocQl^eghdT`UwpZ^iRmeDRwfY_V_BZPYHLBx_ZNmHdpu]gxcXNwoKL\\]ffTyPHfKDHNln]yODz^Z\\CJmbmGo]\\Nvj`StGP^zyfqUYLpvPhkLiCAc\\aW]BrhbuRBOJFIo]_[qMoTVxK_pkCNg_jX`tAxHyOZGKamJ`wiJbJWhMA`qSsqsEVkZidv]aTsxUNLWYVPoTDFUTkSs[GoGYbCpqS[vAMdORZSzoIYwcB`APVGyQCBZ_m_nKWaFvUnG[qCtXSDSis^WCB`\\M\\fyKJj`u_oYcTBOOYaZSMayyjlgOIlJrFsZipwRG^zt^fjVqPIe\\FIAvgz\\XDQmnfa^[c`Y\\PSoMh[TzWpyAHhlws^Cq\\tDNNFsEMuOkjIMnTnNMf\\AORlgxpacE]cAVObzbcOn\\bORy\\ycEQqKAspv\\ZuPgSJNHHr_mofdXh`gD[h]rx_ogXA]Zf^IhzHJXAJreZqPeMnSTIrBlYYioUbjGUFGQ^wYaVODQqsXHOK[eiJQn]WPaYUCZ[kQUjyGPVlxtokvaAb`KGEYKoToGgrIAMepFcDYPDKPxLXzl\\jarosSWSFaWKAc^dwhKvqxxJQGvo\\zWTDfxRQLTRZn^]BEDblTOjoqelci_lWbrFJCHUfMSkTs]C[[HLDTCHkh_MAMichcurwXTzxjw`B^WwTcQIbThD`jU]^uTY_kDkyeGDGINUW^GNQctYw`BUurSMDq\\DV_BRZfxj\\NBYFTgBdHLvBv]yijqGStAPgKzs]onfeJwj_cPbLQcvfaBZBDckprWbMlluUn`oTaQrynZG[OvCREeGJ`qZMCqnnU]mqUMXkobEPK[Od\\QawTQIHflowGcRk^EeRgPFC^S]]`qzEcpkmPr[DTfLdX\\dLQUmFqwwMK_YAnfbolkTRr_[fdaxBE\\eCjRMLDtOft_blYZPiEXrhHRUltG]PzvIjuWR]ZVks]iYTxjNKROwgewuXw[RwXygxWsrBImPigyLZtBnKtRykz\\Fx\\tayEn\\^B[wFrMC_zNAfk\\^ugGDFzvyunt`OMQet^hXZEiThO[kl\\ZMAVfSxjV^G\\CSygnSjcHHDEEqynWq`KNZTg`tayhJHKRxCVUA\\IBITSJwRpTJT_xvOczRHullvxAtmGocYWVXJEFA^dcle^pcMVj[WDsaXPMWRQJKBlkxJalJ]yn_SzHYIYgXXTMV^pAusjjMZXktmsZge`xXPUOXIoOtdmnh_V[U`rRmPaEvONgPyAmrWoFIaclD\\pdhdDUWYFGmOLIiPSJuHyuczwQkQRnwFNQZxXRKtPrtuAdLgWsOZrv^uAihneFGRJgAuilsByAsGBiySFDuZ`^ORn`xjdXPJlbkTcQxfAM[qDWtRjUhaLhmgYiHJoJYbliVZyfkoFPYSDXOWffzOjiyEpDvuJorqosEVB[TEet\\vOZdA[k_IJJrDjReujpeRYb_KTsVLSveqMCpV[vZZQihfBAfkqYUoOK^gvZgbVSqO_Aqh\\O[oVLAjutJSMfUtapcC_J[AOsExrYGAJyObyaZDJolBQUUjyxhjYnIRoZ`^GDr]nIIOWnvAW`tkYYku^UzukXcWqxm_AvwGwPOHLGTLBhSsuXtWifAmDxlWamXYAWz\\cnoJKcjWAotDEj\\ZEWpVuJCz^sbYivKeirQHcjMFvdlPDiRqQyUdbdaYkpfRBQhFdOVMZUqUKjZRXmvpakHkabDERrWmEuEfvggpSFXwHAYrKOAxuqlQIx_CKRubxDQQeoVlGF]\\TLdaIMtCqZsOJo]yHdfBKpyDkIMWtPqoTQwxUyuyXsl_LBHqRXd^[\\Q^M`qzz^JbcDusr`eJjgeSEZsiBWE\\fTUszZkoHuztiKwHHOymmZnnqyZmhIycZhvOjCtYopBohkdu^lbmYRjL`aBBzxHzvW[BOiYEV`xxYzGGU_PwbLKHyjiIBrYriCsQPcfpT]XsUlna[ug[iLYjMTC`zPD^GGOWGpqmt[dEoRnMvIhGLyI^dIEw`FqDYulN]X[fEubOcTvuapeqcxSIxlmxluMod`fua`j_iCCQWuuPNKWj\\z\\\\bdPle^uJineCiBUAGFI`vBlCq^ja^]SeEKSxPytLIscdQsbMqVdVrva`rMuHnTgM[zy^iWlHMxXCZImyv^kIswnIenFCElXoMWIQuD^Ze]Jt_^Fi[vLPc^T^MptvRiD[`cqDz\\EsAR^WnteGhXcIaIMiCfEEKcIwYiTvgCjzrTPRzxjSKmOtFvuXWIBUWzhXIbxF`iZehcQMsuiFvltXTOq^nw`_BVcrfrJXzen]TdM^ei_]ZvZfGQEul[SdJvdSAYaBlQGQyXEkCTsFXDEFwxlUnOg_RJTXzt]LH^lIpIgiMTsYcNLFq_WChMN]ebzoEgkIqgxuSwQoQCIZWOvEyNb\\^[_vPP_NIreadjcwPQnuNbleDoFVgvprFPeVHCeDXDfYYcqggzohZgNwiur\\JIaNCn\\TFMoNgk^KwSL\\xYjgGIXYChhN&quot;,37)" methodname="GetNumberOfCharsInStringTestRandom" classname="Open_Lab_03._10.Tests" runstate="Runnable" seed="2132922640" result="Passed" start-time="2021-10-19 19:34:08Z" end-time="2021-10-19 19:34:08Z" duration="0.000084" asserts="1" />
            <test-case id="1013" name="GetNumberOfCharsInStringTestRandom('t',&quot;tO]YWfG]b[KbBjJCAViW^lZuGtVCRX_aC]rOi_waU[rP\\`GiOzhR`ofIobR]PELJve__suT\\ZHBCtKYbnhoRjMANriZGMZQQPiTrBbqTfMsXncOeJkjcPtZidQhJ\\NPAqlnLra`Mq[g^Ud[O[pw]kiAVOeOkthsYwsaCpCndK]lpNvUAqZjfQmQIkYxMSpSJbNa]CYZXCTSNxKHSQNu[yNIKcYRXFbQUKbOAUsxXzRcw[DK`QevEvrLTFWudHCR\\DxCVwHyYP^[geLj`NlG\\fLZSVuuyxUQxAHs^AodIg]oXW`jtgUVVvqpr^jACMA[vN^g^SM_YIxpJWCwqLBRdyuBJRBAQoavgBsKtsLa[qwMxAg\\\\nJrLirxS\\]MRMNecCJH^rCxz\\qmBiEJe``^fjkxKvsXWzOOcSevr`xdkLrksEweXTcmhjzsSMwcyfbAMcKiDIREcvnZrzFFyOADW]bsTldfcUfFer_PuOaOB^Jlw`BSHrdje_dkARUS`g\\NPipA\\pLkimBtSpwokQ_lkv[FOnOctNjUBv]OkBqRftBr]jXLVacOIj]TNjlhadr[DhrXSiDi[MFrudc_WDMSf[LRZIAAPJlCCaopsAsh^towdfZeGNR^W_oc\\`xKhDZQ[DpTonfWK`pmgPhoiWtBsOg^mMUSCiAZ[^\\apGqTcuSrjCvLrJ\\QJXYLXRbbYSU]`VSInHycaaZxwoojQI\\sMjQCEPJ_`OuPaqRTkmXkLtkdy[Pc^rRQr\\PpFPE^y[CSfJXF][z^klhTzhEdAaAhweYFb]O\\itllqXyoDKFCsn`GnvqXL[^XZVVAlS_AL_oqzw^bjPap[ypJFSRffqPOWTS\\CxClfFrUyiGrYPivuhx\\`MvZAsVUOa[feC`lMoJVH\\KXL[NWHTUiWqvqBdlnj]GYN\\NVkxjF^bUEB_OaeyMuLmOnGikdDWfeVlJkNrgKeOKp]ro^VKIlPLN\\MZOBMFCHvjjQU^TmSBPwbZQPuMOsNuVJ_i_ndfx`MDunH^JrrVYNvQunJzGArJtAT`mgz`JhEkj^`]IWDWBr\\HNOnled_xhDJtZbl]sRMlJLaWNgrjx\\HC`LS^sOv`IGCgUfCafa^kfkyChX^xmoAMwHUOPNeeVgdCIuCcdQEWxXWoNPq\\kynTGqjMRoRXwtUzGvunVvT]kdO`l`AzXItWtPwRKpQpzh[ECXiRVDFpfQd]cK\\moRznAxGrzdc`e_^CJK]TrjeUDDlcgZjAU^AhhgEERqSm[aKGnaTXiHvEgekwM^K`tcLH^pU^GYCAXsu]seoGGSSMcwACvHsngmssVDdxLqQQFvhokODbiEZbQz_bpRby`OTfABHpBruQBBGgOMShEQEbSQbV_CItOSkrbCoiGOarJJaOssScztuPJlSj[lQziBBjRPFLXdbpkNYIkT^gj`tUX[hpkFOUxaJIHrwdmGLWSE_wTJyGOePJHgRqbP\\SUMsJEQBtWttcU]CSwl]aGHGTRzA\\`GC^fsCFMVsDIFkUkhofezupnvLMG`sEPaTQrWx\\[wGatZYBXlcdLVqaLMjkhpzh]nncl[]TkTKhtTvU]JpUwOtujnEfgNoexZEFfpQxPPtrKIhsQVN^AekNutsyVrg^_akZPpih&quot;,31)" fullname="Open_Lab_03._10.Tests.GetNumberOfCharsInStringTestRandom('t',&quot;tO]YWfG]b[KbBjJCAViW^lZuGtVCRX_aC]rOi_waU[rP\\`GiOzhR`ofIobR]PELJve__suT\\ZHBCtKYbnhoRjMANriZGMZQQPiTrBbqTfMsXncOeJkjcPtZidQhJ\\NPAqlnLra`Mq[g^Ud[O[pw]kiAVOeOkthsYwsaCpCndK]lpNvUAqZjfQmQIkYxMSpSJbNa]CYZXCTSNxKHSQNu[yNIKcYRXFbQUKbOAUsxXzRcw[DK`QevEvrLTFWudHCR\\DxCVwHyYP^[geLj`NlG\\fLZSVuuyxUQxAHs^AodIg]oXW`jtgUVVvqpr^jACMA[vN^g^SM_YIxpJWCwqLBRdyuBJRBAQoavgBsKtsLa[qwMxAg\\\\nJrLirxS\\]MRMNecCJH^rCxz\\qmBiEJe``^fjkxKvsXWzOOcSevr`xdkLrksEweXTcmhjzsSMwcyfbAMcKiDIREcvnZrzFFyOADW]bsTldfcUfFer_PuOaOB^Jlw`BSHrdje_dkARUS`g\\NPipA\\pLkimBtSpwokQ_lkv[FOnOctNjUBv]OkBqRftBr]jXLVacOIj]TNjlhadr[DhrXSiDi[MFrudc_WDMSf[LRZIAAPJlCCaopsAsh^towdfZeGNR^W_oc\\`xKhDZQ[DpTonfWK`pmgPhoiWtBsOg^mMUSCiAZ[^\\apGqTcuSrjCvLrJ\\QJXYLXRbbYSU]`VSInHycaaZxwoojQI\\sMjQCEPJ_`OuPaqRTkmXkLtkdy[Pc^rRQr\\PpFPE^y[CSfJXF][z^klhTzhEdAaAhweYFb]O\\itllqXyoDKFCsn`GnvqXL[^XZVVAlS_AL_oqzw^bjPap[ypJFSRffqPOWTS\\CxClfFrUyiGrYPivuhx\\`MvZAsVUOa[feC`lMoJVH\\KXL[NWHTUiWqvqBdlnj]GYN\\NVkxjF^bUEB_OaeyMuLmOnGikdDWfeVlJkNrgKeOKp]ro^VKIlPLN\\MZOBMFCHvjjQU^TmSBPwbZQPuMOsNuVJ_i_ndfx`MDunH^JrrVYNvQunJzGArJtAT`mgz`JhEkj^`]IWDWBr\\HNOnled_xhDJtZbl]sRMlJLaWNgrjx\\HC`LS^sOv`IGCgUfCafa^kfkyChX^xmoAMwHUOPNeeVgdCIuCcdQEWxXWoNPq\\kynTGqjMRoRXwtUzGvunVvT]kdO`l`AzXItWtPwRKpQpzh[ECXiRVDFpfQd]cK\\moRznAxGrzdc`e_^CJK]TrjeUDDlcgZjAU^AhhgEERqSm[aKGnaTXiHvEgekwM^K`tcLH^pU^GYCAXsu]seoGGSSMcwACvHsngmssVDdxLqQQFvhokODbiEZbQz_bpRby`OTfABHpBruQBBGgOMShEQEbSQbV_CItOSkrbCoiGOarJJaOssScztuPJlSj[lQziBBjRPFLXdbpkNYIkT^gj`tUX[hpkFOUxaJIHrwdmGLWSE_wTJyGOePJHgRqbP\\SUMsJEQBtWttcU]CSwl]aGHGTRzA\\`GC^fsCFMVsDIFkUkhofezupnvLMG`sEPaTQrWx\\[wGatZYBXlcdLVqaLMjkhpzh]nncl[]TkTKhtTvU]JpUwOtujnEfgNoexZEFfpQxPPtrKIhsQVN^AekNutsyVrg^_akZPpih&quot;,31)" methodname="GetNumberOfCharsInStringTestRandom" classname="Open_Lab_03._10.Tests" runstate="Runnable" seed="291572523" result="Passed" start-time="2021-10-19 19:34:08Z" end-time="2021-10-19 19:34:08Z" duration="0.000061" asserts="1" />
            <test-case id="1014" name="GetNumberOfCharsInStringTestRandom('x',&quot;FhVBjaGMURzRdSiqLmxRbXcWTeYNc[hadJ`DssJRsI^V^NxXlZevjbPhEziFIseteZi[nfxSdfZZuNtGgA]JqlqBtrysKDJz_dlD_]eG\\RSEIqnrGbYIW\\CtdgbvgFH`][uQ\\pbJVVh_YltCEHmceBcDasZsvjZWKmchw]VQAPmAn_[rn_r`S_v[srjdWiOgwRUfJLFbl]cVObPCXcEXsuDfrHpFnluRBGE]JoibYPnqwaMQbgMoernBNjoCWAozcQUI]ntct^ycGNiRv_^G`GhKSCO[AfLY\\oNgLDnnnduHsLvzA^Gr]h[]cKq[`YcOSaHSzCFrlkSvLaRHHP[]`TvnUlDBNTOUAgpSDdzxYPGmV_QCtjSPyGiyfTxOzDeY\\xv`lyD_P]EQNIYq\\AI_AyWuxqhjflxUeiQXdkRufoz]BYl]vHmzvFX^bAcuQTt__jf`rBNljNsMzus_FKo^yyZ`RnpcHWdSv[xSnMeuuBQhNK_hHEpF_V`aQGNELedSd`R_waktaudxilRGPH\\Db^n`vWBhyaiPXxEhszkbTw`elcs`oHpEJalFllda_CvALTakgeNPWujfyJnS^]tqkeGqLyvGWKCRB`ZYBHsJt`hPrGHcyQCCJEPbNj_iiHtMrYeZkVRWdjxLwrzFqSIGHAHwPrLScK[mg\\XZ]isczgYZGEeVjZrWymErQhJsKynYOL_\\ZadI[aG\\biqLMpcJTEotWaIp`zYAtzKv`JwJqiwYgdPbrxfVWdFKXfEsXnd[IGcb_ugDsYTeIVNnQbybUCePuz_uEDmCF]Q`BiDwRc]xQ\\CBXRcqpBGF]Sh_VlyogR_gFhlc^BPlagzYx^^m\\vMDWLDiB`baeiRzxWvjazSolU`pTPasOLTkE[QudDbx[jHsVz\\bbnM\\cYSBfOUmziRYUau]GBF]YVTBNh[TnyQ\\zrIgIOOVipylYi^pFy\\ahjCNEQnyoAyAYqY^YOUrmkndXbd`JeOp^jnPoubr\\PbiqxScPzXreeoxwZq]gOoJmI^jCJi^g]V]IFmZOBPKNWLsvpTVEEKN\\YviZd`GQtLHORpqgWNfyevWxfnMqTYcRIBkKEAe]JtTLDddA]jhq`Oq]`koqSPx[dqGPEgbWcJpkbKuBJMTellmuLNeUMoJtwtcM^UvqIRNVYFvUqngGwTjrEMErBMKozwoich^pQ^]Z^W\\FRP_YIDwdJkIRPEovHZV\\RNmIPrpZqQTikz`lilgwAK`r_M`MiaREAznE]VJQN^msX[aQ_CNWnZ\\HhvdDRdlQyPhlM\\PSbVi]XgZEfPhfTvRa_fWamFzdm]uImpDDnuoXkyjB\\`YBvFwDxHNaEia]VFkvmRRpMerYGtp`wVFMhyhg`qKfc^zFUSCfOnPJNcpRN^xDRheidToXXEVvHgNifmEnrKQIFvyEJWYBtGUutQ\\B^eNKXTCbVGg\\ZJLGX\\ciUjNBfUCARSpUQCQMwGkmsXjCkxbkuN^XhngnWM_DQBQCRRKWszKQkqpxALRimSFEpXh^W]pkch\\qHhlYmKrvDMhrxjnLvpRyvLMuegAWJ[iDUypT[swb\\KAdkp`giepmV^vv[qoFK[md^d]yt[lCtj]lLdKoHUh_fwhrDusdDqXAXXFGTanOsmsgAJjqgAyqmNybvfvybIyDS]To_D[abZgsDBquKCwDrbNKY_LifogknpT_pvSd`YPTbF^toAo`LvLlOJVzsmummvEOiSEPjS^ZSucSARteAG`sdcQg`Slm^]agBOL]w_psXlZTaCyatPmgVLfGBXjXbkwpTwRmFXi\\Qg\\sIwG^TKtNjuQpdF[_pYRgodAdlM[]bRVjknxFRMEXriGZg]JAwKfsVoD`w]lGjXgY`aFpHUMdUupG^bxPC[`Wf]UvkYJp[xhZCiuFXTsbxC_[zwCU_]EPsPmCMJFjLXIXMVDpgssjbxZcytwnVoQxsYbmvrsNNJWauGOdsNigeUhuqKDSNSTWGL_onRtpze\\YasisfSuIGeS_lgwkoaAvpA[ic[qbTshAtOUx\\LhuXLQ\\sACGVJBZd`daYzQK]TpNxSe]SyOcsF^dkyqbXjLKrNWTfn_]v]YEVC_`VaoWuYb^Bzq[IinnHfWjwQq_ZmhVhZOhZRMqupPYgsSfxETNjexkfpdEjPwHlLqclIAr\\wsSVyCDyKbUZZgC\\_CehHHfsIg\\CjupE\\lmmfUhmaG_ichR`nHNFVJUpNZNRbAPQmQyitQqJUrHBcxQ[VvPchjiRWx_LHWL`qOvRjdg]RDl_CTNQJmvfkhcCbhRwleBygcKTBylmPnRdyKPDkOBV[aoJftkCRjkgCmr[ItOLAJVxWzEWXOM]cg^GnBhIOj[`CebLTpvqAqVRKqngoTeD^OEVOlgHLGxQipvlXsDcSV]lRMvwOBTvFXCoaLwbIoettEcUvBPvPBkIlSECpjtKmCLQnHKLv][_kdsNebBMlYfEhtCOHumYv[GrtRbnrDznbLXIZrYOigYUWGdtFwDBjBdQ]BTSzNVhYs^\\]toQ]_kOBl[mihiuAyD`cGgY^FO\\Rlw_dHXLHn_LRVPkabdS_[h[oxtVNWnXPPwPpwIaQ^nN[rONrvrv]wwrD]jgOBxkzHwBYzudZDCBh[zwig_S_rvTTFLTN\\SO`CNTvMorAO]YuuKd]mxb^fLILciSnaWxkn\\eNgB]rgRQV]ZYvcr\\_klurEHS^\\EZs_iGY`Wql\\kqUvmjJQXLjuZACbnI_iyWcrYqoSzVMAkDAuawSXJNEskxFhErmNRC]TN]]vvrQByiKVAHBrpH`lRjH\\lGNIdyjhaggDZW\\RwCtBmjhxpvXK^lB_VAKpeIYAz^pT[yXZfNoPpFiBYQSha_JpeIhYMghoetBPuT]r^y`QxmiQSIWUpk[\\TAiRRyMyazfwEZHEn[Kbztss[XGEPTztZ`vufLa_makxHlLsARaUas][HqrtsHiNAl^_^NZcufpYJukiLNEymeTaD[moUgger^xWOhUmry[uDDRNFIieDk[VXw[C\\fNNyKbfxU[_tRGnKY^AJ_iMyCaHCcyRMRQMlNws]fQlhKlmdhKzZ[twwBOwd[dUVJRbAuCx]e^^Ox_oQo^VXzrlYUQjyzPCCvV_sKljeN^pxWhz^[gpwOxWRaJgdTz^U\\\\TbAwGCokJ\\CoCgRL^SZFnyyMSAFFROz[]uUX]_`mI_nuPlGzSH\\KvVhVcoeFxiYv\\bSHRtjznhxPKDwauFmKnp`HMyoiuZpZFrYiZzhZY]WNXYK`rDLrwOIgBLuSFAETr^KSeOGuXTlRZRjooPrqOy^qjmgOEUUXXDWtNrucwQZc]qNk\\G_pJOFtATdscsqCzUuWvpbwVOux_uTs`wmyq_OJx^ttOCzE[WdIwrog`c[uTIUFAkSgFsM[FlYYvhhTPq^IRLwiHGZOEUppIot_jTybKICLYWkruGf^eMopnd`yZyWlvdPHnIdvrvyIIkQkWbTxjRKwAEkGozILmRPpGcEl^jgjOfgDTocreYBeYSHjY^HrmmVq[\\en^c[ze[iUXhmAXRbUPfWn\\UTzcox\\PqcsKoUCxCzyemRkkHZ\\LBapFqRIO[Xq^MEbFupdw_WNfXJiDcP\\U\\QOPmnU]Ln^eJ[XikfpRq_gfTKhgdFfLw\\BwpRSH\\Glktd\\xlASxZJ_xddwcGhtGIRihY\\sYSipknwlkijvdmilmxESMVkBoMecbuo_QHtelUnJhrMtWlQT[awkUIgDcgA^ITKpuLe\\tDAXJufUIrfCwRIAyDKH[pCETQBThWyLGoZWa_aZ^RvlBybqLJrqA^ADAvEttRhls[vHrl[Z]keJuRDVjKI^`HKdnWWe[haLeJtbCZzZiYUPsrJisiKiJJMkPST\\UqypKZ_lY]SPLipGnukvMhml]sB[wIRkF^EsZ_FZTYQVVu^\\UFwVbYOhDMSSXDoPLcKhdwhPoRcoXWVbV`GqMvIhPXpMLnBPdAKnkpsXYhaQpZPgrkxrxyDPZ]YLH[DBPTLXMcr`hiY`VsrpIIV[qJRfxvTNXgQxd_B]Or[OtXKP`_tbfdCyFcLFBa[QPdIBX[vqrVaQhGaYzCFYBlcodSsBTv\\hXKzQPJrFdDkQCmQyBnFy\\BO^AUXFct^vttt^HPJqLApyBSlrBtzap]MWv]Qvlm]j`oWJsmrlePn[LP\\hc`DjtxGXg]cezNEY^GZNwcyOBOvailKfAcSMinpciy]WKNmWKUxEqOlzaphfB`iuSwdWvskkRr`xFcDo\\`VUoFpmrTfsFJaIQcDOdV[SdNnzjotyltK\\KUFMGq`cNseHQWg^_oLFEDkbSpDCZgGMzFyv]rHmqsFlcgjSHWZwiEWHe_uQm]IalYHLXlAhhYPLxyyfGlvDNJ_virRyxqzTk`AK_^uWVmPPpKJf`OKBbFTbuM^aZCjqYv\\YyoGdq_h[tOG^hgYigxmfMYQSAUxTCZqtjkglHbLCXshfGzsmdBJ\\JqMa^oc\\bTY[XMnwzgaFmjNTkeMB\\KkBPVkt_GOTyj[DZNOtLvnw[EiZcspscbzXdXLB]uYsYNGCOKt^WSpaWnaLgRQfQVlXkDZCCMXQ^u_MxgKYyS]PlZAqqzVLdmcD]jSLkq\\Kv_D]PUNzGsgyt]fQDdMCqLhkS\\kOUzhHrRTNV_b]mVElFdJADBIGeZTjrTKodzfHK_HbJYu_CkP\\HveiRkKTqb^XxdVCUmsmjwab\\breGdEtJrcvi\\]toSQdAjd`CsKPs^lKVDNjt`MN^eOGA[TsQzxXfxamxRcOYoAfGXafOnzPFDGW\\^_c_Rzs`U`Y^[lcxyoidczdtie]ziScrJQ[mzjGpIGlsIInCXRGOXms^vjqh]srCwbTJRpyOit\\]Oll`r[cXLTZXYwrQtZSPPjvbpdlbTsa_QWPJxRpCQZrcHwlVyhVObMN_pJkOiBDSnvGCghScePzpsSZsrVcf]RxEIkUnabTOW_pMpjiRVneRNYg]krWSYXq\\yBtvS_BDvkYU^NDIhQQihfrkErDjKBpyhTOopnyqmbW]zSz]oOfIHHoSKJq\\[Rsuu[gJzPStSZwGOUkmrbvvVhr``vdgw^W[i]b`fp^`vlphKiDqYEdtWx`NdGeDfgxpD]YmmLGBDWzdrJVrrmOrt]ElxUv`LZtPoAeiQREMybqzxvVZlmMtXFvaXhpXPbqd^kpq`gbaiBtRgEnBz]nYNzriFDRd\\gwWlM]NG_uFLfKWMeuTtoYnnXW^sGl\\UyEBE]`Zbau[biNbp\\]\\JyjhOJcUqzUAmZkNaJRjE[lStxMFKoiWdQSWOXnvuLdcLuhHxzAgJnXiMXoQw]JBRxW]GTyJVWosqJGyPEIKoBNqteKrd^zXCcQN_LBdBrQny_rDQqAsUzMPk`d]JHasWXqOstZED`JxlZsUmHbn]GDCVA^zc_ZtQYWaidKWWvopqP_QhOkC`nVQUnsrV[]_FPgSCRfIxKWaROMF]MSTnXU^DGMvlSAvZQjadLNVdcFVWoyFamVJIIlhvIPwEkXeJ\\HB_f]QywkLSzHOIHUywrnR`Cf\\wRRtK[LvhwbvQELMX`UvAAoxVZiShp]\\zBUgfrAsnMbM`Zhrgbtzhj[v^T^lltNrZFvPk_aa_]IoZbYwlqfGw^oPaYJRUPGuyjmZ^YHIAT\\Lbf]vvbAvNGvwRfiSUOMPVOpjpyYTj^GcCdivvNWmOLgsoqIsjonlHMpTqnGxJhMjASuiwnXGsZAKbxuyq`dukU\\pnVEHHZdbzxr]wZvwXgthLfmttHHdDRzgqEubiPzYpYLdFXCWeh]D[neIdLOASA_hyLfs`TNIh\\rnZIn\\EkyVovLD[my^ByGpt_fumKqQ[UWzvqj\\YmvbCIsDzcYnVkGiUCtv]tjuuiv[_MHdD^EOD`nlfcvJmDukNietwny`DBhTNY_m\\oksfsepPIPtx`HqnLMqbOgP_`KCrZ_NEIixTCEVDpdo^Eb_traBMiKNH[TFhcxqeCpprJ]kGrnmesl[ygJAs]BWx\\qtjzh[rnJ\\OmhjUqvUvYcOisHBZxxIBZrVTdAGJSvrjQLMz[gCbg\\`sbKqsfBupB[ouRVlpoKc]l`YhuCzQvbUyS^mYKO_QBBhpWRhEuMm\\sCHBlJxdCdt[FqcodSf`gS\\jrcQcUuWjosGPVkhAQvNXHNkajt\\cbMo`aXJItUOIMKfMjSYseeOlEEcdsjt\\ZoHbDajya_HwgFKwc^qX[dxxxD\\]paPJ\\njYDDIJc[RG]SFytfBVs]ApqKdAFNJAPx\\sWmt_UhoARr[fy]dK_uRzntbsZIEVRQr_rMbHl]BKhz_zjyCcez\\Ug]F^KBEMdYjBAvnmu\\YCtGRnVbI\\G\\lSo]sVGEwkXpaPQ]zoLQhIaZ\\`KSIcsdGHgXM^DYfq_ieD`B]scUQpodlVASKnvUrniYctQ\\kmeqdspXAJpQA_TQTDfr^kNruKqqUGZdbGd^KxztacSByfUT[YF`NZyz`nwZByCtjLituqFVDlRvYLtOp]WwBtWIHdxXBasb`YRmx[ZdTj\\\\IDbUthd_cGrqpalQshT]tjVztGRVDmdRXuAECd^UwTzZa\\xXiIlfVybYhb[nVO[q^aYuahOPJza`kwZXJugvBxvYSbX\\IkyhtJvADCrBu\\\\WYChkICd\\c`o`ezcyPnGZAsgbAYUHCeB`\\`AQtgTGG]FTUVWD[slGUCV`VGkjh]Yx_PEEzREd[AS^nTNeCQhKsuLZJ[vnwdYdEHpFRREIoIgTjrmCtFgXpOEdDfv`WRhqciZf^ISlM_WkNrjRhttrwBopDLBgW`m]\\qkAYG_lmvKQsUWLvdr]XptbudcRGgVgmtPXHitaUIEAq^xipplnhPEfwJGo_NeGa__yEyENjQIPkslWgt\\Qucy]pd[xbECH^y[Szydql^DXHpuDXjIelULy`BJ\\^GfeOBlmYZXhPe`X_bVziX`rwXVJn]nxpISesYIFDIeyS[VHonZxgJmGbnhrgbyvgZsHRu`FZPvamb`]CNUzCpRfWMDElRZ]KjStcOptOT_WNMTAOLoYMytqHMkFr[UHqZVDOfuoY\\liRvYJsCq`]BPLp\\lV^kBozWaoqQlcRAAlNK_MobMoeoeoJJNmu_RhZxjuUdTcRNO]A_yfx_bv_MJKmlegCyhmjSSQ[esKNd^WaHofLbpWwVJMn_Idzg`Sa\\niLiKTgWhujneexy\\[JRpUJG^w\\PLbDKqEUGZ]X]k`hO]zt_fALFJOfY_FLOrXLGr_xaPr_yDgbQgvd^CxdKVyBbYvbURIfTUaXyBTOo]NB^hVmd]hMunBls^WHTPKhvBNvG_f\\jioiIw^tDJyrdwk`Sp_[fMv_R`G][ZfErL^MzTcwz^EJRSDyQidQzKq]mPWcpBZd^tAXZ_`zMc[HHmNz\\ILlqVFgVAZjxAGyE[fXRg_mJeEXjjVABXGhqhmIoUCZEpCM\\]DhGqhpdYcMQhwfeYi`tYHWh^cxdFhTbsvNghuLjREXFarGXWofH]SDUgzdNjL^lOeYmjzw_^qcUkRHf]aNRCLF`stziRxAFafqwZUiXrHegjidVsylJyMjC_supzON`p]oE[LLIrqZvbZpKPeqSLrHTwoXaZsXdtEqNu_vgmdRImo\\FCkaVXuTyV[IgofizYqB]ccPkjJac`yaISR_jSCLylrrZWOsHvRjwmy]Z[pfOTlYWtzT]HyhWfCllkqT[QZgNPeVUpEP]WxezY\\aXvWAxeTRjMlid]KxuEKHPdyhCiKAhXmSPQw_uZjcwSfIDVgALAkvOTRnxjxP[TdR[YZT`fC[VbLwxqdhCKohhrEvyJbL][IdjThewS[`xQ`gIUpGGPNQ_wedU^UWEryuZcNdIyljjPkXRXneT[FMNsEmjEQYxE\\FReMaHLyH_^aPMNRwkkCdmlha^[uDiSmfneFgLM]I]xijRpa\\nTiMBsS`xgDgQvZLlv\\bIfl^OuGpDyPhuZQUe`dvR`j_Jprb_]yVUyTHbKyGl^]zWVmreEaMR`QdwMUYD`RbztTwFInZa]KoDkIoCzwZvmEphkLUq`DLLuz^Bql]QHfpU\\`ME`VDdrfNp_OVwYdAZzcIkemMNZIoGO[MKzPQJzcUPmi^bV`s^eVVsX\\[nIpJjrGaDCLxISqZXOtywPfruQQ]tFTn^p^BJYeYfHZ`KbjLnvxe_^^^^yPYadgyiYZTopPyd\\SopFhSbFixHjOARz^LJMrB[\\rmHVWxfzACKjiYQwr[vjqzJZBoSEpXdRTUOvKLilRIiMqcREvMVXGlerciUcebJdZsVTJVmglJXiRxcZ]NIcCMKckWS\\rGGjyEmxMxv`[ifwTvafGuFXZbbNindnDQoeDijMKfM_SdITaNOoqgVwBjQX^_PYUH]JuAtfMT[[haEpZOg[`pwWusdUXSifVoKKHyZaUdc]MuO\\e[yPsot_LFPBX_NtfoEtVti[oGGvN[KzeHjwUZnbufzBiXIpVirXpUFkm^[lixRkuPXPpQ`LA^zkuglXyQa_dnKPByKqyCswTOHZAsAEJfWSUVqGlDnXXnHHFHOqGiNyeCWf`SXFQ\\VxWrugHEFvO[`aHzUseJy\\YXhSzLaZghHwXKkNMbiBcRjJ^p^`&quot;,145)" fullname="Open_Lab_03._10.Tests.GetNumberOfCharsInStringTestRandom('x',&quot;FhVBjaGMURzRdSiqLmxRbXcWTeYNc[hadJ`DssJRsI^V^NxXlZevjbPhEziFIseteZi[nfxSdfZZuNtGgA]JqlqBtrysKDJz_dlD_]eG\\RSEIqnrGbYIW\\CtdgbvgFH`][uQ\\pbJVVh_YltCEHmceBcDasZsvjZWKmchw]VQAPmAn_[rn_r`S_v[srjdWiOgwRUfJLFbl]cVObPCXcEXsuDfrHpFnluRBGE]JoibYPnqwaMQbgMoernBNjoCWAozcQUI]ntct^ycGNiRv_^G`GhKSCO[AfLY\\oNgLDnnnduHsLvzA^Gr]h[]cKq[`YcOSaHSzCFrlkSvLaRHHP[]`TvnUlDBNTOUAgpSDdzxYPGmV_QCtjSPyGiyfTxOzDeY\\xv`lyD_P]EQNIYq\\AI_AyWuxqhjflxUeiQXdkRufoz]BYl]vHmzvFX^bAcuQTt__jf`rBNljNsMzus_FKo^yyZ`RnpcHWdSv[xSnMeuuBQhNK_hHEpF_V`aQGNELedSd`R_waktaudxilRGPH\\Db^n`vWBhyaiPXxEhszkbTw`elcs`oHpEJalFllda_CvALTakgeNPWujfyJnS^]tqkeGqLyvGWKCRB`ZYBHsJt`hPrGHcyQCCJEPbNj_iiHtMrYeZkVRWdjxLwrzFqSIGHAHwPrLScK[mg\\XZ]isczgYZGEeVjZrWymErQhJsKynYOL_\\ZadI[aG\\biqLMpcJTEotWaIp`zYAtzKv`JwJqiwYgdPbrxfVWdFKXfEsXnd[IGcb_ugDsYTeIVNnQbybUCePuz_uEDmCF]Q`BiDwRc]xQ\\CBXRcqpBGF]Sh_VlyogR_gFhlc^BPlagzYx^^m\\vMDWLDiB`baeiRzxWvjazSolU`pTPasOLTkE[QudDbx[jHsVz\\bbnM\\cYSBfOUmziRYUau]GBF]YVTBNh[TnyQ\\zrIgIOOVipylYi^pFy\\ahjCNEQnyoAyAYqY^YOUrmkndXbd`JeOp^jnPoubr\\PbiqxScPzXreeoxwZq]gOoJmI^jCJi^g]V]IFmZOBPKNWLsvpTVEEKN\\YviZd`GQtLHORpqgWNfyevWxfnMqTYcRIBkKEAe]JtTLDddA]jhq`Oq]`koqSPx[dqGPEgbWcJpkbKuBJMTellmuLNeUMoJtwtcM^UvqIRNVYFvUqngGwTjrEMErBMKozwoich^pQ^]Z^W\\FRP_YIDwdJkIRPEovHZV\\RNmIPrpZqQTikz`lilgwAK`r_M`MiaREAznE]VJQN^msX[aQ_CNWnZ\\HhvdDRdlQyPhlM\\PSbVi]XgZEfPhfTvRa_fWamFzdm]uImpDDnuoXkyjB\\`YBvFwDxHNaEia]VFkvmRRpMerYGtp`wVFMhyhg`qKfc^zFUSCfOnPJNcpRN^xDRheidToXXEVvHgNifmEnrKQIFvyEJWYBtGUutQ\\B^eNKXTCbVGg\\ZJLGX\\ciUjNBfUCARSpUQCQMwGkmsXjCkxbkuN^XhngnWM_DQBQCRRKWszKQkqpxALRimSFEpXh^W]pkch\\qHhlYmKrvDMhrxjnLvpRyvLMuegAWJ[iDUypT[swb\\KAdkp`giepmV^vv[qoFK[md^d]yt[lCtj]lLdKoHUh_fwhrDusdDqXAXXFGTanOsmsgAJjqgAyqmNybvfvybIyDS]To_D[abZgsDBquKCwDrbNKY_LifogknpT_pvSd`YPTbF^toAo`LvLlOJVzsmummvEOiSEPjS^ZSucSARteAG`sdcQg`Slm^]agBOL]w_psXlZTaCyatPmgVLfGBXjXbkwpTwRmFXi\\Qg\\sIwG^TKtNjuQpdF[_pYRgodAdlM[]bRVjknxFRMEXriGZg]JAwKfsVoD`w]lGjXgY`aFpHUMdUupG^bxPC[`Wf]UvkYJp[xhZCiuFXTsbxC_[zwCU_]EPsPmCMJFjLXIXMVDpgssjbxZcytwnVoQxsYbmvrsNNJWauGOdsNigeUhuqKDSNSTWGL_onRtpze\\YasisfSuIGeS_lgwkoaAvpA[ic[qbTshAtOUx\\LhuXLQ\\sACGVJBZd`daYzQK]TpNxSe]SyOcsF^dkyqbXjLKrNWTfn_]v]YEVC_`VaoWuYb^Bzq[IinnHfWjwQq_ZmhVhZOhZRMqupPYgsSfxETNjexkfpdEjPwHlLqclIAr\\wsSVyCDyKbUZZgC\\_CehHHfsIg\\CjupE\\lmmfUhmaG_ichR`nHNFVJUpNZNRbAPQmQyitQqJUrHBcxQ[VvPchjiRWx_LHWL`qOvRjdg]RDl_CTNQJmvfkhcCbhRwleBygcKTBylmPnRdyKPDkOBV[aoJftkCRjkgCmr[ItOLAJVxWzEWXOM]cg^GnBhIOj[`CebLTpvqAqVRKqngoTeD^OEVOlgHLGxQipvlXsDcSV]lRMvwOBTvFXCoaLwbIoettEcUvBPvPBkIlSECpjtKmCLQnHKLv][_kdsNebBMlYfEhtCOHumYv[GrtRbnrDznbLXIZrYOigYUWGdtFwDBjBdQ]BTSzNVhYs^\\]toQ]_kOBl[mihiuAyD`cGgY^FO\\Rlw_dHXLHn_LRVPkabdS_[h[oxtVNWnXPPwPpwIaQ^nN[rONrvrv]wwrD]jgOBxkzHwBYzudZDCBh[zwig_S_rvTTFLTN\\SO`CNTvMorAO]YuuKd]mxb^fLILciSnaWxkn\\eNgB]rgRQV]ZYvcr\\_klurEHS^\\EZs_iGY`Wql\\kqUvmjJQXLjuZACbnI_iyWcrYqoSzVMAkDAuawSXJNEskxFhErmNRC]TN]]vvrQByiKVAHBrpH`lRjH\\lGNIdyjhaggDZW\\RwCtBmjhxpvXK^lB_VAKpeIYAz^pT[yXZfNoPpFiBYQSha_JpeIhYMghoetBPuT]r^y`QxmiQSIWUpk[\\TAiRRyMyazfwEZHEn[Kbztss[XGEPTztZ`vufLa_makxHlLsARaUas][HqrtsHiNAl^_^NZcufpYJukiLNEymeTaD[moUgger^xWOhUmry[uDDRNFIieDk[VXw[C\\fNNyKbfxU[_tRGnKY^AJ_iMyCaHCcyRMRQMlNws]fQlhKlmdhKzZ[twwBOwd[dUVJRbAuCx]e^^Ox_oQo^VXzrlYUQjyzPCCvV_sKljeN^pxWhz^[gpwOxWRaJgdTz^U\\\\TbAwGCokJ\\CoCgRL^SZFnyyMSAFFROz[]uUX]_`mI_nuPlGzSH\\KvVhVcoeFxiYv\\bSHRtjznhxPKDwauFmKnp`HMyoiuZpZFrYiZzhZY]WNXYK`rDLrwOIgBLuSFAETr^KSeOGuXTlRZRjooPrqOy^qjmgOEUUXXDWtNrucwQZc]qNk\\G_pJOFtATdscsqCzUuWvpbwVOux_uTs`wmyq_OJx^ttOCzE[WdIwrog`c[uTIUFAkSgFsM[FlYYvhhTPq^IRLwiHGZOEUppIot_jTybKICLYWkruGf^eMopnd`yZyWlvdPHnIdvrvyIIkQkWbTxjRKwAEkGozILmRPpGcEl^jgjOfgDTocreYBeYSHjY^HrmmVq[\\en^c[ze[iUXhmAXRbUPfWn\\UTzcox\\PqcsKoUCxCzyemRkkHZ\\LBapFqRIO[Xq^MEbFupdw_WNfXJiDcP\\U\\QOPmnU]Ln^eJ[XikfpRq_gfTKhgdFfLw\\BwpRSH\\Glktd\\xlASxZJ_xddwcGhtGIRihY\\sYSipknwlkijvdmilmxESMVkBoMecbuo_QHtelUnJhrMtWlQT[awkUIgDcgA^ITKpuLe\\tDAXJufUIrfCwRIAyDKH[pCETQBThWyLGoZWa_aZ^RvlBybqLJrqA^ADAvEttRhls[vHrl[Z]keJuRDVjKI^`HKdnWWe[haLeJtbCZzZiYUPsrJisiKiJJMkPST\\UqypKZ_lY]SPLipGnukvMhml]sB[wIRkF^EsZ_FZTYQVVu^\\UFwVbYOhDMSSXDoPLcKhdwhPoRcoXWVbV`GqMvIhPXpMLnBPdAKnkpsXYhaQpZPgrkxrxyDPZ]YLH[DBPTLXMcr`hiY`VsrpIIV[qJRfxvTNXgQxd_B]Or[OtXKP`_tbfdCyFcLFBa[QPdIBX[vqrVaQhGaYzCFYBlcodSsBTv\\hXKzQPJrFdDkQCmQyBnFy\\BO^AUXFct^vttt^HPJqLApyBSlrBtzap]MWv]Qvlm]j`oWJsmrlePn[LP\\hc`DjtxGXg]cezNEY^GZNwcyOBOvailKfAcSMinpciy]WKNmWKUxEqOlzaphfB`iuSwdWvskkRr`xFcDo\\`VUoFpmrTfsFJaIQcDOdV[SdNnzjotyltK\\KUFMGq`cNseHQWg^_oLFEDkbSpDCZgGMzFyv]rHmqsFlcgjSHWZwiEWHe_uQm]IalYHLXlAhhYPLxyyfGlvDNJ_virRyxqzTk`AK_^uWVmPPpKJf`OKBbFTbuM^aZCjqYv\\YyoGdq_h[tOG^hgYigxmfMYQSAUxTCZqtjkglHbLCXshfGzsmdBJ\\JqMa^oc\\bTY[XMnwzgaFmjNTkeMB\\KkBPVkt_GOTyj[DZNOtLvnw[EiZcspscbzXdXLB]uYsYNGCOKt^WSpaWnaLgRQfQVlXkDZCCMXQ^u_MxgKYyS]PlZAqqzVLdmcD]jSLkq\\Kv_D]PUNzGsgyt]fQDdMCqLhkS\\kOUzhHrRTNV_b]mVElFdJADBIGeZTjrTKodzfHK_HbJYu_CkP\\HveiRkKTqb^XxdVCUmsmjwab\\breGdEtJrcvi\\]toSQdAjd`CsKPs^lKVDNjt`MN^eOGA[TsQzxXfxamxRcOYoAfGXafOnzPFDGW\\^_c_Rzs`U`Y^[lcxyoidczdtie]ziScrJQ[mzjGpIGlsIInCXRGOXms^vjqh]srCwbTJRpyOit\\]Oll`r[cXLTZXYwrQtZSPPjvbpdlbTsa_QWPJxRpCQZrcHwlVyhVObMN_pJkOiBDSnvGCghScePzpsSZsrVcf]RxEIkUnabTOW_pMpjiRVneRNYg]krWSYXq\\yBtvS_BDvkYU^NDIhQQihfrkErDjKBpyhTOopnyqmbW]zSz]oOfIHHoSKJq\\[Rsuu[gJzPStSZwGOUkmrbvvVhr``vdgw^W[i]b`fp^`vlphKiDqYEdtWx`NdGeDfgxpD]YmmLGBDWzdrJVrrmOrt]ElxUv`LZtPoAeiQREMybqzxvVZlmMtXFvaXhpXPbqd^kpq`gbaiBtRgEnBz]nYNzriFDRd\\gwWlM]NG_uFLfKWMeuTtoYnnXW^sGl\\UyEBE]`Zbau[biNbp\\]\\JyjhOJcUqzUAmZkNaJRjE[lStxMFKoiWdQSWOXnvuLdcLuhHxzAgJnXiMXoQw]JBRxW]GTyJVWosqJGyPEIKoBNqteKrd^zXCcQN_LBdBrQny_rDQqAsUzMPk`d]JHasWXqOstZED`JxlZsUmHbn]GDCVA^zc_ZtQYWaidKWWvopqP_QhOkC`nVQUnsrV[]_FPgSCRfIxKWaROMF]MSTnXU^DGMvlSAvZQjadLNVdcFVWoyFamVJIIlhvIPwEkXeJ\\HB_f]QywkLSzHOIHUywrnR`Cf\\wRRtK[LvhwbvQELMX`UvAAoxVZiShp]\\zBUgfrAsnMbM`Zhrgbtzhj[v^T^lltNrZFvPk_aa_]IoZbYwlqfGw^oPaYJRUPGuyjmZ^YHIAT\\Lbf]vvbAvNGvwRfiSUOMPVOpjpyYTj^GcCdivvNWmOLgsoqIsjonlHMpTqnGxJhMjASuiwnXGsZAKbxuyq`dukU\\pnVEHHZdbzxr]wZvwXgthLfmttHHdDRzgqEubiPzYpYLdFXCWeh]D[neIdLOASA_hyLfs`TNIh\\rnZIn\\EkyVovLD[my^ByGpt_fumKqQ[UWzvqj\\YmvbCIsDzcYnVkGiUCtv]tjuuiv[_MHdD^EOD`nlfcvJmDukNietwny`DBhTNY_m\\oksfsepPIPtx`HqnLMqbOgP_`KCrZ_NEIixTCEVDpdo^Eb_traBMiKNH[TFhcxqeCpprJ]kGrnmesl[ygJAs]BWx\\qtjzh[rnJ\\OmhjUqvUvYcOisHBZxxIBZrVTdAGJSvrjQLMz[gCbg\\`sbKqsfBupB[ouRVlpoKc]l`YhuCzQvbUyS^mYKO_QBBhpWRhEuMm\\sCHBlJxdCdt[FqcodSf`gS\\jrcQcUuWjosGPVkhAQvNXHNkajt\\cbMo`aXJItUOIMKfMjSYseeOlEEcdsjt\\ZoHbDajya_HwgFKwc^qX[dxxxD\\]paPJ\\njYDDIJc[RG]SFytfBVs]ApqKdAFNJAPx\\sWmt_UhoARr[fy]dK_uRzntbsZIEVRQr_rMbHl]BKhz_zjyCcez\\Ug]F^KBEMdYjBAvnmu\\YCtGRnVbI\\G\\lSo]sVGEwkXpaPQ]zoLQhIaZ\\`KSIcsdGHgXM^DYfq_ieD`B]scUQpodlVASKnvUrniYctQ\\kmeqdspXAJpQA_TQTDfr^kNruKqqUGZdbGd^KxztacSByfUT[YF`NZyz`nwZByCtjLituqFVDlRvYLtOp]WwBtWIHdxXBasb`YRmx[ZdTj\\\\IDbUthd_cGrqpalQshT]tjVztGRVDmdRXuAECd^UwTzZa\\xXiIlfVybYhb[nVO[q^aYuahOPJza`kwZXJugvBxvYSbX\\IkyhtJvADCrBu\\\\WYChkICd\\c`o`ezcyPnGZAsgbAYUHCeB`\\`AQtgTGG]FTUVWD[slGUCV`VGkjh]Yx_PEEzREd[AS^nTNeCQhKsuLZJ[vnwdYdEHpFRREIoIgTjrmCtFgXpOEdDfv`WRhqciZf^ISlM_WkNrjRhttrwBopDLBgW`m]\\qkAYG_lmvKQsUWLvdr]XptbudcRGgVgmtPXHitaUIEAq^xipplnhPEfwJGo_NeGa__yEyENjQIPkslWgt\\Qucy]pd[xbECH^y[Szydql^DXHpuDXjIelULy`BJ\\^GfeOBlmYZXhPe`X_bVziX`rwXVJn]nxpISesYIFDIeyS[VHonZxgJmGbnhrgbyvgZsHRu`FZPvamb`]CNUzCpRfWMDElRZ]KjStcOptOT_WNMTAOLoYMytqHMkFr[UHqZVDOfuoY\\liRvYJsCq`]BPLp\\lV^kBozWaoqQlcRAAlNK_MobMoeoeoJJNmu_RhZxjuUdTcRNO]A_yfx_bv_MJKmlegCyhmjSSQ[esKNd^WaHofLbpWwVJMn_Idzg`Sa\\niLiKTgWhujneexy\\[JRpUJG^w\\PLbDKqEUGZ]X]k`hO]zt_fALFJOfY_FLOrXLGr_xaPr_yDgbQgvd^CxdKVyBbYvbURIfTUaXyBTOo]NB^hVmd]hMunBls^WHTPKhvBNvG_f\\jioiIw^tDJyrdwk`Sp_[fMv_R`G][ZfErL^MzTcwz^EJRSDyQidQzKq]mPWcpBZd^tAXZ_`zMc[HHmNz\\ILlqVFgVAZjxAGyE[fXRg_mJeEXjjVABXGhqhmIoUCZEpCM\\]DhGqhpdYcMQhwfeYi`tYHWh^cxdFhTbsvNghuLjREXFarGXWofH]SDUgzdNjL^lOeYmjzw_^qcUkRHf]aNRCLF`stziRxAFafqwZUiXrHegjidVsylJyMjC_supzON`p]oE[LLIrqZvbZpKPeqSLrHTwoXaZsXdtEqNu_vgmdRImo\\FCkaVXuTyV[IgofizYqB]ccPkjJac`yaISR_jSCLylrrZWOsHvRjwmy]Z[pfOTlYWtzT]HyhWfCllkqT[QZgNPeVUpEP]WxezY\\aXvWAxeTRjMlid]KxuEKHPdyhCiKAhXmSPQw_uZjcwSfIDVgALAkvOTRnxjxP[TdR[YZT`fC[VbLwxqdhCKohhrEvyJbL][IdjThewS[`xQ`gIUpGGPNQ_wedU^UWEryuZcNdIyljjPkXRXneT[FMNsEmjEQYxE\\FReMaHLyH_^aPMNRwkkCdmlha^[uDiSmfneFgLM]I]xijRpa\\nTiMBsS`xgDgQvZLlv\\bIfl^OuGpDyPhuZQUe`dvR`j_Jprb_]yVUyTHbKyGl^]zWVmreEaMR`QdwMUYD`RbztTwFInZa]KoDkIoCzwZvmEphkLUq`DLLuz^Bql]QHfpU\\`ME`VDdrfNp_OVwYdAZzcIkemMNZIoGO[MKzPQJzcUPmi^bV`s^eVVsX\\[nIpJjrGaDCLxISqZXOtywPfruQQ]tFTn^p^BJYeYfHZ`KbjLnvxe_^^^^yPYadgyiYZTopPyd\\SopFhSbFixHjOARz^LJMrB[\\rmHVWxfzACKjiYQwr[vjqzJZBoSEpXdRTUOvKLilRIiMqcREvMVXGlerciUcebJdZsVTJVmglJXiRxcZ]NIcCMKckWS\\rGGjyEmxMxv`[ifwTvafGuFXZbbNindnDQoeDijMKfM_SdITaNOoqgVwBjQX^_PYUH]JuAtfMT[[haEpZOg[`pwWusdUXSifVoKKHyZaUdc]MuO\\e[yPsot_LFPBX_NtfoEtVti[oGGvN[KzeHjwUZnbufzBiXIpVirXpUFkm^[lixRkuPXPpQ`LA^zkuglXyQa_dnKPByKqyCswTOHZAsAEJfWSUVqGlDnXXnHHFHOqGiNyeCWf`SXFQ\\VxWrugHEFvO[`aHzUseJy\\YXhSzLaZghHwXKkNMbiBcRjJ^p^`&quot;,145)" methodname="GetNumberOfCharsInStringTestRandom" classname="Open_Lab_03._10.Tests" runstate="Runnable" seed="718981603" result="Passed" start-time="2021-10-19 19:34:08Z" end-time="2021-10-19 19:34:08Z" duration="0.000131" asserts="1" />
            <test-case id="1015" name="GetNumberOfCharsInStringTestRandom('D',&quot;\\G]u`yKcgw^gPbTcIxOGfC\\wsGh^oKhB\\HMBZ^emDeum_wCIqugaQqsYf`BZQgo]O]KHVSJfS]DBHiYvD`ht_GkeOnWu]L\\XqY_Clum_lBOonrQwHFVlyuyHlatbvPIHBgLjKWKJmII]swrX]ZnWpjYvZWQLBLc]sHmHfblkvMyqm\\Ppj\\E\\\\mRRNPPoFzHbafelJklviC[ckcJyH\\\\`GGAFp[tVSxevEXPGq^fzkJnZRiafGQge^c\\Zf`viqWdlX__TSDHdp]pwTbnGtNPBQAY]wq\\RcwITaCBnKNTDJCoAn_GElopdHb[XGBX]bpBtU\\WR`AvguLrNLXjYjXanH`MybegJpq\\TBvgRHp_ltIivjMLiSzmKPNlpPXjuTmrDk^MQlXQusouzqROVZxqqEREnKrCkFeXGReKLAuxujsS[TmyxIU[WvAzZZYGuVaoNXnhMGCU_zwHLyd[XsEblKBLQelmboD`IEEDaElrGzvWyto[qyiBQzCDVcXcUQmkwXyHu`uTGN[lOfMWqRvdFCOJBBhxhJ]pMK[bvhaQDVuD_QokWAmDUIetJoFtswgwkf`EKe\\Ilf`kHKfkMwbgXZ\\EaaYGbhYHjxStlkal_dSjculyJUgvUz_RJ\\^eMVbEMYBJsmz]WqIoGl\\go[xMA^njZBjQMv`JBO]KsbGXVJ__rjKYArplXVDjfSkqCiP[RynsPQnNUaqryPsjqRQVGnlgLm`aqPUgtDMswSIjDcXr_MkWZBzlYuU^MHh]kNWEMKxvCzm_IaR_WuHzBJGpQcOzijgpffyqLSfUOpU[P[drdqGSzh[bGbodvyMSTxt]b\\SEPnkMpg`pzXWsdTpxLXje^BYQdBHRbGPH^BDLxOm[Bze_bTjzHvRKlhbNVZcn_NNtIOUbQezwfOd^XuiPSIKfoFVq[pq_fywnmlVTyHi^wV_]EEq[kT[WDbFDs_H[n\\RgSplg_VRLZgjYatlVzWnS^`jKfS[ZAOk[DrKOTKvVBPxXsg]zml[XiyJnFaALurLKwOUij^Cp[YQObSRzq\\gOnTmFiWImJj[KEm[dRoQPjfwPiuLnPAVZKwXd]PzSUPflyGJprhiBLX`IW^WoLV^JUBzHUrHBpxvZzLRbkVvbRTNnXPMztLHzm]WwGC[A`hMN\\FILLoDpZvrAnMjFeIIdqwg]oU[ivvBeHARSHBnEIS`qfWJuTVVW`dX`ZfXrUUt_uMsnuXydVE\\^WprXL`V``eF_cmt\\dwknYAwY^VAvXmB\\HtIdnzfozTzPHUKI_]zZThFWtZtp`ZImdeWjdPhdQvnEAgQJLsXumcHZnmjUFqOaLMg^y\\_OpVJYuBVMIkegBOAB^wvraS^ZhNtoAnKjTJEWYj`mX]LVMb_xMfzB`hi]rjkhIbMU`uTsJdcoXIZDGIMFivbVoJJf[c_jyseqQrpSOgocCLeXNeVj]fyMzraWkhXaFtp`_dnPTuqCHySc`mYqMpMStYqYQZbbON^JVFserGVbowFA`yqxPbUPg^fGnUytTPnt[IM[tozGZe^wSptSceRgtO^sZmq]H]O_ILaXmWD\\cNqBzinx\\gRjyGAMeTBHx^zxVzoHP]aMaqEfX\\skzsA[L`aBLTmYVw^FOsgAufizGEIHCUpJ[QHE]_mqYmwwkHrdSzX`psqUKBTGXZzq_cxEpYcjGqbIjmPyM_oCwPUc[nu\\KfYzmFYHKmouXhYyQifXmVusexuOOVeC_G_\\XcVdTHoZkufOrVRlH]jplaVpLKtpImWQJxbiSBDea[IkSfWsDsuBXjjqN`YJNzRx_UFtndZGYEPQYe^`nBlPsUt[Nk\\mduWaIKLx`]E[ZncSZZYcCsWMOCFJ\\fgDIg^_iiHNYaAQwQpEmaAoSskk^KSGFC\\uqBSmQDelRLJ]sGQxMAWvfrkPwmB^VBHWEGZvyDojwO]GjNsXuVtFgaOyQCq^CGWQDnXmgUyJLhzXVeaitedzHBj^r[evNQgpsMDvqGk`Wktybrdg]HdX^WJBDuuLkDwuAJ`IafsntEdWIkwzryZFhOS\\DBrwM_pToyyXS\\FrPq_YnmtSyuUldqNlrDE`nwbUPPcJm_hVscqqktiRH`yRKDkxlMaPWaDSPJJ^Kk`ZNytBAXBxUnXOyQKM`eYaxYzS_^bbkLHXz_DLJjwTLcucIpUzywx`Sz]ozb]^pZNJgAO[MyCqiEVU_WJiIccnNbEABPMcMZ^lVkwIaunAuHqOdHQcXnUNqZwEvOYxl[dPaezo[BIOpctFlqWuyeLYEQuvnrMR]qO[^bhyI]IWfGYOarTFr^yHOKKQjDAcoqmzTZbJIXl\\\\pnyrgVv^HZyrGLTXXPF\\`bpUZuGPKw[l]fZXMZDhFFhWnHNOOmlIgAwNyeXlOfTLzMU[lvKxLXW[tYaRhsBXKRF]jLYcBSYZl]Wbnm]SboxPd\\U`DFEWevAiHrl`]cwtyxiXCy_vVjqWTqtNrt_vNCoq\\h[vAxpzrEQfnx^FaIAuFeVRy^hdDAfwIrvU_duYtq_P`N[uWZUFCtlrSJw^PLwrZT^vBIaxObBOGGllCmNdfatOGECUgWIhuhqMj_tNsXq\\s]kMYL[]ySLt[OpxGMQrYTUZQ`B_tzlOjYVdTpw\\wgjb\\xl\\ivHgHzC`HRwtJwdzbxJCsMdQPpumdmxTnapxsEHjVq\\BtDRADjA^njc]SqWREQvVTdFdGfH]q[gCkbXM^ujumZ`DxTfBhpeFuGiPxiuXc_hSD`mkYKoKaBdtDCfmzFoBpaIdtHPpARRNmNAYbvd^A[_s^oMvCHY^jf]]XIqRuzJPkVHqBNLD]RAVBPGFuUmssn_Hk_BYFScBQPIIhWtpwVBXeH[HCkWaMQWwqAF]MmxKizEmHxY_[xw^mG]cEtWVvCpztLRgRXdJXqifDizERrFOUtJk^]XSVcOgJEswglNCUmFwXq`WuSDEwafACaJozQoocC\\ypDYaeCubnNThwBYD`KjdZsuFcZDDyRTVVbbqu]ZugDMoN\\ryskPYSs`wJSxLzqd]txSV[cJCkpwVgFrGbFLOCvC]Bfgb`Ouq[kuQJ\\^QaMi]wKPE\\qdueV[yvpUpvc^\\vFvwKbxGbuhpM`arVcGifALFQvUTHiVyiMbqPTttt^SkhelVP^[S]pquupfPMdzt`jHAykbBjMoIi\\XfJzEdNC]sWgwZhehP_YKy]lX`vYdPAiMYXAFN_Vf^NOdRnITF``dPRZIYb`ipYMsi[^Bh`ZlInglOIFlmF_k\\ExHyrgfzgqEAWurQHg`Fn[]eiuP]owju\\Xe]WDqsnl]wbksOO[fZyehd\\]PwXJLkGK`yPUuEphSCy`DyCBOTQQvqjBBtnt[eampXKtytabdQSfevZRuVurZqOiPOTAQwMh\\MkgoIDVnjhf_EWF[]yFjjSyI\\dj``QgDeJYLm^lS`DkJdKKsNaoyHymtl^S_TpOYAbtvxuhzMmJfcp`RZrRy]hwgW`ZPKNzkpRIBRPuTspmVoHRvyAF\\^PwSfM_Y[YozmZqQg^AJwyFhvasPN^QKH^M`VpWEl]s[AmcURBP\\Aw_`KPWFTPKxHesONQuqGvY[FfgIx^xMOpJKzgVGYRk\\SvTWuUHAGYUE_EZ_cOHpSxiR[hPavoXpLwHKSPOdWwGq\\FguNq^KJuJVMBwNEbFSA`tbwPMTz_ZVqsqUAUSFQMfQnmxQSA_proqvMFyydKLf\\o_UKbMjOzBnudnJRwAzzd^CCuIvWU\\GBzozOcFlnobsmCBdRoghKLgrR\\SQZQTt_vluooviqPLKCfQzs`eciowpTximQpR]\\iTrRHo^sxquA\\pfLTXtgkKkzvbrFIYBxiiURYilkGjkxBprICbxXXql^drV`xXj`pxSm[UmegIaA[mxGjjCb\\d`sxribSLnjALIE^EhioSlOQlCqtPqOUIDLX[pdgLR[VrAOdtdfBUnJsQcMorhDV_UsHxgCPDCdARtZknMzfLMAUuTGsdpo^NFr]IHgMaWySKIaXJ\\AehXKSU^NeaKfNNFmMBwcganFpNhKlmijHpKpqv_IeuCgVkkFEVUVMsTEuSVEgT\\rs\\^YCPwQ^nym^HjE^cFWXS]P\\Gv^a[\\RYKotMSCpZDsZuaancQbENF[`zOwwTYkCRgTTTqsK`QwTZDUvaIvPtXDTkOuxWG\\ASqHNMN[mYW_xIGFwuBWL^\\IucAcEvuoZowAdvHiShJr]sGKeJyDUkP^rhNeMeWq_cFIMF]AmTD^UdfB]pyvxq[j_YJvi]\\iRSTunyy_gxQBgmJNBMIWg[thIWdnwaSQrULBQkN_rZOz`YCmPvt]UECqZfmXULcGfAJRaHxQye`MMtIjTq^BgpwmSUceyqJfrHT`PkMIxc^k`pe`^DD_haZqDWzL`TSI[tUEacZdeVDESMN]kDGumfyQi^\\slBdePVPf\\`yue[tS^V^rJ][\\MYVpvDWCHasdlZowxcBLEMQSlfnTzdjPaHYrAZkXIvmDbQbDbbub[PXAICEPPDD^rdCdAww^seCIZNk[EjlYjIoQkYjxV[HFsPLyOxCeeXjqMOavRdKaReoioltcNzHX]xQKBlMHgHoSZyE]rofmPbnN[^K]D[WePRTOyWt`XDtKq]PphXlZTVIvKCj_bkDMkJCHfq^[uFVLidXyNVogjxRuJXDvhVygzgZhZHKqtQ_OAwMbfkQMvX^msIyNmcn_HiMBJj`GKxnYYDuML]QwEmlcIgpRIwER^AHRkLXvLKBxdFUpNlCPRqZUxdt^uNxOt\\vYvc]zFVkulnyDSADWuozgamUGStAxMmEIJvtfOCKwF`dJepLuKaUE\\OsJNVhMUmhyjqtWHXHreDaAJL]]iGngYzguDjYtUycTre[ovonmY][YirACtL^NzAajKySXzO^g[NJ_kibtTANv`NMMjVzJ[UTrEkdw\\VmJznx\\h\\RLeduyneKwmFidPTLFtRZAEeYxNEvlPl_NEn`q[VD[ahKWhJugcsbWCRHzLwkiiZhBb[`\\oUf_NzZX[CPEJPJXJILmg`f_eVmGzJoNdYrNMCICrk`Jgf_YQPrYOmpOjHtsNTXQNC\\lYwKHAIvvA\\ryqTqkSWzqdc^FIPp_TOweKnATEjXFrtONPvCt]hyqDeIpYFylTWcl`NoCT]fcytzjUQpNMwBgPFa`fLvzlgm[Q^iCGzazBWrJfY[IPk_WUw\\ZgOXIbfqSH_ZrbmHMWCetOXuMknjBHVFTBOWsbYYWa_CGzda^dSASScLPTLXowpLmYFpTVPeydOTjUnNGMLYoUnBZDH_WAeZkSQitoNHThCiEO\\uaxQbkWXXf&quot;,88)" fullname="Open_Lab_03._10.Tests.GetNumberOfCharsInStringTestRandom('D',&quot;\\G]u`yKcgw^gPbTcIxOGfC\\wsGh^oKhB\\HMBZ^emDeum_wCIqugaQqsYf`BZQgo]O]KHVSJfS]DBHiYvD`ht_GkeOnWu]L\\XqY_Clum_lBOonrQwHFVlyuyHlatbvPIHBgLjKWKJmII]swrX]ZnWpjYvZWQLBLc]sHmHfblkvMyqm\\Ppj\\E\\\\mRRNPPoFzHbafelJklviC[ckcJyH\\\\`GGAFp[tVSxevEXPGq^fzkJnZRiafGQge^c\\Zf`viqWdlX__TSDHdp]pwTbnGtNPBQAY]wq\\RcwITaCBnKNTDJCoAn_GElopdHb[XGBX]bpBtU\\WR`AvguLrNLXjYjXanH`MybegJpq\\TBvgRHp_ltIivjMLiSzmKPNlpPXjuTmrDk^MQlXQusouzqROVZxqqEREnKrCkFeXGReKLAuxujsS[TmyxIU[WvAzZZYGuVaoNXnhMGCU_zwHLyd[XsEblKBLQelmboD`IEEDaElrGzvWyto[qyiBQzCDVcXcUQmkwXyHu`uTGN[lOfMWqRvdFCOJBBhxhJ]pMK[bvhaQDVuD_QokWAmDUIetJoFtswgwkf`EKe\\Ilf`kHKfkMwbgXZ\\EaaYGbhYHjxStlkal_dSjculyJUgvUz_RJ\\^eMVbEMYBJsmz]WqIoGl\\go[xMA^njZBjQMv`JBO]KsbGXVJ__rjKYArplXVDjfSkqCiP[RynsPQnNUaqryPsjqRQVGnlgLm`aqPUgtDMswSIjDcXr_MkWZBzlYuU^MHh]kNWEMKxvCzm_IaR_WuHzBJGpQcOzijgpffyqLSfUOpU[P[drdqGSzh[bGbodvyMSTxt]b\\SEPnkMpg`pzXWsdTpxLXje^BYQdBHRbGPH^BDLxOm[Bze_bTjzHvRKlhbNVZcn_NNtIOUbQezwfOd^XuiPSIKfoFVq[pq_fywnmlVTyHi^wV_]EEq[kT[WDbFDs_H[n\\RgSplg_VRLZgjYatlVzWnS^`jKfS[ZAOk[DrKOTKvVBPxXsg]zml[XiyJnFaALurLKwOUij^Cp[YQObSRzq\\gOnTmFiWImJj[KEm[dRoQPjfwPiuLnPAVZKwXd]PzSUPflyGJprhiBLX`IW^WoLV^JUBzHUrHBpxvZzLRbkVvbRTNnXPMztLHzm]WwGC[A`hMN\\FILLoDpZvrAnMjFeIIdqwg]oU[ivvBeHARSHBnEIS`qfWJuTVVW`dX`ZfXrUUt_uMsnuXydVE\\^WprXL`V``eF_cmt\\dwknYAwY^VAvXmB\\HtIdnzfozTzPHUKI_]zZThFWtZtp`ZImdeWjdPhdQvnEAgQJLsXumcHZnmjUFqOaLMg^y\\_OpVJYuBVMIkegBOAB^wvraS^ZhNtoAnKjTJEWYj`mX]LVMb_xMfzB`hi]rjkhIbMU`uTsJdcoXIZDGIMFivbVoJJf[c_jyseqQrpSOgocCLeXNeVj]fyMzraWkhXaFtp`_dnPTuqCHySc`mYqMpMStYqYQZbbON^JVFserGVbowFA`yqxPbUPg^fGnUytTPnt[IM[tozGZe^wSptSceRgtO^sZmq]H]O_ILaXmWD\\cNqBzinx\\gRjyGAMeTBHx^zxVzoHP]aMaqEfX\\skzsA[L`aBLTmYVw^FOsgAufizGEIHCUpJ[QHE]_mqYmwwkHrdSzX`psqUKBTGXZzq_cxEpYcjGqbIjmPyM_oCwPUc[nu\\KfYzmFYHKmouXhYyQifXmVusexuOOVeC_G_\\XcVdTHoZkufOrVRlH]jplaVpLKtpImWQJxbiSBDea[IkSfWsDsuBXjjqN`YJNzRx_UFtndZGYEPQYe^`nBlPsUt[Nk\\mduWaIKLx`]E[ZncSZZYcCsWMOCFJ\\fgDIg^_iiHNYaAQwQpEmaAoSskk^KSGFC\\uqBSmQDelRLJ]sGQxMAWvfrkPwmB^VBHWEGZvyDojwO]GjNsXuVtFgaOyQCq^CGWQDnXmgUyJLhzXVeaitedzHBj^r[evNQgpsMDvqGk`Wktybrdg]HdX^WJBDuuLkDwuAJ`IafsntEdWIkwzryZFhOS\\DBrwM_pToyyXS\\FrPq_YnmtSyuUldqNlrDE`nwbUPPcJm_hVscqqktiRH`yRKDkxlMaPWaDSPJJ^Kk`ZNytBAXBxUnXOyQKM`eYaxYzS_^bbkLHXz_DLJjwTLcucIpUzywx`Sz]ozb]^pZNJgAO[MyCqiEVU_WJiIccnNbEABPMcMZ^lVkwIaunAuHqOdHQcXnUNqZwEvOYxl[dPaezo[BIOpctFlqWuyeLYEQuvnrMR]qO[^bhyI]IWfGYOarTFr^yHOKKQjDAcoqmzTZbJIXl\\\\pnyrgVv^HZyrGLTXXPF\\`bpUZuGPKw[l]fZXMZDhFFhWnHNOOmlIgAwNyeXlOfTLzMU[lvKxLXW[tYaRhsBXKRF]jLYcBSYZl]Wbnm]SboxPd\\U`DFEWevAiHrl`]cwtyxiXCy_vVjqWTqtNrt_vNCoq\\h[vAxpzrEQfnx^FaIAuFeVRy^hdDAfwIrvU_duYtq_P`N[uWZUFCtlrSJw^PLwrZT^vBIaxObBOGGllCmNdfatOGECUgWIhuhqMj_tNsXq\\s]kMYL[]ySLt[OpxGMQrYTUZQ`B_tzlOjYVdTpw\\wgjb\\xl\\ivHgHzC`HRwtJwdzbxJCsMdQPpumdmxTnapxsEHjVq\\BtDRADjA^njc]SqWREQvVTdFdGfH]q[gCkbXM^ujumZ`DxTfBhpeFuGiPxiuXc_hSD`mkYKoKaBdtDCfmzFoBpaIdtHPpARRNmNAYbvd^A[_s^oMvCHY^jf]]XIqRuzJPkVHqBNLD]RAVBPGFuUmssn_Hk_BYFScBQPIIhWtpwVBXeH[HCkWaMQWwqAF]MmxKizEmHxY_[xw^mG]cEtWVvCpztLRgRXdJXqifDizERrFOUtJk^]XSVcOgJEswglNCUmFwXq`WuSDEwafACaJozQoocC\\ypDYaeCubnNThwBYD`KjdZsuFcZDDyRTVVbbqu]ZugDMoN\\ryskPYSs`wJSxLzqd]txSV[cJCkpwVgFrGbFLOCvC]Bfgb`Ouq[kuQJ\\^QaMi]wKPE\\qdueV[yvpUpvc^\\vFvwKbxGbuhpM`arVcGifALFQvUTHiVyiMbqPTttt^SkhelVP^[S]pquupfPMdzt`jHAykbBjMoIi\\XfJzEdNC]sWgwZhehP_YKy]lX`vYdPAiMYXAFN_Vf^NOdRnITF``dPRZIYb`ipYMsi[^Bh`ZlInglOIFlmF_k\\ExHyrgfzgqEAWurQHg`Fn[]eiuP]owju\\Xe]WDqsnl]wbksOO[fZyehd\\]PwXJLkGK`yPUuEphSCy`DyCBOTQQvqjBBtnt[eampXKtytabdQSfevZRuVurZqOiPOTAQwMh\\MkgoIDVnjhf_EWF[]yFjjSyI\\dj``QgDeJYLm^lS`DkJdKKsNaoyHymtl^S_TpOYAbtvxuhzMmJfcp`RZrRy]hwgW`ZPKNzkpRIBRPuTspmVoHRvyAF\\^PwSfM_Y[YozmZqQg^AJwyFhvasPN^QKH^M`VpWEl]s[AmcURBP\\Aw_`KPWFTPKxHesONQuqGvY[FfgIx^xMOpJKzgVGYRk\\SvTWuUHAGYUE_EZ_cOHpSxiR[hPavoXpLwHKSPOdWwGq\\FguNq^KJuJVMBwNEbFSA`tbwPMTz_ZVqsqUAUSFQMfQnmxQSA_proqvMFyydKLf\\o_UKbMjOzBnudnJRwAzzd^CCuIvWU\\GBzozOcFlnobsmCBdRoghKLgrR\\SQZQTt_vluooviqPLKCfQzs`eciowpTximQpR]\\iTrRHo^sxquA\\pfLTXtgkKkzvbrFIYBxiiURYilkGjkxBprICbxXXql^drV`xXj`pxSm[UmegIaA[mxGjjCb\\d`sxribSLnjALIE^EhioSlOQlCqtPqOUIDLX[pdgLR[VrAOdtdfBUnJsQcMorhDV_UsHxgCPDCdARtZknMzfLMAUuTGsdpo^NFr]IHgMaWySKIaXJ\\AehXKSU^NeaKfNNFmMBwcganFpNhKlmijHpKpqv_IeuCgVkkFEVUVMsTEuSVEgT\\rs\\^YCPwQ^nym^HjE^cFWXS]P\\Gv^a[\\RYKotMSCpZDsZuaancQbENF[`zOwwTYkCRgTTTqsK`QwTZDUvaIvPtXDTkOuxWG\\ASqHNMN[mYW_xIGFwuBWL^\\IucAcEvuoZowAdvHiShJr]sGKeJyDUkP^rhNeMeWq_cFIMF]AmTD^UdfB]pyvxq[j_YJvi]\\iRSTunyy_gxQBgmJNBMIWg[thIWdnwaSQrULBQkN_rZOz`YCmPvt]UECqZfmXULcGfAJRaHxQye`MMtIjTq^BgpwmSUceyqJfrHT`PkMIxc^k`pe`^DD_haZqDWzL`TSI[tUEacZdeVDESMN]kDGumfyQi^\\slBdePVPf\\`yue[tS^V^rJ][\\MYVpvDWCHasdlZowxcBLEMQSlfnTzdjPaHYrAZkXIvmDbQbDbbub[PXAICEPPDD^rdCdAww^seCIZNk[EjlYjIoQkYjxV[HFsPLyOxCeeXjqMOavRdKaReoioltcNzHX]xQKBlMHgHoSZyE]rofmPbnN[^K]D[WePRTOyWt`XDtKq]PphXlZTVIvKCj_bkDMkJCHfq^[uFVLidXyNVogjxRuJXDvhVygzgZhZHKqtQ_OAwMbfkQMvX^msIyNmcn_HiMBJj`GKxnYYDuML]QwEmlcIgpRIwER^AHRkLXvLKBxdFUpNlCPRqZUxdt^uNxOt\\vYvc]zFVkulnyDSADWuozgamUGStAxMmEIJvtfOCKwF`dJepLuKaUE\\OsJNVhMUmhyjqtWHXHreDaAJL]]iGngYzguDjYtUycTre[ovonmY][YirACtL^NzAajKySXzO^g[NJ_kibtTANv`NMMjVzJ[UTrEkdw\\VmJznx\\h\\RLeduyneKwmFidPTLFtRZAEeYxNEvlPl_NEn`q[VD[ahKWhJugcsbWCRHzLwkiiZhBb[`\\oUf_NzZX[CPEJPJXJILmg`f_eVmGzJoNdYrNMCICrk`Jgf_YQPrYOmpOjHtsNTXQNC\\lYwKHAIvvA\\ryqTqkSWzqdc^FIPp_TOweKnATEjXFrtONPvCt]hyqDeIpYFylTWcl`NoCT]fcytzjUQpNMwBgPFa`fLvzlgm[Q^iCGzazBWrJfY[IPk_WUw\\ZgOXIbfqSH_ZrbmHMWCetOXuMknjBHVFTBOWsbYYWa_CGzda^dSASScLPTLXowpLmYFpTVPeydOTjUnNGMLYoUnBZDH_WAeZkSQitoNHThCiEO\\uaxQbkWXXf&quot;,88)" methodname="GetNumberOfCharsInStringTestRandom" classname="Open_Lab_03._10.Tests" runstate="Runnable" seed="527734726" result="Passed" start-time="2021-10-19 19:34:08Z" end-time="2021-10-19 19:34:08Z" duration="0.000105" asserts="1" />
            <test-case id="1016" name="GetNumberOfCharsInStringTestRandom(']',&quot;PNkNxzocWEFTSzEEHSExKbNyZjCjUvsCqXxtdZEiPgFp[excgSPFbGLiAmoOxEO[LD^uBK\\iNVh_]X^olZDBgn\\jMPtqeqlKXedXHDb\\rarLZgLcOA]^BMoYbnilQeEXe]GsnGhisbKFwPQaDQceTNJKpLpTUpLM][aw`ToHSnf[Ci]R^IhACZDXTwCcRUTDWxc]jUAk\\[RabiIGj^pMHKJCWJcdQMqy[cDEGAcJHx_cI^pfnwsn_GwLn`F`lW[PdSGzeDAjugFKgbutTxpUTD[TgsQauCXl]OzpXqAkvJsrBl_MfMMoaGvasmTmm[osPThXcE\\^wFYJKcRuUEuiqcKWTYxe]Oy[UAciEGebkjr[hmVP\\ZXhaGBgIREJHqAiHyoJAdpN[TxHkkiaChJDqQuOyv`mC[[tiJTjxMPrdKNMJuvYc^GZhxsqDaKEECLztDYbWzdqYRZfDiFEzGK_TAMlQ]fWBKnazNTF]UCcuQAW^MnV\\GExshgsrhQtTMpN^tgpUzcfEbeDApNEjQvuFqiSb[OoDJOh[nse`yA]_ZtQDcsBZMKDRuHhLUOuknbuTwdNxd_lQZVgwXPycMVryLV`fKZLjGllryxGzfEqiZns`\\lnFPR^XkwIbDbmJSBKheox[IzxI_J`X^AKZgGZoNTHCp`vDRgVXdKugnTwQUVtbWkECXS^MbV[QhvedDuqroHoSG^gSJJ[s[`fF\\tfzJIpNkdzriTMZ_BnPvlwugKDYubqHP`IKOrigRab]_oeqwAUYmWJjwlTyEXTJmrcILCLgTHxUK[Vr`N]uNYUtWYN]^kbuNXjgM]ftphFfYo_\\V\\YrvZvU^immoiId`DHmljfDccE`Si[bumGCRjzo]UJ^ksFG_]FVhlkgqVPSUVBoOKrCbGRpETQWaHSj^yBqdEuIB[Lv[gZGSUP`BC_XKPRU[UGjCaoWULLJQjBHvVVXtKDLrni\\ZdfTm`hgT]turDlHJGORAX]out[QQvrPsTxk`rWlBUoY][apZwBl_W[BGrYtEXVXfdC^GAbSj^QfdERZTfqUuFl]tveiY^gdzWntYCjYUjCAFoYC`z`ZaB^asaeLWttMrhgMRYARwYzLCkWE]bJZyMCxsMBsY^C\\pqJYHMlGyN^IBS^HJ`ipk[NeejTEXItYW_VMbyxQpC[kjuvajtjspMlVc_nYshjpUEm^wQaLcYziz^vknmU_ZAdJnAeDK_YISeWeIXeYS^QWNCVFcDeFSLWT\\ckvg^ADArVUHQcVIwLvkMwke_[GuSpGOCJ`himp^NWWgByS\\PxWz[dOgARHCtIhBOFEHCiZJWX]p`DcaIffVZHnZushXemeEjUXvtLYa^MdDGYGwiauO^RcHSfMKBB`dnYGLfghwMEsM^kS\\lkjDrVaYmQdOzO`]hAPhSvRBtyBZZWebSkYQR\\lXshZVDZxy_V_^\\fIqYiKtUGzWgCvOpOKMOrpf]wyZACvDrGGhbcsdQrDliDjB^jJPLSPep^T]kktSLv_`vOgMWavWoEwZMwwRsfr_r]sDOVt`yk`m_JFPCwteXsqkbuPnocZaDAhZVdxBhVYD_JuCrgOwmNHygH]UFGlVRzj_]ftZzsxB[mLXzMvHT^nqsinOGdvbeCm`[WaLmpwuPG_tvEVsKdBnLsfnsfSWwWXYAgxcgkV_atamKuSCNCWAAyTbkmTH]axtjFsPGmM[O^MRStdySQItzWYBTVstXNBAwhCEBDv\\pwm^lBPqJUoMYDtShrvkuTCA\\MVeq_wPUgECduQRGBjCZpcsnkXKHKb]tmC`gezeY_rlzrimaeetdAafe]rGHmIKFbIrske\\BEeuxqtwBed]aistLWuKnt^fWhfXiquqzIs`WgindvF^JfeXjPg]p[iIby^PK\\OKkn]XpT]_iHbrnz]lDOiYKXA`[kxXIYcHhvnWIMbVmIoitrUb]mMwnpASmxxFVEWQ_ZKsMGdrgSfCdRfcVWvWLgTru\\dKP\\zil^KZg]UVJVP[Kyi\\SUkzIAErFSxl^YbLSxQFHLwtB`NqWthwmHsulA`lZSTU_dsknEHMhdUGYqydnN[MfAzVagZSX_goscUXh]CSl[OJnl]uBwyLrGi^e^JGeopJw`Oq]avQLI\\KmpcpK`R\\a[wltqnKTvhwfFMN^gY[AiAjf^lovTwF^Td]d^wfnlwP[_`gdUS^Gq\\r[NFVEyOzzcYR]kezjngOmlPGyFLaBZyhslBWXbap]wPrGNKskSnTJMFixyWzmiy`dlZkiNbINrlp\\XAkuTpjff^fgTYZKaCoykOUnZK]kfGR[PNaxfEZsOuxNnEVpIxgoxrlIfx\\ITyz`MKWGr\\_\\dvjpQHAVogciZ^^Y\\XRidQ`QvYBciOygYLKBHvs_wGUgWRFihxeZKprTWZurGXg`iwPOS\\R``nm^wsudSSvke_]dTrfhBAY`Zox[BrWMgFuXDUW_`Q`n]vvK[gv[qd__UMEIu[c\\wjE`eE`z\\GIk\\fD^snAVwvVCaVCrPOdFiDqmrWaVGvzj\\nDjJaQG[M_BTByOCijM^CCXoQf\\NePAvgbnSSijy]f]_pZpXRSYMmMYlfvsvotpx_FhZLwjAAOAXasyrpDvSrnJZJCgXpoKdq_AklWMVdXM_LALmwBFkx]GkwNQJPRKLEWbBsOFZrajZaeOJqu\\njZfTYPo_FDFRMA[oZJuiwftXngJRzHSVqX]elNccZaUn[YMaJZjhzmrDaOalF]_ylj[p^qDLbROVRFwV[dIaXfWE`ZD^hq^xBVClxWCTV_Fi^\\m[RLQ\\UybGTWPEma_koRUvDLXEbpKt`haEgcL]`BcDowXbGxapzUtMHqXGoMt`ohafqLYJVCKmiRHHnpyeOUtKnTxpLEhTHDOGVllu`W[xJG^qjQTyOPQZoVr]NcyQUrffCBlBEDEsuvAhqHGvljErnpRAtOhwYKdS\\snh_RuLKX_sVKfG]C_emnrMjlIpWH[kSiLxTYW[ptgWQZeica[Vfy`hBbynIEoCxo`gzinDgEptG\\vQGZMphEFUJ^wm[cRkEeY]tyjunXjbIgbafhhjszVsjL^\\lAdDmEo]CZXHjRBPV_L]wWGmvcsFOanh[NJmofoEsE^MP`zaxG^LAB`UuqIKMiO\\fjh]HP\\jjHersu^VcRHICchZhpsy^erJqBa`s^Zieo\\sWi\\ASmbvaFZDCNoSX^LFP[ArTx^FsZ^OHoCzTrflCvckc^^eiGRHcWcvhehVP\\DGcKwNKpz`r[CUsQOp[sWlIWgkMHRiKP\\bs\\IYbPZtHmPIUODXWrvWFRyM_LBD^QUcy\\\\WHpNKZ^dWG^WxDuSTUF]a^wuWOVWrXhJtnhPadlxbibFApEAcxANtyvsLvrwDGmyYU]KVemjdIusvqtaJUntXZQusoDelpt[vcggSuexLQekECwVBQmiTsbzDcSbbHxoOZwSJNOPkpiGp`ppric[CKHCBhcjcDWDTq\\fFeLoC]y^J\\K^n]js_]lERtR]e_hhZfnyDKjN]oY`Leta^FwFT__qFXTLSjJ^pRE_iLZcn]VkELsgAky`ccTuGwtgq^umeukuaUsRgTSrIolt`gLblevNxJYlSnmPbcFJ[xGgshtOP]mSKzGJSTBAz^wXwHztbDP`icZba_jDlhx\\WFaTgcwOaFKxAijliAgMNMeca`dneyPR`\\AqafMzGAycY\\aroxVlBkNJ\\xnHzIecqsX`itLCnhGMOBKEylygc_PoNqUcsFzyWVm`EBJvmTxUeBv[niIOJxARdcRr_cJhhIpsOfzxcDuPavKMuupKxloYV[w\\jRWJJQg]LDLIiLgGDllhYFwenzkwTX&quot;,70)" fullname="Open_Lab_03._10.Tests.GetNumberOfCharsInStringTestRandom(']',&quot;PNkNxzocWEFTSzEEHSExKbNyZjCjUvsCqXxtdZEiPgFp[excgSPFbGLiAmoOxEO[LD^uBK\\iNVh_]X^olZDBgn\\jMPtqeqlKXedXHDb\\rarLZgLcOA]^BMoYbnilQeEXe]GsnGhisbKFwPQaDQceTNJKpLpTUpLM][aw`ToHSnf[Ci]R^IhACZDXTwCcRUTDWxc]jUAk\\[RabiIGj^pMHKJCWJcdQMqy[cDEGAcJHx_cI^pfnwsn_GwLn`F`lW[PdSGzeDAjugFKgbutTxpUTD[TgsQauCXl]OzpXqAkvJsrBl_MfMMoaGvasmTmm[osPThXcE\\^wFYJKcRuUEuiqcKWTYxe]Oy[UAciEGebkjr[hmVP\\ZXhaGBgIREJHqAiHyoJAdpN[TxHkkiaChJDqQuOyv`mC[[tiJTjxMPrdKNMJuvYc^GZhxsqDaKEECLztDYbWzdqYRZfDiFEzGK_TAMlQ]fWBKnazNTF]UCcuQAW^MnV\\GExshgsrhQtTMpN^tgpUzcfEbeDApNEjQvuFqiSb[OoDJOh[nse`yA]_ZtQDcsBZMKDRuHhLUOuknbuTwdNxd_lQZVgwXPycMVryLV`fKZLjGllryxGzfEqiZns`\\lnFPR^XkwIbDbmJSBKheox[IzxI_J`X^AKZgGZoNTHCp`vDRgVXdKugnTwQUVtbWkECXS^MbV[QhvedDuqroHoSG^gSJJ[s[`fF\\tfzJIpNkdzriTMZ_BnPvlwugKDYubqHP`IKOrigRab]_oeqwAUYmWJjwlTyEXTJmrcILCLgTHxUK[Vr`N]uNYUtWYN]^kbuNXjgM]ftphFfYo_\\V\\YrvZvU^immoiId`DHmljfDccE`Si[bumGCRjzo]UJ^ksFG_]FVhlkgqVPSUVBoOKrCbGRpETQWaHSj^yBqdEuIB[Lv[gZGSUP`BC_XKPRU[UGjCaoWULLJQjBHvVVXtKDLrni\\ZdfTm`hgT]turDlHJGORAX]out[QQvrPsTxk`rWlBUoY][apZwBl_W[BGrYtEXVXfdC^GAbSj^QfdERZTfqUuFl]tveiY^gdzWntYCjYUjCAFoYC`z`ZaB^asaeLWttMrhgMRYARwYzLCkWE]bJZyMCxsMBsY^C\\pqJYHMlGyN^IBS^HJ`ipk[NeejTEXItYW_VMbyxQpC[kjuvajtjspMlVc_nYshjpUEm^wQaLcYziz^vknmU_ZAdJnAeDK_YISeWeIXeYS^QWNCVFcDeFSLWT\\ckvg^ADArVUHQcVIwLvkMwke_[GuSpGOCJ`himp^NWWgByS\\PxWz[dOgARHCtIhBOFEHCiZJWX]p`DcaIffVZHnZushXemeEjUXvtLYa^MdDGYGwiauO^RcHSfMKBB`dnYGLfghwMEsM^kS\\lkjDrVaYmQdOzO`]hAPhSvRBtyBZZWebSkYQR\\lXshZVDZxy_V_^\\fIqYiKtUGzWgCvOpOKMOrpf]wyZACvDrGGhbcsdQrDliDjB^jJPLSPep^T]kktSLv_`vOgMWavWoEwZMwwRsfr_r]sDOVt`yk`m_JFPCwteXsqkbuPnocZaDAhZVdxBhVYD_JuCrgOwmNHygH]UFGlVRzj_]ftZzsxB[mLXzMvHT^nqsinOGdvbeCm`[WaLmpwuPG_tvEVsKdBnLsfnsfSWwWXYAgxcgkV_atamKuSCNCWAAyTbkmTH]axtjFsPGmM[O^MRStdySQItzWYBTVstXNBAwhCEBDv\\pwm^lBPqJUoMYDtShrvkuTCA\\MVeq_wPUgECduQRGBjCZpcsnkXKHKb]tmC`gezeY_rlzrimaeetdAafe]rGHmIKFbIrske\\BEeuxqtwBed]aistLWuKnt^fWhfXiquqzIs`WgindvF^JfeXjPg]p[iIby^PK\\OKkn]XpT]_iHbrnz]lDOiYKXA`[kxXIYcHhvnWIMbVmIoitrUb]mMwnpASmxxFVEWQ_ZKsMGdrgSfCdRfcVWvWLgTru\\dKP\\zil^KZg]UVJVP[Kyi\\SUkzIAErFSxl^YbLSxQFHLwtB`NqWthwmHsulA`lZSTU_dsknEHMhdUGYqydnN[MfAzVagZSX_goscUXh]CSl[OJnl]uBwyLrGi^e^JGeopJw`Oq]avQLI\\KmpcpK`R\\a[wltqnKTvhwfFMN^gY[AiAjf^lovTwF^Td]d^wfnlwP[_`gdUS^Gq\\r[NFVEyOzzcYR]kezjngOmlPGyFLaBZyhslBWXbap]wPrGNKskSnTJMFixyWzmiy`dlZkiNbINrlp\\XAkuTpjff^fgTYZKaCoykOUnZK]kfGR[PNaxfEZsOuxNnEVpIxgoxrlIfx\\ITyz`MKWGr\\_\\dvjpQHAVogciZ^^Y\\XRidQ`QvYBciOygYLKBHvs_wGUgWRFihxeZKprTWZurGXg`iwPOS\\R``nm^wsudSSvke_]dTrfhBAY`Zox[BrWMgFuXDUW_`Q`n]vvK[gv[qd__UMEIu[c\\wjE`eE`z\\GIk\\fD^snAVwvVCaVCrPOdFiDqmrWaVGvzj\\nDjJaQG[M_BTByOCijM^CCXoQf\\NePAvgbnSSijy]f]_pZpXRSYMmMYlfvsvotpx_FhZLwjAAOAXasyrpDvSrnJZJCgXpoKdq_AklWMVdXM_LALmwBFkx]GkwNQJPRKLEWbBsOFZrajZaeOJqu\\njZfTYPo_FDFRMA[oZJuiwftXngJRzHSVqX]elNccZaUn[YMaJZjhzmrDaOalF]_ylj[p^qDLbROVRFwV[dIaXfWE`ZD^hq^xBVClxWCTV_Fi^\\m[RLQ\\UybGTWPEma_koRUvDLXEbpKt`haEgcL]`BcDowXbGxapzUtMHqXGoMt`ohafqLYJVCKmiRHHnpyeOUtKnTxpLEhTHDOGVllu`W[xJG^qjQTyOPQZoVr]NcyQUrffCBlBEDEsuvAhqHGvljErnpRAtOhwYKdS\\snh_RuLKX_sVKfG]C_emnrMjlIpWH[kSiLxTYW[ptgWQZeica[Vfy`hBbynIEoCxo`gzinDgEptG\\vQGZMphEFUJ^wm[cRkEeY]tyjunXjbIgbafhhjszVsjL^\\lAdDmEo]CZXHjRBPV_L]wWGmvcsFOanh[NJmofoEsE^MP`zaxG^LAB`UuqIKMiO\\fjh]HP\\jjHersu^VcRHICchZhpsy^erJqBa`s^Zieo\\sWi\\ASmbvaFZDCNoSX^LFP[ArTx^FsZ^OHoCzTrflCvckc^^eiGRHcWcvhehVP\\DGcKwNKpz`r[CUsQOp[sWlIWgkMHRiKP\\bs\\IYbPZtHmPIUODXWrvWFRyM_LBD^QUcy\\\\WHpNKZ^dWG^WxDuSTUF]a^wuWOVWrXhJtnhPadlxbibFApEAcxANtyvsLvrwDGmyYU]KVemjdIusvqtaJUntXZQusoDelpt[vcggSuexLQekECwVBQmiTsbzDcSbbHxoOZwSJNOPkpiGp`ppric[CKHCBhcjcDWDTq\\fFeLoC]y^J\\K^n]js_]lERtR]e_hhZfnyDKjN]oY`Leta^FwFT__qFXTLSjJ^pRE_iLZcn]VkELsgAky`ccTuGwtgq^umeukuaUsRgTSrIolt`gLblevNxJYlSnmPbcFJ[xGgshtOP]mSKzGJSTBAz^wXwHztbDP`icZba_jDlhx\\WFaTgcwOaFKxAijliAgMNMeca`dneyPR`\\AqafMzGAycY\\aroxVlBkNJ\\xnHzIecqsX`itLCnhGMOBKEylygc_PoNqUcsFzyWVm`EBJvmTxUeBv[niIOJxARdcRr_cJhhIpsOfzxcDuPavKMuupKxloYV[w\\jRWJJQg]LDLIiLgGDllhYFwenzkwTX&quot;,70)" methodname="GetNumberOfCharsInStringTestRandom" classname="Open_Lab_03._10.Tests" runstate="Runnable" seed="516403193" result="Passed" start-time="2021-10-19 19:34:08Z" end-time="2021-10-19 19:34:08Z" duration="0.000109" asserts="1" />
            <test-case id="1017" name="GetNumberOfCharsInStringTestRandom('y',&quot;j^NQgkFQPhArig\\lFiVejODeVmWJakJoaXZKyWZSf\\YkEFvG_yqfBsE[[cutUvj__MQRNQnjOCzOqSaPrPfct^mhTykV\\`yjltMsoesNKHWztpdHCfCEQHfAZcxP`XOjEP^xGh\\MXXXlHno_VdTp]tZdNLYLhdhmthueSfAUJphsjutgoYuwEYMLqtkvPP`njfs[tKMjczghMauTSmXOjli\\[inYvFFuPtIDBZmeMLTEm`zPyWc]sRDyxWzKWnn^ulXSXqRszmB_Xdjvj_Z_]cByqKGf[cOZXqKAIhrIFk^FP`aUhD\\sTOASjY\\NjgYX_cGaYinCgRZmEviQdmxWHVFIpsQjLeYZRGbhYAvzQYMCpONokLdxjCPI]ykaYErBsz\\yUBsdqyFiJDTbe]yzA\\kOqYK[PVbMbKJpmPZjSAGlxazZeIvvFrBXPMHvrYT\\WsHzt^oVCPhzUzRPZkpGZfHjIm`aH_ruhfUEZzaGUaspJBDQvr\\GcNBllXqHxON_XnSieMq[KimtmR`HjPfQClR[dcSBIZJFSUXWjUfiABwt[IyZsjXidx]g\\sFBupRl`gbYuIYUdwPAoXz\\etJZB[]VrlvqOeoLkLUna``jRCFgh\\rDsdXAgrjFKLaJNbGzIEQdDLuET[IyUphWtsxeMn`s\\PcVyW]jwG_dKOzhjSgLjlkV_KPUd\\mV_XIoc`GxxYBORELfsQvuGTJk_NroGHF\\UJEnFLEKMjOQj]EZye\\T`rOLOXPViRrqSatIzY`hMliXFsACJXq]fmw]ut_hvj\\vrXyJcwZ`EoHoJrFVXMLQ[VLadWNFtrl]Pn`iur[NxQXqfHTDoJQj^L[]MY`LiUgNDe_WRX[`myTKyUu]DKRkaCzESD\\]RO`deJnAdxlWikw`rQ^s^DI^CwgAf[DNwyO^Zj`oausFYuBpF[MC`dzOGBai^mVIt^[k]YFHkjRdKCEHuqvLOAiSyzXXIrRo_kLv[RTgUESqRWDDwZngrKutpHl]BhzsY^E[qJhd^OqJhrBcwU\\jEexUpSFS`qfgF[YoRdMmlJJcTlLxGIahMPonake_EVEgdKENZMRSHixu\\UAEGHLWQyZqgeOayiiWF]zIgy_urN`_RtSLj`XwJhWelNapykTYzboyVsXIdR`DYv_mRCrZQlMYGUXYXivGtH_kFUqrIPTsHTMpjo^vtuHOUVrA[ykuVZJRXogxMzRBYUQnIbjdKzMyzQVj]pWJ_Y]hJuYuHajudGpzEErtPHkWNKRGYx[WdH]zrddOJo\\dPSUt[VeYy^uXiG[ycR]KGTQ]dqI\\[dk[fGGuqYgCSBYFNFRlIffrSR^wBsQdNJyUnZlbA`IKeZsEuKO^`WTpysHUcJtxICoIDESnTjkc][MsYZCqemEqpIWuSXzrgLCcejAqs[KpglS^fOvJGCTVxyTuiY\\vjtvRYeOjZMyJcOKEqsOD]qkdsgegWFIZzOGmpBEBALkuEJnjnOEpJYYtJSYmAbTTE_JTIYOooNCRGq`isvsHASQapMc^cSBYsWp`z[aVzQBvWHnSmktFiLTlNd^wplL\\MdYjAziYU^HjRUKiYPksYwjgDESWwd`OF`jmjESnC[kKDd[sYp^`ATDQtlgwhR\\lytemfYyUxxqxL_c[eZyHFzNm]YsxXWFkyyMKyhNAqJcD]FEVILSOTUfygsQM`BwbsFyNSY]wLyQwXKPWU^oLErXeTO_FXA[oMBKXGrCkjVCUEja\\dtsCNk]BiUtEtW_L^\\jWzrQ][D]ioC`dhC\\_IYb\\_JjmxyqTrrrczJ]ldVbJOoMfoPWquzCFtNspI^`]NIqwLxe^ajvnqYNjxDxhbzYsolimRgdFpFwFxP[rftQKEPO[AIsEaruNkyIZOrMtGpxl]HmhdFBijOn`]OmIo__yLiVzHAdngWEOR^ysWK\\[pL^]KcwAFDFbRzaomm`c]OCSJ`NzPtldDEIzKto`DcicR]xSxKGdesxbJLSfUxkMS\\_NqadsyA_t`ZBhcuCFnHyKGbpzbJKGs\\Qpyk]WaNfeTEBkJfD[ueYK]TGPldRpqYBEIMirYg``]UrC`FqwFkLNCGSfdNfwwqnvCxbwwLCOFthI\\EjfnVjGMnBBuCOKAcdfbvzb^tzuhwIJYKJ_^zJaHhjPw`CtxrN^PBaaFIHtWpYPfrdjtjgBYC_uLkfyrFxqieuXddYVsPKRO[eFwSANKMEM]gUV]JCQrcaAxMGQRRJJsNflF`B_Ejf]ahuxODsiNtZftdIkMkwtDvUPAdPwI^MIxE[PRJBNY[vynzs]XQSTnmYeTewfnvakhRipJsYCii[cAV]Bkn`rKsULfpvhNW[]uLR\\QCS_sPeFRqeyHuuAWj`px^KTxlpSNyipDBki[AyuNOtpLx`S]ZFKf]^mszbH[SsSHpuGKMaWkfbjdVIzL^pns^Jb_xp\\Yr[uWbhVCZHQtj[zunJ^qbvw^E[dfSbNWExsKgTChmwlV`tIDKgkoReqw^XSGEkkrutplcoO[GpDfKayKRa\\frYE[HwhOBvdCMt\\fEX\\VYPi\\aLlxZHp_PEA\\oUefHzZKMBYQFSFuEFNbkdtvKjptGFnItzqjmpNZq^P`n[sGCvZJrYlL\\j[YKaDHOQXF]VHPsolNTUIkriqLgdQ\\OeODUpOQZIQ^DmegnJRDg_sHaka]js[ezvrrHDuC`\\nLDfgFDJX]SNokmH]dPmbbhf^Hvm`kOO^LkgDvE\\Y`[ySmHGFzbRnntL_YH`JRehNDjdzGDa`nTBGiSlAoh`Jx\\kR`Heo_RGvnkPC^HzwAlzZsFpFW`VeE_QbzS[yZmA]MGSyDi]hhdIL]QZ[S`Yzv]qP[hDLhB]Nk]MlmrBhCiw[VEFisAftUBakPD^WfQzgGv[zEhh[^kwN`WtVbUTgVdsjv]\\iTfBmiQT[eFeKSKWdFTKtJIoQxTR^ClDcMzHsjK_PCZl]kIUKNPdcRc_LqloVyqYsBByTD^uvovqkWS`pyGQnH\\Qd[vCyVJQMBt\\jJBGjUinWloo_LyWs`ek`kUsI\\w`feej^qqgxAaYZiusgG^mWmYgWIvyoIyOXIHlGERhUSZsyMRrq]MBxJItLxSVvsrpBSBQaIlbpqYDTaiKqDHSvwRNzNaIlvl]\\dqgKBQhkeLGlFafPI`rk`tFBnQSccptEvcjjBzpn[bRkK]uhutdWulwjleXkxFIoRBp]qvNIjEQycUqRVfhjM^KKgAyXbEpVY]YIgYrzf[gp[xGXoGVSXYcorfqqxqbfPv`GvhexoiElqVjitbc[i^xAteRAbACotBa`YA\\G]Y^iTry]wIxVOGxmx`NQVdVngQrpoJQsF\\yQzPgBgpEZDganEoctmLksCkCDzIhmsEQmHgmhsLea`wjAjElAbXFukGNPNcC^ISbzVngXBuAbaKSGABTuXgL\\yWBAY^[QIHYMUkewYTzgW_TaoHOLOHG\\HGBzmgy_ZjYZmGlPXX]Dh_EZC[MROPBBAwFOjeJmV\\NhFuoiVznqfCodCbxRZgPKhXYqA]amOkiMQWUHg_vP\\KVxH]MHhsSiLCzi]xhsYAcuUcSfNpevkAj]B[i_QZFWXzANXgfjqDq[c[d_JburNWxLT]gBOJczvM]UcEObKvEhJOuarKUj`OIACouuzd[h[r`VyOwESShSSPBEcFKEot[hE]SnKUba\\XNSj`ccNPWMaqimmpSuZVsbWrR\\wJuykHquCjUC]cr`^NGNn`AUCgGF_fvsNGgDVX\\ZznkD[PYr_TEIlDiXJ`wEAlWWo]oVwnJFmhOzowumOPbKbmGKYOup[XYNXTOx[CukJyWDpjcMfJpkKLpBVexhtUeUPAb\\hwSLUqBcWDVighKRchDM_NbpFNrpUBooHH_irdVUKNfSPOALJTmbwUx[U]GHyLNUPab`J\\[ySjCQbParMgfBOMsnJDTU^OVyzRCih\\CitoPNRgtFwOuS`MFCinVFHF\\DTERQNrKlexI[xe\\^KOXOUDZnLzAtFwanTLuNVcsEEIhbEeEDSsutiMjQe_ENrRfhXVHmkNIbWTKLVribuwbNBhEG]edq_fNn]AJj]STEjS]VB^ump]SujYfkQAPGeRDlFXjVhzEcc]^iKjEzjqBBSTDEUZY\\CNZYPlPeo`FpYjRNuwaawQWoQBYmTeAOac`VCFZZ[[LKkLdcBpKXts`mqfIOS]QJ_qOqKwKo^HF\\FMDEYpl_ZcViCn_XxKGxJBfuxmYFfVummEhdbEp]lmjw\\anXXnrSAIRDbJHfXgtEidvyFuptUdLXSjYWzBhr_blemeCXwKFFtfNsepR]xyxWwulskkfVyBaHrRM\\sXwK_G^g\\alKkKu`dVhrtJhM_jGrEGATcpe`CnrqWEWKy\\foHA^]dUcikjgozgbVaYbv`U^q^r\\on^OCESkEc^kOMwpSGCqk]BdatjOm^hzltovN\\dkgv^mChTjd`Kj[AkSlthIUExav_zVYBbr^SKpyPbsaAeNTy`kI\\JTn[Vbxxr_hxQcxSLHqvU\\SocT[kMxyPMwrNEDwcrAXCKdjCPBmYtNGhBysBHNluaYlUlkOILODTEPdzeX[LKaVzqJLFKu[dP^]mrVR`ndMeJmdmUtXjnajzDm^b_IxQoZEamrHOGuXbTkpD`ZkR]kqjo^iFrjBefwqjiDz]lJcsIIgSw[CEYgnDdVlPIBWXsnvXtFU\\ZN`THyagqWIWgxMzInGSRkUjmLzVMPYrFaeKG[veoFYmtAkvavOGzCKjtqbwyLZbxRQGSBtis\\_MRbqm[DoQASrDWuQPsygdfqobjed_BaO^^yYSzp]uXIbfZMkXldptpua[mPDq[PP[ET`Y]yQD]lL^PJH]tLnYkUidYx`kmf[ItGaGgSumTmWDjCLdHawO\\rkjfwz`ZaRqQCdIcBpbQBExyetVmwcLjLhCWr[jSVTn\\`mgYCAFlUx[mmlADen^xFHFVbmlbFPuhR]YrNwjv^ZUNNQdFZghcqpVYhQrQO_gFCm[QTIqiDb[fmrIQIfHYbSr\\GzKwEYgynPK[pTmQqz`OVjgqIaIdXN_kuyJTytdfu]r^gi\\osqcbncGXSTo^QDaak[aqKZRwWuUtrJJ[FUkbfwxRsmAeFGUqvRmMHeeZ_fLsOM`JKUXwSzvo]OxYYhqQ`^xaWxS\\jRCzlECgMr[liY_wWyjtgLBrovTlOzmMCwMBwvDXLRLbMFbGzBJYNYo_QLLplRXNENjlM]A\\uShVzZejTNmNpUzdIilkkNgtuy^yWqt]Bi^vkZ_qa]\\^`JXjOGc_lPkhfn[AwgS]TPMHqEsjJuKOlIUkbnkQNVllxqPwy^uuJzKPxPtJNtUqF]v]ZjZJvCPx_\\JAovkgAPFmyEnRuaCTAug\\un^OElyGjMl\\GsVSJiqpXI_VvHOUAvxeohFBX\\cPRyClTRLBLjKSEqElPITw]dGoPGhYnTuiFa_YFmBewNIQleaxdTmPIfnhsO]MemOsp]M^Sff]GizP\\qDeajpZbe`ZnqarPpzKyQ[OXCeyhPIZg^MCLrfvxpQKwnj]EoMRjpQKVoM^ErlR\\GnPe_gYJENJAPSeTIttCrjqNBgWeIqFDyiqzZraIoIfcGKF]cKvysPeWxCcrPnANHGBb\\ftQSlNiENGrbtCxvHKjE[CXPisBHX\\AI_AxRefHBvRjvlQWkDSzvS]Bc\\BdtLbhmFiDsFgQ]DhIIS\\^Y\\REF\\FqBzUpcBNpUewqCM^fWC]reUsPA_KXu]bRArBtlrh[prn_Wf[MygiDyNLhGEpErqvrCfqKKdu_UCCmaUtUDyYOo_SmfUmgCcdzww\\kpPBUlJiwLYGmK[BsXgC^TD_qrN]lYDqetI`nxE]fqVaNOA\\bblbQtxXllL^_gx^Ic]sCvNuTJXhx]RbqluJh\\akvknCmayytsXemHZgTqNG]P[OZdgmmnpgClxRILInLYoEEhpjROqrOZOfQ_dJuLMFClbAKI_Ih[vD[VJlnx[_xyYd]RBdczszLiCTGp`JkiJo_KLuUrVwkiIDSy^sHu`ibvrlTqfyYRoOpeFRGGPkdwP^ayBHRgCpI[NcTZb_MW_ZutOitLmAeoEffULUo^gmOyGUW]yh_l_NXqdgkSOFtBLTWbwzNNjikmKwntRWMF]tQrNpk`e]PasMnmyo`z[RCq]ffhsqAsso`RD_UHOhcMZJuxIBv]qNeKrZUcJDho\\WiDh\\i[[YlnjpWTlh_ru^BfJV[dJmxKznkC[qQhS\\CY\\r\\CDAr\\`qtxVCuRBEQi[anvEUsuWr_Z\\dJRtYaIu\\fJumhYwzfOKTyuEaxjHwFhS[]mscYd_HnyvdBRg[yXLQOHfONT[rAxWxrZQv`TaCjC`zz[`gChyh]BLUHdVEIgGpcymbAlueqJaLcfPmoooTzj\\pOwowy\\tDvjXAixfRnTqS\\zm\\UcQUrnqt]xTExyfVP^QsOOEqI^`gsIUOJSbWL`LIt^_leaUoh\\CyjuMF_ZLUNJATcEueWPJkRHykkSLcJlyXGV`PG]rlTquj^KIafjYXRSgbv\\VLOdL]LdNN`f_tYYW\\NONaKfwZSaFnjxTeHf^kfX_twvBAL_ztvLUhOoBcglKe_[^bRtmmvfppjUdPevNnbLr_dgWSeuEtNuU]XZjRmMyQV_xtLlyl_WCSczye^ZIAbwcozGrKLvBVNbIEi]HswSVrsCuY\\FoTDxiZwIuEtnacVhEAqtvBSPEPalwwMZjGHiRPtjI`cCyImm\\KxucbJmAotZsLMxr[D[\\hWpHGkWZPQv]oPlzSrHwUh^WZqxTeK_FSRooIm\\qnTl^ywEv[x`cv^GzsYhPnCoEmqK^[wq`WQJBwzY^mBtgfwJoKovjFLDl_glHma[^GzMfUFDtAK^lJHZphVSfBH[LNY]QOQkLbV`fk_[FlCjuhSbXMv[WOo]z`BXwcnejZRKnbnFJvNuyX`^vqFDSqUxmtaGiG_]yYz[WInpZqR\\Bu^cz^]F^kRtFUXuBhWCWkvaXFHmCQd]`swrVxHLdYzOGGVBktnmZOEQyxKtWjDMGpUNY``E`LYylh[RkFCJ^rDQnftXmNouUmIRlHdKUjMNpF`R^tJRhujOlDZmgHRSX_ey`Jac]soofp\\hGbutD]N[Ct`hiq^MXtqQ\\alUSbppFvcvclgENXPuRJwgdstfUcWmzLM`q`a\\hYUGQdFxKYzAewzReFk[hJ[^`qwX`GOhqnMsopVznw[vdVHDLuvkpGo_xra[hiXEKRKrjG]oklhlj_tKjtLeK^sjziuxOvSE_VlRLQTEXHADZCoYxWln]mugZ[sBL``pYcMTncyY`GNC]oPwt]zsK`cl\\FrkYStrcLfrq\\fVYSNW`rJeKvIjahetz[sikNANNV[RIYGXqeZrRMMdvMa]JJRuamrVcxeKRAIJXs]mpktwNnbnOPm_h_DEE`kVakpsAPaRDCMDkngZPVhnLDGTLF^nwDErHGMEuAwyMQjLDjntseojsxK]e]hulnUAyUvebb_PZjauTuQ]SdvSPVzKvj[YTBMZvjNinJRQF`QIWQIjMLbHsCkdVlisHFvX]HyehbiIReMjEqofalMI[FbszeSB[ZJzdtgPR_Be]YpNqA__xDRWtmxX`FeCOhis\\MGLK_TCjcgBPUCyGoEXInGqwOjLtzVokxmeuTUYkOgQGvHLDfw[cQjiFPPvoHIkNrQScYEmZfhtGqkAH_INCuMZOD_fEYdcGwDOfpdfbJAwdpbP_OoQzuiSfqE_tYiBCEnJn\\VRu^gstPqY\\PGpdTdMOkdolFlJ\\zu_CX]Ct^V\\OpZVAfCeRsXi\\bvCrbapm^XuURWDmEwGxHyYROnFCGrcbLC\\]ZKSw`jlY_AiPysNwRlUd]ldn[ngfoSJPvbTteKXXMAmNFqDOdfQ[hszib`\\mDFdMrZUX_USGUxW]&quot;,145)" fullname="Open_Lab_03._10.Tests.GetNumberOfCharsInStringTestRandom('y',&quot;j^NQgkFQPhArig\\lFiVejODeVmWJakJoaXZKyWZSf\\YkEFvG_yqfBsE[[cutUvj__MQRNQnjOCzOqSaPrPfct^mhTykV\\`yjltMsoesNKHWztpdHCfCEQHfAZcxP`XOjEP^xGh\\MXXXlHno_VdTp]tZdNLYLhdhmthueSfAUJphsjutgoYuwEYMLqtkvPP`njfs[tKMjczghMauTSmXOjli\\[inYvFFuPtIDBZmeMLTEm`zPyWc]sRDyxWzKWnn^ulXSXqRszmB_Xdjvj_Z_]cByqKGf[cOZXqKAIhrIFk^FP`aUhD\\sTOASjY\\NjgYX_cGaYinCgRZmEviQdmxWHVFIpsQjLeYZRGbhYAvzQYMCpONokLdxjCPI]ykaYErBsz\\yUBsdqyFiJDTbe]yzA\\kOqYK[PVbMbKJpmPZjSAGlxazZeIvvFrBXPMHvrYT\\WsHzt^oVCPhzUzRPZkpGZfHjIm`aH_ruhfUEZzaGUaspJBDQvr\\GcNBllXqHxON_XnSieMq[KimtmR`HjPfQClR[dcSBIZJFSUXWjUfiABwt[IyZsjXidx]g\\sFBupRl`gbYuIYUdwPAoXz\\etJZB[]VrlvqOeoLkLUna``jRCFgh\\rDsdXAgrjFKLaJNbGzIEQdDLuET[IyUphWtsxeMn`s\\PcVyW]jwG_dKOzhjSgLjlkV_KPUd\\mV_XIoc`GxxYBORELfsQvuGTJk_NroGHF\\UJEnFLEKMjOQj]EZye\\T`rOLOXPViRrqSatIzY`hMliXFsACJXq]fmw]ut_hvj\\vrXyJcwZ`EoHoJrFVXMLQ[VLadWNFtrl]Pn`iur[NxQXqfHTDoJQj^L[]MY`LiUgNDe_WRX[`myTKyUu]DKRkaCzESD\\]RO`deJnAdxlWikw`rQ^s^DI^CwgAf[DNwyO^Zj`oausFYuBpF[MC`dzOGBai^mVIt^[k]YFHkjRdKCEHuqvLOAiSyzXXIrRo_kLv[RTgUESqRWDDwZngrKutpHl]BhzsY^E[qJhd^OqJhrBcwU\\jEexUpSFS`qfgF[YoRdMmlJJcTlLxGIahMPonake_EVEgdKENZMRSHixu\\UAEGHLWQyZqgeOayiiWF]zIgy_urN`_RtSLj`XwJhWelNapykTYzboyVsXIdR`DYv_mRCrZQlMYGUXYXivGtH_kFUqrIPTsHTMpjo^vtuHOUVrA[ykuVZJRXogxMzRBYUQnIbjdKzMyzQVj]pWJ_Y]hJuYuHajudGpzEErtPHkWNKRGYx[WdH]zrddOJo\\dPSUt[VeYy^uXiG[ycR]KGTQ]dqI\\[dk[fGGuqYgCSBYFNFRlIffrSR^wBsQdNJyUnZlbA`IKeZsEuKO^`WTpysHUcJtxICoIDESnTjkc][MsYZCqemEqpIWuSXzrgLCcejAqs[KpglS^fOvJGCTVxyTuiY\\vjtvRYeOjZMyJcOKEqsOD]qkdsgegWFIZzOGmpBEBALkuEJnjnOEpJYYtJSYmAbTTE_JTIYOooNCRGq`isvsHASQapMc^cSBYsWp`z[aVzQBvWHnSmktFiLTlNd^wplL\\MdYjAziYU^HjRUKiYPksYwjgDESWwd`OF`jmjESnC[kKDd[sYp^`ATDQtlgwhR\\lytemfYyUxxqxL_c[eZyHFzNm]YsxXWFkyyMKyhNAqJcD]FEVILSOTUfygsQM`BwbsFyNSY]wLyQwXKPWU^oLErXeTO_FXA[oMBKXGrCkjVCUEja\\dtsCNk]BiUtEtW_L^\\jWzrQ][D]ioC`dhC\\_IYb\\_JjmxyqTrrrczJ]ldVbJOoMfoPWquzCFtNspI^`]NIqwLxe^ajvnqYNjxDxhbzYsolimRgdFpFwFxP[rftQKEPO[AIsEaruNkyIZOrMtGpxl]HmhdFBijOn`]OmIo__yLiVzHAdngWEOR^ysWK\\[pL^]KcwAFDFbRzaomm`c]OCSJ`NzPtldDEIzKto`DcicR]xSxKGdesxbJLSfUxkMS\\_NqadsyA_t`ZBhcuCFnHyKGbpzbJKGs\\Qpyk]WaNfeTEBkJfD[ueYK]TGPldRpqYBEIMirYg``]UrC`FqwFkLNCGSfdNfwwqnvCxbwwLCOFthI\\EjfnVjGMnBBuCOKAcdfbvzb^tzuhwIJYKJ_^zJaHhjPw`CtxrN^PBaaFIHtWpYPfrdjtjgBYC_uLkfyrFxqieuXddYVsPKRO[eFwSANKMEM]gUV]JCQrcaAxMGQRRJJsNflF`B_Ejf]ahuxODsiNtZftdIkMkwtDvUPAdPwI^MIxE[PRJBNY[vynzs]XQSTnmYeTewfnvakhRipJsYCii[cAV]Bkn`rKsULfpvhNW[]uLR\\QCS_sPeFRqeyHuuAWj`px^KTxlpSNyipDBki[AyuNOtpLx`S]ZFKf]^mszbH[SsSHpuGKMaWkfbjdVIzL^pns^Jb_xp\\Yr[uWbhVCZHQtj[zunJ^qbvw^E[dfSbNWExsKgTChmwlV`tIDKgkoReqw^XSGEkkrutplcoO[GpDfKayKRa\\frYE[HwhOBvdCMt\\fEX\\VYPi\\aLlxZHp_PEA\\oUefHzZKMBYQFSFuEFNbkdtvKjptGFnItzqjmpNZq^P`n[sGCvZJrYlL\\j[YKaDHOQXF]VHPsolNTUIkriqLgdQ\\OeODUpOQZIQ^DmegnJRDg_sHaka]js[ezvrrHDuC`\\nLDfgFDJX]SNokmH]dPmbbhf^Hvm`kOO^LkgDvE\\Y`[ySmHGFzbRnntL_YH`JRehNDjdzGDa`nTBGiSlAoh`Jx\\kR`Heo_RGvnkPC^HzwAlzZsFpFW`VeE_QbzS[yZmA]MGSyDi]hhdIL]QZ[S`Yzv]qP[hDLhB]Nk]MlmrBhCiw[VEFisAftUBakPD^WfQzgGv[zEhh[^kwN`WtVbUTgVdsjv]\\iTfBmiQT[eFeKSKWdFTKtJIoQxTR^ClDcMzHsjK_PCZl]kIUKNPdcRc_LqloVyqYsBByTD^uvovqkWS`pyGQnH\\Qd[vCyVJQMBt\\jJBGjUinWloo_LyWs`ek`kUsI\\w`feej^qqgxAaYZiusgG^mWmYgWIvyoIyOXIHlGERhUSZsyMRrq]MBxJItLxSVvsrpBSBQaIlbpqYDTaiKqDHSvwRNzNaIlvl]\\dqgKBQhkeLGlFafPI`rk`tFBnQSccptEvcjjBzpn[bRkK]uhutdWulwjleXkxFIoRBp]qvNIjEQycUqRVfhjM^KKgAyXbEpVY]YIgYrzf[gp[xGXoGVSXYcorfqqxqbfPv`GvhexoiElqVjitbc[i^xAteRAbACotBa`YA\\G]Y^iTry]wIxVOGxmx`NQVdVngQrpoJQsF\\yQzPgBgpEZDganEoctmLksCkCDzIhmsEQmHgmhsLea`wjAjElAbXFukGNPNcC^ISbzVngXBuAbaKSGABTuXgL\\yWBAY^[QIHYMUkewYTzgW_TaoHOLOHG\\HGBzmgy_ZjYZmGlPXX]Dh_EZC[MROPBBAwFOjeJmV\\NhFuoiVznqfCodCbxRZgPKhXYqA]amOkiMQWUHg_vP\\KVxH]MHhsSiLCzi]xhsYAcuUcSfNpevkAj]B[i_QZFWXzANXgfjqDq[c[d_JburNWxLT]gBOJczvM]UcEObKvEhJOuarKUj`OIACouuzd[h[r`VyOwESShSSPBEcFKEot[hE]SnKUba\\XNSj`ccNPWMaqimmpSuZVsbWrR\\wJuykHquCjUC]cr`^NGNn`AUCgGF_fvsNGgDVX\\ZznkD[PYr_TEIlDiXJ`wEAlWWo]oVwnJFmhOzowumOPbKbmGKYOup[XYNXTOx[CukJyWDpjcMfJpkKLpBVexhtUeUPAb\\hwSLUqBcWDVighKRchDM_NbpFNrpUBooHH_irdVUKNfSPOALJTmbwUx[U]GHyLNUPab`J\\[ySjCQbParMgfBOMsnJDTU^OVyzRCih\\CitoPNRgtFwOuS`MFCinVFHF\\DTERQNrKlexI[xe\\^KOXOUDZnLzAtFwanTLuNVcsEEIhbEeEDSsutiMjQe_ENrRfhXVHmkNIbWTKLVribuwbNBhEG]edq_fNn]AJj]STEjS]VB^ump]SujYfkQAPGeRDlFXjVhzEcc]^iKjEzjqBBSTDEUZY\\CNZYPlPeo`FpYjRNuwaawQWoQBYmTeAOac`VCFZZ[[LKkLdcBpKXts`mqfIOS]QJ_qOqKwKo^HF\\FMDEYpl_ZcViCn_XxKGxJBfuxmYFfVummEhdbEp]lmjw\\anXXnrSAIRDbJHfXgtEidvyFuptUdLXSjYWzBhr_blemeCXwKFFtfNsepR]xyxWwulskkfVyBaHrRM\\sXwK_G^g\\alKkKu`dVhrtJhM_jGrEGATcpe`CnrqWEWKy\\foHA^]dUcikjgozgbVaYbv`U^q^r\\on^OCESkEc^kOMwpSGCqk]BdatjOm^hzltovN\\dkgv^mChTjd`Kj[AkSlthIUExav_zVYBbr^SKpyPbsaAeNTy`kI\\JTn[Vbxxr_hxQcxSLHqvU\\SocT[kMxyPMwrNEDwcrAXCKdjCPBmYtNGhBysBHNluaYlUlkOILODTEPdzeX[LKaVzqJLFKu[dP^]mrVR`ndMeJmdmUtXjnajzDm^b_IxQoZEamrHOGuXbTkpD`ZkR]kqjo^iFrjBefwqjiDz]lJcsIIgSw[CEYgnDdVlPIBWXsnvXtFU\\ZN`THyagqWIWgxMzInGSRkUjmLzVMPYrFaeKG[veoFYmtAkvavOGzCKjtqbwyLZbxRQGSBtis\\_MRbqm[DoQASrDWuQPsygdfqobjed_BaO^^yYSzp]uXIbfZMkXldptpua[mPDq[PP[ET`Y]yQD]lL^PJH]tLnYkUidYx`kmf[ItGaGgSumTmWDjCLdHawO\\rkjfwz`ZaRqQCdIcBpbQBExyetVmwcLjLhCWr[jSVTn\\`mgYCAFlUx[mmlADen^xFHFVbmlbFPuhR]YrNwjv^ZUNNQdFZghcqpVYhQrQO_gFCm[QTIqiDb[fmrIQIfHYbSr\\GzKwEYgynPK[pTmQqz`OVjgqIaIdXN_kuyJTytdfu]r^gi\\osqcbncGXSTo^QDaak[aqKZRwWuUtrJJ[FUkbfwxRsmAeFGUqvRmMHeeZ_fLsOM`JKUXwSzvo]OxYYhqQ`^xaWxS\\jRCzlECgMr[liY_wWyjtgLBrovTlOzmMCwMBwvDXLRLbMFbGzBJYNYo_QLLplRXNENjlM]A\\uShVzZejTNmNpUzdIilkkNgtuy^yWqt]Bi^vkZ_qa]\\^`JXjOGc_lPkhfn[AwgS]TPMHqEsjJuKOlIUkbnkQNVllxqPwy^uuJzKPxPtJNtUqF]v]ZjZJvCPx_\\JAovkgAPFmyEnRuaCTAug\\un^OElyGjMl\\GsVSJiqpXI_VvHOUAvxeohFBX\\cPRyClTRLBLjKSEqElPITw]dGoPGhYnTuiFa_YFmBewNIQleaxdTmPIfnhsO]MemOsp]M^Sff]GizP\\qDeajpZbe`ZnqarPpzKyQ[OXCeyhPIZg^MCLrfvxpQKwnj]EoMRjpQKVoM^ErlR\\GnPe_gYJENJAPSeTIttCrjqNBgWeIqFDyiqzZraIoIfcGKF]cKvysPeWxCcrPnANHGBb\\ftQSlNiENGrbtCxvHKjE[CXPisBHX\\AI_AxRefHBvRjvlQWkDSzvS]Bc\\BdtLbhmFiDsFgQ]DhIIS\\^Y\\REF\\FqBzUpcBNpUewqCM^fWC]reUsPA_KXu]bRArBtlrh[prn_Wf[MygiDyNLhGEpErqvrCfqKKdu_UCCmaUtUDyYOo_SmfUmgCcdzww\\kpPBUlJiwLYGmK[BsXgC^TD_qrN]lYDqetI`nxE]fqVaNOA\\bblbQtxXllL^_gx^Ic]sCvNuTJXhx]RbqluJh\\akvknCmayytsXemHZgTqNG]P[OZdgmmnpgClxRILInLYoEEhpjROqrOZOfQ_dJuLMFClbAKI_Ih[vD[VJlnx[_xyYd]RBdczszLiCTGp`JkiJo_KLuUrVwkiIDSy^sHu`ibvrlTqfyYRoOpeFRGGPkdwP^ayBHRgCpI[NcTZb_MW_ZutOitLmAeoEffULUo^gmOyGUW]yh_l_NXqdgkSOFtBLTWbwzNNjikmKwntRWMF]tQrNpk`e]PasMnmyo`z[RCq]ffhsqAsso`RD_UHOhcMZJuxIBv]qNeKrZUcJDho\\WiDh\\i[[YlnjpWTlh_ru^BfJV[dJmxKznkC[qQhS\\CY\\r\\CDAr\\`qtxVCuRBEQi[anvEUsuWr_Z\\dJRtYaIu\\fJumhYwzfOKTyuEaxjHwFhS[]mscYd_HnyvdBRg[yXLQOHfONT[rAxWxrZQv`TaCjC`zz[`gChyh]BLUHdVEIgGpcymbAlueqJaLcfPmoooTzj\\pOwowy\\tDvjXAixfRnTqS\\zm\\UcQUrnqt]xTExyfVP^QsOOEqI^`gsIUOJSbWL`LIt^_leaUoh\\CyjuMF_ZLUNJATcEueWPJkRHykkSLcJlyXGV`PG]rlTquj^KIafjYXRSgbv\\VLOdL]LdNN`f_tYYW\\NONaKfwZSaFnjxTeHf^kfX_twvBAL_ztvLUhOoBcglKe_[^bRtmmvfppjUdPevNnbLr_dgWSeuEtNuU]XZjRmMyQV_xtLlyl_WCSczye^ZIAbwcozGrKLvBVNbIEi]HswSVrsCuY\\FoTDxiZwIuEtnacVhEAqtvBSPEPalwwMZjGHiRPtjI`cCyImm\\KxucbJmAotZsLMxr[D[\\hWpHGkWZPQv]oPlzSrHwUh^WZqxTeK_FSRooIm\\qnTl^ywEv[x`cv^GzsYhPnCoEmqK^[wq`WQJBwzY^mBtgfwJoKovjFLDl_glHma[^GzMfUFDtAK^lJHZphVSfBH[LNY]QOQkLbV`fk_[FlCjuhSbXMv[WOo]z`BXwcnejZRKnbnFJvNuyX`^vqFDSqUxmtaGiG_]yYz[WInpZqR\\Bu^cz^]F^kRtFUXuBhWCWkvaXFHmCQd]`swrVxHLdYzOGGVBktnmZOEQyxKtWjDMGpUNY``E`LYylh[RkFCJ^rDQnftXmNouUmIRlHdKUjMNpF`R^tJRhujOlDZmgHRSX_ey`Jac]soofp\\hGbutD]N[Ct`hiq^MXtqQ\\alUSbppFvcvclgENXPuRJwgdstfUcWmzLM`q`a\\hYUGQdFxKYzAewzReFk[hJ[^`qwX`GOhqnMsopVznw[vdVHDLuvkpGo_xra[hiXEKRKrjG]oklhlj_tKjtLeK^sjziuxOvSE_VlRLQTEXHADZCoYxWln]mugZ[sBL``pYcMTncyY`GNC]oPwt]zsK`cl\\FrkYStrcLfrq\\fVYSNW`rJeKvIjahetz[sikNANNV[RIYGXqeZrRMMdvMa]JJRuamrVcxeKRAIJXs]mpktwNnbnOPm_h_DEE`kVakpsAPaRDCMDkngZPVhnLDGTLF^nwDErHGMEuAwyMQjLDjntseojsxK]e]hulnUAyUvebb_PZjauTuQ]SdvSPVzKvj[YTBMZvjNinJRQF`QIWQIjMLbHsCkdVlisHFvX]HyehbiIReMjEqofalMI[FbszeSB[ZJzdtgPR_Be]YpNqA__xDRWtmxX`FeCOhis\\MGLK_TCjcgBPUCyGoEXInGqwOjLtzVokxmeuTUYkOgQGvHLDfw[cQjiFPPvoHIkNrQScYEmZfhtGqkAH_INCuMZOD_fEYdcGwDOfpdfbJAwdpbP_OoQzuiSfqE_tYiBCEnJn\\VRu^gstPqY\\PGpdTdMOkdolFlJ\\zu_CX]Ct^V\\OpZVAfCeRsXi\\bvCrbapm^XuURWDmEwGxHyYROnFCGrcbLC\\]ZKSw`jlY_AiPysNwRlUd]ldn[ngfoSJPvbTteKXXMAmNFqDOdfQ[hszib`\\mDFdMrZUX_USGUxW]&quot;,145)" methodname="GetNumberOfCharsInStringTestRandom" classname="Open_Lab_03._10.Tests" runstate="Runnable" seed="427062125" result="Passed" start-time="2021-10-19 19:34:08Z" end-time="2021-10-19 19:34:08Z" duration="0.000130" asserts="1" />
            <test-case id="1018" name="GetNumberOfCharsInStringTestRandom('\\',&quot;hejXBJCibDceRFieUHWaVg]gjPTJGk\\]kKrrDfD[JIrQpuCNYjcOGXABHCimpscqbFuHNqbiDvWNoLroMGkWHNWSJqjAwQeQ`BjjAvzcHuKKBnMwLuajILiUicxXHbmmRGhn]HoRGIPNCMRVdnoCkvIUSVBYxc\\aIXtvGZ[EGOdzw\\R]QbnTmjCVxS[GGVU^hjFeTVPKSkw]SJXrD`HVpHnYV^xnyTxkuFSNVgJvScBCn`DovdCbOyiawhPpY\\MzmMbMqK\\XWMCMGkfpZJsUQW\\vWmRiXT]rWCPayqxkHfLCw\\[LBZWOcriVkfpEtnzCjKpD[ErcLHNfLZzvSFgywOP`UuqSAsrTgISlgWkxbnC[dCJQgumnHBF\\vQjaN`bSQtzDHOOvViWJLovRk`gGGDMeCrqWgJjBLjJkDFJXgqXYewPGUYpht\\MMgUBQYsPLyVx\\eKNeWOZQgnAFbjBNTCIk^xEjEtznaM[Pyo\\JLLRfBwatTviirCrwNNyhG^a]Ogj[TlHnNsBIk]iaXKWIKQw_U^CkpoCifoWVNG`bov\\zAjMk`XQvGXSykKFpjWxYpT^vGTTQfoUPox^eRRLY_GbO]YeCAksYyCJhLQeLDzQSCDJnh\\_XK_uilPZhiRQvvwQmnqYBhzV_qPLZPrU`L[N[I\\wwqw^ljVWFmXzqC]kKJVs\\DAYqwlj[jqdSt]Lk]dp\\tFgss_^jkCQmd[tp_gpxfvWwnhwaRziaaXbxTayYOzkg`riZcVMpnrpyikEKbxXlUkMMsv\\yhWjgLkWwy^xwmsmicdPd\\nrRcySpe]ahtOHXHInyUIMDz\\z\\y^ePgs]u_YDMXbR]xPD_kVaZqQPSboRGzrrGsQBAlNsjFaamrjFkX[kdxLZVdKSkHxNakKdgNCm^]rTPk][siaj_GOJhrgXbvHcISAChGZ]ViNGGrJfGj[BaNjZ]AwobfKbUPLwjZnmPETptHDpiAQs\\GBudaagJeuj_flrfMvhwhm]utaUxGGbUSFONRTJsGcfJeRNWMK\\FdwnU`zkzMjC^TUMa]dTtlopFGSPcSxlwf]lVSuhRdJgXaIqPFhtcqbToHiNNkHhOxGrrcqOcvBQbIX`y\\A^fEIFDIxOdh[b\\]X[ZQzgOZRhpQlfjJPljeBKoAnifbev[[pFlxFi]TOMm\\QnXR`[Xjrr\\MfY]QBhoWMV\\gumEaOWWpXSkARTCK^lcyd_RgLMRbYWPvRlXnWq[\\[gpSi\\zhedt[m^CW[XVCEoWBDpj`wPogQG^xjzyjMewo^oIoiATy\\YXgPnPsmZlVpMKgzEh[Zfp[sc^OhurvwqKrjrivjFxmsayQe\\oeTs_qcxngPBKscpZzCSwIVllTiCbReNdLFMcDRUPmDCfhvFKDHzOS`gObGKH`V\\CCYzmVMVhhDKETGDYds^KezRgZyAxHMjWbAcPwSoqlRaPUbv[Dm_hrRXDGSSXMYa\\Tn^T^n]QEhZSYBRsD`tUhC_Qc`JdAWeSlFvbDbxPPOcKsEeEBZUg_LnROMkxesPhCGbSGko\\cdEZZUY_vEcaBynaSdSrrzfXyvIl^RyQetDuGTsuoMCaQjgESBA]Yxddyh\\_MgAdFSwIusZykXCfwEGPODZ]R\\rgP[wYsUiHLY[ym^JZbCmBvygtaLPIN_Se[Ps[wAFWiu[^eI]ltzuOjqlQnCrhFaugGq_]ej^awVSA_IPYj^ONdDud_bgtIYQIznXnezGK]UST_kmfnZybRhDCwvyCCdY^EKBll\\ojXDlPlaEopBGj[jqSkUrjBDHswoOTjBtRfOKOvnRVqJNB^jDVUiAWeEiTwsTwRlFnHoDL_cWwD\\trqGVMlszAA^gaarRD[VDEEZuifrrlRETILq]p]GKZlEndH]fhQT\\hYomWMgbuBNjvK^VjU]aTKeTAgQaIMK\\xcfkXEGdp_QX_UrZeHvSomI]n\\lkwGYhqllT_nxfOskouMpgpqwBRrhK[JwwSVhjGcbmc^uqJPEvCTcbfFvFJXWyEbsVqBTsLBiRfDDRvFrBnlIHaVQM[baiMchBf`AIwLkBeQvcCeJD`VKSYlo[kHYd[zFDVCfWFjFcBH]Q[hKqY]IrXVctkaXpmHaeKsNzynyqPcRQO^ADwcKyqOfAZlf_RQptbsFb[Kre_SboESfM`UsKwbowMNaMHZ`zmXjWXYcmka[_hrwHGYzxYexzEJVMde]EmcBgcPoHlFZWHPPVRZGj[caIZkSODVIFDVlEpP_rdrLSKbrouAvK_neKBtNswaEVxUSm^KaCuOFcWOxss^TD[yaQlbCvCfuDnpUqOFRkZtPPhBnmwUAZNAvznCBwHeAPUCobtGdnMddaiRcjnQyhf\\pmtVDMDVcptAvfMMsqlMNeXUQ]ZSJrgSdtMBh_CWjrAohiVw]aXHvYNLV_FbmlMlIaWCZL_UoV]WddhcG^pc[_XKfAgIZ[dyfPfHRT^RBCTavrcmr]\\PvdQeIMWZ_VvTl_lTx`QmA_aXKqPnXuRwzUDByByFwEmgHAoXGOoSLiPWDtZRxcBeEyTX\\jVwbLpwluQKCrhJGykRFgyFbgIUCIbIgXvWtskAsSeIcPPFvs_FNCSplPUuD\\tdSH^ewQPOOkZmBp]SWCZKe\\veFGfe^qwWZBq\\lfJecPr]c`nwmC_ACiyrMs_pfekXoCSAzBaltobUdYB`Sjr\\RvTkCzPtGTzx`ZiaMnwl\\nHOGdNnry]wnPGsicxAlhe`pepKk\\T`mGz_oFdYm\\CHqCKQTprepwzoIbY]oCDVfxKgPbDcy_NQe]jmZ`qudijpHLWNgHejYg]ts_AmlOgRijJfsgDPMIlwNU`ELqwqu_ryAptv_EJVCYGXBkVAEU]Qu`f_yvavSpWKsLeCnIkIzWtpOHC\\[vm`BaD\\JVwd^NCNBw`qFSMveUR_fqPqtF[WCqIRHJtYLHelTgnSbMVIjrvhP`pTFFkYnfLLnOivZok^k`KzCxPgjShLv\\BcUaSFXMxi\\c_T^ZiuGYwkUqQIqDi\\yzPSNFbt\\eG_c]_ZYvJPdmE^_RO^PKPT^]j\\SLFXspY]RYHsRqjuuYsLvmowrDdRVmAGmDHMplXnUcLGJWMZ\\UZFd_aaXJaoLHG`XBFOj]EJAErSbim\\rKqATv]O^apgKdcM\\fiHQxjyPQE`gNyjWEwBRFM]`qlIhYyX]eqvzfLu[rlDrwbPbFPFgavWZMbZLbRrRhDBXDkltCb[UJecP]acJskvj[\\nDlisaulKt`s_V_Mez\\BQbzKjAjhYwHSwbxhITiu[X[jjdCMegGwOYLLEazsqMSOlNvwYqDQQaatGQ\\Fy]CmpLD^WlcbUqDOEMx\\iFoocqfhsRFoFutUJaYaKXagN]w[^SptSzXshOJyaVfEgo\\ZwiE^oXRQ_HaGuKK`]L\\F^AguXZzom]AZA]_oNRFviGU`hCEWLGb\\SWwvBJGUX]_CHHGXgVRLFaXWgHMUVddfv`GeacmDKl^McRYawhkqoVVmy`OuxmzossGbA]rDcNBTDKoUjgXhsnr`JUfAUsGYmiTkLq`[qgNbUCjoltLQVRvFBaYgqrjjGdaUrEJsGwrM`PLHfrO[hqC\\mNieYtdyx_[l\\UwhkSKYZjalVQAzcPCQaFbdV`[MTsOBo[fQuakVgeBDgwPHteWi\\KLWnTSLrxEa[`wuejFC_hevD_wYPTTi]a`ePP^bO_^ia\\cHAU]J_TJoaPSPWtv_eVEuASfUM_oAJvVcvpYuqJKIWkEzwOKUdzEKXhGhjHxA`JfeukTa\\Bi[Lv^POfYxTZWKqKKNikKiMJcNFZFMuetcQey\\KrZEjzhGm\\nj`FrkqANCSQKoaMDiaotMMjDrQGyM]][efVgomIlQWwJthe^^wy`xcb^qCA[jBAapp`JL`OwYDcqQ`JKfc[Q^w^CDrpmmhCPVWTEH&quot;,75)" fullname="Open_Lab_03._10.Tests.GetNumberOfCharsInStringTestRandom('\\',&quot;hejXBJCibDceRFieUHWaVg]gjPTJGk\\]kKrrDfD[JIrQpuCNYjcOGXABHCimpscqbFuHNqbiDvWNoLroMGkWHNWSJqjAwQeQ`BjjAvzcHuKKBnMwLuajILiUicxXHbmmRGhn]HoRGIPNCMRVdnoCkvIUSVBYxc\\aIXtvGZ[EGOdzw\\R]QbnTmjCVxS[GGVU^hjFeTVPKSkw]SJXrD`HVpHnYV^xnyTxkuFSNVgJvScBCn`DovdCbOyiawhPpY\\MzmMbMqK\\XWMCMGkfpZJsUQW\\vWmRiXT]rWCPayqxkHfLCw\\[LBZWOcriVkfpEtnzCjKpD[ErcLHNfLZzvSFgywOP`UuqSAsrTgISlgWkxbnC[dCJQgumnHBF\\vQjaN`bSQtzDHOOvViWJLovRk`gGGDMeCrqWgJjBLjJkDFJXgqXYewPGUYpht\\MMgUBQYsPLyVx\\eKNeWOZQgnAFbjBNTCIk^xEjEtznaM[Pyo\\JLLRfBwatTviirCrwNNyhG^a]Ogj[TlHnNsBIk]iaXKWIKQw_U^CkpoCifoWVNG`bov\\zAjMk`XQvGXSykKFpjWxYpT^vGTTQfoUPox^eRRLY_GbO]YeCAksYyCJhLQeLDzQSCDJnh\\_XK_uilPZhiRQvvwQmnqYBhzV_qPLZPrU`L[N[I\\wwqw^ljVWFmXzqC]kKJVs\\DAYqwlj[jqdSt]Lk]dp\\tFgss_^jkCQmd[tp_gpxfvWwnhwaRziaaXbxTayYOzkg`riZcVMpnrpyikEKbxXlUkMMsv\\yhWjgLkWwy^xwmsmicdPd\\nrRcySpe]ahtOHXHInyUIMDz\\z\\y^ePgs]u_YDMXbR]xPD_kVaZqQPSboRGzrrGsQBAlNsjFaamrjFkX[kdxLZVdKSkHxNakKdgNCm^]rTPk][siaj_GOJhrgXbvHcISAChGZ]ViNGGrJfGj[BaNjZ]AwobfKbUPLwjZnmPETptHDpiAQs\\GBudaagJeuj_flrfMvhwhm]utaUxGGbUSFONRTJsGcfJeRNWMK\\FdwnU`zkzMjC^TUMa]dTtlopFGSPcSxlwf]lVSuhRdJgXaIqPFhtcqbToHiNNkHhOxGrrcqOcvBQbIX`y\\A^fEIFDIxOdh[b\\]X[ZQzgOZRhpQlfjJPljeBKoAnifbev[[pFlxFi]TOMm\\QnXR`[Xjrr\\MfY]QBhoWMV\\gumEaOWWpXSkARTCK^lcyd_RgLMRbYWPvRlXnWq[\\[gpSi\\zhedt[m^CW[XVCEoWBDpj`wPogQG^xjzyjMewo^oIoiATy\\YXgPnPsmZlVpMKgzEh[Zfp[sc^OhurvwqKrjrivjFxmsayQe\\oeTs_qcxngPBKscpZzCSwIVllTiCbReNdLFMcDRUPmDCfhvFKDHzOS`gObGKH`V\\CCYzmVMVhhDKETGDYds^KezRgZyAxHMjWbAcPwSoqlRaPUbv[Dm_hrRXDGSSXMYa\\Tn^T^n]QEhZSYBRsD`tUhC_Qc`JdAWeSlFvbDbxPPOcKsEeEBZUg_LnROMkxesPhCGbSGko\\cdEZZUY_vEcaBynaSdSrrzfXyvIl^RyQetDuGTsuoMCaQjgESBA]Yxddyh\\_MgAdFSwIusZykXCfwEGPODZ]R\\rgP[wYsUiHLY[ym^JZbCmBvygtaLPIN_Se[Ps[wAFWiu[^eI]ltzuOjqlQnCrhFaugGq_]ej^awVSA_IPYj^ONdDud_bgtIYQIznXnezGK]UST_kmfnZybRhDCwvyCCdY^EKBll\\ojXDlPlaEopBGj[jqSkUrjBDHswoOTjBtRfOKOvnRVqJNB^jDVUiAWeEiTwsTwRlFnHoDL_cWwD\\trqGVMlszAA^gaarRD[VDEEZuifrrlRETILq]p]GKZlEndH]fhQT\\hYomWMgbuBNjvK^VjU]aTKeTAgQaIMK\\xcfkXEGdp_QX_UrZeHvSomI]n\\lkwGYhqllT_nxfOskouMpgpqwBRrhK[JwwSVhjGcbmc^uqJPEvCTcbfFvFJXWyEbsVqBTsLBiRfDDRvFrBnlIHaVQM[baiMchBf`AIwLkBeQvcCeJD`VKSYlo[kHYd[zFDVCfWFjFcBH]Q[hKqY]IrXVctkaXpmHaeKsNzynyqPcRQO^ADwcKyqOfAZlf_RQptbsFb[Kre_SboESfM`UsKwbowMNaMHZ`zmXjWXYcmka[_hrwHGYzxYexzEJVMde]EmcBgcPoHlFZWHPPVRZGj[caIZkSODVIFDVlEpP_rdrLSKbrouAvK_neKBtNswaEVxUSm^KaCuOFcWOxss^TD[yaQlbCvCfuDnpUqOFRkZtPPhBnmwUAZNAvznCBwHeAPUCobtGdnMddaiRcjnQyhf\\pmtVDMDVcptAvfMMsqlMNeXUQ]ZSJrgSdtMBh_CWjrAohiVw]aXHvYNLV_FbmlMlIaWCZL_UoV]WddhcG^pc[_XKfAgIZ[dyfPfHRT^RBCTavrcmr]\\PvdQeIMWZ_VvTl_lTx`QmA_aXKqPnXuRwzUDByByFwEmgHAoXGOoSLiPWDtZRxcBeEyTX\\jVwbLpwluQKCrhJGykRFgyFbgIUCIbIgXvWtskAsSeIcPPFvs_FNCSplPUuD\\tdSH^ewQPOOkZmBp]SWCZKe\\veFGfe^qwWZBq\\lfJecPr]c`nwmC_ACiyrMs_pfekXoCSAzBaltobUdYB`Sjr\\RvTkCzPtGTzx`ZiaMnwl\\nHOGdNnry]wnPGsicxAlhe`pepKk\\T`mGz_oFdYm\\CHqCKQTprepwzoIbY]oCDVfxKgPbDcy_NQe]jmZ`qudijpHLWNgHejYg]ts_AmlOgRijJfsgDPMIlwNU`ELqwqu_ryAptv_EJVCYGXBkVAEU]Qu`f_yvavSpWKsLeCnIkIzWtpOHC\\[vm`BaD\\JVwd^NCNBw`qFSMveUR_fqPqtF[WCqIRHJtYLHelTgnSbMVIjrvhP`pTFFkYnfLLnOivZok^k`KzCxPgjShLv\\BcUaSFXMxi\\c_T^ZiuGYwkUqQIqDi\\yzPSNFbt\\eG_c]_ZYvJPdmE^_RO^PKPT^]j\\SLFXspY]RYHsRqjuuYsLvmowrDdRVmAGmDHMplXnUcLGJWMZ\\UZFd_aaXJaoLHG`XBFOj]EJAErSbim\\rKqATv]O^apgKdcM\\fiHQxjyPQE`gNyjWEwBRFM]`qlIhYyX]eqvzfLu[rlDrwbPbFPFgavWZMbZLbRrRhDBXDkltCb[UJecP]acJskvj[\\nDlisaulKt`s_V_Mez\\BQbzKjAjhYwHSwbxhITiu[X[jjdCMegGwOYLLEazsqMSOlNvwYqDQQaatGQ\\Fy]CmpLD^WlcbUqDOEMx\\iFoocqfhsRFoFutUJaYaKXagN]w[^SptSzXshOJyaVfEgo\\ZwiE^oXRQ_HaGuKK`]L\\F^AguXZzom]AZA]_oNRFviGU`hCEWLGb\\SWwvBJGUX]_CHHGXgVRLFaXWgHMUVddfv`GeacmDKl^McRYawhkqoVVmy`OuxmzossGbA]rDcNBTDKoUjgXhsnr`JUfAUsGYmiTkLq`[qgNbUCjoltLQVRvFBaYgqrjjGdaUrEJsGwrM`PLHfrO[hqC\\mNieYtdyx_[l\\UwhkSKYZjalVQAzcPCQaFbdV`[MTsOBo[fQuakVgeBDgwPHteWi\\KLWnTSLrxEa[`wuejFC_hevD_wYPTTi]a`ePP^bO_^ia\\cHAU]J_TJoaPSPWtv_eVEuASfUM_oAJvVcvpYuqJKIWkEzwOKUdzEKXhGhjHxA`JfeukTa\\Bi[Lv^POfYxTZWKqKKNikKiMJcNFZFMuetcQey\\KrZEjzhGm\\nj`FrkqANCSQKoaMDiaotMMjDrQGyM]][efVgomIlQWwJthe^^wy`xcb^qCA[jBAapp`JL`OwYDcqQ`JKfc[Q^w^CDrpmmhCPVWTEH&quot;,75)" methodname="GetNumberOfCharsInStringTestRandom" classname="Open_Lab_03._10.Tests" runstate="Runnable" seed="1132700941" result="Passed" start-time="2021-10-19 19:34:08Z" end-time="2021-10-19 19:34:08Z" duration="0.000087" asserts="1" />
            <test-case id="1019" name="GetNumberOfCharsInStringTestRandom('h',&quot;xhCHuAlNRtqoHbkCsR^FTk]KkBS[tLFDKQ]d\\pdCSe^twtvifT[mdVzNKsXthQTFnmerEGbDi\\njMdNrGepalS[pQPYdYkVBQYFJPDd_mXEHcQAbe`nC\\nU\\SoaoixfyGlYo_EbCBQnTOSMAPrzsxSa^Edq[^pqomFAqsMC`ykAKzANzb``qymBnKujvNH_M[ybISWIDpZuMRV_EWqsyPAqzEMfx]HRqMokAYEhLX]B_sp\\pWf_XPawZIcEGkKahIDz^f^fRJganzSGPkqbqcubgsQsqAb\\MvTWppyKszMNczJ[p\\pVtdkEN\\TeUepRcLUsfwRZlgirVhzgjqCUKLbdLOIT]UpOJvfWeRptJVdNutja]gv_b\\GWekhWnyxXq[h[BcCYAJKobTjR`bqpYRgioPmteYFLYMWZLO`ue^^YRSoQBVrMHHz`nzgmpIncDyWVxPGRCwLuoOX][]sPbtEQNrgMcmE]jvUSwYTmO`KLwEk`cKRTQ_AKuFIFdtiQrjLstE`CIFABjsUJGHeY[lLKuKXrQOJUrtTNsrf^ePLK_y\\Bkzy\\PQpG^AyihiluwfKp`HQP\\GoKaBfvjWGQPhFaENjrtwqv^QOtof]cjjAI]fa\\UCzRc\\eO`dlRXYV_QsgPnmHDt^bahwEYgN^rx`SCfzTKuKLQT\\sdyQicuvXEtEbd`SfJv_bl`ddnYwIjSRNLE[[V`uwBHOJbXkfc`BVouGDVhvJxmimcqW`FrPeAc`dR[BViRaJQvYQxWFidkyPZ\\alBKakPXUMV]mufa\\gM_\\gYGbimbBPdQKqtQT^lpttaLu[eKCDPSCuztSvdryiVEdFSwAVMxuWecFNLGDb_yARNQqzyYuurL^\\bpIiKgqSYfPXnFj]oWJXESrCFAXnCA`ZEdfVyVXsHhscAZLsjYG[BGXPyGcJPDPYFpSKZU^YyRQXZPBgo_EetEYyMVXsmOcDY[]KGBZVuh]jpzpjEwUkze_AXTxEwfgkjNzznqamFikMcjJN`inqtsDnv\\nmEUYOAmAcAqwOWbeQuRYhKk_OsqqqJMDRDnhkQ]MqjaMjl`[RNmseDFcUqJVKvJYomeKcuuAYFbyd^o]TV_dWTZOxLTtGGBv`IXwHUrXSm[_\\HyqCgCoW`C\\TVNXaAtREgY\\FsVz_HQesunpM]rZEM_AFwcmGZqSsJ[oi^kJRCQPOYcYbXLEI[MrIYVJPcsEQyli[yHjliIBwOlhTJKiOmJYwcgQHbuiKLzQgtydQ\\T[RKuthiqFYJq_oTmrSqcJnZrlP[AZLbYmYjGlhmcYloQAU[\\THGQZtJgsTJdMhWuqlEFFMAJ`NJYzIqWpyhREQysPCOY_JWlUuZPQUWGHxkMklhj^moNzEpanLqCycfWrXDEjbG[cbKHalI_U_ulUImQFt\\F_TH`SUUShdAwgUfYuiABCShZhtCifnypFAwOZepLXpql_yEA^UWXt[CLfhsYRghueKqfXWyPtoeN]wvioBKRWbweykdlmWukHwGTHZcHVG^FpojjmKdP]W^COLhhmM]]ttF`pcaVZCvPDqpJBuzcneOlYEEvlvUJeBLvjJtJdNqZ[NyXW^gsNujPfTHl^ee_hmfCft[rApy`noQLFh`OP\\vjRvQVCIgzdSlibvm^DosXvK]qDwfqFVOLqvljcEpsIzv\\DcdJuBL[d^oHZZSG]puND`sgKCuyzAOwOAn\\S\\vDKocSHdQJmiVTEhX^kxzsHM\\dPrtZgqnAuqDPx`_amlLQevsacPlV]DvxSzDQkr]vvUZNeIaKYYFWBKyTzSqWFY^qvFwy]OqvOPVP]ev[jawEy`wIAjRYAFq^rcS_MbiKbKHmoiqUWWh`\\ZsVJnxmxYuIZsYtRXNHsm]nYJTStwBeYQCYkxUYewNJPySwPwDzI`hiwExz[ftAWPkIqAJUCp^v`S_ZrWCwtC]tdT\\gAVyyDMnzOKGOnixSBlJda^IDcwHUnq`^`^Uhr_sS`_LhQnIKFJsrJsF]MuWGEYMYedjQUP\\]sqDBS\\mpoxPdyhTgXr[wImOHRmChDrqphVzToEKkHaRGJc[wQCt]p`UFcwj`ZFlwH[wciArShkob[HyjSGXAyTAIBtksUeRCpVzigrNPLapEkme[yANSikyo[nbpPzyDYmmFIPC\\sHpX_vXOOQuUXyTFWKOsPYALcmfyA`Rixl[bubP`WTayEef[YgjxBJL[GdomPZNjyLWf_mKovj]wrBGyGL`UpThoaA[Qn^PxFrztOAwg\\uCRhOcF]qfEttte^cE^SuBXZ`qzCNkFOtsvRWGRXUnwrLDMxUVfvYTbsfrHYcDPF`pAByTH\\mGxGF`O\\eChrEKq`QCf_ztoR_qRVCLzBOKISW[nFdfoaVYBVz\\kwhd]tRfcONsYZDgctB^JpOauTFNwFpwWb[CTfiOAks`slMU^jpHT\\SuhHiIoDj]YR\\ryASxLm^YxjiJGkkNQicuP`VLw`[wBVHaPVV^WrvaytxyZ`CDT]MkibbZfGBgSaXbcHukUMqZmBwWbWmW]Wc`JWriowsPpPOX]WWSfSjHfmyheLrOUfJvxrXLPMvYUbd]m_tLA[lKh\\tWYKDdFeuKFT[eyKCZWQmEJ\\uGRfOutzN]yAmFISSkgYWYEONpXSnWjpNxPxRZVAQGGygxXxQExCYkE\\BCYY]bLqmInppLAtUfHQSGcPX[BjYgX^tnvPBx_jvPL^KcHEDEhmcoJv[IBB`\\XGlQwBQlrXHYUCvEEoSxfUyeuFezosv]J[sElugGnSMQfKZGAWDMjcpDHGVqXRxz\\eOuKqSKIMJTHizkf^zYojnbepxe_pj]VNpBv`wJDtE^Y]vZHfLtS_KmqhPUthfT]hxtsyoFbpUvfQJHt^^sdqKqDCKOPbQVOkAk_CaJrFR]KOHa^I\\VKmjg^Hpqoaqz_yhuQYdqxUB__hgovdkHGvL\\BTNWNkURPRyLbMQE_eXqkLHp\\AuKpitdnLswLMdNzkPMj[NiTgc\\^VkqLXvMpK\\aYUYVUTtSBKrAwvGAnLrJGXFY\\ClnQXXoOioUCrUzmQ[S^kuQRuZeSS[APzuRcGBdnClNHmyvqsWpxnulI[\\Vym]vOnFCxDXgOq_\\ygJ`w^n[weD\\FIJHegfA`pyTgvxn[kbHOYm\\RwY[zCzejdwouPBcK^wIipsBazzMCwMhVhpiNLB^qTeDyItKizwl]en]DXuzCncnXPYM[TUy]YSULpCXGo^Cz\\KluSepRB[Dlqgjj&quot;,54)" fullname="Open_Lab_03._10.Tests.GetNumberOfCharsInStringTestRandom('h',&quot;xhCHuAlNRtqoHbkCsR^FTk]KkBS[tLFDKQ]d\\pdCSe^twtvifT[mdVzNKsXthQTFnmerEGbDi\\njMdNrGepalS[pQPYdYkVBQYFJPDd_mXEHcQAbe`nC\\nU\\SoaoixfyGlYo_EbCBQnTOSMAPrzsxSa^Edq[^pqomFAqsMC`ykAKzANzb``qymBnKujvNH_M[ybISWIDpZuMRV_EWqsyPAqzEMfx]HRqMokAYEhLX]B_sp\\pWf_XPawZIcEGkKahIDz^f^fRJganzSGPkqbqcubgsQsqAb\\MvTWppyKszMNczJ[p\\pVtdkEN\\TeUepRcLUsfwRZlgirVhzgjqCUKLbdLOIT]UpOJvfWeRptJVdNutja]gv_b\\GWekhWnyxXq[h[BcCYAJKobTjR`bqpYRgioPmteYFLYMWZLO`ue^^YRSoQBVrMHHz`nzgmpIncDyWVxPGRCwLuoOX][]sPbtEQNrgMcmE]jvUSwYTmO`KLwEk`cKRTQ_AKuFIFdtiQrjLstE`CIFABjsUJGHeY[lLKuKXrQOJUrtTNsrf^ePLK_y\\Bkzy\\PQpG^AyihiluwfKp`HQP\\GoKaBfvjWGQPhFaENjrtwqv^QOtof]cjjAI]fa\\UCzRc\\eO`dlRXYV_QsgPnmHDt^bahwEYgN^rx`SCfzTKuKLQT\\sdyQicuvXEtEbd`SfJv_bl`ddnYwIjSRNLE[[V`uwBHOJbXkfc`BVouGDVhvJxmimcqW`FrPeAc`dR[BViRaJQvYQxWFidkyPZ\\alBKakPXUMV]mufa\\gM_\\gYGbimbBPdQKqtQT^lpttaLu[eKCDPSCuztSvdryiVEdFSwAVMxuWecFNLGDb_yARNQqzyYuurL^\\bpIiKgqSYfPXnFj]oWJXESrCFAXnCA`ZEdfVyVXsHhscAZLsjYG[BGXPyGcJPDPYFpSKZU^YyRQXZPBgo_EetEYyMVXsmOcDY[]KGBZVuh]jpzpjEwUkze_AXTxEwfgkjNzznqamFikMcjJN`inqtsDnv\\nmEUYOAmAcAqwOWbeQuRYhKk_OsqqqJMDRDnhkQ]MqjaMjl`[RNmseDFcUqJVKvJYomeKcuuAYFbyd^o]TV_dWTZOxLTtGGBv`IXwHUrXSm[_\\HyqCgCoW`C\\TVNXaAtREgY\\FsVz_HQesunpM]rZEM_AFwcmGZqSsJ[oi^kJRCQPOYcYbXLEI[MrIYVJPcsEQyli[yHjliIBwOlhTJKiOmJYwcgQHbuiKLzQgtydQ\\T[RKuthiqFYJq_oTmrSqcJnZrlP[AZLbYmYjGlhmcYloQAU[\\THGQZtJgsTJdMhWuqlEFFMAJ`NJYzIqWpyhREQysPCOY_JWlUuZPQUWGHxkMklhj^moNzEpanLqCycfWrXDEjbG[cbKHalI_U_ulUImQFt\\F_TH`SUUShdAwgUfYuiABCShZhtCifnypFAwOZepLXpql_yEA^UWXt[CLfhsYRghueKqfXWyPtoeN]wvioBKRWbweykdlmWukHwGTHZcHVG^FpojjmKdP]W^COLhhmM]]ttF`pcaVZCvPDqpJBuzcneOlYEEvlvUJeBLvjJtJdNqZ[NyXW^gsNujPfTHl^ee_hmfCft[rApy`noQLFh`OP\\vjRvQVCIgzdSlibvm^DosXvK]qDwfqFVOLqvljcEpsIzv\\DcdJuBL[d^oHZZSG]puND`sgKCuyzAOwOAn\\S\\vDKocSHdQJmiVTEhX^kxzsHM\\dPrtZgqnAuqDPx`_amlLQevsacPlV]DvxSzDQkr]vvUZNeIaKYYFWBKyTzSqWFY^qvFwy]OqvOPVP]ev[jawEy`wIAjRYAFq^rcS_MbiKbKHmoiqUWWh`\\ZsVJnxmxYuIZsYtRXNHsm]nYJTStwBeYQCYkxUYewNJPySwPwDzI`hiwExz[ftAWPkIqAJUCp^v`S_ZrWCwtC]tdT\\gAVyyDMnzOKGOnixSBlJda^IDcwHUnq`^`^Uhr_sS`_LhQnIKFJsrJsF]MuWGEYMYedjQUP\\]sqDBS\\mpoxPdyhTgXr[wImOHRmChDrqphVzToEKkHaRGJc[wQCt]p`UFcwj`ZFlwH[wciArShkob[HyjSGXAyTAIBtksUeRCpVzigrNPLapEkme[yANSikyo[nbpPzyDYmmFIPC\\sHpX_vXOOQuUXyTFWKOsPYALcmfyA`Rixl[bubP`WTayEef[YgjxBJL[GdomPZNjyLWf_mKovj]wrBGyGL`UpThoaA[Qn^PxFrztOAwg\\uCRhOcF]qfEttte^cE^SuBXZ`qzCNkFOtsvRWGRXUnwrLDMxUVfvYTbsfrHYcDPF`pAByTH\\mGxGF`O\\eChrEKq`QCf_ztoR_qRVCLzBOKISW[nFdfoaVYBVz\\kwhd]tRfcONsYZDgctB^JpOauTFNwFpwWb[CTfiOAks`slMU^jpHT\\SuhHiIoDj]YR\\ryASxLm^YxjiJGkkNQicuP`VLw`[wBVHaPVV^WrvaytxyZ`CDT]MkibbZfGBgSaXbcHukUMqZmBwWbWmW]Wc`JWriowsPpPOX]WWSfSjHfmyheLrOUfJvxrXLPMvYUbd]m_tLA[lKh\\tWYKDdFeuKFT[eyKCZWQmEJ\\uGRfOutzN]yAmFISSkgYWYEONpXSnWjpNxPxRZVAQGGygxXxQExCYkE\\BCYY]bLqmInppLAtUfHQSGcPX[BjYgX^tnvPBx_jvPL^KcHEDEhmcoJv[IBB`\\XGlQwBQlrXHYUCvEEoSxfUyeuFezosv]J[sElugGnSMQfKZGAWDMjcpDHGVqXRxz\\eOuKqSKIMJTHizkf^zYojnbepxe_pj]VNpBv`wJDtE^Y]vZHfLtS_KmqhPUthfT]hxtsyoFbpUvfQJHt^^sdqKqDCKOPbQVOkAk_CaJrFR]KOHa^I\\VKmjg^Hpqoaqz_yhuQYdqxUB__hgovdkHGvL\\BTNWNkURPRyLbMQE_eXqkLHp\\AuKpitdnLswLMdNzkPMj[NiTgc\\^VkqLXvMpK\\aYUYVUTtSBKrAwvGAnLrJGXFY\\ClnQXXoOioUCrUzmQ[S^kuQRuZeSS[APzuRcGBdnClNHmyvqsWpxnulI[\\Vym]vOnFCxDXgOq_\\ygJ`w^n[weD\\FIJHegfA`pyTgvxn[kbHOYm\\RwY[zCzejdwouPBcK^wIipsBazzMCwMhVhpiNLB^qTeDyItKizwl]en]DXuzCncnXPYM[TUy]YSULpCXGo^Cz\\KluSepRB[Dlqgjj&quot;,54)" methodname="GetNumberOfCharsInStringTestRandom" classname="Open_Lab_03._10.Tests" runstate="Runnable" seed="549169911" result="Passed" start-time="2021-10-19 19:34:08Z" end-time="2021-10-19 19:34:08Z" duration="0.000074" asserts="1" />
            <test-case id="1020" name="GetNumberOfCharsInStringTestRandom('b',&quot;VeyODSYROU]tOP`ovEhRHi`g\\yOcUJThZEIYBNGZ]BV[pHLnMCkeCVcgFRmFDqwFBp[KHHmiyNpGTErUm\\WSYjeD\\\\Sj[BWfEQZzgBfFPCgp`]TBZYTb[ehSKXigoDNwrJBCerhkqQCWDp^yHQQBioLZdHpPSzQMojxW\\QWblclJbQPUtk_^mMODxbZ^CYXqzqcTsH^ruiQFCCsSr[Vc[nZb[uYtqt`SKuJkiv]lMhdEvIAvjHfbCpWMXAtyjeABIyvHsHewxeVnJUgSt]JjNxQV_xTiC_BchcwxNtCc^jeYZdCCTbEM\\QnLh`dvnvuZcnFbYjEAZaM_TsvuuQU[ZpHWokPiPHoboKpg^\\ee]EmuEPrpdiA^bZznfjmhZWkSlejICPXZgjyVCNS`t[EaHRzULCAojwLGU[IZ`jnURbrs\\ekYWNozRJKZfVwzOckj^rBbEszKgkPa[HtbRcX\\IMoKQinKmnFjqHUddJT^NdSbuez_]VhfKOaRDqRVEpYtfajSmPyIOtO_uNQgjPiWFZ_cbDamsyZXLYvUuglMX`XQABXpafgpHBnLBHljiLQQ[qS\\RwlC_\\z`CNc`flMNRdQJfkSnvC^LPGqJiw^dtdRfCNJn_LExzCzq`JqbdxH\\xoQwXYqjNcTiSeHXb_Pjy`LMHzd`Gvzw]phOxMVFUUjWjQ_vBYAFiX^YcDoYpQcRdWL^wtZUIJUdqp^q[i_hvuOERPftYxQDmXnSFByHzfw`CubnayyGmvWiIHLhN`wLsRqYCKlZkWiPyiCWhsTZzKRrBEJxpQtZjkglDJlWN_WVMGkZFpzVM]MizzWxAneZ]PaNCQS_HxM[nvevUksAR_MN_xmEnnVZuwtxa]Xo]\\OOPmuEV\\cQudHyCSjE_OkTbn`rChVrSE^qQyymDhjSLF_QouuNnSQOkug]MDBhFkxqFRiEUxBq`YI]OOCHmHEzoPFVR]`zgBM[HiK]MqtpRZiSlKNxAuuyfyCqMSnsXBK^LiVaD`uwOOiUandGObzlHOoJfUQuCBYPPLGDohu[zyjXQhPZigeqCYWxtMuiPAtNqYFVgaSah_mI_XtxFrLWXbNqoJKcnLLzE]arctmIUDJ^gNY]TwdYo^pPKOa^Vkm\\TmEBqBVLEDCTYjKbkhOrcmKagRgTSOmeRhKtIWgSaXTl\\]q\\Ezmi\\vtab^V`UCtpQXCk`QYTBwQKZZFK[LOT\\EIVneReBGx^_^[D[GwnaZg`eiGIYKEJn`UMPgwuznSuyngwyBkUP[nCXdlF^JMrCojyJOonJBomGmarCKJW[ktTmRofurXqb\\sKDhnjNwKOgAvfDuCTzpWRuWMr[IsSdxLfuVoVX[I^afglVJcApErlEaPg[vPFEseioQlhGhv_htlOk\\]Qar^`GZbTFIu]KDYhBxwFYuuHISEKoBvzYy_MVFbViXbynZUd\\DNm_XsfxVWoVX`EMuDL_MSvVbWBTwUjy\\jknJ\\BGtOzjnARr]lsWIEOkRWwArSAAgqthpRDZBEfxTMcbFJqK]TpW[z]m_BPaOyCxGdCLiYUDZRXEoUvh]q_TB^MppQuApEjUKf\\\\Hf]DylwJbXyJGbEX[iwcWMWX_TOVbDuJtZaqT[VPaDNXSkuNzRu]isEuPE`e]bc_^pQgBODzTgBTzyFnZAWQIY[AVgbPvkmz\\iu^[OMlNuICrkvQylL]LSVEVPRVgoEctCsQDcTLneCOPXJekRQJ_QoJSpIKwrFZqaJprfMWYAiaPHpxGgeU^uEcNjxN[JOw`dYjOTmFEul^bOtLAKDPNkvv\\abIiywOmmAgjGimu_QdJaBzqlNPFyiph]NimeXFx]lpNM\\u\\QViZRlv`cSwlgJnDKyMsAAQHLfgoLldQTnpdzWWkSJKR\\TRTylDOPB\\QFbOfEGTqjgXsTKEob\\aqqyfrUTq[iUASS`^XIlgLpTcpvZzohOgn[eZHwWRlQtHUfF`ogggqpVB]VqvvTCmZhNrhFW\\l[uuwLOKqtKIAcqyFdxmF\\VXOGigXOsjPKuWv[ERGgFBItlqrPmEIeVQE]gq^cmbB\\sqiZCe_gfZWTOUUroI]nbepeRYnOn_u^AhBvIYMH`]zwukNR\\fndFNuNADHeqQsH`sTbSYjWwVOFftkbK\\nHkQYnnnvEQbQPdsWBXgzCwXhkzpbHTa[V^kWO[`n`^eGUFy\\n]iK^]kLTdhnyLnljHvmt\\HbrtZ`SRSfAToffWwsm`CfmlpTktWMJMbRUHSeCLsCRCneXHFTLDzUY]oFDGoZuF\\om]Q^DRpbgAUjyKvcnCBGNNssSMawWZHLbysuqcPtNXhYIFGtLMfsDUa_dYLrlsLMsIHzSAlLmIsq`[jNFhlJoOHNYTQXWYIUL\\`zxHaK[[Gv\\kzJiylDHBYeAubzkToTz^eEukPyGajTIMlhUHjYhENKCvyC`b[GgmvxGvPyimwbRE\\oIufceVgvQZBzmMZ`GdhVQoaZskkuHfsyZJtewr\\QGAggtQM\\TX[iWF_UTLkufmnebC`cSocPHXPQHu`b_OakLJbUf_RkGbeTMBEqkeI`oLazpNNYgIWXLDZY\\Kwo]sIamvDFpirtFBvAcb_YRsDxKNIJcgVahUCwCANtJIdyR]RKIZptf_^eoLV_nu]JTQMkzyycUeOIPFfivyBJq\\uIrXIqeiGPf[eBPaKJ\\N_BQUVi`hcptTSrWDtbpHxg_z]o\\eYVnrhdxts]C[RxFQVRIneMhdUUQs]QraNvONCCgju^KW_VqAaOdLghAMhJ]TTEXbf]MVisOTfZsHBREy^PRNhgt`vBas`SVpGdlBI[RiAQ`NosLWF_pDmJuydh[hSVnTDCBY`CpDydNWGfkCqJnB]SDximY\\zeWe]MKmrnqCimFJv^sxwYrIcmrkzDjneUDTMcuu[yKCSlTjNuBLu[`anNCkVZmnEDXUilwSdy]xOopqZH^FC_tKo^az`J`BMWyPTyB\\xibwxbSyXMRNwgl`KN`LLxmZZ\\lspa^[GCHTwxMNKbbTsRF`eYEFZpQAvI]\\q[IrirHt_XcNASAdWZbHWLNX]XAQlHXo[kWkYkeBJLAMprFHohe]aVFeNlURqrIXAomPvQKfo`yLLAbeSs\\E^vNFfm^gVTKSDdMBEpM_]yiBWtZMKkzxVDuEaheJn^Q\\VfIbn``^gxc_NMilSQ]eTMxzjH[XKCkyhNfklrZfL]QY\\VrUzsq^BgHIiIsfEHSeMdrAaxA\\rqYrw`_TQGYSLNwAF^BdynaDKgLr^rnBsVgLNPMJe`VyjzYyhquDwW]DQVhPTgqYSW[qblnqRrzZXcTKOMKhxkF\\scvscwqxjwfT_bWvDDlEXDghB]AG]I\\bRzxzquOUBBk[wAfgqOetzBDpvNrFvj\\a\\DB`eXFIpWCWSLkAqTQN_ccPvIDcDIYRaKztyGCYI\\Dcyh]k]qOcZNBs[md]T^FgykqILrBkRrED_AQOfTGMuqsSIGYM]aFfWXdOqT_ep^QbIyU[\\VqAWsmHs^AEZpNkmYgHWCXRo\\XW`QJKmylHkEP_f]VST[KzQapkRNDYx_Mv[VcbUpS\\DGzhJI]ugEyUQXGy\\Zs`uSKLsTDPuoy_HjwJaHaIlIlsaseDOdGuwnakvopqFMAsGZMb\\wYTsjnlbSfAizARhDbUILNmRkD_ItmGfDbRKmCMzpJdJpHFLjLCsrZPjfCIgOdh`_UfXiGuBVVTBdd]dxTZhjOoeRc_ktakL\\De\\\\h]cQA]]GNFC``ivKAqP`BFGbKIpeHa`yBHPrqXilR_E^]LTrpB\\NVv[bWBGshryh`E_YYETcH^O^BcFzoxpFESdGgi[pRpD[`WyXgvYkhsFrhx`nwGEjBscM\\Ylkd_RR[nxfehSs`EXLNmYjIhtKlTYgnlwOKhHJbnXtzuJOoLKx[WzjzBcwfHaGVQrtkDirxOeZV`kN^eV`J[MWlNPJFL_[NQ^iCQ^k^SAMmaTZRUYAlAwuE\\H]n_mlkKMECBLNGeCr[zeLtqrkn^iMUcebIAwy`O\\cTPXQILuGyF[ErwdxgByN\\zjZWeEFhDRM_CrdZbcbdbNPI`kMXzS_QOGUaxt_GoYvoNaoFz_EZWetl[RqusiilmvPv^D\\iD\\oIS\\uzvHY\\NEteMcFgCeOGkKBSRtcvCWVvpkZzWrylPN^hBeiuxpgZMiYIZciB_]Yrjyp]IGPKf^q^gTQgKhxMjwiGSR`oJxMmogyDpMlra\\njrv\\GSBqr`LHmQiJrb\\BiRDizUNryvGgOJyPXpY\\HGUNc`MmGCuPE[FYnM\\mFKswY`sdSZmCIztbwqF[H[kvBqcoDa\\KTfWxOYpDgd[hQsGEa^\\xHBee[wubxE`mxci^dwT_ACn_ACfJj^O`E^CSBm^R^NFcDijiJd\\dKxwFNGdXRls[qzh[`V\\qZCAnwL[STxzFBeVGaxFuIGzlVflDAPIoHeKHxJIBfREUmmYMeatbPbhTCOYQ[XREoLxWZNJXoEOrCfzdN`ZZVb_axrFiksbOzz`boBmWX]mLSqQXPpDuxsiMgXZcI\\gw]zsCFXoLnCCtpSNGaiYvohRHRTuXbKNvppiSyORsArGuppXTJSB[DlHpilkm]XdcpGDzduIRW`uxaWR\\vbNOInsEhteN^`VdN_FjmXjOKjE^qKPS[PqvKU[COzRkQvnrKRjCQbj^ryEZiUN^dRnOi[YsDD[nGzyOvMT`[NCsaSDLQATuloHzI`IjsqyNHvXsAp^]BiCWPvhWWNcDkaBRryGWEdgdPokeuLL[^rtCllkNrmTfOv^buGABjHXXCYG[KD\\KBH`shz`GOs_SPAVURJkoKJlVZ\\ATePDoQIdGVetuaunqdEHBDmIAThzsWKZLyM\\zpjCGWOzhPpNQWumVTyPsGC\\dJljLLiwUYnAtCAfpn\\l^Zj\\]XDrAwdsnOYxf_o]btsscttSST[FfQxJ[PNnHqvXovNeeDzQyyJeaqtd_l`h]_M]QO^VRAVlx\\DhgOiPTJGhGTcdWePVROuQjkTV`ezydYgFmMxQDPTTX`Wxguyhlz[janxvuTkjKIDig]rKhySBvbsJUWiffRMeyx`yOBVk_eJP\\hRJCnAmhYnzuob_eFDsvZkixswfdb^RYdhgF`csRZw`JaE[ZrGZaQTCxcMKrUJFv]aRGvZE]Lb\\]K`Xo]Ml\\DkHPfi]TYAwQregzmT^YBxVir`nCpWUHXdrmYC\\MwlEKeLf`sXBIiT[FUZXFu[_BgosNmtaksQ\\QtLDguOJXULZDJmXzeVR]NC_qSXmyrRPYrKMJVlLgQGh[VpEA\\aF]yzCqhNT]\\K`CwBMz`OdtKfLGVD[^Tm^QLmZrHW]IXiLFbe_UcF\\NwMSTnw\\dmpIihPrJbUrIl\\\\]ZG`k`FuOQPTz[FEKvtVb`^XRnVmONS\\\\kquhXkDhvuXYvri]QhNsFuwvjNxKSfAynsPeKWmKpigfFyWwgQyaFdVqtyxKmtUPtZfDbERtuCDXNQqkqB^Ch[sJ]ZkLZbYvTXlfTSUcyFfCayccIMTlVRcZa\\aITG[SeHDq_KX^huDboqd_qHDMOg`CoSEslLPsfTYZumExppE[OAekrCSLCNExbBBMF_m\\fLv\\XKdEDFWYcFnniUAjtDpXO[rtkrrRDcpCFIShZNIxrgU]NN^l^CccV^NxSkTLNFUAPli`BTPfvsacFVf]UGnAAMhbvVUjtwjmRUM]`xkJnwg^xerwEqrHRTzDEHefzalyInRlJJxWVdNE`JdR^YeCFc[xUJYXTFKMKiUJTGnvt[lhFv^u^THavitaTTWAk`DQYBtrp[xXfjJfqmrYg_uzxdR\\poqzkmKTW\\PECfFCVkvL`Nja]xUMfDTojYCAdyhs`qPV^mWAYreMiFwbEQ^mYyhSI[UdcEZWDDgiyUCjbTnnZGGe]\\wT\\u[aIwMDXmYUYNJeYNcjNnKEKusBTkHHIFvIcF`BIzRpvZVLw\\LOsNGikWWODLjheQMSSACTibbN\\VIl_hEs_tOvzNYMjQxwQeKeNCswZs`RfsMUNfkWGrJkBRTFcpdXdexrL^^]oIYfTxPGADzDabqZ[ZdwimTdOIhBvUJjHObxY^WDBNF_q`rCn_WlubnCppWLPNKfuPwSztAxC`u\\honiQfNXxXpa[`IdGLooCZead_Cu^ZiVhSUABiuezni][Wr[kXrrlGYOKMFldTt_i[sILIbYQJoPlHGNhbJGbrdbtFppcIAguJoA^jPcpZbbRJ^DFrEBJmxrqROFTlpHIIVbTFjxSbRIPCPkbljkEy]HMwKL\\JPDd[YJovkzHHjc\\ocoC^^bCEDJfNVWv_\\ISN`pdFwgBjcwPtfXUWJxghB_XO_a`TEdfbQNPmKxbr`S\\GumcyC`V_]eMAYUbVGhfzRhcXIbLMWoIjCQUlybQ_OHFgBPUqVLlsg]pMJKq\\UJHh]^xHApX_WGkJcwWsNVqKDQC`[HcolpKFAXK_RMpaoM\\`mfdMnxOySwdL[XgtMdmbwfJKlrbA`PWro]np^WAobLmDoyDu`wTLZtdH]Z[wWNZCamWyerWqcyzlsGWnoh\\dwKXvtgSEvEYUmj]CbFQh`^c[urOWChHimpGVU\\Ex`Rv_afzIdULiXnDYcwABXwBNwjbwdHhFBSIObEuPsGmi]ZRylhnX\\CacQibrDC`\\gFhEepq^ClJRJTl]XcLvUPeym`yt]DLqaQBWmNTvqPVjtOYwxFZ[qdHW\\iSFrxBz`SksSUkJOPEEuuE^GBwXdlzwJevDvODtOVJa^`ecUQLa`C\\aeoyqAdWoTojhZhOAMLq_l_AbXUCT`ZXGIUZGQNtezUNjqwJgBLUTMxoFoXZgbCPtWd_EOHjySM_WRQk[LWRUEDtL`TStoMDxFTTMYEYt\\WBAYYo^gz\\LkvpSjT_upqJFJbQxx_BGxYsiBtnH`pNplsMK_A^Ea^EfMwrqHqaIxUNSDGQq`WVzdUTRVGZwBwa[UM]FCwziPEsWetHXjg`JHECrc`[BXdHAomyqeLndXhk_]xg]yCNUXXSPJe]]]yQgxrcrvQm^twmZT_VftyCVVncXZihAjQGYWEaeUoaiPj[\\etwfOqc^wvQKPLXNdlocpTCPxkRFYUFgSGmamCmsid]\\oWVJWTE^usgRqhh^`^FcqdrIYr\\bzwuLrb\\aVHjEPbm[[\\kFUOTL_tfK`Mk`s^_yx\\ZOLHIXnASOrWixGWMlcjgxwQBIWKMlDn]yB\\tNGvX_aWSI_nY]QnVOo\\SvGzBdobLEujvf]zehSIX`xsddmj\\PXNKaJxHGtnjzLONornzQIiwfEmxNVYrEFvgg`V\\`s_n_ZXUjeplykKHjR_\\WAtk\\wftPc&quot;,142)" fullname="Open_Lab_03._10.Tests.GetNumberOfCharsInStringTestRandom('b',&quot;VeyODSYROU]tOP`ovEhRHi`g\\yOcUJThZEIYBNGZ]BV[pHLnMCkeCVcgFRmFDqwFBp[KHHmiyNpGTErUm\\WSYjeD\\\\Sj[BWfEQZzgBfFPCgp`]TBZYTb[ehSKXigoDNwrJBCerhkqQCWDp^yHQQBioLZdHpPSzQMojxW\\QWblclJbQPUtk_^mMODxbZ^CYXqzqcTsH^ruiQFCCsSr[Vc[nZb[uYtqt`SKuJkiv]lMhdEvIAvjHfbCpWMXAtyjeABIyvHsHewxeVnJUgSt]JjNxQV_xTiC_BchcwxNtCc^jeYZdCCTbEM\\QnLh`dvnvuZcnFbYjEAZaM_TsvuuQU[ZpHWokPiPHoboKpg^\\ee]EmuEPrpdiA^bZznfjmhZWkSlejICPXZgjyVCNS`t[EaHRzULCAojwLGU[IZ`jnURbrs\\ekYWNozRJKZfVwzOckj^rBbEszKgkPa[HtbRcX\\IMoKQinKmnFjqHUddJT^NdSbuez_]VhfKOaRDqRVEpYtfajSmPyIOtO_uNQgjPiWFZ_cbDamsyZXLYvUuglMX`XQABXpafgpHBnLBHljiLQQ[qS\\RwlC_\\z`CNc`flMNRdQJfkSnvC^LPGqJiw^dtdRfCNJn_LExzCzq`JqbdxH\\xoQwXYqjNcTiSeHXb_Pjy`LMHzd`Gvzw]phOxMVFUUjWjQ_vBYAFiX^YcDoYpQcRdWL^wtZUIJUdqp^q[i_hvuOERPftYxQDmXnSFByHzfw`CubnayyGmvWiIHLhN`wLsRqYCKlZkWiPyiCWhsTZzKRrBEJxpQtZjkglDJlWN_WVMGkZFpzVM]MizzWxAneZ]PaNCQS_HxM[nvevUksAR_MN_xmEnnVZuwtxa]Xo]\\OOPmuEV\\cQudHyCSjE_OkTbn`rChVrSE^qQyymDhjSLF_QouuNnSQOkug]MDBhFkxqFRiEUxBq`YI]OOCHmHEzoPFVR]`zgBM[HiK]MqtpRZiSlKNxAuuyfyCqMSnsXBK^LiVaD`uwOOiUandGObzlHOoJfUQuCBYPPLGDohu[zyjXQhPZigeqCYWxtMuiPAtNqYFVgaSah_mI_XtxFrLWXbNqoJKcnLLzE]arctmIUDJ^gNY]TwdYo^pPKOa^Vkm\\TmEBqBVLEDCTYjKbkhOrcmKagRgTSOmeRhKtIWgSaXTl\\]q\\Ezmi\\vtab^V`UCtpQXCk`QYTBwQKZZFK[LOT\\EIVneReBGx^_^[D[GwnaZg`eiGIYKEJn`UMPgwuznSuyngwyBkUP[nCXdlF^JMrCojyJOonJBomGmarCKJW[ktTmRofurXqb\\sKDhnjNwKOgAvfDuCTzpWRuWMr[IsSdxLfuVoVX[I^afglVJcApErlEaPg[vPFEseioQlhGhv_htlOk\\]Qar^`GZbTFIu]KDYhBxwFYuuHISEKoBvzYy_MVFbViXbynZUd\\DNm_XsfxVWoVX`EMuDL_MSvVbWBTwUjy\\jknJ\\BGtOzjnARr]lsWIEOkRWwArSAAgqthpRDZBEfxTMcbFJqK]TpW[z]m_BPaOyCxGdCLiYUDZRXEoUvh]q_TB^MppQuApEjUKf\\\\Hf]DylwJbXyJGbEX[iwcWMWX_TOVbDuJtZaqT[VPaDNXSkuNzRu]isEuPE`e]bc_^pQgBODzTgBTzyFnZAWQIY[AVgbPvkmz\\iu^[OMlNuICrkvQylL]LSVEVPRVgoEctCsQDcTLneCOPXJekRQJ_QoJSpIKwrFZqaJprfMWYAiaPHpxGgeU^uEcNjxN[JOw`dYjOTmFEul^bOtLAKDPNkvv\\abIiywOmmAgjGimu_QdJaBzqlNPFyiph]NimeXFx]lpNM\\u\\QViZRlv`cSwlgJnDKyMsAAQHLfgoLldQTnpdzWWkSJKR\\TRTylDOPB\\QFbOfEGTqjgXsTKEob\\aqqyfrUTq[iUASS`^XIlgLpTcpvZzohOgn[eZHwWRlQtHUfF`ogggqpVB]VqvvTCmZhNrhFW\\l[uuwLOKqtKIAcqyFdxmF\\VXOGigXOsjPKuWv[ERGgFBItlqrPmEIeVQE]gq^cmbB\\sqiZCe_gfZWTOUUroI]nbepeRYnOn_u^AhBvIYMH`]zwukNR\\fndFNuNADHeqQsH`sTbSYjWwVOFftkbK\\nHkQYnnnvEQbQPdsWBXgzCwXhkzpbHTa[V^kWO[`n`^eGUFy\\n]iK^]kLTdhnyLnljHvmt\\HbrtZ`SRSfAToffWwsm`CfmlpTktWMJMbRUHSeCLsCRCneXHFTLDzUY]oFDGoZuF\\om]Q^DRpbgAUjyKvcnCBGNNssSMawWZHLbysuqcPtNXhYIFGtLMfsDUa_dYLrlsLMsIHzSAlLmIsq`[jNFhlJoOHNYTQXWYIUL\\`zxHaK[[Gv\\kzJiylDHBYeAubzkToTz^eEukPyGajTIMlhUHjYhENKCvyC`b[GgmvxGvPyimwbRE\\oIufceVgvQZBzmMZ`GdhVQoaZskkuHfsyZJtewr\\QGAggtQM\\TX[iWF_UTLkufmnebC`cSocPHXPQHu`b_OakLJbUf_RkGbeTMBEqkeI`oLazpNNYgIWXLDZY\\Kwo]sIamvDFpirtFBvAcb_YRsDxKNIJcgVahUCwCANtJIdyR]RKIZptf_^eoLV_nu]JTQMkzyycUeOIPFfivyBJq\\uIrXIqeiGPf[eBPaKJ\\N_BQUVi`hcptTSrWDtbpHxg_z]o\\eYVnrhdxts]C[RxFQVRIneMhdUUQs]QraNvONCCgju^KW_VqAaOdLghAMhJ]TTEXbf]MVisOTfZsHBREy^PRNhgt`vBas`SVpGdlBI[RiAQ`NosLWF_pDmJuydh[hSVnTDCBY`CpDydNWGfkCqJnB]SDximY\\zeWe]MKmrnqCimFJv^sxwYrIcmrkzDjneUDTMcuu[yKCSlTjNuBLu[`anNCkVZmnEDXUilwSdy]xOopqZH^FC_tKo^az`J`BMWyPTyB\\xibwxbSyXMRNwgl`KN`LLxmZZ\\lspa^[GCHTwxMNKbbTsRF`eYEFZpQAvI]\\q[IrirHt_XcNASAdWZbHWLNX]XAQlHXo[kWkYkeBJLAMprFHohe]aVFeNlURqrIXAomPvQKfo`yLLAbeSs\\E^vNFfm^gVTKSDdMBEpM_]yiBWtZMKkzxVDuEaheJn^Q\\VfIbn``^gxc_NMilSQ]eTMxzjH[XKCkyhNfklrZfL]QY\\VrUzsq^BgHIiIsfEHSeMdrAaxA\\rqYrw`_TQGYSLNwAF^BdynaDKgLr^rnBsVgLNPMJe`VyjzYyhquDwW]DQVhPTgqYSW[qblnqRrzZXcTKOMKhxkF\\scvscwqxjwfT_bWvDDlEXDghB]AG]I\\bRzxzquOUBBk[wAfgqOetzBDpvNrFvj\\a\\DB`eXFIpWCWSLkAqTQN_ccPvIDcDIYRaKztyGCYI\\Dcyh]k]qOcZNBs[md]T^FgykqILrBkRrED_AQOfTGMuqsSIGYM]aFfWXdOqT_ep^QbIyU[\\VqAWsmHs^AEZpNkmYgHWCXRo\\XW`QJKmylHkEP_f]VST[KzQapkRNDYx_Mv[VcbUpS\\DGzhJI]ugEyUQXGy\\Zs`uSKLsTDPuoy_HjwJaHaIlIlsaseDOdGuwnakvopqFMAsGZMb\\wYTsjnlbSfAizARhDbUILNmRkD_ItmGfDbRKmCMzpJdJpHFLjLCsrZPjfCIgOdh`_UfXiGuBVVTBdd]dxTZhjOoeRc_ktakL\\De\\\\h]cQA]]GNFC``ivKAqP`BFGbKIpeHa`yBHPrqXilR_E^]LTrpB\\NVv[bWBGshryh`E_YYETcH^O^BcFzoxpFESdGgi[pRpD[`WyXgvYkhsFrhx`nwGEjBscM\\Ylkd_RR[nxfehSs`EXLNmYjIhtKlTYgnlwOKhHJbnXtzuJOoLKx[WzjzBcwfHaGVQrtkDirxOeZV`kN^eV`J[MWlNPJFL_[NQ^iCQ^k^SAMmaTZRUYAlAwuE\\H]n_mlkKMECBLNGeCr[zeLtqrkn^iMUcebIAwy`O\\cTPXQILuGyF[ErwdxgByN\\zjZWeEFhDRM_CrdZbcbdbNPI`kMXzS_QOGUaxt_GoYvoNaoFz_EZWetl[RqusiilmvPv^D\\iD\\oIS\\uzvHY\\NEteMcFgCeOGkKBSRtcvCWVvpkZzWrylPN^hBeiuxpgZMiYIZciB_]Yrjyp]IGPKf^q^gTQgKhxMjwiGSR`oJxMmogyDpMlra\\njrv\\GSBqr`LHmQiJrb\\BiRDizUNryvGgOJyPXpY\\HGUNc`MmGCuPE[FYnM\\mFKswY`sdSZmCIztbwqF[H[kvBqcoDa\\KTfWxOYpDgd[hQsGEa^\\xHBee[wubxE`mxci^dwT_ACn_ACfJj^O`E^CSBm^R^NFcDijiJd\\dKxwFNGdXRls[qzh[`V\\qZCAnwL[STxzFBeVGaxFuIGzlVflDAPIoHeKHxJIBfREUmmYMeatbPbhTCOYQ[XREoLxWZNJXoEOrCfzdN`ZZVb_axrFiksbOzz`boBmWX]mLSqQXPpDuxsiMgXZcI\\gw]zsCFXoLnCCtpSNGaiYvohRHRTuXbKNvppiSyORsArGuppXTJSB[DlHpilkm]XdcpGDzduIRW`uxaWR\\vbNOInsEhteN^`VdN_FjmXjOKjE^qKPS[PqvKU[COzRkQvnrKRjCQbj^ryEZiUN^dRnOi[YsDD[nGzyOvMT`[NCsaSDLQATuloHzI`IjsqyNHvXsAp^]BiCWPvhWWNcDkaBRryGWEdgdPokeuLL[^rtCllkNrmTfOv^buGABjHXXCYG[KD\\KBH`shz`GOs_SPAVURJkoKJlVZ\\ATePDoQIdGVetuaunqdEHBDmIAThzsWKZLyM\\zpjCGWOzhPpNQWumVTyPsGC\\dJljLLiwUYnAtCAfpn\\l^Zj\\]XDrAwdsnOYxf_o]btsscttSST[FfQxJ[PNnHqvXovNeeDzQyyJeaqtd_l`h]_M]QO^VRAVlx\\DhgOiPTJGhGTcdWePVROuQjkTV`ezydYgFmMxQDPTTX`Wxguyhlz[janxvuTkjKIDig]rKhySBvbsJUWiffRMeyx`yOBVk_eJP\\hRJCnAmhYnzuob_eFDsvZkixswfdb^RYdhgF`csRZw`JaE[ZrGZaQTCxcMKrUJFv]aRGvZE]Lb\\]K`Xo]Ml\\DkHPfi]TYAwQregzmT^YBxVir`nCpWUHXdrmYC\\MwlEKeLf`sXBIiT[FUZXFu[_BgosNmtaksQ\\QtLDguOJXULZDJmXzeVR]NC_qSXmyrRPYrKMJVlLgQGh[VpEA\\aF]yzCqhNT]\\K`CwBMz`OdtKfLGVD[^Tm^QLmZrHW]IXiLFbe_UcF\\NwMSTnw\\dmpIihPrJbUrIl\\\\]ZG`k`FuOQPTz[FEKvtVb`^XRnVmONS\\\\kquhXkDhvuXYvri]QhNsFuwvjNxKSfAynsPeKWmKpigfFyWwgQyaFdVqtyxKmtUPtZfDbERtuCDXNQqkqB^Ch[sJ]ZkLZbYvTXlfTSUcyFfCayccIMTlVRcZa\\aITG[SeHDq_KX^huDboqd_qHDMOg`CoSEslLPsfTYZumExppE[OAekrCSLCNExbBBMF_m\\fLv\\XKdEDFWYcFnniUAjtDpXO[rtkrrRDcpCFIShZNIxrgU]NN^l^CccV^NxSkTLNFUAPli`BTPfvsacFVf]UGnAAMhbvVUjtwjmRUM]`xkJnwg^xerwEqrHRTzDEHefzalyInRlJJxWVdNE`JdR^YeCFc[xUJYXTFKMKiUJTGnvt[lhFv^u^THavitaTTWAk`DQYBtrp[xXfjJfqmrYg_uzxdR\\poqzkmKTW\\PECfFCVkvL`Nja]xUMfDTojYCAdyhs`qPV^mWAYreMiFwbEQ^mYyhSI[UdcEZWDDgiyUCjbTnnZGGe]\\wT\\u[aIwMDXmYUYNJeYNcjNnKEKusBTkHHIFvIcF`BIzRpvZVLw\\LOsNGikWWODLjheQMSSACTibbN\\VIl_hEs_tOvzNYMjQxwQeKeNCswZs`RfsMUNfkWGrJkBRTFcpdXdexrL^^]oIYfTxPGADzDabqZ[ZdwimTdOIhBvUJjHObxY^WDBNF_q`rCn_WlubnCppWLPNKfuPwSztAxC`u\\honiQfNXxXpa[`IdGLooCZead_Cu^ZiVhSUABiuezni][Wr[kXrrlGYOKMFldTt_i[sILIbYQJoPlHGNhbJGbrdbtFppcIAguJoA^jPcpZbbRJ^DFrEBJmxrqROFTlpHIIVbTFjxSbRIPCPkbljkEy]HMwKL\\JPDd[YJovkzHHjc\\ocoC^^bCEDJfNVWv_\\ISN`pdFwgBjcwPtfXUWJxghB_XO_a`TEdfbQNPmKxbr`S\\GumcyC`V_]eMAYUbVGhfzRhcXIbLMWoIjCQUlybQ_OHFgBPUqVLlsg]pMJKq\\UJHh]^xHApX_WGkJcwWsNVqKDQC`[HcolpKFAXK_RMpaoM\\`mfdMnxOySwdL[XgtMdmbwfJKlrbA`PWro]np^WAobLmDoyDu`wTLZtdH]Z[wWNZCamWyerWqcyzlsGWnoh\\dwKXvtgSEvEYUmj]CbFQh`^c[urOWChHimpGVU\\Ex`Rv_afzIdULiXnDYcwABXwBNwjbwdHhFBSIObEuPsGmi]ZRylhnX\\CacQibrDC`\\gFhEepq^ClJRJTl]XcLvUPeym`yt]DLqaQBWmNTvqPVjtOYwxFZ[qdHW\\iSFrxBz`SksSUkJOPEEuuE^GBwXdlzwJevDvODtOVJa^`ecUQLa`C\\aeoyqAdWoTojhZhOAMLq_l_AbXUCT`ZXGIUZGQNtezUNjqwJgBLUTMxoFoXZgbCPtWd_EOHjySM_WRQk[LWRUEDtL`TStoMDxFTTMYEYt\\WBAYYo^gz\\LkvpSjT_upqJFJbQxx_BGxYsiBtnH`pNplsMK_A^Ea^EfMwrqHqaIxUNSDGQq`WVzdUTRVGZwBwa[UM]FCwziPEsWetHXjg`JHECrc`[BXdHAomyqeLndXhk_]xg]yCNUXXSPJe]]]yQgxrcrvQm^twmZT_VftyCVVncXZihAjQGYWEaeUoaiPj[\\etwfOqc^wvQKPLXNdlocpTCPxkRFYUFgSGmamCmsid]\\oWVJWTE^usgRqhh^`^FcqdrIYr\\bzwuLrb\\aVHjEPbm[[\\kFUOTL_tfK`Mk`s^_yx\\ZOLHIXnASOrWixGWMlcjgxwQBIWKMlDn]yB\\tNGvX_aWSI_nY]QnVOo\\SvGzBdobLEujvf]zehSIX`xsddmj\\PXNKaJxHGtnjzLONornzQIiwfEmxNVYrEFvgg`V\\`s_n_ZXUjeplykKHjR_\\WAtk\\wftPc&quot;,142)" methodname="GetNumberOfCharsInStringTestRandom" classname="Open_Lab_03._10.Tests" runstate="Runnable" seed="1419345799" result="Passed" start-time="2021-10-19 19:34:08Z" end-time="2021-10-19 19:34:08Z" duration="0.000117" asserts="1" />
            <test-case id="1021" name="GetNumberOfCharsInStringTestRandom('a',&quot;\\R[YduYMhYOcagsUvowVAtE`yoScn^EGDaQhQm^ptRoylRJpDQy[fMObMvZpbpYJTH`AWLEIRH\\iFGnhf^`^_e\\rRi[UTiNDtefelIYrMqJ^k`]GHlKEQvfjfiiikjpduYp[\\Jw]EhRi[yGmLUNc_InxzvyDZkH]BadSjCfyphAdewOhbw]W]MEler[`KsCT`ohuVoCJjOmqIKTCgR\\^OkAo\\rhrbFowfgDqPUSmuShO[Od[_YssW`FpotY^HKcdZqK]G^mRzjcvDlUNOMTJMv`GaNBWwofkkDodDGTBfathwKlC_KPurZX_QEws\\WVLDsKzxkJHsS^fBsKV]zrl_ksRgQTzK[`PLieDzlFoAIC`vl]YuaW\\_dgSztThWKwXmO[TOGWkuDkViTVunvEeEDkbBREFYYXqLemhRJJoJgb\\tQef_Zt\\FRTi^sRwCRR]fuKEaidelQ\\X]PilhYbz_wktQEJYrNlsUFpyG`FqpOkoqwMNKaPejSxjKQn]_Ln_`cCW[jeHSkJQLvCUswOQxHICIFoqmdSe\\LPOtpm[wIRzIg^ONZdbw]aX[AOUvnVjY`pAfo[DJnUpqJt\\badSzkhyfsotbX_Imbbdr^cYyaXJIlaQHmnVKCkhrqVnAb\\lOMCPcPdExKTZT_qtR^loeJxjrtlBIpYXEfuviRirIiXAiRUTA\\\\]phHFOSYi^cwImwUheuLzoufwlxBa`YAhTvbX_ohVtATamPOlwhjFP\\hvBKTRRsJFbOoqVwIpNpGoaFJ\\jPdrivXrNfWU[VEBqNy^[XWz`ts[VtVvBscCORWgrxckaoVrlFySHgBRtdSpDx]UQ[ScnBm_rRf^pgYl_AiQvCnVrRJezbdu\\OZG\\mDjSZ\\qA^\\MLbQCPLZNgxl]sI`PilCbMSPlwyy]bxVTpwZXQafPpMZ^BbrJtLHO\\uAsR`GQNxfjcXhwiHzHGmmztmkVHocWpGruvbGl[UBsbkudtu[mMzIiIAy_okJYUPt]anAHBNhlkuYJsH\\MTqJpyJlucbwjKd^RqYDGuSlySWyOcpghPxF_FD_XBF`ZQyaHWGS[EURAEL^bK]SmvPZN^yMntgFonRhUqqr]^LcufEZt`wM_nn^A_TdYt_aXP^Nn^JkUeqOjg_bZ_SOx[aBzngp^MZcyfLfIrgVVLrux_oUzlKtbQdxi]NzrTNHLOPD\\tZcswslcgD[zSqlBaBiCNwgdg_ByjijOksFScBeXsVCYmA_^]GfNbBOwmyLYqnsxUMO[kZZ_WQJrtOqgz_\\dD\\hidJ`dqLaF^FDalEmDgGqQrWC_I_ZSROts_`qbtpiKkEUoKPuulYxxfWrMGB[RmOnOLKCLNLJrYfamBOUtd_asRwNHie\\sUWY\\RGdzNihaPF_AqEKsgbhOhvxPxu^djR]BNE\\veUguqAdLXMReZcLmiJoVIUCTLDqxc^nlcPNSvnXhSlrkcsKHFkTDQFmQSTinJfduZ`BKVsrvmGDX]RkTtjrsKk\\]]wAcEe^hHxRDqzlNsXQJCVoAdVtZnkkjE`iYsPrHcWP`Ag]uxeAmZRZHIzzilDtXNbzRRTUdaIagFOAwsz]IkxQmFbQtQIW`]sSYhLceQWMQknBtyCplblgPQMLkC\\TYmBJMwbPhWrsTlABR`WuNSexlMCI[zrbpDn_jepxXnIVksS_QLuLgaFFHEYAtZph_PDQx]ShkZ][JPMsu_rPFgvOyhXeMoDyy[q[pCbotM[NEfwrr`FVb`csUoRPEh\\vV_]jZmCrxCWsLhKTl`ngihWYrxFBkRjLl`r`IMXE]NY`Jkggey^`toMhIEr\\hBHfTKHgqeK`HiJ[PrOHRYWlnKSwSJWEUwX\\GmLzcAqzoyXLelYRqkKOfVrIsKThNFKLQiU]fO_RcWxpmGRblFOemJpkvCHYgJminMuvXvgbLtfOXBWlsmvIr`ZHtdbcGGeZeOBaMWKpZgZt^bStgW`uNdrOnnCnTD\\EPMeJAp_]cGiKF`dRQivkajMAXnnZTW\\VLUeRwJsrrDSHvhINJk]fIl_`AdlMCFJLeSzlvSVHpEs^WEFkfaQcuqN[qEQSXgoluH^ciXRqVVpDsAJv_Bb]paRnE_urBCjJPGdOb]BNOZN_AKbpuVnWESwTqj^J]ZoSggnlXuTCzTNVTmmuxEwgOTExKPYszslpfurUWpYAClWlFaADwdLX]IETcqbI\\[DHcXkYvY^Hgwe^wTrdOVvWgUS]p_maNP_biPJhqbI_FEka^bWOzytG`h[OFNcWgxtXXDohKJngNXQcdlyOH^bPVYCBovccylsIKTJ[miEpLNtHWreTOUOIVeByBnsPbKh\\`IYPc_]ZYlDI`uexQOTe]jm`SKZzppOA`XbNZUlkrpjdbsYGIvySrDyqWsxXE^dd^CdITX^v^cmgzIy[mTqtqwJ]YlrbXTgUMGG_OQnlYCoOQRqNu^fkgjmbtHjb`w_JwY[tC[L\\aF\\oHuLHueguivi^T`eHbLM]_fSsrxL[RJKbNy[zvcgvPe[Ajw`^pEtVtzP\\bTPxYMc_kGPVEeLz_RMuKRIuXieNPpiOiyYcSj]CBvQdhKYLtuqbmVQPKUakcUOvYAgGLcgpoJsPB`NNQZUVzG]TiIYyIm[hgULg^SzQOBnc]BNfHS[JAtwR_SXDJhgCjLcgT&quot;,39)" fullname="Open_Lab_03._10.Tests.GetNumberOfCharsInStringTestRandom('a',&quot;\\R[YduYMhYOcagsUvowVAtE`yoScn^EGDaQhQm^ptRoylRJpDQy[fMObMvZpbpYJTH`AWLEIRH\\iFGnhf^`^_e\\rRi[UTiNDtefelIYrMqJ^k`]GHlKEQvfjfiiikjpduYp[\\Jw]EhRi[yGmLUNc_InxzvyDZkH]BadSjCfyphAdewOhbw]W]MEler[`KsCT`ohuVoCJjOmqIKTCgR\\^OkAo\\rhrbFowfgDqPUSmuShO[Od[_YssW`FpotY^HKcdZqK]G^mRzjcvDlUNOMTJMv`GaNBWwofkkDodDGTBfathwKlC_KPurZX_QEws\\WVLDsKzxkJHsS^fBsKV]zrl_ksRgQTzK[`PLieDzlFoAIC`vl]YuaW\\_dgSztThWKwXmO[TOGWkuDkViTVunvEeEDkbBREFYYXqLemhRJJoJgb\\tQef_Zt\\FRTi^sRwCRR]fuKEaidelQ\\X]PilhYbz_wktQEJYrNlsUFpyG`FqpOkoqwMNKaPejSxjKQn]_Ln_`cCW[jeHSkJQLvCUswOQxHICIFoqmdSe\\LPOtpm[wIRzIg^ONZdbw]aX[AOUvnVjY`pAfo[DJnUpqJt\\badSzkhyfsotbX_Imbbdr^cYyaXJIlaQHmnVKCkhrqVnAb\\lOMCPcPdExKTZT_qtR^loeJxjrtlBIpYXEfuviRirIiXAiRUTA\\\\]phHFOSYi^cwImwUheuLzoufwlxBa`YAhTvbX_ohVtATamPOlwhjFP\\hvBKTRRsJFbOoqVwIpNpGoaFJ\\jPdrivXrNfWU[VEBqNy^[XWz`ts[VtVvBscCORWgrxckaoVrlFySHgBRtdSpDx]UQ[ScnBm_rRf^pgYl_AiQvCnVrRJezbdu\\OZG\\mDjSZ\\qA^\\MLbQCPLZNgxl]sI`PilCbMSPlwyy]bxVTpwZXQafPpMZ^BbrJtLHO\\uAsR`GQNxfjcXhwiHzHGmmztmkVHocWpGruvbGl[UBsbkudtu[mMzIiIAy_okJYUPt]anAHBNhlkuYJsH\\MTqJpyJlucbwjKd^RqYDGuSlySWyOcpghPxF_FD_XBF`ZQyaHWGS[EURAEL^bK]SmvPZN^yMntgFonRhUqqr]^LcufEZt`wM_nn^A_TdYt_aXP^Nn^JkUeqOjg_bZ_SOx[aBzngp^MZcyfLfIrgVVLrux_oUzlKtbQdxi]NzrTNHLOPD\\tZcswslcgD[zSqlBaBiCNwgdg_ByjijOksFScBeXsVCYmA_^]GfNbBOwmyLYqnsxUMO[kZZ_WQJrtOqgz_\\dD\\hidJ`dqLaF^FDalEmDgGqQrWC_I_ZSROts_`qbtpiKkEUoKPuulYxxfWrMGB[RmOnOLKCLNLJrYfamBOUtd_asRwNHie\\sUWY\\RGdzNihaPF_AqEKsgbhOhvxPxu^djR]BNE\\veUguqAdLXMReZcLmiJoVIUCTLDqxc^nlcPNSvnXhSlrkcsKHFkTDQFmQSTinJfduZ`BKVsrvmGDX]RkTtjrsKk\\]]wAcEe^hHxRDqzlNsXQJCVoAdVtZnkkjE`iYsPrHcWP`Ag]uxeAmZRZHIzzilDtXNbzRRTUdaIagFOAwsz]IkxQmFbQtQIW`]sSYhLceQWMQknBtyCplblgPQMLkC\\TYmBJMwbPhWrsTlABR`WuNSexlMCI[zrbpDn_jepxXnIVksS_QLuLgaFFHEYAtZph_PDQx]ShkZ][JPMsu_rPFgvOyhXeMoDyy[q[pCbotM[NEfwrr`FVb`csUoRPEh\\vV_]jZmCrxCWsLhKTl`ngihWYrxFBkRjLl`r`IMXE]NY`Jkggey^`toMhIEr\\hBHfTKHgqeK`HiJ[PrOHRYWlnKSwSJWEUwX\\GmLzcAqzoyXLelYRqkKOfVrIsKThNFKLQiU]fO_RcWxpmGRblFOemJpkvCHYgJminMuvXvgbLtfOXBWlsmvIr`ZHtdbcGGeZeOBaMWKpZgZt^bStgW`uNdrOnnCnTD\\EPMeJAp_]cGiKF`dRQivkajMAXnnZTW\\VLUeRwJsrrDSHvhINJk]fIl_`AdlMCFJLeSzlvSVHpEs^WEFkfaQcuqN[qEQSXgoluH^ciXRqVVpDsAJv_Bb]paRnE_urBCjJPGdOb]BNOZN_AKbpuVnWESwTqj^J]ZoSggnlXuTCzTNVTmmuxEwgOTExKPYszslpfurUWpYAClWlFaADwdLX]IETcqbI\\[DHcXkYvY^Hgwe^wTrdOVvWgUS]p_maNP_biPJhqbI_FEka^bWOzytG`h[OFNcWgxtXXDohKJngNXQcdlyOH^bPVYCBovccylsIKTJ[miEpLNtHWreTOUOIVeByBnsPbKh\\`IYPc_]ZYlDI`uexQOTe]jm`SKZzppOA`XbNZUlkrpjdbsYGIvySrDyqWsxXE^dd^CdITX^v^cmgzIy[mTqtqwJ]YlrbXTgUMGG_OQnlYCoOQRqNu^fkgjmbtHjb`w_JwY[tC[L\\aF\\oHuLHueguivi^T`eHbLM]_fSsrxL[RJKbNy[zvcgvPe[Ajw`^pEtVtzP\\bTPxYMc_kGPVEeLz_RMuKRIuXieNPpiOiyYcSj]CBvQdhKYLtuqbmVQPKUakcUOvYAgGLcgpoJsPB`NNQZUVzG]TiIYyIm[hgULg^SzQOBnc]BNfHS[JAtwR_SXDJhgCjLcgT&quot;,39)" methodname="GetNumberOfCharsInStringTestRandom" classname="Open_Lab_03._10.Tests" runstate="Runnable" seed="604859873" result="Passed" start-time="2021-10-19 19:34:08Z" end-time="2021-10-19 19:34:08Z" duration="0.000219" asserts="1" />
            <test-case id="1022" name="GetNumberOfCharsInStringTestRandom('g',&quot;xZDGxTtqgvnrqRRhnYtIKuwGaUktRZaRac]jwmyye]lHWqqkY^oO[Y`D^wadcA`NU\\QNpbkA[v^iJokj^z[oeSrICYMzMUVex^nu`cvqmoo_urujMqFd`lcBeIKWVlnF`tlfApKvEeBp_SOL_^nWPmELumQWX_\\BBizAGOiWgK_vkn^SuzssxXqnp`kO`n^`IzoqSNFPoWjENJ\\HOx]YgdDdsLLa^[rshzmkyhzgucDbhlafDdzcQEs`vLxHC_mU`rXNWlJbxp^E`]wGf`^u[PccGNpnjseWpjCqUSPS[Xe\\anAZOr\\^BrtPPoGJvVsELHOpZFmTQK[CeGBSNW_rXHUyqmb`LGWE``PY`KzJFHNqXqeInov`rBhEmQzg_MIJoV^FqcnCWVmPu_azIZmXKrN^sLfOKSfszDCBS`RKAtI]PXJOjA_E[lzwIzNfx`sEktQr]`gcHcWRjlO[CX_KnaYODFtSSgM\\AElVHSlKTwxsUiNWlmc`AiQJ[BnXfUP\\VvQeztSjgTqrdauVs]b`Dh[SobvG`T_zg\\^YXcXsZtsgrYauHY`JmjYh\\yqXxMJSpqLHD\\xPFjGJon[VBByHoVNwDpxZlzuMjarANZqf[PDCdOti^\\WwNC_ZdODN_^^Fpt[Ov[IbKTg_RKSpwPwQdxygCYWyVcGwmyNkoemDSomuVzHZvORPbM\\runM^DJMbMkmTwcBR]tyoLERCRxDGRrU`]VpAYPAJcLifMn]SNAniOhgq]JLFGFPVVNqanAsNtoMzVfq^[ktQEgQpjz_PDuC^vSQyww`NH`p[\\g[qSifWMyRixBro\\cKyliECUra_KfJ_qqUD_hxVOgRwBbBvEll_VqimcX\\[HHLapmsHgoPnfpkEXHBnqeZZteJAHc[GM]NH\\kGPjuOQ\\ytaGdU[Wie]hmgLdszETJbJbddgBmEvVIxvkdu^NAk^rkZiEvfquKxSXjy]zhYeeiG`ol[zy\\rSZDRqJvcGGNBLKf_BeX_`bFtIeuuS[fsZTfsTXHSEFS^WhvUIMZVaxRkTKJMPAPf[Ubs`nLd]EZ[Pb^\\i`mFBQS\\Bu`JOvCDpgDCFCoVBps]_q\\lhh^kOKeJCGqfNBVbBVfc_[VglWELYpxKYn]aXSpfBtzzLJHA[R[ILtNMSrzsFZlMIgMZ`oJjaAae\\W[cPDkGVpz`aQO`Tw`cHmq`wh[fHlbKSclvXXdCierThgtPaeVd\\y]iaufbdFzeNoNy_SHwT^t]v]sPoLF^VyjUFCV^lBYdfNGtZvkN]ZPyEAmDCVnYz]OPEts\\weKSEQrhWzqs[rAvilPFQS[VOAdJyqoaCORrOxtnIEgD`uxH\\TaTdnLeKpDDgij`KQqLaJglr]xLfXqUC]hfP\\wPChhZtqGZVHsPElbRgp]GqAymzjBKADPjTaIt]NrBV^p_`aQRvVz[zqZCiuZKowYRrIv^chpYy[lTKZNYZjPfEpk^HGKbohMYE^hWemiNaa\\_EGsOhBkFhnNBYYV]^NeQOSOgmrngBBE_TLYBOvumwHlQQfxMWLkSwLPmrL]qNEDfijhMAUObTrUHayWGtbPpRmbIvgJCZD`rDFbbxkLCxJyErILtoVwfpNUwH`QTLLHPR]D[WpIIVNsHn^Rn\\QODHtCplfZY[sqmBimVFk]zMoQbVMIdO^svxDIYZNjlVki^WGGFkvhknOrSd[[_^pKwzvoxaUvrAld]GmLPGDtSpHHiMqoynKO``l_\\RI_WAqkBeUMrPKYZwsGrnGkkaxEq^DwUOkyx_]SzXGDsewjclodheghLYoqCmu_bXrd`M\\v[`H[hCsGdO\\Ej[OjbCn_kgPM^c][mTJWPtJH^MAJ`iMoRppGIHB^YwKnQuwF`XTPEEopRHMUBdyCZ[vhnWReSgxTiVrcPvdHUxjNBzpBvg\\oxIUpzPSIGixYG\\HwQdEGAqh\\khgnbPjfKJV`ABcAd[BfARHarslRbVoG\\sFRc_bqzRNxGbvOBE]`pB\\ZaGwi_YDpUOEIwRXFtLgiDKZPx]Q^sPRZXfl]ctRbOYcr^mSjgXgeVmVWggkBHawEwekQau^ztF[fbcmKJar[dhEeQUqvIQZi\\_vsBCJlugkPSjpEu`sbj]\\PaGzLEbqdgmJCgtIHWF`xwoSa`mBcXrzzDgSvCyhTpHd``mXAXlLdw^SlnZfS`NLonKzAaNEXYMHpLmAnVALggVD`UbHdSVnbvomVmW[JgnLjV]aAYsx_C_HXH[gzF[FDYatWAfAyaBztKTJrAGLZYO`XgUOSj[EMhIRpcKAnsyyA_ONnQpyyOffJB]jfWhOFxnLCBUOqGYbZQ`sYG[Cu]FyC]HnG[UWKjsClCLmvaIsqELt]dQ`wfUdroJ`uaHVlCWjY]GWviGTTNIyROR^Kp[_VOLwsgrVZmGnh][z]udN`APdgLOfOeLwbrTJRK^PqluaHUQpoRAPLMzVybPhYMGobJMpIQiSXUXnFj]SuYrwevkVrxLkuqreeGzxI\\g^dhsroMQPExmzUJKgZqxKFyYb]nJzk`KZmUTwDsafhwfwEsP[vT^R_]YePQUBDQ``mSNAqNcaPR]JS\\]e^iDWBsuPvihm_`cXWGKlePeikxCMzPSnnj^UNI^tYxEHapCjiFmMRlzODVgDqhQgWtyoBNJOcQThL]IuvS_u]F]CkPRr\\ZDkhXlgrNi[v^dAYSCaNlI_JWJQXwElwSmJNdAnl\\DheDyz]]dXNkekR_aRN[PuJw_dl[mpSPplh[uGXKouSg_LhBriCj`QMJ_h_VOCjoFxvsDreZtDgUc]YSvjcDmcj`__wMcCwmL_baQoyAEdp]dsbBPLZ_ZgB]OWU`vXrqHuIDvrCGkczJnNvgwuxWdXS`]ESu[ZFglyVij^GXJSoqgsjB[hcAZ\\Njcdbr`HgR^SXosMwZo`NQd\\sdUR[nrENQlfGFvOsBg]TU\\vINkIMtOxGGly]Nht[YFHDMGq^`hLeGH^IZIMCirTCn`AUxleTmCvPUsvGtegMCSzyNqDF\\qlalFPhG]anCsrDMOnbMFIDLGz\\`BHHi`svRU^PcOAXEsKK[wlzC]tViiVfFnIEVYF^zvmsk_yyFlySwpAdPHFLf^NdysJoFwCgmgK_JtP^_uQwjDjQn`oNTur]iJusUJsJiS`Pe\\ZWsbhkMQtvItBaHpSsphqAzWJUCHOW_ZfRGYUmNGQXPyj\\ISBtzg[xfYX\\YSiFC^XjNj[i[afiXZlAhhMjFUWrzighAsUvYKUmbANYsTZZBm`LhXokFzAiG`j`DmibLkQNEzYhZoqmvxpNI[zdEdpYKggCQiUFfrOR\\SHizGQQIOmJk]WcnF]burDYSWWlZkHDi_lqTRdyT_Qvt^SoSlS`VgWePjVdj`qXHj[Lk`P\\\\_OWbH_pEcZiXbiCIHbevAOohsoKCGDm]rEqYACHK``HFIzaBYCdyf`\\PZijSUnx_hLa]rdIEZZW[Hi`sOJeD[nrRdbyRTpqmccYwYDJou_`LJAIlJqDKItDtUPtPeqldces_PcZLzpIwOfHcYNI]lfdi_`cJKtJEnvc`He\\bXsLTkHeiHQrXiOswAKzkAQAFfEJTCc\\olaFs[QxXutBuCmV_Dg_xelaGrFhfyRf`oCfHIz]kMbpHOGCtjeQWD_JAzzBUcRYdN]FAGNWDJokCwZskDowUBP\\QsfIJyHHuJLtmBCm\\NMNPnGD`GQRoVEbyAoH\\FNFBgptkaFjAB[GpBM]lbcChqT`EdvlNuRWAGLcyNTzAbRmvymwoSWt^KYLTQpGeU\\FkDFiqd__OcBG`adGrzxv_XtpizPiXMVgFLCrsDFKnrfuJRgmgiPeWaaSKQArUqGBMUBT_mOounHhmygWT]BjxlQ_ejhbCOpxlehoQSOu[\\kcZtaLdd^soXD\\D]jpFglgyJvIRrGANHO]AiEkI]xZkwJUaLlodYonjEeQxYum^]egIa[VXygdiRvBzbbFGSXoS\\mwDonjcLvOR]LAkVWfmLEYIcQWrogLEpUgn_RdLxB^Whj^VbUlvmCGWUo\\^Wsn`kJ]I_MMDn[oKbC\\snAPZuPSmNQYjqFoENyf^NVrVHhISNwpSSdkWcTe\\qjuOn]NifkxdWxeYJuSNHA`R\\GXNUX\\tTKh_[cbe[[g^yLwUySNiBWUqKdmhFATOODPMQFyaThmhUBSPJCOBKnswprUqpu`[GXOvwjEsUgUTeh]IR^^DlSE\\KSWZlHkZISawmXS[yWh^Y_SIUM`SW\\jnTnkeSeHMwvLRGaVuKDFUfbCfzNE_cYCgdnczgiHTP[b^TBCoqeITWUImlEfFace^t`hTxWO\\vlFLz`SxLQixQjPPepObDCngpDdnTjq[WgXfOxmLmhtQugNJPYiIIgYtyYVwv_e\\ZNbeSeAgCCoVI]mJq[_vAiSjN^gpcqQNCYqgFdrfXCFFsCl\\gMG\\Aj[lvrWoyKDMlbTkgGDMct^ydMrKmKJWjpMTxFlOMCgMysTQjAp`ItsHL]HizLBnBh]wUzmbVpz`MQzksb[lVdOqwFH[xCOABsLRWXvkNOKStSvv]XqYlPYXZgzPrSdSaz_TFiU\\fk^GZvweKMyaMqPl[orjXgsvesmunbqnCUnAlRx^kUFfTDGkjnsQqeDysc]bJBrcWK^rDPzIqUzCbNbblBLzi`xYQoIJpWUi^]OJaOg[okZ]fBXeAupHqrtqNEbPHpSZzQ_EzYB^VlKyF[nPW^JvbNsfdXw\\hXSzXA^U]SfbtRmEgulmRSsdfXsmYs[b\\aqxYLaFxYmDsbCP\\nzigJJU`jTAHlvdsEGS\\og\\Ufps`olDVcQftmuRX\\XjraxM^JLo\\jngG_UAUQplxPf_[QjFJovAXxdoicVVcxcfpe_VXuxGfglcvYmNZGehonPJuaSlvZIAhzjqlUhProUkLBsPqHw]SvrBVU[rbLLL^kuvjv]FYVqAY_xthDvn^gimIh[WtqhfcJN\\GwaufqExErdqXaK_PYirCInB[FMbhKXPQ]nk]AHhclhREezSgJVJ\\WYxJ`Zae]PuZT`unZBPRAOR\\]wqGtv_oNouDpbxabDG\\mrkEE`MHGs[HH]hcc[kakGL`frxsEijxIpieLmBUjXhUUnwTtUxHT`kggLYNcTCYI]zRnCWqYVqTYqLsvdyjkcecECyATomVVPMroe`rxHixjXNpAaSyUSh`sWMlDW]ed[yJeTEQEHmcugthpJAn\\oBCcgyXXnnbfEUOZEKg]BtNaEfL^`wuVjIoZvayUgsQUKxqSeNkyUQ[un]^AnusrsMww`o_^MRpIdtWHptsRLvBYhufZDxbmAY\\xBunpjNmC[RRuGVLuBafwL^OfIE[OkDIKXYGvGCbyJyyWdlThlhlZn_m^fHhem^SXJG]hPQoyzgnM`rCXlm^CSiXtfdPyVwLffbM]OfY\\tm[GkayoFPsAAPE\\jdCgAqdC\\Iaye`IGUBJ`NQIFe\\sFELeV]lmfdl[DJYfczzJ`HmgzG`OY[wB`x^yP^K]tn]^cbGWofaFfRSyR`fPx^TLgkuFf[VEo^PmePDYzIZntrWNf`gksv_W[QqsgBkTQ]QHCaTC\\NPoDaSpUgZGoeLtytRUYLlyXF]XaOLFLeOffkSuyA^zbd`fQXIIOzdQ\\RWxDuPF\\UuKWaOOaXVXhlXoarGJGCrMAxJTTUqDlY_MiVPjIubqdLdjucXMoFzY^iJYXuuMaRgONKFLbWAL[AcpUZZlxePfZFiALqSNzVPS`U]j^LeXFnx^FTDx\\JOwBAoH\\EzlEmMEkQQzxjNlAsagILvrmUmqHTR``UOZMsSSasmoDEAmv^vIZIzPIHyjAWxWzl[d\\o`HaOFPZGoiUzueXIFXUyQEudRKuVpSdXRGxocLCkqBTPVB\\TyqfCO]_[NxwvUDR\\ExingdatVeHPkeNQibWzgbIoc^bfPHVmksLXShhVQmheVPkcjgMngSo^ouLICueOPU_sZqxAtBjuu_ZTnywcubFYDhcX]_SVHZVAkrJsiLufdtdQ\\rVEyBThOGolNa_UiTn\\JZdvoDuih[pKESweJNWGFhldDYfIhawPGHGCO[QuGfzoRegudtK[wgV\\hzrVYmAH^`DxLuWjx\\z[hwSZmk_oV]SZlfUPcv]UesRlaijj^\\^[hvnlhYchOMmBNdLa`GHCzeppfatDBoRtyrlprcbJSpGXGP_w^JKWU[\\DFyGG`_gZvsCVrViw`xjJ_YiVCwaseu`^Vijs]\\enIg\\OMIEI[NrWlR_hQkEdyopBT`AJfq[DTvBsw[IurYYXDImDKCblWBpUq[vhIv]dmnCpQflqcKlaVYxKmwydOjgSGgB\\`[lwvoePGxm_RlIMPPyY]kvMxtUDGkiedPRHYpfboiEpJZR^a[Crhdyo``yB[aIVOIvB[Bn[eXeogGC^bq^ghrxAQ^ctqdGN`ibB_QD`gcNPzKHY][[dD]iWKvlwYueARWOy`BzRnyzFehAGVJWVJ]KCAKqd`GGlyMycvIt\\\\IqE^dm^ueaO^OroMMyUKWmgrNGXjYKNQvuAfF`WXTiu`sNjUJVjK_QEWKNP]Un][TycUrIHgbwrirGzAWD`C\\Clepd\\sQuD`MZLufV^BOCcbZW`DNOFRO[yQMx_NgPWhtR\\XuFVB`_oY[JLZEXeBomRm\\uhhrPUygviHuHJItElkfaqDmEJPfUsGAjwzXhJQJpm_[D_wO\\HkBbGvEdumFFSRCbHKKJlMu[aqnSdiaMAKMIFZdBvonXKE][\\swTmFkvpaAPHlALMtEIEu]hbJNwY^P\\TSqkmM[v[RS`YTtJobLRzUVaWOmdrn^SR`wpvQZzYJincwPNPEIqRx\\zwPT^[rDhozNtXEO^IMtpfbyZz_TnegATDwsfwv_bFBzdjVpKpehFEfTURt^v^QCHyup[MdbNhSjecUkdiJxzyvOXd^TDXdDpyreo`VxMD[YmwimwIuMUSCJDfYriP_qDOugkjwDTLlw^]]\\ukWu^Wj]vibIH^Ow`eU^BCCNMqsIaGfaIwxysdSh`XkBInwqxpWtIzZsiJih^bvpCBAKaQDvRhydRAEYtCLlkmYJ^EPjvfJy]vzGnlPgm[b[AqaiEPn\\VKEQcqh\\BUAg^AHWAxfHm_zPKxIg_befsicRqj^wEoeXZvxAiJhGdfjqLpFfiAw[jUnpXp`R[jDxubpPzHxUt^CMylGAesODrKiFHHcsdWguclwdAqfaDbaMSbqgj_hb[zGjtkHs_Ek^qHeNo]AoMiAPe\\maRwJFiFZcfNkPjnByqCWKxcsN_tVmzqEXxaacvfolhBcalkEZ&quot;,147)" fullname="Open_Lab_03._10.Tests.GetNumberOfCharsInStringTestRandom('g',&quot;xZDGxTtqgvnrqRRhnYtIKuwGaUktRZaRac]jwmyye]lHWqqkY^oO[Y`D^wadcA`NU\\QNpbkA[v^iJokj^z[oeSrICYMzMUVex^nu`cvqmoo_urujMqFd`lcBeIKWVlnF`tlfApKvEeBp_SOL_^nWPmELumQWX_\\BBizAGOiWgK_vkn^SuzssxXqnp`kO`n^`IzoqSNFPoWjENJ\\HOx]YgdDdsLLa^[rshzmkyhzgucDbhlafDdzcQEs`vLxHC_mU`rXNWlJbxp^E`]wGf`^u[PccGNpnjseWpjCqUSPS[Xe\\anAZOr\\^BrtPPoGJvVsELHOpZFmTQK[CeGBSNW_rXHUyqmb`LGWE``PY`KzJFHNqXqeInov`rBhEmQzg_MIJoV^FqcnCWVmPu_azIZmXKrN^sLfOKSfszDCBS`RKAtI]PXJOjA_E[lzwIzNfx`sEktQr]`gcHcWRjlO[CX_KnaYODFtSSgM\\AElVHSlKTwxsUiNWlmc`AiQJ[BnXfUP\\VvQeztSjgTqrdauVs]b`Dh[SobvG`T_zg\\^YXcXsZtsgrYauHY`JmjYh\\yqXxMJSpqLHD\\xPFjGJon[VBByHoVNwDpxZlzuMjarANZqf[PDCdOti^\\WwNC_ZdODN_^^Fpt[Ov[IbKTg_RKSpwPwQdxygCYWyVcGwmyNkoemDSomuVzHZvORPbM\\runM^DJMbMkmTwcBR]tyoLERCRxDGRrU`]VpAYPAJcLifMn]SNAniOhgq]JLFGFPVVNqanAsNtoMzVfq^[ktQEgQpjz_PDuC^vSQyww`NH`p[\\g[qSifWMyRixBro\\cKyliECUra_KfJ_qqUD_hxVOgRwBbBvEll_VqimcX\\[HHLapmsHgoPnfpkEXHBnqeZZteJAHc[GM]NH\\kGPjuOQ\\ytaGdU[Wie]hmgLdszETJbJbddgBmEvVIxvkdu^NAk^rkZiEvfquKxSXjy]zhYeeiG`ol[zy\\rSZDRqJvcGGNBLKf_BeX_`bFtIeuuS[fsZTfsTXHSEFS^WhvUIMZVaxRkTKJMPAPf[Ubs`nLd]EZ[Pb^\\i`mFBQS\\Bu`JOvCDpgDCFCoVBps]_q\\lhh^kOKeJCGqfNBVbBVfc_[VglWELYpxKYn]aXSpfBtzzLJHA[R[ILtNMSrzsFZlMIgMZ`oJjaAae\\W[cPDkGVpz`aQO`Tw`cHmq`wh[fHlbKSclvXXdCierThgtPaeVd\\y]iaufbdFzeNoNy_SHwT^t]v]sPoLF^VyjUFCV^lBYdfNGtZvkN]ZPyEAmDCVnYz]OPEts\\weKSEQrhWzqs[rAvilPFQS[VOAdJyqoaCORrOxtnIEgD`uxH\\TaTdnLeKpDDgij`KQqLaJglr]xLfXqUC]hfP\\wPChhZtqGZVHsPElbRgp]GqAymzjBKADPjTaIt]NrBV^p_`aQRvVz[zqZCiuZKowYRrIv^chpYy[lTKZNYZjPfEpk^HGKbohMYE^hWemiNaa\\_EGsOhBkFhnNBYYV]^NeQOSOgmrngBBE_TLYBOvumwHlQQfxMWLkSwLPmrL]qNEDfijhMAUObTrUHayWGtbPpRmbIvgJCZD`rDFbbxkLCxJyErILtoVwfpNUwH`QTLLHPR]D[WpIIVNsHn^Rn\\QODHtCplfZY[sqmBimVFk]zMoQbVMIdO^svxDIYZNjlVki^WGGFkvhknOrSd[[_^pKwzvoxaUvrAld]GmLPGDtSpHHiMqoynKO``l_\\RI_WAqkBeUMrPKYZwsGrnGkkaxEq^DwUOkyx_]SzXGDsewjclodheghLYoqCmu_bXrd`M\\v[`H[hCsGdO\\Ej[OjbCn_kgPM^c][mTJWPtJH^MAJ`iMoRppGIHB^YwKnQuwF`XTPEEopRHMUBdyCZ[vhnWReSgxTiVrcPvdHUxjNBzpBvg\\oxIUpzPSIGixYG\\HwQdEGAqh\\khgnbPjfKJV`ABcAd[BfARHarslRbVoG\\sFRc_bqzRNxGbvOBE]`pB\\ZaGwi_YDpUOEIwRXFtLgiDKZPx]Q^sPRZXfl]ctRbOYcr^mSjgXgeVmVWggkBHawEwekQau^ztF[fbcmKJar[dhEeQUqvIQZi\\_vsBCJlugkPSjpEu`sbj]\\PaGzLEbqdgmJCgtIHWF`xwoSa`mBcXrzzDgSvCyhTpHd``mXAXlLdw^SlnZfS`NLonKzAaNEXYMHpLmAnVALggVD`UbHdSVnbvomVmW[JgnLjV]aAYsx_C_HXH[gzF[FDYatWAfAyaBztKTJrAGLZYO`XgUOSj[EMhIRpcKAnsyyA_ONnQpyyOffJB]jfWhOFxnLCBUOqGYbZQ`sYG[Cu]FyC]HnG[UWKjsClCLmvaIsqELt]dQ`wfUdroJ`uaHVlCWjY]GWviGTTNIyROR^Kp[_VOLwsgrVZmGnh][z]udN`APdgLOfOeLwbrTJRK^PqluaHUQpoRAPLMzVybPhYMGobJMpIQiSXUXnFj]SuYrwevkVrxLkuqreeGzxI\\g^dhsroMQPExmzUJKgZqxKFyYb]nJzk`KZmUTwDsafhwfwEsP[vT^R_]YePQUBDQ``mSNAqNcaPR]JS\\]e^iDWBsuPvihm_`cXWGKlePeikxCMzPSnnj^UNI^tYxEHapCjiFmMRlzODVgDqhQgWtyoBNJOcQThL]IuvS_u]F]CkPRr\\ZDkhXlgrNi[v^dAYSCaNlI_JWJQXwElwSmJNdAnl\\DheDyz]]dXNkekR_aRN[PuJw_dl[mpSPplh[uGXKouSg_LhBriCj`QMJ_h_VOCjoFxvsDreZtDgUc]YSvjcDmcj`__wMcCwmL_baQoyAEdp]dsbBPLZ_ZgB]OWU`vXrqHuIDvrCGkczJnNvgwuxWdXS`]ESu[ZFglyVij^GXJSoqgsjB[hcAZ\\Njcdbr`HgR^SXosMwZo`NQd\\sdUR[nrENQlfGFvOsBg]TU\\vINkIMtOxGGly]Nht[YFHDMGq^`hLeGH^IZIMCirTCn`AUxleTmCvPUsvGtegMCSzyNqDF\\qlalFPhG]anCsrDMOnbMFIDLGz\\`BHHi`svRU^PcOAXEsKK[wlzC]tViiVfFnIEVYF^zvmsk_yyFlySwpAdPHFLf^NdysJoFwCgmgK_JtP^_uQwjDjQn`oNTur]iJusUJsJiS`Pe\\ZWsbhkMQtvItBaHpSsphqAzWJUCHOW_ZfRGYUmNGQXPyj\\ISBtzg[xfYX\\YSiFC^XjNj[i[afiXZlAhhMjFUWrzighAsUvYKUmbANYsTZZBm`LhXokFzAiG`j`DmibLkQNEzYhZoqmvxpNI[zdEdpYKggCQiUFfrOR\\SHizGQQIOmJk]WcnF]burDYSWWlZkHDi_lqTRdyT_Qvt^SoSlS`VgWePjVdj`qXHj[Lk`P\\\\_OWbH_pEcZiXbiCIHbevAOohsoKCGDm]rEqYACHK``HFIzaBYCdyf`\\PZijSUnx_hLa]rdIEZZW[Hi`sOJeD[nrRdbyRTpqmccYwYDJou_`LJAIlJqDKItDtUPtPeqldces_PcZLzpIwOfHcYNI]lfdi_`cJKtJEnvc`He\\bXsLTkHeiHQrXiOswAKzkAQAFfEJTCc\\olaFs[QxXutBuCmV_Dg_xelaGrFhfyRf`oCfHIz]kMbpHOGCtjeQWD_JAzzBUcRYdN]FAGNWDJokCwZskDowUBP\\QsfIJyHHuJLtmBCm\\NMNPnGD`GQRoVEbyAoH\\FNFBgptkaFjAB[GpBM]lbcChqT`EdvlNuRWAGLcyNTzAbRmvymwoSWt^KYLTQpGeU\\FkDFiqd__OcBG`adGrzxv_XtpizPiXMVgFLCrsDFKnrfuJRgmgiPeWaaSKQArUqGBMUBT_mOounHhmygWT]BjxlQ_ejhbCOpxlehoQSOu[\\kcZtaLdd^soXD\\D]jpFglgyJvIRrGANHO]AiEkI]xZkwJUaLlodYonjEeQxYum^]egIa[VXygdiRvBzbbFGSXoS\\mwDonjcLvOR]LAkVWfmLEYIcQWrogLEpUgn_RdLxB^Whj^VbUlvmCGWUo\\^Wsn`kJ]I_MMDn[oKbC\\snAPZuPSmNQYjqFoENyf^NVrVHhISNwpSSdkWcTe\\qjuOn]NifkxdWxeYJuSNHA`R\\GXNUX\\tTKh_[cbe[[g^yLwUySNiBWUqKdmhFATOODPMQFyaThmhUBSPJCOBKnswprUqpu`[GXOvwjEsUgUTeh]IR^^DlSE\\KSWZlHkZISawmXS[yWh^Y_SIUM`SW\\jnTnkeSeHMwvLRGaVuKDFUfbCfzNE_cYCgdnczgiHTP[b^TBCoqeITWUImlEfFace^t`hTxWO\\vlFLz`SxLQixQjPPepObDCngpDdnTjq[WgXfOxmLmhtQugNJPYiIIgYtyYVwv_e\\ZNbeSeAgCCoVI]mJq[_vAiSjN^gpcqQNCYqgFdrfXCFFsCl\\gMG\\Aj[lvrWoyKDMlbTkgGDMct^ydMrKmKJWjpMTxFlOMCgMysTQjAp`ItsHL]HizLBnBh]wUzmbVpz`MQzksb[lVdOqwFH[xCOABsLRWXvkNOKStSvv]XqYlPYXZgzPrSdSaz_TFiU\\fk^GZvweKMyaMqPl[orjXgsvesmunbqnCUnAlRx^kUFfTDGkjnsQqeDysc]bJBrcWK^rDPzIqUzCbNbblBLzi`xYQoIJpWUi^]OJaOg[okZ]fBXeAupHqrtqNEbPHpSZzQ_EzYB^VlKyF[nPW^JvbNsfdXw\\hXSzXA^U]SfbtRmEgulmRSsdfXsmYs[b\\aqxYLaFxYmDsbCP\\nzigJJU`jTAHlvdsEGS\\og\\Ufps`olDVcQftmuRX\\XjraxM^JLo\\jngG_UAUQplxPf_[QjFJovAXxdoicVVcxcfpe_VXuxGfglcvYmNZGehonPJuaSlvZIAhzjqlUhProUkLBsPqHw]SvrBVU[rbLLL^kuvjv]FYVqAY_xthDvn^gimIh[WtqhfcJN\\GwaufqExErdqXaK_PYirCInB[FMbhKXPQ]nk]AHhclhREezSgJVJ\\WYxJ`Zae]PuZT`unZBPRAOR\\]wqGtv_oNouDpbxabDG\\mrkEE`MHGs[HH]hcc[kakGL`frxsEijxIpieLmBUjXhUUnwTtUxHT`kggLYNcTCYI]zRnCWqYVqTYqLsvdyjkcecECyATomVVPMroe`rxHixjXNpAaSyUSh`sWMlDW]ed[yJeTEQEHmcugthpJAn\\oBCcgyXXnnbfEUOZEKg]BtNaEfL^`wuVjIoZvayUgsQUKxqSeNkyUQ[un]^AnusrsMww`o_^MRpIdtWHptsRLvBYhufZDxbmAY\\xBunpjNmC[RRuGVLuBafwL^OfIE[OkDIKXYGvGCbyJyyWdlThlhlZn_m^fHhem^SXJG]hPQoyzgnM`rCXlm^CSiXtfdPyVwLffbM]OfY\\tm[GkayoFPsAAPE\\jdCgAqdC\\Iaye`IGUBJ`NQIFe\\sFELeV]lmfdl[DJYfczzJ`HmgzG`OY[wB`x^yP^K]tn]^cbGWofaFfRSyR`fPx^TLgkuFf[VEo^PmePDYzIZntrWNf`gksv_W[QqsgBkTQ]QHCaTC\\NPoDaSpUgZGoeLtytRUYLlyXF]XaOLFLeOffkSuyA^zbd`fQXIIOzdQ\\RWxDuPF\\UuKWaOOaXVXhlXoarGJGCrMAxJTTUqDlY_MiVPjIubqdLdjucXMoFzY^iJYXuuMaRgONKFLbWAL[AcpUZZlxePfZFiALqSNzVPS`U]j^LeXFnx^FTDx\\JOwBAoH\\EzlEmMEkQQzxjNlAsagILvrmUmqHTR``UOZMsSSasmoDEAmv^vIZIzPIHyjAWxWzl[d\\o`HaOFPZGoiUzueXIFXUyQEudRKuVpSdXRGxocLCkqBTPVB\\TyqfCO]_[NxwvUDR\\ExingdatVeHPkeNQibWzgbIoc^bfPHVmksLXShhVQmheVPkcjgMngSo^ouLICueOPU_sZqxAtBjuu_ZTnywcubFYDhcX]_SVHZVAkrJsiLufdtdQ\\rVEyBThOGolNa_UiTn\\JZdvoDuih[pKESweJNWGFhldDYfIhawPGHGCO[QuGfzoRegudtK[wgV\\hzrVYmAH^`DxLuWjx\\z[hwSZmk_oV]SZlfUPcv]UesRlaijj^\\^[hvnlhYchOMmBNdLa`GHCzeppfatDBoRtyrlprcbJSpGXGP_w^JKWU[\\DFyGG`_gZvsCVrViw`xjJ_YiVCwaseu`^Vijs]\\enIg\\OMIEI[NrWlR_hQkEdyopBT`AJfq[DTvBsw[IurYYXDImDKCblWBpUq[vhIv]dmnCpQflqcKlaVYxKmwydOjgSGgB\\`[lwvoePGxm_RlIMPPyY]kvMxtUDGkiedPRHYpfboiEpJZR^a[Crhdyo``yB[aIVOIvB[Bn[eXeogGC^bq^ghrxAQ^ctqdGN`ibB_QD`gcNPzKHY][[dD]iWKvlwYueARWOy`BzRnyzFehAGVJWVJ]KCAKqd`GGlyMycvIt\\\\IqE^dm^ueaO^OroMMyUKWmgrNGXjYKNQvuAfF`WXTiu`sNjUJVjK_QEWKNP]Un][TycUrIHgbwrirGzAWD`C\\Clepd\\sQuD`MZLufV^BOCcbZW`DNOFRO[yQMx_NgPWhtR\\XuFVB`_oY[JLZEXeBomRm\\uhhrPUygviHuHJItElkfaqDmEJPfUsGAjwzXhJQJpm_[D_wO\\HkBbGvEdumFFSRCbHKKJlMu[aqnSdiaMAKMIFZdBvonXKE][\\swTmFkvpaAPHlALMtEIEu]hbJNwY^P\\TSqkmM[v[RS`YTtJobLRzUVaWOmdrn^SR`wpvQZzYJincwPNPEIqRx\\zwPT^[rDhozNtXEO^IMtpfbyZz_TnegATDwsfwv_bFBzdjVpKpehFEfTURt^v^QCHyup[MdbNhSjecUkdiJxzyvOXd^TDXdDpyreo`VxMD[YmwimwIuMUSCJDfYriP_qDOugkjwDTLlw^]]\\ukWu^Wj]vibIH^Ow`eU^BCCNMqsIaGfaIwxysdSh`XkBInwqxpWtIzZsiJih^bvpCBAKaQDvRhydRAEYtCLlkmYJ^EPjvfJy]vzGnlPgm[b[AqaiEPn\\VKEQcqh\\BUAg^AHWAxfHm_zPKxIg_befsicRqj^wEoeXZvxAiJhGdfjqLpFfiAw[jUnpXp`R[jDxubpPzHxUt^CMylGAesODrKiFHHcsdWguclwdAqfaDbaMSbqgj_hb[zGjtkHs_Ek^qHeNo]AoMiAPe\\maRwJFiFZcfNkPjnByqCWKxcsN_tVmzqEXxaacvfolhBcalkEZ&quot;,147)" methodname="GetNumberOfCharsInStringTestRandom" classname="Open_Lab_03._10.Tests" runstate="Runnable" seed="1722172414" result="Passed" start-time="2021-10-19 19:34:08Z" end-time="2021-10-19 19:34:08Z" duration="0.000120" asserts="1" />
            <test-case id="1023" name="GetNumberOfCharsInStringTestRandom('c',&quot;YcFbdiEwbpjhdoJSSIMYCLNe]vAR\\nowGwX]SVws_zEzBAXoXYYwMNANU[Fiim[nBnbhXgAwMUuDGOd\\^MtCUrjswJIrQOKm_QxNZkXlY]ksTwHFrdK]sYZJDikN_IfxJI`pRVCnoIdsHr`zBCAhEitFrnKlzJNQqmiLXSo]aXhkobCMJkL\\Hyt\\PZx_LRnfvTBUIUcjO^GgBIQQlxbPylIrtNwyUQRPeBp\\`hEpI]NdsM[GIhnNj^hJKK\\uYdUyMqCzTpkDsmG\\__zgnpph^DaGUfQVLJW`HPXBK\\mTxjUwXLegKpHcnh[IQweh_VrjVbUPHx]RD]knjdiJAeKWBol[oOlNqEpbrfaqrV_NSp_RxhZgN\\htK\\hbqt\\sLO\\yhIvDCsRfGxDLPZ^HoFAVXvXWxzAxufBEU`eplVdVJBnNX\\RWWUEGOGbll`GDsUl[wzrjphVY]eLVIJz\\hda`bupOytEMP`^oQSRXe&quot;,3)" fullname="Open_Lab_03._10.Tests.GetNumberOfCharsInStringTestRandom('c',&quot;YcFbdiEwbpjhdoJSSIMYCLNe]vAR\\nowGwX]SVws_zEzBAXoXYYwMNANU[Fiim[nBnbhXgAwMUuDGOd\\^MtCUrjswJIrQOKm_QxNZkXlY]ksTwHFrdK]sYZJDikN_IfxJI`pRVCnoIdsHr`zBCAhEitFrnKlzJNQqmiLXSo]aXhkobCMJkL\\Hyt\\PZx_LRnfvTBUIUcjO^GgBIQQlxbPylIrtNwyUQRPeBp\\`hEpI]NdsM[GIhnNj^hJKK\\uYdUyMqCzTpkDsmG\\__zgnpph^DaGUfQVLJW`HPXBK\\mTxjUwXLegKpHcnh[IQweh_VrjVbUPHx]RD]knjdiJAeKWBol[oOlNqEpbrfaqrV_NSp_RxhZgN\\htK\\hbqt\\sLO\\yhIvDCsRfGxDLPZ^HoFAVXvXWxzAxufBEU`eplVdVJBnNX\\RWWUEGOGbll`GDsUl[wzrjphVY]eLVIJz\\hda`bupOytEMP`^oQSRXe&quot;,3)" methodname="GetNumberOfCharsInStringTestRandom" classname="Open_Lab_03._10.Tests" runstate="Runnable" seed="165812558" result="Passed" start-time="2021-10-19 19:34:08Z" end-time="2021-10-19 19:34:08Z" duration="0.000052" asserts="1" />
            <test-case id="1024" name="GetNumberOfCharsInStringTestRandom('L',&quot;iyfeeuLcb`eVOnLsBJdlvdJJwGWFqsbrFBsbwQLUmQ]geKOBEZPOBqfEo\\h^^GlixnPMvewkxOzeH]_mrVBWcTqPWnm[ciqf`ojquCF[^`QmrBxRxvfHFVGdxAqIr\\HPYTFTnhspQatDDDXVp[^hDjaJhFttLxdBXBU_ve_PDpr_\\Catd\\SWy[LimvfioydTxrgCjtZLwOdNsBie`zQkeMDwpflzzp[EL_bdW^KjBHZjqxqkNAIpitilojNDH[LGn`BU[EOBpai]mTGrpAlyhfWSppphQGcbvSvRv\\QJmGAHLLy[dVOHjNZIIj_eOaliyHb[YovTkbMafPGdrUEus[ritnJMwfuLVRIEe_Co[uWHAt^sdvnt]qq^PsbeejXFgAKUGCyTSP[xEkizQQcBrBj_[fpmwXJk^Q[AiIlawZbMVtZ_KbUTGVNfRft\\NMWuFk[nPhRH`CEYZ]JbMQcVCpeHDpiCPQTkCgHfZfP]QNoEQpLo]SPxeBrPGSk[zOrPjUVnV^IaAFFpB`rNduawAVFBor`Gup^BV`Vv[YZzKiw_vCOa\\]rEivOTPTy^xBfLcDZ\\KvnK\\bmRZaGlczfXyYT[RBgGZvBIClwsdnV`jgdHIwuiNMuyVONKjyKJPhk``dOheNIpeGiRoMRUHxsNADno^mIecLQBvEb`hMEzDFTP`vV]hqBRo^`]qZKsE_NYqgWkfmguttJvj^PbWgxmJyNX`EjOBMu`svZs`fruKGYvUdmSKc\\Yb[OsZyLaDYtgyeDoEXBloCcD`SCvSWDZk]xXgbZa[QqlNlwkayNnajd`sLSGvQOgUZw]gfH^x[R_LqpnVSUTJQsBsY`[OTfJCKXnp[DvqkpFYFTBW_kdvu^EbudOGhOepH\\BZByvOZ^Z[mcmF^EjcBOHhTMuqpoJ\\LQQeRcVapU]XEdpSqJdc`BotTUGpDEZeTxP]RInujInglkdjWczfLawJ]XQx]a^kvsDGUTAiWitWNHHdlWY[EoYnBFAurqYIfDltg]VDcRP^gavUPhLGHCgGZQFOTGqaPklKVOxOAVsm`vG\\JfeKeSBcWeZVXHj\\[iOvplzBjxFmJtb_JeEi\\fvwjInkpbrtfXRqgLgYfc[hNPZ^DuLnDBzpmRMgxPMHFMGmblryxfCtKOj[jQhuWEpdX]DVzz\\WWSbAIgwSDMpXzGe^blxhcSlBW^VEh]zyJf]rhjSCTUrJPYeQs`oNCooEbadeRseaNqOTemqrZuTN\\cmytELIhmwVrYQHFhl\\kQwYJQgGiwoH[bdyoflMg]t[ut\\L\\jmlIs]KgTocYFZlyouQpRSZw`pOW\\^Qo[ezJCycEYS[qInaDI]FyLWKWSpdCOnKq^oy\\[bvqRLXysdnmPLOyYRcE[crMVaqeIdTUpFdabPhAzL^jCrnD_LYLLtArkj[kVmqOPZwJbiXIecFPEHK^mmFwLHIvElqsoweMUOZcud\\qoPbcnlmd_xydhuCIRAFqs`ThytuphbdJQPHw``HSyNTryB`[LRRt^fyPvteurxvwTpSXmGclsnrfL]jxT[dWQjffRsBfvN\\BRW^JiHhFiaAkoSDYKhaWT`geKgGuFwqfRpToy`OMm_hjiuryoc[OgEimktzCAnAmkVYyyP[fYTeprwvPpIF^\\bzNHbEFaMMy_vzT]sz`HppS[tunxjMri]QIVLrXKUEMHfQwxcnwJaVfmgnNgQHqzUQBfrxQBbUmlcLocyqVwQiIHeVjYdluNNMmVPRFe]ubLcuJ\\yfh[lujgIuA\\OsXq[`_WYZThklZVGw_kMNZyD[\\S]GMVQeWd]kkDWnD`RzjA[U`LVPPBZZnADLtSMxXGVpsVM\\UYKtgDk\\sIaAAAVVKDxkzKtkSUccfe]JztvqqamjPcSlmMxWlAfoY\\]J`ZaS[IpNfWAGF__eRN[WsIyGWMrfzhl_XmRXz[PHnFFVLrRM\\B^KBFRW[ZvOQJOxf]iSNGeqyTdnDdu`ueJyKa]S\\ux`_AqdqHkjJyzVWgMi\\_Tr_WTfAQnEzVrSJESy]AwvsLVwfob^UorxbFAHgLcaTfjnHgLRUNL[bXyTAXzLiPkL_ukDDLRRXWbN]cpzcQJGcWVKHhGOLXrEv_OMvINIwuDLqlrYcAdYGdcI`awWECFA_^RxTcD[CAKhTKUVqigKnZxSwGhVLrEtoChSZtEAxJVFYupVMa`WWvME`zBNviOLwRsQ]BvxdgNeEstBQSIeSh]tpcm[rqEPuKIHB_sLecnkiczhFzwdadtPoz\\tP\\FmbykujlAm[xAjumLNdEUrt\\jQRtTCDywJ]AJksFyUzKJcdJUBoOQKGNtFOZcpYxj\\BqNud\\U^GArjSGhI_ROohlCOHD\\Z]JvB[hbmv[YTtnEGVJnIl[QGjuoPoyn`zvAwEpOf_uMEtuvuhwsxQShBspS`tSywhsTxmHB`uIerOMNoztcrFpPhOyDP^ilMvPWAbxH`vSDIiqngc^azjHqscfjoDmBLWYvzpMNCmCwnmHzYLXgAIm]oY_XvNS\\IQrlPunqWP_MgKDF\\gRcgFBDdvGaRoRoZbn]vVj^XaQkeapeUYwPwkoDPoIUoN`byjmFWbKFwnLFoQYDG]LsrBrjmkMGNViKBimunkNnOrSJ_jOzVFNSBgkwsCSgVDrbFBEG^_PVOYdzjiLD\\MkHHWIUxpCkXaYKzlD^eI\\rpsEcClNJrPLISkZjsjIh]`yhAZzyehYTktSPS`RMcssHVPrPRUfuAnVQtWcdlO`KqrXZXKXSYvFdgqSkbkhPC^Sw^CVvxi\\TSiR^sXrHxS]EildDErBBbPHT`[wVo\\UkZlRy`osKsaRkBNOlYSrGgZmCayyX\\]S]xmew[e_PyrJByXRRMKx\\dNDAzOYbp\\iWNpmPcRRnocIoQkEIghKR_rtkiexLMw[]JnoIfCivsJgBFOjOKPuIQWrVwCaxTFarHff^wv]dyPYVKreZvjBwBRMmwYMd\\kbncptZdMROnRJBy\\LEXHCeEepqZtb^isHOifmVyLqjXmJkILo[NIMUixjyzDzjenauJvSSjpFMQSNR\\FhOEGQ`gn`kwoWvLGEdMObNs\\lXDAEVkY^uVlf_^AOVVbWvZJAKOdEM^[WcVt\\fjKA_Q]`Z\\aGMALrQFqxtzuGGTQWvVCId_cgKbrexdaih^sLRcG^`vcgoDuKzFeEZY]hY`gjNMzQYLZd[FFSP_diwwrHghesz]PPBLnmvWPTvSNdeRjuASpuook]h`CabHQwvJbPRSWsPPmeiO]VxjsggV[N[RFWUiloBQi[j[dhvxe`BGnYChdsPeQ`iUpzNA_a_xdXaBf^FLlilvLU_gTgFt_WAImVeeZvZEBD]VsABGmEtbonJ\\\\bhr\\eYMXXPQs\\lpPguHrInSfyG[^YTzMJIrObdWeQy\\lkOQSDRHsBdSoUM]^yjyDQEjSubiD^]bJSbukqI[HMGK`qDtVGsgbAX[f_xX\\dDV_CI]nRlhpOrrKuJ]riSwepAJuGOMskz^Ilf]hbFEVLrSJaQlV\\amQGkjCybhC`pEPTjZOhpPdObZyhAUp^qWKMMBAw[izYCqWmCprr^hgQJC`RkUyNr`iYuDGhYSNGQKMlCMeL^yzIktCK]jMFkla]HyrziJYL[`AyqoO^jmks``hBAwLiFHV_ejdEVe]T`ohKtETh\\iVxBhxcQqzmxjFTK\\UHKJIEQWSkr^Iwc^NXmY^wlAo`fkVqjUAXjM^S`QheUMkmhDJZ]hblyYVJUdZaA]B]^kMVAus\\ksb`PCrbavTBnOZRrTywrHesKOPxroZbpFBGqqtRmrzEIAjOQv_hwvedNjUBmtkm]lLhNT[AZgKzH`jK_BhvPlft\\XsH\\r`sHNcWoCBx[^OPle\\izK^lMo]lGSLp[S`bHRstxSV]zj\\l^WIqwKHRUnfSkqQ]qM]HygIZmbkhoBl^TkNkJUtQLNMTf`JGBsfnMTnqNiDUZ[]TBIzzdaT\\SMwl[onNYefvVyQzxX][Q_qkktR]aJ^[`J[AWCWYuqvpoaxDszCMEsKnVLAa]RgPGLVM^QduADa[dBwJwOebGRWhygeKCqvdKfidLl`cWHLASkKTPqeOgFIpoiNqfYsKHwPxSTyKjCLzFWVN]QvLLhxF^so^^iwxOBsV[NBwsZ_etJkYSzUU]hyZzK[[_\\gAFNkD^AnPPyTmISLTIWK_Tc\\bCYWPmbYWm__gZgvSMFE^TMRgzGRHQIg^mJAEd^]iawzen_u\\\\sRO^xNqHjQfPQGdrBtQgqijcVwXMgt[MqgXrYzovKwuMqZQqVnlfdpeKcfHAqd\\qpYYeimYBFU]un]lwgaqtHpdBBMPnsoFa\\EXYAfIdUkaPSkXFtKTPmbizpXc\\^fJQOvYjFTvBYN_XPTiQpJth[pntVXccDgFjaPAXSiA`PSr`DRk\\jRfUl]pYI_ThlTylIpqATRyHJUYIyOqDhGtlBlxEZbOnUSovUGXN\\jIYS_KXDh[uhQAeZMkWrmalCLnq`]orrdcxy\\Y]aaAmHTFESK]HWAViJXVHkUrbtcDEhCgyoNpRloeiFj_VAg\\qNtoaGQlMjZt_QAWP__TIKEwUmgCBp\\bMHMrnOFs^\\dcSvGYESOr]TTgJxZoZOkWNrgXDJdBYfpha]dZgNxjbeFsnahqoRYPlMU[OjVujNYq_gFhTAHMQBpdmnd]]mMHN`vUHJLxsCzTLPUH\\A^oJMyjXli[FsYwAQcykl`KoKTNB\\Y^Z\\B]PYyBaMwW[krzeCTugVXk[TzzskivSKAerwhcSbY_oJjESUdyI_qEDQBwYzJp^BDPjNHiVkbFxtvQdvg^HjmoUwaaulJTXcAnFZUFMvdXwlGKVlS]SfioOOvmhaneaOhVtIKJbbQMGVsdqVLJYhAmuM_q_bYfHyqhDlRMaIvlU]htWSwRVeMtOu[gdTfAIfEI_K`EEydPlOYX_f[MeGQ^mxZIQedM]vcjY`VLmrMWAwHA]DIytZVCUaVblXo[VXmqfizzQPZnut]qpZfN\\fSDaaUrJoZUDlBdJQUnDIhezcH\\E`lSlayjEjQEUIq]pEjJrsg_ErJTxiDyZtndCGd]mR`[APZvRLousydLtMOuWfmVfSf[UMZi\\MW`TM_oYOBmuIF\\PckpsjFH`JoheyaElFZfbErgi[]HdA\\]NJLm]dpmGPzJYqJZiwAojZtLkDHYMy^`iR[[nncIPg_SEiOsQCZgAgnnQzCY]X`Il[\\GVifuUr_DvbHCpPIK_r`B_hKnlJfsGWadNH]bX_SIIkriszdNPVeuvZci^rJLMfw`A^pinamA`Wtop]ulaXdllgin`nD`UHv]nShVKv[icdV_aosBxYeoCLnTpBJz]NfX\\WA]o_afxuIIRJNkuCcw]G[c`UaIl\\MVyxDKnVNYrzrHCfCfoYEZeivUvXx[yYt]hmJUGDw`pKF]OS`uRvUTWmlPBiOVYmZZGVZQ\\i_l\\`e[dYFdsDICD`FvBuSYpbGCkgWtsOYdWdsrHQgcce^VeXVaQ_PbVGvuYckwCMkde_f[hOnlNjpKDlXSRpdUzrOQhyY``jaWtukFlutBk_TfQlqhKXfMdWdnQVmiqOL_IZRJASbWwbd\\^czwHkUHDUn]QxpWIKL]So]rZhhsqPQBnIPhVqbFuE\\ofosD]LNlVHIiFH]ZD\\RnEljHhHARdGcOTiLfpdVfB_ggAbcNTHBYmhkuFkVVKwHP_tVXwreZFgl`ECHG_mx\\EJ\\fyR`EOA[FWWHGLLR]^cSGvKpDcOqYygLVXjYeR`LFMgIhvBuT\\\\y\\qUkn\\]\\zJBHkLmi\\mgKxXNuPBIIbU]x]hj_CzeJpE&quot;,105)" fullname="Open_Lab_03._10.Tests.GetNumberOfCharsInStringTestRandom('L',&quot;iyfeeuLcb`eVOnLsBJdlvdJJwGWFqsbrFBsbwQLUmQ]geKOBEZPOBqfEo\\h^^GlixnPMvewkxOzeH]_mrVBWcTqPWnm[ciqf`ojquCF[^`QmrBxRxvfHFVGdxAqIr\\HPYTFTnhspQatDDDXVp[^hDjaJhFttLxdBXBU_ve_PDpr_\\Catd\\SWy[LimvfioydTxrgCjtZLwOdNsBie`zQkeMDwpflzzp[EL_bdW^KjBHZjqxqkNAIpitilojNDH[LGn`BU[EOBpai]mTGrpAlyhfWSppphQGcbvSvRv\\QJmGAHLLy[dVOHjNZIIj_eOaliyHb[YovTkbMafPGdrUEus[ritnJMwfuLVRIEe_Co[uWHAt^sdvnt]qq^PsbeejXFgAKUGCyTSP[xEkizQQcBrBj_[fpmwXJk^Q[AiIlawZbMVtZ_KbUTGVNfRft\\NMWuFk[nPhRH`CEYZ]JbMQcVCpeHDpiCPQTkCgHfZfP]QNoEQpLo]SPxeBrPGSk[zOrPjUVnV^IaAFFpB`rNduawAVFBor`Gup^BV`Vv[YZzKiw_vCOa\\]rEivOTPTy^xBfLcDZ\\KvnK\\bmRZaGlczfXyYT[RBgGZvBIClwsdnV`jgdHIwuiNMuyVONKjyKJPhk``dOheNIpeGiRoMRUHxsNADno^mIecLQBvEb`hMEzDFTP`vV]hqBRo^`]qZKsE_NYqgWkfmguttJvj^PbWgxmJyNX`EjOBMu`svZs`fruKGYvUdmSKc\\Yb[OsZyLaDYtgyeDoEXBloCcD`SCvSWDZk]xXgbZa[QqlNlwkayNnajd`sLSGvQOgUZw]gfH^x[R_LqpnVSUTJQsBsY`[OTfJCKXnp[DvqkpFYFTBW_kdvu^EbudOGhOepH\\BZByvOZ^Z[mcmF^EjcBOHhTMuqpoJ\\LQQeRcVapU]XEdpSqJdc`BotTUGpDEZeTxP]RInujInglkdjWczfLawJ]XQx]a^kvsDGUTAiWitWNHHdlWY[EoYnBFAurqYIfDltg]VDcRP^gavUPhLGHCgGZQFOTGqaPklKVOxOAVsm`vG\\JfeKeSBcWeZVXHj\\[iOvplzBjxFmJtb_JeEi\\fvwjInkpbrtfXRqgLgYfc[hNPZ^DuLnDBzpmRMgxPMHFMGmblryxfCtKOj[jQhuWEpdX]DVzz\\WWSbAIgwSDMpXzGe^blxhcSlBW^VEh]zyJf]rhjSCTUrJPYeQs`oNCooEbadeRseaNqOTemqrZuTN\\cmytELIhmwVrYQHFhl\\kQwYJQgGiwoH[bdyoflMg]t[ut\\L\\jmlIs]KgTocYFZlyouQpRSZw`pOW\\^Qo[ezJCycEYS[qInaDI]FyLWKWSpdCOnKq^oy\\[bvqRLXysdnmPLOyYRcE[crMVaqeIdTUpFdabPhAzL^jCrnD_LYLLtArkj[kVmqOPZwJbiXIecFPEHK^mmFwLHIvElqsoweMUOZcud\\qoPbcnlmd_xydhuCIRAFqs`ThytuphbdJQPHw``HSyNTryB`[LRRt^fyPvteurxvwTpSXmGclsnrfL]jxT[dWQjffRsBfvN\\BRW^JiHhFiaAkoSDYKhaWT`geKgGuFwqfRpToy`OMm_hjiuryoc[OgEimktzCAnAmkVYyyP[fYTeprwvPpIF^\\bzNHbEFaMMy_vzT]sz`HppS[tunxjMri]QIVLrXKUEMHfQwxcnwJaVfmgnNgQHqzUQBfrxQBbUmlcLocyqVwQiIHeVjYdluNNMmVPRFe]ubLcuJ\\yfh[lujgIuA\\OsXq[`_WYZThklZVGw_kMNZyD[\\S]GMVQeWd]kkDWnD`RzjA[U`LVPPBZZnADLtSMxXGVpsVM\\UYKtgDk\\sIaAAAVVKDxkzKtkSUccfe]JztvqqamjPcSlmMxWlAfoY\\]J`ZaS[IpNfWAGF__eRN[WsIyGWMrfzhl_XmRXz[PHnFFVLrRM\\B^KBFRW[ZvOQJOxf]iSNGeqyTdnDdu`ueJyKa]S\\ux`_AqdqHkjJyzVWgMi\\_Tr_WTfAQnEzVrSJESy]AwvsLVwfob^UorxbFAHgLcaTfjnHgLRUNL[bXyTAXzLiPkL_ukDDLRRXWbN]cpzcQJGcWVKHhGOLXrEv_OMvINIwuDLqlrYcAdYGdcI`awWECFA_^RxTcD[CAKhTKUVqigKnZxSwGhVLrEtoChSZtEAxJVFYupVMa`WWvME`zBNviOLwRsQ]BvxdgNeEstBQSIeSh]tpcm[rqEPuKIHB_sLecnkiczhFzwdadtPoz\\tP\\FmbykujlAm[xAjumLNdEUrt\\jQRtTCDywJ]AJksFyUzKJcdJUBoOQKGNtFOZcpYxj\\BqNud\\U^GArjSGhI_ROohlCOHD\\Z]JvB[hbmv[YTtnEGVJnIl[QGjuoPoyn`zvAwEpOf_uMEtuvuhwsxQShBspS`tSywhsTxmHB`uIerOMNoztcrFpPhOyDP^ilMvPWAbxH`vSDIiqngc^azjHqscfjoDmBLWYvzpMNCmCwnmHzYLXgAIm]oY_XvNS\\IQrlPunqWP_MgKDF\\gRcgFBDdvGaRoRoZbn]vVj^XaQkeapeUYwPwkoDPoIUoN`byjmFWbKFwnLFoQYDG]LsrBrjmkMGNViKBimunkNnOrSJ_jOzVFNSBgkwsCSgVDrbFBEG^_PVOYdzjiLD\\MkHHWIUxpCkXaYKzlD^eI\\rpsEcClNJrPLISkZjsjIh]`yhAZzyehYTktSPS`RMcssHVPrPRUfuAnVQtWcdlO`KqrXZXKXSYvFdgqSkbkhPC^Sw^CVvxi\\TSiR^sXrHxS]EildDErBBbPHT`[wVo\\UkZlRy`osKsaRkBNOlYSrGgZmCayyX\\]S]xmew[e_PyrJByXRRMKx\\dNDAzOYbp\\iWNpmPcRRnocIoQkEIghKR_rtkiexLMw[]JnoIfCivsJgBFOjOKPuIQWrVwCaxTFarHff^wv]dyPYVKreZvjBwBRMmwYMd\\kbncptZdMROnRJBy\\LEXHCeEepqZtb^isHOifmVyLqjXmJkILo[NIMUixjyzDzjenauJvSSjpFMQSNR\\FhOEGQ`gn`kwoWvLGEdMObNs\\lXDAEVkY^uVlf_^AOVVbWvZJAKOdEM^[WcVt\\fjKA_Q]`Z\\aGMALrQFqxtzuGGTQWvVCId_cgKbrexdaih^sLRcG^`vcgoDuKzFeEZY]hY`gjNMzQYLZd[FFSP_diwwrHghesz]PPBLnmvWPTvSNdeRjuASpuook]h`CabHQwvJbPRSWsPPmeiO]VxjsggV[N[RFWUiloBQi[j[dhvxe`BGnYChdsPeQ`iUpzNA_a_xdXaBf^FLlilvLU_gTgFt_WAImVeeZvZEBD]VsABGmEtbonJ\\\\bhr\\eYMXXPQs\\lpPguHrInSfyG[^YTzMJIrObdWeQy\\lkOQSDRHsBdSoUM]^yjyDQEjSubiD^]bJSbukqI[HMGK`qDtVGsgbAX[f_xX\\dDV_CI]nRlhpOrrKuJ]riSwepAJuGOMskz^Ilf]hbFEVLrSJaQlV\\amQGkjCybhC`pEPTjZOhpPdObZyhAUp^qWKMMBAw[izYCqWmCprr^hgQJC`RkUyNr`iYuDGhYSNGQKMlCMeL^yzIktCK]jMFkla]HyrziJYL[`AyqoO^jmks``hBAwLiFHV_ejdEVe]T`ohKtETh\\iVxBhxcQqzmxjFTK\\UHKJIEQWSkr^Iwc^NXmY^wlAo`fkVqjUAXjM^S`QheUMkmhDJZ]hblyYVJUdZaA]B]^kMVAus\\ksb`PCrbavTBnOZRrTywrHesKOPxroZbpFBGqqtRmrzEIAjOQv_hwvedNjUBmtkm]lLhNT[AZgKzH`jK_BhvPlft\\XsH\\r`sHNcWoCBx[^OPle\\izK^lMo]lGSLp[S`bHRstxSV]zj\\l^WIqwKHRUnfSkqQ]qM]HygIZmbkhoBl^TkNkJUtQLNMTf`JGBsfnMTnqNiDUZ[]TBIzzdaT\\SMwl[onNYefvVyQzxX][Q_qkktR]aJ^[`J[AWCWYuqvpoaxDszCMEsKnVLAa]RgPGLVM^QduADa[dBwJwOebGRWhygeKCqvdKfidLl`cWHLASkKTPqeOgFIpoiNqfYsKHwPxSTyKjCLzFWVN]QvLLhxF^so^^iwxOBsV[NBwsZ_etJkYSzUU]hyZzK[[_\\gAFNkD^AnPPyTmISLTIWK_Tc\\bCYWPmbYWm__gZgvSMFE^TMRgzGRHQIg^mJAEd^]iawzen_u\\\\sRO^xNqHjQfPQGdrBtQgqijcVwXMgt[MqgXrYzovKwuMqZQqVnlfdpeKcfHAqd\\qpYYeimYBFU]un]lwgaqtHpdBBMPnsoFa\\EXYAfIdUkaPSkXFtKTPmbizpXc\\^fJQOvYjFTvBYN_XPTiQpJth[pntVXccDgFjaPAXSiA`PSr`DRk\\jRfUl]pYI_ThlTylIpqATRyHJUYIyOqDhGtlBlxEZbOnUSovUGXN\\jIYS_KXDh[uhQAeZMkWrmalCLnq`]orrdcxy\\Y]aaAmHTFESK]HWAViJXVHkUrbtcDEhCgyoNpRloeiFj_VAg\\qNtoaGQlMjZt_QAWP__TIKEwUmgCBp\\bMHMrnOFs^\\dcSvGYESOr]TTgJxZoZOkWNrgXDJdBYfpha]dZgNxjbeFsnahqoRYPlMU[OjVujNYq_gFhTAHMQBpdmnd]]mMHN`vUHJLxsCzTLPUH\\A^oJMyjXli[FsYwAQcykl`KoKTNB\\Y^Z\\B]PYyBaMwW[krzeCTugVXk[TzzskivSKAerwhcSbY_oJjESUdyI_qEDQBwYzJp^BDPjNHiVkbFxtvQdvg^HjmoUwaaulJTXcAnFZUFMvdXwlGKVlS]SfioOOvmhaneaOhVtIKJbbQMGVsdqVLJYhAmuM_q_bYfHyqhDlRMaIvlU]htWSwRVeMtOu[gdTfAIfEI_K`EEydPlOYX_f[MeGQ^mxZIQedM]vcjY`VLmrMWAwHA]DIytZVCUaVblXo[VXmqfizzQPZnut]qpZfN\\fSDaaUrJoZUDlBdJQUnDIhezcH\\E`lSlayjEjQEUIq]pEjJrsg_ErJTxiDyZtndCGd]mR`[APZvRLousydLtMOuWfmVfSf[UMZi\\MW`TM_oYOBmuIF\\PckpsjFH`JoheyaElFZfbErgi[]HdA\\]NJLm]dpmGPzJYqJZiwAojZtLkDHYMy^`iR[[nncIPg_SEiOsQCZgAgnnQzCY]X`Il[\\GVifuUr_DvbHCpPIK_r`B_hKnlJfsGWadNH]bX_SIIkriszdNPVeuvZci^rJLMfw`A^pinamA`Wtop]ulaXdllgin`nD`UHv]nShVKv[icdV_aosBxYeoCLnTpBJz]NfX\\WA]o_afxuIIRJNkuCcw]G[c`UaIl\\MVyxDKnVNYrzrHCfCfoYEZeivUvXx[yYt]hmJUGDw`pKF]OS`uRvUTWmlPBiOVYmZZGVZQ\\i_l\\`e[dYFdsDICD`FvBuSYpbGCkgWtsOYdWdsrHQgcce^VeXVaQ_PbVGvuYckwCMkde_f[hOnlNjpKDlXSRpdUzrOQhyY``jaWtukFlutBk_TfQlqhKXfMdWdnQVmiqOL_IZRJASbWwbd\\^czwHkUHDUn]QxpWIKL]So]rZhhsqPQBnIPhVqbFuE\\ofosD]LNlVHIiFH]ZD\\RnEljHhHARdGcOTiLfpdVfB_ggAbcNTHBYmhkuFkVVKwHP_tVXwreZFgl`ECHG_mx\\EJ\\fyR`EOA[FWWHGLLR]^cSGvKpDcOqYygLVXjYeR`LFMgIhvBuT\\\\y\\qUkn\\]\\zJBHkLmi\\mgKxXNuPBIIbU]x]hj_CzeJpE&quot;,105)" methodname="GetNumberOfCharsInStringTestRandom" classname="Open_Lab_03._10.Tests" runstate="Runnable" seed="1684445005" result="Passed" start-time="2021-10-19 19:34:08Z" end-time="2021-10-19 19:34:08Z" duration="0.000191" asserts="1" />
            <test-case id="1025" name="GetNumberOfCharsInStringTestRandom('S',&quot;K`Y]ISYboQBEd[[lSUufgEeC]Nf]H^VsLRkjdgzOvvILgevc_sq\\JaOFvVzvgwZRvItRjlIgVfklvYVrSDxOgujeCeoOgEcy]rQ_ldsnkJG_q^K]zIcdzKeBZOOFwuAQDlPDIrGiKJ_]nKo`[RO^\\yzRMOF]VnrqIp\\EOGUIBuYpgINOZjeef^pEmxrtmeTWShTyjkQUxF\\b`JfEAqCfJMKfzWRQP\\WXaC]ypO_jYQhaBO`dSmsvbhNF]hzTZAF]jEA^ggPlRTNs`eekqix]c\\psoX]HPLPXLLqwOBwg^GdO[UarCO]lCctOOHiPJH]GDphUoh]pmRy\\rbYZqeEAi_VcRciGSg]We^KehMDVmhzleYWgiPZ`C\\X`[FCLzV]FocrUWomdbjOB`eysMBXDNxTIFfJbJsVWLtxBbCQu]pxTNVzqGJyxxYsqPiOleK[iTsqggwRKl^aXzAujgT[AtXYmAGmsn_PRVPzV`TJJsoM[r[qPo_FQjZowZDfaKZWMOPCkA`KSKQIFLyuaQ^DOZycv[Dv\\idzYXzLcYFOOUmGYRjk\\JFPhVHmPhHPxdieaRjhMmSIKOpuhrJdkS[SdTRDQMvvRqQffI`HcC_irxFZaNFX^^`eJVAMzgWzqWqUxJO_RBBiol\\gOs]DG^XoQf\\PHSHvf_r[Gk\\WybF]\\qqYuUyHJTtTyCDSiyXzuGDQtBa_XGE`XvS[pCVmUAmRf_\\DgIizJGcUna`toZjDOTvDkd]fdeeuUlfU`]rOYFVQTxgP^]yuQiCRdYTDfCW`]hACvLURc\\fJyekmwNIGgjdfiTkGJncVjpofweTSIgSpDtTziaHYuPtnEVTb[NHpsP[IqEpRtpyzWoboAkYcfK[ZwAbbRmrv_^wnZKJdlq_ERtWPo_ako`JhpALp^OAHyD\\trnVpboqpgVIDeSmmLGGzUPyYzTG^pWFOY]XAJlIAiTBZsILL\\Ovrw\\`cpwqNhTAQPteHumc[yGRAO_aqIvCb[ORwxpLNuvSUTlJy_EQjf\\tqK_UQWAFmQYpBbhJFaVaCowh^VbSEeTvzU\\lY[uqtq`EuvIWquLIQurBOrrvoiBHx^phGwlef_gMOrmbMK]JZLfF^[^adzCLpYGXG[QtJb]lOenWFPieLrhmrkJgZKAg][WplV[mtcAritqsgG\\UQYzxkU`WQe[ybpPnNxfkowkdrpDxtRzSjgVE[ZFWpE\\OHBQseDej[l`UhWGuQc]zfIPv[LSorOvk\\\\]p`KTqgPryGBWESKGMb\\dymVYZkprMqptMtQVFOgTWQQoZoO\\hIiIzs^DJmuFqXfIRIKKCpAxvIMi\\bze]UKDHgtTWMLTUb]zeI]QeDZsIkMrgobcmPd]McAfPqopdgdUgNESFizYuSuXZBhbfdbFxzmBIrBnOdO]HsLYkO]DQKbuhdLNJNKzF^Wg[CKNgLKRDYQaqOqWG^pnYsU`foeBYPXd]`xiEPXEAQqPTeXuWosbicOchfcsbIsoBgEQRISrGknHBELBWjeeWputRUAYh_]rXCOg`GdO]B\\ypGbdZa]s_NXLlLzwHtKbOwjzq`\\QFVIVTwDKnXyGCeSKeCuUGhHcqtjtWbmuEMmIFCrpHoIkvE`dd`UneHJYO``[MKoMeDBqsJEcKFNR_XgmTGPqMyQxCTua^XcwAwFrCjlZ\\mc_urtrsnGGuyzgnEn_P_En^QRcSojdVpUZVlCL[ChkR\\BCxYExwMKxhpBeaR`DD]lFd`QCCcEMqU]BOPftkmhIfXlakYfJ^dgokwZXIBvUIxGTTzWQfgSQocZLnkSdxujNihQRpNljrTzhQYNkCU^rQWzI]NdXjRWNNtefiE[XvdZ\\cmuV^bbdXswShIocdTz`wl[XnbBxtFvgw_`kSOuHjnqVwSx`Psnbdt_qR^bvaekRwQVJdEPVYspJvF\\\\d\\hARUCCAiYohybFD`YfxowLcYIlDVvMCGREwjzcNSJvf[hZQkGVgp^p`\\XtLRzemMmbh^JTaqYeeBaHlj[TOa`Nc\\_[RGWwT_IYiGmnampqWtK_vQI]qfWLg`zLyiC[Z\\QGsHZfwhm]ljqiRA`ByuGiIxmJGbosjVXvcEgnq]`Jst[wiQuyIB]_VcyvUQ_VsumWSvGMTlK\\UwpO]p[qgpjits`AGlZayKQyGEenKheXqAKYmjY`piiCKD^ZWFGcSd]KfrIYKhfyLSssiGNXStlQ\\OoCbLXEbCFN_AmvaAUICjrsLelPrjQYsMiXDFqzPbXINeTiTSqR`cNlWwrwZHNrlgVRRVs\\KUs\\RieaRDw`tysPywBGOu`IUaXaPBWy[VHKkmZiRQfWLiynnFTVUlMQokHlREQPgxE_qh`M]SpyOJwgbdmKiBejIrVzeiWMzVkNd[xFaGsBvOBfn\\KhRGbeTUVyR`bowdytYjCHggebJdouqkMJ^iutoFtOFynA`DESPIMDYCAf]z\\ka[HbSXQNiFETpnCisdBF_]fi^Ik\\iPXpdJieqMhHmrdKDtOfASmsxWMEpZEKhp`YiPkfFXrgwuSgs\\eeuF[V^_rNwdoXH^[xSK]oIc`c\\FwDD`MUo[PcUKvJX^i]dZ`YZVUhyq\\R`stXcnJXX[dhNscHPSWftDzCa^ehL`VyyyC]Q_adTRFIqrLanMYfZpY\\srqFJ]MrEeiPqFrkmmSbyqLiRDuyGj_IaadZi[[rFNDLJwkhVhtg^q^CfHnGbNlVF`jP]XCSS\\]lnz`VSNcZqsfjCbnahTPr]iFdN\\KyfbUCUmPgbXoTeR`NuzMvd\\eyLePEtvIqCenO_dVQRHzP`vNKIsjNOPUKwVqj^KmfPxRz^QjRewd]]VZPWEvBMucmQdSJmfnHVTzbeNgsJYdSgshavaSYOkZUV_itx`_yI\\GIVsfJYDrnRPGYvlNLSUteteMF_mudtfJLl`KDvJAKtfDFYQyLRTfoc\\Pkg`efIOufFvgWbKPIUilNbGhOojR`zVcPPZXW`UCelXA^dbeHD]ZtkBJ`rVrZwUgkSXHHntdzfG]JGKeNEK\\]vj`NQr_J^ciWlPLMZ^TKtZNd`AZhldUmsJocrtrwU[]DYGXqzYnbqRd]\\viPXrYuOv^b\\cUafXqYxKLYcdiSqnvbaSHwKb_^Ccp]cqVWDMvZ\\K_QkQhnIFD[AwBI[YWEsSWUViqmORPds\\GVnrLutlUw_U]goMweqqbInJuB[v`rq[c_qfVdN]KHy[qBMJxBVemBuxcdwJZyL^GDmxqJqTXUgZKTTtpQx^\\LiaesDmgDCLv[TnOOToLCNYV[mOQDUJBhBuVLTxGEhTR[^kAaeaxJSZyPLJFo]cjtKOYYXCvVhGUtHvwCOjYnLrVbwGAJrRcEeYPPRbIbfc\\LEFIPMCamJviStq]RBl^W_QOjfhlgarHdWJ^qxlwolquikxW[ErauEFhorZe`RtLSnEwkTgTQoifiV`ziQRcjRN_R\\iz_GX^rebvfAfGY^PFV[zYR[vPAQ\\BaafPfgpJXLnDneThfKKMBIIq\\QhELI^aIaVFVW\\liFiKgwehGNdpGPzYXonVykyPhMvNPOSOjZ^wZxK`fAyx_i[saxhbcGmxGZ^ZBWYrvVFhmDyZeOjymAlzmChSakgdg`qA[k_PcGCJcmG]yOxTWoLFi^gyiFQLj]AMNyytk[VgycWzvKTSmSMrUkSxD`a]pq[GluPAPEdwY_HGHhC_myYWQJr]gBqLusqHIQOBuTCijPZpdLqW]CkqYDqcCnUONYC`izyqYAdYwjhAjBt[LZisIAiE[fyHzo[QMtHdNzx\\YRujVpsBttCojKXiQtVnB\\ZIOWnqtPML]MZrFzjfmxOFlgbC\\ZTUdJZxrm\\yBCHdhqS^lacRKkBENUXbplU[wscSm]zT_kdkpeYuUERvrCKtIVj^UtIQhhgoOzkObOmZHQOcv]NlZZcuhiJXm\\yebSDIydfUTCUcPklrHHcsgXrNElG`pS]FQIroNGeSrsXXFAfxxSQetGyK\\pDM]F_BaORGswdB^PAnzZIDGJc^CrMJJhTYCXplUWqqj`EAiPHdFLKBhzGS]ByiBHwLdLyF[PZdcRUbFconjdEy^RlCR]OSYIpbctW^QCJqlbYVf`NuMKyXDxhR[wnxAGK[\\nyMLQ^h[NNwtVXmPUGNJX_eLFDUOLqfWxtsaBivhQxpklYE_AhfAxREOUAGNIZOXb`v]`MOfK`s[itZgzpN^KfYgpdMAci`riYJM]czoZApYYda[aZOTLkNwHOgvAND]ABmQkNKWqZEKpAOLCl[IZLfxKMENvDoMwTXWrPkTPr^mgDHGA\\sOnvCoVoF^Iw\\merN\\csTnBHsbisQHFyN[KaZBRdADKMKTWkIppf_IHFMfC[F^_xYKiBbEXLKyrQdpw`Lyk[RZZFSETnzq_^`MnzfVJDXe\\`Qr]Xj^PHmDfylci]ldMU[TlWBxupogDhyto\\cvE]aWl\\apOCggSnXGFxGFWld[SFAyArnNup`knDcPqMjrIIUPProrV]`TtGEf\\cpWPZl]OhTBUqPKClRJlliICvsYQMrhzxnOXScjWrAc_n^_MVQHpuuktgTTbTMCqgBXDAmjJcntkFdPYULvvjrFCCUkyOIDfylsmF[LcbxNHAAoDEvMHQGGowUAgCkvZjOmTk]StzTTlexCCahuTvwUrfEpk[``rCnXmO[SbcTHxmVJySxFVqc_ntuighbY[n]jr`QoGUSkboXEQurY][KB[OesTlfuAvhKQfSYBJyA^rxy\\qYlqJwzc\\OcuX\\VjXjgHNoecYWT\\K^cRgW^StEryhboXj_ehdRGIQqOCoJYmc_XyfROAyCpSrh[fzNstmfstW[ApI\\_kgFWJKqlYPdjb]nQdWdCbR_Axf_bLQYs^^EgmRQ\\J\\ZeIvQXdKXZ`YxYIEZ^fO`HqlMDXH^SFItFrtsBVHyBtyTEag^hrnpuwRnWiMz\\gFUX_saOMXI_P_OrYI^kdq[RSyIaG\\SIH^Unew`hFO[ZfQfXDvxajPsqeCEajAIlFzXmJ[N]cpeUVAgCTl]K_mZrf_JcrzyFGjUfssNci\\yte^[eVBMx^yMTa`HfRfedr`OffAK[^u]DoaNHE_MqmAcH]BFSlcRDqUCEPoyUrm[d]J_zSzbmYoqqxGJevrjucZMZ^IsP`rzAayfS]FAlB_eC_MHIfUZzC`ADxF]JHRNboqQy\\qHprxtEpKvRBjdKXAxAxcVXdrdjQCNhvIhoNeHFgwOmKKHYhCJosPAs[kLAUJnmxNVsCoxnssTBUdMZjLCOsZofHoU^YGk^I\\pxoOWsFWvAwy_r^mRIG`t_YjkN[[VlHptsnPe[pJJ]^ojIP]zgpcWdbR_E_IXfBKtGFgDOHrTxVXAeAbyy[jw`ZQQ]kawgl_\\TudDdYl_yOZNKQuEwKZKRNUhpVb^buhLrwhjX_U`iKxRzCGLq]A\\RTJFavNNqNxDaNWNcLgXpu\\HPChnOVhEuLt^ncI\\QHi\\NukmfsdfpcfXrBp^O[y\\asIUTt[ACKHiLAuVSvHVmCOS`]flmeNpINuUlVYmYcce\\xMrHZLSTcj_eqorNjNXxR`yGadw^VxJZdrcQodSZv]a_Wkvbb_iUKhKYNlbqOpye`EAzMbZGvyCoz[jpiVvqPoPwgJCDC]KF_vySjwUAFcZLfVZnBlHttHVkoDSC_WEYowQD\\XGlAvlhUDQRkOBQUQMX`O^feR\\i_BXiEVSdfWtxWiVlnASQUnD^kt_Nu[Hi[CITfcMVvXeyXOBrslsdzKUkxuyLqFjLOK^T`CGKnxUwIFG]shUIb^jPhYWleB_qiZjNlhRqfhqCpYbro\\TJkadk\\NfHfUamZ_OiVskKV_^thhZPq_xIhUFHqzm_BKKQHDcRJs]vkIoMDkDnnVQHXYEEZGsWGMILUMmdEIFxBCX`asEFwylgtCtjz_rDzGo_zcrrxZjePSFUA__aCn[I\\]RRSDeaRCxvNt`xBMI]OGWbw_i[AQAMffC]R`_upJTNUKHGza`pextVGkVnUJ`ABlPbrCg\\iNhFnIMmXc\\[lLbimhWaKlafdSLdu`PwtEHXPncx_cWmiFPqJbpKgGQwhC][xcssT`ahDKYyFYCcVox^DU[SkEPnnKkNRHAvj^YJ`bnzJqFNEibsEyWcIaIOPnusZKgxYGsrVoy]b\\JtzBjEcrITlXnJVKtlhu`yKHpxqk^QzuAhWOONEpPbBTMATi\\KuNohvKirMlOrUsTrXFmGvggrfxwqvpdHPSWmFTlMaXBSbXNJAVcNvUPOawCxNsvWHGcB]alDUaa_eUQNknqaMWMvDHMIRoyh\\eK\\pLhZd`tUnkdLgoN[BUKlugyUTcmactCAJoX`GWxh]rIS_A]]a^fG[ZbINSGAmTlthdCrWhUfX^PC_fqSGPzFNv`kNOSnQwuIFOeuyeFtJAjxJ_eb]nu^UggmDSdIVaV\\cGwPAvU]JGvNMcajekR]CWoZbsrfAx^dfNUCbUbbZYTOkZ`\\mu^fPsZLS^hHEj\\LcSbyO_HPIjDdD`iITVtGZrUmoIjDh[^jwIfXraMNmO^`ppImp`niqUlkypKGoEciMTgvuQQmJfTLUowzzxOHgotbWuZCWGZigoS]INs_OB`LBaWJsLGrp[BXZF`zrOWCLf_`][qlEjsfPiap_PJLzcsLmuCDitgAe]zWCqhYUVmFbWIk_j\\bFLCcmSmcXnCLCsAnjKmickrepndWmS_zXFvZZWejDEBbSbCjWUBUwnzUUYnyiWpFODnxwaTS`De^jPROkuzXQKCeFaFBdfBgPwSPnEmpBjotI\\fEG_OoWXoDBIsW[SiuCxOmxC[fHKWaVI]dvBuFXMQrHONfMWViAurKNsGEDcgMBOhtgO[ZYd^phWfippYkph`\\QRWCvqBo`DptaUzyvvQXXC^qNXPOKvXTiMcUsY^cbiPdblH[q[ptXIEOo`p^bneeg]KUmeF^YhpimtP\\QoYjG_vaHTaScABoEfxEaniLVR[jSW\\uQTNmVu^HaeNYEnvXgAdHwKu^FMUpDMNksgCPnOZJHp_v`QGbWDCRnTxFYjgIahEUX]`YkfdYbZzHgyxpFmYzJvx_ixqDbRd[kK_DkirkZekTUqZ[mrCoOEK]`AknpaqPq`W\\[uEXui`_KdKr^WRkOoLgzC^jyEuto[^o[xzsneta_gRvqsPZOGABUk\\YWUZqngjjFWX`WYxeueHTlbtFp\\ei[\\Zk]b\\YLDmswbp[[jCqIWGkcIho\\TBSBBPewhDpx_YrsOWJlYeFYo`DUjHTugxrCZrvRL_nfNsexPrTl^DCivuM\\MPM`kuQbbpYX\\raur[KvvFFsocWduIG_eZFvROvTcCWZZvQg]Hr\\kQaGKUlH^hgZjtnBmecc_qTsjfYsRkGnQeoTtylx]npvVxk`IOus_PxtxhX_vtqnatIEFZInsfFkBY^mutjDqNOBhuVLbNBdxCU\\ogZiFGAtJMs`KfdCJmwSfGXLExMfd]nzDBxOZBxjNVs\\CqBvdzZKFCqhPOeIuUPgYt]JhUdIoNEQOvJNvQCeCctAKPzKWpptFLCJTsOOWRVsxaZTFWMeSfeqz\\yXVYlzXLKDtAuDBnNkMBCeqgEAcKa[bMJrtqtx`W[mWVZF]Ic_XtdxYUbiTlWNek\\hqCJLuQLqaQN[Mz^[cBCicMZ`PKdozNIfulP[yWeHimWIGG\\UOwfcinEedewkgXqTHca\\jC\\LXuAqpQZIiO`DcaxGhfrU[u[RvDB_`AfL\\ZKnnOpSLnBXrnlbeZnELGl^ZiulOvchdUcIVKTYq_JgsDZIRZtFMaAUihTEUDEPKTn]LcMZGVOgxEeWPlZpB^[CTN[hrOEn[t\\_PwwjNZzrSTWdDwpcdOOhtlJxI`csR[LDdFHSokcb^djArreuY\\JLfnf_nzairGarHSAxp^nsggJQBIGRuhZpRzYpZd_pJukWDss_qgFviR`ydV^etPnKhkaHuK_LzyimwmNJQb[Ob_Hz[[LEGtvtH`jSRkefIuwkcnBrIUURp_cJcbhZzZFFCofWDuraxoGhbXXhYUwm`dEcxakkCKgioqhnIenN]nUAXvbKJABf^TaYkCZ^KH^mIYskjd`naiQlPDKBy`aCJBK[QPDFLQDUQcszCq\\a\\NEpDoJgrY_fb[dGNX[[aZcQev\\gKLyIDzbvwUX]GXNmmYmpylleWBABfoLHT]\\gZWbbshKsAyTJMp_LJfhZZUlCzaQIJPJevaTVrKxRbseYhrppQzyhoCNFe_cSXBjkpjNf\\IUyiWrajTUIl[sKR\\qsSOkTcet`JtdydJTHfzzXLhVRJZaxJ`ZTsUSNXBWD^RWqjW_bGk_R\\YhftZJIDwVeZPFOqGjedvutQ`bnuzqYAIr[ghTyrNzbwmW[QQkzBuha_oVUsWNEFxdRXfcJmlmVwSw^IH]eOqXG\\RvrRzF\\Au]zJFCehbNPIReMrrLltcqO`^qGkkrnfQVBqxUDErxgdIyJhjz[nUbYENZfOwuxj[drwcVu^IgBfJeW`hYBkXzRjxwd_ioIxzxJ`GMETFxfiamucCGb^sMS[SHzgmVoT_DfM\\rY[Uhe[TcJKBA\\bNfFnfjMzNYbkISK]HiHLiHJKbrGjypeluMFsysbmeZNvGuRBYgDTtQtG]uLnc^AYoppvMR^OHVaPtNEgaFRRlQsdTzWEgoJHYpHQEWoGJoM_keMOp_M^Mig^xMbMuYcSLYqEFobJQKIxEUtjnIOHbgvkJeTsocMkMtSRnIJBwDMB`jZcTsZmJ[l_^Gv\\[jViyYlLBbweyNK_ZtK[Kk`wIZalHonhNhaNh_DHxNblwpnwPNEev\\QkKZa_rzDNoOXRgxqvpC]xJnzSgd]ujIlmXqDOy`QyKTxhY]PRXJosyTaWZNrN^J^f]euqucxQm^mpqRuKUK]aTtnDPgolhC\\ApRLnbYXpL_G\\akaHShtSgxRdrqbOnMckCmA_GHcvnhUpnS^_GgYAJITsAbwlrJBzwWYnkBBLEx`yc]q`TDHGnbatYI__LrEdgUsWtjnEfNvLdUP_lXYoBvMVp`Vc^]ANtvSOeZfdPD[afUPDsAnnZPclI^bUULaJMhSiCBtSlo_x[fj[PRj^jModTbFGsRPE]RTyCbBrG\\CfleQ]oGEC\\D[AtjV[vnZ[_[[JSlYiPsXNKJsiRcSlNMcZqTETMbvTBcGQJHKDiVndfMqjqgJS[iMRrBSygE]iwEMbCb`JYPCrZzoe^U]`XcsSVpYIpLWdtEgbAOhPHzuLfVrsMh\\RcxRTLtMMIWUMsZxV&quot;,148)" fullname="Open_Lab_03._10.Tests.GetNumberOfCharsInStringTestRandom('S',&quot;K`Y]ISYboQBEd[[lSUufgEeC]Nf]H^VsLRkjdgzOvvILgevc_sq\\JaOFvVzvgwZRvItRjlIgVfklvYVrSDxOgujeCeoOgEcy]rQ_ldsnkJG_q^K]zIcdzKeBZOOFwuAQDlPDIrGiKJ_]nKo`[RO^\\yzRMOF]VnrqIp\\EOGUIBuYpgINOZjeef^pEmxrtmeTWShTyjkQUxF\\b`JfEAqCfJMKfzWRQP\\WXaC]ypO_jYQhaBO`dSmsvbhNF]hzTZAF]jEA^ggPlRTNs`eekqix]c\\psoX]HPLPXLLqwOBwg^GdO[UarCO]lCctOOHiPJH]GDphUoh]pmRy\\rbYZqeEAi_VcRciGSg]We^KehMDVmhzleYWgiPZ`C\\X`[FCLzV]FocrUWomdbjOB`eysMBXDNxTIFfJbJsVWLtxBbCQu]pxTNVzqGJyxxYsqPiOleK[iTsqggwRKl^aXzAujgT[AtXYmAGmsn_PRVPzV`TJJsoM[r[qPo_FQjZowZDfaKZWMOPCkA`KSKQIFLyuaQ^DOZycv[Dv\\idzYXzLcYFOOUmGYRjk\\JFPhVHmPhHPxdieaRjhMmSIKOpuhrJdkS[SdTRDQMvvRqQffI`HcC_irxFZaNFX^^`eJVAMzgWzqWqUxJO_RBBiol\\gOs]DG^XoQf\\PHSHvf_r[Gk\\WybF]\\qqYuUyHJTtTyCDSiyXzuGDQtBa_XGE`XvS[pCVmUAmRf_\\DgIizJGcUna`toZjDOTvDkd]fdeeuUlfU`]rOYFVQTxgP^]yuQiCRdYTDfCW`]hACvLURc\\fJyekmwNIGgjdfiTkGJncVjpofweTSIgSpDtTziaHYuPtnEVTb[NHpsP[IqEpRtpyzWoboAkYcfK[ZwAbbRmrv_^wnZKJdlq_ERtWPo_ako`JhpALp^OAHyD\\trnVpboqpgVIDeSmmLGGzUPyYzTG^pWFOY]XAJlIAiTBZsILL\\Ovrw\\`cpwqNhTAQPteHumc[yGRAO_aqIvCb[ORwxpLNuvSUTlJy_EQjf\\tqK_UQWAFmQYpBbhJFaVaCowh^VbSEeTvzU\\lY[uqtq`EuvIWquLIQurBOrrvoiBHx^phGwlef_gMOrmbMK]JZLfF^[^adzCLpYGXG[QtJb]lOenWFPieLrhmrkJgZKAg][WplV[mtcAritqsgG\\UQYzxkU`WQe[ybpPnNxfkowkdrpDxtRzSjgVE[ZFWpE\\OHBQseDej[l`UhWGuQc]zfIPv[LSorOvk\\\\]p`KTqgPryGBWESKGMb\\dymVYZkprMqptMtQVFOgTWQQoZoO\\hIiIzs^DJmuFqXfIRIKKCpAxvIMi\\bze]UKDHgtTWMLTUb]zeI]QeDZsIkMrgobcmPd]McAfPqopdgdUgNESFizYuSuXZBhbfdbFxzmBIrBnOdO]HsLYkO]DQKbuhdLNJNKzF^Wg[CKNgLKRDYQaqOqWG^pnYsU`foeBYPXd]`xiEPXEAQqPTeXuWosbicOchfcsbIsoBgEQRISrGknHBELBWjeeWputRUAYh_]rXCOg`GdO]B\\ypGbdZa]s_NXLlLzwHtKbOwjzq`\\QFVIVTwDKnXyGCeSKeCuUGhHcqtjtWbmuEMmIFCrpHoIkvE`dd`UneHJYO``[MKoMeDBqsJEcKFNR_XgmTGPqMyQxCTua^XcwAwFrCjlZ\\mc_urtrsnGGuyzgnEn_P_En^QRcSojdVpUZVlCL[ChkR\\BCxYExwMKxhpBeaR`DD]lFd`QCCcEMqU]BOPftkmhIfXlakYfJ^dgokwZXIBvUIxGTTzWQfgSQocZLnkSdxujNihQRpNljrTzhQYNkCU^rQWzI]NdXjRWNNtefiE[XvdZ\\cmuV^bbdXswShIocdTz`wl[XnbBxtFvgw_`kSOuHjnqVwSx`Psnbdt_qR^bvaekRwQVJdEPVYspJvF\\\\d\\hARUCCAiYohybFD`YfxowLcYIlDVvMCGREwjzcNSJvf[hZQkGVgp^p`\\XtLRzemMmbh^JTaqYeeBaHlj[TOa`Nc\\_[RGWwT_IYiGmnampqWtK_vQI]qfWLg`zLyiC[Z\\QGsHZfwhm]ljqiRA`ByuGiIxmJGbosjVXvcEgnq]`Jst[wiQuyIB]_VcyvUQ_VsumWSvGMTlK\\UwpO]p[qgpjits`AGlZayKQyGEenKheXqAKYmjY`piiCKD^ZWFGcSd]KfrIYKhfyLSssiGNXStlQ\\OoCbLXEbCFN_AmvaAUICjrsLelPrjQYsMiXDFqzPbXINeTiTSqR`cNlWwrwZHNrlgVRRVs\\KUs\\RieaRDw`tysPywBGOu`IUaXaPBWy[VHKkmZiRQfWLiynnFTVUlMQokHlREQPgxE_qh`M]SpyOJwgbdmKiBejIrVzeiWMzVkNd[xFaGsBvOBfn\\KhRGbeTUVyR`bowdytYjCHggebJdouqkMJ^iutoFtOFynA`DESPIMDYCAf]z\\ka[HbSXQNiFETpnCisdBF_]fi^Ik\\iPXpdJieqMhHmrdKDtOfASmsxWMEpZEKhp`YiPkfFXrgwuSgs\\eeuF[V^_rNwdoXH^[xSK]oIc`c\\FwDD`MUo[PcUKvJX^i]dZ`YZVUhyq\\R`stXcnJXX[dhNscHPSWftDzCa^ehL`VyyyC]Q_adTRFIqrLanMYfZpY\\srqFJ]MrEeiPqFrkmmSbyqLiRDuyGj_IaadZi[[rFNDLJwkhVhtg^q^CfHnGbNlVF`jP]XCSS\\]lnz`VSNcZqsfjCbnahTPr]iFdN\\KyfbUCUmPgbXoTeR`NuzMvd\\eyLePEtvIqCenO_dVQRHzP`vNKIsjNOPUKwVqj^KmfPxRz^QjRewd]]VZPWEvBMucmQdSJmfnHVTzbeNgsJYdSgshavaSYOkZUV_itx`_yI\\GIVsfJYDrnRPGYvlNLSUteteMF_mudtfJLl`KDvJAKtfDFYQyLRTfoc\\Pkg`efIOufFvgWbKPIUilNbGhOojR`zVcPPZXW`UCelXA^dbeHD]ZtkBJ`rVrZwUgkSXHHntdzfG]JGKeNEK\\]vj`NQr_J^ciWlPLMZ^TKtZNd`AZhldUmsJocrtrwU[]DYGXqzYnbqRd]\\viPXrYuOv^b\\cUafXqYxKLYcdiSqnvbaSHwKb_^Ccp]cqVWDMvZ\\K_QkQhnIFD[AwBI[YWEsSWUViqmORPds\\GVnrLutlUw_U]goMweqqbInJuB[v`rq[c_qfVdN]KHy[qBMJxBVemBuxcdwJZyL^GDmxqJqTXUgZKTTtpQx^\\LiaesDmgDCLv[TnOOToLCNYV[mOQDUJBhBuVLTxGEhTR[^kAaeaxJSZyPLJFo]cjtKOYYXCvVhGUtHvwCOjYnLrVbwGAJrRcEeYPPRbIbfc\\LEFIPMCamJviStq]RBl^W_QOjfhlgarHdWJ^qxlwolquikxW[ErauEFhorZe`RtLSnEwkTgTQoifiV`ziQRcjRN_R\\iz_GX^rebvfAfGY^PFV[zYR[vPAQ\\BaafPfgpJXLnDneThfKKMBIIq\\QhELI^aIaVFVW\\liFiKgwehGNdpGPzYXonVykyPhMvNPOSOjZ^wZxK`fAyx_i[saxhbcGmxGZ^ZBWYrvVFhmDyZeOjymAlzmChSakgdg`qA[k_PcGCJcmG]yOxTWoLFi^gyiFQLj]AMNyytk[VgycWzvKTSmSMrUkSxD`a]pq[GluPAPEdwY_HGHhC_myYWQJr]gBqLusqHIQOBuTCijPZpdLqW]CkqYDqcCnUONYC`izyqYAdYwjhAjBt[LZisIAiE[fyHzo[QMtHdNzx\\YRujVpsBttCojKXiQtVnB\\ZIOWnqtPML]MZrFzjfmxOFlgbC\\ZTUdJZxrm\\yBCHdhqS^lacRKkBENUXbplU[wscSm]zT_kdkpeYuUERvrCKtIVj^UtIQhhgoOzkObOmZHQOcv]NlZZcuhiJXm\\yebSDIydfUTCUcPklrHHcsgXrNElG`pS]FQIroNGeSrsXXFAfxxSQetGyK\\pDM]F_BaORGswdB^PAnzZIDGJc^CrMJJhTYCXplUWqqj`EAiPHdFLKBhzGS]ByiBHwLdLyF[PZdcRUbFconjdEy^RlCR]OSYIpbctW^QCJqlbYVf`NuMKyXDxhR[wnxAGK[\\nyMLQ^h[NNwtVXmPUGNJX_eLFDUOLqfWxtsaBivhQxpklYE_AhfAxREOUAGNIZOXb`v]`MOfK`s[itZgzpN^KfYgpdMAci`riYJM]czoZApYYda[aZOTLkNwHOgvAND]ABmQkNKWqZEKpAOLCl[IZLfxKMENvDoMwTXWrPkTPr^mgDHGA\\sOnvCoVoF^Iw\\merN\\csTnBHsbisQHFyN[KaZBRdADKMKTWkIppf_IHFMfC[F^_xYKiBbEXLKyrQdpw`Lyk[RZZFSETnzq_^`MnzfVJDXe\\`Qr]Xj^PHmDfylci]ldMU[TlWBxupogDhyto\\cvE]aWl\\apOCggSnXGFxGFWld[SFAyArnNup`knDcPqMjrIIUPProrV]`TtGEf\\cpWPZl]OhTBUqPKClRJlliICvsYQMrhzxnOXScjWrAc_n^_MVQHpuuktgTTbTMCqgBXDAmjJcntkFdPYULvvjrFCCUkyOIDfylsmF[LcbxNHAAoDEvMHQGGowUAgCkvZjOmTk]StzTTlexCCahuTvwUrfEpk[``rCnXmO[SbcTHxmVJySxFVqc_ntuighbY[n]jr`QoGUSkboXEQurY][KB[OesTlfuAvhKQfSYBJyA^rxy\\qYlqJwzc\\OcuX\\VjXjgHNoecYWT\\K^cRgW^StEryhboXj_ehdRGIQqOCoJYmc_XyfROAyCpSrh[fzNstmfstW[ApI\\_kgFWJKqlYPdjb]nQdWdCbR_Axf_bLQYs^^EgmRQ\\J\\ZeIvQXdKXZ`YxYIEZ^fO`HqlMDXH^SFItFrtsBVHyBtyTEag^hrnpuwRnWiMz\\gFUX_saOMXI_P_OrYI^kdq[RSyIaG\\SIH^Unew`hFO[ZfQfXDvxajPsqeCEajAIlFzXmJ[N]cpeUVAgCTl]K_mZrf_JcrzyFGjUfssNci\\yte^[eVBMx^yMTa`HfRfedr`OffAK[^u]DoaNHE_MqmAcH]BFSlcRDqUCEPoyUrm[d]J_zSzbmYoqqxGJevrjucZMZ^IsP`rzAayfS]FAlB_eC_MHIfUZzC`ADxF]JHRNboqQy\\qHprxtEpKvRBjdKXAxAxcVXdrdjQCNhvIhoNeHFgwOmKKHYhCJosPAs[kLAUJnmxNVsCoxnssTBUdMZjLCOsZofHoU^YGk^I\\pxoOWsFWvAwy_r^mRIG`t_YjkN[[VlHptsnPe[pJJ]^ojIP]zgpcWdbR_E_IXfBKtGFgDOHrTxVXAeAbyy[jw`ZQQ]kawgl_\\TudDdYl_yOZNKQuEwKZKRNUhpVb^buhLrwhjX_U`iKxRzCGLq]A\\RTJFavNNqNxDaNWNcLgXpu\\HPChnOVhEuLt^ncI\\QHi\\NukmfsdfpcfXrBp^O[y\\asIUTt[ACKHiLAuVSvHVmCOS`]flmeNpINuUlVYmYcce\\xMrHZLSTcj_eqorNjNXxR`yGadw^VxJZdrcQodSZv]a_Wkvbb_iUKhKYNlbqOpye`EAzMbZGvyCoz[jpiVvqPoPwgJCDC]KF_vySjwUAFcZLfVZnBlHttHVkoDSC_WEYowQD\\XGlAvlhUDQRkOBQUQMX`O^feR\\i_BXiEVSdfWtxWiVlnASQUnD^kt_Nu[Hi[CITfcMVvXeyXOBrslsdzKUkxuyLqFjLOK^T`CGKnxUwIFG]shUIb^jPhYWleB_qiZjNlhRqfhqCpYbro\\TJkadk\\NfHfUamZ_OiVskKV_^thhZPq_xIhUFHqzm_BKKQHDcRJs]vkIoMDkDnnVQHXYEEZGsWGMILUMmdEIFxBCX`asEFwylgtCtjz_rDzGo_zcrrxZjePSFUA__aCn[I\\]RRSDeaRCxvNt`xBMI]OGWbw_i[AQAMffC]R`_upJTNUKHGza`pextVGkVnUJ`ABlPbrCg\\iNhFnIMmXc\\[lLbimhWaKlafdSLdu`PwtEHXPncx_cWmiFPqJbpKgGQwhC][xcssT`ahDKYyFYCcVox^DU[SkEPnnKkNRHAvj^YJ`bnzJqFNEibsEyWcIaIOPnusZKgxYGsrVoy]b\\JtzBjEcrITlXnJVKtlhu`yKHpxqk^QzuAhWOONEpPbBTMATi\\KuNohvKirMlOrUsTrXFmGvggrfxwqvpdHPSWmFTlMaXBSbXNJAVcNvUPOawCxNsvWHGcB]alDUaa_eUQNknqaMWMvDHMIRoyh\\eK\\pLhZd`tUnkdLgoN[BUKlugyUTcmactCAJoX`GWxh]rIS_A]]a^fG[ZbINSGAmTlthdCrWhUfX^PC_fqSGPzFNv`kNOSnQwuIFOeuyeFtJAjxJ_eb]nu^UggmDSdIVaV\\cGwPAvU]JGvNMcajekR]CWoZbsrfAx^dfNUCbUbbZYTOkZ`\\mu^fPsZLS^hHEj\\LcSbyO_HPIjDdD`iITVtGZrUmoIjDh[^jwIfXraMNmO^`ppImp`niqUlkypKGoEciMTgvuQQmJfTLUowzzxOHgotbWuZCWGZigoS]INs_OB`LBaWJsLGrp[BXZF`zrOWCLf_`][qlEjsfPiap_PJLzcsLmuCDitgAe]zWCqhYUVmFbWIk_j\\bFLCcmSmcXnCLCsAnjKmickrepndWmS_zXFvZZWejDEBbSbCjWUBUwnzUUYnyiWpFODnxwaTS`De^jPROkuzXQKCeFaFBdfBgPwSPnEmpBjotI\\fEG_OoWXoDBIsW[SiuCxOmxC[fHKWaVI]dvBuFXMQrHONfMWViAurKNsGEDcgMBOhtgO[ZYd^phWfippYkph`\\QRWCvqBo`DptaUzyvvQXXC^qNXPOKvXTiMcUsY^cbiPdblH[q[ptXIEOo`p^bneeg]KUmeF^YhpimtP\\QoYjG_vaHTaScABoEfxEaniLVR[jSW\\uQTNmVu^HaeNYEnvXgAdHwKu^FMUpDMNksgCPnOZJHp_v`QGbWDCRnTxFYjgIahEUX]`YkfdYbZzHgyxpFmYzJvx_ixqDbRd[kK_DkirkZekTUqZ[mrCoOEK]`AknpaqPq`W\\[uEXui`_KdKr^WRkOoLgzC^jyEuto[^o[xzsneta_gRvqsPZOGABUk\\YWUZqngjjFWX`WYxeueHTlbtFp\\ei[\\Zk]b\\YLDmswbp[[jCqIWGkcIho\\TBSBBPewhDpx_YrsOWJlYeFYo`DUjHTugxrCZrvRL_nfNsexPrTl^DCivuM\\MPM`kuQbbpYX\\raur[KvvFFsocWduIG_eZFvROvTcCWZZvQg]Hr\\kQaGKUlH^hgZjtnBmecc_qTsjfYsRkGnQeoTtylx]npvVxk`IOus_PxtxhX_vtqnatIEFZInsfFkBY^mutjDqNOBhuVLbNBdxCU\\ogZiFGAtJMs`KfdCJmwSfGXLExMfd]nzDBxOZBxjNVs\\CqBvdzZKFCqhPOeIuUPgYt]JhUdIoNEQOvJNvQCeCctAKPzKWpptFLCJTsOOWRVsxaZTFWMeSfeqz\\yXVYlzXLKDtAuDBnNkMBCeqgEAcKa[bMJrtqtx`W[mWVZF]Ic_XtdxYUbiTlWNek\\hqCJLuQLqaQN[Mz^[cBCicMZ`PKdozNIfulP[yWeHimWIGG\\UOwfcinEedewkgXqTHca\\jC\\LXuAqpQZIiO`DcaxGhfrU[u[RvDB_`AfL\\ZKnnOpSLnBXrnlbeZnELGl^ZiulOvchdUcIVKTYq_JgsDZIRZtFMaAUihTEUDEPKTn]LcMZGVOgxEeWPlZpB^[CTN[hrOEn[t\\_PwwjNZzrSTWdDwpcdOOhtlJxI`csR[LDdFHSokcb^djArreuY\\JLfnf_nzairGarHSAxp^nsggJQBIGRuhZpRzYpZd_pJukWDss_qgFviR`ydV^etPnKhkaHuK_LzyimwmNJQb[Ob_Hz[[LEGtvtH`jSRkefIuwkcnBrIUURp_cJcbhZzZFFCofWDuraxoGhbXXhYUwm`dEcxakkCKgioqhnIenN]nUAXvbKJABf^TaYkCZ^KH^mIYskjd`naiQlPDKBy`aCJBK[QPDFLQDUQcszCq\\a\\NEpDoJgrY_fb[dGNX[[aZcQev\\gKLyIDzbvwUX]GXNmmYmpylleWBABfoLHT]\\gZWbbshKsAyTJMp_LJfhZZUlCzaQIJPJevaTVrKxRbseYhrppQzyhoCNFe_cSXBjkpjNf\\IUyiWrajTUIl[sKR\\qsSOkTcet`JtdydJTHfzzXLhVRJZaxJ`ZTsUSNXBWD^RWqjW_bGk_R\\YhftZJIDwVeZPFOqGjedvutQ`bnuzqYAIr[ghTyrNzbwmW[QQkzBuha_oVUsWNEFxdRXfcJmlmVwSw^IH]eOqXG\\RvrRzF\\Au]zJFCehbNPIReMrrLltcqO`^qGkkrnfQVBqxUDErxgdIyJhjz[nUbYENZfOwuxj[drwcVu^IgBfJeW`hYBkXzRjxwd_ioIxzxJ`GMETFxfiamucCGb^sMS[SHzgmVoT_DfM\\rY[Uhe[TcJKBA\\bNfFnfjMzNYbkISK]HiHLiHJKbrGjypeluMFsysbmeZNvGuRBYgDTtQtG]uLnc^AYoppvMR^OHVaPtNEgaFRRlQsdTzWEgoJHYpHQEWoGJoM_keMOp_M^Mig^xMbMuYcSLYqEFobJQKIxEUtjnIOHbgvkJeTsocMkMtSRnIJBwDMB`jZcTsZmJ[l_^Gv\\[jViyYlLBbweyNK_ZtK[Kk`wIZalHonhNhaNh_DHxNblwpnwPNEev\\QkKZa_rzDNoOXRgxqvpC]xJnzSgd]ujIlmXqDOy`QyKTxhY]PRXJosyTaWZNrN^J^f]euqucxQm^mpqRuKUK]aTtnDPgolhC\\ApRLnbYXpL_G\\akaHShtSgxRdrqbOnMckCmA_GHcvnhUpnS^_GgYAJITsAbwlrJBzwWYnkBBLEx`yc]q`TDHGnbatYI__LrEdgUsWtjnEfNvLdUP_lXYoBvMVp`Vc^]ANtvSOeZfdPD[afUPDsAnnZPclI^bUULaJMhSiCBtSlo_x[fj[PRj^jModTbFGsRPE]RTyCbBrG\\CfleQ]oGEC\\D[AtjV[vnZ[_[[JSlYiPsXNKJsiRcSlNMcZqTETMbvTBcGQJHKDiVndfMqjqgJS[iMRrBSygE]iwEMbCb`JYPCrZzoe^U]`XcsSVpYIpLWdtEgbAOhPHzuLfVrsMh\\RcxRTLtMMIWUMsZxV&quot;,148)" methodname="GetNumberOfCharsInStringTestRandom" classname="Open_Lab_03._10.Tests" runstate="Runnable" seed="904243257" result="Passed" start-time="2021-10-19 19:34:08Z" end-time="2021-10-19 19:34:08Z" duration="0.000477" asserts="1" />
            <test-case id="1026" name="GetNumberOfCharsInStringTestRandom('n',&quot;ePhNXXihhzyavHkFBwnSVGB[GlfhSMX]aADLdV`tf^LNOc[N]nYBbzq^NNGgmBV\\c\\AvD_\\fWthruoL^QXK`nVuaJ`yWOsHdIkfnc`KyRmeiRycZBcWUqphMaZm^aEW_lDjKJYvkNMNBlMOKx_Ug]nnSCYMIngXNVGwNPYQdhfGecg[ULbaCjkByQWHkMmxaoAfeQAv_OlyqgIkWxsxLGV^eExxtR`Xvi`pbAqDKgCnymLRIfkmUol[Z^A`SDBMiTDIGTIWHom`Eb_stgoNanDGwFWEzQlHepFfiCLo]UfaBMWrzIggOoguQxMBwEWqCfuO\\tKr[AkMI^Eki`FreFsqJLUlqJrYxo^WRIVFxpLODZmms\\TXy`MwmEFQ_YAQISPUziZaJztptenjYbtUqZ[XbadMCEb`ouFlKYnKCmNygXDIQVsw`f[irrmZEM^FYUAz`C`AojSDL\\lK^\\vgMezI[WtTfUFpPIaRWDdOqrHqTW]WFbvdQqtnUs`IILU[d]oDu[o[shqU]IoDu]OEY]`YPmx^_[Fe]hMqcZ]fm\\kdA_RLD\\OgxQBHxVoH^RvXbMrpwy\\[zcRxlvYk\\lZDMZgMfFtMeUI\\`TCng\\PFAngUyEWCxDglrsKH`fKrFPqf[pXXteDz\\UCZmRNaiqOaiWehJuOBRYAkwBtJgzITAgQ]pkUOYdIOAPxELkNyWCiDUS^lXEujivaBGIrZ`zciPmkhDpxwlKwxyMI^NdqUjZaFivyDsoYWZznbcphcGxx^ydDtzULwJOypMeyIruDwla^yZavXvONl]CHFsFD_d\\MLBxVxq`kLuBlYFEZZZoBvANTJ^tPmr_TPTSx\\KxbV^Cq\\QjzofeFp[RKneMZxPyTVh]EnHyO\\NfXyWstot\\GMZ_pBHJqy_dG_i\\noeMhgVdcotMXlSfDnrGvJgCfxHPxd`tPuFEKho[qpwAHulFgtaSgb`eHbaj_GgyPAx]gN[VzXPFMgvlLCdECNNhV[xcHFvkJxlHxPYYYLTPRZX[gp_]]cwBnPHLQsNu\\`wPvnnweLgruyVvD]wSbZNaBjUhIMHaxYnm]H`sBcsRwEHptLInvvTCRVNLZFnXDGu\\KdZvwDQybwewc_oxDUeCFl[HuUYwo[NqKgeQmMqseU[UkQduRqTj\\sVZIRBceUKHiomwu^Kr^mXlQGWdk^exG_URQKH[LONPJTgw^hAnf]Lj[dJCvYsHjNAKZ\\fjVkfP_IcwZZFC^rRdSeqgBF_nVG`vS\\]CCRYvrwLSBNc\\TpdsvXrpeyiQLstYcgdyxCALZWmWZ_fn^DZa]gAvehYDcHjyCmjUde_QoXZ`f\\WFTunIYTwvgiTPexcRgoTgpQKs_JlEN[QIRSjiUb`jqniuQOgroIsrIjQCjudPcriLYLySNuwFOdqBbPcP^uPEbZzbBgy[xQHyE^]FPTduMnc_sO\\[SUlicddzLXQbv\\Hy]rwEn]zJQUsoq\\imL_Id_ZW\\u]tsDCykgeCBSWhpUcXNkpIki^VXT_ZD\\\\KQdGGOVIHMYh[prSOwBIkETJK`gbWHKz`rMXMN]IrchwRADaaBP^BSkFwZwabomzCZHdd[GA[sQIXXrJ]GBVsgxNGG[mRwbDqhustZxFvPDIBci_cmD\\mWHV\\u^]zTj^RNSj^zQCJvZddpL_YwK_sGRZ`_Wyw[Gb``roPyBd]ARqw_mgjyEDJKfLvtKzcRGjpsDDyWOZvaCso[]AlkPxVDYVuftWoBBKucBE\\iiTkeIcHmW\\WJNrCITmZiJS^rft`rxLZX`CCwNkvpNHOYAfoJImPOfn`VqtzPCQoLBydKpFvcrd[BDEqAEWjLwKmm^gGTlfnxSDWBBeTCrgXBS_SlCzKgadOqMrhJzbrLq^iAipy[DgUPmlZyUVQl\\GWjo`pJwKDPpMKopRCNAkcuOzD[XioeQFjjHzLIAo^sdFZaafJCSDll^\\\\o\\UmOVYyk][gqGuNLMkRJ`^um`mSNUyLg^WgfCP^KGjDFyTwXp``nKSOy[zidGkW_PASjNbJwMHCqZonLpuXoZX]LHiLCatDVS`qyANJOVdaCPY_fL^nLTbFr_Hb`WGVSDg^uypLckJZqqZvjK`qDGrCl[yZtgerPNNzcudhWRL\\JIOAELrVqPRMLdm[zVRvGSJcc[Spas[luWtdLyUipOBzwBnzIJiAAQUrygXesBpxp`SpkJOAAdGsQKgbgThWK[leCCe_akp&quot;,38)" fullname="Open_Lab_03._10.Tests.GetNumberOfCharsInStringTestRandom('n',&quot;ePhNXXihhzyavHkFBwnSVGB[GlfhSMX]aADLdV`tf^LNOc[N]nYBbzq^NNGgmBV\\c\\AvD_\\fWthruoL^QXK`nVuaJ`yWOsHdIkfnc`KyRmeiRycZBcWUqphMaZm^aEW_lDjKJYvkNMNBlMOKx_Ug]nnSCYMIngXNVGwNPYQdhfGecg[ULbaCjkByQWHkMmxaoAfeQAv_OlyqgIkWxsxLGV^eExxtR`Xvi`pbAqDKgCnymLRIfkmUol[Z^A`SDBMiTDIGTIWHom`Eb_stgoNanDGwFWEzQlHepFfiCLo]UfaBMWrzIggOoguQxMBwEWqCfuO\\tKr[AkMI^Eki`FreFsqJLUlqJrYxo^WRIVFxpLODZmms\\TXy`MwmEFQ_YAQISPUziZaJztptenjYbtUqZ[XbadMCEb`ouFlKYnKCmNygXDIQVsw`f[irrmZEM^FYUAz`C`AojSDL\\lK^\\vgMezI[WtTfUFpPIaRWDdOqrHqTW]WFbvdQqtnUs`IILU[d]oDu[o[shqU]IoDu]OEY]`YPmx^_[Fe]hMqcZ]fm\\kdA_RLD\\OgxQBHxVoH^RvXbMrpwy\\[zcRxlvYk\\lZDMZgMfFtMeUI\\`TCng\\PFAngUyEWCxDglrsKH`fKrFPqf[pXXteDz\\UCZmRNaiqOaiWehJuOBRYAkwBtJgzITAgQ]pkUOYdIOAPxELkNyWCiDUS^lXEujivaBGIrZ`zciPmkhDpxwlKwxyMI^NdqUjZaFivyDsoYWZznbcphcGxx^ydDtzULwJOypMeyIruDwla^yZavXvONl]CHFsFD_d\\MLBxVxq`kLuBlYFEZZZoBvANTJ^tPmr_TPTSx\\KxbV^Cq\\QjzofeFp[RKneMZxPyTVh]EnHyO\\NfXyWstot\\GMZ_pBHJqy_dG_i\\noeMhgVdcotMXlSfDnrGvJgCfxHPxd`tPuFEKho[qpwAHulFgtaSgb`eHbaj_GgyPAx]gN[VzXPFMgvlLCdECNNhV[xcHFvkJxlHxPYYYLTPRZX[gp_]]cwBnPHLQsNu\\`wPvnnweLgruyVvD]wSbZNaBjUhIMHaxYnm]H`sBcsRwEHptLInvvTCRVNLZFnXDGu\\KdZvwDQybwewc_oxDUeCFl[HuUYwo[NqKgeQmMqseU[UkQduRqTj\\sVZIRBceUKHiomwu^Kr^mXlQGWdk^exG_URQKH[LONPJTgw^hAnf]Lj[dJCvYsHjNAKZ\\fjVkfP_IcwZZFC^rRdSeqgBF_nVG`vS\\]CCRYvrwLSBNc\\TpdsvXrpeyiQLstYcgdyxCALZWmWZ_fn^DZa]gAvehYDcHjyCmjUde_QoXZ`f\\WFTunIYTwvgiTPexcRgoTgpQKs_JlEN[QIRSjiUb`jqniuQOgroIsrIjQCjudPcriLYLySNuwFOdqBbPcP^uPEbZzbBgy[xQHyE^]FPTduMnc_sO\\[SUlicddzLXQbv\\Hy]rwEn]zJQUsoq\\imL_Id_ZW\\u]tsDCykgeCBSWhpUcXNkpIki^VXT_ZD\\\\KQdGGOVIHMYh[prSOwBIkETJK`gbWHKz`rMXMN]IrchwRADaaBP^BSkFwZwabomzCZHdd[GA[sQIXXrJ]GBVsgxNGG[mRwbDqhustZxFvPDIBci_cmD\\mWHV\\u^]zTj^RNSj^zQCJvZddpL_YwK_sGRZ`_Wyw[Gb``roPyBd]ARqw_mgjyEDJKfLvtKzcRGjpsDDyWOZvaCso[]AlkPxVDYVuftWoBBKucBE\\iiTkeIcHmW\\WJNrCITmZiJS^rft`rxLZX`CCwNkvpNHOYAfoJImPOfn`VqtzPCQoLBydKpFvcrd[BDEqAEWjLwKmm^gGTlfnxSDWBBeTCrgXBS_SlCzKgadOqMrhJzbrLq^iAipy[DgUPmlZyUVQl\\GWjo`pJwKDPpMKopRCNAkcuOzD[XioeQFjjHzLIAo^sdFZaafJCSDll^\\\\o\\UmOVYyk][gqGuNLMkRJ`^um`mSNUyLg^WgfCP^KGjDFyTwXp``nKSOy[zidGkW_PASjNbJwMHCqZonLpuXoZX]LHiLCatDVS`qyANJOVdaCPY_fL^nLTbFr_Hb`WGVSDg^uypLckJZqqZvjK`qDGrCl[yZtgerPNNzcudhWRL\\JIOAELrVqPRMLdm[zVRvGSJcc[Spas[luWtdLyUipOBzwBnzIJiAAQUrygXesBpxp`SpkJOAAdGsQKgbgThWK[leCCe_akp&quot;,38)" methodname="GetNumberOfCharsInStringTestRandom" classname="Open_Lab_03._10.Tests" runstate="Runnable" seed="836485963" result="Passed" start-time="2021-10-19 19:34:08Z" end-time="2021-10-19 19:34:08Z" duration="0.000130" asserts="1" />
            <test-case id="1027" name="GetNumberOfCharsInStringTestRandom('Y',&quot;DKWixOyuhzWJ]aoApx_UYnVnini_k[QnTZNAPtiFi\\^[V[a\\q_lmRZAQpcAKa[KNjdqDTnkwPZfwPuYNNMiLi_]uYxLhs__OQQlme^ICno^snDAuJmxUmz_KGveWcDDkuXgzJgckDfYuBeGVwQ^GaK]RmafismZjlmxWXBl^JNQGadJ]oPZSaxJkuUMcBtrRLjIOhkxv`AwTtVlIXItdSHIocM\\CoI\\PVzur\\upER_naAqr`dELtAOyEaUf[OuGW_gyu[uh]SpRnTbnmUwZkxcPHAqQGOUpWXXCUrwEiXjaKwLkybtGS\\WZvWquedaNyzvVw`YuXslTNCFKpFR_VO^vByGyBC[Fq]cKBpoZIyi[kDLtRfF_RCrj]zUyZ[tVYf]lZuJzRsVXaCLxnMhVxvnoesiB[pziETCEaZZW]FMZg[JZoWLMn_X]siGbMI`]shSMAHXTnQssiUHKjONDenvav`LrSsKU`kayHwZgzrY^f`n_awsyu\\rEmmR[v`AuF_SxnJCmoaEmUXuWmhQWAMZEt\\MVfzl[r_XHMpkXtGJTXFkUruiNOeutEOESwgGppevqAnJwxt]uCFgnlr_kQ^LMd^CykX[MzU_nJtTElmQVHArybRbFIV`RYiN^kKL`YPuibtdr_[z_MqEcgDWZqVEepMV\\gqTablwsGIXihjaiVAFbdeqgoliCLQtU^ILhGZw\\uM]^gimHoVOoHnrBzgmpCtgpPDK_^tcwEdhXITAFybOqCFNkQKiZgGYAagOd^NdvnRk^G[tgggr\\fpnJp[NTLIPxLgq\\FXckySDkVjdqRBnAPxVksEnDzPkeCmS[dXbODG^SmDoGqXCJUOhOQFcAe`kicYicXIMt[`wJZDxpPgMcMaQnFEK_oad_VojUVMiiKIipS_oMHnlxSI\\BIu]TyiFuvXneTd[Cy_XEs[[aPxWBpgLNThM[jVj]DotulJt_TizokXJhZvDBSDEPL`RgWzTcovADbapGErhHgX]v^`AnRiJzjeiLrNHTUWzoXGGtGxw[VxcoDVIrz`RGlATwseOrkUmQXh_XZHhTlidmBtI\\EPUpEtDWmJB\\jFkBLSXVrkYsrxVCWbvy]mm[zwL_eHePFMefycai]meUr]xH^AALNCywTQCOHtkjFImfTkEoAN]jHYc]zEAeHZCDNhSi`SbdCvOikSnnvMKAaPpvh`PDsFcgGiYfXWOifshMJumgQMivOB]ysWAAC_kwTbcBuHV`x]UhbclnmcmgWgYFM[nBVOgHIltcSlmJrJxmgoWQfNNZlE`gJ]pZUUJiqN`qiJ\\BqdoNigYXD^VHBMVELNZpvSo]APvZP`b\\mLdIPSx]DYWryBhdr[e\\kfG^oSNZkzH_wtVqdNptPwl^wx^ycSbpuFlHEFUxF^mDQrvEgqAeflLotcaroOrYYRdqIOl^tromJhMECYRlRxKJuxN]_]JqgUfyOEwYF^lnwZeMW]oVwFG[HZwLBPyWiyFpCNpx]tgoMWM[SBFCintbNLroIlXq`UEyUpJIgqsCZSOkN\\szJvivE_bqWBpk]pPrSNG^rxWruqHvwGbgsXhdgJuqOSmfBHadCWYAVVIL`qANWfuQ[JsFIfLJSPP_LlqmQ^sahbQ^O\\EqJgZcY]KsP[\\XLPhFGeAnANxsmTctsUqgbUAgqgFjax^qC\\VYtKXe\\QpvjbpFtRzvdopqPAPZ_RNCkHpQyJzixMLR`EwOqApOybMOg_JtuxFJCmLcl_GkSRxWc^RKEBc_]yDIubeZAGnzHCPmsT]RtEvhdpfINyotVahDiDhJugkM_yPaO_Sk_QfXCW_Fw\\MBRteaULDpfTXMUjJf`FujgDVEuQAS_cNZ[iveUiMD[]ELtZDTNt`rb^VN_agEKlQDFymfo_RrsrOJyJK\\NhFfDWsxThGnCHsjMBFvhX`ibiyjOLOUVKq^gezjFpRGY^oly`xxEPopHWDVXIiHYlYrQUCbCWpsFYPEtNkjORQGWBWPaeRxGKigEw[e]WvhZwjjGz\\KXytG\\S\\PynAXErlvjdzwnGNsWcgZSgIbIHaIQbLm[KfiV^dbLnz^z`XQkBktfCxReYOwRceIYN\\c[_]tyEO_hfcdkPYPrRGYNTExOgQcIrFlEopL_quboYezqfMCKUQGHCUH[`eSofVqaq_vZMlAX`epjFHcZNYnayeBZikzMbmICoYzHRcydQicY`XVXBsaNcPbL^\\l\\lopm\\mvgH\\If[JQPCduQVbKiLv[_qndpr]s\\spwm]iQakvmYzRJub[FJdHa`SWpTrSnxRoWMgHogQdyQJC_`ejOXWirlPX[FtxiXHpGLuwOZgZszIQWQsQiIEWadwfxOhinTvbITvTeh[olxprdyAKNcO`SlO^OPyzmxf`EbHCU_gAhPfcnECyO^[KEVOXEYFUj\\BnSQnBrxpiwOsCFgjJNAkP][[iTjywZRRMNsQ^RAHQhmOq^LSYivHikmQrpEhHzsOfwgoNVMrMsZbkMeLIX`O_Kc\\\\bZhNSzRp^curWFD\\DupQLaeLs`kZdk\\TKTfw_ettIlMejUmS]m[PnKQBp]UnPrLnHagCZGwYAwIZTA\\_nYxrPLaADdHCQGeQaY]IhjsVqCOqBrioApAquU_wAgzqztIuRrsu^SrD`bANxjyLvSC[GnWLuaIBkBWwtT_JynQhywQSTRyQhnvhqhn_\\hAxKqT_LETdKoNIBV]K]DrcbrTwGiFL`AiRmT^IdmGOxVGtanf\\LdBYpYWS^WX^zIDJGwVisUbkwcfMlZWTCdAwzP\\UxKfMVdPpRwmdXxdrCQ\\MmJbDAE[VIHJq[BkijUVSTpuphmvEAItjoPbndbLRJuhJmwJWMvIhvJtxOlVOIVUzO[CLZxEHJEIYIkCld`rFALneWe_rMxIo`ivRtxwPqA_rA[o^jefc^PyChXppYNvMvUt[plrfccOzhwevpAIbRaQPjse\\IHqdFRwfaUixmAAuAzVkntzXFTuUDelwGW][lftVAyV[SKoRaWOj^uiPHZ^mWbcwdmrW^`JVFzko^`Fu_dohVBYMiNSSHHyYWYr`SYoAMtd^JtlcTdNnmubbTeiQMqNyBRYFh`bGpo[\\XvCo]kz_uLg\\rPLik^oWgf]s[gvnBGyy[FKYctn]riDqexNYUtWRzEplYKUpoL^nMiAmFnFqjS_ycfN]Y]ZHkgyVQYzX_yhgKQdwx\\San`bhaqJnxsWSlWCajf\\hniSlernSCQ`xJsTLFQpZOMZgbVunNDMRzfnFMpCiDrkgSZItDr[YpCYaOfKPxzEzENy_EOyPOGWW]nTINBkWcn]wNMqbfnlDmkcF[doosKKjgBE\\RCCwOiWQlBQsXXe\\VTdlLOhdMw^YdmQLIUPckpoEURUYSwW[`jTTXSQDUZjSKyhylFjDHCka_`XtuOQQ`CstZxnpEMORF\\uVeVhNMTT^znosvXJFIYnHGn_nRtyvnY[DfBO_bDDLjUugJvuhDIJgimPqquvTVXjaSlMuIe_FVbXltseWzRsfPnVslXhgHkqSfTUYiz_YeDRGU_xyQ`TD`EQ_VUIkwryelFF`_LhzmZBM]O^N[jWcWmmbCpCUrn\\mFhVPYXZErTRGCEBHquQN[WNyT_^iJTHyxOHptOoDPSkD\\g_you_w^ORiZXwuulu^LSIoxMObGMyIfK]gA_uOpL[jxYV]SuI_XMrI_kAbgwqQPJDOuPuVrfiArYr`qmPLD[kYTUIP^TcsUJZnVHbDAngm_qRFt\\kuhfNpYevaHer^CpghyDJjKMKQnyu]CCWCciLiweVlMBvWvJjiKdHqSAj\\[wC[jY^ENpuUexkUhY^IQoUeOMSYvakcykOAcuBn_rIGOVEMtnIt^bLfcYL^FEJhFSVtjkmmWjeZgOVtHG`HXqEX`cYJi_iZh[BvzK^IBV]owmzTCSVz_BQOOxUGScDsAKlMN[twcXGBUQ[ncEHWIjvfJmgBqWqYRdnmAnGbYZWHvOuy]b_N[hjROFC[osGMahjk]impx`xjSokusi_Oscyeu\\_ulgnaSKaN`J\\opjPujAy[UHbFTsTxjFqAKrDRmXWIN^ViNjZJSDut^D`eEhM[qc_[T[exfyISdqMrltsdYKfgKw^GRZMELwSfyvVmE\\^UucQhqisLpcBfxrPXx_fMmEHg_btq_G_xhRlcgqPdaBPcvghHgxpapQcq[dIPpBhjDEygFgkGOCfkp_lrtlKaQyHWivHDhAo_T`_riBBzNiSnfrBvrRVDrHYFwbxK_hZNNGXPAuJskLSbgTlruLLWflhMHZuGEq[`PE`_ZmvxH^SgoqZdqFQS]Cc]ZKHazDnuknSbnMXIQNPIZAXQAQPyaHCM]DFPeUxDjXwB_spehICOnZD&quot;,78)" fullname="Open_Lab_03._10.Tests.GetNumberOfCharsInStringTestRandom('Y',&quot;DKWixOyuhzWJ]aoApx_UYnVnini_k[QnTZNAPtiFi\\^[V[a\\q_lmRZAQpcAKa[KNjdqDTnkwPZfwPuYNNMiLi_]uYxLhs__OQQlme^ICno^snDAuJmxUmz_KGveWcDDkuXgzJgckDfYuBeGVwQ^GaK]RmafismZjlmxWXBl^JNQGadJ]oPZSaxJkuUMcBtrRLjIOhkxv`AwTtVlIXItdSHIocM\\CoI\\PVzur\\upER_naAqr`dELtAOyEaUf[OuGW_gyu[uh]SpRnTbnmUwZkxcPHAqQGOUpWXXCUrwEiXjaKwLkybtGS\\WZvWquedaNyzvVw`YuXslTNCFKpFR_VO^vByGyBC[Fq]cKBpoZIyi[kDLtRfF_RCrj]zUyZ[tVYf]lZuJzRsVXaCLxnMhVxvnoesiB[pziETCEaZZW]FMZg[JZoWLMn_X]siGbMI`]shSMAHXTnQssiUHKjONDenvav`LrSsKU`kayHwZgzrY^f`n_awsyu\\rEmmR[v`AuF_SxnJCmoaEmUXuWmhQWAMZEt\\MVfzl[r_XHMpkXtGJTXFkUruiNOeutEOESwgGppevqAnJwxt]uCFgnlr_kQ^LMd^CykX[MzU_nJtTElmQVHArybRbFIV`RYiN^kKL`YPuibtdr_[z_MqEcgDWZqVEepMV\\gqTablwsGIXihjaiVAFbdeqgoliCLQtU^ILhGZw\\uM]^gimHoVOoHnrBzgmpCtgpPDK_^tcwEdhXITAFybOqCFNkQKiZgGYAagOd^NdvnRk^G[tgggr\\fpnJp[NTLIPxLgq\\FXckySDkVjdqRBnAPxVksEnDzPkeCmS[dXbODG^SmDoGqXCJUOhOQFcAe`kicYicXIMt[`wJZDxpPgMcMaQnFEK_oad_VojUVMiiKIipS_oMHnlxSI\\BIu]TyiFuvXneTd[Cy_XEs[[aPxWBpgLNThM[jVj]DotulJt_TizokXJhZvDBSDEPL`RgWzTcovADbapGErhHgX]v^`AnRiJzjeiLrNHTUWzoXGGtGxw[VxcoDVIrz`RGlATwseOrkUmQXh_XZHhTlidmBtI\\EPUpEtDWmJB\\jFkBLSXVrkYsrxVCWbvy]mm[zwL_eHePFMefycai]meUr]xH^AALNCywTQCOHtkjFImfTkEoAN]jHYc]zEAeHZCDNhSi`SbdCvOikSnnvMKAaPpvh`PDsFcgGiYfXWOifshMJumgQMivOB]ysWAAC_kwTbcBuHV`x]UhbclnmcmgWgYFM[nBVOgHIltcSlmJrJxmgoWQfNNZlE`gJ]pZUUJiqN`qiJ\\BqdoNigYXD^VHBMVELNZpvSo]APvZP`b\\mLdIPSx]DYWryBhdr[e\\kfG^oSNZkzH_wtVqdNptPwl^wx^ycSbpuFlHEFUxF^mDQrvEgqAeflLotcaroOrYYRdqIOl^tromJhMECYRlRxKJuxN]_]JqgUfyOEwYF^lnwZeMW]oVwFG[HZwLBPyWiyFpCNpx]tgoMWM[SBFCintbNLroIlXq`UEyUpJIgqsCZSOkN\\szJvivE_bqWBpk]pPrSNG^rxWruqHvwGbgsXhdgJuqOSmfBHadCWYAVVIL`qANWfuQ[JsFIfLJSPP_LlqmQ^sahbQ^O\\EqJgZcY]KsP[\\XLPhFGeAnANxsmTctsUqgbUAgqgFjax^qC\\VYtKXe\\QpvjbpFtRzvdopqPAPZ_RNCkHpQyJzixMLR`EwOqApOybMOg_JtuxFJCmLcl_GkSRxWc^RKEBc_]yDIubeZAGnzHCPmsT]RtEvhdpfINyotVahDiDhJugkM_yPaO_Sk_QfXCW_Fw\\MBRteaULDpfTXMUjJf`FujgDVEuQAS_cNZ[iveUiMD[]ELtZDTNt`rb^VN_agEKlQDFymfo_RrsrOJyJK\\NhFfDWsxThGnCHsjMBFvhX`ibiyjOLOUVKq^gezjFpRGY^oly`xxEPopHWDVXIiHYlYrQUCbCWpsFYPEtNkjORQGWBWPaeRxGKigEw[e]WvhZwjjGz\\KXytG\\S\\PynAXErlvjdzwnGNsWcgZSgIbIHaIQbLm[KfiV^dbLnz^z`XQkBktfCxReYOwRceIYN\\c[_]tyEO_hfcdkPYPrRGYNTExOgQcIrFlEopL_quboYezqfMCKUQGHCUH[`eSofVqaq_vZMlAX`epjFHcZNYnayeBZikzMbmICoYzHRcydQicY`XVXBsaNcPbL^\\l\\lopm\\mvgH\\If[JQPCduQVbKiLv[_qndpr]s\\spwm]iQakvmYzRJub[FJdHa`SWpTrSnxRoWMgHogQdyQJC_`ejOXWirlPX[FtxiXHpGLuwOZgZszIQWQsQiIEWadwfxOhinTvbITvTeh[olxprdyAKNcO`SlO^OPyzmxf`EbHCU_gAhPfcnECyO^[KEVOXEYFUj\\BnSQnBrxpiwOsCFgjJNAkP][[iTjywZRRMNsQ^RAHQhmOq^LSYivHikmQrpEhHzsOfwgoNVMrMsZbkMeLIX`O_Kc\\\\bZhNSzRp^curWFD\\DupQLaeLs`kZdk\\TKTfw_ettIlMejUmS]m[PnKQBp]UnPrLnHagCZGwYAwIZTA\\_nYxrPLaADdHCQGeQaY]IhjsVqCOqBrioApAquU_wAgzqztIuRrsu^SrD`bANxjyLvSC[GnWLuaIBkBWwtT_JynQhywQSTRyQhnvhqhn_\\hAxKqT_LETdKoNIBV]K]DrcbrTwGiFL`AiRmT^IdmGOxVGtanf\\LdBYpYWS^WX^zIDJGwVisUbkwcfMlZWTCdAwzP\\UxKfMVdPpRwmdXxdrCQ\\MmJbDAE[VIHJq[BkijUVSTpuphmvEAItjoPbndbLRJuhJmwJWMvIhvJtxOlVOIVUzO[CLZxEHJEIYIkCld`rFALneWe_rMxIo`ivRtxwPqA_rA[o^jefc^PyChXppYNvMvUt[plrfccOzhwevpAIbRaQPjse\\IHqdFRwfaUixmAAuAzVkntzXFTuUDelwGW][lftVAyV[SKoRaWOj^uiPHZ^mWbcwdmrW^`JVFzko^`Fu_dohVBYMiNSSHHyYWYr`SYoAMtd^JtlcTdNnmubbTeiQMqNyBRYFh`bGpo[\\XvCo]kz_uLg\\rPLik^oWgf]s[gvnBGyy[FKYctn]riDqexNYUtWRzEplYKUpoL^nMiAmFnFqjS_ycfN]Y]ZHkgyVQYzX_yhgKQdwx\\San`bhaqJnxsWSlWCajf\\hniSlernSCQ`xJsTLFQpZOMZgbVunNDMRzfnFMpCiDrkgSZItDr[YpCYaOfKPxzEzENy_EOyPOGWW]nTINBkWcn]wNMqbfnlDmkcF[doosKKjgBE\\RCCwOiWQlBQsXXe\\VTdlLOhdMw^YdmQLIUPckpoEURUYSwW[`jTTXSQDUZjSKyhylFjDHCka_`XtuOQQ`CstZxnpEMORF\\uVeVhNMTT^znosvXJFIYnHGn_nRtyvnY[DfBO_bDDLjUugJvuhDIJgimPqquvTVXjaSlMuIe_FVbXltseWzRsfPnVslXhgHkqSfTUYiz_YeDRGU_xyQ`TD`EQ_VUIkwryelFF`_LhzmZBM]O^N[jWcWmmbCpCUrn\\mFhVPYXZErTRGCEBHquQN[WNyT_^iJTHyxOHptOoDPSkD\\g_you_w^ORiZXwuulu^LSIoxMObGMyIfK]gA_uOpL[jxYV]SuI_XMrI_kAbgwqQPJDOuPuVrfiArYr`qmPLD[kYTUIP^TcsUJZnVHbDAngm_qRFt\\kuhfNpYevaHer^CpghyDJjKMKQnyu]CCWCciLiweVlMBvWvJjiKdHqSAj\\[wC[jY^ENpuUexkUhY^IQoUeOMSYvakcykOAcuBn_rIGOVEMtnIt^bLfcYL^FEJhFSVtjkmmWjeZgOVtHG`HXqEX`cYJi_iZh[BvzK^IBV]owmzTCSVz_BQOOxUGScDsAKlMN[twcXGBUQ[ncEHWIjvfJmgBqWqYRdnmAnGbYZWHvOuy]b_N[hjROFC[osGMahjk]impx`xjSokusi_Oscyeu\\_ulgnaSKaN`J\\opjPujAy[UHbFTsTxjFqAKrDRmXWIN^ViNjZJSDut^D`eEhM[qc_[T[exfyISdqMrltsdYKfgKw^GRZMELwSfyvVmE\\^UucQhqisLpcBfxrPXx_fMmEHg_btq_G_xhRlcgqPdaBPcvghHgxpapQcq[dIPpBhjDEygFgkGOCfkp_lrtlKaQyHWivHDhAo_T`_riBBzNiSnfrBvrRVDrHYFwbxK_hZNNGXPAuJskLSbgTlruLLWflhMHZuGEq[`PE`_ZmvxH^SgoqZdqFQS]Cc]ZKHazDnuknSbnMXIQNPIZAXQAQPyaHCM]DFPeUxDjXwB_spehICOnZD&quot;,78)" methodname="GetNumberOfCharsInStringTestRandom" classname="Open_Lab_03._10.Tests" runstate="Runnable" seed="803672913" result="Passed" start-time="2021-10-19 19:34:08Z" end-time="2021-10-19 19:34:08Z" duration="0.000090" asserts="1" />
            <test-case id="1028" name="GetNumberOfCharsInStringTestRandom('K',&quot;rajooUckFEkGI^vQLYBEWmH\\eRXFoYCAh\\noOPuDTQYnF^_eHycBBTWEYNJ^w^wgBjZgkHBw^xlFTUVHmnxpqByTFiVAGWHqUllVEsuAxg^DcQkEsClIaGqzlFbBlAqHqvlccADuswsK_vloxQIDfyPNvmeyQsOwqWNh`I]rzrQdOf\\qUnE\\sm\\rf^gqWEdAivUIhEPooQEnigyPQod^onDDuVBB]f\\uNPvSRTIP_PgbhiJy`W`b[GMusQOSCNSJoK`YlfyxfUz_G]WMMD]FFtZHDA[AEqNQw^m^IkMtXcwGGhnVuCFzkNDukXVlLxspHicdjsD\\qdh^xSBWMEGCkN`j[rmkV\\iZjGzXFKgCyeIH``xXWz_GrpEtJsJrFTGUvNoqSdQCYEEGFXKvuVUVxbctBGOMBpwf^oMRkGFmi]inlynliOwkzkXTfupMVEBcHZcRLsKoPbh\\toIDS]^nsMgmWtgqRsXe[FfRW]aqDI[XDvZqlltsaOkvnpuRMU^XKDAoJrgpwhjklOj\\[pE`y_DMVk_acOdjeDNAvehuEEws_zJ_GZrWQyYfznZZSGMhEAFiAi`qIJ[ubLiVazZJXNZgebAHKOcyrPo_t\\^YtBOG_^EoFEtTgCPqaZEYhXfub\\DRWJ\\E\\BQWzSIG^MCGUORoAxx[XEk\\VT`C[mXvcoremsrORxv\\V_`SJOQZMBhWRoAfmGfkoG^aXhCIGjIZJOGroNsM]yjbG[TyrM\\LRLgOByv]MIS]sNNChJr`NZOpXw[wTDQtNxIycsqpSVATfMisNQQhVwxswrrE_yJIsZPuFO[pTBNsZuJKNbjCnc_RAQBkAlQTMr\\Mxonyq\\UTiFYChhqxPGVPuyupNjocktgbYxMZnkMROLcvrzDTvTEF\\MSzuylGhldpZqdk[WJ_uEAjWyxNf[hXoaFMeN`pzFd]cm]AWTt_J`LXLddvA^\\MELAskWFMrU`o[_Hd]xrSbJNPUiBBedp\\eXYWmdQzNggoAWxh]zZDfIfvyl_CVDbN`DKDFkrsgsEu]YOxkT`fKlp\\l]YAFNdKEZPxMublIbWnElZ`^aSB_wDnNjRdSqmZOupCJQlpmo]dVCXzCs^`vbfIW]j]dyYSow`JwWWMo]Pk[[XLSRaZSN_gOhggbPMnVKoZ]NDg]RlYRvivF^KRXzzbYsvPjje_Q]UPfyjFOuwB\\FUTykbDEvWWLNAdSowmgMIpaYQGoFC^CxFS_bQyIb[UFyEYxFnZxJVPx_ma[[OzstUNIiFk_xeEmnkcUsIjSd`scpUzpj_hT[\\MeqQPACvz`Q^JoJMcR_hPT\\fSTFvoZwlRR^y^btjPhaSSSLLf^vVomMtILywuHGac_LsQLjAYpYbnJTzIuQQ^bx`FeqRdwoHaAknHSuZouxyUeGzsyozrpCBbfmgUXX\\AQAmY`spAq]ceyL[_rYfIoQlxjL\\aNEW^\\xDdTaSFyzATZXc[RI^zlSMAPpjUXPmlFFIBHrKQF`JpPX_SdAOFbXmIlDT_qyijNPNUObS[xMtLIWkrQXkWAgKiSAPE^gZGr[bAKKDBhoIU^azUS]NZORjbE_BOSOxQnnUipjgFTijM_qLlAumBYAs`kAwgJpjZrrbjMR`cpHG`c]COSPNX]vsmvoxpnAw^zPVhP\\`jVJLQuTxOxiTtcSxvzooYTkpoLcaTHVyqk_BSkbsbqjrFhDvgS[i[hGVfTXFRneGcj]IDQeLXvMbdsjHHgtAhh_JdIWzT\\aoMdOWKurWhPQ_[`mmdPxftdZvKS`vtfswVYUAeTxNp^SYXzjEVeVD^vudJTLrVv]CXTJBKlHPSkqWQB_Kd[`PQoZZ^lqQIFstAQBDqhue]FlmF_SIpAOvWNmcuj_YuqHMswVAz[Uv`vmLDgUzZi\\Irx^n^YJHJ]jfx_uIISIUgSV[[b_OU`yMVyVvZc]bRMmCMGN`lLqH`H]_bCSwtvnd^]QzIzj`pbCZaTOTUz]IirhN]qUWPahWZJ_jqNWm]RSxEDyNozbuYeugoD^RfSPOugzWo_^GckfX`kIYsGcQznxpOsvnkFHKBECYDbZQ\\[Riy]GEuEZ`kzOHiKIvckW^c\\W\\hkVQgRp_]OqmmrsgfbZCpvjsZ_hlEnF]FfWKiIsYJkfZUWJlrksACUglA^qIeDZiJUgG[ix^jAsFQP_DUvtUvE[lzeJLRkoGQwQAjCRJmURB]a\\kynniJFnEtuHp_lLzLmoTz_TSdkbanYPYJZN_wGwKIMGpu]eBJSqkmHl[Z\\EZ_NR\\fjgF_gCFpeKnY_XHFaW[c`gBimF\\B]gvueJLq`]^QkuHxxCuDxTyqqtGDeXlabETyPsnUMRaDtKre_EkkKXDIiEDlDHLHkwifbJhFOargnuwgB\\_ahBWKAKPKoCQEFYSx\\MDUWe]e`XVnHXjcce[j`_eWt^QMPnaUczKpYKKC_ledo]CXSi\\\\ycXxbg[tUPUmrBLIMuKYZYKntBbX[ttaREWzbNOljRiOWsmnRuKX_CBaXdE`FDY[Vo[meMbzgYjIjwXAPnFai]BODpbxJigfsNscXAIFSLlFTsq\\MDQRysltmLipfeqymDQ]DocOeAN^kwvKzFkFXUhz]yqMRT[iVnSPbUYY[BgxeNJqQ^p`tkaXWRAEyWxRa`IwdfcegReVikUOpzwn^uoeNvtQUU[EEUXFFMNeuKtbGKjgwlOy[Jngk_jimSQSraRTTPIcmRsSBM_CLNUcF\\evbkUb]`scuakatVThdgLIQ[e_Ag]_xiMVvVmcubFNZQY[]xJqugzZQ\\fHGqapDTeMTUe^dlmBaxiABJBC^feRinF[ke\\EAQKGfMHITfNJuxtSmfFwo_SXiT^aOKnyPiAQncVpCtirY\\XlumhE``P]xnYRjatJsPuLxd`KQPtvp\\zMwmf\\^iYjZ^SAJDG\\A`yJbLnRN]oPgUg\\nLUwvXgJqKmZQ`AMJXvP]qflyUOAuIDEqqMyjJactpSXZUAh]cGOZXzxadyaIfPhGhcZTC^zqSWh^OReUb_RCofZrPYFLAZN`fQllaU[EHYHASZRRUMbHxfSCIcEdXoqsIIsxasnMDNuW_Z`pGnqnsGbzyicyQqgSbOsJaTl\\ZUDkkv_jCO^exDABatzrQowNacoPaVPmCVT^CrOCKtvCTCU_OqdhUtKfYqJIGOIhzkbbj^zjexhWstt_NQBklbYILiEMhGvvkODc[nokruCWMom_wfuqNYvXSZWAYnB_ClgeqQD[\\Qsr`CvWv`PCLEhRSgQBWoSDt_T[HIifc[Uw`ErP^zEt^ySxEURKABEhyoyAi\\Pnrd[ljklOoA_WjZauMWWnr^faWhylGrbCkRBu_aNTcCWz^hy`ODoSE\\vUytVCmAIxZ\\gXXfVgIDKoGgDijZ]CCPyOVhwfKLbcuZ`BBaHciIKBRGNSqhTS_GuK^XCkjk\\w]cuhGBhIStTuEwxOZdo^sODn`V_e_WsygN_iL`LozKAemzFaZnQFvyEN_HIk^DevAVOrYPDuXz^iOYBaQxLlGmDiJQJEX\\Rw`EeXlOIJkWhv[VzFFc[astpNS`hHGy]wibIJoeoBoBBjEHOnRDzpAlEgPWEMaBDltlNtNqR[nYlqrFIKQupCyhvw]]uY`c\\nxPpTuVa\\m_CcANoJNuvgLBnMpQWlvsvKxyscPpPvTUQ[eTwPhkKfhobw]d^ezp`tdreCUMuYezTqkSb]THDLiQ]IWwGgRfw^pWqniuu\\plAh\\kLJBBQslTLTU]fYGNHzDpBT\\onZMcVwPpgfkwfPVDm\\L^YMO\\UceBdgjshMOqfJyOD`pAiJcsezDaIyWaKlNnSOLAvsPZA_Yc^x[tXOnLzmXddIjjqigtvKwpToEquJrFb[DK_^JwyCn`rbWnI`dSs`hSAe`cJwQquRCJF`LS_jvsXWxmYRhUa`NBmkKtxamBmwfa_NhdUQnIdovehmKsOvQVEBWVVRUywtG[lXNKeEAQlEXyp`LKWumqgP\\^rROCvpMkh[tP`zNKvAeAdXapGJcBHQo\\vkTSqxUwrhQUgvfWhcvff\\uZlYwlMKcXgXUpgvTxfhIvHLIK_MU`VIp[ptbXBdjgEtiObqjlOxzxSyS`PlNAqDC^btzmTvwCy\\qO^tch]cQXIsHrbBHPWiqBqLhirwXTBxzrHDCWJ`_NneUjlILSngfPepXSMuq`KxVLsQj^zlGrKdNLqxwjlF`USkMSgjJOiyCpOJr\\YhTBaoEBbL\\PyHoFXBtIEXrPcrILaYwhG\\QDm^o^fKk[OuQaKxYNQiXAqDZigs\\JOoI^rkSuMV^thWBhabBcAiXXDPNiEFrmjaLZmnjZf^BuL^TZCmHErsJaXkZb^epG_kJGLbvnrbx]h]M`wngSymuqXfCBUIwAhvV[UNO[qUNPvhsu_tfjx^ImpTj``tYifwomGlLi`L\\d`fvjmH^\\^NDKndeA^ivwv_eztGomhwJmC_NKYznXWxLXtey]GLLrQ_iAAvqgTknaDRHPW[c_v^`xSMFPHRf]lS\\^pMK]IGEgJeUc]jGgcgwmykinqb_BERplpdZKPGVoZtnhs^mXLzuEWj`E_WgbcCbsocmtQwX\\RHTFxAuSoGqFXlVGEVgt[nMWRvsQktHOcYnOV[H^]Un\\M]\\DNgouQ^B^vxnBHebuyb^zxGkeOIXGAkKp[pCDENyEWPSYgFWrms]ez\\GGwKgHGv^LmybSb^pldZcioSxIl`TINaqyiwHuaqx[mHfi^EQPClB`sYSeM^VbbUxMIcdfWvLm]HvghPehPEF]`QFQd^hC\\VtXJY`u[fsGaODk]fxwshS^P\\hs^SBsNIRGO^^OkkNeLyvQMUoyakJnDVIhkhXIdAtXxx\\yIiMI[hRQ`XfI_CS]y_CtVp^CSEALF^SPtppr_BSVDsITBPeahWZZucdTKJqWhGKBEWPiN\\yxLhp^hKBD[Z_iEtUQM]gUKwixhGPeAvTLY\\NNnGgAImvNb\\xKCy]loemPyrpauWD_FSQdgH]GqfLYA[VMJEcBZcWoixOvQFGmjXHPLT_u\\VvJYUP_]cXpnBE^v\\ujsbpk`ZicSGApah`DhNVUhkZhhQyhSeTjZoCuaKdzggLVccPF]BqhG`BHHHDP[AQimRVlfe^]eWiA`DFEBsLRnfdtnvmZGU_fW^cQN^[s_TDjrAcEByNbpzuGi\\yksDVPrCeC[pr^XSn[ctCmSiXIGxpXc]bl_kA[xosoW`dLGjJ]L[_pZLXJfNIuNNZyNGzhST]nANWmFMBWnSLHxmSSTqokfybJFeyAk]JsxkoLpeDZMlGuBSB[ngT]_mHCgNh\\OAgQJSJMyH^jmU^urgHnc^NEJhULdm_cxcLLFqliIp]gJejJONKzFtskncH\\yydLcvmKJSpBvYfnAbv_xKxVb_]Ej[Y^iPkJLQDNs`AwYJEhNFkLgc^oBOeEYh[itSSfi]bj_hgYJBxYZpqejMqFmvIxgypKFRCGqZyk^BhzwFeAQLedqqzh\\MsmTeC`r\\TsyqbAqFHi_qJhQIg[TLTOSUeeaMXsyIH[mmBZeenkjQIfDL\\LxbLgIEaeMxZdiOkWiiv_GMqjYc`BMzbUkLvWw\\ShMXNgKJC\\alwUQxEkl]N`__XNWEt^ST[NWNSjzJ_OaE\\[CMDnGKf[OmJhzzQFQ_IMRjxDeUlbxyyZCxLJBGWIizzdDfkztYyBwPITOAIlZE]PnjeCoGEJIA_RkUzzelh`zx]noruAxeie^jpUAiLmTptwkqduAIHiWxPqMrNwMEL^RuoA_fzw`vLKDaCxOAAp]ANa[yHJ[OaPdVfqCcVVJLI\\lEngoPiLDWAQgO``_q\\RUvaiuLvfeffRsmoVL[UKaULNUVKnDpqTjrGp^FlcUCbYljXtZJUE\\RkAjTT`BHcooRcBgysGimq^mn]fxQTt\\msXGFFJlMaM[meZGVN\\RNVi\\NNwrhbkniSBZLvatiU]LdDAJC`bDscOXJwtsJSDeqYl[czv[hcdst]sJNnoIzhvGEeQOChjWQrVKSaaDeHVQyV^gEjfV^veI^eVxjgYzsMbBHhrhMl_sReHjGdKSCUtVNMghKdUyiWYmn]`WryImXlqt]gqF\\Fx^TMouBK]dW`KvLVveEo\\ELHx\\WmK_nO^dZvYaieUh\\`VrbuiHkLBgesRMOS_OzypICa]QwVwZZndglGt\\EDobMqyadMRVGGh^jMoBXXKVPbMqPf[IZCJwJOvMbwgkDbTTFFw`RsDgsZSeeIRymJvDwkT\\QcZ\\l[RhNslJivqay^EkvRcZeiytfQXUm[OjZcvXHeXlWHPqTVEZgcazAzqC]YBx\\WWOgHHWbhdQuqC^YHaQMyiKuPjZltuicZQAkBKLNhryyPFJwTdVrll^hMTXXhfhnuh[aCmXxUC_GjLeJ`^XP_rrimS^hmoaCKLEcfduaMY^jMWyBjOsKNYODqlnjOjKa]]w_HC_wcrDGUI\\WU]y_vVolxAltpLS]OwNk[ZugjwcWUIjhPXUmlfeGhKaGQeGW_brXvlvucSoznYWoRDdYr`kcRGDQtnVEpLrnQRm_\\ZKZrfSOnmoMBi`zqPGoifBowjKcbd_ARFwYVRkgoo]GyJDGgsxALyqqXV^H[khKOovvmGd_`[ztJvpngEwig^pTPGBzodLEHSsJNHT`OY\\kywh]aj[Woy_kzcggFekvPvmrCf`_kW[NBEUSY`ZEIoQInIKf\\hZeha\\DKqZuKwfX_QivNTNaLgm[eeDu\\tDDxpa\\cRIcF_uMItd^ZOYHZsZBnBYam`YQtc[ijMTvLe\\glaSlA`[N\\veEW_hascpaGdTaYunMu]woXnPNjh`NELpxxVSL_mCcpvaIMlSFlOSyzpgdO[rLCc\\uoVcCcchHZTz]MHAxU[\\qsqyIjiwEvraMZfTrJP]JaK_fqKWHZtqcGfCxW[TugdMcnmDboIoFxSPiRTR_RoeBAxFndV\\jvc]xywsDHoSQFleoVTfDIpcryKbpgPyYhFJVpSjV\\NW]]UwPSRXPjYaGzfynUCXsqudAcPzDdQbuZFVeOS]VsjjO_DWJTwBYq_gbkvhDRUfZqfgtPU`B`BAGLU]_tpjhOJEuYntSfZD^DPYsW]tzWzso_`WWZIK]exKgbm\\]\\MVGy]DvvdHWvjQOQQWtX]t^ObtFFlReBX_KdmqC]\\[qAnavhvVRVbFyTsrXdxqKR^V^LGf_ZTWwBC][AxYJVAOZS`qluYZ`eQ_^XDjaQrrBLJwQWWWf_hoRPwLfPteBurRl_zDxOss_JMNJd`U^BoAx]NN\\rEQWMqHTrLmWTZWgoQICiCBk_HzGqUPRlcFJb]RTFtRYnyJcXUIMELmpCarFqA^^w\\flUNESyoxpkdxaxXj]LDMaqPHBeM]EWo]SSYNKPqNPNxFYdRHZRBRsOFvEFDilStYwHfO`J_MVpwStKiXSFCmU]dDN]JELI]xU_JRyDbQmpwDSmCtXfVgQGDZ^bADz[AMSzyUBWZP^lA`a`l\\[Qh`mqgO[jnWC_RSojkSnhrAMFI_F^tyq_cjn[[]SktSdDMz[ilqoYhmYgTgiHIwqpa^vb_TPOADn`XIsIEXmCJXrqRGGnoKbx\\n^jEsJXbaYeysPLn`DkKofIgEQYM\\[p\\qEdfJDMOU[dzNrYqvzOHrmhIVCzbkLFGcIIog`e]r\\pTCIZNrcQ\\LieDX\\QGEe_JU]WEjeKVVlPVxUFMdmkIueuu_EWLP^YNxgyalU^NXvGZYOGDVD^RtVPkc]afNyGsTCYRV`[PP^kz_[\\QyTpMAGTbWNxPnszZoNGWqphqdNCWfQMHAQhtJusNiquIbK\\W^R&quot;,122)" fullname="Open_Lab_03._10.Tests.GetNumberOfCharsInStringTestRandom('K',&quot;rajooUckFEkGI^vQLYBEWmH\\eRXFoYCAh\\noOPuDTQYnF^_eHycBBTWEYNJ^w^wgBjZgkHBw^xlFTUVHmnxpqByTFiVAGWHqUllVEsuAxg^DcQkEsClIaGqzlFbBlAqHqvlccADuswsK_vloxQIDfyPNvmeyQsOwqWNh`I]rzrQdOf\\qUnE\\sm\\rf^gqWEdAivUIhEPooQEnigyPQod^onDDuVBB]f\\uNPvSRTIP_PgbhiJy`W`b[GMusQOSCNSJoK`YlfyxfUz_G]WMMD]FFtZHDA[AEqNQw^m^IkMtXcwGGhnVuCFzkNDukXVlLxspHicdjsD\\qdh^xSBWMEGCkN`j[rmkV\\iZjGzXFKgCyeIH``xXWz_GrpEtJsJrFTGUvNoqSdQCYEEGFXKvuVUVxbctBGOMBpwf^oMRkGFmi]inlynliOwkzkXTfupMVEBcHZcRLsKoPbh\\toIDS]^nsMgmWtgqRsXe[FfRW]aqDI[XDvZqlltsaOkvnpuRMU^XKDAoJrgpwhjklOj\\[pE`y_DMVk_acOdjeDNAvehuEEws_zJ_GZrWQyYfznZZSGMhEAFiAi`qIJ[ubLiVazZJXNZgebAHKOcyrPo_t\\^YtBOG_^EoFEtTgCPqaZEYhXfub\\DRWJ\\E\\BQWzSIG^MCGUORoAxx[XEk\\VT`C[mXvcoremsrORxv\\V_`SJOQZMBhWRoAfmGfkoG^aXhCIGjIZJOGroNsM]yjbG[TyrM\\LRLgOByv]MIS]sNNChJr`NZOpXw[wTDQtNxIycsqpSVATfMisNQQhVwxswrrE_yJIsZPuFO[pTBNsZuJKNbjCnc_RAQBkAlQTMr\\Mxonyq\\UTiFYChhqxPGVPuyupNjocktgbYxMZnkMROLcvrzDTvTEF\\MSzuylGhldpZqdk[WJ_uEAjWyxNf[hXoaFMeN`pzFd]cm]AWTt_J`LXLddvA^\\MELAskWFMrU`o[_Hd]xrSbJNPUiBBedp\\eXYWmdQzNggoAWxh]zZDfIfvyl_CVDbN`DKDFkrsgsEu]YOxkT`fKlp\\l]YAFNdKEZPxMublIbWnElZ`^aSB_wDnNjRdSqmZOupCJQlpmo]dVCXzCs^`vbfIW]j]dyYSow`JwWWMo]Pk[[XLSRaZSN_gOhggbPMnVKoZ]NDg]RlYRvivF^KRXzzbYsvPjje_Q]UPfyjFOuwB\\FUTykbDEvWWLNAdSowmgMIpaYQGoFC^CxFS_bQyIb[UFyEYxFnZxJVPx_ma[[OzstUNIiFk_xeEmnkcUsIjSd`scpUzpj_hT[\\MeqQPACvz`Q^JoJMcR_hPT\\fSTFvoZwlRR^y^btjPhaSSSLLf^vVomMtILywuHGac_LsQLjAYpYbnJTzIuQQ^bx`FeqRdwoHaAknHSuZouxyUeGzsyozrpCBbfmgUXX\\AQAmY`spAq]ceyL[_rYfIoQlxjL\\aNEW^\\xDdTaSFyzATZXc[RI^zlSMAPpjUXPmlFFIBHrKQF`JpPX_SdAOFbXmIlDT_qyijNPNUObS[xMtLIWkrQXkWAgKiSAPE^gZGr[bAKKDBhoIU^azUS]NZORjbE_BOSOxQnnUipjgFTijM_qLlAumBYAs`kAwgJpjZrrbjMR`cpHG`c]COSPNX]vsmvoxpnAw^zPVhP\\`jVJLQuTxOxiTtcSxvzooYTkpoLcaTHVyqk_BSkbsbqjrFhDvgS[i[hGVfTXFRneGcj]IDQeLXvMbdsjHHgtAhh_JdIWzT\\aoMdOWKurWhPQ_[`mmdPxftdZvKS`vtfswVYUAeTxNp^SYXzjEVeVD^vudJTLrVv]CXTJBKlHPSkqWQB_Kd[`PQoZZ^lqQIFstAQBDqhue]FlmF_SIpAOvWNmcuj_YuqHMswVAz[Uv`vmLDgUzZi\\Irx^n^YJHJ]jfx_uIISIUgSV[[b_OU`yMVyVvZc]bRMmCMGN`lLqH`H]_bCSwtvnd^]QzIzj`pbCZaTOTUz]IirhN]qUWPahWZJ_jqNWm]RSxEDyNozbuYeugoD^RfSPOugzWo_^GckfX`kIYsGcQznxpOsvnkFHKBECYDbZQ\\[Riy]GEuEZ`kzOHiKIvckW^c\\W\\hkVQgRp_]OqmmrsgfbZCpvjsZ_hlEnF]FfWKiIsYJkfZUWJlrksACUglA^qIeDZiJUgG[ix^jAsFQP_DUvtUvE[lzeJLRkoGQwQAjCRJmURB]a\\kynniJFnEtuHp_lLzLmoTz_TSdkbanYPYJZN_wGwKIMGpu]eBJSqkmHl[Z\\EZ_NR\\fjgF_gCFpeKnY_XHFaW[c`gBimF\\B]gvueJLq`]^QkuHxxCuDxTyqqtGDeXlabETyPsnUMRaDtKre_EkkKXDIiEDlDHLHkwifbJhFOargnuwgB\\_ahBWKAKPKoCQEFYSx\\MDUWe]e`XVnHXjcce[j`_eWt^QMPnaUczKpYKKC_ledo]CXSi\\\\ycXxbg[tUPUmrBLIMuKYZYKntBbX[ttaREWzbNOljRiOWsmnRuKX_CBaXdE`FDY[Vo[meMbzgYjIjwXAPnFai]BODpbxJigfsNscXAIFSLlFTsq\\MDQRysltmLipfeqymDQ]DocOeAN^kwvKzFkFXUhz]yqMRT[iVnSPbUYY[BgxeNJqQ^p`tkaXWRAEyWxRa`IwdfcegReVikUOpzwn^uoeNvtQUU[EEUXFFMNeuKtbGKjgwlOy[Jngk_jimSQSraRTTPIcmRsSBM_CLNUcF\\evbkUb]`scuakatVThdgLIQ[e_Ag]_xiMVvVmcubFNZQY[]xJqugzZQ\\fHGqapDTeMTUe^dlmBaxiABJBC^feRinF[ke\\EAQKGfMHITfNJuxtSmfFwo_SXiT^aOKnyPiAQncVpCtirY\\XlumhE``P]xnYRjatJsPuLxd`KQPtvp\\zMwmf\\^iYjZ^SAJDG\\A`yJbLnRN]oPgUg\\nLUwvXgJqKmZQ`AMJXvP]qflyUOAuIDEqqMyjJactpSXZUAh]cGOZXzxadyaIfPhGhcZTC^zqSWh^OReUb_RCofZrPYFLAZN`fQllaU[EHYHASZRRUMbHxfSCIcEdXoqsIIsxasnMDNuW_Z`pGnqnsGbzyicyQqgSbOsJaTl\\ZUDkkv_jCO^exDABatzrQowNacoPaVPmCVT^CrOCKtvCTCU_OqdhUtKfYqJIGOIhzkbbj^zjexhWstt_NQBklbYILiEMhGvvkODc[nokruCWMom_wfuqNYvXSZWAYnB_ClgeqQD[\\Qsr`CvWv`PCLEhRSgQBWoSDt_T[HIifc[Uw`ErP^zEt^ySxEURKABEhyoyAi\\Pnrd[ljklOoA_WjZauMWWnr^faWhylGrbCkRBu_aNTcCWz^hy`ODoSE\\vUytVCmAIxZ\\gXXfVgIDKoGgDijZ]CCPyOVhwfKLbcuZ`BBaHciIKBRGNSqhTS_GuK^XCkjk\\w]cuhGBhIStTuEwxOZdo^sODn`V_e_WsygN_iL`LozKAemzFaZnQFvyEN_HIk^DevAVOrYPDuXz^iOYBaQxLlGmDiJQJEX\\Rw`EeXlOIJkWhv[VzFFc[astpNS`hHGy]wibIJoeoBoBBjEHOnRDzpAlEgPWEMaBDltlNtNqR[nYlqrFIKQupCyhvw]]uY`c\\nxPpTuVa\\m_CcANoJNuvgLBnMpQWlvsvKxyscPpPvTUQ[eTwPhkKfhobw]d^ezp`tdreCUMuYezTqkSb]THDLiQ]IWwGgRfw^pWqniuu\\plAh\\kLJBBQslTLTU]fYGNHzDpBT\\onZMcVwPpgfkwfPVDm\\L^YMO\\UceBdgjshMOqfJyOD`pAiJcsezDaIyWaKlNnSOLAvsPZA_Yc^x[tXOnLzmXddIjjqigtvKwpToEquJrFb[DK_^JwyCn`rbWnI`dSs`hSAe`cJwQquRCJF`LS_jvsXWxmYRhUa`NBmkKtxamBmwfa_NhdUQnIdovehmKsOvQVEBWVVRUywtG[lXNKeEAQlEXyp`LKWumqgP\\^rROCvpMkh[tP`zNKvAeAdXapGJcBHQo\\vkTSqxUwrhQUgvfWhcvff\\uZlYwlMKcXgXUpgvTxfhIvHLIK_MU`VIp[ptbXBdjgEtiObqjlOxzxSyS`PlNAqDC^btzmTvwCy\\qO^tch]cQXIsHrbBHPWiqBqLhirwXTBxzrHDCWJ`_NneUjlILSngfPepXSMuq`KxVLsQj^zlGrKdNLqxwjlF`USkMSgjJOiyCpOJr\\YhTBaoEBbL\\PyHoFXBtIEXrPcrILaYwhG\\QDm^o^fKk[OuQaKxYNQiXAqDZigs\\JOoI^rkSuMV^thWBhabBcAiXXDPNiEFrmjaLZmnjZf^BuL^TZCmHErsJaXkZb^epG_kJGLbvnrbx]h]M`wngSymuqXfCBUIwAhvV[UNO[qUNPvhsu_tfjx^ImpTj``tYifwomGlLi`L\\d`fvjmH^\\^NDKndeA^ivwv_eztGomhwJmC_NKYznXWxLXtey]GLLrQ_iAAvqgTknaDRHPW[c_v^`xSMFPHRf]lS\\^pMK]IGEgJeUc]jGgcgwmykinqb_BERplpdZKPGVoZtnhs^mXLzuEWj`E_WgbcCbsocmtQwX\\RHTFxAuSoGqFXlVGEVgt[nMWRvsQktHOcYnOV[H^]Un\\M]\\DNgouQ^B^vxnBHebuyb^zxGkeOIXGAkKp[pCDENyEWPSYgFWrms]ez\\GGwKgHGv^LmybSb^pldZcioSxIl`TINaqyiwHuaqx[mHfi^EQPClB`sYSeM^VbbUxMIcdfWvLm]HvghPehPEF]`QFQd^hC\\VtXJY`u[fsGaODk]fxwshS^P\\hs^SBsNIRGO^^OkkNeLyvQMUoyakJnDVIhkhXIdAtXxx\\yIiMI[hRQ`XfI_CS]y_CtVp^CSEALF^SPtppr_BSVDsITBPeahWZZucdTKJqWhGKBEWPiN\\yxLhp^hKBD[Z_iEtUQM]gUKwixhGPeAvTLY\\NNnGgAImvNb\\xKCy]loemPyrpauWD_FSQdgH]GqfLYA[VMJEcBZcWoixOvQFGmjXHPLT_u\\VvJYUP_]cXpnBE^v\\ujsbpk`ZicSGApah`DhNVUhkZhhQyhSeTjZoCuaKdzggLVccPF]BqhG`BHHHDP[AQimRVlfe^]eWiA`DFEBsLRnfdtnvmZGU_fW^cQN^[s_TDjrAcEByNbpzuGi\\yksDVPrCeC[pr^XSn[ctCmSiXIGxpXc]bl_kA[xosoW`dLGjJ]L[_pZLXJfNIuNNZyNGzhST]nANWmFMBWnSLHxmSSTqokfybJFeyAk]JsxkoLpeDZMlGuBSB[ngT]_mHCgNh\\OAgQJSJMyH^jmU^urgHnc^NEJhULdm_cxcLLFqliIp]gJejJONKzFtskncH\\yydLcvmKJSpBvYfnAbv_xKxVb_]Ej[Y^iPkJLQDNs`AwYJEhNFkLgc^oBOeEYh[itSSfi]bj_hgYJBxYZpqejMqFmvIxgypKFRCGqZyk^BhzwFeAQLedqqzh\\MsmTeC`r\\TsyqbAqFHi_qJhQIg[TLTOSUeeaMXsyIH[mmBZeenkjQIfDL\\LxbLgIEaeMxZdiOkWiiv_GMqjYc`BMzbUkLvWw\\ShMXNgKJC\\alwUQxEkl]N`__XNWEt^ST[NWNSjzJ_OaE\\[CMDnGKf[OmJhzzQFQ_IMRjxDeUlbxyyZCxLJBGWIizzdDfkztYyBwPITOAIlZE]PnjeCoGEJIA_RkUzzelh`zx]noruAxeie^jpUAiLmTptwkqduAIHiWxPqMrNwMEL^RuoA_fzw`vLKDaCxOAAp]ANa[yHJ[OaPdVfqCcVVJLI\\lEngoPiLDWAQgO``_q\\RUvaiuLvfeffRsmoVL[UKaULNUVKnDpqTjrGp^FlcUCbYljXtZJUE\\RkAjTT`BHcooRcBgysGimq^mn]fxQTt\\msXGFFJlMaM[meZGVN\\RNVi\\NNwrhbkniSBZLvatiU]LdDAJC`bDscOXJwtsJSDeqYl[czv[hcdst]sJNnoIzhvGEeQOChjWQrVKSaaDeHVQyV^gEjfV^veI^eVxjgYzsMbBHhrhMl_sReHjGdKSCUtVNMghKdUyiWYmn]`WryImXlqt]gqF\\Fx^TMouBK]dW`KvLVveEo\\ELHx\\WmK_nO^dZvYaieUh\\`VrbuiHkLBgesRMOS_OzypICa]QwVwZZndglGt\\EDobMqyadMRVGGh^jMoBXXKVPbMqPf[IZCJwJOvMbwgkDbTTFFw`RsDgsZSeeIRymJvDwkT\\QcZ\\l[RhNslJivqay^EkvRcZeiytfQXUm[OjZcvXHeXlWHPqTVEZgcazAzqC]YBx\\WWOgHHWbhdQuqC^YHaQMyiKuPjZltuicZQAkBKLNhryyPFJwTdVrll^hMTXXhfhnuh[aCmXxUC_GjLeJ`^XP_rrimS^hmoaCKLEcfduaMY^jMWyBjOsKNYODqlnjOjKa]]w_HC_wcrDGUI\\WU]y_vVolxAltpLS]OwNk[ZugjwcWUIjhPXUmlfeGhKaGQeGW_brXvlvucSoznYWoRDdYr`kcRGDQtnVEpLrnQRm_\\ZKZrfSOnmoMBi`zqPGoifBowjKcbd_ARFwYVRkgoo]GyJDGgsxALyqqXV^H[khKOovvmGd_`[ztJvpngEwig^pTPGBzodLEHSsJNHT`OY\\kywh]aj[Woy_kzcggFekvPvmrCf`_kW[NBEUSY`ZEIoQInIKf\\hZeha\\DKqZuKwfX_QivNTNaLgm[eeDu\\tDDxpa\\cRIcF_uMItd^ZOYHZsZBnBYam`YQtc[ijMTvLe\\glaSlA`[N\\veEW_hascpaGdTaYunMu]woXnPNjh`NELpxxVSL_mCcpvaIMlSFlOSyzpgdO[rLCc\\uoVcCcchHZTz]MHAxU[\\qsqyIjiwEvraMZfTrJP]JaK_fqKWHZtqcGfCxW[TugdMcnmDboIoFxSPiRTR_RoeBAxFndV\\jvc]xywsDHoSQFleoVTfDIpcryKbpgPyYhFJVpSjV\\NW]]UwPSRXPjYaGzfynUCXsqudAcPzDdQbuZFVeOS]VsjjO_DWJTwBYq_gbkvhDRUfZqfgtPU`B`BAGLU]_tpjhOJEuYntSfZD^DPYsW]tzWzso_`WWZIK]exKgbm\\]\\MVGy]DvvdHWvjQOQQWtX]t^ObtFFlReBX_KdmqC]\\[qAnavhvVRVbFyTsrXdxqKR^V^LGf_ZTWwBC][AxYJVAOZS`qluYZ`eQ_^XDjaQrrBLJwQWWWf_hoRPwLfPteBurRl_zDxOss_JMNJd`U^BoAx]NN\\rEQWMqHTrLmWTZWgoQICiCBk_HzGqUPRlcFJb]RTFtRYnyJcXUIMELmpCarFqA^^w\\flUNESyoxpkdxaxXj]LDMaqPHBeM]EWo]SSYNKPqNPNxFYdRHZRBRsOFvEFDilStYwHfO`J_MVpwStKiXSFCmU]dDN]JELI]xU_JRyDbQmpwDSmCtXfVgQGDZ^bADz[AMSzyUBWZP^lA`a`l\\[Qh`mqgO[jnWC_RSojkSnhrAMFI_F^tyq_cjn[[]SktSdDMz[ilqoYhmYgTgiHIwqpa^vb_TPOADn`XIsIEXmCJXrqRGGnoKbx\\n^jEsJXbaYeysPLn`DkKofIgEQYM\\[p\\qEdfJDMOU[dzNrYqvzOHrmhIVCzbkLFGcIIog`e]r\\pTCIZNrcQ\\LieDX\\QGEe_JU]WEjeKVVlPVxUFMdmkIueuu_EWLP^YNxgyalU^NXvGZYOGDVD^RtVPkc]afNyGsTCYRV`[PP^kz_[\\QyTpMAGTbWNxPnszZoNGWqphqdNCWfQMHAQhtJusNiquIbK\\W^R&quot;,122)" methodname="GetNumberOfCharsInStringTestRandom" classname="Open_Lab_03._10.Tests" runstate="Runnable" seed="2023722257" result="Passed" start-time="2021-10-19 19:34:08Z" end-time="2021-10-19 19:34:08Z" duration="0.000124" asserts="1" />
            <test-case id="1029" name="GetNumberOfCharsInStringTestRandom('U',&quot;UFZIgycmEwwGApP]LFPuVshzu`PYlfsTGwnuq_NKRFIltnHlvyLYBPu\\Y[OHjKAYEcADCUggrFdPjvGHX^]mZZSrCS]WQG[GFkhQnDjaS`awfel]THkMhNzeQJBjsPWlf^KzOpTTnw[usWLYbzCJWOYrkCAeCzhCIpRHZlO_nWYlnEluxdItNNVWESOLojRnOXlDFEypk^VzqhEgRGgYropvZuCG]DjEEe]VThpteTIjrVaXOctiCsw[bqdKBrShoRvLLiTdRno_gGEDTfstJBBLhCn]DesmA\\u`[UM`PQXPEYo\\larVyZ^mQj_Jvq`gvB_KL_dyZTetdmHPNSl^n]obxIPlqDdZkkTDtdPNwsvfoeJ^cOvcFBtYNxNDPsIWjLItYDVeC^buaImTylJcHBUiqvqwWMxEj`vd\\QF_sR`b[yrEKuE_i`OiqZC^NZOqa]KBMIrifekq\\mOrDll\\HZVKQNmCNcRYCiBynqrCCWsEpXMELKZ\\hmjGGAkzVp[DTRomlPDNujYlaRUsBiqDIpkQzurnGsgNvok_dZSvGMayTy`pgryhyWu^a_nrYQHCCKplaqPbVvxwOmwBUCGOtzP_uNxFg\\^pF_vJIoPqcWRDZyOobm]WKsIDvRrSsJvuYHrkqnsanQg^hMEvyJ^tyGfNWsNrwwxZ\\XeSH_yotwdtLfWjMwUifBvR]eTy`BdrSNCPbmoZLiAC^mBl\\_eAbPnZ]Tq^LzPrSlaycGH[Hu^wBtnjcc]AXdPDZcnOwQOLZJjlLCIVXKshmrYcaGuc^OZi]^_zSt^rfR^rJB_`[HdMlcRcKKhpWgiKjAPi_IC^gBB[UaZ_cUIVfNxuLwpHLh[zdSIImpBREF`kaqOelJNB^S_]DV]cTuSzaBrBYQmmTqR`hMTUiKWCZZ\\QnfFWTZyJnaJ_zML[W\\hgBzpqBHtI_Q`H`aNmLVZusHmGDoV\\zvfylpPoqOVL`pf^BCyZyZOABnnuMjnMmXJceaVkQZwxAOUC\\PEApv^agexxBVcH[JYHgCs\\hOI`]RAnZlYxenWrucwzdXjvqp]rpMVZWdSbmyDVdJ_Qwe]hmbNDGssP`NihoJxMVzaB[pFw`aWZsYyLSpEOzRT^lDC_PVaZMSvxE\\Nx\\R_`]YWGO]VzFiNDfDPXmagJAwNa^BHqcHminnASgvQmAbU^ErRBMpKveV`aLpdNV_Xxv`QrCwkrQuIZbj]fjGemwrDYOZHqSCX\\JWb`b[yPETfkMFz\\Tx_OueBE\\sdcpu`N]hPKIwDOHUhdLTLI[f]U_Ja_V^DjrWZKnXN`qoTWuPH`xXsHg[HJXKjSGkofsTXlv^poFgSfSG[OCBbyewDWOQndivYFzi^arWe[bEBAI\\rRk[QFIqAwQA]ekMFKNMgecuWgWHWauDOnZ\\sNeTwJhbPqtzjUyrmvpMiqEeiBZ[CNmjLOTsatP^wBe`mWXBbDQSxMnCJzevjN_BEKn\\BFQsgSQgL_sRdYszwZlz[QjaOToi]d\\bdvA\\mXgfvGrfHTRRV`FfZoBkWkdS^cJcCQihXWN_mFEUZEZvC^Sx^qIouQFBoUHTwPcqedtzSasTkgQSQiQAPMEMItnHQLkYxkXJ\\cRYdTexyoENzmkGEGEkLVhkqmiHpZVzPHriWrXwbGOUo`H_[eUrghxFuabqe^I_YFyrvCjMjHIFHTwReKhKE_TcJlnqPaSExjvjaPdXvHH__syaeQLZqxZulWiJPsxIpDHXYMkVaPPwWoDQnMMzUsNAPAxKbZICKyi\\laHX`qsai]^xSXWCgynxpHIYPaoHGMmXFc`NEpZ_zhRm^ArJDGWMLlfdYjIzCl[]kFrkrJxq_PyIpVvOieEAp`MUxwpVg[\\NNpCXJHRtI`ivn]nCotRYhZhKs]nvUcKEnkvAS^FaSKsPrQa[ImanJDanHs_gUW``VdIDamkQnkF]aXSbwSmcCWukJIt[yZMveStOI^uVBPzYxDNj`wjBdx^yiYtYtQRT^JsN_EZYXXamX]mFuJuCjKSgpu`kd]]lxfunLzL\\^ReMXlbMfn^kVPeTrLYd`ipvuoolbyuuyZ_YaFPDSSEpzlWiBbwAbbwo\\jRcxqehtcmwkLmlvURMezvJYFjzBuTW^kwrogG\\hWwWz[yqpKENQjK]nIKrHffyPVYAOvxPNp`NC`JyHsKrqFGn`[Ef]PUClxGeBxcuNpz[KxZNzMjO[oIJOe[oqRmy\\]]FY_wJQQdBGfdcAqgP`FcwoxVW^nDwCBzh[Uo[PayJKHDdBroAe^ZVu`Q\\J`f^NhzEgvIgBMAzGZlhtmVgzDR_cdnvDTRju\\v^IywGjHyY^ZO[ndbWKz^KW[]CHMciuQFf^O_vpPxrFtBIUSHZlu`uxlGi\\uy]`P^NUdx`FgavBgE]YUioFIxAlKhlHqZvQ\\SpVonlVcUETdtRgdPHMKWWR^\\KvMXONffaUPHdawZ^osgHRWE_aSjGEv_sSdpIKGriySxX]faPktcZqUs`Hthvv_]YkORwHQSiByJyYgBvl[VLTFCylQARYwmZq`gOUdHZatXsKtG\\rmJ\\IQEfLSLrQAPFLkItzmaHSveZhKnrJ`[fmRQ`[ACBYQJadSg[lN\\ELBINgeyB`UhkadStZcYyk`jBmEqV^SFwDV[kJDtpCB]EcZzzzmAJo]UgSG\\bod^MOlgLJbkWicwjCfYTEqVlRwHbAnYCcRBZ^PprmoqYCe[LafdhhH^yNmuSdFLVJhoXb^LnpbaQzwjh]wBUKkV[oCLlV^Ngc[PUqCdCZqsFaMyRDNphEqLYSTc`R[XSUuh`h&quot;,38)" fullname="Open_Lab_03._10.Tests.GetNumberOfCharsInStringTestRandom('U',&quot;UFZIgycmEwwGApP]LFPuVshzu`PYlfsTGwnuq_NKRFIltnHlvyLYBPu\\Y[OHjKAYEcADCUggrFdPjvGHX^]mZZSrCS]WQG[GFkhQnDjaS`awfel]THkMhNzeQJBjsPWlf^KzOpTTnw[usWLYbzCJWOYrkCAeCzhCIpRHZlO_nWYlnEluxdItNNVWESOLojRnOXlDFEypk^VzqhEgRGgYropvZuCG]DjEEe]VThpteTIjrVaXOctiCsw[bqdKBrShoRvLLiTdRno_gGEDTfstJBBLhCn]DesmA\\u`[UM`PQXPEYo\\larVyZ^mQj_Jvq`gvB_KL_dyZTetdmHPNSl^n]obxIPlqDdZkkTDtdPNwsvfoeJ^cOvcFBtYNxNDPsIWjLItYDVeC^buaImTylJcHBUiqvqwWMxEj`vd\\QF_sR`b[yrEKuE_i`OiqZC^NZOqa]KBMIrifekq\\mOrDll\\HZVKQNmCNcRYCiBynqrCCWsEpXMELKZ\\hmjGGAkzVp[DTRomlPDNujYlaRUsBiqDIpkQzurnGsgNvok_dZSvGMayTy`pgryhyWu^a_nrYQHCCKplaqPbVvxwOmwBUCGOtzP_uNxFg\\^pF_vJIoPqcWRDZyOobm]WKsIDvRrSsJvuYHrkqnsanQg^hMEvyJ^tyGfNWsNrwwxZ\\XeSH_yotwdtLfWjMwUifBvR]eTy`BdrSNCPbmoZLiAC^mBl\\_eAbPnZ]Tq^LzPrSlaycGH[Hu^wBtnjcc]AXdPDZcnOwQOLZJjlLCIVXKshmrYcaGuc^OZi]^_zSt^rfR^rJB_`[HdMlcRcKKhpWgiKjAPi_IC^gBB[UaZ_cUIVfNxuLwpHLh[zdSIImpBREF`kaqOelJNB^S_]DV]cTuSzaBrBYQmmTqR`hMTUiKWCZZ\\QnfFWTZyJnaJ_zML[W\\hgBzpqBHtI_Q`H`aNmLVZusHmGDoV\\zvfylpPoqOVL`pf^BCyZyZOABnnuMjnMmXJceaVkQZwxAOUC\\PEApv^agexxBVcH[JYHgCs\\hOI`]RAnZlYxenWrucwzdXjvqp]rpMVZWdSbmyDVdJ_Qwe]hmbNDGssP`NihoJxMVzaB[pFw`aWZsYyLSpEOzRT^lDC_PVaZMSvxE\\Nx\\R_`]YWGO]VzFiNDfDPXmagJAwNa^BHqcHminnASgvQmAbU^ErRBMpKveV`aLpdNV_Xxv`QrCwkrQuIZbj]fjGemwrDYOZHqSCX\\JWb`b[yPETfkMFz\\Tx_OueBE\\sdcpu`N]hPKIwDOHUhdLTLI[f]U_Ja_V^DjrWZKnXN`qoTWuPH`xXsHg[HJXKjSGkofsTXlv^poFgSfSG[OCBbyewDWOQndivYFzi^arWe[bEBAI\\rRk[QFIqAwQA]ekMFKNMgecuWgWHWauDOnZ\\sNeTwJhbPqtzjUyrmvpMiqEeiBZ[CNmjLOTsatP^wBe`mWXBbDQSxMnCJzevjN_BEKn\\BFQsgSQgL_sRdYszwZlz[QjaOToi]d\\bdvA\\mXgfvGrfHTRRV`FfZoBkWkdS^cJcCQihXWN_mFEUZEZvC^Sx^qIouQFBoUHTwPcqedtzSasTkgQSQiQAPMEMItnHQLkYxkXJ\\cRYdTexyoENzmkGEGEkLVhkqmiHpZVzPHriWrXwbGOUo`H_[eUrghxFuabqe^I_YFyrvCjMjHIFHTwReKhKE_TcJlnqPaSExjvjaPdXvHH__syaeQLZqxZulWiJPsxIpDHXYMkVaPPwWoDQnMMzUsNAPAxKbZICKyi\\laHX`qsai]^xSXWCgynxpHIYPaoHGMmXFc`NEpZ_zhRm^ArJDGWMLlfdYjIzCl[]kFrkrJxq_PyIpVvOieEAp`MUxwpVg[\\NNpCXJHRtI`ivn]nCotRYhZhKs]nvUcKEnkvAS^FaSKsPrQa[ImanJDanHs_gUW``VdIDamkQnkF]aXSbwSmcCWukJIt[yZMveStOI^uVBPzYxDNj`wjBdx^yiYtYtQRT^JsN_EZYXXamX]mFuJuCjKSgpu`kd]]lxfunLzL\\^ReMXlbMfn^kVPeTrLYd`ipvuoolbyuuyZ_YaFPDSSEpzlWiBbwAbbwo\\jRcxqehtcmwkLmlvURMezvJYFjzBuTW^kwrogG\\hWwWz[yqpKENQjK]nIKrHffyPVYAOvxPNp`NC`JyHsKrqFGn`[Ef]PUClxGeBxcuNpz[KxZNzMjO[oIJOe[oqRmy\\]]FY_wJQQdBGfdcAqgP`FcwoxVW^nDwCBzh[Uo[PayJKHDdBroAe^ZVu`Q\\J`f^NhzEgvIgBMAzGZlhtmVgzDR_cdnvDTRju\\v^IywGjHyY^ZO[ndbWKz^KW[]CHMciuQFf^O_vpPxrFtBIUSHZlu`uxlGi\\uy]`P^NUdx`FgavBgE]YUioFIxAlKhlHqZvQ\\SpVonlVcUETdtRgdPHMKWWR^\\KvMXONffaUPHdawZ^osgHRWE_aSjGEv_sSdpIKGriySxX]faPktcZqUs`Hthvv_]YkORwHQSiByJyYgBvl[VLTFCylQARYwmZq`gOUdHZatXsKtG\\rmJ\\IQEfLSLrQAPFLkItzmaHSveZhKnrJ`[fmRQ`[ACBYQJadSg[lN\\ELBINgeyB`UhkadStZcYyk`jBmEqV^SFwDV[kJDtpCB]EcZzzzmAJo]UgSG\\bod^MOlgLJbkWicwjCfYTEqVlRwHbAnYCcRBZ^PprmoqYCe[LafdhhH^yNmuSdFLVJhoXb^LnpbaQzwjh]wBUKkV[oCLlV^Ngc[PUqCdCZqsFaMyRDNphEqLYSTc`R[XSUuh`h&quot;,38)" methodname="GetNumberOfCharsInStringTestRandom" classname="Open_Lab_03._10.Tests" runstate="Runnable" seed="668876805" result="Passed" start-time="2021-10-19 19:34:08Z" end-time="2021-10-19 19:34:08Z" duration="0.000076" asserts="1" />
            <test-case id="1030" name="GetNumberOfCharsInStringTestRandom('x',&quot;ZSyuTsPtcEuiIh`bmOqB][ElzY`lg_YdiWWVGvraD[A\\XmPeoSvRrTUzNNvvS^NDfQzlRK\\qWPyCZdTNJvwTcHlVCWHtAwO`NwpGm^SerEubUR`etilWbt[^`ejuDcqZBYp]nM[fcS]_MJAkr]zRLryU]SbInYaPN\\aw]CqhOGnPWwQVdzDac`OJ[[A\\fRrKlNQldENogSDEDix`CM`oVAgiMW\\BBVBwOd_Jf_m`lOuP\\JGl^[ZYmDpkab`McLnQQGq[Kou^[ACGFWNCQj_awdKLoncDy`wa\\dzUTgbjavymAifKU^wthMUhwegXMq_uE]f\\XsieIpzAeYKFHXj\\dDsOPRYiAJ^kWEh_CJn]oRksMTD^[aPoGDRAdXLFZzezRPeakgDyeNhRSACwOuOZtjeTmhufxhCoglaxj^nn]RJtVzidUPr_lKFcfQnDmYAxLtfbZENlH\\xc`kynyQQiq^D]gxSYjjBERLi]UGJPCFXPN]DuSAE\\HSGhpIv]moBYZsRTB\\ZrHAfkGnOJuXGjeawzFAgLLh^NEyqVLjsqaMUHgWbCulcUiRntvSOBpNgZ^YgHxtxL`PIXMpSjYeQZFI_mKwZt[rBSaueNj[FBnXpZJVgFz`cKxMUUtuwAZEkhNprSLFzy`PfiTFdpQTtuOrVT`PUp^EcjgHMT_UuuaefiagBnQHkFKqZW[^mvkJ[[gwBLtQRvZzUeLhmsOa_WU]_qipsAcyJWJKBeequAqpfL\\pKmkthKfDGJYL^DXQS\\qx[AfIOYg^a`rTUseGPiQzlFErLZSqd`]KU_UKGbfP^H^bSFreZRAdKrMUvoxoFpuBCgyq^[zhDB\\dc^_GciXS_sA^RAOSeqKhN]_fHBGyRTaIVclYPqMWYb]Jg[_^MgCNrnWGztyabYALSrIiOpCndnPfzUzg]dmfQSRbMfYWsgpzaRrpSqOWdOdE_lHfuREygVvz`a]dXgvxxPEi]JUgVVBBjNC\\^n]abqSLWrQlUezxTgGPgYIkxYdRTtQR^AGdJVVGwsRftdRkWDiDHnoEfmcJNBr]byNT_WoxQzSnH^rTGsvQLMKjMBxXmMtvBpDuVyMzOknI\\AxIuPCVGbRUo^G]ZXKDGWmRZxyHfvB\\ZCOLDo]^J^pZ_iGrrjar`jCENfjxQvjK`pvmPvZeuhtcbTnlqGQvUKvjAJyXF`MOneuinUbwQwwspZ^usxGKeopVuLlGwB`V[fowYFx]_TeYNDtafD`HYCdzp_ncc\\zPWbXKfb\\mAefRJXIrRL[t\\XwYBpHuRVuCTVBffjvEbnHoWSpXWwQWBGnyezJqZb[ekcxoV^LcQVRiQIBizj_VE^BNbCAg`FeAS]EoVBCtkiGgoFi]x[qkDF`NbjMS]_CLkRWoENTyheeVWUZ]U^jFOuwNwqMfojWLgvv]jtXkGsCY[JqNPjxypxwqVIrNBhJxOZj[Yxn\\GzyWr^nmAzVElXWjzFGaCKjYiFKB[VoSw]sqyayrVENBREMqDA\\TqMZvP`hmTmSeLDIP``kYHPKxxhGesTx[u[\\jDwaZsL^dmdqOwxR^PCMbC\\ycYDtzorjkcYLcyRavlbKTrsivC[KrOuhbyyBoS^putFf^li_y]Qp\\Qel`VxwUgs]ilddAPmcNlQ[lMKKUvMVxEMQTM\\ZUa\\NAdxlIE_ikibjAKASKncY[]_d`SQnnSOhQCZHPYCPX^fP]]QJMJObyCn^EUMpokuXZuZyksDllTBwrPGCCGbeEhjNPvDvMM\\gdOpcDSYUF]qeAqgpNKnhIPSmLMiopH`_sVTdZ_zkiM_cqEMYPNiBZn^TvDWrde`ywRmf^DViLDzvlkvHzQ`bZ^FErAhWHIGEhaf_RavMrzqWobcKHPrTEx_YMio^VzaDwvOKFXpYUTj[hiPPY]PsQnzjCMRdlXrsYnZtTXFjZYylODl^Y`FsjhmJv_HtFLgw]qBtPWvAX`YroO\\y[oLMSyJkBPxoPMeNlBPXBsOBeE[KPuVhDIYRA[e^hQsAYGkLuLFmyDwc`JcN_z\\GuQlHnTNRXlkkzOc^UPPDpciALqlqsWzipmFIVdXbxoUNSMcRaEtOjXRRbkvxcWYBmBvNIZHkriGAN\\hzNZPn]kyX\\obei[yaVT[RQUJHwIXBRQDFDvjIGf_CD_mTs]CXj`euAWjsQIqUTxFKl\\bmkpZkpYNmcpO[FzRmfIFgLqsyoKjGYccWvPhtFuFcIxQ[uWOTfT_cWuatx\\vejHTzNr_qSYhlD^_O`XEXwW[FDzAAinvdy[sAdRNCrYAMgn_tWSTaX^iTgOwNr_H`]Dmde^fOKCa^VOYP\\GdWZVM[l_TUUzKSR[kcBvOthFVVxKxYphmlvkFGrRrFJQtLrNMv_pN`rkjUAq^abv`hMZXaVdljEIjXLJ^jyCuAZNtKAkGAoQ_OlMzYqfauE^\\jASJqSnc_A_OyaM`e]kvne\\gyKEtS]zvvlKKibPhBhANMxAsdGvXUchE_gKfOtQCBdSNVCrCMCtFdO[BKMQMacbSEFfCWeZHXyLcfn]bPtKRib\\QLJ\\BdE\\ZBAIQWofccmifCrVWjjxhXQd]eVqNIY_S]mbeeLK[NbiwtpNUnERtHoBlWggBxY[KNVJQQlm^`][pbhdpI\\ZEGfLikpOy`I]oH_j^fwECSoUeTMKjDrt]yVEcK\\`[]oyWAghDxFJLXXmSQaU_f`vhPAplZHTKXd`^pxeh`GlxiiEbdmRdGBpxtQHzqvdqmynnrO]Swhz_oyzbvOIhpjEWoce_qeqd^uKjuQjVPzgZCRJvRaDcnvBCuXzPdx\\RqVAtnPhf_mXpDfT]ZjNQbOqbsHo]R[mS^VcgQPHBsYDA_MzPD^qtkLkb_ZBg\\KTEAFShChLJcLXIKpDgH_YndscSfBHrN[aiEzAZtSNWRgR_nbWjWU`wma[I]ACB`UvIfjELpdmpRC]xaE_EeY\\svdw__swtQMrxkJsE^LumckfkD^bY\\xWGsDMBn`gwgs_EK`MXL[bY_iQLyM[BQ_YSpkEhwqQx_xFjLa`_QKNBWxcJmBDbEegI[MPZ[`[UJdtadbzYgwkGRWvsIuuunjsuRwOzQFEljssmDCaLCeuIu`rDQXR`e`aZlzOgSAHasyWY_JoGUjsIpkzlFKito_HJRYBDntsB^TQvIZ`HcLLuhYeBA^bIRNmTrNGGHkS[rrf\\ZEdffbQcTN]toADQSkjPawEvSYzsskCpmIbwtv]kwJAdkNSHhCHGHWu^zhTMcYkcKgGfZHWXNzSWw[KFGsKpcwhWODwMbPI_ZXZDGhiagktIE^b_^NGkNuAOzkXVKKpyqox_BGzZJeIsD_Sk]YiUJYQ_XKEVPSV]uuRPaC^WNgadmHL[Yhsm\\\\oY^YHqCeJrOgxIMCJ[vSG]shmPzdxc[dAZGtmHvgUd^iUFJDNW^YrJUSapgrrYhaWff_CTPB_Oy]zJThFwWaEBmrEnSw\\DovwwRjZfAtG]tcLsTX]zluCG]Vso[OBT`[ZC`CrdN[v][cHKgM[uZ]Sutq[wqfLmrnwYIISQaslQz`ftNiHNnHtDI`IjcunbPIfhgiB^uKUakBvUKbjH_xzktsQczchfFKAquyM_hdTdmSSHeo_BLfDSJunnYY_R]i\\aAE[MUK[ueWybaJyLEg[ZGigzKZGOFCGDqmG`URhBKJhnwMNPZSMqOBZRY[BuEMpcPuknCZqmzYPxAtDyMqompQppSpHtPmwxTF_B\\ZNA\\Zrpm]Q`WDiNYCmyEv\\NRx]M]RdvUC]ndnQVZzCp_c^MEj`RS`waxzj_xeT[sVKUaueemX`FsfjjZQHnlScpFwpdElYogcwIYJgJEv`vzrhRQAFg^aianUPdFBaAzkZQiaRQexiqmhpNP^SEglQFtWUDuCEDU`wOYWdkipCarsoG_BUbi]UNZTXSLNWbsf\\NkbpsucVqikOAcO_si^UsKioFzQ_\\Z\\hMWaVxL\\gGG^_jEWkxi^sVQdCCmkseEtXNDBeBsbhNqOlhJFAd`amwcSvn^SL\\cCCMFRfDmjEHqf`CrVsgjPE^H\\flGq_`VLenM_csZxrq]fGxmtwI[_mSx`FdguwvK_leAlqSnAMmYOA\\VhyMuWFrZSqhYyM`Avfyu\\wBDeUZRzuj_eOywjBoYuLivItpnhm]cCbulxJQBg`ZXGIojOcQur`APNFuk`gdNXH]DTMyaknmUmRpAEF`F\\bl]bf_rP`\\AvMAzglWCekJDnf^wQuf[G_mpWz]iiHQLRmY`QqTTj]\\kYhjvHbaVtBtW[KchPhT][ylBMxf[aRkdDBXiPaaGbvRQtBFGNgEBJyQZvijKvFobQPTYmtXiGNv_g\\IKr_NuNi[FlynarWK\\GkzdihUTOVvwDlnZa_SXruUboNgoGrrkCZXw\\_\\KKufrn_BzKTASDndLVYp[AaMX_KtdUqyCCIMxP]nPMhdmq_hOqLaDiBJehOTdeYfTVxPubfwse`OTw[az^fnIQvTBzbQAJKenCPXtOmhKOhYImqhNiTGzf]D[eOvzVwi[u\\QhChkkyctc]KPItDSqEfI`LxPArioSzyOR`AKBcVBCc\\xZymFSesWPSl\\FYjtQnbd_wydtsRNieGxkzpBEc]iGbyyo`Ecs]lOBsZ]AIMZSeifLolGciohRt]wyzpToiULssvraTBvWDV]tTnAoyAKhDwIW]_BTsfeQ]mTstaOgsQN^zCfMp`phJ^ovn\\Dpzc^YlMXaZHvYl_onjeWZsp^TpwGyxYEY]ZgQmpmnfEmhdWwfjBMIEdwKFKcoFZcBD^wSr_AtscooDpjYA[PwLvTs]]LcNxhM]keG[doKBSQ]pIHP[JofJgpHKDpUTXguvcRSKcyWgEvtfqCUVvIDJCCqu^wXoZrefVbNqoFrLXyEkw\\TA\\zYOcls`\\XggbcNNRNPPp^aqRslDxFyCdWSZYVDeihUXYLeplqZiMDLxZbxkzocWZeCKPnovKebIJIYGNwSGfPqaKVzrXSftFyynIZaxB__b]DoRJr^C]\\lJo]Atox_syhCKKexoWUEHlOEHbihapdXdNozgZgJEzgcoAdG_tigHWdY`XsSFPxCVPYxWfRUkLAHEgPHxcJgGxQNdVZObTDoCdM`bfktcUvwW]TtIkV^GRwYzLUAMCnXHLF[Zj`RrPDmBTrGB`Fqx`ikho`WRjgaa_oKXt[YLEfqNJXfUOyhwwZb^UneKJAHd^L]`hiIEhfttr]^WuCClzddFMgCFpOBE_NkyuGg`pcPR`hgsPOQHxWdubXSAgDOYdpVdm_\\nV^vWTS`_zKpbyuHHdqX^ngtmTqikSCGkm]lZ\\MaProA\\Nh[jiOAvHyAjeID]doMxEFp]IhgXPIgzfX`gWzCDCKdo\\CpSJEfCbDXIsxaAcdgzSADMcXFemJuu\\BAFsTNL^dYcAXnYYB[Z^e\\[zcjlyAQYI^grx\\IPV\\]ic\\MLdgMki\\Wr``GPd\\M]TAZ^lw\\xsLEBIns_V_IRo`jgGoSXVsftOzVcBj[hLPs]XUjlhbuFTvioQmWweDcAaKnIXP]fD\\G_hNPlFakny`aTQbSOT_CHhrvMbaTXFOBsoJHC^frEToBAeZsqwOS`YyrpRDJ_MSij_h`GZPlhgyosqvbIi]\\rw\\ZpRRl[\\SrAGR]wumXg]fs[KzzW\\BqjrqnCOjoI_RLUGnl_ZfOwFoURczeSSVz[\\IJP_ZiKxPILZ_TXN[wpnudC]]ZOE]pJSlsxd\\zzwDyqgIrEgNErYJhb`GnBzZG[ZythfVnl\\xtjvmWTeVcqYxlIERY^iyA]x^XhOJYQ[SW\\QxfnjZWerPC]NkdUxPD^wWmYVjE\\wRWFaQsHgfnPbVfi[u[_aETKPt_tKMXAUvh`txvxs]iR]ovblEx[OavsyLqhlywZNnufiFo^z^fDWBi[xxIGPxlnAobhGOLtaOEjtQsgP[[lur]x]VjoqpJPBGet^GWlSm]HwzbhE]qp^AsJSeLl_WDkFohmgzIIDjZIUVA^oCkTyUmAN\\btvfMvjmCIRoBFUilnbkoweix\\gjlkCh`KXPMY]_YcTsLzBezQcyZ]gePNikOzARFePqhF\\TRDSMdl]x[Bk\\HDNC_mAzklPZcBmbkLxtoPgWK[B^lkQMO_JCWNSvF]cansdczuNPErgsWrrDl]Nz[CKDrkL]tBoSgGcSqZ^q^BIXrRf_WOJcOdFlhakPjkWCCULQP`MRyX\\ZunL`EgGerMDDAqeQiOGnfFV^GVPrBrdrHgruUKKDdlLpRIPYuwdkQiooYiZiXPczdMwUzjv_DDJtu`MxGrwFOsaYrC]fk\\fUILMFMuYLAEgM`uus]]caT]lkf^]xNQnbXpkjTGlLYkFJMUtxHeJOtFAgZ\\ZiX\\ykREojJL_VkWHcXb_Qd`pdG_iSpEPrhCowmVsH`KnwFn_^yXOsxJEsgUdmW]uEwgihcLqBiWkZlt^SALUXpWu^yvQXmFkDPizYFrumbNJaYfGmrQmLI^OamKjguYPdfhJDtFNJQbpcMUFTp^a\\T`vmZZfuHOsJxaul\\CtlCdvbhgTYFWqXrnPGmXd[ZTBBjfffZUrmeoZkeUEnFNolX[RKQnyDYYSjbtsBBhyl_DnCU`]YSqVM_PdOU[VfVoTL]kIk\\CmXODNUhOqkRalcDFKSPdhaSTVkjb`dXlwPExx[CPaFeeToClIW`q[rVMEvh^eGiMTae\\_FIjQADcvizahyYJEbREussCm_fZWYQnKbNCOpa[omQWvHpfh`HmP`agNGxlUeL]YLWFkWuOBqQIb]GfjzlqQ__eAbpIsoFKaoyjkjuRftkYPYFkzRCUsVLthlFJamVMlFbm_WuzFZLXnGUc]EIbmkRLcECzekls^_hKqSLdWCPYJnFaX]h\\eoZAoVKZTvUUiTuPZKlJt`Kj\\sCoz\\cIDPOiEgV[IlP[iujqtpHMk^cEdj_vTV[sTMRZELLmoQBHQkBaJLvJUVX`gJFUI[HnRWH]dQlheVXZ]\\otiymHZR_xolmvGqeUJOptc`ws[N`yxyDLVLgJizTAsJis^qbnlDQNfvQJBthMm`Aqib`uK[fKvpAZqEVdglNuhq`Zu]IpSHNTJsJvQgcQXGRqurSw_DaARFIsCFAhSqrobgQyuZTzIw]b_j`DKLRObNCDkRtKgvyaO^OOaTCEkasUcaTTaw^G`dNUeMOc`ITNywTA[Q^qJM_AUh[JxadjXsBeQueTFZ_cMfWgMTsQZhxTFMzwmEfz_dpGuijagJljhwnjRnweiTQkuh`EuhbAo`DdpQl_dRdPvNfJYPfyIAQKSFLNJfgzclvIsKuACYAWkAogCVgeBdrnOsQjE_UyfehKR^QNVewjAu[SQ_KnyBxztItztKv^DBlFTeU`EYPWgInUXyZ`TaAdgiRJdRTKiYgyIVyfJfiamaSlU`bvlWK]BIYfTLwnEEhO]oLCznVhsZrFV`oDjYZSOJxzwTSyjv]htDPaT_vxA]ebRTPnWsEffUASqMGg[XyxxJMRQOjK^\\Sm_VidD`cqqqB_DwkHYO]d^heHGx]IItIKCNo[^^cvoHGGIiOU^bmOyjOqla]GC[hwhr\\qHPeufaoWb^zXjHebHuMSyxjwB]tTZJYQMXNOxscXusPNaFWuqGpneJrK`htJh\\wXEiLRuVdPRoXGh]WvFy^SUffDaCjQzZjZvrIruFA[^a]qll]CRxDixeDZCHlrgSQrExKqU_BAyCooIpRpagzBVA]RoiomUIoLPelnagimvDkvpPRNqvQzSO\\D\\sBfjPfpOd_^E^OuxMGSQb]`XbwYrosBJhRheDDfXugLknIShWCGHJnuW]NHTNxZl]UWMaQuJ[uVuRoeYdl\\mmtzuXRIpvSKwM[NYmGGFHxhOXAEhdij\\]hzcU]pOIENIkZhqaLg^fVepMk]WN[MNci[`\\fDPRrxDj__yTOHYCMqGDJWezYBhrA`ByHVvHWMnYaFiM_DyToKWrT]RPZQspPLjy]zLsLQgzCi]EhY\\VDUDpJKefEghGTyIVVjj`rGH^_WofzMbBp^mvHupSU`o`d`gE`Hiyiv^wMaRmVzgrFgRqMNN\\tWKSRcuykkFr^cStzpibdDxVsx[xOpsSuNFSlLfegSBftoT]TXqW_fspZoZUIwkvsnxQ^AIoKEvQCR]Eexdqz\\oOVPswlQ\\jcGmFrCyTPCM[kbnHSVjKTtwWzivOHLCtcLiv_WMbzQbxPT_n\\keWbQWiKWGJHjLEzSr`trcvIHLCSyHfKHnXbgSRpzlIQD[PF^xx\\zudHiNZETWLO[zzwn]Sz`jtG[fFhwxpBKJKNJPtYtN\\daupE[SRAexwPB^hDHmIWbKEQomn_dtGSOP``pBMefoWNNvMgcpRGEFCWp_Pi`nXkqdAlxHNF`_kmnrDsaGvnczNJNJkQl_FsWfXeu[i[bLbaUPcy\\XIYrdIqVr_oXxUBZsVIZZyFY\\LXYho&quot;,154)" fullname="Open_Lab_03._10.Tests.GetNumberOfCharsInStringTestRandom('x',&quot;ZSyuTsPtcEuiIh`bmOqB][ElzY`lg_YdiWWVGvraD[A\\XmPeoSvRrTUzNNvvS^NDfQzlRK\\qWPyCZdTNJvwTcHlVCWHtAwO`NwpGm^SerEubUR`etilWbt[^`ejuDcqZBYp]nM[fcS]_MJAkr]zRLryU]SbInYaPN\\aw]CqhOGnPWwQVdzDac`OJ[[A\\fRrKlNQldENogSDEDix`CM`oVAgiMW\\BBVBwOd_Jf_m`lOuP\\JGl^[ZYmDpkab`McLnQQGq[Kou^[ACGFWNCQj_awdKLoncDy`wa\\dzUTgbjavymAifKU^wthMUhwegXMq_uE]f\\XsieIpzAeYKFHXj\\dDsOPRYiAJ^kWEh_CJn]oRksMTD^[aPoGDRAdXLFZzezRPeakgDyeNhRSACwOuOZtjeTmhufxhCoglaxj^nn]RJtVzidUPr_lKFcfQnDmYAxLtfbZENlH\\xc`kynyQQiq^D]gxSYjjBERLi]UGJPCFXPN]DuSAE\\HSGhpIv]moBYZsRTB\\ZrHAfkGnOJuXGjeawzFAgLLh^NEyqVLjsqaMUHgWbCulcUiRntvSOBpNgZ^YgHxtxL`PIXMpSjYeQZFI_mKwZt[rBSaueNj[FBnXpZJVgFz`cKxMUUtuwAZEkhNprSLFzy`PfiTFdpQTtuOrVT`PUp^EcjgHMT_UuuaefiagBnQHkFKqZW[^mvkJ[[gwBLtQRvZzUeLhmsOa_WU]_qipsAcyJWJKBeequAqpfL\\pKmkthKfDGJYL^DXQS\\qx[AfIOYg^a`rTUseGPiQzlFErLZSqd`]KU_UKGbfP^H^bSFreZRAdKrMUvoxoFpuBCgyq^[zhDB\\dc^_GciXS_sA^RAOSeqKhN]_fHBGyRTaIVclYPqMWYb]Jg[_^MgCNrnWGztyabYALSrIiOpCndnPfzUzg]dmfQSRbMfYWsgpzaRrpSqOWdOdE_lHfuREygVvz`a]dXgvxxPEi]JUgVVBBjNC\\^n]abqSLWrQlUezxTgGPgYIkxYdRTtQR^AGdJVVGwsRftdRkWDiDHnoEfmcJNBr]byNT_WoxQzSnH^rTGsvQLMKjMBxXmMtvBpDuVyMzOknI\\AxIuPCVGbRUo^G]ZXKDGWmRZxyHfvB\\ZCOLDo]^J^pZ_iGrrjar`jCENfjxQvjK`pvmPvZeuhtcbTnlqGQvUKvjAJyXF`MOneuinUbwQwwspZ^usxGKeopVuLlGwB`V[fowYFx]_TeYNDtafD`HYCdzp_ncc\\zPWbXKfb\\mAefRJXIrRL[t\\XwYBpHuRVuCTVBffjvEbnHoWSpXWwQWBGnyezJqZb[ekcxoV^LcQVRiQIBizj_VE^BNbCAg`FeAS]EoVBCtkiGgoFi]x[qkDF`NbjMS]_CLkRWoENTyheeVWUZ]U^jFOuwNwqMfojWLgvv]jtXkGsCY[JqNPjxypxwqVIrNBhJxOZj[Yxn\\GzyWr^nmAzVElXWjzFGaCKjYiFKB[VoSw]sqyayrVENBREMqDA\\TqMZvP`hmTmSeLDIP``kYHPKxxhGesTx[u[\\jDwaZsL^dmdqOwxR^PCMbC\\ycYDtzorjkcYLcyRavlbKTrsivC[KrOuhbyyBoS^putFf^li_y]Qp\\Qel`VxwUgs]ilddAPmcNlQ[lMKKUvMVxEMQTM\\ZUa\\NAdxlIE_ikibjAKASKncY[]_d`SQnnSOhQCZHPYCPX^fP]]QJMJObyCn^EUMpokuXZuZyksDllTBwrPGCCGbeEhjNPvDvMM\\gdOpcDSYUF]qeAqgpNKnhIPSmLMiopH`_sVTdZ_zkiM_cqEMYPNiBZn^TvDWrde`ywRmf^DViLDzvlkvHzQ`bZ^FErAhWHIGEhaf_RavMrzqWobcKHPrTEx_YMio^VzaDwvOKFXpYUTj[hiPPY]PsQnzjCMRdlXrsYnZtTXFjZYylODl^Y`FsjhmJv_HtFLgw]qBtPWvAX`YroO\\y[oLMSyJkBPxoPMeNlBPXBsOBeE[KPuVhDIYRA[e^hQsAYGkLuLFmyDwc`JcN_z\\GuQlHnTNRXlkkzOc^UPPDpciALqlqsWzipmFIVdXbxoUNSMcRaEtOjXRRbkvxcWYBmBvNIZHkriGAN\\hzNZPn]kyX\\obei[yaVT[RQUJHwIXBRQDFDvjIGf_CD_mTs]CXj`euAWjsQIqUTxFKl\\bmkpZkpYNmcpO[FzRmfIFgLqsyoKjGYccWvPhtFuFcIxQ[uWOTfT_cWuatx\\vejHTzNr_qSYhlD^_O`XEXwW[FDzAAinvdy[sAdRNCrYAMgn_tWSTaX^iTgOwNr_H`]Dmde^fOKCa^VOYP\\GdWZVM[l_TUUzKSR[kcBvOthFVVxKxYphmlvkFGrRrFJQtLrNMv_pN`rkjUAq^abv`hMZXaVdljEIjXLJ^jyCuAZNtKAkGAoQ_OlMzYqfauE^\\jASJqSnc_A_OyaM`e]kvne\\gyKEtS]zvvlKKibPhBhANMxAsdGvXUchE_gKfOtQCBdSNVCrCMCtFdO[BKMQMacbSEFfCWeZHXyLcfn]bPtKRib\\QLJ\\BdE\\ZBAIQWofccmifCrVWjjxhXQd]eVqNIY_S]mbeeLK[NbiwtpNUnERtHoBlWggBxY[KNVJQQlm^`][pbhdpI\\ZEGfLikpOy`I]oH_j^fwECSoUeTMKjDrt]yVEcK\\`[]oyWAghDxFJLXXmSQaU_f`vhPAplZHTKXd`^pxeh`GlxiiEbdmRdGBpxtQHzqvdqmynnrO]Swhz_oyzbvOIhpjEWoce_qeqd^uKjuQjVPzgZCRJvRaDcnvBCuXzPdx\\RqVAtnPhf_mXpDfT]ZjNQbOqbsHo]R[mS^VcgQPHBsYDA_MzPD^qtkLkb_ZBg\\KTEAFShChLJcLXIKpDgH_YndscSfBHrN[aiEzAZtSNWRgR_nbWjWU`wma[I]ACB`UvIfjELpdmpRC]xaE_EeY\\svdw__swtQMrxkJsE^LumckfkD^bY\\xWGsDMBn`gwgs_EK`MXL[bY_iQLyM[BQ_YSpkEhwqQx_xFjLa`_QKNBWxcJmBDbEegI[MPZ[`[UJdtadbzYgwkGRWvsIuuunjsuRwOzQFEljssmDCaLCeuIu`rDQXR`e`aZlzOgSAHasyWY_JoGUjsIpkzlFKito_HJRYBDntsB^TQvIZ`HcLLuhYeBA^bIRNmTrNGGHkS[rrf\\ZEdffbQcTN]toADQSkjPawEvSYzsskCpmIbwtv]kwJAdkNSHhCHGHWu^zhTMcYkcKgGfZHWXNzSWw[KFGsKpcwhWODwMbPI_ZXZDGhiagktIE^b_^NGkNuAOzkXVKKpyqox_BGzZJeIsD_Sk]YiUJYQ_XKEVPSV]uuRPaC^WNgadmHL[Yhsm\\\\oY^YHqCeJrOgxIMCJ[vSG]shmPzdxc[dAZGtmHvgUd^iUFJDNW^YrJUSapgrrYhaWff_CTPB_Oy]zJThFwWaEBmrEnSw\\DovwwRjZfAtG]tcLsTX]zluCG]Vso[OBT`[ZC`CrdN[v][cHKgM[uZ]Sutq[wqfLmrnwYIISQaslQz`ftNiHNnHtDI`IjcunbPIfhgiB^uKUakBvUKbjH_xzktsQczchfFKAquyM_hdTdmSSHeo_BLfDSJunnYY_R]i\\aAE[MUK[ueWybaJyLEg[ZGigzKZGOFCGDqmG`URhBKJhnwMNPZSMqOBZRY[BuEMpcPuknCZqmzYPxAtDyMqompQppSpHtPmwxTF_B\\ZNA\\Zrpm]Q`WDiNYCmyEv\\NRx]M]RdvUC]ndnQVZzCp_c^MEj`RS`waxzj_xeT[sVKUaueemX`FsfjjZQHnlScpFwpdElYogcwIYJgJEv`vzrhRQAFg^aianUPdFBaAzkZQiaRQexiqmhpNP^SEglQFtWUDuCEDU`wOYWdkipCarsoG_BUbi]UNZTXSLNWbsf\\NkbpsucVqikOAcO_si^UsKioFzQ_\\Z\\hMWaVxL\\gGG^_jEWkxi^sVQdCCmkseEtXNDBeBsbhNqOlhJFAd`amwcSvn^SL\\cCCMFRfDmjEHqf`CrVsgjPE^H\\flGq_`VLenM_csZxrq]fGxmtwI[_mSx`FdguwvK_leAlqSnAMmYOA\\VhyMuWFrZSqhYyM`Avfyu\\wBDeUZRzuj_eOywjBoYuLivItpnhm]cCbulxJQBg`ZXGIojOcQur`APNFuk`gdNXH]DTMyaknmUmRpAEF`F\\bl]bf_rP`\\AvMAzglWCekJDnf^wQuf[G_mpWz]iiHQLRmY`QqTTj]\\kYhjvHbaVtBtW[KchPhT][ylBMxf[aRkdDBXiPaaGbvRQtBFGNgEBJyQZvijKvFobQPTYmtXiGNv_g\\IKr_NuNi[FlynarWK\\GkzdihUTOVvwDlnZa_SXruUboNgoGrrkCZXw\\_\\KKufrn_BzKTASDndLVYp[AaMX_KtdUqyCCIMxP]nPMhdmq_hOqLaDiBJehOTdeYfTVxPubfwse`OTw[az^fnIQvTBzbQAJKenCPXtOmhKOhYImqhNiTGzf]D[eOvzVwi[u\\QhChkkyctc]KPItDSqEfI`LxPArioSzyOR`AKBcVBCc\\xZymFSesWPSl\\FYjtQnbd_wydtsRNieGxkzpBEc]iGbyyo`Ecs]lOBsZ]AIMZSeifLolGciohRt]wyzpToiULssvraTBvWDV]tTnAoyAKhDwIW]_BTsfeQ]mTstaOgsQN^zCfMp`phJ^ovn\\Dpzc^YlMXaZHvYl_onjeWZsp^TpwGyxYEY]ZgQmpmnfEmhdWwfjBMIEdwKFKcoFZcBD^wSr_AtscooDpjYA[PwLvTs]]LcNxhM]keG[doKBSQ]pIHP[JofJgpHKDpUTXguvcRSKcyWgEvtfqCUVvIDJCCqu^wXoZrefVbNqoFrLXyEkw\\TA\\zYOcls`\\XggbcNNRNPPp^aqRslDxFyCdWSZYVDeihUXYLeplqZiMDLxZbxkzocWZeCKPnovKebIJIYGNwSGfPqaKVzrXSftFyynIZaxB__b]DoRJr^C]\\lJo]Atox_syhCKKexoWUEHlOEHbihapdXdNozgZgJEzgcoAdG_tigHWdY`XsSFPxCVPYxWfRUkLAHEgPHxcJgGxQNdVZObTDoCdM`bfktcUvwW]TtIkV^GRwYzLUAMCnXHLF[Zj`RrPDmBTrGB`Fqx`ikho`WRjgaa_oKXt[YLEfqNJXfUOyhwwZb^UneKJAHd^L]`hiIEhfttr]^WuCClzddFMgCFpOBE_NkyuGg`pcPR`hgsPOQHxWdubXSAgDOYdpVdm_\\nV^vWTS`_zKpbyuHHdqX^ngtmTqikSCGkm]lZ\\MaProA\\Nh[jiOAvHyAjeID]doMxEFp]IhgXPIgzfX`gWzCDCKdo\\CpSJEfCbDXIsxaAcdgzSADMcXFemJuu\\BAFsTNL^dYcAXnYYB[Z^e\\[zcjlyAQYI^grx\\IPV\\]ic\\MLdgMki\\Wr``GPd\\M]TAZ^lw\\xsLEBIns_V_IRo`jgGoSXVsftOzVcBj[hLPs]XUjlhbuFTvioQmWweDcAaKnIXP]fD\\G_hNPlFakny`aTQbSOT_CHhrvMbaTXFOBsoJHC^frEToBAeZsqwOS`YyrpRDJ_MSij_h`GZPlhgyosqvbIi]\\rw\\ZpRRl[\\SrAGR]wumXg]fs[KzzW\\BqjrqnCOjoI_RLUGnl_ZfOwFoURczeSSVz[\\IJP_ZiKxPILZ_TXN[wpnudC]]ZOE]pJSlsxd\\zzwDyqgIrEgNErYJhb`GnBzZG[ZythfVnl\\xtjvmWTeVcqYxlIERY^iyA]x^XhOJYQ[SW\\QxfnjZWerPC]NkdUxPD^wWmYVjE\\wRWFaQsHgfnPbVfi[u[_aETKPt_tKMXAUvh`txvxs]iR]ovblEx[OavsyLqhlywZNnufiFo^z^fDWBi[xxIGPxlnAobhGOLtaOEjtQsgP[[lur]x]VjoqpJPBGet^GWlSm]HwzbhE]qp^AsJSeLl_WDkFohmgzIIDjZIUVA^oCkTyUmAN\\btvfMvjmCIRoBFUilnbkoweix\\gjlkCh`KXPMY]_YcTsLzBezQcyZ]gePNikOzARFePqhF\\TRDSMdl]x[Bk\\HDNC_mAzklPZcBmbkLxtoPgWK[B^lkQMO_JCWNSvF]cansdczuNPErgsWrrDl]Nz[CKDrkL]tBoSgGcSqZ^q^BIXrRf_WOJcOdFlhakPjkWCCULQP`MRyX\\ZunL`EgGerMDDAqeQiOGnfFV^GVPrBrdrHgruUKKDdlLpRIPYuwdkQiooYiZiXPczdMwUzjv_DDJtu`MxGrwFOsaYrC]fk\\fUILMFMuYLAEgM`uus]]caT]lkf^]xNQnbXpkjTGlLYkFJMUtxHeJOtFAgZ\\ZiX\\ykREojJL_VkWHcXb_Qd`pdG_iSpEPrhCowmVsH`KnwFn_^yXOsxJEsgUdmW]uEwgihcLqBiWkZlt^SALUXpWu^yvQXmFkDPizYFrumbNJaYfGmrQmLI^OamKjguYPdfhJDtFNJQbpcMUFTp^a\\T`vmZZfuHOsJxaul\\CtlCdvbhgTYFWqXrnPGmXd[ZTBBjfffZUrmeoZkeUEnFNolX[RKQnyDYYSjbtsBBhyl_DnCU`]YSqVM_PdOU[VfVoTL]kIk\\CmXODNUhOqkRalcDFKSPdhaSTVkjb`dXlwPExx[CPaFeeToClIW`q[rVMEvh^eGiMTae\\_FIjQADcvizahyYJEbREussCm_fZWYQnKbNCOpa[omQWvHpfh`HmP`agNGxlUeL]YLWFkWuOBqQIb]GfjzlqQ__eAbpIsoFKaoyjkjuRftkYPYFkzRCUsVLthlFJamVMlFbm_WuzFZLXnGUc]EIbmkRLcECzekls^_hKqSLdWCPYJnFaX]h\\eoZAoVKZTvUUiTuPZKlJt`Kj\\sCoz\\cIDPOiEgV[IlP[iujqtpHMk^cEdj_vTV[sTMRZELLmoQBHQkBaJLvJUVX`gJFUI[HnRWH]dQlheVXZ]\\otiymHZR_xolmvGqeUJOptc`ws[N`yxyDLVLgJizTAsJis^qbnlDQNfvQJBthMm`Aqib`uK[fKvpAZqEVdglNuhq`Zu]IpSHNTJsJvQgcQXGRqurSw_DaARFIsCFAhSqrobgQyuZTzIw]b_j`DKLRObNCDkRtKgvyaO^OOaTCEkasUcaTTaw^G`dNUeMOc`ITNywTA[Q^qJM_AUh[JxadjXsBeQueTFZ_cMfWgMTsQZhxTFMzwmEfz_dpGuijagJljhwnjRnweiTQkuh`EuhbAo`DdpQl_dRdPvNfJYPfyIAQKSFLNJfgzclvIsKuACYAWkAogCVgeBdrnOsQjE_UyfehKR^QNVewjAu[SQ_KnyBxztItztKv^DBlFTeU`EYPWgInUXyZ`TaAdgiRJdRTKiYgyIVyfJfiamaSlU`bvlWK]BIYfTLwnEEhO]oLCznVhsZrFV`oDjYZSOJxzwTSyjv]htDPaT_vxA]ebRTPnWsEffUASqMGg[XyxxJMRQOjK^\\Sm_VidD`cqqqB_DwkHYO]d^heHGx]IItIKCNo[^^cvoHGGIiOU^bmOyjOqla]GC[hwhr\\qHPeufaoWb^zXjHebHuMSyxjwB]tTZJYQMXNOxscXusPNaFWuqGpneJrK`htJh\\wXEiLRuVdPRoXGh]WvFy^SUffDaCjQzZjZvrIruFA[^a]qll]CRxDixeDZCHlrgSQrExKqU_BAyCooIpRpagzBVA]RoiomUIoLPelnagimvDkvpPRNqvQzSO\\D\\sBfjPfpOd_^E^OuxMGSQb]`XbwYrosBJhRheDDfXugLknIShWCGHJnuW]NHTNxZl]UWMaQuJ[uVuRoeYdl\\mmtzuXRIpvSKwM[NYmGGFHxhOXAEhdij\\]hzcU]pOIENIkZhqaLg^fVepMk]WN[MNci[`\\fDPRrxDj__yTOHYCMqGDJWezYBhrA`ByHVvHWMnYaFiM_DyToKWrT]RPZQspPLjy]zLsLQgzCi]EhY\\VDUDpJKefEghGTyIVVjj`rGH^_WofzMbBp^mvHupSU`o`d`gE`Hiyiv^wMaRmVzgrFgRqMNN\\tWKSRcuykkFr^cStzpibdDxVsx[xOpsSuNFSlLfegSBftoT]TXqW_fspZoZUIwkvsnxQ^AIoKEvQCR]Eexdqz\\oOVPswlQ\\jcGmFrCyTPCM[kbnHSVjKTtwWzivOHLCtcLiv_WMbzQbxPT_n\\keWbQWiKWGJHjLEzSr`trcvIHLCSyHfKHnXbgSRpzlIQD[PF^xx\\zudHiNZETWLO[zzwn]Sz`jtG[fFhwxpBKJKNJPtYtN\\daupE[SRAexwPB^hDHmIWbKEQomn_dtGSOP``pBMefoWNNvMgcpRGEFCWp_Pi`nXkqdAlxHNF`_kmnrDsaGvnczNJNJkQl_FsWfXeu[i[bLbaUPcy\\XIYrdIqVr_oXxUBZsVIZZyFY\\LXYho&quot;,154)" methodname="GetNumberOfCharsInStringTestRandom" classname="Open_Lab_03._10.Tests" runstate="Runnable" seed="1666918325" result="Passed" start-time="2021-10-19 19:34:08Z" end-time="2021-10-19 19:34:08Z" duration="0.000144" asserts="1" />
            <test-case id="1031" name="GetNumberOfCharsInStringTestRandom('S',&quot;lpUVgAn^bODwuDeraH]tZ_CZCzWYkXiCaNfHzfmrcfsKuJ_Xbas`SDHMmvTheUmJaAVhX]ruVfRogs_s\\yqK`Ik]GZVERFMNtjdunqAEjxKhmSauX\\Lg_beXQtayHmdPYDvxOdEexm\\cxDjns[hquajRFLduPCxwUuOjXdgnWailGC[NJnFgFmVsTdsCAJVvo`NDpAWPouZTrxKClWl]xQqb_VVnkemMLnxboWYIXpsLSCBVYpQeYsx_ig_Zfc_JHNIEAdOVxdFIXeO]UzUvTIoSpZsHry^oQjEFtwVpavgompGDXCFfNdqyYpPbkH^yFQriaJcXe`VY]z`zSokpssahsFhDhoEZYhj\\yX^OZiAiNX]YPPOvWhFNkKp[\\`kq[wAoQEBuR]WKrrZ\\dPoX`JCkb\\lncCmuyKORXhHLOTeuRvWslUrMkSQRtPNoSNSPj]MgdHDvHcJM`HZgFsCNL`JfuxYH[StAAULoikPeQvFIIEmlqajZLFDJSblgiw\\ojILKweyVdYwQ[A]pLhRtdZovRB]HydvUZQZztboLcUpnIniSEw[BfbLPUPtuIqWA]cqJb]wdsFROdBn_TKDCItjsFJfeitDlxpQ`w`kbzrJ`QwgS\\UbynUsdsyEYrSuyB`QokNboZ]CQkJcI]TITSFycxhhx[RkhxL_kgscOnn_RSbsjWvv^JagvbhrCaeTIlUT`er]ekua_bhQVoxb`WM^W_cJyAahJ[W`xOTE_ZQnPzHUtX\\NcCnm`rwACi^dKMXELHSG\\tCGFZOWXNPb`SEGgdzGRTCqvhcCcDJmEVmjAhhGc`coYwEsIRXbHMpHqMKXqMoUE^]JaUGzwt^lkNXyckuQfces`eto]PQWlOkv[uRnLYeOiDWcoMpFS^i\\sdev\\S]hdGA]^]_hYGFNyWJ]NQAQZKENaOCqQVRtvwebCuFRhHhLY[^\\ZHiLSLNZBnvOZiWCpMSBlc[SKidR]tpFlbWJhFbjiL`OyqszkeVLI\\jrhVBdcwwIyp]sRNVjfcTaCLTTqeas^dxQr_]RExHmPXQIUzh^Pg``IJp\\BhnyVDeUsMBnlDfi\\aQevKzqxDdrEXIhiAQXKIXLmvQHytlMArEbtKaqhwBR[nQ[DTEkmO_SJEszursDRWqNTao_ZZjNHFlyeqEepBZmSlYoSawqDyzDxDH]`aRT_QLDTtVEnONQxDubIzLt]tJIFhBbibEPkFNCaU\\ZLsCpkjGtIaUaVXqfGCxfrnVMJyasprBo_lieqTYWbHYIN_tSOcw^WpcY]qglINDR_`CdjMomebEjUNyfEOdNv^XiJPIAhgNTEHdh]QcCnJtplsDPrAgueqVBIT[ZDoFxTkfMdRJofa[mecxQMtIgzSjNmc`IpJyyEv\\BNrfarsPDWcX`VKNKgYxABXZBlAz\\b\\hiHwDUNbpHDfrJLAnfvoSfx[zpXeorsn\\uuiYZHsxEdqxV`QqlMU`nICkgwNxdnyOPJwO]cU^DrOCH]ePGnDe_Nimsxl]tuTQfbhLdBTJsq]wtzdKSxqpjTjC\\JV`qreI^xX`pYgF[ulillttUaKwE_bRrfjZgoSAMUZvcDVtRlVpcBQkQ]LQhiEzWGiJjNZfbk]WSxRQLQeSIljqUzIJdCS^PZ_\\VLKESkNr`tXSKuEWDlqeWrojEPC`YyHsYpuAGaAY_rR[bpziyw[_duF^X[zDiiZam`tVAEP]lYG`aTIOQTa\\^dP_kXcgbxkpYkiCvdiugymKn`xDSknUHxCJPVec\\duohRGqfFSgfgp_qElK[_TqJVh\\h_mazFYCDx]]ZHYMYGj[H_SLd[IwQEeRdfIGTmh`Nn\\tbPlTGHYDgMTJMaw`w]mzTKsnySsgZJMUCZdUipqJgbfWSytmpHdlB\\`WWyUnOmd]zzGmxcqGgdTl`\\\\AYFqRa\\TbtMxk\\CutyIWSrHpMR]FXIoru]UUIvRw_f`tkeFfdiZnWFIIRQeAEWvZFVDNHhlygMshSOEcLr]jiA[pULDsRRrIkGnVbs^vw[HKN\\qDLBoNuMkEuNtvethVUkwM[iBTTamOtQctVAhP]eN_Vi\\TycQDnmp]_ec]A\\tT[]LefAaeLXsj]YqlNiUlQi\\H[FUlXKPBkuDt^rhyBgrVtFAGnqPRGIDlAEJafoMBIrzcUwOVAVjdqFNUEOxavxucqRtYiHTMZqNBGYlrbtRlZZvvqo\\XrfGKxXlCDphtC]JzsMOg]FzBgIIWWyctfvVokCEjgiolMXjwQwCeaovlgE^oOUgFNoNGGVOpH`znRNpPZLG[vyTrAeHg`P[SCj_XJcquhM]AoH[ZOOVCNMJO[WG]NcQrEhlbiXFqVMnj\\SCtKhXQuXEpaPxm]UgEvfwGVslrJ_hBZ[nIUMRaLAwgcvBY[SUB`inqVv^Sw`HWkDWF]oYPCGtviP_[qSWqKg]kgwmYjzdftaw``vwfuEzYpsIGXD\\eJQLEbfZ`CzaC^NBHTyuvWlvGgDvoogBg_z]cUryt]Wdu_xvbqAmYIaOXUFX_kfkWxt^_lZn]AAYzIBbjHTxouc_ykENPZ[JqgMweZXqXMQYHHPPT^iWWiw]VV`nhM^CarbTvExPk^`bdKWq\\otllDnIkkbPudJLjNsQ`wUPaYgsIUsKyiRsSmQ]DZdK]hVGUUsWSGQ`[eLSXvAVsWQLSQswwVMGTJmsD`^n\\]srXmXibyFIYNSFWKoD]wZwuKMRrSPrXNuW_Zn`tKVyQEhFqg\\tlZR`CvxN`GqOiNkLTwbxWOKRa[gq]G[KqWGxvUTd\\aAmTGPDT]muF^]]PzzcPHkYggXSGnPycy]qOYxZKd]AUaFSteiwVlUUpbGhjxx`MnRHBgNqB`XfekEFbEZ\\FTdreHAgSQkNgxnaPxQNWruqTijF^AGe_\\[tKZ^ufb_loKzhw^qdnMENYn^wYvJRJGjK]uWp[WbpSIBJiBJAK^qRWN[Xvb\\kXNci\\pLCGAJXePuQlUNWmIGgPXnPZzusvrXFaTisqGtJTZhHSKfaTFyPGvYEBvdHGQ\\nrpjYgU`fOwSqjgxOTT`psIyeuerv^mDDxtP][Nuy`SAKdcUUyUnnkfujqE^C^eH]tOsqX[nGYaQ`IoBSP]wJzQSRzagWjr\\uL_QUj^x_agUKVUaCDKmAhy]cvbqrnXWaEVUe^gdl`YcSvIwezeS_F\\NMBhYHhGkIQnFzzw_XbA[PWJhnfMrJFr\\dIIcpN\\EZiZCICweDFvxEAyqsAf][OaDYR\\qrTiJFvBawG_kiboDKuWcKRkoczeKIVeqaFnjXlrJzXtl]uns[]t^vsg`dtbGRqYa\\hJdoFgYCNdnXyShLmkf]GvhZNF^KlsIzTPokKDUp\\\\hPtHfatu_FmEVm\\KbzJNRV[oEi_wBiVqBfOY`F[wRqTDMPuBPz]VgNKSoFDwCwsqkwCj_De\\`Mw[BXbpn]hBLAJn\\vd[C_uUx]SPML^MVBq[RjQX^OI`PrfjnPOcZJYARb]`ESccy\\gKKi\\lfMxoVUFGrd]wwumLcpJkNlSLfaanK[_Eo]xNMdfw\\Vh\\pffEj\\bV`k_utlJpnSwWEXIZx_yzJMPrDrVzu]EjtJ_DyDU\\[qJJZRWY^LGK]cMT\\hqBWJuQNM^vsE\\tJ^_SDFXm\\w]iWtMRxLcQMTERwsvMn\\`YkNAzDtQVPE`ZgMuUAMxh]KgqYNWKKLyAXDyJsNNEvMBInfejxbMb^sw`aKbq]FLEF`CdNl\\mytlPJ_CmcgNcyX]_GZdhgXbqBxCOdB\\MFZdeGgWBIoOpscGiD^]oInGaSvOM]oJaKA^_nsX[Cb`rJlyYrTLF`hERTCSLYJ`UeherFbuKFClaOOXaxqUIdDB^wLLlaMBsCLN\\GGSPYAz^v_DEelNboWkbgGvuWJetAs^CBwZq^FjdD_cYHGHoy[Dg[fpzLYsPVG^CAACiSWEjgH^H_^mQCpv`orbVHZfEM[NxBaXHDY]bVUzTIh\\igcM`LxNIYgbslz]LuaGyFfMdTTK[rONZyxYdNhmESPiWreqWrnYca]cBWdMrnnQKZHunbsyMnCgqxplj^ncDqft\\UXNe[uR_y_xkjCpzpMo^qmEas^UzLMUnOZZKfTltlHsZrAz\\ydOerVebSgmxaRTlKK]QdfU][vmjufjr^tBbyjvtorryboSZnGOh_irSPlJwcuhhxuZhQmm[Od\\loVufcSwnWBTpBiSNazQuKJAgUeJBUoYuNG_tr^TQytRvbegbZ`uOTbaeVNRyIvZbcYbuKZVCgAwRsEEkyccpuKbf`t_dMUHCZkSJClWzJrcSfPmQJaA`TdgYqwVQvmpRstrHmvhMLcgCcPAPHO[gUbjpDtTGWGEWCQZmXe_NtoTkxdqbwFJhSJxRJBEscbpF_PARpNs]kMnaNzsZDlJRxWDtSIcVaffRyOMhd`miNgxGWWDKJepqX_IHLGyge]wEa\\czmKq_z\\DRZx^wEYMvqptZGE]]aFEljtauoEXznQrw[qhOdCcMPANkbIsiiTyuXSbaWcHABNH`yxzPWNs^^r\\igpSgLjQZSx`HPHrAvcLCthmeIdR[\\[X`rsubP[oRwhNBXrzPWrbugYpyDi^cYqysaAPWMQl[ntGL[lMRdBEdt]sYDv^bxMtGiU\\XbdCFGGGnSe_S]MyWlVyDHqTRmJ^bzz]FPojAzy]mVEGYWLFlO^UTWXPlQlTwd`nSHZCh^yWntMiCkuubElT]fJis_ykOf`IqRnQxIXOPGaZKjMAVqlrrLQgykKI`NIHTDrlwdxYg^DWEj_IRxUXthQeAGSMyPjCxYFHr\\DmtTLUIubOMBqbtkOgmNkpQk[XoBYgeXRqtc_a]w]G`DAwYHINKZUdlN\\Itn`G\\veokAiRLiJpldQNk^ygsL\\LChEfGWgiWVedZLMYZrB]P`sHxNYVpsNQ[ZmCvCKpB\\YVyho_QaNBJzv]pwitxRt_IUIzYK]WhL\\nG^JPZtFOfMG\\^PNzURrjbuNe`oFGEqUx^HWRnZZDMesvNh]Jx^CWTlLMP`kfnyKorJxVtvLuso^xBRWrRwJbnydmvJCOinQNZDEEjGPBRI_`NOKyIsUrpdBt`LZjtxLE^Q^xNRILhHPf[D_hzDFqZYYqCK`_g`ITwZBxlMlqjIJhTVZ\\gmkpsVfErhvCmd_HzwjACbwmSOGQPk]glDsuoS\\aowFDRiEFeBhXgYZEqy]dOUpGKORileTg[IMF\\s\\eKAfNDEASenDqqsSZHztCXVUAiBw_LUcy]sYNjcDFOyEya]qcqnx]zZMpgf_BI\\GQKFUxZEj_vnnYRW[LLUiYWGzDgdbEDCxnrnn[ItJlDYbLfo_QKTqnniuEGQRp]f\\tpAb^dzDRKwUx`nXsERtkLJzItiTrbTOXxhVfNAhKP_cqUw`TtZkLmlhgAYdugLkrhwArXmfEei[haIowJAyIcDfLAjeoWm_DolIYwivGogbERAFrehkfNbOeRoriIqhrJWspAVA\\FsUv\\auzemKjBtqM]^HHrNyxzkuuHQrOgPaVMTJkurEWfxpQ`fS]OsertWwlgzsTuwDmS\\zJUWNzJbSBueU\\xVznfi\\qXYEuzk\\iuCxEfJHsfeiSEuqBfWW_xPGeAJmwSSAYFdHshQpoNGIBzIl]bCPcUxlfwTD]WL`TdQM[nyUUabQqHFerXPUQDYEIs\\vUMTXCboXjwRjdhuBmgu_qiMEHqPPKLDcRCAINKOP&quot;,102)" fullname="Open_Lab_03._10.Tests.GetNumberOfCharsInStringTestRandom('S',&quot;lpUVgAn^bODwuDeraH]tZ_CZCzWYkXiCaNfHzfmrcfsKuJ_Xbas`SDHMmvTheUmJaAVhX]ruVfRogs_s\\yqK`Ik]GZVERFMNtjdunqAEjxKhmSauX\\Lg_beXQtayHmdPYDvxOdEexm\\cxDjns[hquajRFLduPCxwUuOjXdgnWailGC[NJnFgFmVsTdsCAJVvo`NDpAWPouZTrxKClWl]xQqb_VVnkemMLnxboWYIXpsLSCBVYpQeYsx_ig_Zfc_JHNIEAdOVxdFIXeO]UzUvTIoSpZsHry^oQjEFtwVpavgompGDXCFfNdqyYpPbkH^yFQriaJcXe`VY]z`zSokpssahsFhDhoEZYhj\\yX^OZiAiNX]YPPOvWhFNkKp[\\`kq[wAoQEBuR]WKrrZ\\dPoX`JCkb\\lncCmuyKORXhHLOTeuRvWslUrMkSQRtPNoSNSPj]MgdHDvHcJM`HZgFsCNL`JfuxYH[StAAULoikPeQvFIIEmlqajZLFDJSblgiw\\ojILKweyVdYwQ[A]pLhRtdZovRB]HydvUZQZztboLcUpnIniSEw[BfbLPUPtuIqWA]cqJb]wdsFROdBn_TKDCItjsFJfeitDlxpQ`w`kbzrJ`QwgS\\UbynUsdsyEYrSuyB`QokNboZ]CQkJcI]TITSFycxhhx[RkhxL_kgscOnn_RSbsjWvv^JagvbhrCaeTIlUT`er]ekua_bhQVoxb`WM^W_cJyAahJ[W`xOTE_ZQnPzHUtX\\NcCnm`rwACi^dKMXELHSG\\tCGFZOWXNPb`SEGgdzGRTCqvhcCcDJmEVmjAhhGc`coYwEsIRXbHMpHqMKXqMoUE^]JaUGzwt^lkNXyckuQfces`eto]PQWlOkv[uRnLYeOiDWcoMpFS^i\\sdev\\S]hdGA]^]_hYGFNyWJ]NQAQZKENaOCqQVRtvwebCuFRhHhLY[^\\ZHiLSLNZBnvOZiWCpMSBlc[SKidR]tpFlbWJhFbjiL`OyqszkeVLI\\jrhVBdcwwIyp]sRNVjfcTaCLTTqeas^dxQr_]RExHmPXQIUzh^Pg``IJp\\BhnyVDeUsMBnlDfi\\aQevKzqxDdrEXIhiAQXKIXLmvQHytlMArEbtKaqhwBR[nQ[DTEkmO_SJEszursDRWqNTao_ZZjNHFlyeqEepBZmSlYoSawqDyzDxDH]`aRT_QLDTtVEnONQxDubIzLt]tJIFhBbibEPkFNCaU\\ZLsCpkjGtIaUaVXqfGCxfrnVMJyasprBo_lieqTYWbHYIN_tSOcw^WpcY]qglINDR_`CdjMomebEjUNyfEOdNv^XiJPIAhgNTEHdh]QcCnJtplsDPrAgueqVBIT[ZDoFxTkfMdRJofa[mecxQMtIgzSjNmc`IpJyyEv\\BNrfarsPDWcX`VKNKgYxABXZBlAz\\b\\hiHwDUNbpHDfrJLAnfvoSfx[zpXeorsn\\uuiYZHsxEdqxV`QqlMU`nICkgwNxdnyOPJwO]cU^DrOCH]ePGnDe_Nimsxl]tuTQfbhLdBTJsq]wtzdKSxqpjTjC\\JV`qreI^xX`pYgF[ulillttUaKwE_bRrfjZgoSAMUZvcDVtRlVpcBQkQ]LQhiEzWGiJjNZfbk]WSxRQLQeSIljqUzIJdCS^PZ_\\VLKESkNr`tXSKuEWDlqeWrojEPC`YyHsYpuAGaAY_rR[bpziyw[_duF^X[zDiiZam`tVAEP]lYG`aTIOQTa\\^dP_kXcgbxkpYkiCvdiugymKn`xDSknUHxCJPVec\\duohRGqfFSgfgp_qElK[_TqJVh\\h_mazFYCDx]]ZHYMYGj[H_SLd[IwQEeRdfIGTmh`Nn\\tbPlTGHYDgMTJMaw`w]mzTKsnySsgZJMUCZdUipqJgbfWSytmpHdlB\\`WWyUnOmd]zzGmxcqGgdTl`\\\\AYFqRa\\TbtMxk\\CutyIWSrHpMR]FXIoru]UUIvRw_f`tkeFfdiZnWFIIRQeAEWvZFVDNHhlygMshSOEcLr]jiA[pULDsRRrIkGnVbs^vw[HKN\\qDLBoNuMkEuNtvethVUkwM[iBTTamOtQctVAhP]eN_Vi\\TycQDnmp]_ec]A\\tT[]LefAaeLXsj]YqlNiUlQi\\H[FUlXKPBkuDt^rhyBgrVtFAGnqPRGIDlAEJafoMBIrzcUwOVAVjdqFNUEOxavxucqRtYiHTMZqNBGYlrbtRlZZvvqo\\XrfGKxXlCDphtC]JzsMOg]FzBgIIWWyctfvVokCEjgiolMXjwQwCeaovlgE^oOUgFNoNGGVOpH`znRNpPZLG[vyTrAeHg`P[SCj_XJcquhM]AoH[ZOOVCNMJO[WG]NcQrEhlbiXFqVMnj\\SCtKhXQuXEpaPxm]UgEvfwGVslrJ_hBZ[nIUMRaLAwgcvBY[SUB`inqVv^Sw`HWkDWF]oYPCGtviP_[qSWqKg]kgwmYjzdftaw``vwfuEzYpsIGXD\\eJQLEbfZ`CzaC^NBHTyuvWlvGgDvoogBg_z]cUryt]Wdu_xvbqAmYIaOXUFX_kfkWxt^_lZn]AAYzIBbjHTxouc_ykENPZ[JqgMweZXqXMQYHHPPT^iWWiw]VV`nhM^CarbTvExPk^`bdKWq\\otllDnIkkbPudJLjNsQ`wUPaYgsIUsKyiRsSmQ]DZdK]hVGUUsWSGQ`[eLSXvAVsWQLSQswwVMGTJmsD`^n\\]srXmXibyFIYNSFWKoD]wZwuKMRrSPrXNuW_Zn`tKVyQEhFqg\\tlZR`CvxN`GqOiNkLTwbxWOKRa[gq]G[KqWGxvUTd\\aAmTGPDT]muF^]]PzzcPHkYggXSGnPycy]qOYxZKd]AUaFSteiwVlUUpbGhjxx`MnRHBgNqB`XfekEFbEZ\\FTdreHAgSQkNgxnaPxQNWruqTijF^AGe_\\[tKZ^ufb_loKzhw^qdnMENYn^wYvJRJGjK]uWp[WbpSIBJiBJAK^qRWN[Xvb\\kXNci\\pLCGAJXePuQlUNWmIGgPXnPZzusvrXFaTisqGtJTZhHSKfaTFyPGvYEBvdHGQ\\nrpjYgU`fOwSqjgxOTT`psIyeuerv^mDDxtP][Nuy`SAKdcUUyUnnkfujqE^C^eH]tOsqX[nGYaQ`IoBSP]wJzQSRzagWjr\\uL_QUj^x_agUKVUaCDKmAhy]cvbqrnXWaEVUe^gdl`YcSvIwezeS_F\\NMBhYHhGkIQnFzzw_XbA[PWJhnfMrJFr\\dIIcpN\\EZiZCICweDFvxEAyqsAf][OaDYR\\qrTiJFvBawG_kiboDKuWcKRkoczeKIVeqaFnjXlrJzXtl]uns[]t^vsg`dtbGRqYa\\hJdoFgYCNdnXyShLmkf]GvhZNF^KlsIzTPokKDUp\\\\hPtHfatu_FmEVm\\KbzJNRV[oEi_wBiVqBfOY`F[wRqTDMPuBPz]VgNKSoFDwCwsqkwCj_De\\`Mw[BXbpn]hBLAJn\\vd[C_uUx]SPML^MVBq[RjQX^OI`PrfjnPOcZJYARb]`ESccy\\gKKi\\lfMxoVUFGrd]wwumLcpJkNlSLfaanK[_Eo]xNMdfw\\Vh\\pffEj\\bV`k_utlJpnSwWEXIZx_yzJMPrDrVzu]EjtJ_DyDU\\[qJJZRWY^LGK]cMT\\hqBWJuQNM^vsE\\tJ^_SDFXm\\w]iWtMRxLcQMTERwsvMn\\`YkNAzDtQVPE`ZgMuUAMxh]KgqYNWKKLyAXDyJsNNEvMBInfejxbMb^sw`aKbq]FLEF`CdNl\\mytlPJ_CmcgNcyX]_GZdhgXbqBxCOdB\\MFZdeGgWBIoOpscGiD^]oInGaSvOM]oJaKA^_nsX[Cb`rJlyYrTLF`hERTCSLYJ`UeherFbuKFClaOOXaxqUIdDB^wLLlaMBsCLN\\GGSPYAz^v_DEelNboWkbgGvuWJetAs^CBwZq^FjdD_cYHGHoy[Dg[fpzLYsPVG^CAACiSWEjgH^H_^mQCpv`orbVHZfEM[NxBaXHDY]bVUzTIh\\igcM`LxNIYgbslz]LuaGyFfMdTTK[rONZyxYdNhmESPiWreqWrnYca]cBWdMrnnQKZHunbsyMnCgqxplj^ncDqft\\UXNe[uR_y_xkjCpzpMo^qmEas^UzLMUnOZZKfTltlHsZrAz\\ydOerVebSgmxaRTlKK]QdfU][vmjufjr^tBbyjvtorryboSZnGOh_irSPlJwcuhhxuZhQmm[Od\\loVufcSwnWBTpBiSNazQuKJAgUeJBUoYuNG_tr^TQytRvbegbZ`uOTbaeVNRyIvZbcYbuKZVCgAwRsEEkyccpuKbf`t_dMUHCZkSJClWzJrcSfPmQJaA`TdgYqwVQvmpRstrHmvhMLcgCcPAPHO[gUbjpDtTGWGEWCQZmXe_NtoTkxdqbwFJhSJxRJBEscbpF_PARpNs]kMnaNzsZDlJRxWDtSIcVaffRyOMhd`miNgxGWWDKJepqX_IHLGyge]wEa\\czmKq_z\\DRZx^wEYMvqptZGE]]aFEljtauoEXznQrw[qhOdCcMPANkbIsiiTyuXSbaWcHABNH`yxzPWNs^^r\\igpSgLjQZSx`HPHrAvcLCthmeIdR[\\[X`rsubP[oRwhNBXrzPWrbugYpyDi^cYqysaAPWMQl[ntGL[lMRdBEdt]sYDv^bxMtGiU\\XbdCFGGGnSe_S]MyWlVyDHqTRmJ^bzz]FPojAzy]mVEGYWLFlO^UTWXPlQlTwd`nSHZCh^yWntMiCkuubElT]fJis_ykOf`IqRnQxIXOPGaZKjMAVqlrrLQgykKI`NIHTDrlwdxYg^DWEj_IRxUXthQeAGSMyPjCxYFHr\\DmtTLUIubOMBqbtkOgmNkpQk[XoBYgeXRqtc_a]w]G`DAwYHINKZUdlN\\Itn`G\\veokAiRLiJpldQNk^ygsL\\LChEfGWgiWVedZLMYZrB]P`sHxNYVpsNQ[ZmCvCKpB\\YVyho_QaNBJzv]pwitxRt_IUIzYK]WhL\\nG^JPZtFOfMG\\^PNzURrjbuNe`oFGEqUx^HWRnZZDMesvNh]Jx^CWTlLMP`kfnyKorJxVtvLuso^xBRWrRwJbnydmvJCOinQNZDEEjGPBRI_`NOKyIsUrpdBt`LZjtxLE^Q^xNRILhHPf[D_hzDFqZYYqCK`_g`ITwZBxlMlqjIJhTVZ\\gmkpsVfErhvCmd_HzwjACbwmSOGQPk]glDsuoS\\aowFDRiEFeBhXgYZEqy]dOUpGKORileTg[IMF\\s\\eKAfNDEASenDqqsSZHztCXVUAiBw_LUcy]sYNjcDFOyEya]qcqnx]zZMpgf_BI\\GQKFUxZEj_vnnYRW[LLUiYWGzDgdbEDCxnrnn[ItJlDYbLfo_QKTqnniuEGQRp]f\\tpAb^dzDRKwUx`nXsERtkLJzItiTrbTOXxhVfNAhKP_cqUw`TtZkLmlhgAYdugLkrhwArXmfEei[haIowJAyIcDfLAjeoWm_DolIYwivGogbERAFrehkfNbOeRoriIqhrJWspAVA\\FsUv\\auzemKjBtqM]^HHrNyxzkuuHQrOgPaVMTJkurEWfxpQ`fS]OsertWwlgzsTuwDmS\\zJUWNzJbSBueU\\xVznfi\\qXYEuzk\\iuCxEfJHsfeiSEuqBfWW_xPGeAJmwSSAYFdHshQpoNGIBzIl]bCPcUxlfwTD]WL`TdQM[nyUUabQqHFerXPUQDYEIs\\vUMTXCboXjwRjdhuBmgu_qiMEHqPPKLDcRCAINKOP&quot;,102)" methodname="GetNumberOfCharsInStringTestRandom" classname="Open_Lab_03._10.Tests" runstate="Runnable" seed="1141614311" result="Passed" start-time="2021-10-19 19:34:08Z" end-time="2021-10-19 19:34:08Z" duration="0.000102" asserts="1" />
            <test-case id="1032" name="GetNumberOfCharsInStringTestRandom('Y',&quot;uuG`lcJWS]xxFfAPPLR`N_tiYbhmocYfLJnRxcFgGosbeTxVHyuCxm[WBXGJvWckESlvriRhGeYYfREFdSeqhVhZiXPa\\vljLI]RbB^YgMvSUBkjSBadmmCifSM[ZkMKtjM]on^coLJ[[UFhg`N[VIxZFogPoDzvAkZfoOu`^xobcbOQN`nt^mpklnWAGOnlLN[jv[sYehwXUWr_aVBPPGYOvitBruZPKDVUH`UngVOqpXWVvs[kM_\\FpLnMarbkOgNRA]WABOcurcY^S^Fy[iCfbP`wlHMpo_bJKFUY]ZjyvbONmQuDlcQadbjlxZPtBnGSAPSNJh\\AyEkABRJ[NJELOB`cVd\\DKpwH[vM^xhtEHPb_qjkfPogsjvEzjkr`LYqIIc`FEg]aPzEyZBlftpnVJDY`qNoNpUsiZYWOKebdSGcjqG`iyMgWf[yEKzPrsOkvHV_Af^[OOJDD[ijjiFPdh]CzZRDLVjkDVhc\\c_D[lXH\\Xvd]Q`ImzHNeS`bT[Pt_ZAinFNHJCprPUbb_hbvqbyDNZxIDxjA]_dCXMqWCXyjKQxQlxCftTDx[w[TIFEMToUll_KRrKtYcOtx\\hWGuDHJ[fb[l]OwTmWVvM_MmkoiZeUMC^r\\iyRPhLRFwjaUwxFqs^BPIKTKPZjpRVXOfmNV[GijvZPDKZl]`_T`\\bS_fHAO]\\obRRjJjjVlpSUiuPzphMPmCsmD[jkSGZMZfilskbnpJcjJNedVHKaQLC_Y`gjAzCeWFvDL^GFFYZc[JdqqFULwswNdJTTDsnqGxTDRaYrAE[slZEPwqtufri^Jh[BKnCNed]]q`_Ph^KsYE\\JFEXNysLPOqueGWhNCMNIxbYXReNIhqEFLQwGWoPmYNNAetIQpwqLrTM^fAvUfCbYlpYqZbrNx\\jjUYmY]xSkztOsDZ[WsuGVfpPp[RrOFcNWd^JNN^sikrYraanzG[VCUTE_JwxKFDeXgsOaQNIUCYfoWXOu^rIeNKBQYeDRahchMBKiSNjtSAAviQIlhDgOvzK\\qyHgJroVqxbUMacQHPSNKGbI\\Rd^ATlMrisUGDj\\LfEkin`H[WHghxRjWzKrNRU^MU^^hNKE`rB`BqZim]CeLF`uXIxGtrOtQb_TQBZNMDGpvmh``\\FkPkRGpdG`QDLidHO[RGYlCpXIzjye[XbXm^eaPY_guuxJsXMo_NNYDTh[SIHFe\\Es\\nwF]hKtblqIrOQb^KGNJITYpKOGRZCZqEhE\\GRqCUrS^`cDs`cZVqiS[^QSZEcIiXSnaMFWtPLpRAvPbKOlrcDzWUdxqyXylidGNp]f[LaFfsA[cAkOprRGTSWLdHaurNDdWoCmhcRfCxU^TJVpOJIuX^muYQCSffNYoXDnyxaM`fEVyts[mkgiEJLtCHUXayAWjwiwFbrQcvUlZWw`Yc`uz`TfLKlqdJgbfhfCKvULtWFIo[ZgLpyyYFXKcDkvpAgZPnFlkuU]NUAcZKrlkFfoKhIaQ\\ZHLYVskgtAVivR[\\kEEokYLyLkVrOcf_[P[NQpyIsnRrVCJTTjwD\\]kBvNNe]sXQUqNgqNKvFwwxGUcIaB_`fcCy_ZRDbTfzVA]`o^^G_Bx``nuaeED\\UsfmnPHXvGTlRwbFsDUD_XAde^Yk_kZ]QKf^Vjl`WGKXhLOcMoiakAwwrBIQqWtKhq\\GRDkIRphYMcwYOq_jCsmPNjfTb\\izNAkqkHRIEaPuT_jOFjBzrJIoEMtcXXaqGhLMsFiG`Wf\\drvjzXNsZjHDrvm^OjkgzYofS]WABv[\\_gLMQJcAJiWXaIVxSKspfy]KDPW]ANq_Of_Kj`MEGj]RCXFKHZhqCep`KBJBnFzwrsJudKNnxniw\\LIfKMVbaz\\dpzziWLRBjaZJOKbwLutPwtDzs^rbkYVrX`EdL_Wm]hMvlzXzeYVfGMhwvApsUkQRKbliGxlh^GmOhINtFrwSCklLsIiLi_YmXukKNjtghiIAZYOmmvm]nyP[q`pxPayziArmYDgWyPeTckmZtvYmlvyYfPThuvWGkIRZb]UiPW_^TvsFnVEUHLNmBYHIjy]Cs^dZYTsXak]VX[EjXOu_rCz_u`XIULzRu]epSYg[^gnXisVaTYl\\ExKq_E_tvjCVkL[vqOWybZBKOcpBJqpwZ^NwRoRNtn_neYg^X[kFBntewzbvO^jEuGvNx_dBxIEouNaqvSdjGkugecARMVzWD[t^]Z`tqiHtiEjiYlAwtzyKLPcV_RpbJhl[TDT]nktXcBxatRt[VC^D\\jSMqKV_tajASPUVX^IJGbbKSB]MYULGKhzekHfdUU_BRwNdx^CstUwuHIupiJF_VdqfPkeQr`omCasWosPvSTMqlE]cNquLOAgiFcUMsmAUaKrbP^AqtKMCWAtKNBDBfc^CuJQM_CC`SsQaNvTjqERDodSFiJyqizjxgpgGNoSrIgk^jTxSiTKaR[OQrK_UDLqSJStXPM]Cm[vHtoWULgIUoIgMaVOCPxnwpXUWZ`C\\rInq_GXDoJJWD]^AghqtyZmpgzS]Zzvfeg]gVpi[yLOGoWsTtTkliJ^YWyK`oudpN^mXzrfqzWvmLfBQGycGOJx[IEQWfIfDcYtQd\\UCitmSOlNkxtZpS^bDaRPuaPLqkrJmlkgee`YUWeMWq`ZljqlFrpkRMZ\\ZiwbWb[yMNoKmEMgvFsDBpZHuFEvwAUYLEzg[DppWaM_ufyAeIoMUV[dOphQ^`CMsWziFaMsPCh[cvMOHEQnLHDpdVXfV`Sq_Af_gPuEwwxRhzATdZJZPOAkSJEkJa]kkrwcPhbrJLrPKmHeVDCwVtaPzuL^KKvVZNbqDXDvrSPEXlaaB[VF_aUqQgcV]EgzQ\\qwKRaxzHEDd]rOUf\\koprssk`WoiZnfQnvudVjtYGX\\RNooUAqdwK[exE[mKIQiRXTiwTkPlqWj[Wb^lb[hcKjFTRx`vxjPpiKttFsAQbrGnlKa]xAdhcGHiOVeWKUnHHtlMhdgi[XASdRbHXCxwGcNcDLfjOeFMDzgsYUpTUuNLFoFwo]yIWrA_fII]yw[pSoPefjiDNecLVC^OGjvlfxqMyHMQLTUY[XsR`[QFovumPpJdetVPAiKUyCg^]YruQJlyJMjfYqxjCExJydfRxEXlM_T]oncVEA\\FDL[YKjrKl[SuF^`tm`wLmzlftMreNbfBcrFmJNHNNMAmLYXROjc_DQTE[o_xsMwKoRRNXmj`Yjx`zzZ[p`W_yHxR_BSUiJUAQqxuGKt]zDFUTnE\\UEITpYLhTAiWZVrOUwPJB`Tegu_vBdylwrzeABKrePaG\\]CeLrzW_vZpk^hvuQfkCx[cWNNTlX_lyNJJsujKdcMAXKt]UPxUeqE_CZOydgeGXhq^U^Dzb\\G[kZKLTky][KHIJeGYgkbxxGdkTWIqMxnJjdodPCfshIgMaiTkXeTqtJ]dp[swcIP]XyY`p^JdFiPpZXKeCXZbewPaHKooJiP`sJpbQouu[jlKthJYQOuLihs[irYejU[WZkwPbcUO]`GuLEgZAV_voEqKRVtYWQKGPUlIkuqhtgiJayPeLydTq`cVumyMjwrMUAfqT^jG_qBIVgdTFPNXgrQkmWOxveyxo]paTZRhO^oz^ZzNIfG[i[a]kuDwPlLusETsrDAgyaIJDQMTWApQ__OUwSpYWUX^RuHZFGWFf[]IRXZ[ik`PwuWTpzw`NbQdIfrIJnNPejfDCGC`sVkfoHbW_neGKqrDKszgaRQu]QfMPSRjwXgsrepAE[eVJHFnsbtJGWybEpJ_]UHL]vJmKzMaDzcFgvlVKsUiZHcaYFnB[R_jTYtOxSctVTGHotuJEnTeAYmVSdUFLKFm[smOB^XsP[SGA\\l`Kexhxuiuf_vUy^hLNUgvGfHaV[U`GgUqroubMXoaJsd^bDulnHsgppY_]WR^`JozJE]JdGzpaGmOCezRadmyniBCWWEpGRBADdT]bkIgICFjDK\\sXzwvWpL\\D[nNBJjPFlKYQ]kp\\FqlcSyLuMXGUFdOYrZGxueySqeSACcvOG[Ry[tk\\bSplduzHwAYDesa\\rYligLre]rOeSPxyieVcpMjweKECJseNupHCHCpW\\LPlfVpgC[Uz]yffipE]Hp[eNAk]IvqfpzGexxQOVXzj^elvK\\USyTPfke_eeS_HdjK^rBhk_pHjqlHcPoSgb^h]j[tSZfeCtrFn[NDIodoJM`pz^wVpzr`GCinWIVQsLEqygTICkJsxj^QJeuo^QoCBRyllZgAZSvyHjrTKnTFpzcX_YdmNancWBoghbWcDJYfn`I[nbejxjMBjbNTpums_TbFuLgdXkBgbxdzQJygwEehonwFUDmIXaGZxC`buBRMha[mxODgwFw[jtRHPaPUxsPAqKBNdXmvmYzOTJHFzGMRdfkElYSUmxOpRZvnNpC`TBiQtCoFZJUqfxXLZw]KEXIoJKwtNTsJDhycwZKieNuccXKTCkTQTs[vstHjFurFQLmxzoOAmnar^aLlAcq^AcpLMCjCS\\cjVpRXeMUN\\T^aRdYShWj]DUFiValwELiRKq\\hOoGnOdBgEPudeXUvmFgBkcCD\\XJPfMV\\HkEtPvO[SYeFgHShrm`EK[xflCSqZmBrtY\\tT\\fqrLiRywWTF\\YshRRhmZINdYAaXmMOgYUVGiNylggofykyTIKcGnGuSYNYKIuLkIhgHCmyDSwGmTbehCNOceIsS[Di\\oocm\\E^REqQWL_nrAHzqdlHvfdFAoUhzE^O^TUQOESdLwrWFUBRSDrrDhhGry^^jJQSiPQ^gqklQIvynNzfmCVwMfLqgNZQbptCg`hqE^f\\SFbvliSeyrkgoUFDEZrYX[K\\OtSO`JbPXudHEPFxvoRkEMNSZemegNDrvFgrWDFpP\\PukyyoTu^dJZWBfApuXxcKqmLydOari]\\cwTb\\fxRljZh\\ifLWOKXSsFDxmALFTfuhyoFSYUPZfr[WEkPyCKc_EJkrQdifmLYD`A^u`txuvygBfgtCkNDIDWcpENBofeg[YWrDMUYINhdG]iMdkfu`IPAJXiqSrJPRRLcOppqVpvvVm]SVBYEAkHSJWif__FQEYSpQFxoup_kNUeWvW\\QZEPaKtZsGJRrjerw[gBPEeJKLWFolSkIDpqzJleXgFhk^gBc]hvPULLpvEVnoeGoZJotnsnjBedzwYg`V]SDW[nrdBEEWqcBysRTrHoeuMNkcMt]XpYRSCYyWxPmoiTKBbADHShNiiJKNCOXIbhaYRjv[SxusCqMsCjAMpVEILdetOlTiseMBmmksEcoVmUgrxRLTNKSMcYMhECMbdMzYdKGPyIHMajVqxmww`A[hRzZUaCoCWNmaVONmLvVFDGgsCVkRFQBdlRGelljvUEqSxp\\i_KlefVeLTaSKR]xGMIpDHdA[MZlyPTvNuBnv_XyWhvQLZ_erHkFozXbvKRXMdfvzeEQPiCbpKZWMSoAiptr`OHN][skNzmmBzRbUOUIEIQdaBUcVQiWjnWl^qnpqRTpYgUMBNg[[kmWx^h\\FPVxRVCNcaD^[_Rnp[KtgHaIdOwyBAnzJSjbwW_DeHe\\JJAvYza]TopxjMTCZDMcmETIpkqZwHP_^Fz[OAaBZQgV]lsjC\\eauBjEprGiIHaL_Q[dNtoY^LJ\\YyfEsGW[]je]WufWtssRk[qMRO]JhLCjsNfqMCpCkFjpgxNTNX_fSrlyIYmeeNnRgudIOoJrCqaelAaTAJvPgWXA]hioPKX]SYJlUFEZOhd\\QGNHsYe[S^eP^cgbGVcrZDSSrozvE]BznvkVZavqawKontOlY^SsElCMnuQDZiWq]e]bsQHaZlR]t_`y`O]bJIuCt^c`QsXraTRJWhsIWmZTZaTOVR^LMogUjZiUhbPbUZv`NWbsVTLXjbcSKUKzUMflhxZxz_[o]ryAenByjfpsdPfHrVKTXQNIoJsQxetrtWurdciXTLPiWmIYSRGdTHXMepL[ukBFmyzMUn_OhnAMB_lCB[yf_P^mziMnWN]cJJwYnvE_mrvaGLKGEJZ[mWa][NNfakr[QXCrcTOGWZshUwfo^GjMoBqndZx`hYxCz\\PiIT_kuSES^tI^bZH[BegPbOOIVjYx]qhsgwfKcyS\\w^QjRZxOQ^AUpAHtEVVLuGqgMPrfnxrCSKSDy`qvlJhyqSDgpmFMdGbqhd^BcS\\TfxCeiDu``ZZkZrqtMLqBrfZLd]VVCpTZiTTsQYylrahKgrWqmdpX\\[]z_qBLh`^jGABF_xdnNEKQyP`lF`cYzvxOrTUZWmDRDxDfpQRpACKXPLBPRQFHxEkKDmOLdJW[AsNALtvpOnYxlaygRFIGgvUyMtcCCGLqfjWXyADXUQtJgmZ^obu_APnE^OoSQsnIcbSBJbiQBkmWCKSZ[FO[MgqVvRtjMkH\\^lbE[XTMtd^P^XCTwUsLeSvvlwFsiyDQdRsQdNzCmBacJas_OansswrKpfT_R[_uaMgM_lkiVpYcmTmLEbeHLKYhZi\\xu[lR^fCxufz^pE^C^PY]tIZjqWjVnymqQmnuEHEGRpQYcGRHhVKKQzDmAC\\GwgJvtJMDQdyVKRKErBHjFciXob`QjBtCfyJefV_YtOqDXoAyozvzulBUylGSdwTPjwkLHaY\\]ipqleAAaa]jGuHtxpguOMpxvaU\\EprOaZ]MwLcTkGlCZdIpoqOSu_NQtrvKQ`vljNJhXuxmMSJH\\m_RY_gOa`UCLMTEPXDLLzTL[\\Xus]FbUGoGTemlthKKtG]Lbs]oOxw\\YSqwHlVEZmhFXMlffSS^oJSUzLSzARSWJTiBnqdHRGkHYWoUHqJwf&quot;,130)" fullname="Open_Lab_03._10.Tests.GetNumberOfCharsInStringTestRandom('Y',&quot;uuG`lcJWS]xxFfAPPLR`N_tiYbhmocYfLJnRxcFgGosbeTxVHyuCxm[WBXGJvWckESlvriRhGeYYfREFdSeqhVhZiXPa\\vljLI]RbB^YgMvSUBkjSBadmmCifSM[ZkMKtjM]on^coLJ[[UFhg`N[VIxZFogPoDzvAkZfoOu`^xobcbOQN`nt^mpklnWAGOnlLN[jv[sYehwXUWr_aVBPPGYOvitBruZPKDVUH`UngVOqpXWVvs[kM_\\FpLnMarbkOgNRA]WABOcurcY^S^Fy[iCfbP`wlHMpo_bJKFUY]ZjyvbONmQuDlcQadbjlxZPtBnGSAPSNJh\\AyEkABRJ[NJELOB`cVd\\DKpwH[vM^xhtEHPb_qjkfPogsjvEzjkr`LYqIIc`FEg]aPzEyZBlftpnVJDY`qNoNpUsiZYWOKebdSGcjqG`iyMgWf[yEKzPrsOkvHV_Af^[OOJDD[ijjiFPdh]CzZRDLVjkDVhc\\c_D[lXH\\Xvd]Q`ImzHNeS`bT[Pt_ZAinFNHJCprPUbb_hbvqbyDNZxIDxjA]_dCXMqWCXyjKQxQlxCftTDx[w[TIFEMToUll_KRrKtYcOtx\\hWGuDHJ[fb[l]OwTmWVvM_MmkoiZeUMC^r\\iyRPhLRFwjaUwxFqs^BPIKTKPZjpRVXOfmNV[GijvZPDKZl]`_T`\\bS_fHAO]\\obRRjJjjVlpSUiuPzphMPmCsmD[jkSGZMZfilskbnpJcjJNedVHKaQLC_Y`gjAzCeWFvDL^GFFYZc[JdqqFULwswNdJTTDsnqGxTDRaYrAE[slZEPwqtufri^Jh[BKnCNed]]q`_Ph^KsYE\\JFEXNysLPOqueGWhNCMNIxbYXReNIhqEFLQwGWoPmYNNAetIQpwqLrTM^fAvUfCbYlpYqZbrNx\\jjUYmY]xSkztOsDZ[WsuGVfpPp[RrOFcNWd^JNN^sikrYraanzG[VCUTE_JwxKFDeXgsOaQNIUCYfoWXOu^rIeNKBQYeDRahchMBKiSNjtSAAviQIlhDgOvzK\\qyHgJroVqxbUMacQHPSNKGbI\\Rd^ATlMrisUGDj\\LfEkin`H[WHghxRjWzKrNRU^MU^^hNKE`rB`BqZim]CeLF`uXIxGtrOtQb_TQBZNMDGpvmh``\\FkPkRGpdG`QDLidHO[RGYlCpXIzjye[XbXm^eaPY_guuxJsXMo_NNYDTh[SIHFe\\Es\\nwF]hKtblqIrOQb^KGNJITYpKOGRZCZqEhE\\GRqCUrS^`cDs`cZVqiS[^QSZEcIiXSnaMFWtPLpRAvPbKOlrcDzWUdxqyXylidGNp]f[LaFfsA[cAkOprRGTSWLdHaurNDdWoCmhcRfCxU^TJVpOJIuX^muYQCSffNYoXDnyxaM`fEVyts[mkgiEJLtCHUXayAWjwiwFbrQcvUlZWw`Yc`uz`TfLKlqdJgbfhfCKvULtWFIo[ZgLpyyYFXKcDkvpAgZPnFlkuU]NUAcZKrlkFfoKhIaQ\\ZHLYVskgtAVivR[\\kEEokYLyLkVrOcf_[P[NQpyIsnRrVCJTTjwD\\]kBvNNe]sXQUqNgqNKvFwwxGUcIaB_`fcCy_ZRDbTfzVA]`o^^G_Bx``nuaeED\\UsfmnPHXvGTlRwbFsDUD_XAde^Yk_kZ]QKf^Vjl`WGKXhLOcMoiakAwwrBIQqWtKhq\\GRDkIRphYMcwYOq_jCsmPNjfTb\\izNAkqkHRIEaPuT_jOFjBzrJIoEMtcXXaqGhLMsFiG`Wf\\drvjzXNsZjHDrvm^OjkgzYofS]WABv[\\_gLMQJcAJiWXaIVxSKspfy]KDPW]ANq_Of_Kj`MEGj]RCXFKHZhqCep`KBJBnFzwrsJudKNnxniw\\LIfKMVbaz\\dpzziWLRBjaZJOKbwLutPwtDzs^rbkYVrX`EdL_Wm]hMvlzXzeYVfGMhwvApsUkQRKbliGxlh^GmOhINtFrwSCklLsIiLi_YmXukKNjtghiIAZYOmmvm]nyP[q`pxPayziArmYDgWyPeTckmZtvYmlvyYfPThuvWGkIRZb]UiPW_^TvsFnVEUHLNmBYHIjy]Cs^dZYTsXak]VX[EjXOu_rCz_u`XIULzRu]epSYg[^gnXisVaTYl\\ExKq_E_tvjCVkL[vqOWybZBKOcpBJqpwZ^NwRoRNtn_neYg^X[kFBntewzbvO^jEuGvNx_dBxIEouNaqvSdjGkugecARMVzWD[t^]Z`tqiHtiEjiYlAwtzyKLPcV_RpbJhl[TDT]nktXcBxatRt[VC^D\\jSMqKV_tajASPUVX^IJGbbKSB]MYULGKhzekHfdUU_BRwNdx^CstUwuHIupiJF_VdqfPkeQr`omCasWosPvSTMqlE]cNquLOAgiFcUMsmAUaKrbP^AqtKMCWAtKNBDBfc^CuJQM_CC`SsQaNvTjqERDodSFiJyqizjxgpgGNoSrIgk^jTxSiTKaR[OQrK_UDLqSJStXPM]Cm[vHtoWULgIUoIgMaVOCPxnwpXUWZ`C\\rInq_GXDoJJWD]^AghqtyZmpgzS]Zzvfeg]gVpi[yLOGoWsTtTkliJ^YWyK`oudpN^mXzrfqzWvmLfBQGycGOJx[IEQWfIfDcYtQd\\UCitmSOlNkxtZpS^bDaRPuaPLqkrJmlkgee`YUWeMWq`ZljqlFrpkRMZ\\ZiwbWb[yMNoKmEMgvFsDBpZHuFEvwAUYLEzg[DppWaM_ufyAeIoMUV[dOphQ^`CMsWziFaMsPCh[cvMOHEQnLHDpdVXfV`Sq_Af_gPuEwwxRhzATdZJZPOAkSJEkJa]kkrwcPhbrJLrPKmHeVDCwVtaPzuL^KKvVZNbqDXDvrSPEXlaaB[VF_aUqQgcV]EgzQ\\qwKRaxzHEDd]rOUf\\koprssk`WoiZnfQnvudVjtYGX\\RNooUAqdwK[exE[mKIQiRXTiwTkPlqWj[Wb^lb[hcKjFTRx`vxjPpiKttFsAQbrGnlKa]xAdhcGHiOVeWKUnHHtlMhdgi[XASdRbHXCxwGcNcDLfjOeFMDzgsYUpTUuNLFoFwo]yIWrA_fII]yw[pSoPefjiDNecLVC^OGjvlfxqMyHMQLTUY[XsR`[QFovumPpJdetVPAiKUyCg^]YruQJlyJMjfYqxjCExJydfRxEXlM_T]oncVEA\\FDL[YKjrKl[SuF^`tm`wLmzlftMreNbfBcrFmJNHNNMAmLYXROjc_DQTE[o_xsMwKoRRNXmj`Yjx`zzZ[p`W_yHxR_BSUiJUAQqxuGKt]zDFUTnE\\UEITpYLhTAiWZVrOUwPJB`Tegu_vBdylwrzeABKrePaG\\]CeLrzW_vZpk^hvuQfkCx[cWNNTlX_lyNJJsujKdcMAXKt]UPxUeqE_CZOydgeGXhq^U^Dzb\\G[kZKLTky][KHIJeGYgkbxxGdkTWIqMxnJjdodPCfshIgMaiTkXeTqtJ]dp[swcIP]XyY`p^JdFiPpZXKeCXZbewPaHKooJiP`sJpbQouu[jlKthJYQOuLihs[irYejU[WZkwPbcUO]`GuLEgZAV_voEqKRVtYWQKGPUlIkuqhtgiJayPeLydTq`cVumyMjwrMUAfqT^jG_qBIVgdTFPNXgrQkmWOxveyxo]paTZRhO^oz^ZzNIfG[i[a]kuDwPlLusETsrDAgyaIJDQMTWApQ__OUwSpYWUX^RuHZFGWFf[]IRXZ[ik`PwuWTpzw`NbQdIfrIJnNPejfDCGC`sVkfoHbW_neGKqrDKszgaRQu]QfMPSRjwXgsrepAE[eVJHFnsbtJGWybEpJ_]UHL]vJmKzMaDzcFgvlVKsUiZHcaYFnB[R_jTYtOxSctVTGHotuJEnTeAYmVSdUFLKFm[smOB^XsP[SGA\\l`Kexhxuiuf_vUy^hLNUgvGfHaV[U`GgUqroubMXoaJsd^bDulnHsgppY_]WR^`JozJE]JdGzpaGmOCezRadmyniBCWWEpGRBADdT]bkIgICFjDK\\sXzwvWpL\\D[nNBJjPFlKYQ]kp\\FqlcSyLuMXGUFdOYrZGxueySqeSACcvOG[Ry[tk\\bSplduzHwAYDesa\\rYligLre]rOeSPxyieVcpMjweKECJseNupHCHCpW\\LPlfVpgC[Uz]yffipE]Hp[eNAk]IvqfpzGexxQOVXzj^elvK\\USyTPfke_eeS_HdjK^rBhk_pHjqlHcPoSgb^h]j[tSZfeCtrFn[NDIodoJM`pz^wVpzr`GCinWIVQsLEqygTICkJsxj^QJeuo^QoCBRyllZgAZSvyHjrTKnTFpzcX_YdmNancWBoghbWcDJYfn`I[nbejxjMBjbNTpums_TbFuLgdXkBgbxdzQJygwEehonwFUDmIXaGZxC`buBRMha[mxODgwFw[jtRHPaPUxsPAqKBNdXmvmYzOTJHFzGMRdfkElYSUmxOpRZvnNpC`TBiQtCoFZJUqfxXLZw]KEXIoJKwtNTsJDhycwZKieNuccXKTCkTQTs[vstHjFurFQLmxzoOAmnar^aLlAcq^AcpLMCjCS\\cjVpRXeMUN\\T^aRdYShWj]DUFiValwELiRKq\\hOoGnOdBgEPudeXUvmFgBkcCD\\XJPfMV\\HkEtPvO[SYeFgHShrm`EK[xflCSqZmBrtY\\tT\\fqrLiRywWTF\\YshRRhmZINdYAaXmMOgYUVGiNylggofykyTIKcGnGuSYNYKIuLkIhgHCmyDSwGmTbehCNOceIsS[Di\\oocm\\E^REqQWL_nrAHzqdlHvfdFAoUhzE^O^TUQOESdLwrWFUBRSDrrDhhGry^^jJQSiPQ^gqklQIvynNzfmCVwMfLqgNZQbptCg`hqE^f\\SFbvliSeyrkgoUFDEZrYX[K\\OtSO`JbPXudHEPFxvoRkEMNSZemegNDrvFgrWDFpP\\PukyyoTu^dJZWBfApuXxcKqmLydOari]\\cwTb\\fxRljZh\\ifLWOKXSsFDxmALFTfuhyoFSYUPZfr[WEkPyCKc_EJkrQdifmLYD`A^u`txuvygBfgtCkNDIDWcpENBofeg[YWrDMUYINhdG]iMdkfu`IPAJXiqSrJPRRLcOppqVpvvVm]SVBYEAkHSJWif__FQEYSpQFxoup_kNUeWvW\\QZEPaKtZsGJRrjerw[gBPEeJKLWFolSkIDpqzJleXgFhk^gBc]hvPULLpvEVnoeGoZJotnsnjBedzwYg`V]SDW[nrdBEEWqcBysRTrHoeuMNkcMt]XpYRSCYyWxPmoiTKBbADHShNiiJKNCOXIbhaYRjv[SxusCqMsCjAMpVEILdetOlTiseMBmmksEcoVmUgrxRLTNKSMcYMhECMbdMzYdKGPyIHMajVqxmww`A[hRzZUaCoCWNmaVONmLvVFDGgsCVkRFQBdlRGelljvUEqSxp\\i_KlefVeLTaSKR]xGMIpDHdA[MZlyPTvNuBnv_XyWhvQLZ_erHkFozXbvKRXMdfvzeEQPiCbpKZWMSoAiptr`OHN][skNzmmBzRbUOUIEIQdaBUcVQiWjnWl^qnpqRTpYgUMBNg[[kmWx^h\\FPVxRVCNcaD^[_Rnp[KtgHaIdOwyBAnzJSjbwW_DeHe\\JJAvYza]TopxjMTCZDMcmETIpkqZwHP_^Fz[OAaBZQgV]lsjC\\eauBjEprGiIHaL_Q[dNtoY^LJ\\YyfEsGW[]je]WufWtssRk[qMRO]JhLCjsNfqMCpCkFjpgxNTNX_fSrlyIYmeeNnRgudIOoJrCqaelAaTAJvPgWXA]hioPKX]SYJlUFEZOhd\\QGNHsYe[S^eP^cgbGVcrZDSSrozvE]BznvkVZavqawKontOlY^SsElCMnuQDZiWq]e]bsQHaZlR]t_`y`O]bJIuCt^c`QsXraTRJWhsIWmZTZaTOVR^LMogUjZiUhbPbUZv`NWbsVTLXjbcSKUKzUMflhxZxz_[o]ryAenByjfpsdPfHrVKTXQNIoJsQxetrtWurdciXTLPiWmIYSRGdTHXMepL[ukBFmyzMUn_OhnAMB_lCB[yf_P^mziMnWN]cJJwYnvE_mrvaGLKGEJZ[mWa][NNfakr[QXCrcTOGWZshUwfo^GjMoBqndZx`hYxCz\\PiIT_kuSES^tI^bZH[BegPbOOIVjYx]qhsgwfKcyS\\w^QjRZxOQ^AUpAHtEVVLuGqgMPrfnxrCSKSDy`qvlJhyqSDgpmFMdGbqhd^BcS\\TfxCeiDu``ZZkZrqtMLqBrfZLd]VVCpTZiTTsQYylrahKgrWqmdpX\\[]z_qBLh`^jGABF_xdnNEKQyP`lF`cYzvxOrTUZWmDRDxDfpQRpACKXPLBPRQFHxEkKDmOLdJW[AsNALtvpOnYxlaygRFIGgvUyMtcCCGLqfjWXyADXUQtJgmZ^obu_APnE^OoSQsnIcbSBJbiQBkmWCKSZ[FO[MgqVvRtjMkH\\^lbE[XTMtd^P^XCTwUsLeSvvlwFsiyDQdRsQdNzCmBacJas_OansswrKpfT_R[_uaMgM_lkiVpYcmTmLEbeHLKYhZi\\xu[lR^fCxufz^pE^C^PY]tIZjqWjVnymqQmnuEHEGRpQYcGRHhVKKQzDmAC\\GwgJvtJMDQdyVKRKErBHjFciXob`QjBtCfyJefV_YtOqDXoAyozvzulBUylGSdwTPjwkLHaY\\]ipqleAAaa]jGuHtxpguOMpxvaU\\EprOaZ]MwLcTkGlCZdIpoqOSu_NQtrvKQ`vljNJhXuxmMSJH\\m_RY_gOa`UCLMTEPXDLLzTL[\\Xus]FbUGoGTemlthKKtG]Lbs]oOxw\\YSqwHlVEZmhFXMlffSS^oJSUzLSzARSWJTiBnqdHRGkHYWoUHqJwf&quot;,130)" methodname="GetNumberOfCharsInStringTestRandom" classname="Open_Lab_03._10.Tests" runstate="Runnable" seed="377230746" result="Passed" start-time="2021-10-19 19:34:08Z" end-time="2021-10-19 19:34:08Z" duration="0.000117" asserts="1" />
            <test-case id="1033" name="GetNumberOfCharsInStringTestRandom('O',&quot;PA]xvZWEIZQvE_jsoiKMiYKvcXyrJHWllfZBRsiivCciH[jqYxUO[MzqpaU^\\_uAD`KYFiawz]Qfq]nHiHZMmHQ_gcLk^KNXHbecQRlkXYPywTATnNpTFiOwPfl]]qYoPt_OrLrXWjoUrRcTbsxQVtRZTiSe`OObz[iCpl\\cVYxWttExDXvdsIZWbEvIsMrH[NVXd`_pXVuxwvaZeVbHTeirBS[kqSjIapvf_gU^tFL^N\\Zf_]_^fkoq`_WQFozFfmXGAuuxADOOZKd`soLUoM]pBFGAQDYEFGr\\ETfeba]c]aWUuqXQcfQZPbFvnuhwfJISTI\\`JbmOjuT\\imG[gI][pYL^Okqhs`wSXEBlUsGAsCjUNdMAoNQ^gh]uwyQZkFVJyBDelUFnB\\cnirPe^qtfPZgkbGpWbhQmhaWMacPZH^\\LFjLFigwuMju`UTCe_iLULqFI\\DDuaZ_lx\\erukivlW`yfqrN`evZRHAOeDdfcBTnLIbtiLjoAQdoQH]eLqUw_E[q\\VNrGCSjCmn^Px`UuGYB_Ly^azZmgXPGilYSyshxxtm_UzVNQABXfYRQXkRHdaDe]gp^`NWCZ\\EfYZJbdL\\gWr[P[IuNaaTWqHBhJsiDdyyKUgrxbk^YFWOfMaDWSI\\sHhpRY\\Xl]XCXtQunRwgqCvRZsW\\dpRl\\]FChr``FSmvhUqlwfPFV\\fqMWVYCAowLfavoNNwlXb_QzdFCe`x`MVzrPqQ\\H^F_qkCnvxiYTUxuHaMmQWX[qWyPaD_Ww[du]A[PbSGhq`MrYFkje_LlFehZlmMsYS\\skDYGGwLyPkeRKGr\\TpmYOsorSA^pFOO_DTHUhdchSN\\VAWPeul_caDerOaoFYWsB\\GNqz^njMEFBXYrvltuUjfyAjPFGp^OwUZutJYfXxoV\\xc[qjsU`\\^SpINHjXhujqJgx_xmSN^XuP]CGoPXwJj[qGElwRvzQtgfow^RlFCRyGY`fKAvHPyaGipqZMqAS_HAdrNKRyfqHX]ki_GlQArAvG_FGgr`PBzZzXwowqdJdHZjLFIvFEjSgGF^SHDeGGaFYCkRcRo[WhWngouB_wZKRhnsSZ\\onyD^bTRJUqTnPPvykRq_NBGKhVnlPszJqAgYetMT^lghdfvCloIAcxalstqL`at]rKxPc^UqF^A]UYaB[lz[jyatZu`kDAnxrKpZifZO[SuFwEWZSokoaZntdDqixdmEkDfKcHTpSkzXE\\xV_GYOQyWXXwpeplRq`pUsYMqK\\v\\qZVoIF\\JqL_olhNnfSizbYJsOGEwRPNnU^`xBHh_Ub[eBBdLLYKsmvuXQ^aBB_sbykZOHPm^fJfAy_qN^tltEUAYcHh^bf^pjtfQbUDvggNdQuZlhT^Hny]djBfzcOwzgpQEt`fIpqMYHXIiiwqNHVBkXCbajESXkOx[dVsHhVSxlE]RswRgYirQoahryFZl^oht[hFTDjamDEyS`PhmmgzBWggChBIcwa[xWcrKryciIEMkcURiXgyqpg]nBCfCaxq^dBwwY]voEQtR[v[TkZKPbdHjGDJoS`IKOjGaXUQvkJm_nKTFcSSGnavAtMqVTG]_IiDlptvVJP_YqdwvkDMANBXioGhL^vcehOVEHbQiXwx_B^JPPvePu]RHRVxjMksOhukbOsnIn^dQEsgRwXvcQSjLxNmmeb]gEiqGmbBWI]\\WsADYifmooQyUK`eAGB^MAwLVB`_UV_ZoqTSwKTEyoisok]wNxBQHyPWwphWIHXYPqJ^rMiqnw_XSEWf`dRXUOSpbwVH]wvrXPcyayEAPL^K[sDsYCr_qAEB^UwuqbUqBhAD\\XEa`QIJlIVjt^iZEXBWKa\\MCJKirgImrAWAyQzarvQUyNBTsumefdsvws_VF[SFzcrsGh[nY\\`PQHNpIqpwu_HOH\\EGmd[XcLUWVINLZyMKEdepeiNPfWL\\\\dlecUBoAIgFmrZzdd]wSwJ_qP\\EVKmMAtumXccFwXJww`CmOOgBtPI_ZMnTswZpW[FtwhbABWzvmNcRMjpG_kSlkWSLpPNzxT`][Jqbhfz^PMlLe]GJHSRfHUIaUWLmJzyYhGqDtOZtlp\\_eGbSIDsfCuUGAPMR[NTQOT^^fCQtsXuRsewNosdFGSWnlkCdBIZ^]KPQdDhFnymfADNWSy]bdOKvwkluAgrkyWpiUfelK_RHalmi^gRDgruNATUsRnFHGBgeN_CgTlXEwCVLxDXUVoDH\\biBRmZXZKB_EI\\yeejv[pRxyIuOVllSy`IgqAVaRzflBqHpcZkkEIggQkCJsKBiYia`ApIdPId[J`wIBEgwBANps\\VFyLiHxxTSPbpnQG\\v`L]kotHn_FgX\\lg_ZDeD[\\^MMetZPtfu`RPgzfQEDvdsQvr^uQTN]Y\\DiQ^KAi^e[msJ\\A`nm`z_sevRmV_z`XXGqMxiIGDVYyY^CiCula\\wYxKEULXfJ_FCUlTPCqfg]dGuMXPETdNzw\\itBtTwiYMttVJQUnsuvp[pqQrxwTS`QFFtD[NI]jxDXMArOyj`lSDHBtClCWzVGgdnPQMu`jYMrWXePAiydmoyCyrKX\\GFjcxldNbyloABurQe\\X]ChBlTselRYC]DdS]OZgBBYkMommDKiMiAzEXiqdsy]P`jRwYbVBLpW[dxpwbFbbcLT]E`uoXqnC`JK^^pU]ohBte_[[tuBnXuhUVpsshbdVBTv[mRZmkEmvJ[s`E[v^oAfe\\qHix\\oNDgrRdAhb\\PCSIlKvxSoMgFaBhQywKloPP`s^cavDmTC`xT]kgMlehbbxFqdTClXj[nCdtgTWXk[SDBDUoNQxAJchxuXlxcBAwSFKQsrztUNwHOuEmP`o\\ZjQLUfyObYojZVlwtDvWQEfwfaiATyhDM`^cozwNskRvYMhtIItLdXKUEU`nwyvcll]usIHtHh_amj^YsprKF]ZoUI^[ZIQtojKhjnBAAzEvtebVqGvHHk^PSiajeh[zXflD_qiFoqKFY^vjbHdTNJmEMvVBMSVT`E_Ot_rAXpTQaXqonqH^DGmNthrc[hs]\\qaTygqCQcvXq\\^oEaOWKsPYSQVLgP`kwqojr^pGzFM[LUXXJC^uY]SdbHBiRfVBDL\\zgoxbkIXEfoNxsxCelfR[_LIj]HoUjLXzsYkVFwJQENymuDpTdlPXtB[\\fNFcTDVZWNF[Ng_p\\BVRMVpYS\\kxwAGryOjrqawBr`VhyUGwM[wsfIOPYgQsSX^WGO]ywhyuEU[hAI[xUol]DOLpA[YJQEiZBzaksIz`\\CnRiaPQMT^_gBTsCgy]OpezgAfBbkFMoMAB[tHZKIxxbKnAfhhLK^QgYnfhuOi]NQj[ASYI`_SGrgY\\NfVuCtCRvUcgO[_wZ\\jR\\SATP_gfLKolVJZPsoZUNX`gjluFAVhWxGAufBe_NXGl`rREAODeCVDDnUe_ebep^YoOJ_erJuHqQnGr[pEmSCUcDwHQXGufmROHDCv\\dM[HNNnzNmEo]s][ELLMXTZDA\\Dz`zoXudIGbMUqJHDfBFJuonCrriEQmXGmJo[OxgutkWtrrUDPQoBuSJKlwxaM`sUKGchVhohVLQJYuLA]eozxVL[zdiSAGiTsCjlPhic]HgjBzlrlxDbksWouHhly]hO^wRWLZkowM^qj]YArrbCCGczfurHAwdAZXLFiVfRMOe_VaFYjhtHueLWTRkQcdozd]WRQSR]LPqo]EdFpYYTD\\FpMomWfUjc[evsKnHWVXwfnXuPif\\JL\\wHXaF\\avqq`NTrIlvBRBxf_ZBou^iAtaXyho\\difp[aGFaDCGwkZrJ^Rcx`QbDNqwzqUJUPRTgL^EYU\\krWlQZiN[WL^EXDmMkJFjitlhYGLxAMKdDakg\\a]RdumJlNvcZQUPOmByfErT]P[KBuArTFlJgnGoGcvKKd_jruUR_lBXiJpTZbIqNEOT`Lc[gMsCIhJsklTG`jScET\\^ymV_[ExFVLKgSufRtyPBzwdiOBQ^mfOLjF\\trTcDjE^`bhofDAiGE[^CJhQYnZTjwywMYl[aVLRvYDHaNf[lxIHPbZkJDKPQkndclbNSaIksIcdFajKIzbmoqgfyAQ]KvBKf[_pfXHKoXOHyqfdTzHQJBpmEwORPf`wHYyfCu`krWyWb`gIVgILokBdflkjIquIsRzarAbZ[WYmDYL`PGvd^UIWWUzQJpcB]p_P`FRVFjkYSPaMaKZCuRf^JdK]ARQfoXQNuvAKpa^nekEHnnjzW`GKKAGvvoVoZFeuzTRfJONUortZ`CjNbROOQFCupFPBKjU_GJH[\\EpHRmVTHgWsFIMHqVetQXpEzMJE]USVuOl^\\Hx_kjnIiWvC^Mil`OJDOkHEdRqmTAxqWigjXGJbehVcQGbPgbqgFhOkzsuYtAoiZFfoayTZFcZbV_o]kaFmJQlj[vj`LkhdshJL[mjhOXb]OhV[DYiTuC_IUwUfOnNUuqjiVdBxrY^mjO[m`P\\mBUipIAr_YDY[JMcXyhF[Xl\\]_lYF\\bFzR\\T`Ht`Um^_nzCc^fDosJAVQtLRWclCrxYJisDPFHlitMi^]JuZYmMqQGDgwbIlA\\hpatuecnjlYS\\DKhoNhRdElcscpXT^yzhY`sxcOPrfD\\Yyez\\OnvEjrcExBSpLZMmZeC^SkMyXZyBPKtxqvFkDuybxnzbw[gLqizUc]J^awgPtaonHUyPU]j_f\\`_keCwnmLaL`VTmbJHOjhXyMZb]WrUz[iGwfnvtk\\HVObcze^nSbQwnI`_L[[WvqbkqOXGoNN_NaCkercrtDBXKmSoGOkYPFL_grlkNWzFUmjNFouUsd^roJ`EwdA`]oOIU_DnFrd]EwDYCEiSUWafbUj^RhneWZc`^atbkHOAzAmsFHBruiLGOcazoa\\XEzGfT^u\\LHbNH`gbcrXJfwjhO]RuAtnJfrwzuH_cM`fnGxyiwzXwJRlHQYWrMA\\STYcQdgg\\TpxGQvbQ^cyB\\rATFoj\\kgVMES[iViFPSwcTUfqVrGTeC[r]XOLoxLkhZlCy\\svp^ij_OgzZyUedSlKe\\xQH^RSGLvtddstyL_HTkSOkOlpdaGUiaX^^bnSLVcSTnWqG[fYoeqtIjasl\\j`EaKCLUVWXLvyIAvxsujIviaEk_UoBvakgCNmcTflEPBciskIoczrlaeWAGSgzbU\\fKRGmIV`PyDggyWsoMAZwjzFXql]Byl^u`w_aeVfN[bm^ykCk[snbv`vLMivWt^RN`lGBrRKrUM\\IMcYGjlbGywyzASTv[OTwQ_xMdAsIivMjEnyePpgHvLPdnHA`yOXFs`rheM^jtZXCkOvMUjfebMAEPUZ]zTKZ_Gq`vQzDSxN]nNs_LnKOdm^g_mYQmAjaPy^dYWRDkbSey_RC\\uRLIvqmdKAJsiQRNgNojPGo]H_BZtiA\\Wpsj^YTIlANVILBQBWRQ]SLo]jBXoSj\\Ah]tYbkOugxPsYUv]kY^XjyDdDNoXvTZQlV[iIsZgCWqUvvDUFvDuLEQjZPUUvryS_yGDuNUszrUTIihIJZRAQ`FhEkPs^EkLY^qwoA[raKuUkxbkcML\\`xCztZyJx\\VuHIueskTIzZ[FekwGJ_QRtOf[\\qDUBQuEpANbCwsrsC]F^wVJ^szYLEBs^[JBhyGj`VQe^UDNgZYqmaw_\\trJR\\tkyUEcmqJtvm`IglfIolmmfKGw^fanHwYE]afJQ\\\\pP`uzAosjOjV`jHEoNHFGPVmyU\\gFG]rTQw]GPHwinq`XbsVU\\rvIWU`unwe_ImdlrCPmey_GLWTYpUX\\GRePbiwvXbTT]XaANo`_dck^SoxzAGFY_JXrIUKIFTVDfKenqSLBosr_aGwmlxuQ]uoTzisseWYQNhsHJKJhvDefRtQBYXXIYEalVRnH[SXXZbQtOocanMVYPJBFYq[MzQsIGHlsWCNcgMLjdWmdorVLjH\\MPhidsKYJjImHCkKkzmlDxS]CDrYIugYzf_diTdk]oCA\\dfaDgeMwVXPxLg`AmQODjn\\^H\\WVCPOvRBYYQU\\QZ\\dNPf^hEjj_nxlpJCwLNquGIUfJOHkYpydNKNO\\xjQT`kHUPcONXPCdb]EuATZxyRipU_fwo[N_aaaXNRufs]A`vAgiIT\\ePTUOCSzlxSZxB_CAwghjZnF]RJtUrxn[zdOMMSVuRIi`CD_Xxfl\\fmK]OswsYftz`zxXQqodQnXQF`ZNf\\XMLRoMYmyTV^\\fOiADFGHGqILsUuXjYjNxOgoOKky_s[OnRmCW_WI`UQWCGws_UOvgQ_XbumsUHdOVuXabsAKBaicxQlHOs[Jd`b^mV[]m_nXlCAIiVQgTEtFbwZRIee]h[eqSuoMX_X^mQquQcYsbnp_f\\vqvJTHtRkRYJqobEOpgWSRF`A`LluteFLqyxROLPe\\a`]GmeR^_AsPJdlWInwHWqgSyzqdmAeXlrl`Cumb[XVeNvhUMuGXT]EjtJHnoik_V[^RsLTOAUhz\\BFDS\\WrtMDPmBgtmznlhqOmYV]BbsWyoFOrDE\\SRseJXN`q`[\\BbvRemTfwzVQBqE\\gnpph_[[oMFUKqf\\GWVWsndEkZ_TvbdSSmsCjfn]H\\^Xhy[GTtKf\\icsJkEOAG`MdnCXxdm\\csPXQMXmyXABXxreJzszb`\\AwQotvCJkHjCcYLcxTRPcG^pfwYNxkmtCXO\\AX^qwOQtivPLyXvfPQtuY[Jx^oLAUpzLJkbap[TUqeHjgMPaoHem_UC`O`THDP_svDBOpUqox_EoTZQR`fLNLNgphBRPHLQaFOndKBkZRppzP&quot;,118)" fullname="Open_Lab_03._10.Tests.GetNumberOfCharsInStringTestRandom('O',&quot;PA]xvZWEIZQvE_jsoiKMiYKvcXyrJHWllfZBRsiivCciH[jqYxUO[MzqpaU^\\_uAD`KYFiawz]Qfq]nHiHZMmHQ_gcLk^KNXHbecQRlkXYPywTATnNpTFiOwPfl]]qYoPt_OrLrXWjoUrRcTbsxQVtRZTiSe`OObz[iCpl\\cVYxWttExDXvdsIZWbEvIsMrH[NVXd`_pXVuxwvaZeVbHTeirBS[kqSjIapvf_gU^tFL^N\\Zf_]_^fkoq`_WQFozFfmXGAuuxADOOZKd`soLUoM]pBFGAQDYEFGr\\ETfeba]c]aWUuqXQcfQZPbFvnuhwfJISTI\\`JbmOjuT\\imG[gI][pYL^Okqhs`wSXEBlUsGAsCjUNdMAoNQ^gh]uwyQZkFVJyBDelUFnB\\cnirPe^qtfPZgkbGpWbhQmhaWMacPZH^\\LFjLFigwuMju`UTCe_iLULqFI\\DDuaZ_lx\\erukivlW`yfqrN`evZRHAOeDdfcBTnLIbtiLjoAQdoQH]eLqUw_E[q\\VNrGCSjCmn^Px`UuGYB_Ly^azZmgXPGilYSyshxxtm_UzVNQABXfYRQXkRHdaDe]gp^`NWCZ\\EfYZJbdL\\gWr[P[IuNaaTWqHBhJsiDdyyKUgrxbk^YFWOfMaDWSI\\sHhpRY\\Xl]XCXtQunRwgqCvRZsW\\dpRl\\]FChr``FSmvhUqlwfPFV\\fqMWVYCAowLfavoNNwlXb_QzdFCe`x`MVzrPqQ\\H^F_qkCnvxiYTUxuHaMmQWX[qWyPaD_Ww[du]A[PbSGhq`MrYFkje_LlFehZlmMsYS\\skDYGGwLyPkeRKGr\\TpmYOsorSA^pFOO_DTHUhdchSN\\VAWPeul_caDerOaoFYWsB\\GNqz^njMEFBXYrvltuUjfyAjPFGp^OwUZutJYfXxoV\\xc[qjsU`\\^SpINHjXhujqJgx_xmSN^XuP]CGoPXwJj[qGElwRvzQtgfow^RlFCRyGY`fKAvHPyaGipqZMqAS_HAdrNKRyfqHX]ki_GlQArAvG_FGgr`PBzZzXwowqdJdHZjLFIvFEjSgGF^SHDeGGaFYCkRcRo[WhWngouB_wZKRhnsSZ\\onyD^bTRJUqTnPPvykRq_NBGKhVnlPszJqAgYetMT^lghdfvCloIAcxalstqL`at]rKxPc^UqF^A]UYaB[lz[jyatZu`kDAnxrKpZifZO[SuFwEWZSokoaZntdDqixdmEkDfKcHTpSkzXE\\xV_GYOQyWXXwpeplRq`pUsYMqK\\v\\qZVoIF\\JqL_olhNnfSizbYJsOGEwRPNnU^`xBHh_Ub[eBBdLLYKsmvuXQ^aBB_sbykZOHPm^fJfAy_qN^tltEUAYcHh^bf^pjtfQbUDvggNdQuZlhT^Hny]djBfzcOwzgpQEt`fIpqMYHXIiiwqNHVBkXCbajESXkOx[dVsHhVSxlE]RswRgYirQoahryFZl^oht[hFTDjamDEyS`PhmmgzBWggChBIcwa[xWcrKryciIEMkcURiXgyqpg]nBCfCaxq^dBwwY]voEQtR[v[TkZKPbdHjGDJoS`IKOjGaXUQvkJm_nKTFcSSGnavAtMqVTG]_IiDlptvVJP_YqdwvkDMANBXioGhL^vcehOVEHbQiXwx_B^JPPvePu]RHRVxjMksOhukbOsnIn^dQEsgRwXvcQSjLxNmmeb]gEiqGmbBWI]\\WsADYifmooQyUK`eAGB^MAwLVB`_UV_ZoqTSwKTEyoisok]wNxBQHyPWwphWIHXYPqJ^rMiqnw_XSEWf`dRXUOSpbwVH]wvrXPcyayEAPL^K[sDsYCr_qAEB^UwuqbUqBhAD\\XEa`QIJlIVjt^iZEXBWKa\\MCJKirgImrAWAyQzarvQUyNBTsumefdsvws_VF[SFzcrsGh[nY\\`PQHNpIqpwu_HOH\\EGmd[XcLUWVINLZyMKEdepeiNPfWL\\\\dlecUBoAIgFmrZzdd]wSwJ_qP\\EVKmMAtumXccFwXJww`CmOOgBtPI_ZMnTswZpW[FtwhbABWzvmNcRMjpG_kSlkWSLpPNzxT`][Jqbhfz^PMlLe]GJHSRfHUIaUWLmJzyYhGqDtOZtlp\\_eGbSIDsfCuUGAPMR[NTQOT^^fCQtsXuRsewNosdFGSWnlkCdBIZ^]KPQdDhFnymfADNWSy]bdOKvwkluAgrkyWpiUfelK_RHalmi^gRDgruNATUsRnFHGBgeN_CgTlXEwCVLxDXUVoDH\\biBRmZXZKB_EI\\yeejv[pRxyIuOVllSy`IgqAVaRzflBqHpcZkkEIggQkCJsKBiYia`ApIdPId[J`wIBEgwBANps\\VFyLiHxxTSPbpnQG\\v`L]kotHn_FgX\\lg_ZDeD[\\^MMetZPtfu`RPgzfQEDvdsQvr^uQTN]Y\\DiQ^KAi^e[msJ\\A`nm`z_sevRmV_z`XXGqMxiIGDVYyY^CiCula\\wYxKEULXfJ_FCUlTPCqfg]dGuMXPETdNzw\\itBtTwiYMttVJQUnsuvp[pqQrxwTS`QFFtD[NI]jxDXMArOyj`lSDHBtClCWzVGgdnPQMu`jYMrWXePAiydmoyCyrKX\\GFjcxldNbyloABurQe\\X]ChBlTselRYC]DdS]OZgBBYkMommDKiMiAzEXiqdsy]P`jRwYbVBLpW[dxpwbFbbcLT]E`uoXqnC`JK^^pU]ohBte_[[tuBnXuhUVpsshbdVBTv[mRZmkEmvJ[s`E[v^oAfe\\qHix\\oNDgrRdAhb\\PCSIlKvxSoMgFaBhQywKloPP`s^cavDmTC`xT]kgMlehbbxFqdTClXj[nCdtgTWXk[SDBDUoNQxAJchxuXlxcBAwSFKQsrztUNwHOuEmP`o\\ZjQLUfyObYojZVlwtDvWQEfwfaiATyhDM`^cozwNskRvYMhtIItLdXKUEU`nwyvcll]usIHtHh_amj^YsprKF]ZoUI^[ZIQtojKhjnBAAzEvtebVqGvHHk^PSiajeh[zXflD_qiFoqKFY^vjbHdTNJmEMvVBMSVT`E_Ot_rAXpTQaXqonqH^DGmNthrc[hs]\\qaTygqCQcvXq\\^oEaOWKsPYSQVLgP`kwqojr^pGzFM[LUXXJC^uY]SdbHBiRfVBDL\\zgoxbkIXEfoNxsxCelfR[_LIj]HoUjLXzsYkVFwJQENymuDpTdlPXtB[\\fNFcTDVZWNF[Ng_p\\BVRMVpYS\\kxwAGryOjrqawBr`VhyUGwM[wsfIOPYgQsSX^WGO]ywhyuEU[hAI[xUol]DOLpA[YJQEiZBzaksIz`\\CnRiaPQMT^_gBTsCgy]OpezgAfBbkFMoMAB[tHZKIxxbKnAfhhLK^QgYnfhuOi]NQj[ASYI`_SGrgY\\NfVuCtCRvUcgO[_wZ\\jR\\SATP_gfLKolVJZPsoZUNX`gjluFAVhWxGAufBe_NXGl`rREAODeCVDDnUe_ebep^YoOJ_erJuHqQnGr[pEmSCUcDwHQXGufmROHDCv\\dM[HNNnzNmEo]s][ELLMXTZDA\\Dz`zoXudIGbMUqJHDfBFJuonCrriEQmXGmJo[OxgutkWtrrUDPQoBuSJKlwxaM`sUKGchVhohVLQJYuLA]eozxVL[zdiSAGiTsCjlPhic]HgjBzlrlxDbksWouHhly]hO^wRWLZkowM^qj]YArrbCCGczfurHAwdAZXLFiVfRMOe_VaFYjhtHueLWTRkQcdozd]WRQSR]LPqo]EdFpYYTD\\FpMomWfUjc[evsKnHWVXwfnXuPif\\JL\\wHXaF\\avqq`NTrIlvBRBxf_ZBou^iAtaXyho\\difp[aGFaDCGwkZrJ^Rcx`QbDNqwzqUJUPRTgL^EYU\\krWlQZiN[WL^EXDmMkJFjitlhYGLxAMKdDakg\\a]RdumJlNvcZQUPOmByfErT]P[KBuArTFlJgnGoGcvKKd_jruUR_lBXiJpTZbIqNEOT`Lc[gMsCIhJsklTG`jScET\\^ymV_[ExFVLKgSufRtyPBzwdiOBQ^mfOLjF\\trTcDjE^`bhofDAiGE[^CJhQYnZTjwywMYl[aVLRvYDHaNf[lxIHPbZkJDKPQkndclbNSaIksIcdFajKIzbmoqgfyAQ]KvBKf[_pfXHKoXOHyqfdTzHQJBpmEwORPf`wHYyfCu`krWyWb`gIVgILokBdflkjIquIsRzarAbZ[WYmDYL`PGvd^UIWWUzQJpcB]p_P`FRVFjkYSPaMaKZCuRf^JdK]ARQfoXQNuvAKpa^nekEHnnjzW`GKKAGvvoVoZFeuzTRfJONUortZ`CjNbROOQFCupFPBKjU_GJH[\\EpHRmVTHgWsFIMHqVetQXpEzMJE]USVuOl^\\Hx_kjnIiWvC^Mil`OJDOkHEdRqmTAxqWigjXGJbehVcQGbPgbqgFhOkzsuYtAoiZFfoayTZFcZbV_o]kaFmJQlj[vj`LkhdshJL[mjhOXb]OhV[DYiTuC_IUwUfOnNUuqjiVdBxrY^mjO[m`P\\mBUipIAr_YDY[JMcXyhF[Xl\\]_lYF\\bFzR\\T`Ht`Um^_nzCc^fDosJAVQtLRWclCrxYJisDPFHlitMi^]JuZYmMqQGDgwbIlA\\hpatuecnjlYS\\DKhoNhRdElcscpXT^yzhY`sxcOPrfD\\Yyez\\OnvEjrcExBSpLZMmZeC^SkMyXZyBPKtxqvFkDuybxnzbw[gLqizUc]J^awgPtaonHUyPU]j_f\\`_keCwnmLaL`VTmbJHOjhXyMZb]WrUz[iGwfnvtk\\HVObcze^nSbQwnI`_L[[WvqbkqOXGoNN_NaCkercrtDBXKmSoGOkYPFL_grlkNWzFUmjNFouUsd^roJ`EwdA`]oOIU_DnFrd]EwDYCEiSUWafbUj^RhneWZc`^atbkHOAzAmsFHBruiLGOcazoa\\XEzGfT^u\\LHbNH`gbcrXJfwjhO]RuAtnJfrwzuH_cM`fnGxyiwzXwJRlHQYWrMA\\STYcQdgg\\TpxGQvbQ^cyB\\rATFoj\\kgVMES[iViFPSwcTUfqVrGTeC[r]XOLoxLkhZlCy\\svp^ij_OgzZyUedSlKe\\xQH^RSGLvtddstyL_HTkSOkOlpdaGUiaX^^bnSLVcSTnWqG[fYoeqtIjasl\\j`EaKCLUVWXLvyIAvxsujIviaEk_UoBvakgCNmcTflEPBciskIoczrlaeWAGSgzbU\\fKRGmIV`PyDggyWsoMAZwjzFXql]Byl^u`w_aeVfN[bm^ykCk[snbv`vLMivWt^RN`lGBrRKrUM\\IMcYGjlbGywyzASTv[OTwQ_xMdAsIivMjEnyePpgHvLPdnHA`yOXFs`rheM^jtZXCkOvMUjfebMAEPUZ]zTKZ_Gq`vQzDSxN]nNs_LnKOdm^g_mYQmAjaPy^dYWRDkbSey_RC\\uRLIvqmdKAJsiQRNgNojPGo]H_BZtiA\\Wpsj^YTIlANVILBQBWRQ]SLo]jBXoSj\\Ah]tYbkOugxPsYUv]kY^XjyDdDNoXvTZQlV[iIsZgCWqUvvDUFvDuLEQjZPUUvryS_yGDuNUszrUTIihIJZRAQ`FhEkPs^EkLY^qwoA[raKuUkxbkcML\\`xCztZyJx\\VuHIueskTIzZ[FekwGJ_QRtOf[\\qDUBQuEpANbCwsrsC]F^wVJ^szYLEBs^[JBhyGj`VQe^UDNgZYqmaw_\\trJR\\tkyUEcmqJtvm`IglfIolmmfKGw^fanHwYE]afJQ\\\\pP`uzAosjOjV`jHEoNHFGPVmyU\\gFG]rTQw]GPHwinq`XbsVU\\rvIWU`unwe_ImdlrCPmey_GLWTYpUX\\GRePbiwvXbTT]XaANo`_dck^SoxzAGFY_JXrIUKIFTVDfKenqSLBosr_aGwmlxuQ]uoTzisseWYQNhsHJKJhvDefRtQBYXXIYEalVRnH[SXXZbQtOocanMVYPJBFYq[MzQsIGHlsWCNcgMLjdWmdorVLjH\\MPhidsKYJjImHCkKkzmlDxS]CDrYIugYzf_diTdk]oCA\\dfaDgeMwVXPxLg`AmQODjn\\^H\\WVCPOvRBYYQU\\QZ\\dNPf^hEjj_nxlpJCwLNquGIUfJOHkYpydNKNO\\xjQT`kHUPcONXPCdb]EuATZxyRipU_fwo[N_aaaXNRufs]A`vAgiIT\\ePTUOCSzlxSZxB_CAwghjZnF]RJtUrxn[zdOMMSVuRIi`CD_Xxfl\\fmK]OswsYftz`zxXQqodQnXQF`ZNf\\XMLRoMYmyTV^\\fOiADFGHGqILsUuXjYjNxOgoOKky_s[OnRmCW_WI`UQWCGws_UOvgQ_XbumsUHdOVuXabsAKBaicxQlHOs[Jd`b^mV[]m_nXlCAIiVQgTEtFbwZRIee]h[eqSuoMX_X^mQquQcYsbnp_f\\vqvJTHtRkRYJqobEOpgWSRF`A`LluteFLqyxROLPe\\a`]GmeR^_AsPJdlWInwHWqgSyzqdmAeXlrl`Cumb[XVeNvhUMuGXT]EjtJHnoik_V[^RsLTOAUhz\\BFDS\\WrtMDPmBgtmznlhqOmYV]BbsWyoFOrDE\\SRseJXN`q`[\\BbvRemTfwzVQBqE\\gnpph_[[oMFUKqf\\GWVWsndEkZ_TvbdSSmsCjfn]H\\^Xhy[GTtKf\\icsJkEOAG`MdnCXxdm\\csPXQMXmyXABXxreJzszb`\\AwQotvCJkHjCcYLcxTRPcG^pfwYNxkmtCXO\\AX^qwOQtivPLyXvfPQtuY[Jx^oLAUpzLJkbap[TUqeHjgMPaoHem_UC`O`THDP_svDBOpUqox_EoTZQR`fLNLNgphBRPHLQaFOndKBkZRppzP&quot;,118)" methodname="GetNumberOfCharsInStringTestRandom" classname="Open_Lab_03._10.Tests" runstate="Runnable" seed="991673032" result="Passed" start-time="2021-10-19 19:34:08Z" end-time="2021-10-19 19:34:08Z" duration="0.000115" asserts="1" />
            <test-case id="1034" name="GetNumberOfCharsInStringTestRandom('s',&quot;pPCbYERhiXManDahlO_jEfhG_ulwVYhaZp]AFds\\naFMy[wWkIDkk`HJbvD^TUSQjfHya`cHWCv_a\\IDyULNUwptiTZJaUIYOo]SSyqL`vUidddFmA_yJFvmqNPNGYbBu]PlyqkA_AhYcHQEjTWaqKPJsk]EidEHUToHTrHwP_[JX]KixL^nBBLjNGsOTfSuvaEOTJlsM[QRkGlVanH^FRFTIEtNyscdL`NrYvVoZfbbktzGU^ha_ppe\\kFOP^tTrhGKsuxeXSD[j^dPEnt\\KCEWjdWhqH`wmOjCmoO[`DIMmUuxHqJ]eXIpdk[P^PoQmGi\\ob]P_ZvHtsdUiZaAxDSUFtZCUywQOsZfgZI`TuxK\\BwlGFbEioTjoTWuHZva]fsBYyiOQAgCGHtDwiwOXrc[_krTCNYtyXhqJvSIXSohHQcg[SxZ^hIfDX]hGULCcnEiZCuBVoqEDuTNHLskQyWROCmlYfBCGlEUMtMXXwEiqEbIEPav]\\meWm[XPJdkmoxSqyANy\\STuh\\K[ehJEGafy[x[ZpHOTTvCGPSFOSxBJYkjRQwf\\ZfgNSTVBaoITDAamYDKRbumJ`]ajOIIt]ntiPonwwDh_oiFYJxsMlTu`t^iqngnXfPqQHs]eQOV^MOUrWH`RQwHJtUpmGwJQQQs`rpRR[Ov^yWSeIr[fG\\HiHhXmDk^TEENwVozbqOqCAdK]CKdP]_JoIJXJY_OkkcZtJVOTrtosfFi^]uksGOq`uYoLWpJSzGRYKRTgvPXdjRJD\\uh^nWd\\ltykaCxBk]s_nQTLaEwrrNpdPlk]If`d^qgRTdFsSWtNYfPLb\\wjZme_DV\\pS[sEwPAxdBsxyD_[TbKd\\_vhiqJlMINyHQar^oRJeSc`dykWNJK\\KrTo`LVGGPk\\ouqi^hx`QBzJwWDkFn_CxmnPwlSSZKCVbGljICsaMfKJsKsIIfATlh^BGammUeFGyebpeTbDuxqSbeXlsJKnJjdtdjdcPGLb`EKOcD^oExYnrL[\\IAtK[SwOAiMvkynnmPm][IIpfWjMQqCXOHZPNBHNIvNuqcDFJfBcYyBAsD_EcjyKfogd`_`kH`T_vNyDSeCfo[zQFZXK]CeZxDOCvZ`fFQ[te]EeE\\lygSVLpW_GHVOFvubrzwIsEXa^zGgcUnFBRfmehDM`vZ_jCVxkvNfHTsuOmrLjjvlTPMoPHwKvjcxetq\\eIwhHIxiYl_spr^pzhK[pbhcyDjYkvPVvWaanOeLS_V_dEUEMnxxiWfD[TiEY`x]\\IwZQwBlDyHQLIzuifMxySh`k^GZ`anmasD[HvnPlMtjOUsRUoVnTA_I\\WinqcL]LVkSF_mmswLlYxRVeoFlLzZ`UuzkNzYJAX_se`MpBcvWomk_FSJC][RLwKyL_C`s^ClBYYkEcQjcEClbK\\fuqWh`GSw[bBQzCCtmBjFgbEZLliHtZXADXfCGVLvG]Q^azj`BJya\\WySlw\\oXKCBKANcWAmWpnzKRasMBIGk[q`hYTQJuW^vZPTamHJAWckhWnALDPnOERaT[aJDkc]YQDlCNSZuzFTrGsQeSFFfdPqHizGMxFQoGRWTCyxlptOzyjNbP_kf]rpANdTNMNwtp`lo\\xcTHUpkArJzm_wYVeRP\\WFZfj`cwUJYxYFSwW^IBFzVZU\\hQ__LN]TFrJiYoMogikBUYd\\yHJNWWkzQOsRXpyL\\FA\\nhEToRThjSGOhCaDDOwjHJYKwvWqj``PYIiQCpYFCCQxHdeVPuHNIQUdPuWtu^yJnrp`UPBOprhEt[DTQBaoXSHHnEBIY`K_EGKQnFAAttXQdPkpqDctxJl[kilPOtpQhIAmPmaLA`v_vq_^TLRVwQauUkaFTlmzEHd[OyaD^XtXNN`uJNvCbZTWcFX`M[rPnw[nMDPVfNr`XIhHKgvGpjXenMsJaArC`eeRmlhGyaXUbnzZYPUa_lZE_qzzKFpeWpAm_WVZypHPSDCAMZkQgQ^oKamwmhvskmxmnNvCuvcjdKm[nznlV`xGRMcydZhQtP_`GPMz_iWlioKAoSImuK^Lpr\\bfxZ\\NRpUfMU_mnNhJLX]BbJQQuWjlTjPnfUbPu^XyqVbyezGwqCdZy`DnIKTuFcR^EkHZgYOhA^LMcSguPmvRGpoFRnGkK]tNDEtu&quot;,37)" fullname="Open_Lab_03._10.Tests.GetNumberOfCharsInStringTestRandom('s',&quot;pPCbYERhiXManDahlO_jEfhG_ulwVYhaZp]AFds\\naFMy[wWkIDkk`HJbvD^TUSQjfHya`cHWCv_a\\IDyULNUwptiTZJaUIYOo]SSyqL`vUidddFmA_yJFvmqNPNGYbBu]PlyqkA_AhYcHQEjTWaqKPJsk]EidEHUToHTrHwP_[JX]KixL^nBBLjNGsOTfSuvaEOTJlsM[QRkGlVanH^FRFTIEtNyscdL`NrYvVoZfbbktzGU^ha_ppe\\kFOP^tTrhGKsuxeXSD[j^dPEnt\\KCEWjdWhqH`wmOjCmoO[`DIMmUuxHqJ]eXIpdk[P^PoQmGi\\ob]P_ZvHtsdUiZaAxDSUFtZCUywQOsZfgZI`TuxK\\BwlGFbEioTjoTWuHZva]fsBYyiOQAgCGHtDwiwOXrc[_krTCNYtyXhqJvSIXSohHQcg[SxZ^hIfDX]hGULCcnEiZCuBVoqEDuTNHLskQyWROCmlYfBCGlEUMtMXXwEiqEbIEPav]\\meWm[XPJdkmoxSqyANy\\STuh\\K[ehJEGafy[x[ZpHOTTvCGPSFOSxBJYkjRQwf\\ZfgNSTVBaoITDAamYDKRbumJ`]ajOIIt]ntiPonwwDh_oiFYJxsMlTu`t^iqngnXfPqQHs]eQOV^MOUrWH`RQwHJtUpmGwJQQQs`rpRR[Ov^yWSeIr[fG\\HiHhXmDk^TEENwVozbqOqCAdK]CKdP]_JoIJXJY_OkkcZtJVOTrtosfFi^]uksGOq`uYoLWpJSzGRYKRTgvPXdjRJD\\uh^nWd\\ltykaCxBk]s_nQTLaEwrrNpdPlk]If`d^qgRTdFsSWtNYfPLb\\wjZme_DV\\pS[sEwPAxdBsxyD_[TbKd\\_vhiqJlMINyHQar^oRJeSc`dykWNJK\\KrTo`LVGGPk\\ouqi^hx`QBzJwWDkFn_CxmnPwlSSZKCVbGljICsaMfKJsKsIIfATlh^BGammUeFGyebpeTbDuxqSbeXlsJKnJjdtdjdcPGLb`EKOcD^oExYnrL[\\IAtK[SwOAiMvkynnmPm][IIpfWjMQqCXOHZPNBHNIvNuqcDFJfBcYyBAsD_EcjyKfogd`_`kH`T_vNyDSeCfo[zQFZXK]CeZxDOCvZ`fFQ[te]EeE\\lygSVLpW_GHVOFvubrzwIsEXa^zGgcUnFBRfmehDM`vZ_jCVxkvNfHTsuOmrLjjvlTPMoPHwKvjcxetq\\eIwhHIxiYl_spr^pzhK[pbhcyDjYkvPVvWaanOeLS_V_dEUEMnxxiWfD[TiEY`x]\\IwZQwBlDyHQLIzuifMxySh`k^GZ`anmasD[HvnPlMtjOUsRUoVnTA_I\\WinqcL]LVkSF_mmswLlYxRVeoFlLzZ`UuzkNzYJAX_se`MpBcvWomk_FSJC][RLwKyL_C`s^ClBYYkEcQjcEClbK\\fuqWh`GSw[bBQzCCtmBjFgbEZLliHtZXADXfCGVLvG]Q^azj`BJya\\WySlw\\oXKCBKANcWAmWpnzKRasMBIGk[q`hYTQJuW^vZPTamHJAWckhWnALDPnOERaT[aJDkc]YQDlCNSZuzFTrGsQeSFFfdPqHizGMxFQoGRWTCyxlptOzyjNbP_kf]rpANdTNMNwtp`lo\\xcTHUpkArJzm_wYVeRP\\WFZfj`cwUJYxYFSwW^IBFzVZU\\hQ__LN]TFrJiYoMogikBUYd\\yHJNWWkzQOsRXpyL\\FA\\nhEToRThjSGOhCaDDOwjHJYKwvWqj``PYIiQCpYFCCQxHdeVPuHNIQUdPuWtu^yJnrp`UPBOprhEt[DTQBaoXSHHnEBIY`K_EGKQnFAAttXQdPkpqDctxJl[kilPOtpQhIAmPmaLA`v_vq_^TLRVwQauUkaFTlmzEHd[OyaD^XtXNN`uJNvCbZTWcFX`M[rPnw[nMDPVfNr`XIhHKgvGpjXenMsJaArC`eeRmlhGyaXUbnzZYPUa_lZE_qzzKFpeWpAm_WVZypHPSDCAMZkQgQ^oKamwmhvskmxmnNvCuvcjdKm[nznlV`xGRMcydZhQtP_`GPMz_iWlioKAoSImuK^Lpr\\bfxZ\\NRpUfMU_mnNhJLX]BbJQQuWjlTjPnfUbPu^XyqVbyezGwqCdZy`DnIKTuFcR^EkHZgYOhA^LMcSguPmvRGpoFRnGkK]tNDEtu&quot;,37)" methodname="GetNumberOfCharsInStringTestRandom" classname="Open_Lab_03._10.Tests" runstate="Runnable" seed="1462522303" result="Passed" start-time="2021-10-19 19:34:08Z" end-time="2021-10-19 19:34:08Z" duration="0.000065" asserts="1" />
            <test-case id="1035" name="GetNumberOfCharsInStringTestRandom(']',&quot;QYovZ\\UrKq_YfSgAWPvBIsR_^^exI_YlCb]^^KWTkZdPLlrabDhezq`YGPYvqWifXmWDqI^LsbQiOBSlgEWFromLCDXNm\\^UlxsYVokY`\\lY`rJExgPlAdodALAmlQYXDwwRJtWrUy`VDUfLtSPFMlTIJOYKnxhPDTUcusuEQXXCDZaf`psYATLRdoIv[LDWRQRjzDQBXLpoTREjinfyEOOkICzFkzdFTBlnHrf\\_rAo^WxRjYNhaFSCBbawDKQYck\\S`RbqHJZMNZMlFhVSmv_Niil`QjYTbcMnvelYrWaXgFobVprVpyfgLNer`BaYlFffNYq[vx\\WVHbdtKK\\rC_cwachAusppIgaZJUxyX[r^PQEgAxVrFaibDjgpJZBFfaN\\BKkqM][chFgP_AAx^xkbxyWZhHoxYmrjDdeqM_fcGGtxCXRIZDbipg^CoQJEh]JvNwMuWKkySI[qEYXPqg_VKJuWFcCvVauexyjGLWmPSdWgLgxVttOByokEBppnHpclOqtFiQEZtOCamOKYegB]SsfIOfEVbyH^AeYVnrhdooIjmKRneWJ\\nGZVKkrDLisuH_`IppfmzYi^kvWDTRlKpgjuLCKCzeXFwNcNeJxolW]VXvfOTojuwhF\\ofwnednUAca]TJZJTwZYJU]QWviLu^IPHHYzNKKHdHUpUIvKU`aANhR[IgWiub[^ZRVMk[wJmRpCAhvNA^rUwIB[qyqan\\MChqWDnj[tdXNwsOZ[lIiXjFbQQuVldVWRFmVJRr[RCxl`vFcb`VpempSbPFnsTjPNAvqFtQJtiXUlTCVLSnMN`l_P[nuMEbxTi^_zO^iOMwwV[aONkba`^BhOXbeFWxpGZADp^VwpFxBdpJpu`g]]BXqgqPchsdsPHpvZ]YjUfk[`ADYOmk`j\\SFCKXzNnPx\\Fm]ANVXHxHrQwRgmrTvHDInoktPFY\\aVnz[OaYAWTYmT[oFtkMWZUpXwyiPUFRi\\b]]xqXLYS_nfW[TvnWUMFGByb^QsIgRCjQmyRICSByGqBm`_UTaiw]W[\\_VTHSPgMlvGhVefUBKHAKwpxl_oGcFNuS^nmjLii[dQqZqzjvUuRP[QcaVVo[adfiMVrqsfq]Y`bfz_v_FKOLvesNKMTptNuzeIN[IsCjDpquiwbq[PVVV[mb^dggRBdLfbBqR[WMH_HGox_Nf]Udr_eJVfx_MWYBLfPHvk`ztJNqTgn`FZBogzUGxr\\f]szkGFuJiXRuxVkhQnpisYYnVdVMQIJEOu]AJ]kOldqhHGrRPgqKBmmEZMV]kisaNNgCsj^nCbxPclfPmDweSzC\\HYaxHO_DlQ[tZoZ`ICH[p^]iaFjglNONLKvZJagoDu^RRmpxeX\\QscfewsWB_rR^BMiPtzWcVTWvzKXoQlCUmyVc_R^QJePMcAQEDaEeBtu_Lkel\\clmoxlDqGkb\\FYlEKTyuSlkhXSsErXoglpbt]YePMOxq]Jv[I[BXfrIqBFWeszyjvvjQrrblijhEotKOXYvXVXBtgksXBAXNPOubZfcQsPjwKECHvHNZDbT_uqdHzKkiR[o`zcpmpe_FiEjchl\\unxJhuVhdB\\Ri`BekQ]HSS[dZDOqpGAZOipvUQGfdvMkUSp`gZzSKdIcSTjeg`r]ABDAjGQZJr_XFjPGOiJVHiPe`NcAb]yEDjjTPppaJ`ISFl]cEcWyV\\VSlY[]^PshsZUWAvrYscMbaw`olAwyFAibUXbqUTDth\\[fXGcIlxFmPnmpsgk^TtbrkmBcUAE_`StE]uWfXnMIvwSbfmxhcaantcueEzoktaNwthSyQFF`gZwoZ[xbCWwzlGLtAlaYz]PUiVhyZzX][BG[gFLeCMh]eOLn\\Yx_`h`KKbGEmzHDzZ_kzlNuavWmomk[Ku]BBtwm\\wPEzGsCFe^Kj[okKDxeRnVXrfus^GBF]lOC\\Jv[CThKP`kjGlqyvS\\ibsMTMA`ydXhxMlPBH^cyFKHRvKmlPCKKQa\\cwbNCoibssm^U\\oqYj^cWkvYBOniaN]hgQgEaQ`JWdPZIhXQ\\Lm[nxFsBJLnAzAeVFqDpkQHKTLm[]PUq^NV\\BuiLoDXEmJWceEDqT[kveQZlSX`trx^mfJTLIsBgsDYKoKpYM^]C]Zql[xsW__Nofew[kri[ZECbsPwIcHgU[[PLTclKAeHUqd_JNUhVoBdYXPsKAkoXrsUKVkHHG^[oxhlPlmuNZR`YrroDkbKQqj]xOUo]N`PQbo[k_cZNpayaTwS_wEX`TKxNKnAXyXAtBOrCWE`HHw[PlvdSBPaJHkxWrN`kbCPXaE`EEQIs_QXWkh]PJiViqrlRR[LJ_o`FhCigW`NlHierSbgJkQatgabjSNneEzTkkSjhzpse[eaIMuyknCYONfYG\\zUJmdgIVtGArzKuXwYBzY]YODqBaE]FtcMz\\jsryYnTnysos^qRNXGC]vuimecQXBHPmKZiDaDbfJeQLBJCOLr\\]J^`oJFTq]vmqcBiEIOgT_XSRe^k\\`CMJfmdgttt\\klIOrZcz\\yGwLHxlLNKgUrR[jcLqYCLOUKdnPE[LvlAbwPy^ps[fjNHsZh_OOlbZmrcA_J]Hnzkdrj_[ehB`b`_GDkUb`LxJJboEgxzfWTrk]_BkJDdakCrNT\\xnpubcBb[PvZohhVJOhoe_ieY]bWYGjblKzLq\\lPivEmojPwsVsd`_rZEL]FAfIT`Tidh\\`h^XFi[wpiNf^DOGCMTaHezgPDmlM[AfOXqLGHZIyHWnrVHFEYR]QHUuiqICwjkUhbWGMDAunKbzOLotvggnI_VGCv]PyWMPXBGQyBsBYXjF`Vf^BOHPDwLJLPDQalvWySbNF_utneVlpPbhQyNjPwM[pwEjyc\\h\\SHNnYY^UO]YbZTwiWAc^MHBFGXIZLvLJiQ]HTtrakVB[ntVdIBcbsJPLGHhBQDISQPtJqoU]ICnqGbSNB_RKTeQ_BRBLMqPgMiJ_AMmUgFYqWZF`pZzlmyzgyUI`mJPRmGdXXnNpmw_NLZIcL]Wmr_tOi^`fDMb^qGEPphHBMKzp[m\\`MaUQm][ONUjtOblaUBWEVsm^UUag_DovCAY^rRkUgqC[yOmeZZ\\ZWWKToqvXwnjJanrOJOiCQCY`qR`GcvNFcU`fqEjBWSXsGtuKW_\\KlYITye]]RopAadaLOLYE_ggyeaYxXUjD[CUKMLgLcMjb]WR^SiwKFWfEmKiYM`FwFla^OVzC_N]SxE\\NOueiY_yDWQYC^OyCHm]kpoOxjtgsuTGhi[KSuW_an^Gyxw`QPZKLblY[fhz`sGIDKkUCEfHlOvwShQzmUVc[IvFxCkhNWyhhVDoNc^MdRZwfoFmUiML]^huOeWzTyuUPOPwd]lKqJyIjyZJwxS`JnLKhJ`dL_sfXEhX_JIrwCUT__LPKNCWgUL\\CFO[xIySRTleRCeno[cGZrfJxPZy\\]zDtLUZuiuoEBCKnbyIdObLlECLZF^hizqoUhkFhKtGaoCXp[VWRQVNunRpJJAoKMFEKNqFqs\\YV\\fxCeVykHVXedubWvw^KEvTixMceP`ZpwrZITm_nBEDrhZbTPjuvxNQ`ROEYnT[bvchm[YCIYjJAr]B_fPVae_rjauqFiGAhd]vFlpsqgl^OEQhpNam_xuwXkyLacx[Rj\\XVavmqW`usBdfQMArHT\\jj`^VndRNiRL`ctRORowIYzDWGTuTcGSyNlhqDazMESLbpECXulaTWTRj\\GOZjxfcyNRqL\\LkokDGn]bCQ^Zq`ybt[yUwS`]GgdccmMLY`p`gQLvz`MJM_oCzfXWNGPYPNwZKtzPERARkZvdPCVWGVQcsacwVqySQWPYTllFawFv_^RaknHLksStxUadQCuOSiAUJ]Q^RPpJQVEVPCLbinbXEW\\yKHp^Crcp]xWN^dt[CIcbQLUNrS``GcPnBRSJ[SGZnOsRfxDFtGVvnuizmbgjSCjtidMMRkAkCJoCSDbtPZgANTAHcSWsfWHk`zdClrnJGetdFggjzn[sWifUdFdyTHFfCD^T[`HXg]tc[WBwghssvOTqTOZgNopy`ObCITO[fCLtoDtNDhSfOMjnkgzLG\\KrhvDMoznSYYMtDZBQVMca]KjS_nS\\TDUJsUMtzhYEtzMqAqkQfjqtseU]LkhAgRzVECAiNHQhn_h]xtSiDCqdN[ROzjhPzXXbArlxpBD_ZIFUws`SXzxe\\VIdlmj^[AiWGF]FHVsBySKEUxRHKVrA[mGejHLDS`DY[jNrVZKCGvgJLDPo[bTFJhwTzrWAJpiYOlefj[mkKpt_GwZfsXclMyPmntr^CKtRMNvZZeEApcuTnXNCYlHlMxLP]rspcOhzwcRtBALOSbveDvyVgoFRDHEPBfxcmPYbuvXLGTBY`tZeBbMas]JnJWwp^BsWDd]DJUjI_mOSnglJh[NZYWjPFfX_yciE\\eVwXW\\grEBFNqz]emHDnYxgtMx^xLJwEKrIRpmRybbUUdBPfvuM[fQDgiDKYxjguFBDzrLpzpEMqdRPLisBRx\\Zto\\clctArvZPcyPojEMfaDMDXnykFhVxebJLVcDXwEVvKCgNYDSMlqspbYLydIuJ`\\eBoDZHBoi]iQtUHlRCVJMniTdxXFnnJLWiXfYUeKLwHWHR`qrrqsnWOrS[[]jvBuS]uKx\\SxYKyQgRMSXbOvwRXAZaTyuH\\PvNEeWUsV`t[dXyLANHEHhFxBEukXHUCQjiVYNbvDisWDqoc\\VTkmDTbpPD`]e\\NKrKticmmgLBYpiuKQROBodPMVHaJJCZYMeLLguttdaEaCumGUtPKVZZbbx_bCcddmcLK^i^VYVYO`iK[UZoQmOCnLeeiWRqAx[oZibdgVumABKBsnEMdoSq_`YzsEoyG_YREuklmpIus\\ClAcluSENMedPuPckbbvg]ctwxDS[nfXyC^hyPStgBQMg\\fp\\JFaTxp`JHforze[aMfMWce[PhOeLWM\\SOqQiEEBNx^rd_CgWqfZpYYs`eRgiKUmuK\\dJUl]IeyZEnqkfbOUlngupxlDmYSDdlwZDZ^CEJQLZzolnbBGwzBH^aoLdijkRvqTqXhLELQb][\\pJzQLXLHdjpw]fSZWZat^J[uWupCkjZfCFyBeX_TGnMdB\\KalmtIvbxgiEuQbJXuQKtXgQpyvMnjxrtvjOQxpRj\\ISS`^NlwWRTrbnt\\xuMinNirLybTsZFy[XOUxP\\i\\qTf^BTwUpAuEAhud[U_gYDxMUWK_`^iZ_NxuDTJfeyDZLu[kUk^uwBCmVZJeJXpRR[`mkAaGKtB[A_AZw[KpAn]^KK_dK`]NJlHkUhzTKWjDAcmrYjijMzR_yCca\\wwfXnROXQEO[qfeEZ]bXhK[qmAJ[dmSFZsNZDfMR_[IfZOWUh[_aAInm]penHon_mJAyYKAnQQsNCpX_eomJNmFQE\\xOBYKkgdsQOXw]ZlQjQajhYGJSBeRADjtxNllrGIbYwGPMsPj]]VA_lQqvPriBSsM__zPhzYdHyQkRqw[mvo_iiVLxvqbPZ`GEtlisAB^Dlt`[``ESWwG^U_qInRmIrUiZKgXFObmtR[wppkXWlPs^ZcjVu`EiPULXLGQtHzEpKMMtbASDtWWc]KzbwBKi]EdwO`ejZ_OmKDTMVqntMBotydvAHiwFoVSFcPeCWddVHeXYrmMFOQ]\\QkyfddclbIxpkNeFMk^dXYlUM]IU]rr^srpsRzYnBsnygbieIGt^ntDryeZH[NOkRZwtXloMRjc`fnien_MWxTkzoyth`RSndDhMeoNWRgMDQ^MLwoTwBsnxjwFYrHgAXowbF\\AzRpEQHgjQmillxVllQk]hjo_KzLg\\beG[oUfMn]pDNogJVvCCDKRVySP]QtQwANjIcQxcj`xnuZZuIVoEIeYWSl\\\\EJvtMtCAF^bFxZS^N_[`sVUvFMnWoSpqp\\_aeDbBXYoenjGiRuJnQwcjozoAFgMnhkP]vltJxYHZajIVFEEtJCassolfPbvkMBwCZen`BzqsoJIFqZuBbSdfKXdGAOuW^XN`nFv[R_sJLiDjggoqguIuXQsCBg`nF[UXvdRl^ZjC[[Z]Tt[T[DjdOTH]NtZfzFDlTgnCUDSMKFZxqViILLSBklIc]p^eAEDVWiJhFYzXl^ZItJfsKQZomCBb_La``iLFCEaIMBDnMvQMSzjSJfZkfOcUhbItsZrCRUGpd^fJNfbqloP_\\NVuP\\Zn\\M\\esJvmENvytujgzQ]AhmdsSeYeDwnquSTXBAQDjpl^tRfb_juzyZGjdcSOlRiHZEDaaRfzzYQrAFzAyqFUCor\\MeoYhBSYGdEoNFBMEvz`IOi_dSQuLUFfMcUw^MRxGrlWALntptQGpSSxvQpVlXNm_ZbfkFiseCZR]S^X_XFRDzquPWANWvLidzsbdHIkKY]msB[dmXqUSvi_cgWTE[\\iqkh^ZvoWOUHf^DBOwW[yErVhQTywlofjwnwITxJrdZFxoDB`eHXiA^dzVzMGwrf[jXijGtvyMdVelXsNSZRdWwjZJxnTkDvlofOXVRYlMY]WIzNxHzo]`BDmhO`JGbOIidqGJ\\sAAaXx[SRKjpMlPYMnb]kGlPefKTi_IHofHn]zeGRUxVZQV]tPWD_gllOlvmmHemBcBae\\wNI\\KVIWpUPh[YHFdHuV`kDsTJkKTqOpsXTJuC\\Vdrvb]EhLewzufPwLKQIBfxDzF[pCFyLaf_mhp\\WO]_aXrTJd\\Hzeu[kfow]BPfGgkZPG]OWiut_GXgHlRLbxyafKoHtszUyrYtgXECGNlRkBwdNHokkDEIhKoFSVU_iauhi^AjhOFTMhqeOKtlEPdvmPM]dykksNcKGOvjHED]ykwATJrH&quot;,121)" fullname="Open_Lab_03._10.Tests.GetNumberOfCharsInStringTestRandom(']',&quot;QYovZ\\UrKq_YfSgAWPvBIsR_^^exI_YlCb]^^KWTkZdPLlrabDhezq`YGPYvqWifXmWDqI^LsbQiOBSlgEWFromLCDXNm\\^UlxsYVokY`\\lY`rJExgPlAdodALAmlQYXDwwRJtWrUy`VDUfLtSPFMlTIJOYKnxhPDTUcusuEQXXCDZaf`psYATLRdoIv[LDWRQRjzDQBXLpoTREjinfyEOOkICzFkzdFTBlnHrf\\_rAo^WxRjYNhaFSCBbawDKQYck\\S`RbqHJZMNZMlFhVSmv_Niil`QjYTbcMnvelYrWaXgFobVprVpyfgLNer`BaYlFffNYq[vx\\WVHbdtKK\\rC_cwachAusppIgaZJUxyX[r^PQEgAxVrFaibDjgpJZBFfaN\\BKkqM][chFgP_AAx^xkbxyWZhHoxYmrjDdeqM_fcGGtxCXRIZDbipg^CoQJEh]JvNwMuWKkySI[qEYXPqg_VKJuWFcCvVauexyjGLWmPSdWgLgxVttOByokEBppnHpclOqtFiQEZtOCamOKYegB]SsfIOfEVbyH^AeYVnrhdooIjmKRneWJ\\nGZVKkrDLisuH_`IppfmzYi^kvWDTRlKpgjuLCKCzeXFwNcNeJxolW]VXvfOTojuwhF\\ofwnednUAca]TJZJTwZYJU]QWviLu^IPHHYzNKKHdHUpUIvKU`aANhR[IgWiub[^ZRVMk[wJmRpCAhvNA^rUwIB[qyqan\\MChqWDnj[tdXNwsOZ[lIiXjFbQQuVldVWRFmVJRr[RCxl`vFcb`VpempSbPFnsTjPNAvqFtQJtiXUlTCVLSnMN`l_P[nuMEbxTi^_zO^iOMwwV[aONkba`^BhOXbeFWxpGZADp^VwpFxBdpJpu`g]]BXqgqPchsdsPHpvZ]YjUfk[`ADYOmk`j\\SFCKXzNnPx\\Fm]ANVXHxHrQwRgmrTvHDInoktPFY\\aVnz[OaYAWTYmT[oFtkMWZUpXwyiPUFRi\\b]]xqXLYS_nfW[TvnWUMFGByb^QsIgRCjQmyRICSByGqBm`_UTaiw]W[\\_VTHSPgMlvGhVefUBKHAKwpxl_oGcFNuS^nmjLii[dQqZqzjvUuRP[QcaVVo[adfiMVrqsfq]Y`bfz_v_FKOLvesNKMTptNuzeIN[IsCjDpquiwbq[PVVV[mb^dggRBdLfbBqR[WMH_HGox_Nf]Udr_eJVfx_MWYBLfPHvk`ztJNqTgn`FZBogzUGxr\\f]szkGFuJiXRuxVkhQnpisYYnVdVMQIJEOu]AJ]kOldqhHGrRPgqKBmmEZMV]kisaNNgCsj^nCbxPclfPmDweSzC\\HYaxHO_DlQ[tZoZ`ICH[p^]iaFjglNONLKvZJagoDu^RRmpxeX\\QscfewsWB_rR^BMiPtzWcVTWvzKXoQlCUmyVc_R^QJePMcAQEDaEeBtu_Lkel\\clmoxlDqGkb\\FYlEKTyuSlkhXSsErXoglpbt]YePMOxq]Jv[I[BXfrIqBFWeszyjvvjQrrblijhEotKOXYvXVXBtgksXBAXNPOubZfcQsPjwKECHvHNZDbT_uqdHzKkiR[o`zcpmpe_FiEjchl\\unxJhuVhdB\\Ri`BekQ]HSS[dZDOqpGAZOipvUQGfdvMkUSp`gZzSKdIcSTjeg`r]ABDAjGQZJr_XFjPGOiJVHiPe`NcAb]yEDjjTPppaJ`ISFl]cEcWyV\\VSlY[]^PshsZUWAvrYscMbaw`olAwyFAibUXbqUTDth\\[fXGcIlxFmPnmpsgk^TtbrkmBcUAE_`StE]uWfXnMIvwSbfmxhcaantcueEzoktaNwthSyQFF`gZwoZ[xbCWwzlGLtAlaYz]PUiVhyZzX][BG[gFLeCMh]eOLn\\Yx_`h`KKbGEmzHDzZ_kzlNuavWmomk[Ku]BBtwm\\wPEzGsCFe^Kj[okKDxeRnVXrfus^GBF]lOC\\Jv[CThKP`kjGlqyvS\\ibsMTMA`ydXhxMlPBH^cyFKHRvKmlPCKKQa\\cwbNCoibssm^U\\oqYj^cWkvYBOniaN]hgQgEaQ`JWdPZIhXQ\\Lm[nxFsBJLnAzAeVFqDpkQHKTLm[]PUq^NV\\BuiLoDXEmJWceEDqT[kveQZlSX`trx^mfJTLIsBgsDYKoKpYM^]C]Zql[xsW__Nofew[kri[ZECbsPwIcHgU[[PLTclKAeHUqd_JNUhVoBdYXPsKAkoXrsUKVkHHG^[oxhlPlmuNZR`YrroDkbKQqj]xOUo]N`PQbo[k_cZNpayaTwS_wEX`TKxNKnAXyXAtBOrCWE`HHw[PlvdSBPaJHkxWrN`kbCPXaE`EEQIs_QXWkh]PJiViqrlRR[LJ_o`FhCigW`NlHierSbgJkQatgabjSNneEzTkkSjhzpse[eaIMuyknCYONfYG\\zUJmdgIVtGArzKuXwYBzY]YODqBaE]FtcMz\\jsryYnTnysos^qRNXGC]vuimecQXBHPmKZiDaDbfJeQLBJCOLr\\]J^`oJFTq]vmqcBiEIOgT_XSRe^k\\`CMJfmdgttt\\klIOrZcz\\yGwLHxlLNKgUrR[jcLqYCLOUKdnPE[LvlAbwPy^ps[fjNHsZh_OOlbZmrcA_J]Hnzkdrj_[ehB`b`_GDkUb`LxJJboEgxzfWTrk]_BkJDdakCrNT\\xnpubcBb[PvZohhVJOhoe_ieY]bWYGjblKzLq\\lPivEmojPwsVsd`_rZEL]FAfIT`Tidh\\`h^XFi[wpiNf^DOGCMTaHezgPDmlM[AfOXqLGHZIyHWnrVHFEYR]QHUuiqICwjkUhbWGMDAunKbzOLotvggnI_VGCv]PyWMPXBGQyBsBYXjF`Vf^BOHPDwLJLPDQalvWySbNF_utneVlpPbhQyNjPwM[pwEjyc\\h\\SHNnYY^UO]YbZTwiWAc^MHBFGXIZLvLJiQ]HTtrakVB[ntVdIBcbsJPLGHhBQDISQPtJqoU]ICnqGbSNB_RKTeQ_BRBLMqPgMiJ_AMmUgFYqWZF`pZzlmyzgyUI`mJPRmGdXXnNpmw_NLZIcL]Wmr_tOi^`fDMb^qGEPphHBMKzp[m\\`MaUQm][ONUjtOblaUBWEVsm^UUag_DovCAY^rRkUgqC[yOmeZZ\\ZWWKToqvXwnjJanrOJOiCQCY`qR`GcvNFcU`fqEjBWSXsGtuKW_\\KlYITye]]RopAadaLOLYE_ggyeaYxXUjD[CUKMLgLcMjb]WR^SiwKFWfEmKiYM`FwFla^OVzC_N]SxE\\NOueiY_yDWQYC^OyCHm]kpoOxjtgsuTGhi[KSuW_an^Gyxw`QPZKLblY[fhz`sGIDKkUCEfHlOvwShQzmUVc[IvFxCkhNWyhhVDoNc^MdRZwfoFmUiML]^huOeWzTyuUPOPwd]lKqJyIjyZJwxS`JnLKhJ`dL_sfXEhX_JIrwCUT__LPKNCWgUL\\CFO[xIySRTleRCeno[cGZrfJxPZy\\]zDtLUZuiuoEBCKnbyIdObLlECLZF^hizqoUhkFhKtGaoCXp[VWRQVNunRpJJAoKMFEKNqFqs\\YV\\fxCeVykHVXedubWvw^KEvTixMceP`ZpwrZITm_nBEDrhZbTPjuvxNQ`ROEYnT[bvchm[YCIYjJAr]B_fPVae_rjauqFiGAhd]vFlpsqgl^OEQhpNam_xuwXkyLacx[Rj\\XVavmqW`usBdfQMArHT\\jj`^VndRNiRL`ctRORowIYzDWGTuTcGSyNlhqDazMESLbpECXulaTWTRj\\GOZjxfcyNRqL\\LkokDGn]bCQ^Zq`ybt[yUwS`]GgdccmMLY`p`gQLvz`MJM_oCzfXWNGPYPNwZKtzPERARkZvdPCVWGVQcsacwVqySQWPYTllFawFv_^RaknHLksStxUadQCuOSiAUJ]Q^RPpJQVEVPCLbinbXEW\\yKHp^Crcp]xWN^dt[CIcbQLUNrS``GcPnBRSJ[SGZnOsRfxDFtGVvnuizmbgjSCjtidMMRkAkCJoCSDbtPZgANTAHcSWsfWHk`zdClrnJGetdFggjzn[sWifUdFdyTHFfCD^T[`HXg]tc[WBwghssvOTqTOZgNopy`ObCITO[fCLtoDtNDhSfOMjnkgzLG\\KrhvDMoznSYYMtDZBQVMca]KjS_nS\\TDUJsUMtzhYEtzMqAqkQfjqtseU]LkhAgRzVECAiNHQhn_h]xtSiDCqdN[ROzjhPzXXbArlxpBD_ZIFUws`SXzxe\\VIdlmj^[AiWGF]FHVsBySKEUxRHKVrA[mGejHLDS`DY[jNrVZKCGvgJLDPo[bTFJhwTzrWAJpiYOlefj[mkKpt_GwZfsXclMyPmntr^CKtRMNvZZeEApcuTnXNCYlHlMxLP]rspcOhzwcRtBALOSbveDvyVgoFRDHEPBfxcmPYbuvXLGTBY`tZeBbMas]JnJWwp^BsWDd]DJUjI_mOSnglJh[NZYWjPFfX_yciE\\eVwXW\\grEBFNqz]emHDnYxgtMx^xLJwEKrIRpmRybbUUdBPfvuM[fQDgiDKYxjguFBDzrLpzpEMqdRPLisBRx\\Zto\\clctArvZPcyPojEMfaDMDXnykFhVxebJLVcDXwEVvKCgNYDSMlqspbYLydIuJ`\\eBoDZHBoi]iQtUHlRCVJMniTdxXFnnJLWiXfYUeKLwHWHR`qrrqsnWOrS[[]jvBuS]uKx\\SxYKyQgRMSXbOvwRXAZaTyuH\\PvNEeWUsV`t[dXyLANHEHhFxBEukXHUCQjiVYNbvDisWDqoc\\VTkmDTbpPD`]e\\NKrKticmmgLBYpiuKQROBodPMVHaJJCZYMeLLguttdaEaCumGUtPKVZZbbx_bCcddmcLK^i^VYVYO`iK[UZoQmOCnLeeiWRqAx[oZibdgVumABKBsnEMdoSq_`YzsEoyG_YREuklmpIus\\ClAcluSENMedPuPckbbvg]ctwxDS[nfXyC^hyPStgBQMg\\fp\\JFaTxp`JHforze[aMfMWce[PhOeLWM\\SOqQiEEBNx^rd_CgWqfZpYYs`eRgiKUmuK\\dJUl]IeyZEnqkfbOUlngupxlDmYSDdlwZDZ^CEJQLZzolnbBGwzBH^aoLdijkRvqTqXhLELQb][\\pJzQLXLHdjpw]fSZWZat^J[uWupCkjZfCFyBeX_TGnMdB\\KalmtIvbxgiEuQbJXuQKtXgQpyvMnjxrtvjOQxpRj\\ISS`^NlwWRTrbnt\\xuMinNirLybTsZFy[XOUxP\\i\\qTf^BTwUpAuEAhud[U_gYDxMUWK_`^iZ_NxuDTJfeyDZLu[kUk^uwBCmVZJeJXpRR[`mkAaGKtB[A_AZw[KpAn]^KK_dK`]NJlHkUhzTKWjDAcmrYjijMzR_yCca\\wwfXnROXQEO[qfeEZ]bXhK[qmAJ[dmSFZsNZDfMR_[IfZOWUh[_aAInm]penHon_mJAyYKAnQQsNCpX_eomJNmFQE\\xOBYKkgdsQOXw]ZlQjQajhYGJSBeRADjtxNllrGIbYwGPMsPj]]VA_lQqvPriBSsM__zPhzYdHyQkRqw[mvo_iiVLxvqbPZ`GEtlisAB^Dlt`[``ESWwG^U_qInRmIrUiZKgXFObmtR[wppkXWlPs^ZcjVu`EiPULXLGQtHzEpKMMtbASDtWWc]KzbwBKi]EdwO`ejZ_OmKDTMVqntMBotydvAHiwFoVSFcPeCWddVHeXYrmMFOQ]\\QkyfddclbIxpkNeFMk^dXYlUM]IU]rr^srpsRzYnBsnygbieIGt^ntDryeZH[NOkRZwtXloMRjc`fnien_MWxTkzoyth`RSndDhMeoNWRgMDQ^MLwoTwBsnxjwFYrHgAXowbF\\AzRpEQHgjQmillxVllQk]hjo_KzLg\\beG[oUfMn]pDNogJVvCCDKRVySP]QtQwANjIcQxcj`xnuZZuIVoEIeYWSl\\\\EJvtMtCAF^bFxZS^N_[`sVUvFMnWoSpqp\\_aeDbBXYoenjGiRuJnQwcjozoAFgMnhkP]vltJxYHZajIVFEEtJCassolfPbvkMBwCZen`BzqsoJIFqZuBbSdfKXdGAOuW^XN`nFv[R_sJLiDjggoqguIuXQsCBg`nF[UXvdRl^ZjC[[Z]Tt[T[DjdOTH]NtZfzFDlTgnCUDSMKFZxqViILLSBklIc]p^eAEDVWiJhFYzXl^ZItJfsKQZomCBb_La``iLFCEaIMBDnMvQMSzjSJfZkfOcUhbItsZrCRUGpd^fJNfbqloP_\\NVuP\\Zn\\M\\esJvmENvytujgzQ]AhmdsSeYeDwnquSTXBAQDjpl^tRfb_juzyZGjdcSOlRiHZEDaaRfzzYQrAFzAyqFUCor\\MeoYhBSYGdEoNFBMEvz`IOi_dSQuLUFfMcUw^MRxGrlWALntptQGpSSxvQpVlXNm_ZbfkFiseCZR]S^X_XFRDzquPWANWvLidzsbdHIkKY]msB[dmXqUSvi_cgWTE[\\iqkh^ZvoWOUHf^DBOwW[yErVhQTywlofjwnwITxJrdZFxoDB`eHXiA^dzVzMGwrf[jXijGtvyMdVelXsNSZRdWwjZJxnTkDvlofOXVRYlMY]WIzNxHzo]`BDmhO`JGbOIidqGJ\\sAAaXx[SRKjpMlPYMnb]kGlPefKTi_IHofHn]zeGRUxVZQV]tPWD_gllOlvmmHemBcBae\\wNI\\KVIWpUPh[YHFdHuV`kDsTJkKTqOpsXTJuC\\Vdrvb]EhLewzufPwLKQIBfxDzF[pCFyLaf_mhp\\WO]_aXrTJd\\Hzeu[kfow]BPfGgkZPG]OWiut_GXgHlRLbxyafKoHtszUyrYtgXECGNlRkBwdNHokkDEIhKoFSVU_iauhi^AjhOFTMhqeOKtlEPdvmPM]dykksNcKGOvjHED]ykwATJrH&quot;,121)" methodname="GetNumberOfCharsInStringTestRandom" classname="Open_Lab_03._10.Tests" runstate="Runnable" seed="1957963604" result="Passed" start-time="2021-10-19 19:34:08Z" end-time="2021-10-19 19:34:08Z" duration="0.000116" asserts="1" />
            <test-case id="1036" name="GetNumberOfCharsInStringTestRandom('J',&quot;[ZwzuYR^Gi_U\\zFg^zPJdzLGwCTLIZHcOQnINGT]YdyUxeOxvggrsSy[NqDrFFVgavFLMwZXgmlABrISoVQ\\nQkwRSuXD\\WSORnC_DkyNOLFayZWhlDkptsQLJttCCUKWZljDGnkeSN_FeVSt^jRYg^UZ^qVJrwLuAiHNkTaxSF]fTLanbA_SCmkvWPaQYbnVCeEwOFJKJUFbAjFRPbcqYtrOyLq[nP_lRHdjHe`\\rTIihIvhKOArywwJmqxCOiXtpTPsFWKeBHzFkJaqQJP`OhnUKZwQh^MIwOsUsCboDWqrxrZdPHlFZsfIavigZtx_uqI\\RMxOb\\\\srvXSATBalGjEdjoxUvUKYRwGjxRDJ^^xXmRe_VfGsXmnHErbYAugHQ[`yQdCByWOdlhrYJZyPNSA`JyeGkeJcrqGSmfNldFuB_KWXAIObvXtyZzpRzwRTMflva`g_LNgIYzBycNFbWch[wHsmpvmgoaosY\\q[]kVillaZyrilqjweyRyZguiP[zUrLI`HWeFgMyjLbYnyMAqEeKuH]XocBFNmWjOqRbVLdQXzcmsOGkD[IPNAOYezq^fHkxpsKxhffe\\Umu_k`a\\QCndH]NcswWUGeQOfxADJCXo_otOTuu[QCUEwTiVwVpjPPUj]ftn_]RNfzFSdzOyCvEEQLSROeHoNi`OZJlhAGvolGZxOVmwGqgTLQYRTc_uU]AwZqsZOaxvAPSJmUCtrKiWBMDJk[UYbAZOG]_Y^Ti`tlTvxP_y`fDJndvMnjinM`TzpEDPqeW^]I^QtHL\\vVswxQ\\]bRenfuTTXTGtLPIvOahfFfTg^MsrhXC`cah_zcrbpJs`ASQfMwhXcqWwxyQZC\\gARaQecevgiGpwmofKvMekjfxmJkbBRY`T^sN[BfDcABi]A[KJSF^prvQgd^\\rCuUPa\\YtaLIQJCjiw[miaXjLvj]cbbq_KM`GgZv`CQcGxMgpLckIlmQfKIUrzpSzVeGx]dB^`NgQpcOiChWyrhmXvuv^ED`MxdlSGjScbNd_GApcufoRZTHhriBbh^Y\\hZSLrvcTUoXeEORvETdZPOne\\D\\YikvDoHrghekyD\\wev^ccWG^TtzMYfikn[JfesTpxXeN[cfVnRIiy[sBbNcKpvYBzux^uqSmcifLltCkOdYH]zlScHDWQJzBzdNafI\\xyWGPpgPiKrwL]Q_zIfvmmw\\YieMIf]FGI[JFt]^vsVMYNn_iEOYAMjKCvhbK[HCimqDCHYFgHztXjCLuF^DWDFtZQGKMuS[kS^gXk]bfImsNpnSs]gFxDgehxelAOtlp_JEMWnKcwYORMfd]oRjNN^hgtz[FkaXOADigjG]i]]BfXS[RAPMxK^bA\\XSWTEsVBzRJwxmhoBll]COa`IF[UZE^\\iKRnGUYdfdYBQUD]_IImq^ZJmrKzXAbuniOm\\uigSHrYp_OoBxqQwkeKlIBOKZMfC_NbGRBd[]ZjgBTNcWxZKQyDDEBStZ]tuLVRRgikwMqZQv^jpngn\\n\\maK_BPjkBAao\\fCwviN^x[_mIaR^FniXHkdkGIg[N]pZkGCDmrkFOP^SBYW[xLeNRJhkCRpnBnP\\eFBB_OkOCcJrMRiimL]BrbHbZRB[CwD[AChwWUwj[WKjzp^kdGBqQOdDy[bMMQLG`irKemSXPmb\\WYbeoQrvvNJlZdyvnj^KKEJQxTGroeb_gIhasxYvYPKR_FlAoWd`OWQROQg\\KAHRgfFQwXCpQbmuusmrbGDXABPPrVSbQxlXIsftA[EWTnPheVWV_otExjRfVpZaF[`SqUmBNsrHBgEMlcf\\zwD]Eh[Ybz^LB^QsOwrQcUIfxmCQfFtnKxbJXDOIuU[NVgF_WLxolUseoX_RfJm]FjADwG\\LiiWOtuPRg_u[HFCpExVz_w^kbyHgfCbPklGCyektHNfHPSUAgLzzl\\hmLfhvmdfewekVzAr[M\\sQQV[PeHzZCc^OETqSwpG^bBKfbyBgU`mPdX\\pLYRfeMbTG\\RfK_^XVUiPLphfGSF^pOfhrAH^^\\tVZq_FhV]pBVuPiMeVlf`RGD_sqenJXztt\\SpURbykqQ][TWyfVlmrwbPWSgPCcSXB\\AoVWQDKhp[qbD_[fHofNBxtDZBfRvI_s\\zScdOFhcKHGYpPHpX[^lnZDuRxOYsmhwxFELsCsjxfrqmeem^]_hAGh`PhRRqPjX[K[jKvwUbooIbMIhT]vVOzvrY_wKlbtiv[WbKubc`JGMS_yC`dxTTUI[PdQgzmdzvFNHqa^YuTpFtj`t`tfHd`UaRvSaducnaGQMQrMyG_YA_DbaEWGFH\\VWkgpuOwoAkC_mYSdihgAEGTCNUl]No^gEkt\\dBRkKkYQ\\`oHmnYX[[QPXeca][bMMWZB_qzhWvqUhDai`ejZVFLdZdEzZkNkIMDFFncvolB`ewbTDtBskIqHKqculzNfhFM\\z\\dmBoeeDgy^Clv`jVzzWvuOKhKo^Wr`jGTcQPrw^LD_rEsADhwSGMFDaUbTeqHhoZovXTPZ^D]KsWXGoJlp[_Y]APBvi^ShDWjXQxdjX]oCkuLKw[_[ERMPARvHSUlAkoG\\gApraBYykWmFDryNyrcmKZWyB\\XDkoRvok_wehuDtO`e`pE[V^BtMUQMdqpFdUNvEqRSTCcRx_swulZMXwhNnYjZZRSnro[_Bdaj^lHTvjvh\\USsXdiggAIfGrsBjo[IETuQLkifoURD^CyFz[WOGnsB\\ucgsGdGPmdHZChguCrSiFIEtnCPXMCQ\\tpQICnikLnkYqfxnkTEw`SVm^mEEUiDkSgaMW_sOIb^RXfDIF]hsxTvbZ^ePjeW]kAGJFkWL\\qnypEVsjwzrAKnzkynttc`_KAaW`tDUF]WGaxlVIlanf`\\`NHZGw^RtROno^yTptel_ogYnNYkHBmtf_BJY[wXcK^pRJwrKYluAnxlbift_mJs`VIQ\\ouUwMJTRqHdQaaiPrssbQcjpDtpAfPvAgVV_Wxodd[kaBcxM[ch]QiLMK`sTTSgbLcdKLKsuEOxprIn\\vdaCcYkxKITrF[QQoJVYynBPjnYCkVUBlXYjmdymsfACrBpdxhBinU]IcQTpAiNonRFhCa^LKcaTmyYhyoEDUgOXvPH]PJmJYMP`vHbXJq_LnJVergrLeJZHDimmZBvBpXuaismqNgu^ICdmu]edSa_PmI]NVoyHu^VWOpvytAyyOwyAEzswWSiOsenaW_\\YimcfhM^FbgjScaBpJ\\IVwClcoG_eBVcV_aQ\\UTTr]mUkdWgRcxWuVG\\fBAqaisDLDUnCQa\\pIRsJhByXZMBEyizYEeZT^nIdjJgPdeAC\\amENSyABYG\\rzMVUUygGISVIO[_UjopMycXwvKlgZSEghmkwRuOgUwTOXvzr[fReRPsWoZZKMAhpOi\\\\kbDpaIrCPJ_zLuMnA[VYuTHs\\E[UP^Ai[^Hsc]EIXpHfuZyRotpnSCbWZKT\\i^nlJq_imTK^WMAEM]xBFIaViMWXvkZXIc[tCW]EvP_[iRXFC^KwNSV`xXCwZGmCumUnmHBqAtFqdFgXoQVYa]KqMuveT`eo^]avwdTu\\TwTM`wskfHJlU]Xc_brLX][ORTG_k[Lw\\xMaqdgyDtiY\\DIAJTYC\\iDr\\FvMpUzKwMQXPrluvtI^oCnOKGVXCJ\\mtVEliZJit_\\OnlkRc^Hc`aCZRgCjycHnl^_unzM\\jZdQa`\\ZVDp`CsMSSf[BXZkRWi^PMq_cRfsGwmsmLcTuncltRLcH`KDPjSusBLM``MOWzGV`mhqoGp^nxdyANWCGccWesAkzVoVaUVuKpDUrTOJuoGuYNMRIKHnWklgmxqZR[xZcjnKKCKnTZ]pmFSmJ^NWNb^[EWcu^ps[rhSiZBGGzTZxNwuhfEPoNbLBLSGoZQQ_aCyFndSIWGWtHaNH\\vPY`ENP\\R^HuSgjDvWLxptBlHXGKSteFyS_Ary]pid\\GLNE[gpMKBJgBOhYhGFJXsBvzHjMwtWPLYvatSf^]h[Epg^mKapid[ENJSFSxdPQeu[dSG_U\\bhkYxGSewCVEiglUhWbNSasXJZuMuZDB[NCmTpMLmiAbuMwOiPekxGIAoTP^LGj^yUd\\eyAsJV\\e`Q^x^g^eoTDUEBxA`iAgy^d`c[djOmacf_\\_pSA`cFifQPWcAzS[VpfBhxUCCoWCm[ia`ZKNi[DtpxPSEAiOZFNqsZqsxy]ojfspbpDaoFmullMjhByBFHdgNshFdSPkyPKJF[lOxIZTTTEHNGKwA[jbCLciHxx]pCv]aCeNPjExhPTtnas]ITk^acHtrCGAKx^QXcaL]wgQWlumsivbF\\T]SYvxukWMcDmjlC]KzgzMgZGoiVBJH`uidByygdQmaZhTzLApMkbY\\HpsSHP`jMFDJDFkD^_WWNfMlnp]ULwWx]M\\LFg`TlCTUeJvFQljMKCO]cH`SmL^PiFgqd`xqzDfKSsHduXE[NKn[yzcyHMaa`Dg`^E\\knsMHWEJkzvXVGDC^SMsewzjm]FePMcGpvTgVyfDuqryLoLZ]BIMQLrnoJ[fRZu_XpcZmXg`gJynFA^xRfINDVpeE`rM^Al[vTaWMmgFUdaHNDinf]TgQg\\CzxUM`[BgX^slZHk_yDtZpiXBrDaAgFKOs_WPXZ`tbujjLwU_mphNnBNRaTV\\uAzSTdtvk\\H`^zrvzhpujBOrXw\\qQFiDDDzbuWWbDZnRhIjnJSRt^\\msmHvWIDefmE\\ZAQAcQOrQNwKPNhhynp`cRGom\\AZzoI_cgPmsRjdPe\\epxfJ[Wfrx`tIu]NHQor\\FYbdxvogEMPxp\\yoqqzdJQbDnHsWEbS[nA`XWCL_bznlPvSZ^YRZpNSor^pqCXc]tpKpwbYne[BJ]porpZtfQsfahkasMV]KWRr[l]]vA^oVLISBjxBd_xLAKeHLBabPyrnKyUGSwxfnDPU`Y`JOUsgZGqPHURuZw`WTVHDUrihaSYxuPcn]XSvGLTEHEzxeDLr_tAJQ\\oXfKFHitVrl^XCdeQIBCvQrkC^GbYAOY]AdvPvFMWNiHLHfINucsIOa^`uIcAG[UdTBXZhVVCpfibk_vryT_YWQO[FVUm^LPmT_sGOi`_MpTcrvpVNkCnvwNCmxUSAc`dWvOMgpdPnzLawgcJay`mJ\\rXQpTQUN_dQjLwhdjYHmAvkgFGUKmCDm[uEqvq\\Sv`\\bQN[f]wOHeW\\vgejNwK\\\\a^PRsritwpr[[JVsfiipnwHDYJJQGOWkEABnyInfOVLp`B[^PrbN\\gheVLtjhXmhYGV[Ibu^vDaYlR_WigBPhIPYSWYmPExqc^XYfAVhwDSYFPsDg]AAW^APrxHlJHNqFjpNuFkhRTSdqqSD_UFnEx[F^Hbitd^pq]TVZfIblTiDLWZAeENpC[mIPkkn_Cohp^nU^wesL_BkOXtGiaDoWimVjKGiuVCj_BNidE^i[Ud^YBtsrdFyyzRHkYeSqvyq]SMNJL^dCVUCFPwiRNrQQDk`kFxK[Kr_WmBFogifG\\wceOC\\\\wBcEhaYbh]EOSJr_qgSNqte`LKoHIu\\D]j_JPZiMc^HJeXnSEEockNeCWCt]lRZnBBlcfiOWxFfSl[voX\\DEFsSOF\\mMaM\\REUIcfKhWpXfecRQwHFFPOVhIi]^JvBqkeTOXSSIMogOhNhgnKqF\\GLDigztJg_\\obuAODseowt\\bHAvBpkyEwVeYQ`lSYy`QL[GSgXkSMQ_Nk]bfEsTw`WrLQcy^HRVxTLVhudUXzgsfqWioxFN`fckpcuCEZMKuvat_Gul\\_vxs^MUttK`CDpSk[`EzaPym\\ykQ^JhDTmBjfrSV`ILPhIqFOJEapmuPxKX_]EWj]]iRocEcNi[YDiFTIeCTFHNbslm[[ot[m\\nK[_QfE]TGR\\LOFDVrCCeVOGZDqeHZpzgbvutdTWPdnGPW`^VWYBYjrYwTFNp[UuRSpdTLKl_fmBbIqC^SOkAobwk]y`_FbpOtpxav&quot;,90)" fullname="Open_Lab_03._10.Tests.GetNumberOfCharsInStringTestRandom('J',&quot;[ZwzuYR^Gi_U\\zFg^zPJdzLGwCTLIZHcOQnINGT]YdyUxeOxvggrsSy[NqDrFFVgavFLMwZXgmlABrISoVQ\\nQkwRSuXD\\WSORnC_DkyNOLFayZWhlDkptsQLJttCCUKWZljDGnkeSN_FeVSt^jRYg^UZ^qVJrwLuAiHNkTaxSF]fTLanbA_SCmkvWPaQYbnVCeEwOFJKJUFbAjFRPbcqYtrOyLq[nP_lRHdjHe`\\rTIihIvhKOArywwJmqxCOiXtpTPsFWKeBHzFkJaqQJP`OhnUKZwQh^MIwOsUsCboDWqrxrZdPHlFZsfIavigZtx_uqI\\RMxOb\\\\srvXSATBalGjEdjoxUvUKYRwGjxRDJ^^xXmRe_VfGsXmnHErbYAugHQ[`yQdCByWOdlhrYJZyPNSA`JyeGkeJcrqGSmfNldFuB_KWXAIObvXtyZzpRzwRTMflva`g_LNgIYzBycNFbWch[wHsmpvmgoaosY\\q[]kVillaZyrilqjweyRyZguiP[zUrLI`HWeFgMyjLbYnyMAqEeKuH]XocBFNmWjOqRbVLdQXzcmsOGkD[IPNAOYezq^fHkxpsKxhffe\\Umu_k`a\\QCndH]NcswWUGeQOfxADJCXo_otOTuu[QCUEwTiVwVpjPPUj]ftn_]RNfzFSdzOyCvEEQLSROeHoNi`OZJlhAGvolGZxOVmwGqgTLQYRTc_uU]AwZqsZOaxvAPSJmUCtrKiWBMDJk[UYbAZOG]_Y^Ti`tlTvxP_y`fDJndvMnjinM`TzpEDPqeW^]I^QtHL\\vVswxQ\\]bRenfuTTXTGtLPIvOahfFfTg^MsrhXC`cah_zcrbpJs`ASQfMwhXcqWwxyQZC\\gARaQecevgiGpwmofKvMekjfxmJkbBRY`T^sN[BfDcABi]A[KJSF^prvQgd^\\rCuUPa\\YtaLIQJCjiw[miaXjLvj]cbbq_KM`GgZv`CQcGxMgpLckIlmQfKIUrzpSzVeGx]dB^`NgQpcOiChWyrhmXvuv^ED`MxdlSGjScbNd_GApcufoRZTHhriBbh^Y\\hZSLrvcTUoXeEORvETdZPOne\\D\\YikvDoHrghekyD\\wev^ccWG^TtzMYfikn[JfesTpxXeN[cfVnRIiy[sBbNcKpvYBzux^uqSmcifLltCkOdYH]zlScHDWQJzBzdNafI\\xyWGPpgPiKrwL]Q_zIfvmmw\\YieMIf]FGI[JFt]^vsVMYNn_iEOYAMjKCvhbK[HCimqDCHYFgHztXjCLuF^DWDFtZQGKMuS[kS^gXk]bfImsNpnSs]gFxDgehxelAOtlp_JEMWnKcwYORMfd]oRjNN^hgtz[FkaXOADigjG]i]]BfXS[RAPMxK^bA\\XSWTEsVBzRJwxmhoBll]COa`IF[UZE^\\iKRnGUYdfdYBQUD]_IImq^ZJmrKzXAbuniOm\\uigSHrYp_OoBxqQwkeKlIBOKZMfC_NbGRBd[]ZjgBTNcWxZKQyDDEBStZ]tuLVRRgikwMqZQv^jpngn\\n\\maK_BPjkBAao\\fCwviN^x[_mIaR^FniXHkdkGIg[N]pZkGCDmrkFOP^SBYW[xLeNRJhkCRpnBnP\\eFBB_OkOCcJrMRiimL]BrbHbZRB[CwD[AChwWUwj[WKjzp^kdGBqQOdDy[bMMQLG`irKemSXPmb\\WYbeoQrvvNJlZdyvnj^KKEJQxTGroeb_gIhasxYvYPKR_FlAoWd`OWQROQg\\KAHRgfFQwXCpQbmuusmrbGDXABPPrVSbQxlXIsftA[EWTnPheVWV_otExjRfVpZaF[`SqUmBNsrHBgEMlcf\\zwD]Eh[Ybz^LB^QsOwrQcUIfxmCQfFtnKxbJXDOIuU[NVgF_WLxolUseoX_RfJm]FjADwG\\LiiWOtuPRg_u[HFCpExVz_w^kbyHgfCbPklGCyektHNfHPSUAgLzzl\\hmLfhvmdfewekVzAr[M\\sQQV[PeHzZCc^OETqSwpG^bBKfbyBgU`mPdX\\pLYRfeMbTG\\RfK_^XVUiPLphfGSF^pOfhrAH^^\\tVZq_FhV]pBVuPiMeVlf`RGD_sqenJXztt\\SpURbykqQ][TWyfVlmrwbPWSgPCcSXB\\AoVWQDKhp[qbD_[fHofNBxtDZBfRvI_s\\zScdOFhcKHGYpPHpX[^lnZDuRxOYsmhwxFELsCsjxfrqmeem^]_hAGh`PhRRqPjX[K[jKvwUbooIbMIhT]vVOzvrY_wKlbtiv[WbKubc`JGMS_yC`dxTTUI[PdQgzmdzvFNHqa^YuTpFtj`t`tfHd`UaRvSaducnaGQMQrMyG_YA_DbaEWGFH\\VWkgpuOwoAkC_mYSdihgAEGTCNUl]No^gEkt\\dBRkKkYQ\\`oHmnYX[[QPXeca][bMMWZB_qzhWvqUhDai`ejZVFLdZdEzZkNkIMDFFncvolB`ewbTDtBskIqHKqculzNfhFM\\z\\dmBoeeDgy^Clv`jVzzWvuOKhKo^Wr`jGTcQPrw^LD_rEsADhwSGMFDaUbTeqHhoZovXTPZ^D]KsWXGoJlp[_Y]APBvi^ShDWjXQxdjX]oCkuLKw[_[ERMPARvHSUlAkoG\\gApraBYykWmFDryNyrcmKZWyB\\XDkoRvok_wehuDtO`e`pE[V^BtMUQMdqpFdUNvEqRSTCcRx_swulZMXwhNnYjZZRSnro[_Bdaj^lHTvjvh\\USsXdiggAIfGrsBjo[IETuQLkifoURD^CyFz[WOGnsB\\ucgsGdGPmdHZChguCrSiFIEtnCPXMCQ\\tpQICnikLnkYqfxnkTEw`SVm^mEEUiDkSgaMW_sOIb^RXfDIF]hsxTvbZ^ePjeW]kAGJFkWL\\qnypEVsjwzrAKnzkynttc`_KAaW`tDUF]WGaxlVIlanf`\\`NHZGw^RtROno^yTptel_ogYnNYkHBmtf_BJY[wXcK^pRJwrKYluAnxlbift_mJs`VIQ\\ouUwMJTRqHdQaaiPrssbQcjpDtpAfPvAgVV_Wxodd[kaBcxM[ch]QiLMK`sTTSgbLcdKLKsuEOxprIn\\vdaCcYkxKITrF[QQoJVYynBPjnYCkVUBlXYjmdymsfACrBpdxhBinU]IcQTpAiNonRFhCa^LKcaTmyYhyoEDUgOXvPH]PJmJYMP`vHbXJq_LnJVergrLeJZHDimmZBvBpXuaismqNgu^ICdmu]edSa_PmI]NVoyHu^VWOpvytAyyOwyAEzswWSiOsenaW_\\YimcfhM^FbgjScaBpJ\\IVwClcoG_eBVcV_aQ\\UTTr]mUkdWgRcxWuVG\\fBAqaisDLDUnCQa\\pIRsJhByXZMBEyizYEeZT^nIdjJgPdeAC\\amENSyABYG\\rzMVUUygGISVIO[_UjopMycXwvKlgZSEghmkwRuOgUwTOXvzr[fReRPsWoZZKMAhpOi\\\\kbDpaIrCPJ_zLuMnA[VYuTHs\\E[UP^Ai[^Hsc]EIXpHfuZyRotpnSCbWZKT\\i^nlJq_imTK^WMAEM]xBFIaViMWXvkZXIc[tCW]EvP_[iRXFC^KwNSV`xXCwZGmCumUnmHBqAtFqdFgXoQVYa]KqMuveT`eo^]avwdTu\\TwTM`wskfHJlU]Xc_brLX][ORTG_k[Lw\\xMaqdgyDtiY\\DIAJTYC\\iDr\\FvMpUzKwMQXPrluvtI^oCnOKGVXCJ\\mtVEliZJit_\\OnlkRc^Hc`aCZRgCjycHnl^_unzM\\jZdQa`\\ZVDp`CsMSSf[BXZkRWi^PMq_cRfsGwmsmLcTuncltRLcH`KDPjSusBLM``MOWzGV`mhqoGp^nxdyANWCGccWesAkzVoVaUVuKpDUrTOJuoGuYNMRIKHnWklgmxqZR[xZcjnKKCKnTZ]pmFSmJ^NWNb^[EWcu^ps[rhSiZBGGzTZxNwuhfEPoNbLBLSGoZQQ_aCyFndSIWGWtHaNH\\vPY`ENP\\R^HuSgjDvWLxptBlHXGKSteFyS_Ary]pid\\GLNE[gpMKBJgBOhYhGFJXsBvzHjMwtWPLYvatSf^]h[Epg^mKapid[ENJSFSxdPQeu[dSG_U\\bhkYxGSewCVEiglUhWbNSasXJZuMuZDB[NCmTpMLmiAbuMwOiPekxGIAoTP^LGj^yUd\\eyAsJV\\e`Q^x^g^eoTDUEBxA`iAgy^d`c[djOmacf_\\_pSA`cFifQPWcAzS[VpfBhxUCCoWCm[ia`ZKNi[DtpxPSEAiOZFNqsZqsxy]ojfspbpDaoFmullMjhByBFHdgNshFdSPkyPKJF[lOxIZTTTEHNGKwA[jbCLciHxx]pCv]aCeNPjExhPTtnas]ITk^acHtrCGAKx^QXcaL]wgQWlumsivbF\\T]SYvxukWMcDmjlC]KzgzMgZGoiVBJH`uidByygdQmaZhTzLApMkbY\\HpsSHP`jMFDJDFkD^_WWNfMlnp]ULwWx]M\\LFg`TlCTUeJvFQljMKCO]cH`SmL^PiFgqd`xqzDfKSsHduXE[NKn[yzcyHMaa`Dg`^E\\knsMHWEJkzvXVGDC^SMsewzjm]FePMcGpvTgVyfDuqryLoLZ]BIMQLrnoJ[fRZu_XpcZmXg`gJynFA^xRfINDVpeE`rM^Al[vTaWMmgFUdaHNDinf]TgQg\\CzxUM`[BgX^slZHk_yDtZpiXBrDaAgFKOs_WPXZ`tbujjLwU_mphNnBNRaTV\\uAzSTdtvk\\H`^zrvzhpujBOrXw\\qQFiDDDzbuWWbDZnRhIjnJSRt^\\msmHvWIDefmE\\ZAQAcQOrQNwKPNhhynp`cRGom\\AZzoI_cgPmsRjdPe\\epxfJ[Wfrx`tIu]NHQor\\FYbdxvogEMPxp\\yoqqzdJQbDnHsWEbS[nA`XWCL_bznlPvSZ^YRZpNSor^pqCXc]tpKpwbYne[BJ]porpZtfQsfahkasMV]KWRr[l]]vA^oVLISBjxBd_xLAKeHLBabPyrnKyUGSwxfnDPU`Y`JOUsgZGqPHURuZw`WTVHDUrihaSYxuPcn]XSvGLTEHEzxeDLr_tAJQ\\oXfKFHitVrl^XCdeQIBCvQrkC^GbYAOY]AdvPvFMWNiHLHfINucsIOa^`uIcAG[UdTBXZhVVCpfibk_vryT_YWQO[FVUm^LPmT_sGOi`_MpTcrvpVNkCnvwNCmxUSAc`dWvOMgpdPnzLawgcJay`mJ\\rXQpTQUN_dQjLwhdjYHmAvkgFGUKmCDm[uEqvq\\Sv`\\bQN[f]wOHeW\\vgejNwK\\\\a^PRsritwpr[[JVsfiipnwHDYJJQGOWkEABnyInfOVLp`B[^PrbN\\gheVLtjhXmhYGV[Ibu^vDaYlR_WigBPhIPYSWYmPExqc^XYfAVhwDSYFPsDg]AAW^APrxHlJHNqFjpNuFkhRTSdqqSD_UFnEx[F^Hbitd^pq]TVZfIblTiDLWZAeENpC[mIPkkn_Cohp^nU^wesL_BkOXtGiaDoWimVjKGiuVCj_BNidE^i[Ud^YBtsrdFyyzRHkYeSqvyq]SMNJL^dCVUCFPwiRNrQQDk`kFxK[Kr_WmBFogifG\\wceOC\\\\wBcEhaYbh]EOSJr_qgSNqte`LKoHIu\\D]j_JPZiMc^HJeXnSEEockNeCWCt]lRZnBBlcfiOWxFfSl[voX\\DEFsSOF\\mMaM\\REUIcfKhWpXfecRQwHFFPOVhIi]^JvBqkeTOXSSIMogOhNhgnKqF\\GLDigztJg_\\obuAODseowt\\bHAvBpkyEwVeYQ`lSYy`QL[GSgXkSMQ_Nk]bfEsTw`WrLQcy^HRVxTLVhudUXzgsfqWioxFN`fckpcuCEZMKuvat_Gul\\_vxs^MUttK`CDpSk[`EzaPym\\ykQ^JhDTmBjfrSV`ILPhIqFOJEapmuPxKX_]EWj]]iRocEcNi[YDiFTIeCTFHNbslm[[ot[m\\nK[_QfE]TGR\\LOFDVrCCeVOGZDqeHZpzgbvutdTWPdnGPW`^VWYBYjrYwTFNp[UuRSpdTLKl_fmBbIqC^SOkAobwk]y`_FbpOtpxav&quot;,90)" methodname="GetNumberOfCharsInStringTestRandom" classname="Open_Lab_03._10.Tests" runstate="Runnable" seed="591103696" result="Passed" start-time="2021-10-19 19:34:08Z" end-time="2021-10-19 19:34:08Z" duration="0.000102" asserts="1" />
            <test-case id="1037" name="GetNumberOfCharsInStringTestRandom('j',&quot;Lh^mwqqn]Ck]Ldt^lttqMfNYDxmhSt]bIE_TRoztfKC\\UFdezSMhCSxaZEjzDJ[daJTHEaLxtALCclDyTHiAgo`qHytMFAq]jYuLl]aZGPoBHuxhAkfv\\[xme^AGhzrsKiTJrsNrbOuWA^iMALMUUuBP\\IaO]ZmHXvrZboqI^oTMaalHpnG\\m^^PgEhjRzUI]mzFfPeLVEraapivWZZiTQUuXbm^GGq_ZLjnbg\\`JuGifxjrVmTs`goMYFhD]GFONTGUGvUjxt`ZJfOZsvITnyynW]V]yXDCos[SqVk[YdugHVCmqOLayl[PVTxdarkap]eRLvc]KiuJERfB[cfkM]DCXLx^XHuatTrelkbufiWQrQLDhwJxMATTZbuzyFFDnTQk[BQjAkE^GmLGztp\\xwUsA_LJqbwadS]^A\\dgfZw\\vqMgWnAEPeGrzXkvpGsYo_uoQiG_QJp^ztxKR`nDbsRzMf^ckhq`b_hWvYWhg\\oFocsGZaeQTprvNvceK_ncSQw\\LbOtJFXGELKdnXIKDaLmglJApl^HhLm_fWusRkHOXkrBkyrnWd_mFKo[YNDXbPZsYgxW]PsSZwUwtHQruklEgAZ\\c[[EhjgIRzdEB\\QGkMTIpsaRxM^r^ULYN\\oCpofjPLeu^MpZ[fU[hQfjtIG[MofwnLq`gNQvadseNfnlWEXrAkkwqEIghL^[ahGSVQmMVYuDXB\\NVVEHXnwC[tjcEdNVGXDa_\\VFSK]bqh_ocuRSHVDmlEs\\bJIlK_wAxviuzypMRULmVuzJSvOlUQo[cu_ICkXSl_rgLWSI`q\\XsFGhKyZPQKggHORF[hKaxtBqDTxvdFM^pWc]oqyERHBasK`xFMirgv[yEPeqA^fKxIrkgoRdjGPps[ysoAqXXUqtwdY_MHDn]qdjToRQvEIagfGeRlCAhOndRxoCWmXcC\\SBqO`Aja\\SMQNQ]nN[EDGODzXVzOuIha_KSFnCMCQHm\\XBj_`c`w^yVExrqJA[gTefmCyXzKOBmz\\bcWf\\iRclD`pOHwMCBp\\YrlPh`IcUi\\MWcWO[_`mUkscNNkQDyLzw^CkrHyv`iNDbTZflim_]DGhyICZps`W]\\PsafWS`eMg]pBunE_VMg^tXUliE_FhIraFDbFFRZzrqZLIHIflTKKpyV[LtiOA`_^fOvqMzZDmhgCxJcawtUUyglHiGtLcKySRw`uLSZltGXHRS^BQHRHLK`y^oIFFO[bjUkBeiVeZd[rPdpVdsu\\tqGHXaWWKTfffpYxc\\Wcmhickhjtzm\\NTzisNdeDSy[FxoLZLsnH\\SiLI_Xjr^XXsXRgG`kyrTQnNcev\\PiHzUlBQ^jiMuMoaCNa^`SfIoPICvyau\\NboQX^fQVdqBmxG\\NKVEYwxCzLEdzV_JokhfzPfjuMKjpGBSBahnLpDRemRMZCQzEgMBP\\\\x`fKLmNNsJlbYhlyygVBNyZQrwKeIuzCaFkO`fs`W_ZCh[sSTiNVtZNyGVSPcdFxJiBSx]YToqfi`WcXDrRZheJGrlIJSdwmZ\\szZ`UqPtaCo`ZjnvLkSfQ_`u\\MUPAKusOD_cx_^[KnDGRSRYWXYM[oLTZ_EI\\AtVIwQWLKxhMr\\^\\ZcIuvsdmhX[sKJZZVyJuixVCvNMZkzdTisAvwN`IPd\\_p_AB_NrsRdn\\NFzigKChoGKRI_^HYBeF]rMWMKv^IkBEF_iqOr\\FanjiUjszkkZQyizVtc\\\\P``DFFMdpgtb``_jH^C^SvmXRlGX`SxfVzqBNgdP]OKDqskZJQOVayJTmHmUzoE^jOL`i]\\\\unADl&quot;,26)" fullname="Open_Lab_03._10.Tests.GetNumberOfCharsInStringTestRandom('j',&quot;Lh^mwqqn]Ck]Ldt^lttqMfNYDxmhSt]bIE_TRoztfKC\\UFdezSMhCSxaZEjzDJ[daJTHEaLxtALCclDyTHiAgo`qHytMFAq]jYuLl]aZGPoBHuxhAkfv\\[xme^AGhzrsKiTJrsNrbOuWA^iMALMUUuBP\\IaO]ZmHXvrZboqI^oTMaalHpnG\\m^^PgEhjRzUI]mzFfPeLVEraapivWZZiTQUuXbm^GGq_ZLjnbg\\`JuGifxjrVmTs`goMYFhD]GFONTGUGvUjxt`ZJfOZsvITnyynW]V]yXDCos[SqVk[YdugHVCmqOLayl[PVTxdarkap]eRLvc]KiuJERfB[cfkM]DCXLx^XHuatTrelkbufiWQrQLDhwJxMATTZbuzyFFDnTQk[BQjAkE^GmLGztp\\xwUsA_LJqbwadS]^A\\dgfZw\\vqMgWnAEPeGrzXkvpGsYo_uoQiG_QJp^ztxKR`nDbsRzMf^ckhq`b_hWvYWhg\\oFocsGZaeQTprvNvceK_ncSQw\\LbOtJFXGELKdnXIKDaLmglJApl^HhLm_fWusRkHOXkrBkyrnWd_mFKo[YNDXbPZsYgxW]PsSZwUwtHQruklEgAZ\\c[[EhjgIRzdEB\\QGkMTIpsaRxM^r^ULYN\\oCpofjPLeu^MpZ[fU[hQfjtIG[MofwnLq`gNQvadseNfnlWEXrAkkwqEIghL^[ahGSVQmMVYuDXB\\NVVEHXnwC[tjcEdNVGXDa_\\VFSK]bqh_ocuRSHVDmlEs\\bJIlK_wAxviuzypMRULmVuzJSvOlUQo[cu_ICkXSl_rgLWSI`q\\XsFGhKyZPQKggHORF[hKaxtBqDTxvdFM^pWc]oqyERHBasK`xFMirgv[yEPeqA^fKxIrkgoRdjGPps[ysoAqXXUqtwdY_MHDn]qdjToRQvEIagfGeRlCAhOndRxoCWmXcC\\SBqO`Aja\\SMQNQ]nN[EDGODzXVzOuIha_KSFnCMCQHm\\XBj_`c`w^yVExrqJA[gTefmCyXzKOBmz\\bcWf\\iRclD`pOHwMCBp\\YrlPh`IcUi\\MWcWO[_`mUkscNNkQDyLzw^CkrHyv`iNDbTZflim_]DGhyICZps`W]\\PsafWS`eMg]pBunE_VMg^tXUliE_FhIraFDbFFRZzrqZLIHIflTKKpyV[LtiOA`_^fOvqMzZDmhgCxJcawtUUyglHiGtLcKySRw`uLSZltGXHRS^BQHRHLK`y^oIFFO[bjUkBeiVeZd[rPdpVdsu\\tqGHXaWWKTfffpYxc\\Wcmhickhjtzm\\NTzisNdeDSy[FxoLZLsnH\\SiLI_Xjr^XXsXRgG`kyrTQnNcev\\PiHzUlBQ^jiMuMoaCNa^`SfIoPICvyau\\NboQX^fQVdqBmxG\\NKVEYwxCzLEdzV_JokhfzPfjuMKjpGBSBahnLpDRemRMZCQzEgMBP\\\\x`fKLmNNsJlbYhlyygVBNyZQrwKeIuzCaFkO`fs`W_ZCh[sSTiNVtZNyGVSPcdFxJiBSx]YToqfi`WcXDrRZheJGrlIJSdwmZ\\szZ`UqPtaCo`ZjnvLkSfQ_`u\\MUPAKusOD_cx_^[KnDGRSRYWXYM[oLTZ_EI\\AtVIwQWLKxhMr\\^\\ZcIuvsdmhX[sKJZZVyJuixVCvNMZkzdTisAvwN`IPd\\_p_AB_NrsRdn\\NFzigKChoGKRI_^HYBeF]rMWMKv^IkBEF_iqOr\\FanjiUjszkkZQyizVtc\\\\P``DFFMdpgtb``_jH^C^SvmXRlGX`SxfVzqBNgdP]OKDqskZJQOVayJTmHmUzoE^jOL`i]\\\\unADl&quot;,26)" methodname="GetNumberOfCharsInStringTestRandom" classname="Open_Lab_03._10.Tests" runstate="Runnable" seed="1432278993" result="Passed" start-time="2021-10-19 19:34:08Z" end-time="2021-10-19 19:34:08Z" duration="0.000062" asserts="1" />
            <test-case id="1038" name="GetNumberOfCharsInStringTestRandom('B',&quot;YAgNPEbEXq]PFtPPiKgTcgKkhom\\myFcCaUTSapZHJojMMVce^StEVzmpva[RGSZktM``vxHUNMYs\\^[YKqPfM_hbc^WAVIBrUzTzqDiaK_rJatUXFBGPCn_V`ywYaGzFLb^\\K\\cHIj\\hg_AiIzvTBlob\\y[sGQzE`mxzVtNeZyHTSqiBxOPbKgD[mwAMAjBrjWIuaBSPlRuCe\\PePZurAYttj^MZsAdjxPdvhn[wvzptlApRhVwboJrR]PLDosXliLFUrTw\\zyvBdAHihvm]ECuoYSYYcXICcELav\\ZTZ[cqNpi]H]VsGuhfQRw`u_tbpsY_pbnM\\YDd[DacewQFBPwhX`Pe_uZubAAUXJgajJWhrDLNkUuxNnaawlHQRJibzICZDLL[QkWssPqTUCtKz\\hnZ[YgBWO`[phiBlK_J[g]XhhguowPP^c^\\OAcn`Zu\\qXDcIScsUA`pKVmmmlNZzQwNKNmlbleAmBbQeEm\\TXv^CiQtNpBnL[]a[qXv`rQdW_CJo]IhylGbVZK\\wt^lkqoR_Apngrv]GRH^fHElhTo[UuLBgwygT`s`jlengVBHpe\\DSgqoolEXCUxdpoHksPIaYbou]QFRRhekZHizGJrc\\\\^VnBysNROa\\ueksvS_gmFUjMKiFHdiXaFxEYG\\SMEAYEO_^xHKrTviWIfaqPmFh`IvohgZoqMZiFweygLHAZrEeXbvm`eC[ySswTjpRhWAH\\AQMBcKEeFOiEQXFlhOMJzkmDiewVqTCqxJXQjlx[xpsEKrDRjaAHox\\Q_JSyNjnmLrGGApBvRmLKrhsrbffQSvCzhHl`ZzMOBGtTlwRu_EpBlRZrQ\\WcD^ZPoGYtD]]S`xIkn`FfTkmOFBOWhuPycdK^hd_e^XqCb^\\oIiDkVkOTlKKnsCLIM_jwmeCJB\\Iwtkgb`ZOzr_csVrm]Zkl[MipDn`C^ftjtcSZB_cOZnMRhvrausakQkhkLudozWlTxpjPDYlyr]SgzXHHwyHfFJZJvcNGuoOCCsTsMc^]GbsnYAkom\\rAPGNoVaU\\LeDCNPdHDPvU\\e__QflurYUZwOnwf_]gNCR\\^q`IWdl^a^`ebj_jo[dmQeGz]h\\_mPGYTCA[Gc^OhrtYjJVwAnrnZ`LtjagjHMkQWGQ_iDdMwUEZkhQTR`^zXTzorHkavoH\\GcBcsqNxJfrE[mICPTXbiltDG]gaTDQIMdSIfh[[Sapm]vTFyhQcWamUjy]VKgdGUjrrZzXbsxPHwGbLIbbfnilgqyZhLFQfxjXmD]gzQijYRfYcWQMcEyTgxLA[akWngeKMioIgvcUEySUKaqQvshayWlpr\\LYaSwlh[LubIah]dOierqukZ\\uzDLqxzRLkKomCbhjVvimSAEVHDLzfQhHrBmdPUxcqVxRp]gDJG`okicyzqiunR`Z^gvAoE[AyGvxDm`fWIq`ksWIZodZfDo`p^oIbfPFf`qemfvNQD^f\\AjeQmbz[BUvRWH`yXEksktLCmWnsWIc`IEpoKsoEPedKuTW^WPtymnkG^b_WnHEsmVIRSko_PgdFPAHYzQ]HPdnVUiQcUYRIalY`KELf[UiGJfq][FW]exdIcmxdZMKrU\\`_ccOuEqguvhMiroHOBo^cHPwXHcLOKrmiFSusq\\YnRjNvaOmfEwp`xwXSfqn]eXkDv^d`tPX`WjRYCBrspaJOBMlJvbMAiwJtyJACfMlp_PJNfyPdyugEN]CimZeSCXr[aXZtBpNdoUjlD^^wRdBnPEf]GRPLcZmHYjgN`WbJgCPtmQfPviAZVDK]lxmk`BBUccTUqQWvBsHMomjpgAPtZTmU_K\\cdrefBvQKxQYfREY^wxhzNxD_mHvPqypgooSJN]Lt\\_sVcecVuOYb]]UgoGsuzBUy\\lr^lOP[mo^iEhvH``UbaNJS[gVHdQt[KtuqnFdgzxpizfbGKkU[hmYNc_CEtHr\\uC_LnFU[vhbcY\\SoFPxswZmX[gOOC`nrGUnwHWSFWu_zKppHMOzdKz`\\QGkGqGYWuk]EhWgjws]BvnNfrHCn`JhHoSgBfLOP]HE[TkZpbQhS^^`]sFOjEeqlDUPUkfDkeM`nimRHhMMP]UeRnJIaw_KrQTXy\\FEwMwiQymnGoHCrYbOikxbb]]nFCh]VVSfbIPCagTTBVCmp\\SZjEiN^_^ZjIcNQPYk\\]\\jI_iCXeaL[kyekOmQgEIDfqTYDFClwRQTAcQLWgqsxRzzJy^C]IEXTXESKQyRboOIZfdHxbuANPFTqTOFcAPoNtzc_yAFi`QJDq`^UWEvOEJESl\\qBtjb_[vagBczaoRiyvPAokkLvUaJkvQn^KDpqjedvzrTnFVZm\\FW\\[CQI^gKtmqkkp]Wl]sPRgFptXYpyHWPqtRCHmgSCZjJJGcxdziPcpFoVNXkFqMmVbur_[Oyp`Nrwwgnp[MzZGgAo]guVvNMNxnbLlZJkj[DcNrZbevfeMTOvtCBnUctRAezIEbDACOjgcYbeNTlzccAe`gRiXVWGalbdsQ]CsebxdcS\\\\WaArtjYdVdXPVdhscFqrxmwqiHyADAwUqNBpVPgCIA]hFm]BuFB]\\e^eeKIllX`VgCYIcs]SYoixPOkvfxGxy[sMjWKLGvRl[HBCUUYCciDhvaUVZMGoQbWLKMYLhRL^^x^INhbQ_EVPXKQJColuo][skpsHvNUR^`KyCMImfqPMMHozvPJsaRjA^eXYpZUQkEmsASGpgzOyMNfdAsMgE\\kLpJ\\XpjwL\\z]IUwzcITMbClnPznXwNhMOTbCqriAwCD]Nl^OEtd^kPJIEWLYBSAxnnNonuIl[TP_zP`^]`SCdK\\yKZyZfQzdCGi[_i\\KksDXzeJpqiw]AxTdSOeUwjFKUg]saFznDHSlGDz`QIdxT]dEmEIPDHOBmtDTIQOliIYsfc^OPFEnGIqrCYG\\xkjwtRyMzfXzusOLElZKbtzyD\\veDMRjKmnyY\\yUdQPeiEsNtfmQyvuEkltXVUJnUhpHEQmdmFbQdVPydhkYZAlOsiNgbbyOH\\PBOkJdsJ^tUd[V]uoielTTvbPVCFCLHSJHFOks_H`Q]stOOrKgmPeVIwFg\\nanHRmCZSQNKwK^MCrDiAHKuVZrinzIIEWkalJKGqpvbw]qFGJFFCx\\fWslsuTfTHFF`Zx[tgxsLMdytdlbetDGGvEKsXSL]JbZrWQgJiLZEFPZmusPJmBZDyydUmc\\TmVBeJG]SFYwheCBfeXy`DBkIIWsYhRWGkFSkNpdnWwETElZwxxkVewQket\\nODfoBqx`jRYpnKJGxWDWwv\\jbB\\opbGUTq`SRQSOntMg`ub[mJnNqEqScvNAUJkIKD\\xeqphEpdDjpKgZBBfns^OANjVCSteJE\\\\ZepwTGJB\\mcnlbbSIEUSaMxWHZemvytfTiMoMEShj]nNeve\\ka\\EjIvNhZot]WF^txZCUmGDmhcDZklLpIBU^owLnyHmQYLSXQTh]cHy[XSB`sowhdETVkzEBOOVeTnU]QfJWEjMBCuF]ufvKLFhTrxgQPfNTlUGex`PMfactsSSptbGdTLZOGBeSzsGZ\\sPio\\_VVj`e]n\\`erWh_eA`ur_wvxNmZJXzCdBYDlNegolS`FhI\\Zursjnwxb[Y\\mLTW\\]BpyemWVtGGMXpPFQAOaGTqE\\\\RpItdYwEdgS^oI[]qhqlKeIW]KFpVJKl^I\\bNz]hPSMdnnLGGd]INkRhhlXYTGj[\\aAghsPqKJ\\rY_dizzjlgC_nrou\\cEUJdmHMm`YNUgxEOZOIIiYTXxnYCNotyoOGoSNfWXwZa\\WAEZ_X`mStfAlgyjJ`k`PaXrPwLdllmznvanUciWTM\\U[nabhhNWiAMqcMKbMwAbHgMqFKUbqUMDEDX]WevD_VQnjkLHYGKXLtNnak]]Tf`UoJm_phLbAxDlWZHUzNIjJorKqevgHZkspvz`ygRkvcWNq\\WHdH]F]pKzRbiLm`[bNLv\\ZbWTvYobXdUUNoDAweVzkzOXxGyVIpAe`vhBkJKEBdbhMUyy][fcqwkZTzVp[YZccjoRGBPm[QyGYaKdIzthKYodLNikoVecKzE]`gr[KtH`xdBmplg[`lYKuLGtS_xFfWwY\\hE\\IY]RQPfbLwvDiKCZbucUayIgvCtbhdQHgKRHOHtf`_hWcuX\\T]qbFjvJQqVOVEtcfoW^svL[AxpBRlDBfYOKmjCwPHrYlfP[eFlo^tcYRWbIuts_mUdxqjpwmZNlEniUhUWLAP^lqptWHtCVOSfXCRevQoCEfrT_hM[a^h_]qrHAqYosXs]lHRSWk[vLMZFy]UjvY]sbnIbKJeFrzKhnUbWVuEpClTQWlI_\\jtZuAuyykHMFVELCmSeuxTAUgpq[sKYBGeHGkmn[dYfnrjhhHNeZ_d^WtFOKE^GaiLzkwFSA`JQ`hN]wHJTf`z]]GkMf^cWGRFEgjwkCueuVTxigcSCvK[Ajj^eLsh]wnKNcIqMLYRkvEHIICaDL`\\vqEVxMS_JNHybIjG^lFr]tkFebV\\JRdRWROX_mtAtuH]oG`zZvCRFizCGzlVrqUrdpbQuSclrFxblOQ_CVCNPSLhSMQ_B_JCaPsy_PFGTR[AkXQsiNS]oGcRetxiCDjTwvB\\VRznPvuysLwvvYqoLhNZhbUfRXEQbGEpVp]WN`MsMeZZwCmdNvHPicooxU\\srdWlGH`FwZag[UMDHviPe\\CfzpHnBiZtEUBcNiSp]ggnU\\oTVkgCgLNWaklRAlEOAgbGTepZdsmxoOR^AnYQBXNsGeB]wAokcYnhtizlvNZnYPcSZOQMToMdZjzicS^cECVV\\deSogUny[ZqCjDikbXnLKOJjQJckqjWuNqqdyYgZZfyQIgsPos]ecJQU[d^^mDHlCwptMElIkTm`PtaeQSvyMmSD`\\JVvJhV^NOLrzCkGUuOWlEbCsN[HI`QelTlvWMbfXBCeVnQPKssrDhoWbSDvNNViybFgRpjHSczjCwgFwKwPgYaE_UTDJfYJgTgnhexVIk_[hEUffxzCQFB`ABHx]gxhKqDjPtYSMbHvtGWZzhXLgVsaRHnf]zt]nrQrBfWm`gpjyGgtfixpOlAoy^XIFnpNieIBq`YURegz`IbL[tAoBENBr\\t^NNgmrcBTxeDFPd^dFAOpvLhMmALeWHKUgvGDxuIxHNOppu`YaevqNDbC`[zqXWxq[iZU][fLsRhhxsWs\\mEmLUHcTE^^vR`kQYVG\\LwGykyvWuFhDGUeSKeGbrAXwIPalxX`]PXQqxo[WLMZzqZoxvXGnP`dK_Jp[XKZ^aKnjEnUVKjVfbYGi\\dp`QlNjnFRoyzyBmwZfgEsICkd`KydGDHzoUtMoxDwy\\aXKlTsfz[CWkh]aIh`o]LkrAJgtjehcItg\\TYnqGxHcFcDhXgfP_H]QqaKbgzvUmZOqBANktih_DHmXGz\\DyXDAXVfmNMKHCmqfUMfWZvVqZyNinn\\h^rVUVNZgU[]h_a\\QRGCtUFeDCNaZHxy[k]eKX\\PHmzByZiRt]wXhkcTYNSSHgA_X\\BwBwRtqrvGUDfdTwhwL`RkIJLxEIH[m[e^XlQxKCapo\\yVbjzLyETrJRorkTphk[UtZHMbfklIz]vgLqVVJv\\hHmUGxYMrNsFUHEw[]XaOSKsgVHgty[_oygmgnFeN^uvGXb_HuvslVNVxthkplTsnTQV\\SPgXmSlXPmPoc`yDbnZlQonFVo\\KCHmGLDofO[yC]yhHXvMMUpLareK^]bCyqbVHAJd`kToHoWPSGfhZbPpMwLPbsRJhYAMvdaHOSh\\B&quot;,91)" fullname="Open_Lab_03._10.Tests.GetNumberOfCharsInStringTestRandom('B',&quot;YAgNPEbEXq]PFtPPiKgTcgKkhom\\myFcCaUTSapZHJojMMVce^StEVzmpva[RGSZktM``vxHUNMYs\\^[YKqPfM_hbc^WAVIBrUzTzqDiaK_rJatUXFBGPCn_V`ywYaGzFLb^\\K\\cHIj\\hg_AiIzvTBlob\\y[sGQzE`mxzVtNeZyHTSqiBxOPbKgD[mwAMAjBrjWIuaBSPlRuCe\\PePZurAYttj^MZsAdjxPdvhn[wvzptlApRhVwboJrR]PLDosXliLFUrTw\\zyvBdAHihvm]ECuoYSYYcXICcELav\\ZTZ[cqNpi]H]VsGuhfQRw`u_tbpsY_pbnM\\YDd[DacewQFBPwhX`Pe_uZubAAUXJgajJWhrDLNkUuxNnaawlHQRJibzICZDLL[QkWssPqTUCtKz\\hnZ[YgBWO`[phiBlK_J[g]XhhguowPP^c^\\OAcn`Zu\\qXDcIScsUA`pKVmmmlNZzQwNKNmlbleAmBbQeEm\\TXv^CiQtNpBnL[]a[qXv`rQdW_CJo]IhylGbVZK\\wt^lkqoR_Apngrv]GRH^fHElhTo[UuLBgwygT`s`jlengVBHpe\\DSgqoolEXCUxdpoHksPIaYbou]QFRRhekZHizGJrc\\\\^VnBysNROa\\ueksvS_gmFUjMKiFHdiXaFxEYG\\SMEAYEO_^xHKrTviWIfaqPmFh`IvohgZoqMZiFweygLHAZrEeXbvm`eC[ySswTjpRhWAH\\AQMBcKEeFOiEQXFlhOMJzkmDiewVqTCqxJXQjlx[xpsEKrDRjaAHox\\Q_JSyNjnmLrGGApBvRmLKrhsrbffQSvCzhHl`ZzMOBGtTlwRu_EpBlRZrQ\\WcD^ZPoGYtD]]S`xIkn`FfTkmOFBOWhuPycdK^hd_e^XqCb^\\oIiDkVkOTlKKnsCLIM_jwmeCJB\\Iwtkgb`ZOzr_csVrm]Zkl[MipDn`C^ftjtcSZB_cOZnMRhvrausakQkhkLudozWlTxpjPDYlyr]SgzXHHwyHfFJZJvcNGuoOCCsTsMc^]GbsnYAkom\\rAPGNoVaU\\LeDCNPdHDPvU\\e__QflurYUZwOnwf_]gNCR\\^q`IWdl^a^`ebj_jo[dmQeGz]h\\_mPGYTCA[Gc^OhrtYjJVwAnrnZ`LtjagjHMkQWGQ_iDdMwUEZkhQTR`^zXTzorHkavoH\\GcBcsqNxJfrE[mICPTXbiltDG]gaTDQIMdSIfh[[Sapm]vTFyhQcWamUjy]VKgdGUjrrZzXbsxPHwGbLIbbfnilgqyZhLFQfxjXmD]gzQijYRfYcWQMcEyTgxLA[akWngeKMioIgvcUEySUKaqQvshayWlpr\\LYaSwlh[LubIah]dOierqukZ\\uzDLqxzRLkKomCbhjVvimSAEVHDLzfQhHrBmdPUxcqVxRp]gDJG`okicyzqiunR`Z^gvAoE[AyGvxDm`fWIq`ksWIZodZfDo`p^oIbfPFf`qemfvNQD^f\\AjeQmbz[BUvRWH`yXEksktLCmWnsWIc`IEpoKsoEPedKuTW^WPtymnkG^b_WnHEsmVIRSko_PgdFPAHYzQ]HPdnVUiQcUYRIalY`KELf[UiGJfq][FW]exdIcmxdZMKrU\\`_ccOuEqguvhMiroHOBo^cHPwXHcLOKrmiFSusq\\YnRjNvaOmfEwp`xwXSfqn]eXkDv^d`tPX`WjRYCBrspaJOBMlJvbMAiwJtyJACfMlp_PJNfyPdyugEN]CimZeSCXr[aXZtBpNdoUjlD^^wRdBnPEf]GRPLcZmHYjgN`WbJgCPtmQfPviAZVDK]lxmk`BBUccTUqQWvBsHMomjpgAPtZTmU_K\\cdrefBvQKxQYfREY^wxhzNxD_mHvPqypgooSJN]Lt\\_sVcecVuOYb]]UgoGsuzBUy\\lr^lOP[mo^iEhvH``UbaNJS[gVHdQt[KtuqnFdgzxpizfbGKkU[hmYNc_CEtHr\\uC_LnFU[vhbcY\\SoFPxswZmX[gOOC`nrGUnwHWSFWu_zKppHMOzdKz`\\QGkGqGYWuk]EhWgjws]BvnNfrHCn`JhHoSgBfLOP]HE[TkZpbQhS^^`]sFOjEeqlDUPUkfDkeM`nimRHhMMP]UeRnJIaw_KrQTXy\\FEwMwiQymnGoHCrYbOikxbb]]nFCh]VVSfbIPCagTTBVCmp\\SZjEiN^_^ZjIcNQPYk\\]\\jI_iCXeaL[kyekOmQgEIDfqTYDFClwRQTAcQLWgqsxRzzJy^C]IEXTXESKQyRboOIZfdHxbuANPFTqTOFcAPoNtzc_yAFi`QJDq`^UWEvOEJESl\\qBtjb_[vagBczaoRiyvPAokkLvUaJkvQn^KDpqjedvzrTnFVZm\\FW\\[CQI^gKtmqkkp]Wl]sPRgFptXYpyHWPqtRCHmgSCZjJJGcxdziPcpFoVNXkFqMmVbur_[Oyp`Nrwwgnp[MzZGgAo]guVvNMNxnbLlZJkj[DcNrZbevfeMTOvtCBnUctRAezIEbDACOjgcYbeNTlzccAe`gRiXVWGalbdsQ]CsebxdcS\\\\WaArtjYdVdXPVdhscFqrxmwqiHyADAwUqNBpVPgCIA]hFm]BuFB]\\e^eeKIllX`VgCYIcs]SYoixPOkvfxGxy[sMjWKLGvRl[HBCUUYCciDhvaUVZMGoQbWLKMYLhRL^^x^INhbQ_EVPXKQJColuo][skpsHvNUR^`KyCMImfqPMMHozvPJsaRjA^eXYpZUQkEmsASGpgzOyMNfdAsMgE\\kLpJ\\XpjwL\\z]IUwzcITMbClnPznXwNhMOTbCqriAwCD]Nl^OEtd^kPJIEWLYBSAxnnNonuIl[TP_zP`^]`SCdK\\yKZyZfQzdCGi[_i\\KksDXzeJpqiw]AxTdSOeUwjFKUg]saFznDHSlGDz`QIdxT]dEmEIPDHOBmtDTIQOliIYsfc^OPFEnGIqrCYG\\xkjwtRyMzfXzusOLElZKbtzyD\\veDMRjKmnyY\\yUdQPeiEsNtfmQyvuEkltXVUJnUhpHEQmdmFbQdVPydhkYZAlOsiNgbbyOH\\PBOkJdsJ^tUd[V]uoielTTvbPVCFCLHSJHFOks_H`Q]stOOrKgmPeVIwFg\\nanHRmCZSQNKwK^MCrDiAHKuVZrinzIIEWkalJKGqpvbw]qFGJFFCx\\fWslsuTfTHFF`Zx[tgxsLMdytdlbetDGGvEKsXSL]JbZrWQgJiLZEFPZmusPJmBZDyydUmc\\TmVBeJG]SFYwheCBfeXy`DBkIIWsYhRWGkFSkNpdnWwETElZwxxkVewQket\\nODfoBqx`jRYpnKJGxWDWwv\\jbB\\opbGUTq`SRQSOntMg`ub[mJnNqEqScvNAUJkIKD\\xeqphEpdDjpKgZBBfns^OANjVCSteJE\\\\ZepwTGJB\\mcnlbbSIEUSaMxWHZemvytfTiMoMEShj]nNeve\\ka\\EjIvNhZot]WF^txZCUmGDmhcDZklLpIBU^owLnyHmQYLSXQTh]cHy[XSB`sowhdETVkzEBOOVeTnU]QfJWEjMBCuF]ufvKLFhTrxgQPfNTlUGex`PMfactsSSptbGdTLZOGBeSzsGZ\\sPio\\_VVj`e]n\\`erWh_eA`ur_wvxNmZJXzCdBYDlNegolS`FhI\\Zursjnwxb[Y\\mLTW\\]BpyemWVtGGMXpPFQAOaGTqE\\\\RpItdYwEdgS^oI[]qhqlKeIW]KFpVJKl^I\\bNz]hPSMdnnLGGd]INkRhhlXYTGj[\\aAghsPqKJ\\rY_dizzjlgC_nrou\\cEUJdmHMm`YNUgxEOZOIIiYTXxnYCNotyoOGoSNfWXwZa\\WAEZ_X`mStfAlgyjJ`k`PaXrPwLdllmznvanUciWTM\\U[nabhhNWiAMqcMKbMwAbHgMqFKUbqUMDEDX]WevD_VQnjkLHYGKXLtNnak]]Tf`UoJm_phLbAxDlWZHUzNIjJorKqevgHZkspvz`ygRkvcWNq\\WHdH]F]pKzRbiLm`[bNLv\\ZbWTvYobXdUUNoDAweVzkzOXxGyVIpAe`vhBkJKEBdbhMUyy][fcqwkZTzVp[YZccjoRGBPm[QyGYaKdIzthKYodLNikoVecKzE]`gr[KtH`xdBmplg[`lYKuLGtS_xFfWwY\\hE\\IY]RQPfbLwvDiKCZbucUayIgvCtbhdQHgKRHOHtf`_hWcuX\\T]qbFjvJQqVOVEtcfoW^svL[AxpBRlDBfYOKmjCwPHrYlfP[eFlo^tcYRWbIuts_mUdxqjpwmZNlEniUhUWLAP^lqptWHtCVOSfXCRevQoCEfrT_hM[a^h_]qrHAqYosXs]lHRSWk[vLMZFy]UjvY]sbnIbKJeFrzKhnUbWVuEpClTQWlI_\\jtZuAuyykHMFVELCmSeuxTAUgpq[sKYBGeHGkmn[dYfnrjhhHNeZ_d^WtFOKE^GaiLzkwFSA`JQ`hN]wHJTf`z]]GkMf^cWGRFEgjwkCueuVTxigcSCvK[Ajj^eLsh]wnKNcIqMLYRkvEHIICaDL`\\vqEVxMS_JNHybIjG^lFr]tkFebV\\JRdRWROX_mtAtuH]oG`zZvCRFizCGzlVrqUrdpbQuSclrFxblOQ_CVCNPSLhSMQ_B_JCaPsy_PFGTR[AkXQsiNS]oGcRetxiCDjTwvB\\VRznPvuysLwvvYqoLhNZhbUfRXEQbGEpVp]WN`MsMeZZwCmdNvHPicooxU\\srdWlGH`FwZag[UMDHviPe\\CfzpHnBiZtEUBcNiSp]ggnU\\oTVkgCgLNWaklRAlEOAgbGTepZdsmxoOR^AnYQBXNsGeB]wAokcYnhtizlvNZnYPcSZOQMToMdZjzicS^cECVV\\deSogUny[ZqCjDikbXnLKOJjQJckqjWuNqqdyYgZZfyQIgsPos]ecJQU[d^^mDHlCwptMElIkTm`PtaeQSvyMmSD`\\JVvJhV^NOLrzCkGUuOWlEbCsN[HI`QelTlvWMbfXBCeVnQPKssrDhoWbSDvNNViybFgRpjHSczjCwgFwKwPgYaE_UTDJfYJgTgnhexVIk_[hEUffxzCQFB`ABHx]gxhKqDjPtYSMbHvtGWZzhXLgVsaRHnf]zt]nrQrBfWm`gpjyGgtfixpOlAoy^XIFnpNieIBq`YURegz`IbL[tAoBENBr\\t^NNgmrcBTxeDFPd^dFAOpvLhMmALeWHKUgvGDxuIxHNOppu`YaevqNDbC`[zqXWxq[iZU][fLsRhhxsWs\\mEmLUHcTE^^vR`kQYVG\\LwGykyvWuFhDGUeSKeGbrAXwIPalxX`]PXQqxo[WLMZzqZoxvXGnP`dK_Jp[XKZ^aKnjEnUVKjVfbYGi\\dp`QlNjnFRoyzyBmwZfgEsICkd`KydGDHzoUtMoxDwy\\aXKlTsfz[CWkh]aIh`o]LkrAJgtjehcItg\\TYnqGxHcFcDhXgfP_H]QqaKbgzvUmZOqBANktih_DHmXGz\\DyXDAXVfmNMKHCmqfUMfWZvVqZyNinn\\h^rVUVNZgU[]h_a\\QRGCtUFeDCNaZHxy[k]eKX\\PHmzByZiRt]wXhkcTYNSSHgA_X\\BwBwRtqrvGUDfdTwhwL`RkIJLxEIH[m[e^XlQxKCapo\\yVbjzLyETrJRorkTphk[UtZHMbfklIz]vgLqVVJv\\hHmUGxYMrNsFUHEw[]XaOSKsgVHgty[_oygmgnFeN^uvGXb_HuvslVNVxthkplTsnTQV\\SPgXmSlXPmPoc`yDbnZlQonFVo\\KCHmGLDofO[yC]yhHXvMMUpLareK^]bCyqbVHAJd`kToHoWPSGfhZbPpMwLPbsRJhYAMvdaHOSh\\B&quot;,91)" methodname="GetNumberOfCharsInStringTestRandom" classname="Open_Lab_03._10.Tests" runstate="Runnable" seed="156580107" result="Passed" start-time="2021-10-19 19:34:08Z" end-time="2021-10-19 19:34:08Z" duration="0.000381" asserts="1" />
            <test-case id="1039" name="GetNumberOfCharsInStringTestRandom('`',&quot;m\\UsWqtcWblILouBgZKHinKTia_ZHunoLsZnMzuTnpeeJ[USUQBCqtVyRAKpR[\\]owxSVGpg_rTsJ`KOLMEqtlxR][]LpFBTUIqM^CxO\\U_za]plqvdFVecCzfpuddrZpz_BixkJOqV_MxlAflUt\\wxk`nNsMCer^FKaynCtL[q`OEqBupPsOxxsCo]vjsxMM_BHnKBri\\iBFY\\\\xMyWnld`HR_KRHJT]eTkCiNjoXKmOwmdSAy^uaY[v\\z\\frabSV_\\FlZOyOcWbqQL`vsQJfYvLspaimEwrd[tXR_bbj`gyCsELowkzPYhwdPMws`LJf`yWXoNWRjZFmxJAkVupTxcKnxnBSeiJT]S^uinAiTi`ybJgGML^fWphxndZAMEgAPmQegFBbtHAPCMLnHvGZL^xgfaHFUA]PB`ipsBZGKwmOpXubXfsRyNomoeyGyvNtekO]^WvF\\zOPliqNf`iiHKRokwAODTIOjsdFJYDAkmpyy`AFnk[YN_l[ZZlaWgCHqA`tElEN]hxVVSqLwu\\SskAKHJgkg^eEjiHxzHBCgNwabVFGcae\\KkPGzVmuETayCsfgKsLptYfen[clE`HGsItzYAxeUGxShx^ikYvjVoclEeS`mBq`MZGtzgNKub[n\\TxqxuAgeXlEaHvoiYrTQYGNrdjEKlonUpQkh\\bsAJuoiCTrkZ]]kH]DNjzULw]tcxjlrKHMqyTG^R`pPrTkPSDNSN^x]NhDgBLlSbzaRPflnV&quot;,17)" fullname="Open_Lab_03._10.Tests.GetNumberOfCharsInStringTestRandom('`',&quot;m\\UsWqtcWblILouBgZKHinKTia_ZHunoLsZnMzuTnpeeJ[USUQBCqtVyRAKpR[\\]owxSVGpg_rTsJ`KOLMEqtlxR][]LpFBTUIqM^CxO\\U_za]plqvdFVecCzfpuddrZpz_BixkJOqV_MxlAflUt\\wxk`nNsMCer^FKaynCtL[q`OEqBupPsOxxsCo]vjsxMM_BHnKBri\\iBFY\\\\xMyWnld`HR_KRHJT]eTkCiNjoXKmOwmdSAy^uaY[v\\z\\frabSV_\\FlZOyOcWbqQL`vsQJfYvLspaimEwrd[tXR_bbj`gyCsELowkzPYhwdPMws`LJf`yWXoNWRjZFmxJAkVupTxcKnxnBSeiJT]S^uinAiTi`ybJgGML^fWphxndZAMEgAPmQegFBbtHAPCMLnHvGZL^xgfaHFUA]PB`ipsBZGKwmOpXubXfsRyNomoeyGyvNtekO]^WvF\\zOPliqNf`iiHKRokwAODTIOjsdFJYDAkmpyy`AFnk[YN_l[ZZlaWgCHqA`tElEN]hxVVSqLwu\\SskAKHJgkg^eEjiHxzHBCgNwabVFGcae\\KkPGzVmuETayCsfgKsLptYfen[clE`HGsItzYAxeUGxShx^ikYvjVoclEeS`mBq`MZGtzgNKub[n\\TxqxuAgeXlEaHvoiYrTQYGNrdjEKlonUpQkh\\bsAJuoiCTrkZ]]kH]DNjzULw]tcxjlrKHMqyTG^R`pPrTkPSDNSN^x]NhDgBLlSbzaRPflnV&quot;,17)" methodname="GetNumberOfCharsInStringTestRandom" classname="Open_Lab_03._10.Tests" runstate="Runnable" seed="1076333753" result="Passed" start-time="2021-10-19 19:34:08Z" end-time="2021-10-19 19:34:08Z" duration="0.000162" asserts="1" />
            <test-case id="1040" name="GetNumberOfCharsInStringTestRandom('h',&quot;KKETdldQt]YegKjcRP[]Gn^hsmZzgSZwhcnRJTZuXvrpJVuHaC[^vDpWhW\\qSedbD]wEWYZxq`EKvh_]sRZdsvBenWdnscbnRQlgYqkHd]hVye[zryyALziI\\RQAofFNxQtfwsECbRAWNffIvevuebcSbdLG`kTxW[XilpDzuvZtzSupgIEKkLcWhbDSgx^qyCznNxXFawAjHiSOiW[XfJNLsBAJmkTwYdvxTHbikzdnKtPyOodQ]GLoonuMwNTpdDR_nVubomgg`[BylBvxGC[RXGIaMUl]fnKHclLttC\\jZ_PUlv\\vSVjaczGgNTUZAJAlQtWApBDEbkrtqnoQtqKQEd_cf_g`hBjQ__Es`[FQSeysHNpZ`E`KzkggUoVRV^W`BbVSjwlZktyZeg[XjMAd]`QnrY^kFouoOZqas^jcSGZGmMBiTxcJ]nD]Rb[RZATwyJLLpu`L^YQVFKAeWoXIMlR[WUPQCYJRn^HcBqtZXWfE]hWGaquedLjNskp[ePJFOzcbCXdavykqFMxixIjM^`ibnukQAYoINap^FoEIMUif[tHfnH]]`wbjQAnIhT`^Kcd_X[cJDazJqDHumF^tvRdQzGMEAw\\toL\\sQcNS_TYyxYtNttVbpgbsyT`RN_IHEGUfbOeJrKVbseSbMyLHbuDIdctxDwFALRtqDNfePLkfQzzUAyEOSAaKCMBzUgGuFVWbk]^zSarVKYrec`xFsqhKlinqMgQcEp`vdYd^[FvmIKAeVXWpjBCPhLqCigmgQPRUsvAKvZenuvBahJ\\pQ[sDnQOXbbpnSP\\ttglZWLtQWOUlJPU_LxWpWNbchdcUdq\\fZIhBXCYEacg_v]OSNQcUtf^fFJmnd`ganjRBbSGI_SPobCgKVQHSOGlofCwOQf\\BvGlMKMkuKZpaWiDD^bYSXURhx^V`VsstrNs\\QZzIaMIoQKXwztkiMIeboEOhrK_RawjJqcmDbQlKL^XmGZa]HJgicRhMKSQWirNU[NGWGgHwXZWQg\\bXeCJXPBa_v`sOzV]UPDRsSJV\\CkQJvW`jltlfhqEZhb\\bnsxCwCBdKiE[giU_lXd`AJ^GdqgZysKlhohKnOMtUv_CoQzy]`hQywadVrYGVcfR^TnsBKl]KkKEe[RSrhwYKumlNDpvqG^mQN_[^GxSoLFOm\\zu`FOifNGdaCeyUpgEMYoXvqpkkeezp_ymEuWkspGCGvu[]zxy`ABUgbziP^xAcHnBDsu[ZvMXRmQzwUOkhg[o^eF]vh\\UrGZzIsXeF]_doeDuRzmuONTwgz_YmX`l[r`KSQrDxdfKHqztbKKvvaFem^SJUyrhxnJwEscAHixfbIoqzercNdpumvYoxiiymyNUhCpjbJnNc[Ddi]JkHPZTxOKJZnDZzyscv[IwpHADpcRRsoG\\_yr]_uXYrfPoGUNdb[iOUNuzPW^UxtQehbuAHWDACjEJsMw\\VhjXGsHRDsMIWD\\yUfG_ZM]LWhLeJlHDZCzPJt_o[dxPJvezOGoMFYBIL_BYh]HSkJjTDMo\\GREqPNB\\CLWDwuxBBqDfsFHy\\e_zLQvBRSGnTLty]`V\\FEVqLiSNIIdBJFUeiBPmPUleoKhqxFJSjgsWOho^yitIjEdNqOP[PdLkTlCBA\\PDzQR^NxVANmna\\dujaZzipiCF[HD^fm]^YpIYnGAtsOM^qePkqS\\b]bOROLCFtsV\\PQHg[]v[YFqa\\`PpsTgSRvArbrKbDvAztlO`]cPUWBIWkhpiwMM`MCKTPQEdRUW^FqgkQjTPERvPneGtB\\fqi[nrbuQM_gCCefQuBFXMtw\\uGuaeJLbqj`ofCpJWZGlYPteIUMswDYxmytkgTfCSEMTFqfrLvBmnKDfNPYQxSfmQcBgJE]CoDZTC``RiUgACfKbvN^XvUFzZ[D^oyiGZzyjljchkHbdfekeY[lvbFHZyZuc]C]kfabDh[qLfphom\\TpjZFUNm_Ts`lSpAKherxFChxxd`QmYSh]FFsDwH^tBNLHj^VfezJv_OmC\\Hkh]mv`sOMkHHl]UEDp]pOFKfHYJmyqSqbpXpWOSfP[Re^^OgaZKxagte^qf]WFQWYQ`vF_ho]q`no`HdK]L_gVQuvmS`dpPJKvMNySbBlV[jHFpxjCRtuljCAezSMHLhaVdtSufsuJnQvanqxUqb^WPZLKNTSPodKmIm\\vfpWZzkxZHZrJVsReJKFKiIhRafUJGIXAUBiBKEW_\\lCn]ItwS`cygRN^IFsTVoTzBqoUJQ[FnbjxFtpXlYra`ZUDoLtELDIgYDmfU`nBF^KFbQXOP\\bxxmZb\\laxXVtkYC_CHJDMep[COO\\_oepk\\LjfeKKczpekd[h`lVHGXVSHSXTNPCImaJPMTtYxz[NoKkYobwmZ^iSFsbTMrxTxgsK[L[LrxJGxI^xby_fTPjPrqJUlaLGCHQHSaydGkv\\TcVxUelOSRzhxcTdCF[RmDEqsWeBzu_dTOvP\\LAGownkHcKjNUbBQejP^_FyAkOYmWTihEIqFT]pQTiPLuofT^Sj_flwFCGEhUylO\\CIMlvwHtzKqpnFwdFPDdKBSLkDMYIvVwBjsfYbbWcfgbGQOBHDPiheRAqAAsjjkDotoENRK^hhB_VlF[oLQEggPWXsoXbjgtudmN\\KoqsmBAcmeEv`D_YgWIeYgU]mvxBIemzrydX[MueOneNk]BfI[OMdcD_ZUFqEz[IsFDa[GyZ]^VeBHmQuRtiW`VPvFyGGDaPT]UeY[LB]okFNY]RcowmGmlTjofVIsTYxFR`nHsZGrLbpPB]ch_RHnJbkBvdppsd[RIHHw^[w]gOaK^[nIm\\UCQJwkomMPeQybG_HtUfJDVfHvAa^[qgDXPYAyLXIkOhrWPyDzStoHRQhfCAjOOlYyNbSi^Iiw^YohnlfB^_IxsvFylVwKit\\^OtJigU]KLrdt]zsRVhlkd\\FR\\TwHM^OdwRZtcxVIBylBSM]m^fpAIlunnrMTXUxhczwLayjXSciejEzOqKebhN\\LWfFklCkhADYSQRM_wYiaCPDisx]NjWAU_kousygQsBefghy`yFeP`uJHcXrn`^xdDEn`]SgxlYiAeXCLzwOelkpebgR\\HtkUDAbctZCgZh_HMI]KUfocOTsTOJxqAKpshTweq[R`ucKDLhXZKHH\\EHGkIOTk\\MgPsfZtLsUuTOifJoHbl_gtDUnaMM\\bGbDhwvLaO^NRmMHqZ[bUGmyxamL^ssgzWmnmKAjNcbSNRUGqMxHleH\\UcGHJjhhVrNuAZUfYlTl_ZlgLgURvluUPQYKEsa_vuwWDZGXrRiARWwur[v]UWmdwtfjAKb`Kpqe^Udmax[dDtCtU_TdxDJ_HSZJoWXgkIq]aRX]rJwXwJaCqmV]rxcHfR^KuZyJantuDaSCGqmoHmcymXSBBvpmajqOoMcXKmrIPgyPZSVBLnzti_Y^GwHfyGTUkEOuOUdUv[iFYDbj`namjwaPoERNfLKJSe`VE\\nrKfyOqSEDUYFKaafn^yFJCVjjP`nn^MfEAicEySZ\\zOtMGAclzlrFVdppwPyQ_Q`InAJryapL`dJo]]cPwBolV`jWtnIjTIwiikZFqkmYwfal[ASZgjU]]nmOQnyLYFsXh[FlD]ZMPWpkzyvs[iDeoZMuyKpCmbzqmJEAubVJQINGyCPSrFljCOdNNLnshWZiWyxpuvxtTtTfMGvvv]LgpPo_`qmjn]\\ti`kAFZYwHsWIuxBHPrxLLnsGJYQDJOFqY[xgVuq]DP`xtfdcpeZw`PivgdqgJVntm`k[zUlUB[HvOuN_phN_oJRIlCzmDJTi]fKTvJd\\sFuEImhlVSr\\HOEdOciwUzQrHZZckudfEmfjOMAyVNXlSraNbaES[gGtoCxiSEB\\jLXVdVVBbkbGc``PsMBJpQLXfmvLPRfQMwCH[KeLLDkkFARO^hpGDsfYzzkqZJmQEQug^Xoicpxm`\\Sf[ghb\\`NTQdH\\[nmBQ[fpFflFsH^Oust_gFWn\\Lp_CbVuQTNpDv]Fp^`pvciTCzYXjcoUXz`FfHm_Pqp`uiKzWojJ`art^\\]DIxKh`tXDWXZilB`EnJZToZBvteoqHgbJfjVSgHzAQHczUBY_BmGTCIOjwOnuEbwjpPCBfMYfKYChqBbsMPoV`OH][gVYTEvjKtKEyWtoU[JdGbsuhvhomaKaIabyrASF]S]xr]uqWABFE_Wto\\kYWHxdidwXouxTIEGnEuDKArYl`F]dKiKVPtjVVsONa]C]DhwAYcotXaX`jLEdHTNGjbEPVkXLgpe^pvisI]LbtRyi\\JgJofGNPvm\\dhfhKcMbwtkn]L[eHfMYdVnLDOXBiWOtJNP\\r^WREWmbZtgdK\\FdjUsNtZdwLLt`frePwznePuTMcLlKboqMRfJoUBbXtZFs^MwcPXgLi[TpAgfiiZVXVgOzhpvvXWlpo[iVOIuKHf_qRUniWtiZDi^rywuZ]lnRj^AaxPZ`_LPjHXiTBM`_hRmGxrXRN\\hWrNHnUNlGZJvsYnjbObXPLPdYltcFrHRD^truPuzo\\YE_VthJHqDgDYKcdjB[ffPRsrU`vpRTcdonKFCsMYyBEeAFiPRas`JpJnf_`HNR_jDZdXY^hJNMgNNNrPrg_k\\D[ydXZ_TFKg^Vaa\\QqntiRwIv`YgPPbnnOAzenADJqIBAksgRnaplrml^pirBrDpdtjHabq]qjkrJvILhlV]jlBv\\P\\pFJBRnTXGAlGjwDzBHuccg]JP]aGsrnfRFBXghYEq^CKwff`flAoagtIdzlpMM_PNFpdvgTTiqmEeRMeqB\\HqzEeMtohwdrdymxrqCeyYhFkuo^RmHyLlXYNAKWBsfXFzIGrTVooW]jJuUjYV]uoffrbUkqffcGmPzkmifxWTJpPhOTf[ygVlc[TR`^d`IJnWxuuexkj`^\\\\qctGWKLgwkAg`W[JIUrKACskUZB^OwqNHy^ifWNUx]qfwNUN]bbKfQ\\njJmxJiYAum`bsm^mH^N^LNnGFoAhVfbq^jy]eQKPEqkKhmUkDoDIDxc]WfrVhlfPKjDJnBIrSxYU]dYSZPdabZmaH]GyYpbTL\\zyjLxCgMpF_OAnM`vYHEilw^BRvJY^WFJBd[dNSatUehBs\\TlstJLGmOCLJfH^nSjYEzJmwhFaLTGP\\IpcY`dNuCOVXXEhZWaRyco]JywLDevZHnjAp`FOi\\_CloU_dYHpnpQtUTYZdXJPGpNehDruQSc]EllVdXbf^GfS]qf\\GfeRSPvvakrabM_[MoodcCpLp_mAJvIqXVnehRJoppptaBEQcLFhBCtEqZ\\o^vmebAILZtnueAnmNvfo[\\Yyp[oV\\joOqVRuCLR`ssrjXLCBOGrunhUB^ooHMnjkE_EPitjCeGvbeiaeXmGVst[IBQWOWKSEJHetGnTUWoQhmmWoNJjZhUrKDwNY^\\fZnqY^Eh^eZlyDdmWPtbBM[tXpPZpK`vrvJquvUtkafFAwVobQ`y_vZYztZdOfrTE^tCtms[uAr[aUt\\Z[r_eaXw\\krA]keEjSB]CSupYFE^DzsfAyJnnSj^GxbJvryJVnlOSWYGaCG`]tt]sLz_brRWd_VFlltaHuIQOdSe`DMkMKANEFQjrZc_\\VeoBTVpJ`XclcOOtVy_eaJZ^IBg\\JjhReosy^dMhXbhmX]\\qBp]\\EtvLLQsSjTzqkRGoVQWmmqMy\\hGf`pZTMMNktgnMktyDcrBGVh\\lZjiNgwk_KNmuufd_EVui^JCssIWefAPsTiu^^zExwOC]HDJwO^CzmnOQhpV^`FsKxtaLlFAERxlOG`lozZVIxQGa[eqiebXqWs`N^xLI]xioBzJHDa_FkkMhmAlGPS[kausOA^RBONgAcS_[\\ieDCSGgfr[^MEsJ^xOGHuHaP]r]DMF[\\RfbiWhNoMdIDopJU]^eEXSabEoa[ecZmABvZR\\GPASvRy][hhHbj[VDyFAdcHnJdKWCmtkDAWUEFXPcbTsm]AjReywTQs_INIRHcZinxEbSGRyapYCOOAhd[EYowWmIsMrwGIzHfFpXZWLSzW_spPtN\\ig_BtqbRY[t[C[hYudJKQJDsFpastScSe\\X\\\\GlONFBwSsxvq[ugkCK`cgvEPjYGrbqbDLworuxKIGaNsfBZXwccQssoKhy_huFkBVsf^FppEAX\\GiMeiyiuzORKSHeJwZ]NBpL]mVvSGm^P\\Wi][UpiMKknEhSV\\ftf^J[Q]krSDWnNlBjvZIjbdnArEYXFC`q\\trlRwXAk]]fqW^CCyXwTwRCjJdMESmQ^`STtQYzBIyFGIJ[aVUHfd^`bpBHTLvYkMIRDJIm`YuLyMvbzIfixfftBnmEOQfqMaVuzsWWMcbMjSbUtZIK`N[EbOQQXE_PmDyXrBcHlO]VDYKiMXLoI\\QzFQTlcGzIDR[fTJ^rrBZRlFAIDbEztkHRnzSbiq_fPTRmx`UDuTwGBzNAPKhABzPTKJsUrwJA]nCXnOK^NBF`nAPnlRR_J^dPExbohALxKveOxqMAzJnAuj`KtEc`eeryJnSphWqMpIUsWBpvER_zkdUVYXucYgS`DfEK_XSdTbLmUhnsOg\\TGsOaYxXP\\OoJpookwfXhyvgIXcAkdCTlKyZKX^lazDHFmCw`tDwdPoVKMFIqwhgZuDyqVdTYtqhvobWVf[raFk\\WdPyRVveSWiKjDGKPj_jZG[WfjnK]qFTKbbNFfCDxMV_GWgR`PbqbACQJtTcblH]RUAH]sEeh[lNlvQOC\\fMOPlJ`RDMR[\\MEsNlW`pgKxIGPo_NdE`FGuNBcrbKpsSNz_Isi_s^gyCRGeuknqdMuVGJeLI_xerSeuHkgf`EMCZHswvxxrXyOFTdXyN]WT`BGjgL]JEHR`ArvzRiQKbGNsD_b_ShXCis]YAIPj[nmQhjF\\hYh`MLmZoOgHeyrXjPqIU^yIYbjoUwLTZFqtArp^GDem]HF]vUaYswHK[_Hf\\xFrCSi_HyXrZTCRtLgQ\\NszWm\\]ygZ\\kKBIymjJZbVxxiz_upQOrqJOFF[QrL`[_vHOSuSG\\]rurvBinwbIWKduAnCsRZSNBuYCbkMA^JmVzPWKEm]udWETRMO`r[pCKdtx]zHDkbfMYOulWsn_xYdeqEkU]hJDUkKWWZiFfZJClsvDR]IygQEmzOGXOmbDXcrhE_VxKit_OatxJhCz_KWDfYWHSQqtrGfJANymGKoxXa^ZVIObjb_MLnCfIOftrAgIvjxviPtTWYgEuxmJCPJPbYxMLTes`uGXuV^fLTs[iKpmHxlL]]rcqWa]mkjVfAo]SPK_ZGxjWjbWcKFObZWDD^a^oAs[d^ohWT[smMlV_HLHpKubf\\nMelYoihjYN]GtutAOkN\\VhA`vSYieGQpHkcDfvfJF]SHBBSMvKfrYAX_dM]]PyFSwhyISqVTFDVtUt^uALm[\\ZXHSDZYYIuGXALUDJuEoRlUf_Jkic]DMeq^PqqOXwvxJO\\UhJrqRhfJhC]otikpfqumKiEMTghsWoLWCpC`lfm_zgpNUBUiMFRSUjKzEe^fznntqGlDfLEADVn^srsRRzgQ^sCTfC[HIH_LtvWOQQCBBRPywgHNlLTAG]VxDXYckxrvqbew[eAAwfPMdDXzvNVxn^FWaYKss[QDZTHUBKmHKTE\\MJUzAYh^cuIT]OWC[IH\\UMmPwCxl[Nm[ZdJWEKsZnn\\`LosnnkhCMcGAXEDy\\vCUIitsEAyQQhibkMEIJJxkajNq]JyzGuyrkGX]uAjmmWm_u`PLzvoRxSoY[DVuCyJWjrreocNJ[LxJwjvxumzLFgtXSzCqfoknNWpDifWXhfrmUe\\lHXAPyyQCxZSp`W_f[KwatsPOWc^[oHCh^QiNn[oOGmGOTbrRGMRKivrPIltW\\pOpWeRPhQrzVhZGmAvokLTcpszcYZFBbYnQ_QsiPcdqUSpA\\l]HpEgP\\gz_ejqNLpYwuJc]HN`Hc^N^CyHhxxM]m^osQUD`mVe`tsGRIzzc`_gyY]\\fcIQNdvKWUkLnJzVNsidKsp`xxdxNqqZotXxdFXvyhjwYoMZ`JZFksQnndSPAxwa_QXtlClI\\mf]JsGJlJYEWkjvceKAmHvBkIYIWSi]YRdyNndu]I_q`sJnb]RGskVUqelA[ynZ\\vgFHkhoBP^ddF\\szeauBbehvOHdBc[_VEUdMDgqo]FdNlllItBpXsXtQyJsdEnYozN_ksfvykG`]B[K^W\\IbfG^h\\SNunNjjgoN^MAPOFrgmsWP_zUNdeqJskrP`YBK^WqqMMgQVLu]o[koEDiuZAFEpfVmVlkqDgJVCaCSTDrYkUUYADK]jGl^QmAbrtvd[EYHQUm_AWbVIhT[QwmSbNGxvfFQ`\\[ZIOxgwNHfQg\\S_VVdYaQuGdCNx[LfP\\y`vINukg_DpGBvmoY`Q\\rzKaT`Mkj\\B]WphwWWI\\smBNFzbG[ICgUndzUVpihAxCBSkMNpYCWpcFxx\\TxFPbZVIcLibAb[nsozMmPVtfkAP`K_BXu\\kckWdfKHA`OX[wCjQyliDbMeqZGdXhgKGFjKIYWabHVTXS`T][NDfLYJWG`K`bjTsDQUMrbrcKGvMsN_tnGxZd_vhaoBtLBAXB[TBLGfsV\\\\E]w^tARl\\muP_VhfDaxWIG_LXt]ig\\EDIDrKeQHtuP`fHLpg^\\cSYESxylGA_cFAiqG[_]AmYE\\sbsELEpKKslfDktMtKHUSK_wQEUIB[ptTdZWFguwiYuHwLDkfQHbRkJiCwnGjgJkDrS[Q]GMQLftQXzEBe^kSNcc[lTJtnMCPJEFtdZIJvRFEPXfwiFFJYXpOjz`IxT^ydeGTuLYKVbXw^_KTiMKiGsqmPqKduzLcoG\\fRSC^gvorAslKoL[lIprkoUDDBpPVVoIWD`CWKhBLEzlWFzoj`[ZzPkrxOy\\rfZ\\LkUHPJDa\\nggochyCAapuVJHTiEHLLKaf_agkr`a\\txLcDCUbAYqEdaqaNoaEwVQdFBQCAOL\\ATBXx_PgkaLmT\\BxjF]Cy\\`_hc^ClRamNVEQ`Ydj`uTVK^PezSSvlI]_n]kVBMuYAZ_yWlYR]n^EHJUJStDYzfAFsa]ChNhSzvVlzRNNuBYxeYWdIbCIJ\\ZVYYFqPVdOFLEMocKBfp_xMC\\ZJsuGK`I_]ASaLWy`YKsZUKp`WB]Ux\\JWxggX\\]DaC`joQepOry`BKCFzCUjJCoaArwc`jbDvGRXo[BPmLN^ywHLvb&quot;,163)" fullname="Open_Lab_03._10.Tests.GetNumberOfCharsInStringTestRandom('h',&quot;KKETdldQt]YegKjcRP[]Gn^hsmZzgSZwhcnRJTZuXvrpJVuHaC[^vDpWhW\\qSedbD]wEWYZxq`EKvh_]sRZdsvBenWdnscbnRQlgYqkHd]hVye[zryyALziI\\RQAofFNxQtfwsECbRAWNffIvevuebcSbdLG`kTxW[XilpDzuvZtzSupgIEKkLcWhbDSgx^qyCznNxXFawAjHiSOiW[XfJNLsBAJmkTwYdvxTHbikzdnKtPyOodQ]GLoonuMwNTpdDR_nVubomgg`[BylBvxGC[RXGIaMUl]fnKHclLttC\\jZ_PUlv\\vSVjaczGgNTUZAJAlQtWApBDEbkrtqnoQtqKQEd_cf_g`hBjQ__Es`[FQSeysHNpZ`E`KzkggUoVRV^W`BbVSjwlZktyZeg[XjMAd]`QnrY^kFouoOZqas^jcSGZGmMBiTxcJ]nD]Rb[RZATwyJLLpu`L^YQVFKAeWoXIMlR[WUPQCYJRn^HcBqtZXWfE]hWGaquedLjNskp[ePJFOzcbCXdavykqFMxixIjM^`ibnukQAYoINap^FoEIMUif[tHfnH]]`wbjQAnIhT`^Kcd_X[cJDazJqDHumF^tvRdQzGMEAw\\toL\\sQcNS_TYyxYtNttVbpgbsyT`RN_IHEGUfbOeJrKVbseSbMyLHbuDIdctxDwFALRtqDNfePLkfQzzUAyEOSAaKCMBzUgGuFVWbk]^zSarVKYrec`xFsqhKlinqMgQcEp`vdYd^[FvmIKAeVXWpjBCPhLqCigmgQPRUsvAKvZenuvBahJ\\pQ[sDnQOXbbpnSP\\ttglZWLtQWOUlJPU_LxWpWNbchdcUdq\\fZIhBXCYEacg_v]OSNQcUtf^fFJmnd`ganjRBbSGI_SPobCgKVQHSOGlofCwOQf\\BvGlMKMkuKZpaWiDD^bYSXURhx^V`VsstrNs\\QZzIaMIoQKXwztkiMIeboEOhrK_RawjJqcmDbQlKL^XmGZa]HJgicRhMKSQWirNU[NGWGgHwXZWQg\\bXeCJXPBa_v`sOzV]UPDRsSJV\\CkQJvW`jltlfhqEZhb\\bnsxCwCBdKiE[giU_lXd`AJ^GdqgZysKlhohKnOMtUv_CoQzy]`hQywadVrYGVcfR^TnsBKl]KkKEe[RSrhwYKumlNDpvqG^mQN_[^GxSoLFOm\\zu`FOifNGdaCeyUpgEMYoXvqpkkeezp_ymEuWkspGCGvu[]zxy`ABUgbziP^xAcHnBDsu[ZvMXRmQzwUOkhg[o^eF]vh\\UrGZzIsXeF]_doeDuRzmuONTwgz_YmX`l[r`KSQrDxdfKHqztbKKvvaFem^SJUyrhxnJwEscAHixfbIoqzercNdpumvYoxiiymyNUhCpjbJnNc[Ddi]JkHPZTxOKJZnDZzyscv[IwpHADpcRRsoG\\_yr]_uXYrfPoGUNdb[iOUNuzPW^UxtQehbuAHWDACjEJsMw\\VhjXGsHRDsMIWD\\yUfG_ZM]LWhLeJlHDZCzPJt_o[dxPJvezOGoMFYBIL_BYh]HSkJjTDMo\\GREqPNB\\CLWDwuxBBqDfsFHy\\e_zLQvBRSGnTLty]`V\\FEVqLiSNIIdBJFUeiBPmPUleoKhqxFJSjgsWOho^yitIjEdNqOP[PdLkTlCBA\\PDzQR^NxVANmna\\dujaZzipiCF[HD^fm]^YpIYnGAtsOM^qePkqS\\b]bOROLCFtsV\\PQHg[]v[YFqa\\`PpsTgSRvArbrKbDvAztlO`]cPUWBIWkhpiwMM`MCKTPQEdRUW^FqgkQjTPERvPneGtB\\fqi[nrbuQM_gCCefQuBFXMtw\\uGuaeJLbqj`ofCpJWZGlYPteIUMswDYxmytkgTfCSEMTFqfrLvBmnKDfNPYQxSfmQcBgJE]CoDZTC``RiUgACfKbvN^XvUFzZ[D^oyiGZzyjljchkHbdfekeY[lvbFHZyZuc]C]kfabDh[qLfphom\\TpjZFUNm_Ts`lSpAKherxFChxxd`QmYSh]FFsDwH^tBNLHj^VfezJv_OmC\\Hkh]mv`sOMkHHl]UEDp]pOFKfHYJmyqSqbpXpWOSfP[Re^^OgaZKxagte^qf]WFQWYQ`vF_ho]q`no`HdK]L_gVQuvmS`dpPJKvMNySbBlV[jHFpxjCRtuljCAezSMHLhaVdtSufsuJnQvanqxUqb^WPZLKNTSPodKmIm\\vfpWZzkxZHZrJVsReJKFKiIhRafUJGIXAUBiBKEW_\\lCn]ItwS`cygRN^IFsTVoTzBqoUJQ[FnbjxFtpXlYra`ZUDoLtELDIgYDmfU`nBF^KFbQXOP\\bxxmZb\\laxXVtkYC_CHJDMep[COO\\_oepk\\LjfeKKczpekd[h`lVHGXVSHSXTNPCImaJPMTtYxz[NoKkYobwmZ^iSFsbTMrxTxgsK[L[LrxJGxI^xby_fTPjPrqJUlaLGCHQHSaydGkv\\TcVxUelOSRzhxcTdCF[RmDEqsWeBzu_dTOvP\\LAGownkHcKjNUbBQejP^_FyAkOYmWTihEIqFT]pQTiPLuofT^Sj_flwFCGEhUylO\\CIMlvwHtzKqpnFwdFPDdKBSLkDMYIvVwBjsfYbbWcfgbGQOBHDPiheRAqAAsjjkDotoENRK^hhB_VlF[oLQEggPWXsoXbjgtudmN\\KoqsmBAcmeEv`D_YgWIeYgU]mvxBIemzrydX[MueOneNk]BfI[OMdcD_ZUFqEz[IsFDa[GyZ]^VeBHmQuRtiW`VPvFyGGDaPT]UeY[LB]okFNY]RcowmGmlTjofVIsTYxFR`nHsZGrLbpPB]ch_RHnJbkBvdppsd[RIHHw^[w]gOaK^[nIm\\UCQJwkomMPeQybG_HtUfJDVfHvAa^[qgDXPYAyLXIkOhrWPyDzStoHRQhfCAjOOlYyNbSi^Iiw^YohnlfB^_IxsvFylVwKit\\^OtJigU]KLrdt]zsRVhlkd\\FR\\TwHM^OdwRZtcxVIBylBSM]m^fpAIlunnrMTXUxhczwLayjXSciejEzOqKebhN\\LWfFklCkhADYSQRM_wYiaCPDisx]NjWAU_kousygQsBefghy`yFeP`uJHcXrn`^xdDEn`]SgxlYiAeXCLzwOelkpebgR\\HtkUDAbctZCgZh_HMI]KUfocOTsTOJxqAKpshTweq[R`ucKDLhXZKHH\\EHGkIOTk\\MgPsfZtLsUuTOifJoHbl_gtDUnaMM\\bGbDhwvLaO^NRmMHqZ[bUGmyxamL^ssgzWmnmKAjNcbSNRUGqMxHleH\\UcGHJjhhVrNuAZUfYlTl_ZlgLgURvluUPQYKEsa_vuwWDZGXrRiARWwur[v]UWmdwtfjAKb`Kpqe^Udmax[dDtCtU_TdxDJ_HSZJoWXgkIq]aRX]rJwXwJaCqmV]rxcHfR^KuZyJantuDaSCGqmoHmcymXSBBvpmajqOoMcXKmrIPgyPZSVBLnzti_Y^GwHfyGTUkEOuOUdUv[iFYDbj`namjwaPoERNfLKJSe`VE\\nrKfyOqSEDUYFKaafn^yFJCVjjP`nn^MfEAicEySZ\\zOtMGAclzlrFVdppwPyQ_Q`InAJryapL`dJo]]cPwBolV`jWtnIjTIwiikZFqkmYwfal[ASZgjU]]nmOQnyLYFsXh[FlD]ZMPWpkzyvs[iDeoZMuyKpCmbzqmJEAubVJQINGyCPSrFljCOdNNLnshWZiWyxpuvxtTtTfMGvvv]LgpPo_`qmjn]\\ti`kAFZYwHsWIuxBHPrxLLnsGJYQDJOFqY[xgVuq]DP`xtfdcpeZw`PivgdqgJVntm`k[zUlUB[HvOuN_phN_oJRIlCzmDJTi]fKTvJd\\sFuEImhlVSr\\HOEdOciwUzQrHZZckudfEmfjOMAyVNXlSraNbaES[gGtoCxiSEB\\jLXVdVVBbkbGc``PsMBJpQLXfmvLPRfQMwCH[KeLLDkkFARO^hpGDsfYzzkqZJmQEQug^Xoicpxm`\\Sf[ghb\\`NTQdH\\[nmBQ[fpFflFsH^Oust_gFWn\\Lp_CbVuQTNpDv]Fp^`pvciTCzYXjcoUXz`FfHm_Pqp`uiKzWojJ`art^\\]DIxKh`tXDWXZilB`EnJZToZBvteoqHgbJfjVSgHzAQHczUBY_BmGTCIOjwOnuEbwjpPCBfMYfKYChqBbsMPoV`OH][gVYTEvjKtKEyWtoU[JdGbsuhvhomaKaIabyrASF]S]xr]uqWABFE_Wto\\kYWHxdidwXouxTIEGnEuDKArYl`F]dKiKVPtjVVsONa]C]DhwAYcotXaX`jLEdHTNGjbEPVkXLgpe^pvisI]LbtRyi\\JgJofGNPvm\\dhfhKcMbwtkn]L[eHfMYdVnLDOXBiWOtJNP\\r^WREWmbZtgdK\\FdjUsNtZdwLLt`frePwznePuTMcLlKboqMRfJoUBbXtZFs^MwcPXgLi[TpAgfiiZVXVgOzhpvvXWlpo[iVOIuKHf_qRUniWtiZDi^rywuZ]lnRj^AaxPZ`_LPjHXiTBM`_hRmGxrXRN\\hWrNHnUNlGZJvsYnjbObXPLPdYltcFrHRD^truPuzo\\YE_VthJHqDgDYKcdjB[ffPRsrU`vpRTcdonKFCsMYyBEeAFiPRas`JpJnf_`HNR_jDZdXY^hJNMgNNNrPrg_k\\D[ydXZ_TFKg^Vaa\\QqntiRwIv`YgPPbnnOAzenADJqIBAksgRnaplrml^pirBrDpdtjHabq]qjkrJvILhlV]jlBv\\P\\pFJBRnTXGAlGjwDzBHuccg]JP]aGsrnfRFBXghYEq^CKwff`flAoagtIdzlpMM_PNFpdvgTTiqmEeRMeqB\\HqzEeMtohwdrdymxrqCeyYhFkuo^RmHyLlXYNAKWBsfXFzIGrTVooW]jJuUjYV]uoffrbUkqffcGmPzkmifxWTJpPhOTf[ygVlc[TR`^d`IJnWxuuexkj`^\\\\qctGWKLgwkAg`W[JIUrKACskUZB^OwqNHy^ifWNUx]qfwNUN]bbKfQ\\njJmxJiYAum`bsm^mH^N^LNnGFoAhVfbq^jy]eQKPEqkKhmUkDoDIDxc]WfrVhlfPKjDJnBIrSxYU]dYSZPdabZmaH]GyYpbTL\\zyjLxCgMpF_OAnM`vYHEilw^BRvJY^WFJBd[dNSatUehBs\\TlstJLGmOCLJfH^nSjYEzJmwhFaLTGP\\IpcY`dNuCOVXXEhZWaRyco]JywLDevZHnjAp`FOi\\_CloU_dYHpnpQtUTYZdXJPGpNehDruQSc]EllVdXbf^GfS]qf\\GfeRSPvvakrabM_[MoodcCpLp_mAJvIqXVnehRJoppptaBEQcLFhBCtEqZ\\o^vmebAILZtnueAnmNvfo[\\Yyp[oV\\joOqVRuCLR`ssrjXLCBOGrunhUB^ooHMnjkE_EPitjCeGvbeiaeXmGVst[IBQWOWKSEJHetGnTUWoQhmmWoNJjZhUrKDwNY^\\fZnqY^Eh^eZlyDdmWPtbBM[tXpPZpK`vrvJquvUtkafFAwVobQ`y_vZYztZdOfrTE^tCtms[uAr[aUt\\Z[r_eaXw\\krA]keEjSB]CSupYFE^DzsfAyJnnSj^GxbJvryJVnlOSWYGaCG`]tt]sLz_brRWd_VFlltaHuIQOdSe`DMkMKANEFQjrZc_\\VeoBTVpJ`XclcOOtVy_eaJZ^IBg\\JjhReosy^dMhXbhmX]\\qBp]\\EtvLLQsSjTzqkRGoVQWmmqMy\\hGf`pZTMMNktgnMktyDcrBGVh\\lZjiNgwk_KNmuufd_EVui^JCssIWefAPsTiu^^zExwOC]HDJwO^CzmnOQhpV^`FsKxtaLlFAERxlOG`lozZVIxQGa[eqiebXqWs`N^xLI]xioBzJHDa_FkkMhmAlGPS[kausOA^RBONgAcS_[\\ieDCSGgfr[^MEsJ^xOGHuHaP]r]DMF[\\RfbiWhNoMdIDopJU]^eEXSabEoa[ecZmABvZR\\GPASvRy][hhHbj[VDyFAdcHnJdKWCmtkDAWUEFXPcbTsm]AjReywTQs_INIRHcZinxEbSGRyapYCOOAhd[EYowWmIsMrwGIzHfFpXZWLSzW_spPtN\\ig_BtqbRY[t[C[hYudJKQJDsFpastScSe\\X\\\\GlONFBwSsxvq[ugkCK`cgvEPjYGrbqbDLworuxKIGaNsfBZXwccQssoKhy_huFkBVsf^FppEAX\\GiMeiyiuzORKSHeJwZ]NBpL]mVvSGm^P\\Wi][UpiMKknEhSV\\ftf^J[Q]krSDWnNlBjvZIjbdnArEYXFC`q\\trlRwXAk]]fqW^CCyXwTwRCjJdMESmQ^`STtQYzBIyFGIJ[aVUHfd^`bpBHTLvYkMIRDJIm`YuLyMvbzIfixfftBnmEOQfqMaVuzsWWMcbMjSbUtZIK`N[EbOQQXE_PmDyXrBcHlO]VDYKiMXLoI\\QzFQTlcGzIDR[fTJ^rrBZRlFAIDbEztkHRnzSbiq_fPTRmx`UDuTwGBzNAPKhABzPTKJsUrwJA]nCXnOK^NBF`nAPnlRR_J^dPExbohALxKveOxqMAzJnAuj`KtEc`eeryJnSphWqMpIUsWBpvER_zkdUVYXucYgS`DfEK_XSdTbLmUhnsOg\\TGsOaYxXP\\OoJpookwfXhyvgIXcAkdCTlKyZKX^lazDHFmCw`tDwdPoVKMFIqwhgZuDyqVdTYtqhvobWVf[raFk\\WdPyRVveSWiKjDGKPj_jZG[WfjnK]qFTKbbNFfCDxMV_GWgR`PbqbACQJtTcblH]RUAH]sEeh[lNlvQOC\\fMOPlJ`RDMR[\\MEsNlW`pgKxIGPo_NdE`FGuNBcrbKpsSNz_Isi_s^gyCRGeuknqdMuVGJeLI_xerSeuHkgf`EMCZHswvxxrXyOFTdXyN]WT`BGjgL]JEHR`ArvzRiQKbGNsD_b_ShXCis]YAIPj[nmQhjF\\hYh`MLmZoOgHeyrXjPqIU^yIYbjoUwLTZFqtArp^GDem]HF]vUaYswHK[_Hf\\xFrCSi_HyXrZTCRtLgQ\\NszWm\\]ygZ\\kKBIymjJZbVxxiz_upQOrqJOFF[QrL`[_vHOSuSG\\]rurvBinwbIWKduAnCsRZSNBuYCbkMA^JmVzPWKEm]udWETRMO`r[pCKdtx]zHDkbfMYOulWsn_xYdeqEkU]hJDUkKWWZiFfZJClsvDR]IygQEmzOGXOmbDXcrhE_VxKit_OatxJhCz_KWDfYWHSQqtrGfJANymGKoxXa^ZVIObjb_MLnCfIOftrAgIvjxviPtTWYgEuxmJCPJPbYxMLTes`uGXuV^fLTs[iKpmHxlL]]rcqWa]mkjVfAo]SPK_ZGxjWjbWcKFObZWDD^a^oAs[d^ohWT[smMlV_HLHpKubf\\nMelYoihjYN]GtutAOkN\\VhA`vSYieGQpHkcDfvfJF]SHBBSMvKfrYAX_dM]]PyFSwhyISqVTFDVtUt^uALm[\\ZXHSDZYYIuGXALUDJuEoRlUf_Jkic]DMeq^PqqOXwvxJO\\UhJrqRhfJhC]otikpfqumKiEMTghsWoLWCpC`lfm_zgpNUBUiMFRSUjKzEe^fznntqGlDfLEADVn^srsRRzgQ^sCTfC[HIH_LtvWOQQCBBRPywgHNlLTAG]VxDXYckxrvqbew[eAAwfPMdDXzvNVxn^FWaYKss[QDZTHUBKmHKTE\\MJUzAYh^cuIT]OWC[IH\\UMmPwCxl[Nm[ZdJWEKsZnn\\`LosnnkhCMcGAXEDy\\vCUIitsEAyQQhibkMEIJJxkajNq]JyzGuyrkGX]uAjmmWm_u`PLzvoRxSoY[DVuCyJWjrreocNJ[LxJwjvxumzLFgtXSzCqfoknNWpDifWXhfrmUe\\lHXAPyyQCxZSp`W_f[KwatsPOWc^[oHCh^QiNn[oOGmGOTbrRGMRKivrPIltW\\pOpWeRPhQrzVhZGmAvokLTcpszcYZFBbYnQ_QsiPcdqUSpA\\l]HpEgP\\gz_ejqNLpYwuJc]HN`Hc^N^CyHhxxM]m^osQUD`mVe`tsGRIzzc`_gyY]\\fcIQNdvKWUkLnJzVNsidKsp`xxdxNqqZotXxdFXvyhjwYoMZ`JZFksQnndSPAxwa_QXtlClI\\mf]JsGJlJYEWkjvceKAmHvBkIYIWSi]YRdyNndu]I_q`sJnb]RGskVUqelA[ynZ\\vgFHkhoBP^ddF\\szeauBbehvOHdBc[_VEUdMDgqo]FdNlllItBpXsXtQyJsdEnYozN_ksfvykG`]B[K^W\\IbfG^h\\SNunNjjgoN^MAPOFrgmsWP_zUNdeqJskrP`YBK^WqqMMgQVLu]o[koEDiuZAFEpfVmVlkqDgJVCaCSTDrYkUUYADK]jGl^QmAbrtvd[EYHQUm_AWbVIhT[QwmSbNGxvfFQ`\\[ZIOxgwNHfQg\\S_VVdYaQuGdCNx[LfP\\y`vINukg_DpGBvmoY`Q\\rzKaT`Mkj\\B]WphwWWI\\smBNFzbG[ICgUndzUVpihAxCBSkMNpYCWpcFxx\\TxFPbZVIcLibAb[nsozMmPVtfkAP`K_BXu\\kckWdfKHA`OX[wCjQyliDbMeqZGdXhgKGFjKIYWabHVTXS`T][NDfLYJWG`K`bjTsDQUMrbrcKGvMsN_tnGxZd_vhaoBtLBAXB[TBLGfsV\\\\E]w^tARl\\muP_VhfDaxWIG_LXt]ig\\EDIDrKeQHtuP`fHLpg^\\cSYESxylGA_cFAiqG[_]AmYE\\sbsELEpKKslfDktMtKHUSK_wQEUIB[ptTdZWFguwiYuHwLDkfQHbRkJiCwnGjgJkDrS[Q]GMQLftQXzEBe^kSNcc[lTJtnMCPJEFtdZIJvRFEPXfwiFFJYXpOjz`IxT^ydeGTuLYKVbXw^_KTiMKiGsqmPqKduzLcoG\\fRSC^gvorAslKoL[lIprkoUDDBpPVVoIWD`CWKhBLEzlWFzoj`[ZzPkrxOy\\rfZ\\LkUHPJDa\\nggochyCAapuVJHTiEHLLKaf_agkr`a\\txLcDCUbAYqEdaqaNoaEwVQdFBQCAOL\\ATBXx_PgkaLmT\\BxjF]Cy\\`_hc^ClRamNVEQ`Ydj`uTVK^PezSSvlI]_n]kVBMuYAZ_yWlYR]n^EHJUJStDYzfAFsa]ChNhSzvVlzRNNuBYxeYWdIbCIJ\\ZVYYFqPVdOFLEMocKBfp_xMC\\ZJsuGK`I_]ASaLWy`YKsZUKp`WB]Ux\\JWxggX\\]DaC`joQepOry`BKCFzCUjJCoaArwc`jbDvGRXo[BPmLN^ywHLvb&quot;,163)" methodname="GetNumberOfCharsInStringTestRandom" classname="Open_Lab_03._10.Tests" runstate="Runnable" seed="990913215" result="Passed" start-time="2021-10-19 19:34:08Z" end-time="2021-10-19 19:34:08Z" duration="0.000253" asserts="1" />
            <test-case id="1041" name="GetNumberOfCharsInStringTestRandom('S',&quot;Hmu^NyiwTBQ`PvdusfQ`BEwxpRcEjkhxCNwIMoJplEwlviNDTMSQQISCpxivWeMcTS]Cy[iE\\[nxILCGE`l^YXhuutSPFNZHrTXcMKEs^OopUVueubrrtjKwfbIFHZyNBfFon[ut[tzKcr``yiU_WcOHI\\weCzkEPbojPFr[hxWAkAUoBcGZF[rZXxgS^Pr\\IuuBDqPtqtqZLOXIHIdZtRyojURRZ`xYFvrpFSkLTMcMdXOJa_LUgYbrvGRi`yZRvYTPWcCoXXGgimKSGIkvUclhTAtzBCgVnRQLEymy\\WxOSvJJvzbWN^xTgfwWiCmUlksW]zNIWmZxf^VXrkDB\\PHPUx_YBVPZdc]bCmgwlYA[DzhJQ_`yylt]dcC`[oGA]ATDAoVEDHPCPhLUPVI^qR[siAyZjH]xRzyDgeI]J[vr\\qMwXiPEgdJLa[UAqvUveSlPiIhfNgUVWcXsoBCBrXQipn]LPIfOFzNIFwNOAerzOooyD]MosTEMBC[vf\\WEAGQXVPmrooBNaRZBy_ImwrVmuAGC]Rc_OmzI_XcnkUzERrgkcYwHSeIJk^]UIkU]L]ynRQ^bvUCbrR[DTWZEV\\LedqYAvNfzz^spstYRuVLxbbRZCYBmQQHkRUJ\\s^fijCbUZfL[xIJzQNCC_zx]MtjjWI_^jwZXk^O`zxAXNaoIHIZDSGxt`I\\pSsyQGikBilOny]Daz`PfFbcNi[Kcz`rbBYNHzjQ`qnZVtgEqDWuzspkkQkbg^IBJuhlaPvbPPkpRINUCWU_cfsiLi]qOHeBhlP\\Mu_bHoekIAYbDV`PJdZ^ByarmFSIejHaslIIrmWnAIaLPuntcUsERlZNUgoC]]FYssjRNXXWMf^tXUbrRZaQqDOGSuoKyUR_CHTXL]fLw]rgO`pzFwlCvpcodcySdMYsUyrQBKgpnVTUMcrmFoFBcOcN`_od^TcjDyRQi`yvQwOa\\NcAkLNoHWPGVek^VCR[ndQNRbEapKkgzClSvntRFnchiLvEo\\`OennrwVjIHhzwgdGSsYbcJzUzBd_FgzlUf]CLPtVaDkKYngAFFcLWtwEeYnqTqd]HvfQKbuDzCB_ZpwMVcZAEoU[iXXn\\DCjZNC^IVq_K_MUsXfp]b\\kXdYTbKcnKHcwARFLmYDzmuq`bAcQlbQubSSqojvynDUDwQTaSZDD^\\x]nsmbcRBcrhUhzOXD^FMjamdQgCyS_MWGUpDvwUW]BlLOwfaDCzaYPNwAP\\u`TjEfROTJL\\GIjkhoaVUA\\uP_fxrGtCg\\ZqJShaxiSXsatXj_aIZtHuEYZazTWMPIpfjsbVGzYghDBjfNOSaldmT`lktHbdRFHjlNiqxKBZ\\\\MAWjulEEf_`CRJGr\\zYoVcwSxX`XUVkJQsTlTJMp_M[dKiw`jGiBBgFeEEm^MhjQnVmYqV^SncQIISIP[ziOhiIdmjhOXidr]Jpow_iUcWOYWx]lw]DMy\\cFMIfHiPvEzYfy]TSwRTfQ[kNpMvSufWsBakbosbfT\\JZyR_PcKGvfpSe]uqunwAYcaeXmm_EjhSpQRP^ifkj`[NLOGEtChsW[kqXhH]pgCMx^]ULfSLHMQtHSZIgheBBpvV`[rqbIuD]OPilmtNk]lKJriFOyqIBAKIbHoko\\dyRNXtDkWtnWR`DlLimmcdRmB\\DHGexJZOsmtwZpB^bwUfjfEqwFxCsAg`LvpvdmwexCgQrPOxkFBVXWmXCQhrLXWsGUk_zGtpAjihznyhrARnzRHpJXsTEEZ`gnK^_kxdLLUhiFYPRAAKFdtoMvVcNakvQIBLc[IHChbnw[HDzdBEEPZDuVRdUVWf\\YX`DMgqstHYBFrloRce_grBiyQNJ`mgRvS_DbAmwKLLHBBo^`oDmlGobVqFvZhSG[GGnTiMRqhU[fthw\\jdkju`o^whluq^]sEguvBKrclwEmUv\\JIZkEcXabRPXA\\XAJrbaNmB[_lIxx\\CJALclWnYQhFTdmnrGUwuvmVOWHzLS[ZdFPFWptfdWYRtIYXiluBcBaGXfxLeWcGpN]NUgWBNiS^]\\\\GyjRZXZqb`IikriBNoR\\ffKDBUsoujCdwJqNuFJiWWuiLxgK_gFjLzq[nfPE`ews]_maA[GHecEOk]rDiiPNdTYwTW[PpEJl[CMhLFJEaxEcubkRnLVqVjOJFpMeArSaZSoiPKsd`LhgOqBmfJ\\diTWloDbVs_Dif_JcmCBcTmRKBcvPo[yrVirFwDtMd]kAHyBjhZAdHsQvCMjLISbY`MSwhDfiIozrCQCDaLbVZUj^YvDkUiEQvS[vgECdnR\\SsZtlJgfwkLyL]p_lzvU[kivjpHW]JxbItXeyBSbiCHajUPZq`QeswBbK^KvCPInmepRFL`jhTgXdIMV`hawsTiLrp[\\rW_YuUnE_yUfAbw_QeyBRoVUjMuZweZQkEsRpN]OVHqbTuwRXJvNqZJCAKjiZUIu_DuvifjCHkfKyoAoPdCmjMZRupQe_ooBzwDPzAclZsGGnzEMKvYqSVKRecAtUF_SveLBkkoOAQTrFT_vlE[cWxjdllfXAjXUTnKIoD\\ZGJpBCTMQEFHQewwxvbPzEXORty^SJVHicA]MHhbY`VSubGjXrMNMn]Ujv_IDqtGiyZheZjpNArZjETjmPG[wHuuGgmRd_^cfOdwIZFxHWAMwCfeboWojZKbE_bxhYMi]Po[[XbTKJS`HhyDBHjoIjsLECserHPjKRkhOKKJNCdaHeZWa^w`iXamWcWX`w\\CtdVqxRoqx`bFGRE[c]ETKkAnkyQgnmeQabh^OdYOiFcJp[gF^woDsHsIccFzAIDKvR`_eaLzDpeEHrxQRLIrxbXZj_vg_ZOaCXN_vH[wlpAD]nBleohpzLMTtFpGf_[dbECkdYVKkMGIbTwv^JBkmYbrKufpRUQMVW]YlRIMZ]EnFEm`Jtc]]krI^K`jn`tWvumKr^KMApQPTnmFHFfXlojf`TvalZYtdirLSbifjW\\gZbpjYZbht\\eGKHf^ce[bXXgevbn`XziUSCLy_LISrlzHDlAKwKDFwuPCvKnrfCQunQoHvhyX]HjgX_bKadcMwdYYnJCUYQgp[FUnxtPPLgcoLdeWdcQCZDxJrWUleeyL\\tLRJnNgTTBQAdMJ`gkpAeWXILva`^fahXTRYTNqVdiGChJNJKMyuJLr^nJyrgHqh[ccQvlLZu[WvQV[BiXURhg^M]oeKOyi]sYcEaxOZA`zjpvNYiwJPm`AnFWoHGBKvltCsnW\\kJvQIgoXabM\\SpYjTXozKIHSyUExvsVfS\\YGrOsHQyO`u`rGTKj[yWQcCdRncq]hMbJrWSsE_giMtbYZ^xekJugvKpDOxF`Z\\bTSWAkASfvShEi[KsPfMm_RvOgaOdHZHOkSNFC^NdX_yUNGHcDEpuNjCCXHTJli^]KYUVNEpmXcUATbAaZgaDeNBAQLhvJDsjA]JollVyOC]eVCiqHmjFI[rxXUFCXucUjfzqXLpiQboblWeN]rnXTna`eMXXf&quot;,60)" fullname="Open_Lab_03._10.Tests.GetNumberOfCharsInStringTestRandom('S',&quot;Hmu^NyiwTBQ`PvdusfQ`BEwxpRcEjkhxCNwIMoJplEwlviNDTMSQQISCpxivWeMcTS]Cy[iE\\[nxILCGE`l^YXhuutSPFNZHrTXcMKEs^OopUVueubrrtjKwfbIFHZyNBfFon[ut[tzKcr``yiU_WcOHI\\weCzkEPbojPFr[hxWAkAUoBcGZF[rZXxgS^Pr\\IuuBDqPtqtqZLOXIHIdZtRyojURRZ`xYFvrpFSkLTMcMdXOJa_LUgYbrvGRi`yZRvYTPWcCoXXGgimKSGIkvUclhTAtzBCgVnRQLEymy\\WxOSvJJvzbWN^xTgfwWiCmUlksW]zNIWmZxf^VXrkDB\\PHPUx_YBVPZdc]bCmgwlYA[DzhJQ_`yylt]dcC`[oGA]ATDAoVEDHPCPhLUPVI^qR[siAyZjH]xRzyDgeI]J[vr\\qMwXiPEgdJLa[UAqvUveSlPiIhfNgUVWcXsoBCBrXQipn]LPIfOFzNIFwNOAerzOooyD]MosTEMBC[vf\\WEAGQXVPmrooBNaRZBy_ImwrVmuAGC]Rc_OmzI_XcnkUzERrgkcYwHSeIJk^]UIkU]L]ynRQ^bvUCbrR[DTWZEV\\LedqYAvNfzz^spstYRuVLxbbRZCYBmQQHkRUJ\\s^fijCbUZfL[xIJzQNCC_zx]MtjjWI_^jwZXk^O`zxAXNaoIHIZDSGxt`I\\pSsyQGikBilOny]Daz`PfFbcNi[Kcz`rbBYNHzjQ`qnZVtgEqDWuzspkkQkbg^IBJuhlaPvbPPkpRINUCWU_cfsiLi]qOHeBhlP\\Mu_bHoekIAYbDV`PJdZ^ByarmFSIejHaslIIrmWnAIaLPuntcUsERlZNUgoC]]FYssjRNXXWMf^tXUbrRZaQqDOGSuoKyUR_CHTXL]fLw]rgO`pzFwlCvpcodcySdMYsUyrQBKgpnVTUMcrmFoFBcOcN`_od^TcjDyRQi`yvQwOa\\NcAkLNoHWPGVek^VCR[ndQNRbEapKkgzClSvntRFnchiLvEo\\`OennrwVjIHhzwgdGSsYbcJzUzBd_FgzlUf]CLPtVaDkKYngAFFcLWtwEeYnqTqd]HvfQKbuDzCB_ZpwMVcZAEoU[iXXn\\DCjZNC^IVq_K_MUsXfp]b\\kXdYTbKcnKHcwARFLmYDzmuq`bAcQlbQubSSqojvynDUDwQTaSZDD^\\x]nsmbcRBcrhUhzOXD^FMjamdQgCyS_MWGUpDvwUW]BlLOwfaDCzaYPNwAP\\u`TjEfROTJL\\GIjkhoaVUA\\uP_fxrGtCg\\ZqJShaxiSXsatXj_aIZtHuEYZazTWMPIpfjsbVGzYghDBjfNOSaldmT`lktHbdRFHjlNiqxKBZ\\\\MAWjulEEf_`CRJGr\\zYoVcwSxX`XUVkJQsTlTJMp_M[dKiw`jGiBBgFeEEm^MhjQnVmYqV^SncQIISIP[ziOhiIdmjhOXidr]Jpow_iUcWOYWx]lw]DMy\\cFMIfHiPvEzYfy]TSwRTfQ[kNpMvSufWsBakbosbfT\\JZyR_PcKGvfpSe]uqunwAYcaeXmm_EjhSpQRP^ifkj`[NLOGEtChsW[kqXhH]pgCMx^]ULfSLHMQtHSZIgheBBpvV`[rqbIuD]OPilmtNk]lKJriFOyqIBAKIbHoko\\dyRNXtDkWtnWR`DlLimmcdRmB\\DHGexJZOsmtwZpB^bwUfjfEqwFxCsAg`LvpvdmwexCgQrPOxkFBVXWmXCQhrLXWsGUk_zGtpAjihznyhrARnzRHpJXsTEEZ`gnK^_kxdLLUhiFYPRAAKFdtoMvVcNakvQIBLc[IHChbnw[HDzdBEEPZDuVRdUVWf\\YX`DMgqstHYBFrloRce_grBiyQNJ`mgRvS_DbAmwKLLHBBo^`oDmlGobVqFvZhSG[GGnTiMRqhU[fthw\\jdkju`o^whluq^]sEguvBKrclwEmUv\\JIZkEcXabRPXA\\XAJrbaNmB[_lIxx\\CJALclWnYQhFTdmnrGUwuvmVOWHzLS[ZdFPFWptfdWYRtIYXiluBcBaGXfxLeWcGpN]NUgWBNiS^]\\\\GyjRZXZqb`IikriBNoR\\ffKDBUsoujCdwJqNuFJiWWuiLxgK_gFjLzq[nfPE`ews]_maA[GHecEOk]rDiiPNdTYwTW[PpEJl[CMhLFJEaxEcubkRnLVqVjOJFpMeArSaZSoiPKsd`LhgOqBmfJ\\diTWloDbVs_Dif_JcmCBcTmRKBcvPo[yrVirFwDtMd]kAHyBjhZAdHsQvCMjLISbY`MSwhDfiIozrCQCDaLbVZUj^YvDkUiEQvS[vgECdnR\\SsZtlJgfwkLyL]p_lzvU[kivjpHW]JxbItXeyBSbiCHajUPZq`QeswBbK^KvCPInmepRFL`jhTgXdIMV`hawsTiLrp[\\rW_YuUnE_yUfAbw_QeyBRoVUjMuZweZQkEsRpN]OVHqbTuwRXJvNqZJCAKjiZUIu_DuvifjCHkfKyoAoPdCmjMZRupQe_ooBzwDPzAclZsGGnzEMKvYqSVKRecAtUF_SveLBkkoOAQTrFT_vlE[cWxjdllfXAjXUTnKIoD\\ZGJpBCTMQEFHQewwxvbPzEXORty^SJVHicA]MHhbY`VSubGjXrMNMn]Ujv_IDqtGiyZheZjpNArZjETjmPG[wHuuGgmRd_^cfOdwIZFxHWAMwCfeboWojZKbE_bxhYMi]Po[[XbTKJS`HhyDBHjoIjsLECserHPjKRkhOKKJNCdaHeZWa^w`iXamWcWX`w\\CtdVqxRoqx`bFGRE[c]ETKkAnkyQgnmeQabh^OdYOiFcJp[gF^woDsHsIccFzAIDKvR`_eaLzDpeEHrxQRLIrxbXZj_vg_ZOaCXN_vH[wlpAD]nBleohpzLMTtFpGf_[dbECkdYVKkMGIbTwv^JBkmYbrKufpRUQMVW]YlRIMZ]EnFEm`Jtc]]krI^K`jn`tWvumKr^KMApQPTnmFHFfXlojf`TvalZYtdirLSbifjW\\gZbpjYZbht\\eGKHf^ce[bXXgevbn`XziUSCLy_LISrlzHDlAKwKDFwuPCvKnrfCQunQoHvhyX]HjgX_bKadcMwdYYnJCUYQgp[FUnxtPPLgcoLdeWdcQCZDxJrWUleeyL\\tLRJnNgTTBQAdMJ`gkpAeWXILva`^fahXTRYTNqVdiGChJNJKMyuJLr^nJyrgHqh[ccQvlLZu[WvQV[BiXURhg^M]oeKOyi]sYcEaxOZA`zjpvNYiwJPm`AnFWoHGBKvltCsnW\\kJvQIgoXabM\\SpYjTXozKIHSyUExvsVfS\\YGrOsHQyO`u`rGTKj[yWQcCdRncq]hMbJrWSsE_giMtbYZ^xekJugvKpDOxF`Z\\bTSWAkASfvShEi[KsPfMm_RvOgaOdHZHOkSNFC^NdX_yUNGHcDEpuNjCCXHTJli^]KYUVNEpmXcUATbAaZgaDeNBAQLhvJDsjA]JollVyOC]eVCiqHmjFI[rxXUFCXucUjfzqXLpiQboblWeN]rnXTna`eMXXf&quot;,60)" methodname="GetNumberOfCharsInStringTestRandom" classname="Open_Lab_03._10.Tests" runstate="Runnable" seed="386150678" result="Passed" start-time="2021-10-19 19:34:08Z" end-time="2021-10-19 19:34:08Z" duration="0.000096" asserts="1" />
            <test-case id="1042" name="GetNumberOfCharsInStringTestRandom('S',&quot;TZHukCrYvxBobgPLAjs``GLAwEZMLoXCxz[Id\\tKeYs[SyytVAXhnnBNOHyfdfNH`yqbLHc_phvHNkixF`qKWjPKxNt]^ObzKluTIXiNYtsFruz^YA`DoDkqifdyOFAbGvw]qUpircl^rKSCNVD]i^KHBEf]njzSsQyvy^hDLrMMRMy^SaksB_tclo[mjSvHdZfbMXEkiARrRyqoFHJMzHRTXVKJCuUsvEcsaXRv]AKBMBRnyfgcJiI]HRJqMuinfYvMVxOipOkzwPHVEWLWOljMwGkPN\\ibSXVnGEXAXymuyI`sKolpjR`ujiQONz[U`Ih`tTOAyKzPyoNnbrEYjtsAs\\EXnJnY_YVq\\zzr`kq_SPvv[]hVuBegQghXOrMpXalaYXSbsMtyCTicaJwR]X^^ojaoSbci_BHl_V]DJF^hIfdwxErFuvTACOlir^OReK[BMxELgtHWupUIFdrNj]ochHiPdnMgrLDxLckAAgYBnxFMtddNgBbHWrTFOoctg\\`imWx^tqNDDmpkB\\WzKzzpdwbTPemLE`URYX[]fFTqn_DdCdDmYcih\\jEppeNODCz_X^SeBtUEfJCFsxRgbAn\\qhpiSehBrEml__M_QZl_NeBSgzxrSbhDP^hjhdRWMSMbXRaUlmVHPONMg^CThqiQXi\\Br]qhHUSuXZuVYcFaM`oAP\\DKayjWewKjp`]PwhzuwToMdhvEkIDrt\\lVYgGJfwQ[PL`tGpe_auEwgqatDef\\sTpUnHrPbpPACTxXHByu_`QzWpjbFNGAQocwVKGzyUwkeEuStJlBglxSCqyxXPJUiPjNlACwvzwJcaVRvWhw\\FU`rPt`MIbjKcBVUgasGoGgonk]\\gCBbNsduKW]H]knYMzA_zwOpopgzhkD`XEaF`HxjY[KPEleESObokx\\joLnXMeM[TxjYJhsFCQG`mzlCLbgZIOpZdqRUU`^oNkwHBLvfV]mZrvxo[kMexnREIQpSW_l]nRRCCeBzgBDg]Vbht]teSsq[YrzlWcOrkPg`dumqiMywjfbmiHYteHJu[reLePdEmMvNjBEykDvGuukmPMCOJVMdFlElQbLZduJ^kUDgD[JbMDAaHrvYMUuXzSIxxShJr\\^AlMBvJWLjLfWBl_eZfnMOzm_YMGjlmAjkaAoupzPqJLLTvGMYhO^EOOAyidjCh[xLwf\\kkjdg_WFobK]FuRD^]e]RApLLQMJjNzWPf\\iyfrasJMX_HeIVWZiSJJku_XWRNVabnMZYdFsfDdIoYhEfDnSnQEG]knZN[PenfpkuKjmRbDO`Aw\\rTkN[DmRiGxhpfeKoyVIcwJ\\TAALNqa]oRcukBKks_BoNCxfxsZafntvJPtZCaDs`[t^Dk[noeQEuUNRDVOVWzqAYhk\\HlhR[JOmIZcNXgmA^pAoBcVhSi]aesEVzzfCxydlF[IdmBxjMq]dgwZ`VAzlgiIQUMNYAjD`LPibZmuQlmToV\\jC`GhwysEXSsO`n_i]mxXXNsGdFiztUUut^KsuCGbTKROa^V^NEqBYESphAErPsLCyyVCcfo[gWEMwdaFkLlp^S\\pLVLuyPR[zOQbISucQWUCzFtE[yGEGV_f^arM[t]XEeMhSywXQJ`HxYpF]G[zINTdjfDc\\hIWuxyVsLm\\BinxqXhEklkTZ]OqQdxhuUwcAINA[[MRUyxZ[VmSxzrjxoxXiHEPNEahmKwiJheP`Yz[`pWuqfkv]MfMLpRSVxEPYQgPZEIPUbK_p^stkJZcUfKa`k]UWRucUkBPIG\\l]\\buCGXixXbL^\\vmFGkicosChcJE\\dlehhFtEQ^YToWzjiEsoPJBVnJhc_MZwSMUgx^qWCipcSVnYtSz_QQMZjOu^YQaDE\\AbCSmKN]maUYDXWOjLNvgCAuxidSxlIl_qULVaaoQn^fFQL]HJbUpIpyaIVDbv`BXcuMDKsIeZfs`Upg^GKnJnwVBWeNL]NVO\\O]VyZxRZjW^xZMSi`\\kmrdg_Lg`fxHLQdDGSQ`gN]kE`sDxYu]xle\\deqrmnXg]bKNTVFAXAp^QH`GgHjHk[K[fHZ]\\ZmtqpO]VekbTuEwwHL]EkLfDPwBWkcLvd_yOvg[tDkBXHopWO^^wxXlOHpatMFeC_fkVFiA[lcBzKNv\\GeINEPyLmkHGGagyGyt\\EZQ`]DKUWmDtuEnbwXyOh_dVbuTKwCtLUZXgUclBEdpAgNLCnEBizfo`qvybjAYTts`[gGNTgxJDjcjTiRXrBKMjfrqZeJREL\\HoilVgriCB\\kqOLesXcaSifqpoQoi]fEsN[ufxwlASHKNuBcNARu]fJYIswaWDzaWXsdnRzu\\r`zb\\cunhaiKlcMDCmmBVUxTboqCXpwBWYfFKrhPBmi]RVepf`k`MtG]cfzhmsWsegoSwHtKE]zcg\\CMJAWrEWp^SJ]_sA^JWpreaRs^ga[jt^pHdn^l\\_oNrQAneVSEzqMqdXfsIsL^wFdpTVvE]lhrBdmQRFtRNVkDRy^LHfdcTQRmhLZP[NbNIUpzfVbDztPaV`_UsjxrIF_kSAcGferAn]vwJ^amEacZAlXHgEWkQkFCqEhem[XVCPmsebLUJKnc]Ekbd\\ZbNGkDXsFEqvzdINWky_^EtCbFw]alUGBRBqIv`i\\l]G_NLKZPhzcFxUhK`eGuSTkkuhbSE\\LPDlcm_TumDREV^vThIxVubbZIWnT^cHKMnSBMlvgMkUrAPUMyTuKHFQh]R[WkAWJvHrbKuHvMQJKNjZsBaUJiwCG^f`uR`wMTLvtXnCEMzxqwF[msbUJfN\\zEkE`UNehUwqCo`[O_PxjzLKXKnBjKmaGjwogi^kzUP]zPYyTHFfWPlztagUaLu]bWjSsln`B`yUjiLImpibFHJrxwuGCIJnZnuc`GFbT`erRXQKU_cl^TX[MsUvqg^sVKuwoccfjGO`^S`agkm^aYPGV[VhlKkgCl]G]TWlwwBWErxuSnOFuzSwunaUNut_Vb^lqYDSUAbdWtB_]\\UyvfmCY`LjmB_BC]A^ULDtkvluYjaBlCrlavdkp[TRNUaS\\`att_JRX[NztrdjzKxkKn\\GtPitsmgWVYYsIgINs`TFhdrxqdSCXqIiE[AdpQZford[ZlbSCjreZVYPYkCO[dz`Qkohg_XcGiRqAW_FCzAhz^OiBkLFNKKKsEJjwtg_RO^lEcPBMxM\\dRan\\FgvSSVv^HxvMpJIT]Vkz]eY\\KsQyjbb^WNrNlLzscOxfToXnDIGvpny\\NZH[Fxn`WYqbRvbQWsXOhnIW\\]ub[fidOWARD`me[XOvyp\\Iaq`xWknZRlydDMFlkNSvvQMrFmnQ`NYfAlBdFlN_cazSaJbOR^Kk]aNPdirdw^uETScRK\\fzAnTURuQwL_yBChJ[^mAXtdcEgvyNaPEpsLkiMtyjXvXY`sCgJIoY\\NFWLOiVvCVv[IJqw[NenQAyMJ`ntSEX\\fTeGU]xLcnU`]xWiMjiuJeKNGKBiu]cyx[oo`jbxPZL^fZjMJFhdW^RAJWAK[ORFLWbBJbJ]IkekZhch[p`ppzc[InfJjX]AIFRPriCcvK\\fsbb\\oSkej\\PMoGtVvAmlNdcUVSpmnxtf_wcaMKUWgrRgpF[koggvXkXOzNF\\^yrmceir_TJlfWEVSv_QsExGRyNn`UbyEtsiA`DKXdM\\^uPBfBvDipdYAl\\eXuRKlKhm^VVnsTsOs]cWiMH_Y^PPQ[iOEZn^RBjSN^^QfILVwUa^IEvKmnmNuX]DhGjYaVwqmPILirsPSuSvtKGz_ck_P\\YpB[d_ZmoaXjlsvj]uu]vzFaJ]AjuyeYbQrTKOOTqaGl^JZNDoGqdmaYk[QG_jsqwzI[Ac`NgbgVtTCADmfFsoookZcjyIpGhPp_ByM[PsJCGL_WYQClEmyHKTkbzqP_m`he^^yF`Kqzemi_uMQiFDCvQiUiOf\\YdfQb_usvSxMtvz]XfLgn`bYi^lTpIPqujXWz]HAATVWIrJzRMxDDyhtCNbDmbDmCGRJ^c]u_Kg[JKPrTlBdLLnvC_UmvDOZPdTC`z]jjC`sSMkrxjkA`ZaqTWHzOkz\\wNKarNSUPSuJgucpo]oMTNtpD]jIs][yDEvFBKzkXVkN`XKYnRLlwnHiUU]U_J\\nrvGbz^nd^Epx^fQgSRUbRiCPwNkhheLNuxWdQcYQ^bOsyKLjEqCNou]ItqfmmGwssbD`OgVjsEDj[JRlBBcqcyYz\\Oj[xg^XeWzWHf[Y\\SVkrmij`tkl^GPtJDEAwvmLbgEDKueVbKVPdiIi`zvDwlt_GGNDbZ\\`aJIKhe`ePUJTlAP[vV[wAjOpnawDhaoIipjZaxBv[Robc`nGqnILy``rvSXHh]wiaBewQquxU`]jugNNmqNuYdJJPs_N`tOxUFBaurpAsKrZCqwOFKUrOCQwr\\gYRgX[Q_UpfgSvANBNlkGZvPHV`XiRpEjZKWiMmWI^\\GdZrZqBBCKHUN]C`BvtpDzaxtkd_p\\Vcdxpgi_GahQntbFxtghk[OiYHC\\xiM]Mbp`lPhVq^pTImMgVonjsHkuTu`hdMaXTKEMECTiLQqNfv`fuWGJu]dEquLqjAldwXzyiAcS[F_cR]PYVtnNGX^qaAVJr^yL`NRNvaxunnipyBnUen[pN^]`uJYieY\\xHSDDLC]ows[Siir_NB`DCIyBkmSmIPQVSlhgyjIbQgtUDJqMRt\\dsXuyTBSZjkghcEAwAL`^sxnWPdxavG[Ooh]uqjSwWjs`ALmyJtMFUxkve_jjDm^dPXsucFGQtdHIFNVDrzXBuVuqwbQRzcseMOQcTrWDnvMkqbpWIfsEU\\iu]CyBpoRQk]wqxmkzcUOzIJAUltJTkoPk`VGRtVNzewATfzZVvt\\zMjmSBdPvfxavMLQbgZGNGPVLIhim[nYqSQ_qdnPPFSThVFG[irj]nOtxUaKTu^\\s_jdwh[ytJqIovhpDbOEcDwDEWa\\CdwUcq\\Ig]JnNtpSwGECgkGlgZsocf_aGzwQM\\`xZ`JbY[qjOdGyR_oR]LiJxh`AxcgOx`G\\aHcHb`SLcJaz_aOcKenBmWzmAIepocli^fXKvhjxs]aoHa\\WUEDSlEiJHqHZu^XAXr]tIDg^uqJQqLeZgO[k_ZxYwODFaQCVF`WPEcNRXaXuvYSvLhmgCh]yuDwuzaweonKQoVVEBJSxBC^_vIut_VTYDYVBfSSqdnGHNCGqRifsU_wr`YyrgDGY[lMWzUYir\\UOwVQtBEbpk[D`\\^\\NT[Kahhh]pkqxQxBtKivKHFqc]Qizhhv]sKUWRnbPhoEROd`mZKVncQGOebDWyioHpTEGcebWGf]TB`Ttlw`^SHucEFmjkKRyAw]u_ZJpdyhwomNFNKfBJRphZ]B^rrfvU^TECZURmjtT[ynRsh\\a`PpjHo\\CXgylSlbQZJCopTPZX\\N[ikeJWFWFiewOxSuFkIAiW^rjfhkLzVRfbATgBoVNV]cpMnq^ZJiP[_ELsv_iVKFSSQhxyNDwmnTuuC^rqMmqgCLCwHoGPgrLWP^vGt`LGm]hLJQqYhsJXPfPFeAqZxgGvI^e_ckwgajua^rmrxicoinHeNp]simIFWlDffRqwv]r`ljbmNz\\OESNUWARmOEyoboJmoHLgsfsMwcs_NjeiQuBE_iPfADir^CywapyGopWYZBYoHm`_ZP_gnEOFrafoxAiudwyYl^u[_ce^Q\\^N_KYO^RJ\\bsPOJb\\ZS_KLoHnvVEIK[lpWCYQnbZWRm^qsOfQxGLKmQRYXW^tZJyBpDsLlQirtHsZRQugjnLDObDGlAtWEawIn\\BpV[`gYTReXrGG]qJgyvmOAm[lWSm&quot;,101)" fullname="Open_Lab_03._10.Tests.GetNumberOfCharsInStringTestRandom('S',&quot;TZHukCrYvxBobgPLAjs``GLAwEZMLoXCxz[Id\\tKeYs[SyytVAXhnnBNOHyfdfNH`yqbLHc_phvHNkixF`qKWjPKxNt]^ObzKluTIXiNYtsFruz^YA`DoDkqifdyOFAbGvw]qUpircl^rKSCNVD]i^KHBEf]njzSsQyvy^hDLrMMRMy^SaksB_tclo[mjSvHdZfbMXEkiARrRyqoFHJMzHRTXVKJCuUsvEcsaXRv]AKBMBRnyfgcJiI]HRJqMuinfYvMVxOipOkzwPHVEWLWOljMwGkPN\\ibSXVnGEXAXymuyI`sKolpjR`ujiQONz[U`Ih`tTOAyKzPyoNnbrEYjtsAs\\EXnJnY_YVq\\zzr`kq_SPvv[]hVuBegQghXOrMpXalaYXSbsMtyCTicaJwR]X^^ojaoSbci_BHl_V]DJF^hIfdwxErFuvTACOlir^OReK[BMxELgtHWupUIFdrNj]ochHiPdnMgrLDxLckAAgYBnxFMtddNgBbHWrTFOoctg\\`imWx^tqNDDmpkB\\WzKzzpdwbTPemLE`URYX[]fFTqn_DdCdDmYcih\\jEppeNODCz_X^SeBtUEfJCFsxRgbAn\\qhpiSehBrEml__M_QZl_NeBSgzxrSbhDP^hjhdRWMSMbXRaUlmVHPONMg^CThqiQXi\\Br]qhHUSuXZuVYcFaM`oAP\\DKayjWewKjp`]PwhzuwToMdhvEkIDrt\\lVYgGJfwQ[PL`tGpe_auEwgqatDef\\sTpUnHrPbpPACTxXHByu_`QzWpjbFNGAQocwVKGzyUwkeEuStJlBglxSCqyxXPJUiPjNlACwvzwJcaVRvWhw\\FU`rPt`MIbjKcBVUgasGoGgonk]\\gCBbNsduKW]H]knYMzA_zwOpopgzhkD`XEaF`HxjY[KPEleESObokx\\joLnXMeM[TxjYJhsFCQG`mzlCLbgZIOpZdqRUU`^oNkwHBLvfV]mZrvxo[kMexnREIQpSW_l]nRRCCeBzgBDg]Vbht]teSsq[YrzlWcOrkPg`dumqiMywjfbmiHYteHJu[reLePdEmMvNjBEykDvGuukmPMCOJVMdFlElQbLZduJ^kUDgD[JbMDAaHrvYMUuXzSIxxShJr\\^AlMBvJWLjLfWBl_eZfnMOzm_YMGjlmAjkaAoupzPqJLLTvGMYhO^EOOAyidjCh[xLwf\\kkjdg_WFobK]FuRD^]e]RApLLQMJjNzWPf\\iyfrasJMX_HeIVWZiSJJku_XWRNVabnMZYdFsfDdIoYhEfDnSnQEG]knZN[PenfpkuKjmRbDO`Aw\\rTkN[DmRiGxhpfeKoyVIcwJ\\TAALNqa]oRcukBKks_BoNCxfxsZafntvJPtZCaDs`[t^Dk[noeQEuUNRDVOVWzqAYhk\\HlhR[JOmIZcNXgmA^pAoBcVhSi]aesEVzzfCxydlF[IdmBxjMq]dgwZ`VAzlgiIQUMNYAjD`LPibZmuQlmToV\\jC`GhwysEXSsO`n_i]mxXXNsGdFiztUUut^KsuCGbTKROa^V^NEqBYESphAErPsLCyyVCcfo[gWEMwdaFkLlp^S\\pLVLuyPR[zOQbISucQWUCzFtE[yGEGV_f^arM[t]XEeMhSywXQJ`HxYpF]G[zINTdjfDc\\hIWuxyVsLm\\BinxqXhEklkTZ]OqQdxhuUwcAINA[[MRUyxZ[VmSxzrjxoxXiHEPNEahmKwiJheP`Yz[`pWuqfkv]MfMLpRSVxEPYQgPZEIPUbK_p^stkJZcUfKa`k]UWRucUkBPIG\\l]\\buCGXixXbL^\\vmFGkicosChcJE\\dlehhFtEQ^YToWzjiEsoPJBVnJhc_MZwSMUgx^qWCipcSVnYtSz_QQMZjOu^YQaDE\\AbCSmKN]maUYDXWOjLNvgCAuxidSxlIl_qULVaaoQn^fFQL]HJbUpIpyaIVDbv`BXcuMDKsIeZfs`Upg^GKnJnwVBWeNL]NVO\\O]VyZxRZjW^xZMSi`\\kmrdg_Lg`fxHLQdDGSQ`gN]kE`sDxYu]xle\\deqrmnXg]bKNTVFAXAp^QH`GgHjHk[K[fHZ]\\ZmtqpO]VekbTuEwwHL]EkLfDPwBWkcLvd_yOvg[tDkBXHopWO^^wxXlOHpatMFeC_fkVFiA[lcBzKNv\\GeINEPyLmkHGGagyGyt\\EZQ`]DKUWmDtuEnbwXyOh_dVbuTKwCtLUZXgUclBEdpAgNLCnEBizfo`qvybjAYTts`[gGNTgxJDjcjTiRXrBKMjfrqZeJREL\\HoilVgriCB\\kqOLesXcaSifqpoQoi]fEsN[ufxwlASHKNuBcNARu]fJYIswaWDzaWXsdnRzu\\r`zb\\cunhaiKlcMDCmmBVUxTboqCXpwBWYfFKrhPBmi]RVepf`k`MtG]cfzhmsWsegoSwHtKE]zcg\\CMJAWrEWp^SJ]_sA^JWpreaRs^ga[jt^pHdn^l\\_oNrQAneVSEzqMqdXfsIsL^wFdpTVvE]lhrBdmQRFtRNVkDRy^LHfdcTQRmhLZP[NbNIUpzfVbDztPaV`_UsjxrIF_kSAcGferAn]vwJ^amEacZAlXHgEWkQkFCqEhem[XVCPmsebLUJKnc]Ekbd\\ZbNGkDXsFEqvzdINWky_^EtCbFw]alUGBRBqIv`i\\l]G_NLKZPhzcFxUhK`eGuSTkkuhbSE\\LPDlcm_TumDREV^vThIxVubbZIWnT^cHKMnSBMlvgMkUrAPUMyTuKHFQh]R[WkAWJvHrbKuHvMQJKNjZsBaUJiwCG^f`uR`wMTLvtXnCEMzxqwF[msbUJfN\\zEkE`UNehUwqCo`[O_PxjzLKXKnBjKmaGjwogi^kzUP]zPYyTHFfWPlztagUaLu]bWjSsln`B`yUjiLImpibFHJrxwuGCIJnZnuc`GFbT`erRXQKU_cl^TX[MsUvqg^sVKuwoccfjGO`^S`agkm^aYPGV[VhlKkgCl]G]TWlwwBWErxuSnOFuzSwunaUNut_Vb^lqYDSUAbdWtB_]\\UyvfmCY`LjmB_BC]A^ULDtkvluYjaBlCrlavdkp[TRNUaS\\`att_JRX[NztrdjzKxkKn\\GtPitsmgWVYYsIgINs`TFhdrxqdSCXqIiE[AdpQZford[ZlbSCjreZVYPYkCO[dz`Qkohg_XcGiRqAW_FCzAhz^OiBkLFNKKKsEJjwtg_RO^lEcPBMxM\\dRan\\FgvSSVv^HxvMpJIT]Vkz]eY\\KsQyjbb^WNrNlLzscOxfToXnDIGvpny\\NZH[Fxn`WYqbRvbQWsXOhnIW\\]ub[fidOWARD`me[XOvyp\\Iaq`xWknZRlydDMFlkNSvvQMrFmnQ`NYfAlBdFlN_cazSaJbOR^Kk]aNPdirdw^uETScRK\\fzAnTURuQwL_yBChJ[^mAXtdcEgvyNaPEpsLkiMtyjXvXY`sCgJIoY\\NFWLOiVvCVv[IJqw[NenQAyMJ`ntSEX\\fTeGU]xLcnU`]xWiMjiuJeKNGKBiu]cyx[oo`jbxPZL^fZjMJFhdW^RAJWAK[ORFLWbBJbJ]IkekZhch[p`ppzc[InfJjX]AIFRPriCcvK\\fsbb\\oSkej\\PMoGtVvAmlNdcUVSpmnxtf_wcaMKUWgrRgpF[koggvXkXOzNF\\^yrmceir_TJlfWEVSv_QsExGRyNn`UbyEtsiA`DKXdM\\^uPBfBvDipdYAl\\eXuRKlKhm^VVnsTsOs]cWiMH_Y^PPQ[iOEZn^RBjSN^^QfILVwUa^IEvKmnmNuX]DhGjYaVwqmPILirsPSuSvtKGz_ck_P\\YpB[d_ZmoaXjlsvj]uu]vzFaJ]AjuyeYbQrTKOOTqaGl^JZNDoGqdmaYk[QG_jsqwzI[Ac`NgbgVtTCADmfFsoookZcjyIpGhPp_ByM[PsJCGL_WYQClEmyHKTkbzqP_m`he^^yF`Kqzemi_uMQiFDCvQiUiOf\\YdfQb_usvSxMtvz]XfLgn`bYi^lTpIPqujXWz]HAATVWIrJzRMxDDyhtCNbDmbDmCGRJ^c]u_Kg[JKPrTlBdLLnvC_UmvDOZPdTC`z]jjC`sSMkrxjkA`ZaqTWHzOkz\\wNKarNSUPSuJgucpo]oMTNtpD]jIs][yDEvFBKzkXVkN`XKYnRLlwnHiUU]U_J\\nrvGbz^nd^Epx^fQgSRUbRiCPwNkhheLNuxWdQcYQ^bOsyKLjEqCNou]ItqfmmGwssbD`OgVjsEDj[JRlBBcqcyYz\\Oj[xg^XeWzWHf[Y\\SVkrmij`tkl^GPtJDEAwvmLbgEDKueVbKVPdiIi`zvDwlt_GGNDbZ\\`aJIKhe`ePUJTlAP[vV[wAjOpnawDhaoIipjZaxBv[Robc`nGqnILy``rvSXHh]wiaBewQquxU`]jugNNmqNuYdJJPs_N`tOxUFBaurpAsKrZCqwOFKUrOCQwr\\gYRgX[Q_UpfgSvANBNlkGZvPHV`XiRpEjZKWiMmWI^\\GdZrZqBBCKHUN]C`BvtpDzaxtkd_p\\Vcdxpgi_GahQntbFxtghk[OiYHC\\xiM]Mbp`lPhVq^pTImMgVonjsHkuTu`hdMaXTKEMECTiLQqNfv`fuWGJu]dEquLqjAldwXzyiAcS[F_cR]PYVtnNGX^qaAVJr^yL`NRNvaxunnipyBnUen[pN^]`uJYieY\\xHSDDLC]ows[Siir_NB`DCIyBkmSmIPQVSlhgyjIbQgtUDJqMRt\\dsXuyTBSZjkghcEAwAL`^sxnWPdxavG[Ooh]uqjSwWjs`ALmyJtMFUxkve_jjDm^dPXsucFGQtdHIFNVDrzXBuVuqwbQRzcseMOQcTrWDnvMkqbpWIfsEU\\iu]CyBpoRQk]wqxmkzcUOzIJAUltJTkoPk`VGRtVNzewATfzZVvt\\zMjmSBdPvfxavMLQbgZGNGPVLIhim[nYqSQ_qdnPPFSThVFG[irj]nOtxUaKTu^\\s_jdwh[ytJqIovhpDbOEcDwDEWa\\CdwUcq\\Ig]JnNtpSwGECgkGlgZsocf_aGzwQM\\`xZ`JbY[qjOdGyR_oR]LiJxh`AxcgOx`G\\aHcHb`SLcJaz_aOcKenBmWzmAIepocli^fXKvhjxs]aoHa\\WUEDSlEiJHqHZu^XAXr]tIDg^uqJQqLeZgO[k_ZxYwODFaQCVF`WPEcNRXaXuvYSvLhmgCh]yuDwuzaweonKQoVVEBJSxBC^_vIut_VTYDYVBfSSqdnGHNCGqRifsU_wr`YyrgDGY[lMWzUYir\\UOwVQtBEbpk[D`\\^\\NT[Kahhh]pkqxQxBtKivKHFqc]Qizhhv]sKUWRnbPhoEROd`mZKVncQGOebDWyioHpTEGcebWGf]TB`Ttlw`^SHucEFmjkKRyAw]u_ZJpdyhwomNFNKfBJRphZ]B^rrfvU^TECZURmjtT[ynRsh\\a`PpjHo\\CXgylSlbQZJCopTPZX\\N[ikeJWFWFiewOxSuFkIAiW^rjfhkLzVRfbATgBoVNV]cpMnq^ZJiP[_ELsv_iVKFSSQhxyNDwmnTuuC^rqMmqgCLCwHoGPgrLWP^vGt`LGm]hLJQqYhsJXPfPFeAqZxgGvI^e_ckwgajua^rmrxicoinHeNp]simIFWlDffRqwv]r`ljbmNz\\OESNUWARmOEyoboJmoHLgsfsMwcs_NjeiQuBE_iPfADir^CywapyGopWYZBYoHm`_ZP_gnEOFrafoxAiudwyYl^u[_ce^Q\\^N_KYO^RJ\\bsPOJb\\ZS_KLoHnvVEIK[lpWCYQnbZWRm^qsOfQxGLKmQRYXW^tZJyBpDsLlQirtHsZRQugjnLDObDGlAtWEawIn\\BpV[`gYTReXrGG]qJgyvmOAm[lWSm&quot;,101)" methodname="GetNumberOfCharsInStringTestRandom" classname="Open_Lab_03._10.Tests" runstate="Runnable" seed="996137240" result="Passed" start-time="2021-10-19 19:34:08Z" end-time="2021-10-19 19:34:08Z" duration="0.000107" asserts="1" />
            <test-case id="1043" name="GetNumberOfCharsInStringTestRandom('O',&quot;kfpPERPO_fuPYittmtOXPKsjmpcznQFbyYhMRrY_tXZPrzbEardZ_vvanF]OiP[O`TQzBhcv\\j^skcsnO_ZvggCD^GYLUJqexLj^ibDtPixoXDqKNjAKq_bsQN]uOXaRttu_tUFh\\agxiOfZQOxeJfnYdqM[EIesHgv_IRRseTjQseKCbDdAZvHNF\\uCIecSvnpCSHQzxEAqw^azgJtB`eYM_hZhWPkAkXUEoHkZmeCUvRRbuuVykbmRUd_ehdciUAG`J]L`ZZOvbEQNWrm]tlPIeCjKdFmJBUAvLmXYjp`RTrjQSROqrGockxvHmBwThEtNDVBe[TmDMxpmSYrSrvSv`XKOqQfhtLdOy]NxPeV^TkWmHIpUJd]lmxigLnnKhEJBUanpLuCNapboBXGi\\R_Qis]Aoam\\qLpObUYbVzIPbPLxVtenhFjWatS\\DnBfIbWUzTNgz_S\\JPjZg`euvyol]ZihCw^cx^GAsqxCgyoImNNRKso_IGjJmesaf`dCBk_fIiaqbbOxKfzPLW]JHyZroxNNyXXGUlHBibJ\\RywarmyHfcUODZuCQhrK\\SrKKIcZ_xaeMBrJCtzCyFcVCIDvqEkBjzzzGlWjJ`ciBkBBblAXhpLVk]IBFhc[M`uNBsCQ^QsZ]uTSHBTEDTTundOedUd]wI\\]pnAijktXwmtqIquEU^WtMA[XeYgIgW]UYr]TAeVTZvxBkY]n[_HYmbQpTdERDkkaP_XQTbEjIDZQCZgMvtiIOEbqbgzX`DPjKXmLALZt[YQjIznuwsVKBcRLxajhbgKEnkFfh[LkZphqosibtF[giFhcFbOZ]mSnNLwYtIN\\hfkMv\\WEsHn\\L^WhD^`FMlOh^tccwQilszzDU[heKJbVyqbkpOUWcHPvXDiBsoIbZCdM^STcpuvCKsigRsnivRIljEgRlfmWBAwwNVM]umahLMl_UBjzAZfHts]ZgCqJI`AJwmZwgRnJk[`]THwjwnVbUoCVsnpsvW`gMbbccnTjg]XYSzF_GGNUJZpHjEEs\\vNTvtQlaTHJZgvrXdCshRmoJK]mlZs_i[NkPD^ZjUymzEv^^ykFBMKKIYKkX^AG[c[zYKcUGdJTSApEPyPnjn^]PDbqsmCLTsRWdwETVWzXDrrIdF\\YOMWhFyjVcm\\Tbxz[iY\\TtvXTnFZYLYNnRewH\\eQfNjkdufqFrX[KeH_ToDtA_QJJ`iBwBszEHpGKKnYIOTboyCIKFdSXkQGwabEMdtEzYWCpBUIAfllKjUL]`rrX`bTriJedjL_UPbWbATIl\\Rmz`wNLVchmCgZqDLGsk_RZMWvHyd]MjFwOoTSmvYNH_lSdH`_oMQBwzSmIAGMmF\\DwjLCjsTwRQKu\\ERzZEhzYEAO\\bJlpM\\BDiVtw^pvtUkfpYREjGnhY\\esjxaIjcGEpJrmiXDwPlGETUZDPFCjZndbD]KywhMQNfqfa`WRCqYgVa`V_]seaXfCaPiLNEzc`pri_n]kikgcUwL^xo[[ockpznFRqKExrqGajqrlzHvpkDhdDKNYe`nxFBikhLt_gil_qfoHxj[hguFwG]NfwfTRCJ\\iIHDoNXJCRInYWG[vFGQKwldLxNbAVZ]gJGzqffZPlCfxjpPpKXMvtQmW^rqzpIgrgGOQHePZhAZtGg]IylpxNamtUcTopZ[cWnRcaziaInOsrsPqViBDTieFTVw_R\\eNar]TUubyDPpZRuB\\T]YGXWPhILOLDJPhJARzVv\\\\GCADtKnZT\\KoC^qKcpKIgWvtAIQRcBFYAxAVVLnxYorby[egKHXakTpjGGClu]rRVmnF][oWBNkr_Tv`^eG\\e_hhIQOPICDvx`LMg_JjTA_^cxLmL]NPWVhrEGxMM_NzJptyHjsz\\WIdzKFKF\\Egpn_bsUHabx^on`UmDMe\\dOozNEruAnGk[bJVQSGncSX^tTqZqSGtqcCbz_To^M`oqmTLVy\\lFrtRqQGuNXEigNtr`cWlySQVmdhGAfErqUnzikliYZaFHrHds\\fncjmnb__MdztcTNrRZuIorhT_lKNv]DO_zQ&quot;,30)" fullname="Open_Lab_03._10.Tests.GetNumberOfCharsInStringTestRandom('O',&quot;kfpPERPO_fuPYittmtOXPKsjmpcznQFbyYhMRrY_tXZPrzbEardZ_vvanF]OiP[O`TQzBhcv\\j^skcsnO_ZvggCD^GYLUJqexLj^ibDtPixoXDqKNjAKq_bsQN]uOXaRttu_tUFh\\agxiOfZQOxeJfnYdqM[EIesHgv_IRRseTjQseKCbDdAZvHNF\\uCIecSvnpCSHQzxEAqw^azgJtB`eYM_hZhWPkAkXUEoHkZmeCUvRRbuuVykbmRUd_ehdciUAG`J]L`ZZOvbEQNWrm]tlPIeCjKdFmJBUAvLmXYjp`RTrjQSROqrGockxvHmBwThEtNDVBe[TmDMxpmSYrSrvSv`XKOqQfhtLdOy]NxPeV^TkWmHIpUJd]lmxigLnnKhEJBUanpLuCNapboBXGi\\R_Qis]Aoam\\qLpObUYbVzIPbPLxVtenhFjWatS\\DnBfIbWUzTNgz_S\\JPjZg`euvyol]ZihCw^cx^GAsqxCgyoImNNRKso_IGjJmesaf`dCBk_fIiaqbbOxKfzPLW]JHyZroxNNyXXGUlHBibJ\\RywarmyHfcUODZuCQhrK\\SrKKIcZ_xaeMBrJCtzCyFcVCIDvqEkBjzzzGlWjJ`ciBkBBblAXhpLVk]IBFhc[M`uNBsCQ^QsZ]uTSHBTEDTTundOedUd]wI\\]pnAijktXwmtqIquEU^WtMA[XeYgIgW]UYr]TAeVTZvxBkY]n[_HYmbQpTdERDkkaP_XQTbEjIDZQCZgMvtiIOEbqbgzX`DPjKXmLALZt[YQjIznuwsVKBcRLxajhbgKEnkFfh[LkZphqosibtF[giFhcFbOZ]mSnNLwYtIN\\hfkMv\\WEsHn\\L^WhD^`FMlOh^tccwQilszzDU[heKJbVyqbkpOUWcHPvXDiBsoIbZCdM^STcpuvCKsigRsnivRIljEgRlfmWBAwwNVM]umahLMl_UBjzAZfHts]ZgCqJI`AJwmZwgRnJk[`]THwjwnVbUoCVsnpsvW`gMbbccnTjg]XYSzF_GGNUJZpHjEEs\\vNTvtQlaTHJZgvrXdCshRmoJK]mlZs_i[NkPD^ZjUymzEv^^ykFBMKKIYKkX^AG[c[zYKcUGdJTSApEPyPnjn^]PDbqsmCLTsRWdwETVWzXDrrIdF\\YOMWhFyjVcm\\Tbxz[iY\\TtvXTnFZYLYNnRewH\\eQfNjkdufqFrX[KeH_ToDtA_QJJ`iBwBszEHpGKKnYIOTboyCIKFdSXkQGwabEMdtEzYWCpBUIAfllKjUL]`rrX`bTriJedjL_UPbWbATIl\\Rmz`wNLVchmCgZqDLGsk_RZMWvHyd]MjFwOoTSmvYNH_lSdH`_oMQBwzSmIAGMmF\\DwjLCjsTwRQKu\\ERzZEhzYEAO\\bJlpM\\BDiVtw^pvtUkfpYREjGnhY\\esjxaIjcGEpJrmiXDwPlGETUZDPFCjZndbD]KywhMQNfqfa`WRCqYgVa`V_]seaXfCaPiLNEzc`pri_n]kikgcUwL^xo[[ockpznFRqKExrqGajqrlzHvpkDhdDKNYe`nxFBikhLt_gil_qfoHxj[hguFwG]NfwfTRCJ\\iIHDoNXJCRInYWG[vFGQKwldLxNbAVZ]gJGzqffZPlCfxjpPpKXMvtQmW^rqzpIgrgGOQHePZhAZtGg]IylpxNamtUcTopZ[cWnRcaziaInOsrsPqViBDTieFTVw_R\\eNar]TUubyDPpZRuB\\T]YGXWPhILOLDJPhJARzVv\\\\GCADtKnZT\\KoC^qKcpKIgWvtAIQRcBFYAxAVVLnxYorby[egKHXakTpjGGClu]rRVmnF][oWBNkr_Tv`^eG\\e_hhIQOPICDvx`LMg_JjTA_^cxLmL]NPWVhrEGxMM_NzJptyHjsz\\WIdzKFKF\\Egpn_bsUHabx^on`UmDMe\\dOozNEruAnGk[bJVQSGncSX^tTqZqSGtqcCbz_To^M`oqmTLVy\\lFrtRqQGuNXEigNtr`cWlySQVmdhGAfErqUnzikliYZaFHrHds\\fncjmnb__MdztcTNrRZuIorhT_lKNv]DO_zQ&quot;,30)" methodname="GetNumberOfCharsInStringTestRandom" classname="Open_Lab_03._10.Tests" runstate="Runnable" seed="558576100" result="Passed" start-time="2021-10-19 19:34:08Z" end-time="2021-10-19 19:34:08Z" duration="0.000064" asserts="1" />
            <test-case id="1044" name="GetNumberOfCharsInStringTestRandom('k',&quot;bAYKL_EZ`yluApKySqvuWOBWQdj`lVdCykjY]ycSduznZTvgtQLIVUkTyBuco_iJUiwQFl]UNcR]OOxxhCg[K[hezWZ[EA^EMpYkXfbHoqumDOFkExumsNztBSQjSBQNEMPZpNaC\\_gTavakQiVGFlMzp_iFUrpmahhqyfurXrQUafTFl`YdgJHTAQdR_[idiuntOkmfo^jN\\rYKKdUoZMFW`UphCdTwJgffr[rAnnoIZusIsZGuGtK\\oXUuvEcKKnEoMnSklTAfYxwe\\gpd^YpP]Kq[GxEjKdxfqDwEGVJmt`Dr[jYPOzhmyoRCwreoPR[ozQoYjk]HPCWxHzzX`p\\LvLhBmuIOlU^bEOsJuA`^^a^vYUvwrNOZqPsodnfpcNVu`ossHq]`QxhVimdXzLW_FElpWDaHUjvQLdWd\\CpBkjIsb^FqJOpWqqo[CD\\DPVLaCXJFWzvwWVoWvtOtxjxGu`ZVovaYbmmV_cqJTA[KStA\\CX`JocF`XEg^yoQ\\Y^VddYrTCE`xPmoB_ySWVXeygMxZvTL_kzlo^WsdaMHkCIQeQfyz\\tFBtXwX\\XXjtAMPBz^HGjqJPtv_vTJQVLDrukvGZ\\IIpYqCwAdRHqtmCwlz\\Y\\IOGTixVVQDXifbhTrDtcujrJ_RQoxyweBzAuiEIEafSOjIOLVctvcpaYWwpWgaXSGmgfanenuoBPXdZWCFYVEBCLYb^mPlXzNAHx\\debxGAnoRBm]YTbICNFj[MzPs_JWBCW]]uZ\\rXyAPXHakPqYqrKmCNBWfSFcrWmPeQA_uFQfPF[DFY_dik`Jre[PtCq_SWIsesv[OR^la_]wmyRMn\\tGrcXzqlfsPmTtwcYM]EUWNodTI^]ukdlq]BBC[wd^gf\\oLcAJ`FjiH^tCzErTOkHfB^XubWma\\qkbSoH`]SVfuCiyIyCWEPOv^qnhLFcJTINQnRjKwRqwV]lzpYmcTV\\LboE]B[UXkLSloXLrOrZnYSaBEosmTzpxgBjzNNJ]xZMJJAKXMvT\\vimPNCXNbbEkVUEmiMeBixqzGXrEd\\`YfTByO[lKqwuVV\\npwXiARSnxsnIqLSdGBfECTG_O[ZKlD[dedCIMm`HT`EF\\Rvz^TnTjXl\\qt[`rHCtYJ^MIKWU]_l]PACw`ZhYQHuNsaSSRAPL^KhRnirTwYrKgPMpq^zX[edRPQUbrEC]PayETlJrcT\\sPjacT]]oArktbWB^TP\\sVVvFQI]FUHoHIkB`jlOVcO\\XpF^wjg_Tsd]uo[SLAWZsDc&quot;,21)" fullname="Open_Lab_03._10.Tests.GetNumberOfCharsInStringTestRandom('k',&quot;bAYKL_EZ`yluApKySqvuWOBWQdj`lVdCykjY]ycSduznZTvgtQLIVUkTyBuco_iJUiwQFl]UNcR]OOxxhCg[K[hezWZ[EA^EMpYkXfbHoqumDOFkExumsNztBSQjSBQNEMPZpNaC\\_gTavakQiVGFlMzp_iFUrpmahhqyfurXrQUafTFl`YdgJHTAQdR_[idiuntOkmfo^jN\\rYKKdUoZMFW`UphCdTwJgffr[rAnnoIZusIsZGuGtK\\oXUuvEcKKnEoMnSklTAfYxwe\\gpd^YpP]Kq[GxEjKdxfqDwEGVJmt`Dr[jYPOzhmyoRCwreoPR[ozQoYjk]HPCWxHzzX`p\\LvLhBmuIOlU^bEOsJuA`^^a^vYUvwrNOZqPsodnfpcNVu`ossHq]`QxhVimdXzLW_FElpWDaHUjvQLdWd\\CpBkjIsb^FqJOpWqqo[CD\\DPVLaCXJFWzvwWVoWvtOtxjxGu`ZVovaYbmmV_cqJTA[KStA\\CX`JocF`XEg^yoQ\\Y^VddYrTCE`xPmoB_ySWVXeygMxZvTL_kzlo^WsdaMHkCIQeQfyz\\tFBtXwX\\XXjtAMPBz^HGjqJPtv_vTJQVLDrukvGZ\\IIpYqCwAdRHqtmCwlz\\Y\\IOGTixVVQDXifbhTrDtcujrJ_RQoxyweBzAuiEIEafSOjIOLVctvcpaYWwpWgaXSGmgfanenuoBPXdZWCFYVEBCLYb^mPlXzNAHx\\debxGAnoRBm]YTbICNFj[MzPs_JWBCW]]uZ\\rXyAPXHakPqYqrKmCNBWfSFcrWmPeQA_uFQfPF[DFY_dik`Jre[PtCq_SWIsesv[OR^la_]wmyRMn\\tGrcXzqlfsPmTtwcYM]EUWNodTI^]ukdlq]BBC[wd^gf\\oLcAJ`FjiH^tCzErTOkHfB^XubWma\\qkbSoH`]SVfuCiyIyCWEPOv^qnhLFcJTINQnRjKwRqwV]lzpYmcTV\\LboE]B[UXkLSloXLrOrZnYSaBEosmTzpxgBjzNNJ]xZMJJAKXMvT\\vimPNCXNbbEkVUEmiMeBixqzGXrEd\\`YfTByO[lKqwuVV\\npwXiARSnxsnIqLSdGBfECTG_O[ZKlD[dedCIMm`HT`EF\\Rvz^TnTjXl\\qt[`rHCtYJ^MIKWU]_l]PACw`ZhYQHuNsaSSRAPL^KhRnirTwYrKgPMpq^zX[edRPQUbrEC]PayETlJrcT\\sPjacT]]oArktbWB^TP\\sVVvFQI]FUHoHIkB`jlOVcO\\XpF^wjg_Tsd]uo[SLAWZsDc&quot;,21)" methodname="GetNumberOfCharsInStringTestRandom" classname="Open_Lab_03._10.Tests" runstate="Runnable" seed="146625869" result="Passed" start-time="2021-10-19 19:34:08Z" end-time="2021-10-19 19:34:08Z" duration="0.000057" asserts="1" />
            <test-case id="1045" name="GetNumberOfCharsInStringTestRandom('y',&quot;V]nbAGQGt_QLe`Vid[P`OGlOZCULpdTNVhbNswSlSVBQKHa[BlOcTKbOl_IylFRQKDqxxIphH^NsF[DS\\uKDUltKFT]ToUANEkGHQd]svb[qxjIQ[p]rvOvYJfseg\\sn]zoUUvBsXRHmQCNVKLsysJSqohyfksMZjhTxvov`odZdGJIHY][[cuvTgy`gxWI`EiDciP[WPTJOjijf`qMNYmqomAQxOObX\\u`YG`YJCDKPkgdyOuHGJuGRrOqiy]HBmmnoIR_zYDLUcbEGWSjUH[NanNbsijKavJ]ysppwVIiGjmjPJkRgnntR_NBukgQiteYYFGNb^nyzmHrB_SiyY_mIPK[fnuLirzNEUQJD]jIApu`WVzWYyRQUsQJugcncbPHmumhNIe]iVmSUfDPo^nk`jsMDHPXtwaZ`nm]dSJQTpbzFxoOcSzEo`cDBadFsNcmpTnbsbg\\U]WkHtGGSAoaw\\fALj[CjDYGMpJmJNWBg_kRIrvI[]mrYBpUinWJHdlQEP_SjTwFenuYkTrTnRcMQaiKzpEWrMuDmZMsTdYGahNeHXdUvCWpA`z_bTTuP`OYtrfQGzAKs]gdTECbMj\\opECN[iRAP_rAYokQlSNwCMw^sWL]Qmh`E[cooYqYhzuUffL_Tmpt]`ldI_UD^oj^qRvyMw]T]pOCScsNLhJ_woD`iygPEmvtQW^TjMRWQ]XhQjR`gHspfLbCOWQNPMOjtVmvF_^yVmN[XWOyhGdxuFOFp[FTwDHDNhnvxV[Hdt[sxHerHR`JdRonHgGeYJCRfKMjcTBSf\\TAfVHiqNLe^x[wszoQOqjZrIMnuuPoPN^IxoIl_YnKyXnikPqd`lDpmuJ]JUnvyXVQZRzErClqC_\\ZU_DfDfP_JhWDefcKfsLbC^OYQlm]zNnNYjIeRHsTHqGmvw[L[bLKSuXrQeVRtn`wuIeu^ys^zsZLW]]URaBXCdu_SQTgmaZURKrnR`h]ihK[[L[oIAATlHuRNGcMeLkZZFuMeiClt`iUZ[EGq`_laGcJPaaLw[s^xkAVQNJZyOZMY`smB\\WEhytT]kwEIroYgLXi[jqcVFnSgVljhnJ\\Enpyrhs`RFQGZB`MIJSSfojcKbgGzMWUiTTtVYrmqQRPohseq_b_\\qpQDNoPAlaEjvYFhgqkSa\\U]Zn^iCQ[fstr^DpIeblFkMasOnwJhqLvV\\neZRby[FYqCbbeqiGloWePsvOvFHnogy]CPLiSzmefojqhLSSzk[Gzq^l_CftTSdKDF`UfAnlBlz\\IFaknonEMs^Lm[JQUtRTK`mcfxhyxjENrBcZ]vG`_`yLcTbKq^XIZgRdSyEpGpG^nPUkrknYnmoebbASV]I[RwnLkzH^rQYjZ[YSyrTFjyVhrhBkymZdggLr\\JAsdQb]TFLGJhT_JClSaGTDxW`ErpCnParpq[]ZXsUl\\vaRYuZevsQVpwvMk]e^DYrcp^hi`SuhlcbBpOfwVXrWQ]zu`QivOqiDEy\\vNkEdxcdNVtW]qhIfa[RT_nJPdzZvt^xrmkjeTOYisl_gtLEaiC^dgIWZbpzyIiUsv_kFy^SRBd\\mP]VYutMqzTLeUQC^P[`KXgkU\\zcLkLbCgeKE[bDP\\^scTGlh[oCbDRUcmAxvRBGnlIxkGyDhWQiuoIAVNukvJAyVPbSZdIyZXEqLIBb]lULnc[oezchWQKelJb[_fdENSO]jRpMMSOKooLnomh[B\\bIMZECbaCqHQx\\TxFSKV[DCAqxxogmxJCmlFQPNmfgQYC^qkZqhVPgA^GMdHEmtQsxOLjOhpFXkonexSGNVpFcuWmNzEfFhsmA`EPeALJrPsvLk]ORArXELQDsZ]OdJzjrCnEsD\\MJgNSC[a^]pUFq\\hpPBXL_wahQIEJwXVO_fNYxxBXtylnputWUyprfQiNF`CtVXaFZGaKNPrRAzS`KmsVOioyc_cOwASXvHB\\YgTiTiIEG^rgyICThgfhcc]v_SNNxZWsxqH_YJC``jsEhvPoxzjP\\UtqJYKB\\vHgHyiIB_u^eGHskYOcCZPykGXdxRUAzAEecLwiNHmZEMeVMAGlKbyBgJwAbFLkJu_dB^Q_\\`Vvhpt^\\BWwLdpYCDyZOwHIvBPJhBTjkbPeMCTqPY_`iO`aEFby`qP`YNAfajq[hhMdTLLzjIJqXbZh]jFcZVKtRkMyCiP`cEsBBvNttbPWgZHqnSIreNAS^TSdyMxBseNTjYfa]MisFnMscVLj`YuUD`^iddugeO_CLoHVhcVY`IMkHZAcBN\\ZjtPKuwxsRBNrPJgoOpBxD]ovSnbJdRfXmESS_x[kf^G_vV[xnLULL_WNEUrHVnOAWqFKrTPRVQRaVQzwSeVXwZLNhFOJFTVsOGIEQQG[vDquMqroUuolXqDwer]lEGLCvZRPHvgC_v\\tcQArO[oK_e[YCLZYnUWprozm`bgZNmN]UJTUqf^dRA^QztMv\\OOJ_gCoQNSgnUwmXyDtsFcIqm_qQinfVlyz^DxiG`DcSrpwDltApTDWgGSmHM_c[gRCWxPTBUmSBzpzwbm`onqChcTWkLauB\\IganaG\\az\\akUgRTpaZyngqPVodsdqnrR`qIZJBfDOnU\\xNgEXVA[Ci\\qQYl^cwJiiYpqItg`ov_t\\nYawnM[nWPrUSIlPI[Regm_Yqw^j\\gHJcU^zLbokivSJx\\qluPg[MOpBtHFrjlRjIhlxflDbfbvl[U[UFmoLAgxT`\\GD\\wBxdcBQjsFJMFofTDb`glmxwGj\\kYYKfAFiaxIsTKeNgfzvsRA\\uaWkKEB^ta`RZv^LzFEVvjL]G`QQGncYXxPEdV_]vfzmeTnlInwmNe`LVuefnlWFxHt]fZcdbcZQkZrmm`ITqpLnYEjilsiKOtp^ZQFjKSLeKO\\vDrtOcCOHvGEbjtsiuPCqdTT\\[ZI_ebdJdnftz[bMehcTM^zR[]kvMeRj_XnJuk]U]uywNyiZhpMwlzOwZrDIqixy\\wVcgXRtKNqS`DD\\nQNWYVx_IrkChU^owA[RdGmP_Sm^IwXVocV`[baGyqZphOMpkCV`dlsg^ysFc[WLZUOEzxUVZUSmgxcPGwnGbsmCjiC\\j\\^_[NVSzHqmhzFOZGzaWcyfgPebbMVRvsgyqoRZcPPzGBYbm^cdi\\FG]rrLdoknm_qoTHYeoayGTz`fqCoEdldZna\\ywGqn_]MbKdOfFxoH^ym^RMUazgJAvWBnfZiikKbrmy[MoJyfx\\wpnxhkmPosTMfoc\\zgPGWTWvlTmHlqh^DZ[LAimyw[Wj_`SgeTJSWqFcYrMTye_xKpILTW[RtRKwwhXLBF^YhVGMUrmI]YzRwY_iXGSNssYEgIflZASsHFQpivr\\dSp[Rsz_IjounP`oxCaLLBi\\GHKqIjz\\PqdaCxmnJHdkMXFr`\\sgVfQcdUUKiIVZjTfwfzmzPmCDXyOjCSQhrTFdaBxidcFAlKAtmJMajsWcdMKeFfHWsicWNCVeCDWhhBRNxUwtGkxyw^zTqScy\\jIDcegknb^g]jvbuxhliOQHkd[kCCok[YLxtOfTiMG_MR]MbYZterPMZASyJvilnnLE^xigRTC]HluZHNIedvFcIy_swhJm_VlZGXjekmbQpnFhGtrwnDHrhdv_YpkeKQymz[Tj__uqTonUtrmCqMz[Ntl]\\KLuCxG_pShfaHYOJR_tpbebChnxQ^`GjqOTTznViO`bJG]iokQvUshu`drVKINRnbwktEvK_JLaBDXwKEJaNdlqITojHYL`AOocKmpjpFXLgGt]MvKFyhDJpFb`QMCFyf`mPplYPZlHLaKBZS^MNFbTKemFKPZcDRNAbGMWJmq_wwxPv`GyjqssEMceCgNzAIEuTJ[TFGC\\PCXOg^KeJ\\tNZUwV_cT^_q_nrDwlFmscnXcCoTx`]cp_Pq[yNFp]m`wY^eWdaY`XcQZCltaKenAvBA_Bcx^zxVqO[J`KxUzEDYvyXYMU_ery_BX]FVAdu`ZN[LbbTVNQowscE`dJkJ[S^rjZmCEbTWJ^yi_MrfAJXbKcJoXalrslEGjd\\IpRRfxYnUdWAXSFJRvwhHQxe^q\\^XZrzvkipjrldlooLBaT_mcmLmwTssgnp]uVvlXFhdQZ[JTvS\\mdx]wlpggMzWqxCEwHqZtZe\\gv]ISCYABWFDqT`J`OFKFQmSXWNMFsbSy]pBPhTdnzVZryNcchueT[VWIJkwoMvIpnFT^^usv\\WGvS[YIedXywz_GZsFwXobDMeEtuFEnCjrEO[pjSoKc^JsnbMDepv_goCiiW_O``ewNHZszDVeceyaCmQShB[xGKLPLlHTnaeDsNegHUEbZRvBq]fvFMa_EgqCvKgNvCqCAuhpHdLSws_pPJYjGMNbzFyMXbkwirgW[sBwppo\\AOcLIAnmmxGioPDuv[Y`sOdEMHVWH]tQYmak^nDWoyKlkxbKpHAUXOcle^zAfXfPDqQCjSWIXCluEsTPaKbA\\_tJJoGzoDlXSuhtg_\\]ksxU]hhmKj[[qfn`xHtuMXUTRUbJKZcBjEPda_g\\HTpEdQahGIw`faPT^eDIG^bkGYllVJyZ[XntbQkAnuCB^DVIpwGw[_VdlFxK_pSxK]EOnWlNuDUM[aMCDdwYDBzvCJH]S`\\ybFrBzHVYKsCWJJILsuHvsttI]ILdPPuUbWeUjLDvO^NLzcmsBveYXaFhMi_qvlJvxhpn_n]gqMhVfiJuWTcUf]xBQwIAhMA]USNRnyTNYxbLsjB_`d[cJpQ\\jn]cf\\yeLLBT[rGYzUvhumIaue\\DmXS_Clbz\\lbxyxzhiiDh^CcoucaxfwhBAvros]RjPGwNnyjxn[sManakp^eZKeU`EaxDFLoMXUYWFVBwtcKKE\\[MUHyVrr_fmXJMAgscfgoMVJfZ\\iabZJ[cGkixMZU`qmehLpvNkc_YgOqL]`tJQwLcwaGQxuVMROWc`xNgnTrreCwsu^\\g`KPtbBkfjePpMSGXrNf_RNVxETxtdNV[ZigGz]B^McxIDBfSw`AgrwVSpRoNDqB\\PpW^fzXVMHRiPNtDifwENic]TTRihnZWb\\tOfHgxHe[jfhCbXl`YuwNaMtKShjhYhvHnUfXazzxcOtrgRkQwNB\\fOTClxUQXxBBjaONmUzZvyeRSC_AxYlLgZ\\`Bcfcei`fMrHGC]_bNbagdBjjZTTyMqVQEjMJjXoMYzF\\vXy[uJxEspwzswIRVbZV]qBTPUsqnUNevOnBVsECtQXOnMRmO^rrajzEWfKaQGR_bREeIGw]^W]LZm`DDFbP^WDLOifjh^mmzth\\IgeIbUUJNofdFH^K_BBKNsWZ\\MpzejMaFEuW\\ZiICux[DCe`AbOyr]NPQKhV`V`_bE^AMGjFSsITuvVYbPzC\\NicrfGQmTcgUZsz_dStsJfzUtUUpOnQV]DUWvJbAYSyP\\z\\CWuywFKScjOxRl\\_aSRrW_cdZlsZqgjsusRYUpUQSllggMQPwoYxKHF_nR_KNk\\vAWDYZDKkyB`emwwN\\d^CNlhnnneDRJCbPqgQJsptehzJb[lrUQjdNZhOiPefYGZoyyVwPfEdndY`l^LSBniA[ZUqIXbtNJ\\^OLLdFpciMFqdBH]KDReeYZT_e`nrEKVdIuRaScNMLznUdkpBvXpv`qEorgy`BkeCjM\\Gpvs\\DXZZfzvtjmwhV[DRq^jfdhK[UleWOjLz_UsIXeIrlEqPoxgPIKPSMMrVNyEuU_fAbxIAcvtLUru`rugWEVNEZsmR^]uZaO^MZpiqpfhNQEyUSS^SRipzQbaiKq^FB[fGUhFCMqbYhAnVuYzLybHrY_vrOAgyIcLpYszfM\\G\\GXRPnLnlrSHZTnhqlNnMKdQFpxwCZTy][glBMfDDMuHp[m]fKJtyiuQ^GM[qOlS^UeygCgdFJkzQ][eC[RsP[zoaVNuALNo[bd\\pnqc^anoxuABgbXVxtDDUqYQomduww`iszoPeiUjgLqfUMOYnrrb_aHzV`olwssBVSIgnIlO_TWIzmwb_KHEEyKSrpuEudmoSpQCDbfeGdCKKyzddMNllowWHqpxOgTubbqK\\t_w`]x\\vAHtpQ\\hWAC_suvMmhW[PHccIoHkiQMOq\\[HjvHxKg_a`RSbyRKrF^MoX`lAJlzFoniXZo^q`ZPcdCDq]alWGUJSOgjKKGoZgYlldvHKoTRgOdLU\\u_czdz[eVInETgZfqwKRRNaZbbnC]Ee\\UiQcLZCYRHNmUF\\hsBYhADKhxJXBMXIQ_SjeVqZWtlzKzoE\\GFJ\\gx[Q^deCCAMtyxOCWqRCbBnODzhJEvvGOgearYHmLWUs`GLC`CFPoHteKLM^v\\yGFGeRThKxj`qLhujxofdCqfSGnzWfLdqkYOnZ\\tjsrIaPRhxP]PjQsvPZn__TR`lFiFmZGQ\\uwlLhFDpFCHJwuas^yUfxVVaRX\\aLv^JLooUGkcTkiYRKVpLHNP\\lf^`aKtQe]eK_xxHFMlmVAuPxDWwcPZxgBXaQPnvrSjODNmMXhFv\\]FkkOc^nxiUDh^]aXrqYpvDQgMjQK_uK^\\JvgpChQItdVLWjQfApO]faCZECsMdYnJ`LUbucpJIhBZv\\pzA__EvBpdtMlAoE_\\qMgKVilYAFUy`c_dMtLEuiN^VkhhroVEJadjoedRnGEqhrEQhHnvs[aHyIpeBDaLjQoyzpobPuRoeXq^gWzjBZLjz\\kgpyQj`sGWCFRsTMfyIm^bSRxfDrKPEFy^EHmQebPmQZ[bEHWpoNaNyJU_AefhhqSxGonLZUUb^kQsqWaw\\V\\q`l_unOQzwbEZG^[PUKVZtzkOs\\heEjMRV]XVQsXLEVfvfrlSvQcQACxaBQBRaguMVnEeGFz\\nJU_TocBkUinHwQS_rUzqGfY[YasnGMqQG^rhYMMiAbLxGFY]lFOlzeg^wEvNjNdIs]AYZeGeHRq`Z[TSHWBAxER\\qUlUQzymxDEeFADGzdeioHD\\kdFTMcKnL_cFtlUHSDbWVjNHSuBU[dhiQPdhtfaVtRYaXyNNP]VlahFBWxARbpTcrtoeIhNh]M^EQgkUhnExNwIcJcQwfPnDxqj^JcFcOhOTKBkkNfdolWUukL\\aWRCMY[H[wMLFh]jahoYIraizgzSb\\omxH`MwfBvktQnA[_HOhoNwmSjpdCaZIazIZNxHQmugtiOanh_HsDugbqKoqWTc[\\bTRfbNbzyuubCEEICv_YbEfSacCIQtYRLXGvPHGRasEzmAoGkiUXEBu^hyEyKYiF\\cVexJtupMsiAg``ovXc`BMJ^dNQDHGIKz^JeJJbp[bsJM]BY_KPAFa[VMHTvcriGk_BIWvfmqnFZUzRHMr_xrHEZDoYBqgMdtmZh\\sCd`^KS[BANqMjkSlOc[cFb^dvKb\\`c`dgTpuYUwlyCnLLew\\QI^rNtn[GwbAly\\XhMaVvXTufidCoSXRNFLXFiWm`Uo]nwAzbV^yDbaspdL_Pkgo_PmfnDSyqnpbdrHjhe\\YoYNg`Tc]^r^phzx^JVM^C_IQlyOy]\\rePNAGBGGZ\\q\\zPAtetd`SYyVPQxuaEezBzt`[zr]COmBMDJBlEeEtv`MRrkpEM`VrqZzW\\ZeCG^DgwJLHwJ\\[`GF[gOcOBYqiWKWeJePezCmY\\`Vi`iHCDuRjT_jMrVAigUPmnbxRtq[^UgzHtujSQne]sgQevDndBElGQduxlqJM[oVg`cTwghXtkntGQSWqDq\\QvsrQzlb[dXCDReFSjqxTgsW]jogYZSJdSElhkDxuGxPSlppgNDHMsHdC]UaLFIAQOYlMsYbftDNjcDltyALWLxkK[jKW]mpxwyESEcop\\\\TpuuZYdhMExeFQialJNLIGOQmezYoWLWukdvQaPmmp`kAStne_qfbQSMbeIpYKtqsbkUhmQLt\\YTa^PZkMnQ`aodYXTgYZTcwjrZc`GrNflGryfDUiEMXcQRmGwPZemZHqXrgqrLGvCupilZlQRkVGKTY`g\\cqYdsRyBboX^qtG\\aW]EU^^ISCEAfEYGKVcP]YB_jksxtnt\\AjmCDcGFTQRpMxV]VQT[QqyHUxUee`P_IcAwRWDbO^wMHMRmUVcc[YLJlehFN][nAmgdxZKzNlLnulAIgcPOxhEkXqLhixUmCJLU`ipvLcUiMYPze_ZeMMpThwMGO^QQXZkl`fdynUDUTW^zbLCK_jaqTshc\\ihhSDQnh^Zyv\\rrI\\ARZN`C[GlhsuYhyA]EhWBPFjRDlEODsiirsVJOJeMMRdumFmzuymKlZkMjv\\QWrioKMaocrOvCJpx\\o`xzETEG^wYHJZThTqUcpk``xWDkqIcdnkvV_RS_ehgQHhZYuNiT\\UgEzXBhQTQVUpUZ^xJC_q&quot;,139)" fullname="Open_Lab_03._10.Tests.GetNumberOfCharsInStringTestRandom('y',&quot;V]nbAGQGt_QLe`Vid[P`OGlOZCULpdTNVhbNswSlSVBQKHa[BlOcTKbOl_IylFRQKDqxxIphH^NsF[DS\\uKDUltKFT]ToUANEkGHQd]svb[qxjIQ[p]rvOvYJfseg\\sn]zoUUvBsXRHmQCNVKLsysJSqohyfksMZjhTxvov`odZdGJIHY][[cuvTgy`gxWI`EiDciP[WPTJOjijf`qMNYmqomAQxOObX\\u`YG`YJCDKPkgdyOuHGJuGRrOqiy]HBmmnoIR_zYDLUcbEGWSjUH[NanNbsijKavJ]ysppwVIiGjmjPJkRgnntR_NBukgQiteYYFGNb^nyzmHrB_SiyY_mIPK[fnuLirzNEUQJD]jIApu`WVzWYyRQUsQJugcncbPHmumhNIe]iVmSUfDPo^nk`jsMDHPXtwaZ`nm]dSJQTpbzFxoOcSzEo`cDBadFsNcmpTnbsbg\\U]WkHtGGSAoaw\\fALj[CjDYGMpJmJNWBg_kRIrvI[]mrYBpUinWJHdlQEP_SjTwFenuYkTrTnRcMQaiKzpEWrMuDmZMsTdYGahNeHXdUvCWpA`z_bTTuP`OYtrfQGzAKs]gdTECbMj\\opECN[iRAP_rAYokQlSNwCMw^sWL]Qmh`E[cooYqYhzuUffL_Tmpt]`ldI_UD^oj^qRvyMw]T]pOCScsNLhJ_woD`iygPEmvtQW^TjMRWQ]XhQjR`gHspfLbCOWQNPMOjtVmvF_^yVmN[XWOyhGdxuFOFp[FTwDHDNhnvxV[Hdt[sxHerHR`JdRonHgGeYJCRfKMjcTBSf\\TAfVHiqNLe^x[wszoQOqjZrIMnuuPoPN^IxoIl_YnKyXnikPqd`lDpmuJ]JUnvyXVQZRzErClqC_\\ZU_DfDfP_JhWDefcKfsLbC^OYQlm]zNnNYjIeRHsTHqGmvw[L[bLKSuXrQeVRtn`wuIeu^ys^zsZLW]]URaBXCdu_SQTgmaZURKrnR`h]ihK[[L[oIAATlHuRNGcMeLkZZFuMeiClt`iUZ[EGq`_laGcJPaaLw[s^xkAVQNJZyOZMY`smB\\WEhytT]kwEIroYgLXi[jqcVFnSgVljhnJ\\Enpyrhs`RFQGZB`MIJSSfojcKbgGzMWUiTTtVYrmqQRPohseq_b_\\qpQDNoPAlaEjvYFhgqkSa\\U]Zn^iCQ[fstr^DpIeblFkMasOnwJhqLvV\\neZRby[FYqCbbeqiGloWePsvOvFHnogy]CPLiSzmefojqhLSSzk[Gzq^l_CftTSdKDF`UfAnlBlz\\IFaknonEMs^Lm[JQUtRTK`mcfxhyxjENrBcZ]vG`_`yLcTbKq^XIZgRdSyEpGpG^nPUkrknYnmoebbASV]I[RwnLkzH^rQYjZ[YSyrTFjyVhrhBkymZdggLr\\JAsdQb]TFLGJhT_JClSaGTDxW`ErpCnParpq[]ZXsUl\\vaRYuZevsQVpwvMk]e^DYrcp^hi`SuhlcbBpOfwVXrWQ]zu`QivOqiDEy\\vNkEdxcdNVtW]qhIfa[RT_nJPdzZvt^xrmkjeTOYisl_gtLEaiC^dgIWZbpzyIiUsv_kFy^SRBd\\mP]VYutMqzTLeUQC^P[`KXgkU\\zcLkLbCgeKE[bDP\\^scTGlh[oCbDRUcmAxvRBGnlIxkGyDhWQiuoIAVNukvJAyVPbSZdIyZXEqLIBb]lULnc[oezchWQKelJb[_fdENSO]jRpMMSOKooLnomh[B\\bIMZECbaCqHQx\\TxFSKV[DCAqxxogmxJCmlFQPNmfgQYC^qkZqhVPgA^GMdHEmtQsxOLjOhpFXkonexSGNVpFcuWmNzEfFhsmA`EPeALJrPsvLk]ORArXELQDsZ]OdJzjrCnEsD\\MJgNSC[a^]pUFq\\hpPBXL_wahQIEJwXVO_fNYxxBXtylnputWUyprfQiNF`CtVXaFZGaKNPrRAzS`KmsVOioyc_cOwASXvHB\\YgTiTiIEG^rgyICThgfhcc]v_SNNxZWsxqH_YJC``jsEhvPoxzjP\\UtqJYKB\\vHgHyiIB_u^eGHskYOcCZPykGXdxRUAzAEecLwiNHmZEMeVMAGlKbyBgJwAbFLkJu_dB^Q_\\`Vvhpt^\\BWwLdpYCDyZOwHIvBPJhBTjkbPeMCTqPY_`iO`aEFby`qP`YNAfajq[hhMdTLLzjIJqXbZh]jFcZVKtRkMyCiP`cEsBBvNttbPWgZHqnSIreNAS^TSdyMxBseNTjYfa]MisFnMscVLj`YuUD`^iddugeO_CLoHVhcVY`IMkHZAcBN\\ZjtPKuwxsRBNrPJgoOpBxD]ovSnbJdRfXmESS_x[kf^G_vV[xnLULL_WNEUrHVnOAWqFKrTPRVQRaVQzwSeVXwZLNhFOJFTVsOGIEQQG[vDquMqroUuolXqDwer]lEGLCvZRPHvgC_v\\tcQArO[oK_e[YCLZYnUWprozm`bgZNmN]UJTUqf^dRA^QztMv\\OOJ_gCoQNSgnUwmXyDtsFcIqm_qQinfVlyz^DxiG`DcSrpwDltApTDWgGSmHM_c[gRCWxPTBUmSBzpzwbm`onqChcTWkLauB\\IganaG\\az\\akUgRTpaZyngqPVodsdqnrR`qIZJBfDOnU\\xNgEXVA[Ci\\qQYl^cwJiiYpqItg`ov_t\\nYawnM[nWPrUSIlPI[Regm_Yqw^j\\gHJcU^zLbokivSJx\\qluPg[MOpBtHFrjlRjIhlxflDbfbvl[U[UFmoLAgxT`\\GD\\wBxdcBQjsFJMFofTDb`glmxwGj\\kYYKfAFiaxIsTKeNgfzvsRA\\uaWkKEB^ta`RZv^LzFEVvjL]G`QQGncYXxPEdV_]vfzmeTnlInwmNe`LVuefnlWFxHt]fZcdbcZQkZrmm`ITqpLnYEjilsiKOtp^ZQFjKSLeKO\\vDrtOcCOHvGEbjtsiuPCqdTT\\[ZI_ebdJdnftz[bMehcTM^zR[]kvMeRj_XnJuk]U]uywNyiZhpMwlzOwZrDIqixy\\wVcgXRtKNqS`DD\\nQNWYVx_IrkChU^owA[RdGmP_Sm^IwXVocV`[baGyqZphOMpkCV`dlsg^ysFc[WLZUOEzxUVZUSmgxcPGwnGbsmCjiC\\j\\^_[NVSzHqmhzFOZGzaWcyfgPebbMVRvsgyqoRZcPPzGBYbm^cdi\\FG]rrLdoknm_qoTHYeoayGTz`fqCoEdldZna\\ywGqn_]MbKdOfFxoH^ym^RMUazgJAvWBnfZiikKbrmy[MoJyfx\\wpnxhkmPosTMfoc\\zgPGWTWvlTmHlqh^DZ[LAimyw[Wj_`SgeTJSWqFcYrMTye_xKpILTW[RtRKwwhXLBF^YhVGMUrmI]YzRwY_iXGSNssYEgIflZASsHFQpivr\\dSp[Rsz_IjounP`oxCaLLBi\\GHKqIjz\\PqdaCxmnJHdkMXFr`\\sgVfQcdUUKiIVZjTfwfzmzPmCDXyOjCSQhrTFdaBxidcFAlKAtmJMajsWcdMKeFfHWsicWNCVeCDWhhBRNxUwtGkxyw^zTqScy\\jIDcegknb^g]jvbuxhliOQHkd[kCCok[YLxtOfTiMG_MR]MbYZterPMZASyJvilnnLE^xigRTC]HluZHNIedvFcIy_swhJm_VlZGXjekmbQpnFhGtrwnDHrhdv_YpkeKQymz[Tj__uqTonUtrmCqMz[Ntl]\\KLuCxG_pShfaHYOJR_tpbebChnxQ^`GjqOTTznViO`bJG]iokQvUshu`drVKINRnbwktEvK_JLaBDXwKEJaNdlqITojHYL`AOocKmpjpFXLgGt]MvKFyhDJpFb`QMCFyf`mPplYPZlHLaKBZS^MNFbTKemFKPZcDRNAbGMWJmq_wwxPv`GyjqssEMceCgNzAIEuTJ[TFGC\\PCXOg^KeJ\\tNZUwV_cT^_q_nrDwlFmscnXcCoTx`]cp_Pq[yNFp]m`wY^eWdaY`XcQZCltaKenAvBA_Bcx^zxVqO[J`KxUzEDYvyXYMU_ery_BX]FVAdu`ZN[LbbTVNQowscE`dJkJ[S^rjZmCEbTWJ^yi_MrfAJXbKcJoXalrslEGjd\\IpRRfxYnUdWAXSFJRvwhHQxe^q\\^XZrzvkipjrldlooLBaT_mcmLmwTssgnp]uVvlXFhdQZ[JTvS\\mdx]wlpggMzWqxCEwHqZtZe\\gv]ISCYABWFDqT`J`OFKFQmSXWNMFsbSy]pBPhTdnzVZryNcchueT[VWIJkwoMvIpnFT^^usv\\WGvS[YIedXywz_GZsFwXobDMeEtuFEnCjrEO[pjSoKc^JsnbMDepv_goCiiW_O``ewNHZszDVeceyaCmQShB[xGKLPLlHTnaeDsNegHUEbZRvBq]fvFMa_EgqCvKgNvCqCAuhpHdLSws_pPJYjGMNbzFyMXbkwirgW[sBwppo\\AOcLIAnmmxGioPDuv[Y`sOdEMHVWH]tQYmak^nDWoyKlkxbKpHAUXOcle^zAfXfPDqQCjSWIXCluEsTPaKbA\\_tJJoGzoDlXSuhtg_\\]ksxU]hhmKj[[qfn`xHtuMXUTRUbJKZcBjEPda_g\\HTpEdQahGIw`faPT^eDIG^bkGYllVJyZ[XntbQkAnuCB^DVIpwGw[_VdlFxK_pSxK]EOnWlNuDUM[aMCDdwYDBzvCJH]S`\\ybFrBzHVYKsCWJJILsuHvsttI]ILdPPuUbWeUjLDvO^NLzcmsBveYXaFhMi_qvlJvxhpn_n]gqMhVfiJuWTcUf]xBQwIAhMA]USNRnyTNYxbLsjB_`d[cJpQ\\jn]cf\\yeLLBT[rGYzUvhumIaue\\DmXS_Clbz\\lbxyxzhiiDh^CcoucaxfwhBAvros]RjPGwNnyjxn[sManakp^eZKeU`EaxDFLoMXUYWFVBwtcKKE\\[MUHyVrr_fmXJMAgscfgoMVJfZ\\iabZJ[cGkixMZU`qmehLpvNkc_YgOqL]`tJQwLcwaGQxuVMROWc`xNgnTrreCwsu^\\g`KPtbBkfjePpMSGXrNf_RNVxETxtdNV[ZigGz]B^McxIDBfSw`AgrwVSpRoNDqB\\PpW^fzXVMHRiPNtDifwENic]TTRihnZWb\\tOfHgxHe[jfhCbXl`YuwNaMtKShjhYhvHnUfXazzxcOtrgRkQwNB\\fOTClxUQXxBBjaONmUzZvyeRSC_AxYlLgZ\\`Bcfcei`fMrHGC]_bNbagdBjjZTTyMqVQEjMJjXoMYzF\\vXy[uJxEspwzswIRVbZV]qBTPUsqnUNevOnBVsECtQXOnMRmO^rrajzEWfKaQGR_bREeIGw]^W]LZm`DDFbP^WDLOifjh^mmzth\\IgeIbUUJNofdFH^K_BBKNsWZ\\MpzejMaFEuW\\ZiICux[DCe`AbOyr]NPQKhV`V`_bE^AMGjFSsITuvVYbPzC\\NicrfGQmTcgUZsz_dStsJfzUtUUpOnQV]DUWvJbAYSyP\\z\\CWuywFKScjOxRl\\_aSRrW_cdZlsZqgjsusRYUpUQSllggMQPwoYxKHF_nR_KNk\\vAWDYZDKkyB`emwwN\\d^CNlhnnneDRJCbPqgQJsptehzJb[lrUQjdNZhOiPefYGZoyyVwPfEdndY`l^LSBniA[ZUqIXbtNJ\\^OLLdFpciMFqdBH]KDReeYZT_e`nrEKVdIuRaScNMLznUdkpBvXpv`qEorgy`BkeCjM\\Gpvs\\DXZZfzvtjmwhV[DRq^jfdhK[UleWOjLz_UsIXeIrlEqPoxgPIKPSMMrVNyEuU_fAbxIAcvtLUru`rugWEVNEZsmR^]uZaO^MZpiqpfhNQEyUSS^SRipzQbaiKq^FB[fGUhFCMqbYhAnVuYzLybHrY_vrOAgyIcLpYszfM\\G\\GXRPnLnlrSHZTnhqlNnMKdQFpxwCZTy][glBMfDDMuHp[m]fKJtyiuQ^GM[qOlS^UeygCgdFJkzQ][eC[RsP[zoaVNuALNo[bd\\pnqc^anoxuABgbXVxtDDUqYQomduww`iszoPeiUjgLqfUMOYnrrb_aHzV`olwssBVSIgnIlO_TWIzmwb_KHEEyKSrpuEudmoSpQCDbfeGdCKKyzddMNllowWHqpxOgTubbqK\\t_w`]x\\vAHtpQ\\hWAC_suvMmhW[PHccIoHkiQMOq\\[HjvHxKg_a`RSbyRKrF^MoX`lAJlzFoniXZo^q`ZPcdCDq]alWGUJSOgjKKGoZgYlldvHKoTRgOdLU\\u_czdz[eVInETgZfqwKRRNaZbbnC]Ee\\UiQcLZCYRHNmUF\\hsBYhADKhxJXBMXIQ_SjeVqZWtlzKzoE\\GFJ\\gx[Q^deCCAMtyxOCWqRCbBnODzhJEvvGOgearYHmLWUs`GLC`CFPoHteKLM^v\\yGFGeRThKxj`qLhujxofdCqfSGnzWfLdqkYOnZ\\tjsrIaPRhxP]PjQsvPZn__TR`lFiFmZGQ\\uwlLhFDpFCHJwuas^yUfxVVaRX\\aLv^JLooUGkcTkiYRKVpLHNP\\lf^`aKtQe]eK_xxHFMlmVAuPxDWwcPZxgBXaQPnvrSjODNmMXhFv\\]FkkOc^nxiUDh^]aXrqYpvDQgMjQK_uK^\\JvgpChQItdVLWjQfApO]faCZECsMdYnJ`LUbucpJIhBZv\\pzA__EvBpdtMlAoE_\\qMgKVilYAFUy`c_dMtLEuiN^VkhhroVEJadjoedRnGEqhrEQhHnvs[aHyIpeBDaLjQoyzpobPuRoeXq^gWzjBZLjz\\kgpyQj`sGWCFRsTMfyIm^bSRxfDrKPEFy^EHmQebPmQZ[bEHWpoNaNyJU_AefhhqSxGonLZUUb^kQsqWaw\\V\\q`l_unOQzwbEZG^[PUKVZtzkOs\\heEjMRV]XVQsXLEVfvfrlSvQcQACxaBQBRaguMVnEeGFz\\nJU_TocBkUinHwQS_rUzqGfY[YasnGMqQG^rhYMMiAbLxGFY]lFOlzeg^wEvNjNdIs]AYZeGeHRq`Z[TSHWBAxER\\qUlUQzymxDEeFADGzdeioHD\\kdFTMcKnL_cFtlUHSDbWVjNHSuBU[dhiQPdhtfaVtRYaXyNNP]VlahFBWxARbpTcrtoeIhNh]M^EQgkUhnExNwIcJcQwfPnDxqj^JcFcOhOTKBkkNfdolWUukL\\aWRCMY[H[wMLFh]jahoYIraizgzSb\\omxH`MwfBvktQnA[_HOhoNwmSjpdCaZIazIZNxHQmugtiOanh_HsDugbqKoqWTc[\\bTRfbNbzyuubCEEICv_YbEfSacCIQtYRLXGvPHGRasEzmAoGkiUXEBu^hyEyKYiF\\cVexJtupMsiAg``ovXc`BMJ^dNQDHGIKz^JeJJbp[bsJM]BY_KPAFa[VMHTvcriGk_BIWvfmqnFZUzRHMr_xrHEZDoYBqgMdtmZh\\sCd`^KS[BANqMjkSlOc[cFb^dvKb\\`c`dgTpuYUwlyCnLLew\\QI^rNtn[GwbAly\\XhMaVvXTufidCoSXRNFLXFiWm`Uo]nwAzbV^yDbaspdL_Pkgo_PmfnDSyqnpbdrHjhe\\YoYNg`Tc]^r^phzx^JVM^C_IQlyOy]\\rePNAGBGGZ\\q\\zPAtetd`SYyVPQxuaEezBzt`[zr]COmBMDJBlEeEtv`MRrkpEM`VrqZzW\\ZeCG^DgwJLHwJ\\[`GF[gOcOBYqiWKWeJePezCmY\\`Vi`iHCDuRjT_jMrVAigUPmnbxRtq[^UgzHtujSQne]sgQevDndBElGQduxlqJM[oVg`cTwghXtkntGQSWqDq\\QvsrQzlb[dXCDReFSjqxTgsW]jogYZSJdSElhkDxuGxPSlppgNDHMsHdC]UaLFIAQOYlMsYbftDNjcDltyALWLxkK[jKW]mpxwyESEcop\\\\TpuuZYdhMExeFQialJNLIGOQmezYoWLWukdvQaPmmp`kAStne_qfbQSMbeIpYKtqsbkUhmQLt\\YTa^PZkMnQ`aodYXTgYZTcwjrZc`GrNflGryfDUiEMXcQRmGwPZemZHqXrgqrLGvCupilZlQRkVGKTY`g\\cqYdsRyBboX^qtG\\aW]EU^^ISCEAfEYGKVcP]YB_jksxtnt\\AjmCDcGFTQRpMxV]VQT[QqyHUxUee`P_IcAwRWDbO^wMHMRmUVcc[YLJlehFN][nAmgdxZKzNlLnulAIgcPOxhEkXqLhixUmCJLU`ipvLcUiMYPze_ZeMMpThwMGO^QQXZkl`fdynUDUTW^zbLCK_jaqTshc\\ihhSDQnh^Zyv\\rrI\\ARZN`C[GlhsuYhyA]EhWBPFjRDlEODsiirsVJOJeMMRdumFmzuymKlZkMjv\\QWrioKMaocrOvCJpx\\o`xzETEG^wYHJZThTqUcpk``xWDkqIcdnkvV_RS_ehgQHhZYuNiT\\UgEzXBhQTQVUpUZ^xJC_q&quot;,139)" methodname="GetNumberOfCharsInStringTestRandom" classname="Open_Lab_03._10.Tests" runstate="Runnable" seed="528812405" result="Passed" start-time="2021-10-19 19:34:08Z" end-time="2021-10-19 19:34:08Z" duration="0.000126" asserts="1" />
            <test-case id="1046" name="GetNumberOfCharsInStringTestRandom('P',&quot;DPYQxepcZOHYDqWGPeNQXRwSSAuxEfpfW_Bkzljg^hwFhvVhaDntchklSGxxjr_nY]C`ofH_ubmkVqeXeNWBswCioPXtnmwgIIgKspsvvOyBuAW]\\`S]\\^u]ZUl`ONkIfGbMJ[`oU\\FexBnntvYNZZKfOKl_ETgi^qVnYKSAA^IzYQ`YaxgSp^iMwwxziAkBoXGGfAUidXMwRLNyfSxHhUsAIJr]MSSAnGKAJYnacxjYQlvkizUWCcU[_Gx\\Is]QFMIKAMpM`X_je[jWOGnMyvxKmj]C[RXk\\YSDdkj]KHqeEeqDWbMBEPRJPxXQjmlOAoOLHgn^WRCrFSGItYgtEVfLHJofTZmYVcePVewknjfnN[EwrPWRFsJfIDEyrIKx_d\\^iqmP]wGVksxgFrnDC\\S^YyGS`xtf_hOezaOA^HpJlovQFYtzUGvDQxEjkZj_D[qDdTg_dnaufJleDqMHEtRXlLTB\\`QDXQGQxsgmlUWaaAXGM[ftMcZJJZRYzfCE^]^VD[gLJ[Vj^krkoMpBtWqoqwH_aOmGSRDD^CDln[kmNjgZbaenpBKGfi_GTIevhOXLgnNlJDNZgEbHQhwAezQQHwXp^wYfppEyR[mnTsdlnl[bGXqfMeRixHEjWYOMfcdqzcppvIglV_]V]qiGGmYL_VAKWCXueXGLIdb^bAkDx`TYeiN`kHFtJXSdceZsllHxYRNsOK`GCVNyCbahprK^RMBkRxvxasSLXVAS\\VRaczrnKUbADlCtbegMP]bROb`JDCbhbNMZaeuSVOaxWvtppYenioDzoARA[hkHmtZq`dSwjTqBweuTikUeXoynKNfaTush^YK^]DPMGhDVxBCKFySjTFjyuffSxldp\\I^^ZXre[H_kkdpIK\\\\UcIUXiLdqXxOUEOto_`kiHhPLbzOQp^I]QONSoFpOoAN^tJf]kBeeknNutIqixSAtomEqAaAYk]tGZlSYUl`ot^l]ASZfPGR\\zUjGEp\\JBLuOtH\\IqYULmMzQAbpiHUJdLYGFCLT`PWnid^dtrRormFinUYG^znCgCQD\\AVFeEovWZRh^yvqp`RrFjTkeFqa]TGgTZIt\\LKmxJRTCkc_DwNGkYxlgf\\`NOZDSfUDpCUdV_tvYAht]R]`GAvu]XNqke`jkOBXW`jBcdkL_BSfxbCvmtxSj[bYo_tlzKLKzQ^wc\\x]PkV[EbtIbdxqQihwyQMDkzLUqIggEFTRw[CzEGTNekJWNUtQcbyROtmQ_AevuME]QgupgirrxzZzqpH\\OWE^HBCCim[D]XSXghFa[EetjGUP[n[jtIh_IaUOdrHuOnV`gBTIjaBKmKnBhncvSkKUkoPFSrxcwkevlpdZZRzTH]mxnTbqPMb^dBoslOqsdYNC`s&quot;,17)" fullname="Open_Lab_03._10.Tests.GetNumberOfCharsInStringTestRandom('P',&quot;DPYQxepcZOHYDqWGPeNQXRwSSAuxEfpfW_Bkzljg^hwFhvVhaDntchklSGxxjr_nY]C`ofH_ubmkVqeXeNWBswCioPXtnmwgIIgKspsvvOyBuAW]\\`S]\\^u]ZUl`ONkIfGbMJ[`oU\\FexBnntvYNZZKfOKl_ETgi^qVnYKSAA^IzYQ`YaxgSp^iMwwxziAkBoXGGfAUidXMwRLNyfSxHhUsAIJr]MSSAnGKAJYnacxjYQlvkizUWCcU[_Gx\\Is]QFMIKAMpM`X_je[jWOGnMyvxKmj]C[RXk\\YSDdkj]KHqeEeqDWbMBEPRJPxXQjmlOAoOLHgn^WRCrFSGItYgtEVfLHJofTZmYVcePVewknjfnN[EwrPWRFsJfIDEyrIKx_d\\^iqmP]wGVksxgFrnDC\\S^YyGS`xtf_hOezaOA^HpJlovQFYtzUGvDQxEjkZj_D[qDdTg_dnaufJleDqMHEtRXlLTB\\`QDXQGQxsgmlUWaaAXGM[ftMcZJJZRYzfCE^]^VD[gLJ[Vj^krkoMpBtWqoqwH_aOmGSRDD^CDln[kmNjgZbaenpBKGfi_GTIevhOXLgnNlJDNZgEbHQhwAezQQHwXp^wYfppEyR[mnTsdlnl[bGXqfMeRixHEjWYOMfcdqzcppvIglV_]V]qiGGmYL_VAKWCXueXGLIdb^bAkDx`TYeiN`kHFtJXSdceZsllHxYRNsOK`GCVNyCbahprK^RMBkRxvxasSLXVAS\\VRaczrnKUbADlCtbegMP]bROb`JDCbhbNMZaeuSVOaxWvtppYenioDzoARA[hkHmtZq`dSwjTqBweuTikUeXoynKNfaTush^YK^]DPMGhDVxBCKFySjTFjyuffSxldp\\I^^ZXre[H_kkdpIK\\\\UcIUXiLdqXxOUEOto_`kiHhPLbzOQp^I]QONSoFpOoAN^tJf]kBeeknNutIqixSAtomEqAaAYk]tGZlSYUl`ot^l]ASZfPGR\\zUjGEp\\JBLuOtH\\IqYULmMzQAbpiHUJdLYGFCLT`PWnid^dtrRormFinUYG^znCgCQD\\AVFeEovWZRh^yvqp`RrFjTkeFqa]TGgTZIt\\LKmxJRTCkc_DwNGkYxlgf\\`NOZDSfUDpCUdV_tvYAht]R]`GAvu]XNqke`jkOBXW`jBcdkL_BSfxbCvmtxSj[bYo_tlzKLKzQ^wc\\x]PkV[EbtIbdxqQihwyQMDkzLUqIggEFTRw[CzEGTNekJWNUtQcbyROtmQ_AevuME]QgupgirrxzZzqpH\\OWE^HBCCim[D]XSXghFa[EetjGUP[n[jtIh_IaUOdrHuOnV`gBTIjaBKmKnBhncvSkKUkoPFSrxcwkevlpdZZRzTH]mxnTbqPMb^dBoslOqsdYNC`s&quot;,17)" methodname="GetNumberOfCharsInStringTestRandom" classname="Open_Lab_03._10.Tests" runstate="Runnable" seed="633764106" result="Passed" start-time="2021-10-19 19:34:08Z" end-time="2021-10-19 19:34:08Z" duration="0.000056" asserts="1" />
            <test-case id="1047" name="GetNumberOfCharsInStringTestRandom('i',&quot;KI\\AlqMOCRSzPGSkIHRjAkhL\\HkiOkYvDjgHkbmno`q[wqc]G]tYa`rZ\\P`eG^zStXva[LAbU_v[uNPe_NcmqzV^rNf[BIgQa^a_vBCu]SDBeW_OAvFsvN\\uCXiN```MseuWgki]LiP^vTt\\iX[FCoVSBg]^SoUxnrIA]HbPMcgMyyyi_N_IEZKDObUANLKWTRkEKszbqLtZHJUDhoyFQMtThElumbBBYPsgOu^fOwStakwFMRSYMFGHYXWGGEpOJsBsQionRTqTtzmwIgh[OcoTJkOr^X_JHDkhjEo_]_HtOmOYe[x[WUAaDhi`[xQuogMqPENErIxk\\vEW]pMDZEnnDJeBVPE`OMEcaXI`MtcNWPEIcRCekM[ktYmG[LicEY\\Oq]qEghqa\\`XnE\\YDMZoBmUiHfCEAKAJxoqSG\\xyDWtOUBzBzneVeeZ]\\niZdcqW\\VZzOJScP\\kfsGUGfBFN`f`TUTqSm^V\\`^nybAmq[CGItodVZcob^drqqGevTzqlGPFUSW_fPPm^_WZ`j[tJjnywgxI\\Vr]\\LVCeiODDEISNrURZhELsGhBSRJiVNDPYmRRJUor\\XpFb\\kFSfioQgdU_UjT`ahpBtt\\`CIFsNj\\Rb[raDWj_OymIwmpe\\SujAEibP`P^dwDwIDwusm\\JyRmuHScQS[WuplR^mPR_HLuSvqAtpvmjrlliRn[wwzKI`IHWmZHc[wCmWZyRSj[XigDDAcLypUbHAmmmidHWnKOuizSsoIeN`m[tFDWJNJmGUuldgMcjbDe_XIVAPTJhjUcNRthfMxJdYI`nNiLc`vf\\Iw\\wiVutAEWAS^Sm`x]duBFPcbnaIaHoiHFVYkxrDPdTl`\\jWYDcYCbGqLTGcTlZxcSKYwUozfaeYm_DGDKj^`Vg`y`MWrOj^JWJMQR[EOcn\\wiDhPA`JCwYMgfZXHXIWrHOWVqpmjfOwbKdP\\`Hqj`\\NywafrCwq[Weo[hRYKnZWh\\e\\BJwbQShRfBXYQJuhiY\\LaopnOifwGEa]SFehGV`IjTJZPtIAsmiOzZvMUITcgkLa\\vFK`MbTsT\\MfV^U`eDTWR]tKXTxBw\\yIcyUnx\\gLUWgxiayfyDBhrKJZMAHseRwr^EDXJabJWIBvqv\\rURDt[RQYovaxTnaD[o[d^b]X]rQiIOcR`Q_SOCXLnfdOzeqcbx[C[sTnpfWdAcP`SPYCPOpXWOpsxOXsBhGKnaqgxk]cgoKLVDvkLnSTIDfLC\\pbN_cT]ElmYlF`lMlcEe]uShgNUnCkvee]uvVHMrjQRJR[inbvSCHYyvO`sUyjCBrnHdeqrdWMvMcJVM_bLGYs^L^zgpPrszNQS^SFIkEigu^lSFJfqX^wdyQvFfKBU_TvyRrstZY\\CjLcimgbfdB\\]RhTNXz^aCUHbbmBNRmWzCttmiNTzcVk^sYhe_f]ZvuzVEBGzfTUqe\\[Xna_Kg_xgddiJFXjgQwEHt_igGTTPButXyPqxGRnWxTl\\TxtOdhahXT^OssDSKiejjRKqamayJhKanNTI[FfTTMzelbFOO[MOiClCmDhrHb^kJx\\e_vsECRV^RaEygRki[vsk]RVWXoLmiO\\oF[jScHMXgNkMziKpqpPNFkIM`\\gOFcpCEPsMcYFSj[EObJXidVwtyNjVR]nG[yREYhHjpyNYjx_egufWEyejgwDqa^uFezrkIAqtBhtfI^JBiEiXqWC]TcX]dQISDInkFo\\gDmVXEzbJmCH]p^OOxVWacUPk_bbzjZwudBTEBeXUBOjbIg]at`nkXvEj]es^XbZSFNsnKJMSxC_UeibsEBFKgM^ixdcWmtx[oX\\vniVkS[mUWjEnDzZW\\PftjKqaap`DFE`MMfEVfVrMZIRN_oTm[ay`mcMdspJ]vjPSJsaXvDkGXZZatcBl]mc_FA[eY\\^pLUQktzEgNvrXqsISIgkPnXAIGlMJXwz[`uuCIjhu_U_avLiNsH]mlNCoUIdHmuPRwXrvxFKYzplYtZMvDzRP[MiSsGhzG`HdFMe_TmPmxDnv]duvwhDndzrji`CrXLRZiHTgoibQj_SWZnpPLmDY]UAFVupokYVlmUNUQNGNGmEFh\\QujnfeHswTHNRusnaQIaeEa\\zxgpSjQvYuduExmketXtMCwLUSMnwGqMUNoiyRaNDMpXRxid_YwkhgOwB[[z^]zRDXaqIElSSKpAN_uXecP^KF_izrg_rajbM^UtXr[ZgdY]qNj^`DVvN\\HxsrrRYN\\m[OojJAzmHpqahCrlHIynLoTlWXB`AJBZIgCcZzT_EcnXeaPqAGJPOiaguCSmzZmyoXYBzPRHpZicBwGqHK`uzlL[FWhXha_eqocNINqloB[ozyeyw]eptszDMxwdcu[OuElNUshuUoFxRW\\Hlj[Kvjlyo_BKRMJuaLtvMXdEok\\FmBlp]pssZQTLSnYpq^cHfKWG]auUFWVKOfLmmMh]UQ[QricYzoNRITZcffTwu_nDuIwhcfCepGmVkGOnx]URIECuLdHHslcq^WVjmuqTld\\CaEr`X`yXJ]vpGB\\z_vlE^wsTk_BCgB``dATHlcjTmKgA\\`dkZqpqrW_eM^os^wlHwVMGhUNvLYSTPrsKvRdpLiiM\\juOnrqqY`EGT^CFdtfZELUVfdxLSwvOhzeyZyHUc\\uknmrYO^LSCOIQV`dKte^\\dpYTsEgemRrcQdcsm`xpldLYrUdtVx[xyYHxT^`Kra`lX`zlxkXUhikzez\\_[nPoqtdr]e_OzmyKEZBRVsveaFQQiITTCBjDRku_wHOTLIVujavKyKJcseOlcTJURLMyCutT_]VNdcYXkVaHMJUrrHLg]JvcyuCAwWspgbf]owzPLrAMnBHIqUGviMrVanOi`Y[U^l[e^sDvHv[eIjpwnuKbPxG[kQvBhQknWgjCa]exRKnnlMMrxRvfNtEaeAuNwCOqLgN\\AnWQPMQFJTi^DEDVVEa^cIX`cXAPwxbFykqKvfWAczWRSXJsyt\\GGktrVqisLBIMld_SNsZki`udmFNLNIQC][yOrzpFw^pbqKaisqfGZkYbqPFPc^eDkGjQeQ\\ODUnKkSmb`_SX]KdlCXYbu`]Ztlqk[PDcVXCExNr^^^kEKNaa]yONstU_sURz\\CHP[kBFH`no`uEWoYOgKQO\\Bqj\\C_MdwsB[V[d[L\\YxLZhxoxj[FfoLofNeA`CdSJshtdAUoo[jsQQcImhFol_QDqgkMyZfYoeBbAELwVfRKFT^Vf]OsxobfbeDxQHqUoQDgPAIi\\IZGMFx]IUa]Lm[zDVAVAOgNpwWoQrGfUaWoV[Y\\haovaTJBpDdtAmhN]MRQjIMROvHeVgecw`i[Zkh\\mUyMOMfbsJSJIIl_T]heM_gJZAx\\EMnm_q^VJzDBQalMT[[onJGxCCPOipnOPK^gVaeSeVUUZfUfmZqy`IhuGqj]bPhUMpmGDFrnqIJYpm^Xid\\OypiG]ca_rHkUhzIdsNchcDHXzOFTTRoyoZVWHgd[`SwiXolpeu_[BogviQHO^ML`SmaOdl]MdHHPGYzK^PjYnUxzm[iq_VxSHWWfO]LsXRqtgWoPQxlN^mmypa\\JDfhOKoIkCUvADqB\\^DSVfY`bejpUeXqhBCplecjsOENwBkKhlQ\\lNF_eFFe[znFf_NzBAPrvT[HaLdat`IdUvE[v^Kf_xPs[zbYnlIg\\Z`XmyyZ]_kvrKljZnD^qdSxEbgadLnIW\\HuWghx`kJzMTBPOsyzhepsHcSKRXpRlc_VDqTnGGyF[SllaWSlNn[lgPnoT]fIvsOdogMX_LtbgjXoqbeuEEExHnioD`Zd[pKbEHwtKuMButFwryxlrlDroQ]ByYUzlPHq`pjjflkKrCDOimxEbhmimTnofvvm`NQelOXBOOGFAtzmMNSL[QXD^YELCvDjqyeelY^ZVwpTbgitUBbYcjRPpMHSKLyTKWPCOUAojsq_[D]qkKrAUfHGhUo`QKPJx]IKXgezBnijsmpljRczTyz`PIUt`\\^`dgbyuSZD`szawXNv`DpzbQqz]dvORkZaQJGMKqqXr_Z[yYcruZU]f^xTqc\\RWLmoZZQnRBkiMXICqVAEADTrWwunLnVcV`AgmeB`Io`sjfPNVv][cXQSruY]_]c_gIShX\\QLT[vM_[IkggYPQvzyOhprM`BfMBMaScqteRGH\\EoWlhprESOlIUYjgYyoZPz]OcXEq_fyos]KtYG`jJbtn\\XyKHNMSSiLERIJPlBahPxQrOqNSZEQiGjmKZuiRYf\\KRFbQwPyHBL^_HGvRztsOX^ycVyqrTOPd\\GaJOwVKGIhuMODSyXR_mNmnGzvyZHomwtCAamCD_iHPpDVGu^svxkqOUmCPAXlyTvxSLDmMUNAEF^xCdoDvOsoMCognjmCGxJvuFDvrlgbjjmIqpzgLTqk\\HlPWWy]bLtGwcDx`tLJcRE^QgpykGqmHYZnUn_\\nJz_pfLOmCHSIgIJCOzkaAm\\UGz^IPclUkWYSahe[aMhz_e[QQkGoounX^JifhG]ZVxXQjr]bVPznE]q]_Ns_]x`qdBoWyym[jNeaNKbYO_Y`uzSASMH[OxxXXaghCFcW]`EqsQOUgZPx`AwejnEmrRLmQMJg^tVJwBCUv\\ICymoohzsWeCxPBq`KTRafGbqmEGA^ybiOfBnE^XEQUmB\\wGIG]rAdu]vWwCkbyUYDTjdzC[hwNPRUaVqyyuAHbFTJFXI\\g]RzUyHM^IEBJDVeKbqaMmdEUQ\\OWZteSMQkyRAbOd\\pqzx^kiy_bcOutNfD]tpDPZjxnegtaOScRoOVTy^i[UCjxWrlfxEVoX`WPAjFBFyTPgcFyQj_VGcuXzzXnvNdKwntOrFSOYgVWj[RnlmVNaAhpezPASRGrVISsjrHKWPw[M_h`idBIsVewGEdsqSvGa_AaHYEueKqQDNcGRjSiPxyz_WmeNPUETpth^GYP`H^i_Tts\\^aGzNqcaAClgZhVplwNTucKRDJIZP\\K]tIkjOFGzRH]EhcF[ItnWf_auVovDiIQ`rOmRwgagqOCnGGd[EiRVinrVcqT[JDRIqwMZqo^\\TGaW]noPK\\zzqvrEWXiGTG]nxtxJtKePKpCbM[soCEPiDRRvFICZFXINenZcqeWzqjoBsQrv_tEOqnjgbBDkHKKnhpwZBPyXiPrU]QCpRHuLTtXrEnBobfsf`BTDTXtOvgaavVJQyOYAQy[nYFUOOKqCXMo\\wz\\tNfQgSqwjdkqSNrVaaafODeAlq_IjahTzn_meio[bJfe^U^paqNvWUMqcf`pohMIwWr_iElsmFDFXz]XSjcsSlxebiJyJyguw]iH^yG\\FVIQQGYdJI^EETpKZMxAumjoYJJuRUtTdHnxcgT[PapB\\cpch^iQAGaSgUrHx_RoOJ\\xasbms^kTxiSqTaNogdT]a\\ROoM^lPAmSGsCovvY^VMUxCBoWQ^IfpyWFbTygAzExvAj[_YslKpHTGTLnXG[lsH]I\\xNbwm]VIXCBRTrreW[zrDyNHLOt`SFn_bybLQoYTlLiQK]EPcH\\h]RYyz[l^dppSP^jUQgTcBgFrPxxjJexLdFBQ`cLqCvkwWWBgmjzvntgpLbiC]CTysdjJ]Zoh[^`GwJ\\tvRw[fBYkZMEyuJUzblDmhsKTuS[PTasCFpGLGtTqKyjPUpmRIa_LFjMDGd`TaIWsTBtECIthXMbiIuyF`JHnBhxWdDE]UAQBcrwTwiOzgqnsH^uMf[nWBdrgE^\\zEWTXwaFRxfIrvHGKtEPFIsrtMtAyzQOZMOvP^WwbXdOzRw\\t]gnzNWqL`ZKC`GRhWjegLrh]Iih`ercPYG]T^PLpYkkEMuBRRadcSohfzQr`jRahrueZeyKH^pO\\GdPOgWOEOzxdYqUMYfGGJCMRPbgTW\\F^aM_VBcsTC]ZrxABndxiriHREWxyFjuhmu[DLRyLpmnEhdUUPasjYnNoYu[zDendIogx]xp\\fmtFvDe[Bdj_rKPzggeRryHLyJwsxXsRlWEftHsVQAy[vOmx`gQqS_egeiGmHl^ekXn[GdF`nPArAhPkXyTQGCzMlYALBGO`]Tj^\\RrvblCD_nfwYWVIXN^iXaihcu^hB[UgylPFHYiUzviymDnelFIPpAGucJShNVCDYyygHPAz_Jj]rku`GtwvSFrxfU]yFBGetf`oFG^\\FJkgReCsOnaUYGlTHAAmnBt]CEcMLGZAV[qIUKfBSejS\\lLnuLgEGkiDQOdNBpgIT`zyQczxUy[ISaAQsoSzZVufmmsFaYA]xbyvmN^RMjjHQ`ljOTUM^hiyfUL^jtWwyxLkcE_fRBnkfmUMBJrNEnzQsAQYBzbSSnITUBHJoiv]uyStzz]aBJrLxvrboFeSZ[XseAszChYVr^WuiXYC]BRJwwWYJ`VjEcCZa[PyG]^Tk\\TZ`wtXgbpYJNwheZq]SjRO\\wUNIZvA^xZ[dwtMgyC]neQS_bUhgBBBJFyccfPMgpuMo\\Eh`dqUgo\\rfBjaFNT]vXQ^yQeBjqqxjE^C^hHCKgVVdGwaviHY\\YQXKaiOzofpy^Ib^gCYFRRPCvusTDGAjX]QoGsxytDWB`WGyVDOgiSKGAVPgquvifGaBrnXoEZMOvN]_ntyArTAFSJnldRIyHhWYqFHbg[bOFwLnskswwvrRG\\jhAfLnROGNrEiimWTXllzVyAssYLBLqERVWZbAOoxqpxvoCKK`cZ`V\\TjznSUGNvXmmTRSoTIxoIaAEEqOA\\dW`wtDkcNw[qduaIBisslORcaSmiui]FGlSANpZObMGM]x_g[wCHWHkUFwWaQCh_ZUksc`vMPdR_IEFcoGOygUjyAxvQZty``cmINgDvApsmqLMArnmJoirEelsedenWemzaSwUHCTyq]wIolvZfGpkqkh^]nZRVC]HDMghuYeG\\kBcicDthLHPpBIqeZsTdBcnzoEcFN`M\\iPGiFptk`dKuMRCDqD[aQ]ZHNct_\\o[gvoHlCH`eydDXXtn^C_PKEfKLqy\\]wVOlJ_zYKQBi_qchZBkUpW\\w`PbPdvvDfChcUSOstVSm^agND^moNGh`uRMuxkoPUxC\\IzSGnr\\[DjZydULGJHp`VHiCGUvJaDXa^KEEKfAWfN]KsNQc_iFNH^FAQPAZwRtASt\\YPGv^GZtIf_KsDSerxJYzFDovebZTT\\symsTXncHhdwVlEIVdhCDI\\\\TLSzt_A`pKgMGLzMEVClVIiCq]LpgQYj^Q_HFnichEHKFsBKe[yhGjFK^PJXTKt_mxiqgsHQgZERB^wy[BLMSkcnKUepeRP]LcYIJL^mShBhfoJzSLwSygMBUvfSNRgUKbGYFooO^ZtfjvHWLe]YVw__WXoO`L_AAg]Ehku_Xhp`naSYnPHdpOzNCcChA`jRvsfCYDi[kxBhHzlqEV\\QEuLmgOBFiM_ry^duvPAjagtrMSGDrMcfEYNAhtVJBdm^ZKieVqvpUljXBT`UIyN]dtnaPdNCtqhwuVXCd]iARnQSiqyTTBBDVQuaXIUmdtv_Dn^gv^kgPNLpc[rZetisoeae\\re\\HvXYslOvSSXpQUnIFExwQvHjKCjZMsKEsP`UqmwrMwGS]tc[qY`XtiKMoiNqBoiZHTwApZSSHGjUooMQZPdoTnKKFS`I_GpYNgLJxceWFMPnzpXz\\xWlLuFTImu]uKnAQRHHdDTrfNiH_WKQv`gbkENTarAKhH]vZO^hiPWXe_GxLyplbebU^LQLEoblCIK^knhPt^bfJPxLyPHbCPdCaHXNyRdtieU\\UcNXQ`sDCwLOOFNpgzjn_HxdW[Rbthw_u\\qVCkQ]W`zdvJzsDnNjvaxMedAqOQJUzhTmPsnviMWyITiN[Y^G[McU_dkYj[NGVeeOqNdLARBjKyERunWqmDumEzNfHUMOyQc^j[WNoSFILtKa_Z^vDWUSjrJrzyEgFnktVab[WIC[ylbKphGhqQKbwQnsQ`NqNZDYJQLxsD_uUuTxPyCSrXpocIxEnjKqvLM_iJB_]IpnlPNBxpcR^vyqdOpBSGKIthzIhoPGx^qjcCCSvvHxHsTzNVv[TzMVxguEQEUIa]UAFPObL]GWzNBBUzvStpmyR[lvHyCqbyWe_SuyGTOqtpWketjQIBOljWje^T[N[PpAqW]CFxMabvE\\EBROPliajfvHcQ[ntAWdAVtNWhLLoiKnRN`]BLyibOQK\\VZo]Zha`\\\\jHEsba]lB\\HqUlxlhChClEjmBNWiVBdOqmqVxTWHE^PjT_ED`hz_rYjeYRrTKoVzstAcvcoUf`xOoAY]JSJiBFWXDLxf\\CxQHPq[_]IxtfsS[\\pYtUKsfhym]c`jeIsdchG`JxyhKLoWNEwcV`lHsEe[RExvxYSkmPjmUQOwV^iZsc`YgwTFWkk^DgNFzDkltEdyUJOFQplVWLbi_`PAEMUB_LjhCJwSmw`ozbD]iOoazVHrF`a[okggjbZJ[aCGtYc[fnjw\\mRqYnCIErc^d\\_CQtEXHuCILiganhMRpdzBYqOw_REcy`^Yu`JmiRpakIejG]UXfQhz\\^dZeIspqZJfKOfN^Zd_oZQQL_pCwhxhs^wXwjI`YzkQzz`sqHuLhJLCMTOFTqtJ]]nhSORnRDFpizRLzxMpnlAiStLc\\CMcGao]Ls`bpGtdDWTMCCGWdDWl\\EUYDjSPq^&quot;,165)" fullname="Open_Lab_03._10.Tests.GetNumberOfCharsInStringTestRandom('i',&quot;KI\\AlqMOCRSzPGSkIHRjAkhL\\HkiOkYvDjgHkbmno`q[wqc]G]tYa`rZ\\P`eG^zStXva[LAbU_v[uNPe_NcmqzV^rNf[BIgQa^a_vBCu]SDBeW_OAvFsvN\\uCXiN```MseuWgki]LiP^vTt\\iX[FCoVSBg]^SoUxnrIA]HbPMcgMyyyi_N_IEZKDObUANLKWTRkEKszbqLtZHJUDhoyFQMtThElumbBBYPsgOu^fOwStakwFMRSYMFGHYXWGGEpOJsBsQionRTqTtzmwIgh[OcoTJkOr^X_JHDkhjEo_]_HtOmOYe[x[WUAaDhi`[xQuogMqPENErIxk\\vEW]pMDZEnnDJeBVPE`OMEcaXI`MtcNWPEIcRCekM[ktYmG[LicEY\\Oq]qEghqa\\`XnE\\YDMZoBmUiHfCEAKAJxoqSG\\xyDWtOUBzBzneVeeZ]\\niZdcqW\\VZzOJScP\\kfsGUGfBFN`f`TUTqSm^V\\`^nybAmq[CGItodVZcob^drqqGevTzqlGPFUSW_fPPm^_WZ`j[tJjnywgxI\\Vr]\\LVCeiODDEISNrURZhELsGhBSRJiVNDPYmRRJUor\\XpFb\\kFSfioQgdU_UjT`ahpBtt\\`CIFsNj\\Rb[raDWj_OymIwmpe\\SujAEibP`P^dwDwIDwusm\\JyRmuHScQS[WuplR^mPR_HLuSvqAtpvmjrlliRn[wwzKI`IHWmZHc[wCmWZyRSj[XigDDAcLypUbHAmmmidHWnKOuizSsoIeN`m[tFDWJNJmGUuldgMcjbDe_XIVAPTJhjUcNRthfMxJdYI`nNiLc`vf\\Iw\\wiVutAEWAS^Sm`x]duBFPcbnaIaHoiHFVYkxrDPdTl`\\jWYDcYCbGqLTGcTlZxcSKYwUozfaeYm_DGDKj^`Vg`y`MWrOj^JWJMQR[EOcn\\wiDhPA`JCwYMgfZXHXIWrHOWVqpmjfOwbKdP\\`Hqj`\\NywafrCwq[Weo[hRYKnZWh\\e\\BJwbQShRfBXYQJuhiY\\LaopnOifwGEa]SFehGV`IjTJZPtIAsmiOzZvMUITcgkLa\\vFK`MbTsT\\MfV^U`eDTWR]tKXTxBw\\yIcyUnx\\gLUWgxiayfyDBhrKJZMAHseRwr^EDXJabJWIBvqv\\rURDt[RQYovaxTnaD[o[d^b]X]rQiIOcR`Q_SOCXLnfdOzeqcbx[C[sTnpfWdAcP`SPYCPOpXWOpsxOXsBhGKnaqgxk]cgoKLVDvkLnSTIDfLC\\pbN_cT]ElmYlF`lMlcEe]uShgNUnCkvee]uvVHMrjQRJR[inbvSCHYyvO`sUyjCBrnHdeqrdWMvMcJVM_bLGYs^L^zgpPrszNQS^SFIkEigu^lSFJfqX^wdyQvFfKBU_TvyRrstZY\\CjLcimgbfdB\\]RhTNXz^aCUHbbmBNRmWzCttmiNTzcVk^sYhe_f]ZvuzVEBGzfTUqe\\[Xna_Kg_xgddiJFXjgQwEHt_igGTTPButXyPqxGRnWxTl\\TxtOdhahXT^OssDSKiejjRKqamayJhKanNTI[FfTTMzelbFOO[MOiClCmDhrHb^kJx\\e_vsECRV^RaEygRki[vsk]RVWXoLmiO\\oF[jScHMXgNkMziKpqpPNFkIM`\\gOFcpCEPsMcYFSj[EObJXidVwtyNjVR]nG[yREYhHjpyNYjx_egufWEyejgwDqa^uFezrkIAqtBhtfI^JBiEiXqWC]TcX]dQISDInkFo\\gDmVXEzbJmCH]p^OOxVWacUPk_bbzjZwudBTEBeXUBOjbIg]at`nkXvEj]es^XbZSFNsnKJMSxC_UeibsEBFKgM^ixdcWmtx[oX\\vniVkS[mUWjEnDzZW\\PftjKqaap`DFE`MMfEVfVrMZIRN_oTm[ay`mcMdspJ]vjPSJsaXvDkGXZZatcBl]mc_FA[eY\\^pLUQktzEgNvrXqsISIgkPnXAIGlMJXwz[`uuCIjhu_U_avLiNsH]mlNCoUIdHmuPRwXrvxFKYzplYtZMvDzRP[MiSsGhzG`HdFMe_TmPmxDnv]duvwhDndzrji`CrXLRZiHTgoibQj_SWZnpPLmDY]UAFVupokYVlmUNUQNGNGmEFh\\QujnfeHswTHNRusnaQIaeEa\\zxgpSjQvYuduExmketXtMCwLUSMnwGqMUNoiyRaNDMpXRxid_YwkhgOwB[[z^]zRDXaqIElSSKpAN_uXecP^KF_izrg_rajbM^UtXr[ZgdY]qNj^`DVvN\\HxsrrRYN\\m[OojJAzmHpqahCrlHIynLoTlWXB`AJBZIgCcZzT_EcnXeaPqAGJPOiaguCSmzZmyoXYBzPRHpZicBwGqHK`uzlL[FWhXha_eqocNINqloB[ozyeyw]eptszDMxwdcu[OuElNUshuUoFxRW\\Hlj[Kvjlyo_BKRMJuaLtvMXdEok\\FmBlp]pssZQTLSnYpq^cHfKWG]auUFWVKOfLmmMh]UQ[QricYzoNRITZcffTwu_nDuIwhcfCepGmVkGOnx]URIECuLdHHslcq^WVjmuqTld\\CaEr`X`yXJ]vpGB\\z_vlE^wsTk_BCgB``dATHlcjTmKgA\\`dkZqpqrW_eM^os^wlHwVMGhUNvLYSTPrsKvRdpLiiM\\juOnrqqY`EGT^CFdtfZELUVfdxLSwvOhzeyZyHUc\\uknmrYO^LSCOIQV`dKte^\\dpYTsEgemRrcQdcsm`xpldLYrUdtVx[xyYHxT^`Kra`lX`zlxkXUhikzez\\_[nPoqtdr]e_OzmyKEZBRVsveaFQQiITTCBjDRku_wHOTLIVujavKyKJcseOlcTJURLMyCutT_]VNdcYXkVaHMJUrrHLg]JvcyuCAwWspgbf]owzPLrAMnBHIqUGviMrVanOi`Y[U^l[e^sDvHv[eIjpwnuKbPxG[kQvBhQknWgjCa]exRKnnlMMrxRvfNtEaeAuNwCOqLgN\\AnWQPMQFJTi^DEDVVEa^cIX`cXAPwxbFykqKvfWAczWRSXJsyt\\GGktrVqisLBIMld_SNsZki`udmFNLNIQC][yOrzpFw^pbqKaisqfGZkYbqPFPc^eDkGjQeQ\\ODUnKkSmb`_SX]KdlCXYbu`]Ztlqk[PDcVXCExNr^^^kEKNaa]yONstU_sURz\\CHP[kBFH`no`uEWoYOgKQO\\Bqj\\C_MdwsB[V[d[L\\YxLZhxoxj[FfoLofNeA`CdSJshtdAUoo[jsQQcImhFol_QDqgkMyZfYoeBbAELwVfRKFT^Vf]OsxobfbeDxQHqUoQDgPAIi\\IZGMFx]IUa]Lm[zDVAVAOgNpwWoQrGfUaWoV[Y\\haovaTJBpDdtAmhN]MRQjIMROvHeVgecw`i[Zkh\\mUyMOMfbsJSJIIl_T]heM_gJZAx\\EMnm_q^VJzDBQalMT[[onJGxCCPOipnOPK^gVaeSeVUUZfUfmZqy`IhuGqj]bPhUMpmGDFrnqIJYpm^Xid\\OypiG]ca_rHkUhzIdsNchcDHXzOFTTRoyoZVWHgd[`SwiXolpeu_[BogviQHO^ML`SmaOdl]MdHHPGYzK^PjYnUxzm[iq_VxSHWWfO]LsXRqtgWoPQxlN^mmypa\\JDfhOKoIkCUvADqB\\^DSVfY`bejpUeXqhBCplecjsOENwBkKhlQ\\lNF_eFFe[znFf_NzBAPrvT[HaLdat`IdUvE[v^Kf_xPs[zbYnlIg\\Z`XmyyZ]_kvrKljZnD^qdSxEbgadLnIW\\HuWghx`kJzMTBPOsyzhepsHcSKRXpRlc_VDqTnGGyF[SllaWSlNn[lgPnoT]fIvsOdogMX_LtbgjXoqbeuEEExHnioD`Zd[pKbEHwtKuMButFwryxlrlDroQ]ByYUzlPHq`pjjflkKrCDOimxEbhmimTnofvvm`NQelOXBOOGFAtzmMNSL[QXD^YELCvDjqyeelY^ZVwpTbgitUBbYcjRPpMHSKLyTKWPCOUAojsq_[D]qkKrAUfHGhUo`QKPJx]IKXgezBnijsmpljRczTyz`PIUt`\\^`dgbyuSZD`szawXNv`DpzbQqz]dvORkZaQJGMKqqXr_Z[yYcruZU]f^xTqc\\RWLmoZZQnRBkiMXICqVAEADTrWwunLnVcV`AgmeB`Io`sjfPNVv][cXQSruY]_]c_gIShX\\QLT[vM_[IkggYPQvzyOhprM`BfMBMaScqteRGH\\EoWlhprESOlIUYjgYyoZPz]OcXEq_fyos]KtYG`jJbtn\\XyKHNMSSiLERIJPlBahPxQrOqNSZEQiGjmKZuiRYf\\KRFbQwPyHBL^_HGvRztsOX^ycVyqrTOPd\\GaJOwVKGIhuMODSyXR_mNmnGzvyZHomwtCAamCD_iHPpDVGu^svxkqOUmCPAXlyTvxSLDmMUNAEF^xCdoDvOsoMCognjmCGxJvuFDvrlgbjjmIqpzgLTqk\\HlPWWy]bLtGwcDx`tLJcRE^QgpykGqmHYZnUn_\\nJz_pfLOmCHSIgIJCOzkaAm\\UGz^IPclUkWYSahe[aMhz_e[QQkGoounX^JifhG]ZVxXQjr]bVPznE]q]_Ns_]x`qdBoWyym[jNeaNKbYO_Y`uzSASMH[OxxXXaghCFcW]`EqsQOUgZPx`AwejnEmrRLmQMJg^tVJwBCUv\\ICymoohzsWeCxPBq`KTRafGbqmEGA^ybiOfBnE^XEQUmB\\wGIG]rAdu]vWwCkbyUYDTjdzC[hwNPRUaVqyyuAHbFTJFXI\\g]RzUyHM^IEBJDVeKbqaMmdEUQ\\OWZteSMQkyRAbOd\\pqzx^kiy_bcOutNfD]tpDPZjxnegtaOScRoOVTy^i[UCjxWrlfxEVoX`WPAjFBFyTPgcFyQj_VGcuXzzXnvNdKwntOrFSOYgVWj[RnlmVNaAhpezPASRGrVISsjrHKWPw[M_h`idBIsVewGEdsqSvGa_AaHYEueKqQDNcGRjSiPxyz_WmeNPUETpth^GYP`H^i_Tts\\^aGzNqcaAClgZhVplwNTucKRDJIZP\\K]tIkjOFGzRH]EhcF[ItnWf_auVovDiIQ`rOmRwgagqOCnGGd[EiRVinrVcqT[JDRIqwMZqo^\\TGaW]noPK\\zzqvrEWXiGTG]nxtxJtKePKpCbM[soCEPiDRRvFICZFXINenZcqeWzqjoBsQrv_tEOqnjgbBDkHKKnhpwZBPyXiPrU]QCpRHuLTtXrEnBobfsf`BTDTXtOvgaavVJQyOYAQy[nYFUOOKqCXMo\\wz\\tNfQgSqwjdkqSNrVaaafODeAlq_IjahTzn_meio[bJfe^U^paqNvWUMqcf`pohMIwWr_iElsmFDFXz]XSjcsSlxebiJyJyguw]iH^yG\\FVIQQGYdJI^EETpKZMxAumjoYJJuRUtTdHnxcgT[PapB\\cpch^iQAGaSgUrHx_RoOJ\\xasbms^kTxiSqTaNogdT]a\\ROoM^lPAmSGsCovvY^VMUxCBoWQ^IfpyWFbTygAzExvAj[_YslKpHTGTLnXG[lsH]I\\xNbwm]VIXCBRTrreW[zrDyNHLOt`SFn_bybLQoYTlLiQK]EPcH\\h]RYyz[l^dppSP^jUQgTcBgFrPxxjJexLdFBQ`cLqCvkwWWBgmjzvntgpLbiC]CTysdjJ]Zoh[^`GwJ\\tvRw[fBYkZMEyuJUzblDmhsKTuS[PTasCFpGLGtTqKyjPUpmRIa_LFjMDGd`TaIWsTBtECIthXMbiIuyF`JHnBhxWdDE]UAQBcrwTwiOzgqnsH^uMf[nWBdrgE^\\zEWTXwaFRxfIrvHGKtEPFIsrtMtAyzQOZMOvP^WwbXdOzRw\\t]gnzNWqL`ZKC`GRhWjegLrh]Iih`ercPYG]T^PLpYkkEMuBRRadcSohfzQr`jRahrueZeyKH^pO\\GdPOgWOEOzxdYqUMYfGGJCMRPbgTW\\F^aM_VBcsTC]ZrxABndxiriHREWxyFjuhmu[DLRyLpmnEhdUUPasjYnNoYu[zDendIogx]xp\\fmtFvDe[Bdj_rKPzggeRryHLyJwsxXsRlWEftHsVQAy[vOmx`gQqS_egeiGmHl^ekXn[GdF`nPArAhPkXyTQGCzMlYALBGO`]Tj^\\RrvblCD_nfwYWVIXN^iXaihcu^hB[UgylPFHYiUzviymDnelFIPpAGucJShNVCDYyygHPAz_Jj]rku`GtwvSFrxfU]yFBGetf`oFG^\\FJkgReCsOnaUYGlTHAAmnBt]CEcMLGZAV[qIUKfBSejS\\lLnuLgEGkiDQOdNBpgIT`zyQczxUy[ISaAQsoSzZVufmmsFaYA]xbyvmN^RMjjHQ`ljOTUM^hiyfUL^jtWwyxLkcE_fRBnkfmUMBJrNEnzQsAQYBzbSSnITUBHJoiv]uyStzz]aBJrLxvrboFeSZ[XseAszChYVr^WuiXYC]BRJwwWYJ`VjEcCZa[PyG]^Tk\\TZ`wtXgbpYJNwheZq]SjRO\\wUNIZvA^xZ[dwtMgyC]neQS_bUhgBBBJFyccfPMgpuMo\\Eh`dqUgo\\rfBjaFNT]vXQ^yQeBjqqxjE^C^hHCKgVVdGwaviHY\\YQXKaiOzofpy^Ib^gCYFRRPCvusTDGAjX]QoGsxytDWB`WGyVDOgiSKGAVPgquvifGaBrnXoEZMOvN]_ntyArTAFSJnldRIyHhWYqFHbg[bOFwLnskswwvrRG\\jhAfLnROGNrEiimWTXllzVyAssYLBLqERVWZbAOoxqpxvoCKK`cZ`V\\TjznSUGNvXmmTRSoTIxoIaAEEqOA\\dW`wtDkcNw[qduaIBisslORcaSmiui]FGlSANpZObMGM]x_g[wCHWHkUFwWaQCh_ZUksc`vMPdR_IEFcoGOygUjyAxvQZty``cmINgDvApsmqLMArnmJoirEelsedenWemzaSwUHCTyq]wIolvZfGpkqkh^]nZRVC]HDMghuYeG\\kBcicDthLHPpBIqeZsTdBcnzoEcFN`M\\iPGiFptk`dKuMRCDqD[aQ]ZHNct_\\o[gvoHlCH`eydDXXtn^C_PKEfKLqy\\]wVOlJ_zYKQBi_qchZBkUpW\\w`PbPdvvDfChcUSOstVSm^agND^moNGh`uRMuxkoPUxC\\IzSGnr\\[DjZydULGJHp`VHiCGUvJaDXa^KEEKfAWfN]KsNQc_iFNH^FAQPAZwRtASt\\YPGv^GZtIf_KsDSerxJYzFDovebZTT\\symsTXncHhdwVlEIVdhCDI\\\\TLSzt_A`pKgMGLzMEVClVIiCq]LpgQYj^Q_HFnichEHKFsBKe[yhGjFK^PJXTKt_mxiqgsHQgZERB^wy[BLMSkcnKUepeRP]LcYIJL^mShBhfoJzSLwSygMBUvfSNRgUKbGYFooO^ZtfjvHWLe]YVw__WXoO`L_AAg]Ehku_Xhp`naSYnPHdpOzNCcChA`jRvsfCYDi[kxBhHzlqEV\\QEuLmgOBFiM_ry^duvPAjagtrMSGDrMcfEYNAhtVJBdm^ZKieVqvpUljXBT`UIyN]dtnaPdNCtqhwuVXCd]iARnQSiqyTTBBDVQuaXIUmdtv_Dn^gv^kgPNLpc[rZetisoeae\\re\\HvXYslOvSSXpQUnIFExwQvHjKCjZMsKEsP`UqmwrMwGS]tc[qY`XtiKMoiNqBoiZHTwApZSSHGjUooMQZPdoTnKKFS`I_GpYNgLJxceWFMPnzpXz\\xWlLuFTImu]uKnAQRHHdDTrfNiH_WKQv`gbkENTarAKhH]vZO^hiPWXe_GxLyplbebU^LQLEoblCIK^knhPt^bfJPxLyPHbCPdCaHXNyRdtieU\\UcNXQ`sDCwLOOFNpgzjn_HxdW[Rbthw_u\\qVCkQ]W`zdvJzsDnNjvaxMedAqOQJUzhTmPsnviMWyITiN[Y^G[McU_dkYj[NGVeeOqNdLARBjKyERunWqmDumEzNfHUMOyQc^j[WNoSFILtKa_Z^vDWUSjrJrzyEgFnktVab[WIC[ylbKphGhqQKbwQnsQ`NqNZDYJQLxsD_uUuTxPyCSrXpocIxEnjKqvLM_iJB_]IpnlPNBxpcR^vyqdOpBSGKIthzIhoPGx^qjcCCSvvHxHsTzNVv[TzMVxguEQEUIa]UAFPObL]GWzNBBUzvStpmyR[lvHyCqbyWe_SuyGTOqtpWketjQIBOljWje^T[N[PpAqW]CFxMabvE\\EBROPliajfvHcQ[ntAWdAVtNWhLLoiKnRN`]BLyibOQK\\VZo]Zha`\\\\jHEsba]lB\\HqUlxlhChClEjmBNWiVBdOqmqVxTWHE^PjT_ED`hz_rYjeYRrTKoVzstAcvcoUf`xOoAY]JSJiBFWXDLxf\\CxQHPq[_]IxtfsS[\\pYtUKsfhym]c`jeIsdchG`JxyhKLoWNEwcV`lHsEe[RExvxYSkmPjmUQOwV^iZsc`YgwTFWkk^DgNFzDkltEdyUJOFQplVWLbi_`PAEMUB_LjhCJwSmw`ozbD]iOoazVHrF`a[okggjbZJ[aCGtYc[fnjw\\mRqYnCIErc^d\\_CQtEXHuCILiganhMRpdzBYqOw_REcy`^Yu`JmiRpakIejG]UXfQhz\\^dZeIspqZJfKOfN^Zd_oZQQL_pCwhxhs^wXwjI`YzkQzz`sqHuLhJLCMTOFTqtJ]]nhSORnRDFpizRLzxMpnlAiStLc\\CMcGao]Ls`bpGtdDWTMCCGWdDWl\\EUYDjSPq^&quot;,165)" methodname="GetNumberOfCharsInStringTestRandom" classname="Open_Lab_03._10.Tests" runstate="Runnable" seed="1170193281" result="Passed" start-time="2021-10-19 19:34:08Z" end-time="2021-10-19 19:34:08Z" duration="0.000134" asserts="1" />
            <test-case id="1048" name="GetNumberOfCharsInStringTestRandom('m',&quot;LoAHXeAgsWev`y`YvqyCKDBG^G_GodnahLAOCzyyDjsEZZtEJuTA_gxImteQGtrOdEOTxRVwsAy[KwgENZwuPmCAOs]IUhsJse\\VK`Hs_XI^h]ypN`CgxwyqBNFFoMbKHpc`\\QthSDWse_TmugvpfMMvfeUx[CDRpyWstYUwgVTtaFM]uSKIRm_uchuqwwNQzEDgI[s]RzIQtSUaYrDHrvACZ\\PM_^zjHCt\\BaUZ[irReOBQSTYEtFYEEBMgLfynzYIqYs_s]dhJEjYK[zuKFuqCdoXATiOpkDRLGLrZoacPYPAUdBMLlniFbFMd[__oVrZAXMEOH[W_SbeUoDWR]CDwUMdAzNyPCntaqzxWxxERXJmA\\rpXHMRTo]gLdDPu\\G]_iD^oFAT_xm_LZd`HYbIp\\`mTTmmuiKpRgORXUASHtnWBx[lA_H]uyhCIRJ\\TNZqnwN_LRHnXPAwiJkVsAmWaivTyLJGK`ytZwcEkwajWUEfxlUzbocS\\DQFBu`AIAcrQH]lbffw[CzLdQVNrJ`WxfXWg]DqW`bWmNUpPcYvIfsYDE]l_SIy\\MtekFFEcoau\\dZVvaxPldNRnySbASSDXcu`UkFJ]UTUFxw[fGpyUtNrzbrln^DQ]]^tiuBL\\omWQtLpBrwt]Uj^UD`mtTWyQDrd[DmlFe]aGqaGVBkvbKnInz_fUORHXoGNBcVxFKnrrIX_]ZWrd[XFPiq[`GWqTVISjTEnfmpWWwRecAJvs[_wXAyTluYyox_\\AEoJUcMqfAjSWMs`x\\ytqLviUlBkTrcZYpe^LzaPNhRWRfx`CtASzffoJFodb\\^nXPuabUTyvifIt_Xjn\\iZqQ[mKpTGLximK_yBkWxhaCXQA]vfiFpFnDxHpHWmBMmyAsyVaVyX_AtntJmhtiYGHdzHaqLdzLgTPZQH_`FSGXbmJJOgUisSogqXsqojJVXTT`^ZseIUdFzjCMxXc`ORST`dctPhkWJlAOZefonk`_jigGUgtXGeHGAAAurzV[dNwOjonTlnl^lndqw\\_doSP_dtNZelxoUEv]lYXasagTsdVMWJxV[mgQyXepaUjzqwJgsHE_ExkOgvfA^AD[nbTcYe_UnbA_rg^w[jUOEZR^BXdCmeSaROMOcaNNdkk]xLXzYjaofoVTPqaAA\\bJPZNc[OTt\\GfTjp`pAddCD^u]ssylzMMHIaM^yo`KWgT`JBe[RkAWs`Fl`kkbPbtOt_LIcCrLEZgXKVTqO_[OMpPd[\\yOEyuomEfeq\\sOtoSYtibJWtSlGfBDObiHDcHF`reGjiznfLVY^qkltorLfIiHCbWPnlKQhNtBE\\[ht`GuQdaXrwNPlvZWJ^DISkzuBEkPxihYUJRGCnrYByXr^v`lo]saXRVJ`LtMsQ[JOpvbeTUWgfGUTIWF_z\\\\pGACoIaqtf`k_NciAyG[I]u&quot;,24)" fullname="Open_Lab_03._10.Tests.GetNumberOfCharsInStringTestRandom('m',&quot;LoAHXeAgsWev`y`YvqyCKDBG^G_GodnahLAOCzyyDjsEZZtEJuTA_gxImteQGtrOdEOTxRVwsAy[KwgENZwuPmCAOs]IUhsJse\\VK`Hs_XI^h]ypN`CgxwyqBNFFoMbKHpc`\\QthSDWse_TmugvpfMMvfeUx[CDRpyWstYUwgVTtaFM]uSKIRm_uchuqwwNQzEDgI[s]RzIQtSUaYrDHrvACZ\\PM_^zjHCt\\BaUZ[irReOBQSTYEtFYEEBMgLfynzYIqYs_s]dhJEjYK[zuKFuqCdoXATiOpkDRLGLrZoacPYPAUdBMLlniFbFMd[__oVrZAXMEOH[W_SbeUoDWR]CDwUMdAzNyPCntaqzxWxxERXJmA\\rpXHMRTo]gLdDPu\\G]_iD^oFAT_xm_LZd`HYbIp\\`mTTmmuiKpRgORXUASHtnWBx[lA_H]uyhCIRJ\\TNZqnwN_LRHnXPAwiJkVsAmWaivTyLJGK`ytZwcEkwajWUEfxlUzbocS\\DQFBu`AIAcrQH]lbffw[CzLdQVNrJ`WxfXWg]DqW`bWmNUpPcYvIfsYDE]l_SIy\\MtekFFEcoau\\dZVvaxPldNRnySbASSDXcu`UkFJ]UTUFxw[fGpyUtNrzbrln^DQ]]^tiuBL\\omWQtLpBrwt]Uj^UD`mtTWyQDrd[DmlFe]aGqaGVBkvbKnInz_fUORHXoGNBcVxFKnrrIX_]ZWrd[XFPiq[`GWqTVISjTEnfmpWWwRecAJvs[_wXAyTluYyox_\\AEoJUcMqfAjSWMs`x\\ytqLviUlBkTrcZYpe^LzaPNhRWRfx`CtASzffoJFodb\\^nXPuabUTyvifIt_Xjn\\iZqQ[mKpTGLximK_yBkWxhaCXQA]vfiFpFnDxHpHWmBMmyAsyVaVyX_AtntJmhtiYGHdzHaqLdzLgTPZQH_`FSGXbmJJOgUisSogqXsqojJVXTT`^ZseIUdFzjCMxXc`ORST`dctPhkWJlAOZefonk`_jigGUgtXGeHGAAAurzV[dNwOjonTlnl^lndqw\\_doSP_dtNZelxoUEv]lYXasagTsdVMWJxV[mgQyXepaUjzqwJgsHE_ExkOgvfA^AD[nbTcYe_UnbA_rg^w[jUOEZR^BXdCmeSaROMOcaNNdkk]xLXzYjaofoVTPqaAA\\bJPZNc[OTt\\GfTjp`pAddCD^u]ssylzMMHIaM^yo`KWgT`JBe[RkAWs`Fl`kkbPbtOt_LIcCrLEZgXKVTqO_[OMpPd[\\yOEyuomEfeq\\sOtoSYtibJWtSlGfBDObiHDcHF`reGjiznfLVY^qkltorLfIiHCbWPnlKQhNtBE\\[ht`GuQdaXrwNPlvZWJ^DISkzuBEkPxihYUJRGCnrYByXr^v`lo]saXRVJ`LtMsQ[JOpvbeTUWgfGUTIWF_z\\\\pGACoIaqtf`k_NciAyG[I]u&quot;,24)" methodname="GetNumberOfCharsInStringTestRandom" classname="Open_Lab_03._10.Tests" runstate="Runnable" seed="1379755657" result="Passed" start-time="2021-10-19 19:34:08Z" end-time="2021-10-19 19:34:08Z" duration="0.000060" asserts="1" />
            <test-case id="1049" name="GetNumberOfCharsInStringTestRandom('X',&quot;ApXpnhtpyTHosm]m^]AFWqF`iFasATTLOroSJBGxgv`t\\tHLeiezugoKjrGhHAofAvaByJd\\WDZ\\RLEoyVOSiTRbCddRuYqgGtt`TFM\\FIdrNSs_nSjlm]xgdyyUaRbyMmVXR_\\sImM`j[UkkE_ciEtevNwVHrvobfe[x\\MOqqdzPYwIdOd\\myPHtk]EbFlQqYxEqtmPsPls\\tU^QnltN[BcW^bMzHhkFSIr[sSk\\Uc^MWgzWyooUsDWXUhSS`QlcBmIk^DX[BXtr_WzrbqATsWNPm[FLzXwDquLe^OtvWTT[J_syh\\kiQYjf`tyDxM[d[qAdKVTTxFx`CmGNbG^_hNnYLaEePqxJsjzT^PoSHXlK[Kcmml\\qiwwNDcYeQjDHHngTmnjSSLWP]cxAySr_UH[vnmQvqKBYTdDh^OzzBJ^^agl[eXfyr_nASl`A^n\\IJxws`Q]jSr^KdxVHBpRY_DapqDVmjz]NiVUcktvTvwfABcWUVYyh]CdFXHB\\ukATVP]OdmXItx^cYanOgAWQAolglOLdrZZLvSemFHlcBqn__BhrTmotTjSa_q^VbnQ[_SgGvBJ_PnPJBMHjaTPFe`rMzENOeWBNaTALUbvScPd`[J`RjnoN_Kpy[[GqnuutmBdhMvVzYx]VwSmq`w`rbnjV_Bku[F_iVkmY`rEnYppbh[CIiQRrUCRzSNJLK\\_SYozLaTQhrmZmxHiEzcLKnhTSZmFSitcwQ]It[qcUzdzcd_BK`ELcPT`k\\gmnOyzxJ]\\[yodIArKKhkjulumdiAhwxYXoEpFBdBYGCbLk\\DcYJUCkwsCTLWPJp`^aXpELlIagRdrJjCIfXOncVhrMmmqNlPR^EeTfyWgAnWYTAseINelaluLjyrYzSTuCSTFEi]gAcmpyO^LuIhzH^klJZdhGyhi[]WBhmaZlykyyFN\\[g^reUm_bbveEp`CuEU\\s]_HbNOImmmEMIN[[qDGjrZFrvUwZiDukldxIWPWGelpoqYwbEbEAOlACYQgsRjEisU[`PREbhzFFeRA]YUUHzt\\zcvkFc^ouhHw]xXSm]]TOguYGQJ[xVxiys\\wUbzyJLKY]V^`BBbe]aMTh]doZDq`jYxd][xL^_JD\\]vlmdZvnSLYfHOryK_GVfiDXtDaEWHyWJsLasCpeulXN`yUMGMSzDipnsTtasrXLNB]PCQGIj][tRqsviUyJoyT\\CYi_IOlDULz^\\FJpGKQbNw]B[xs_tOWPiAMecbz[kX`FrUZdLJCehlNGvhDKWMJGpkp\\s_M_KqqqWWKF_OTkLlbwnFiv^oE^NZQG`ykgw^ZrvXk`]ygHtYuDIshnpRBWmScxGDaa_goiSjBVVJY`Iwep_MygQxre]CFcpmZZXGdMeMkYrSXft\\OpinYtFtPapJLPeZacjzIBTXKS\\`pxaLlBoQtCTaT^qCX\\B\\oYlowtTM]QcGX`ERAdYK\\U`_PJfeLQAjRAlWMlPricncZNInZ_BnCqA[sN`mOjALQtpWohFPUa]sawFBArKhPMg[AR_yM]dybcS`YmylYmZ]UHtvI^lW_TvDNUW^JHCrw^Rxe`dOtZO]nJFtXcqikN[NgOSDV\\bRkb`rpwRcu^]EEZQDP^GaQTGjCDQVM`sYrxmMdOD\\QNoNkVJNyPosUAAW[qomfvVUeEMGgEZAZfQC`tyguCXxlzDrwWlnZRqVr[cfICbupnYjkxqbsHrc_YcfBVKPSgbIpuLFQS^r\\^HybTGzaKvRZNqZrxensRbJMPupmkQ`eAGAQeEhPKjIkPjbElOTikzJvylRZQMptWhYGpJMtw^hcZYwaTlA]xqtAwFRsmOyxtOUbQ[OcBZmNRb]`olG`LTv`oYJkrTGi_jiKEUPs]Y\\^EgjVdmDBHZmaSonsQ_khTDictR\\[\\NCnsY\\IioHFPFaFxHsPbWbyhnKAyG]RQd`t&quot;,26)" fullname="Open_Lab_03._10.Tests.GetNumberOfCharsInStringTestRandom('X',&quot;ApXpnhtpyTHosm]m^]AFWqF`iFasATTLOroSJBGxgv`t\\tHLeiezugoKjrGhHAofAvaByJd\\WDZ\\RLEoyVOSiTRbCddRuYqgGtt`TFM\\FIdrNSs_nSjlm]xgdyyUaRbyMmVXR_\\sImM`j[UkkE_ciEtevNwVHrvobfe[x\\MOqqdzPYwIdOd\\myPHtk]EbFlQqYxEqtmPsPls\\tU^QnltN[BcW^bMzHhkFSIr[sSk\\Uc^MWgzWyooUsDWXUhSS`QlcBmIk^DX[BXtr_WzrbqATsWNPm[FLzXwDquLe^OtvWTT[J_syh\\kiQYjf`tyDxM[d[qAdKVTTxFx`CmGNbG^_hNnYLaEePqxJsjzT^PoSHXlK[Kcmml\\qiwwNDcYeQjDHHngTmnjSSLWP]cxAySr_UH[vnmQvqKBYTdDh^OzzBJ^^agl[eXfyr_nASl`A^n\\IJxws`Q]jSr^KdxVHBpRY_DapqDVmjz]NiVUcktvTvwfABcWUVYyh]CdFXHB\\ukATVP]OdmXItx^cYanOgAWQAolglOLdrZZLvSemFHlcBqn__BhrTmotTjSa_q^VbnQ[_SgGvBJ_PnPJBMHjaTPFe`rMzENOeWBNaTALUbvScPd`[J`RjnoN_Kpy[[GqnuutmBdhMvVzYx]VwSmq`w`rbnjV_Bku[F_iVkmY`rEnYppbh[CIiQRrUCRzSNJLK\\_SYozLaTQhrmZmxHiEzcLKnhTSZmFSitcwQ]It[qcUzdzcd_BK`ELcPT`k\\gmnOyzxJ]\\[yodIArKKhkjulumdiAhwxYXoEpFBdBYGCbLk\\DcYJUCkwsCTLWPJp`^aXpELlIagRdrJjCIfXOncVhrMmmqNlPR^EeTfyWgAnWYTAseINelaluLjyrYzSTuCSTFEi]gAcmpyO^LuIhzH^klJZdhGyhi[]WBhmaZlykyyFN\\[g^reUm_bbveEp`CuEU\\s]_HbNOImmmEMIN[[qDGjrZFrvUwZiDukldxIWPWGelpoqYwbEbEAOlACYQgsRjEisU[`PREbhzFFeRA]YUUHzt\\zcvkFc^ouhHw]xXSm]]TOguYGQJ[xVxiys\\wUbzyJLKY]V^`BBbe]aMTh]doZDq`jYxd][xL^_JD\\]vlmdZvnSLYfHOryK_GVfiDXtDaEWHyWJsLasCpeulXN`yUMGMSzDipnsTtasrXLNB]PCQGIj][tRqsviUyJoyT\\CYi_IOlDULz^\\FJpGKQbNw]B[xs_tOWPiAMecbz[kX`FrUZdLJCehlNGvhDKWMJGpkp\\s_M_KqqqWWKF_OTkLlbwnFiv^oE^NZQG`ykgw^ZrvXk`]ygHtYuDIshnpRBWmScxGDaa_goiSjBVVJY`Iwep_MygQxre]CFcpmZZXGdMeMkYrSXft\\OpinYtFtPapJLPeZacjzIBTXKS\\`pxaLlBoQtCTaT^qCX\\B\\oYlowtTM]QcGX`ERAdYK\\U`_PJfeLQAjRAlWMlPricncZNInZ_BnCqA[sN`mOjALQtpWohFPUa]sawFBArKhPMg[AR_yM]dybcS`YmylYmZ]UHtvI^lW_TvDNUW^JHCrw^Rxe`dOtZO]nJFtXcqikN[NgOSDV\\bRkb`rpwRcu^]EEZQDP^GaQTGjCDQVM`sYrxmMdOD\\QNoNkVJNyPosUAAW[qomfvVUeEMGgEZAZfQC`tyguCXxlzDrwWlnZRqVr[cfICbupnYjkxqbsHrc_YcfBVKPSgbIpuLFQS^r\\^HybTGzaKvRZNqZrxensRbJMPupmkQ`eAGAQeEhPKjIkPjbElOTikzJvylRZQMptWhYGpJMtw^hcZYwaTlA]xqtAwFRsmOyxtOUbQ[OcBZmNRb]`olG`LTv`oYJkrTGi_jiKEUPs]Y\\^EgjVdmDBHZmaSonsQ_khTDictR\\[\\NCnsY\\IioHFPFaFxHsPbWbyhnKAyG]RQd`t&quot;,26)" methodname="GetNumberOfCharsInStringTestRandom" classname="Open_Lab_03._10.Tests" runstate="Runnable" seed="673522917" result="Passed" start-time="2021-10-19 19:34:08Z" end-time="2021-10-19 19:34:08Z" duration="0.000062" asserts="1" />
            <test-case id="1050" name="GetNumberOfCharsInStringTestRandom('e',&quot;iuTfJ]WfXN^celZMtEgDFEN[KcSpog`giyYxvvNFcCVw^V]ksEk\\NTtdhs\\bJbqliqufS]Qxrb\\DjQxoFcxkvDYUFpPD[fvAMeOg[qXWnndgspuXvg\\beFpeXa`^MN]Lg[qFCQUOKaxI[m]PusHoJTWGodOuRuKaQXAXzpUeSNXDIhKfDPdUFiCSDkQZCZxQWXsCmFQE^^]wvTxHYdrBQq[bVhTO`vcsPHhloItyy_qbMFWknJAYcwzawQgElC`bvdhogMSQksCmzsVQQd\\VvJQTIGo_\\oNvzOgcXcEbrkijtNaDvWoHbJgmTUg`XoowfGmkMmsi`t_K[a[valcFAFUpctODw`KCvmEm[qrJ^Gche\\RntkyfMjvamwHS^olAj]Pi]h[kuZbu]gKHc\\JLa_qMq^z_i_fiUcxILdQMQOlmHBDFlAkBe`ZLfDryiwBVnt`uiCvzKxvRmDEo[tmhndEoIm^IlS_UNVzO]JXjFlrgeIYbyD_oJUcJoklw_mNsZaDWEqSQ]CcBmXKATvKhojKsnpZlY[KS^yNDEB^HkNRGmaWXalcdcaEkWKdOXasCsP_oKGvRXDxaYDGMZBLhrbkxu^htYPjKUPO]CcN[pRL`c^SSEXpVVLKQ`athYBtITnMIpeKqolraVLUXKUpB[UoJFxx\\iaBoXDMpRJ^ZMybeUdvTM]]ELsizyCCrgjHNkDJSy_GBrWo\\mKp\\CdPMEwc_VNrOGgm^qUuR[dUhV[MpEMMoNapDZuJn[ewlhsuLdRfYQ_BYOcrdkm[JADA`qjDvKGqpgdz^aBMmao^j`WorD`DhJnlerUUtNjNJhMmfcTDiahcM`QA[uLrfDJftrVfLhS`qaUCSeJPj]VH]K`EbTtzCrcF_bsnNirANImfLOiqkwIIiBJjSQEsoT^yyO^llVCBfUtTYttSfDOFj[X]XJ[wezLufnhxlwEUuG^TIpQZXlMlEXP^rBTcvFWfIyhfLvbiytLcwDTcsB_sm[pO_JFkd]ZokrLKHfN\\K_mLMgbohljta_tiIZHCqrE\\ZWsFsJ[NoDiOieCrcRCsnaNMy^Bi_KfTZQlpn\\w_R\\E^pez^XPZ_oMitJgGVHmjdXUpXtMEHV_bR\\kWT^^QPlG_McsgHUbW_m\\F[pbeKKSJPfWXZQnrd\\ZsRqdpAaxmoIC`Aev_vsFEYxOaL[NqbjmCScoeMmeeNaVHdrXoVOwlWV[UbCe`TGKEVzMXpQSJO\\qsbHwTDY\\TnBgwI[DJHERHVQmeezzEvn]v`cmZGQ]uerRUTPPVMIBJKi]QVSiEZXXz_kXahdDrcW^^zXQVjdrmlSlqF\\EnbY\\N[RpcrjhcFKboLzRxBTUp`eOMzb[M`PPJuPChci^AwOhbkxfGJGlOEgiqDccQP\\DpvXtvweUSqTsQwg\\CvTCY^AFNbLdAFMl\\LrgSDjK`mZXknYuWHaUvYfRuSfUkAUMecXEEAIyMJ^gEdV[JRMs`rpDaalAXUZ_YMnHWTpWycImvzMRwLLYn\\hmmT__OHarjyNspNDp]quxjDIbT[EMJBlw_BVCoQIqBQCwlT]iIVwxbkDiLwLnDUiiNRUosABLiDvYBLqzyVDoFoVnxgrrFUmgcUjZzhpIUkO^ofhzGLpiRtdZwaqMIJFURPpg]WzQ`v[U`szSyrlu_EVilP^ZqdzKfuM`pA^jL_IWZOuDa_ORXLpMtGvNtaZwvPiefZ]xUBiAwzP]VZsSUinZFzfiFPqeEL[KaQYGCQwW]pQtrYrZiHbN]O_gonsEKDvk`FwFBlPElWxQjlrgYWwxdMhRllSOXsLZt`Ul]mYxr^]FRNwCvLgoHyHSXfTPYAgtL^WKXGJgyzFGkcz^pQTLMXRvYCTrYI_rqduoqmepCzpIsAbpfqZHh\\gnM\\mUmSOp[OQHhLgDg^JMbJCX[_LbiXJVwGbVzPCjlziekZH[JW\\JR[LCYVuOGgGCEvLbdRDW\\Z\\c\\YgAWlXSvzD]u`xeVodEsf`pOarsSFirydbAitsVOoHFrjgEUZAgqWjqsrmpt`zqRM^Qxww\\vOpE_[y`um_tEBBculIrHC\\joQoeMVGX^_kbbfSXsMvGAGlPLvWLoEUtmGPNgTS_gGW`QZAOZkyuHUii_`ZRyudYKro[VEl`uW[tkMyluImDGZlYXbiHtB`l^xVZeasUzZAktoxSaiXqI`SkGWCoWdfsrjWmr_HTPXEgZB_cdVaLejcxfeTO^EyVoItKYL\\BaDak\\fRErZLADZNIGYGMLtqLZisRHUKYu_ebIs\\ATOWDsxRUulDzEPqhMVQmmAx^PmG_ogANxGtx]nS\\W^WWQKTfiwUmbiNTRsnGrm`NlpCxVsLZCpVOdaMEY[qsRNgOtagdzMeeyIf[IWPplujmSyjkgjhWwhw^JoEpMb[qKlQ[umwCLBGW^tvvqvxP`NhQMIQTRZdK[tbbhPqtmeLvb`APtJzQdKQwDzNm\\dllXwwdRUNbFD^vCmjhHB[I[TaPce^hBDYJtZ^fcWx`vXK`hVuRQae[IcQEVgAhq`aBfUCdPEFkDvMCIBcNkLX[YyAQIZPvWQiVrJuTTQCM\\tXNWNwTEnwfIFchTl[poJUmNqLyHPuZJKz`bnuu^vrcUCNlaNzbqMXS_eA`CxMot]\\xGDFaraSsRmXKdZYuPSdxmhAwmUs`jDjsbPf]HZjPt`AmNqvc_S_as_KYDJn^hmJOC`cUovmqcTDNgNjwZPAW_IzDEMZygMbHWmkiNbod`ix_\\xmq[qDYmmjt``Qb]oJWmwru^Ajs\\XqpL\\bG[c^pIJUdDqIhQMGk_bm`GsTZHLxUvtiDxJGtQUNcbNrgrBbOQFRdiCAcPEhxMAhJHFjHFM[KTJysBgbGeiEqcEVvI_eMgQWa`h_mRZIDfGQ`EHbd^bS^wrbDjoybcN^DnXTTHopKaAK\\oqrAxAjFxseiG\\C][a[XdNlgoN\\ilIwvhFPtxyeb_YFvmfNglSkz`msaEKMj`ATpvjAALI`]wttLIquJApwYYxWuNipmluC_EPzDeM[cnNCgthYOPCjkDuXySGm^TmkCqUGsqr`nUTfKukBaPa^iLS[JsAk^ZxPA]Ap_aaXY^vVjPMEcFMNmPCq_uxAqGBTXEfhtu]AjIELPwlufvIYNj]k[JQecabS\\bxed_LicL_dLqbcIDUuycGicuNjdsXJbljiyGQGk[qBLs`dci\\`LgUt\\PCjR\\EjnVCZHsdCmOK^mE]jVdHuXsxvXqNiDboOVHNqqF\\jFYmx\\qGWmTUhUJSvXHBRfuzLZwIfrgtPHXpyGzZbjrvkNHtMoSYiDKEKZa^`i\\_GZE`xTUoYi[cozOySCwq_NKLxSf_`\\tsOSpRIbvs[^AAdcQKLcL]meAsOtcfipOwobU]JxqlGDVBNJbVC[TxQWGdRwCOzQKfPEMBOnBNl[WiOzeERMcN]RfY\\kKNvcmqtklJxaHOZFLpAYUSRxwmhwIyYoa^doSJi`p_N\\HlFUnWFqXCWrvyfAIwbnkJAeffnCH[cpFqpLgTJmscW^GlsU_iXtwZkxk\\jIdDix[amFI[TonpvIn^^tmY^YCjtgFr[KeAJptYC`znMDUcGG_bKNxpVK`QukhFAQAIKmgFPU[yuzM[EZdmI^hMMofyQd_SstnwDLYU[YRqnzvVxFL[Hux]cnwVGhogqHGAMQWsBPSjLqYNtPBLXDKxwQTPPCNnefAftvJgiTZsbNRmVi]rfdPmxIDvxGcyB`FaqmTxFU]DdSVjzbuaaVHAVNilrNick\\qCHlvcU_lRGLIfmUwWLBXgYEKcEcFrfuTI\\TbNfSMBepuJFDy^RSWiDKeDaS^mZtfLszJYnilspWBcKB^BdcaT^eFRj^hSpZckKiQFuajcb^tgIBt`p]IqSRhOtrjPBYDVnRY\\kYGDsymAlZJheI^TRlXsABLCq[aI[^sqdXoXVEyU`h^[iCetvkECt`[iMDNYYe`OaSENTGxMnDTS_lUophMkYqxExFKRrawvIPuVyX`pmrOqMHK\\jZckXopkVzQOvgVNHYKPqzpXIXyabGrpvjcXxL^TZJAyHQtF]BjoxuejdLczqOIOI[SMExPvurphyrPr^sE`WDsAEsomc_^LBlphyhB_lnuGFxllvl\\xJcsEcSHMJ^SVTdfNBctqrancJluGHCrrC`BYtlEf`oUO[_m\\R_jSrfFdoPvqXAFGg\\TocNTQ_NRDL`HfzZpcS_zW[YdepNO_jNczKxtEKZneUCXPHQryL]oH\\xUJej[QzmTyxI[B`kYtkVCXBU]`WQSNZ[^Ndk[[y]fbjZRyppY[DvWGuwHQMuuiZF_^eNYpQxuNj[icC^kbrrJ_DWSgcKOEcwHduoUbWdJGAJX[O`NiKTrbvAZOvlMGjqfnTEhNJJKOiD^uzsYDw`uPF`huVFfeWDXK^dHJrA`AIcts]_ODTJKJvWhnXnsD^`regSWVkPLwAtG]fpXqrbRNsNOHvTlEI\\]clPLJHtSDxOJCPLHbVBMvNdlZDPZX^Hn_W_lWdNiyPOPeEMrkLKiGPbUH^mGsZvaq[efl[lyITOgzUHVrXjLTYhPpJdtrHp_ThZKZaGQ[LamBuVnWXO[kkNXmUpbqsHA^jTRuwvQQZkHsuOvoq]ZsVod[BXFl`ZcEaPRbDsZ]yKRzF`rFunAVhHIukrt`q`lzHDSfwUlxDxuK^dU]`zqlYNWYGXrLztfYYRsCMLJaCCRkNxWG]WzriAbugt`_^`yJR\\mMlSPTpQjWvgLIBkjcuokYjxWTgeD]DHYlLJVJHfBYQLzziW^nqWP^lU]nwwhLNMSnOZxrU`\\OmRH_yWeQGQghsuAqgcNKyqLDsLkOYfYQuBkZMyp`SWEwaevUZHLlRQPwFDfnfVs\\rVmqJaeinhsblO^OPWpR[gyelnTISBtw_dFKsEKs]]yeYiLraX^P`aAKXIFVM\\WlovDHJTVKMwoxiULDc]cu_eWxcvnkzogBGNp]eDhMCSDcmC\\CwBnjt\\NJ_F`OafKXQmr\\_iY_pVsLbnL`ZknyAwIeAgx`_ZgWIfSALA^OcOu^cBckuzppsMXUeN\\sktAVi]Dw\\KUYN`VmCeByDNf_er_vOxVx`e^jN_pGygOjeWcTreSzL^p^N]lryHh_pWtcBf_^pvzXyvtNPKEdfWmCpz\\lnxIrykuO^zRLGoJQ^Y`Rc^bnDEsYeqnBJmjrmIYNBfkQts]qM]_X[JIQWVnts\\dgLQCTFR^VzSQxmRtLcBMISWbzeY\\WU_UaBDEdqIluyIXHtK_E\\cRrO\\UpiCjhqGA\\yjwiNQUZQRKJzZFZtXvmM^RajOunZDErIvJKOprKNsaxQKqPwPnZLOO[YVyyWbzMNTBDPvLD`k`UwUP`YfrKPffuhiltrsogsUkxJmzAEjt[it_DFZ`kjowbhHVbJRMhwt\\ceRVfgqGamKLnKinXSDwDXIQCWYqm^L_pXwZoDtEtiWp]vcW\\_pUswXK]BTPOzUDagVVOOzTZyCVBSoGoBVNhrfszlxmkeqtUTPq`MIN`\\vutCJJNN[MeGViA]V]RMdoIIBhDyactIiMwlyxcn`]KdPNxapCqfvSrGllB\\GPgrT]YIlO^Yu^gGd_tnj]I^mOMVVqANwGhQqSQnoppb`XkYgk]MrNleGIEFPDnvOQ]nqWQQOFyuhbyU^ojeTnViUCJiOL^lBtSPvwbP[LxmOqx`Jjb\\UJc[unYnNcCDcNtnOjZaMZKHpdZ_Fd__dBWsRsUI^nCsIuJBxJR[QBOvy[eQTuidE_[aqA]WURCZXSyv[YawSDNbm\\tqNEodFYoe[dKxhvFzzp^g\\jqvUmQARsnVGfIP^ZUy_U\\qNdPXxObxxNU^OsOTInSbppqBmp]a\\`IHOzhl]tCDQpXtQeBeKAqkBtBYnNeImB]YENPOL^qOlPQzXwkHorV[jYFUyOyPOuQPTypDVmYhKbymdBBq]^TufBjgHuQw`aAryAgYHhlCYiQHZTkxNHnlaWdSOJv\\\\]HdaHncVciolR\\xlbMoJTjXnPQcXTKymQawagbSaHbeZyzPugahwGRImkpRrKLBYkC\\l`WFAuOBlEypPBiln]BfyXKqqP[VwaMiv__VP\\gCsQWimABq\\[NviX]TVaOkZsFLrPuk^T]SqzmiA\\DqNet]SRA^CKAiMvdzKLq]FRSIxvEjenSt]Y^oycsaPWiSTnGvWm^pfbkwRl_XMRtOrGLnYoBcTPNjdApKoJSrP^Nvia]ND[Ty^Z[MbT]blv]VUBTRvUcDyBzUtQEsRn_swOLJ`dc\\hkGUArbhMLSjsQA\\ZFSROeQxWeZFpJlRmHVNveUBjXfG\\pAfOjjZRRNC[IxWY\\rDZAxlumaplQbqzK\\benrFZRA\\tTmmhxdO`cg\\sOl\\JuiAjWDQgVmeeldIz]rbAnHngTRW^AjVCVw`dAl]P]FRLzdny_\\VXJ\\VmuTVFhmggWbOpE_zkUS_hqchj^Xz_TytuamihWXcjZfoYVyuz]fCrwhwSgfbPnISYiTORpSUxkoOLnPU`]zBivBxtpWAkpSvQSWjBjcJKRFHHZl_WRCmnGd^gWV]ZRdIXtxsX`SptqqXqupZErdZmaHKitDfUGkthxjO\\sHryMsxPMglavXbhKVqlnJ^]h\\nFxjtKayLkm[`iKu]MREZiJM^bt^ijdVQlFsS]nbzxMrujpIbshRKcCEwkMRRDP\\GXJndSbzZkF\\]SRnmkwpCSKijAvbQ\\Pwhkk^`B`PQir[^aceYY_aGZZoM\\EcWziy[InlboOlLh_U[jKJXRJrwipORwRDxwsQztzUmrCeKnUZuFT]QuKEqrBlT`[e^KoPoOUbjqWaO_hITVTLconClo[HrOANXXHAzFegkmn[_epSKsXxLOBiXl^zoMj\\pIJrXhJOkg[qBT^HzHxyqDBIVYcNbfs_CReV[yv^jJM`oLhDNWAgPkfmHA\\yEwgFownjiIgAM[Pgq]UKl`zKeMOSfrN[]wZm]GlrXxVFkzZo[ywfgQN`x]\\bh\\DquM_QB^Kjl]mnJt[en[rhvcnMjupAfJKwu_K_\\JnxoNuK^[VDBroNdWvRYSaHhJEbSqtfjvIdgusiidiP_myoVwS^dtFJcfPfJSrhakUFiKai_McodRcvKPLV_VBpqyBBfN`WlAioYtFKVdzWQR`QDT[tG]JLi_PjJ`DRhMDddo^RKBzuWf``ZlxRmgPPr^FudVBqaiiDNwgOqJiF]OoDykQXbm_BxolGidiozJTiw]R]Ej[dxJmdiCvsFdOoJhGZLaaN\\tGTuGG]ZoTsRvDnBIXfhpjVu``PWrR^INHEDYicwZZRQV]NdSXDIu`fJkZVaqGb^pkEnzkd[ojOVYE_DRfD[NUNh]uSzTBFSso[fYZecodULRPlfuSPLCGP[]WRFXdGndv^eeterB\\geACWMIgFBmuQl_zJCI_LK]bcVlGBBhXJb[e[[AFwk_FAifmFejcj]P\\IZZB[CfETUliQt`iCCc[gWatjzAXRFigRz]AAyfuEZmgxx]MEAaguooltaR\\BNmOfEWQW`iDXiVNdtvm]oSQ_Bm]LlH[hJsrh_AsaLp`S^PMYaHze_yMu]jeStEfXNVOp_aFsCMQznxBm`DedHqILgwKpWagHJHFHBWuACGbShMH_hrmqZCPXNCJcVQ]]`JqgsulJJdbBPp^ZogH`nqhGrhtyNRfleEm_W\\fmFdgq\\OIX`kniIwjj]joKBnvsxpWKCyCTBVZJKrfc`\\Y^^xchVDCgg[lShnsgsxVbh[gn]``eELe`VYUAMiozvWgadH\\WzzkbGqqDQpKq^Xc\\pLwPYrZJJVfQnGKVDJfF\\CZ_cRjX^y]_nLkYLMxH`aYkL`QKfpmUl^zmlYhHICgLtH^bVlKrL_aueiTDB_liLHmQMygn`qy]uNrECiptfvINwFIDEdFdQyzlUMVXEXRVaDAXqPBTjsCPy_TGpdivkULwNFjpTYoOdnhtFkMpcmuYvjmqsOb\\iWeLsDKlaLzRDogLr[BFXsSy[nB^TtwEqT`MI\\ABa\\PXmcUGDbyYM]EqEglFCgYgOv[jPZCWZA_vdvLrYuZlu_sUPiI]kvztDcIrIere_cyMyINI[thHNgmkDG[aQ`f_BesAnUjnDpNS`fWH\\ACqOrgWqXoBKQTyw[KTPMVFKuEXZZKXkTEQ^oPKx\\JVahcn]OWF[CsOexgUnPxXMXRrLC\\HKAVnDA`]RRvKDFwh\\qgaIvWi_mIIVlbZnOu[gELdXJC]UmUG\\eWVWuzPdhPQrWHaj\\XoL]AWeCIysuTlYBhlUMCsOeqyovmBC]msV`vzdzlUmAWjU_spiVM^Z``bfBbjQHwWI\\VsGiHU\\iGONHeQCwSgQPZqzUTcXCDeDAasIzjANrBkYRT_WRgUpQGsB`smV`wYf\\KNamICMRYYNjXiAoLGVjonuircHwehudFxGGyeJdH^rheSIKlbUqDvhXTru`vQhl_ee[cupaxmbRwMD_[wKDTE`JQjnGjeiqqGJAiicrlnsRTW\\GoVFyFdXZE[KtHirTDl[pDCqlUTR`LOptNgST_jlMijvN_jjDw`NcvfCl`TdmRsNqfQf\\W^oUzNHTHdNfdOdgBMycdaoLFzvq\\FbOEOgZltdi^jewGyIDPboZRCrqicOASQrBBybVcJuIdQEuvsFHrrbuQIwBXqkIecVMrcuHXm\\FggqBxwuq^HJ[jxktC`ylZm_AurDTyxkEW]NeSuE[wte]Zv^trAErojfuIpHFtas`XEENkGbH\\^p`IBazUJ\\xtsPhqT]]nyaVBEFVqQJlZxVRtGmHPHlkFvg_oWXXdFT^x[_DvKIEAk_v^ynkbVMfNqPFXaa[tmHTdsTZbiLEzgjVXkBqdgpOtiPGKZgVeiLOcKSeeTIsKHgaGuig_kqMwt[vcMPICp[Q\\\\mMYXLQ^wElBjAPkzquszSjjXBYEAqUhVEfH\\OH`aizojttMzXCz`Y]JD^AVnL^GkDfeUHPliVRQSuA_ILEdoUHwc]EyNmlULtEfNPsrIRQKGLqI^]NbHuSVwjCsDR^wdxFZqUQtSM[]EwpWfw[l_JMRbij_MAoroTbJGXRILTPuZpRztfMGqlXZkosHfmgSXdikVgQOeSaKuSrlXjebnhACwHYR_J]Yhw]pHbeNUy]^LN_YwGkwIE`kcfnNOzj[qH^ypCepFXMpL^rjczUXZ`QdXmM\\nWzVOBgDjacu]vqlsj_FoEeOeRBRquaDpJCjXqbJqnzCW[v^i`khOHhilllwAVMpz`ETtHTBIUOAFcrKW^cRJsoi\\TxgFeJ\\bJCrWceaMj`ttgcJtba]nvgGkVr`Kgv_KmZw`AnotBFZTvppkom_Ehif]vGAkFW`oBiGNgdtnmdlqNnp`CpWtWZ^EnZdtnDoe`eSMjbDKtlSEwpPIQ[iPAfXbLB[NzzzipGQc\\dq\\lLAfHYHxK\\dSV_etNkAhGqKtldPp_ggheM_ofmZnt]C_WhSQ]WVkcIUuAGt_JSY^oviIzpO\\QNoeng^ERyTIRwE\\seo_svebD`j[yJRhIuZVUjGUdpMKyQLsqNQVBjcVdMbOxCFHhgAX]jGI^[vCiZcmTrdltwgYREmIIsXakF^SQoWGGHsbnahJdouGZTNlAbGXxyAeDVScwP]`[]fmDEflXc_UyQHWsmSjiyJIHN^XNEMUSVfwi\\hvwUAVZffmOvkKxnq]T]fpbN^TVKCdfKhXEXmTxni\\clJRTCW__IcLprUirhzPdCGDOTF`A]_`oJNpELzTn^E^c\\bNDE\\QoYr`fFDAwr_B&quot;,169)" fullname="Open_Lab_03._10.Tests.GetNumberOfCharsInStringTestRandom('e',&quot;iuTfJ]WfXN^celZMtEgDFEN[KcSpog`giyYxvvNFcCVw^V]ksEk\\NTtdhs\\bJbqliqufS]Qxrb\\DjQxoFcxkvDYUFpPD[fvAMeOg[qXWnndgspuXvg\\beFpeXa`^MN]Lg[qFCQUOKaxI[m]PusHoJTWGodOuRuKaQXAXzpUeSNXDIhKfDPdUFiCSDkQZCZxQWXsCmFQE^^]wvTxHYdrBQq[bVhTO`vcsPHhloItyy_qbMFWknJAYcwzawQgElC`bvdhogMSQksCmzsVQQd\\VvJQTIGo_\\oNvzOgcXcEbrkijtNaDvWoHbJgmTUg`XoowfGmkMmsi`t_K[a[valcFAFUpctODw`KCvmEm[qrJ^Gche\\RntkyfMjvamwHS^olAj]Pi]h[kuZbu]gKHc\\JLa_qMq^z_i_fiUcxILdQMQOlmHBDFlAkBe`ZLfDryiwBVnt`uiCvzKxvRmDEo[tmhndEoIm^IlS_UNVzO]JXjFlrgeIYbyD_oJUcJoklw_mNsZaDWEqSQ]CcBmXKATvKhojKsnpZlY[KS^yNDEB^HkNRGmaWXalcdcaEkWKdOXasCsP_oKGvRXDxaYDGMZBLhrbkxu^htYPjKUPO]CcN[pRL`c^SSEXpVVLKQ`athYBtITnMIpeKqolraVLUXKUpB[UoJFxx\\iaBoXDMpRJ^ZMybeUdvTM]]ELsizyCCrgjHNkDJSy_GBrWo\\mKp\\CdPMEwc_VNrOGgm^qUuR[dUhV[MpEMMoNapDZuJn[ewlhsuLdRfYQ_BYOcrdkm[JADA`qjDvKGqpgdz^aBMmao^j`WorD`DhJnlerUUtNjNJhMmfcTDiahcM`QA[uLrfDJftrVfLhS`qaUCSeJPj]VH]K`EbTtzCrcF_bsnNirANImfLOiqkwIIiBJjSQEsoT^yyO^llVCBfUtTYttSfDOFj[X]XJ[wezLufnhxlwEUuG^TIpQZXlMlEXP^rBTcvFWfIyhfLvbiytLcwDTcsB_sm[pO_JFkd]ZokrLKHfN\\K_mLMgbohljta_tiIZHCqrE\\ZWsFsJ[NoDiOieCrcRCsnaNMy^Bi_KfTZQlpn\\w_R\\E^pez^XPZ_oMitJgGVHmjdXUpXtMEHV_bR\\kWT^^QPlG_McsgHUbW_m\\F[pbeKKSJPfWXZQnrd\\ZsRqdpAaxmoIC`Aev_vsFEYxOaL[NqbjmCScoeMmeeNaVHdrXoVOwlWV[UbCe`TGKEVzMXpQSJO\\qsbHwTDY\\TnBgwI[DJHERHVQmeezzEvn]v`cmZGQ]uerRUTPPVMIBJKi]QVSiEZXXz_kXahdDrcW^^zXQVjdrmlSlqF\\EnbY\\N[RpcrjhcFKboLzRxBTUp`eOMzb[M`PPJuPChci^AwOhbkxfGJGlOEgiqDccQP\\DpvXtvweUSqTsQwg\\CvTCY^AFNbLdAFMl\\LrgSDjK`mZXknYuWHaUvYfRuSfUkAUMecXEEAIyMJ^gEdV[JRMs`rpDaalAXUZ_YMnHWTpWycImvzMRwLLYn\\hmmT__OHarjyNspNDp]quxjDIbT[EMJBlw_BVCoQIqBQCwlT]iIVwxbkDiLwLnDUiiNRUosABLiDvYBLqzyVDoFoVnxgrrFUmgcUjZzhpIUkO^ofhzGLpiRtdZwaqMIJFURPpg]WzQ`v[U`szSyrlu_EVilP^ZqdzKfuM`pA^jL_IWZOuDa_ORXLpMtGvNtaZwvPiefZ]xUBiAwzP]VZsSUinZFzfiFPqeEL[KaQYGCQwW]pQtrYrZiHbN]O_gonsEKDvk`FwFBlPElWxQjlrgYWwxdMhRllSOXsLZt`Ul]mYxr^]FRNwCvLgoHyHSXfTPYAgtL^WKXGJgyzFGkcz^pQTLMXRvYCTrYI_rqduoqmepCzpIsAbpfqZHh\\gnM\\mUmSOp[OQHhLgDg^JMbJCX[_LbiXJVwGbVzPCjlziekZH[JW\\JR[LCYVuOGgGCEvLbdRDW\\Z\\c\\YgAWlXSvzD]u`xeVodEsf`pOarsSFirydbAitsVOoHFrjgEUZAgqWjqsrmpt`zqRM^Qxww\\vOpE_[y`um_tEBBculIrHC\\joQoeMVGX^_kbbfSXsMvGAGlPLvWLoEUtmGPNgTS_gGW`QZAOZkyuHUii_`ZRyudYKro[VEl`uW[tkMyluImDGZlYXbiHtB`l^xVZeasUzZAktoxSaiXqI`SkGWCoWdfsrjWmr_HTPXEgZB_cdVaLejcxfeTO^EyVoItKYL\\BaDak\\fRErZLADZNIGYGMLtqLZisRHUKYu_ebIs\\ATOWDsxRUulDzEPqhMVQmmAx^PmG_ogANxGtx]nS\\W^WWQKTfiwUmbiNTRsnGrm`NlpCxVsLZCpVOdaMEY[qsRNgOtagdzMeeyIf[IWPplujmSyjkgjhWwhw^JoEpMb[qKlQ[umwCLBGW^tvvqvxP`NhQMIQTRZdK[tbbhPqtmeLvb`APtJzQdKQwDzNm\\dllXwwdRUNbFD^vCmjhHB[I[TaPce^hBDYJtZ^fcWx`vXK`hVuRQae[IcQEVgAhq`aBfUCdPEFkDvMCIBcNkLX[YyAQIZPvWQiVrJuTTQCM\\tXNWNwTEnwfIFchTl[poJUmNqLyHPuZJKz`bnuu^vrcUCNlaNzbqMXS_eA`CxMot]\\xGDFaraSsRmXKdZYuPSdxmhAwmUs`jDjsbPf]HZjPt`AmNqvc_S_as_KYDJn^hmJOC`cUovmqcTDNgNjwZPAW_IzDEMZygMbHWmkiNbod`ix_\\xmq[qDYmmjt``Qb]oJWmwru^Ajs\\XqpL\\bG[c^pIJUdDqIhQMGk_bm`GsTZHLxUvtiDxJGtQUNcbNrgrBbOQFRdiCAcPEhxMAhJHFjHFM[KTJysBgbGeiEqcEVvI_eMgQWa`h_mRZIDfGQ`EHbd^bS^wrbDjoybcN^DnXTTHopKaAK\\oqrAxAjFxseiG\\C][a[XdNlgoN\\ilIwvhFPtxyeb_YFvmfNglSkz`msaEKMj`ATpvjAALI`]wttLIquJApwYYxWuNipmluC_EPzDeM[cnNCgthYOPCjkDuXySGm^TmkCqUGsqr`nUTfKukBaPa^iLS[JsAk^ZxPA]Ap_aaXY^vVjPMEcFMNmPCq_uxAqGBTXEfhtu]AjIELPwlufvIYNj]k[JQecabS\\bxed_LicL_dLqbcIDUuycGicuNjdsXJbljiyGQGk[qBLs`dci\\`LgUt\\PCjR\\EjnVCZHsdCmOK^mE]jVdHuXsxvXqNiDboOVHNqqF\\jFYmx\\qGWmTUhUJSvXHBRfuzLZwIfrgtPHXpyGzZbjrvkNHtMoSYiDKEKZa^`i\\_GZE`xTUoYi[cozOySCwq_NKLxSf_`\\tsOSpRIbvs[^AAdcQKLcL]meAsOtcfipOwobU]JxqlGDVBNJbVC[TxQWGdRwCOzQKfPEMBOnBNl[WiOzeERMcN]RfY\\kKNvcmqtklJxaHOZFLpAYUSRxwmhwIyYoa^doSJi`p_N\\HlFUnWFqXCWrvyfAIwbnkJAeffnCH[cpFqpLgTJmscW^GlsU_iXtwZkxk\\jIdDix[amFI[TonpvIn^^tmY^YCjtgFr[KeAJptYC`znMDUcGG_bKNxpVK`QukhFAQAIKmgFPU[yuzM[EZdmI^hMMofyQd_SstnwDLYU[YRqnzvVxFL[Hux]cnwVGhogqHGAMQWsBPSjLqYNtPBLXDKxwQTPPCNnefAftvJgiTZsbNRmVi]rfdPmxIDvxGcyB`FaqmTxFU]DdSVjzbuaaVHAVNilrNick\\qCHlvcU_lRGLIfmUwWLBXgYEKcEcFrfuTI\\TbNfSMBepuJFDy^RSWiDKeDaS^mZtfLszJYnilspWBcKB^BdcaT^eFRj^hSpZckKiQFuajcb^tgIBt`p]IqSRhOtrjPBYDVnRY\\kYGDsymAlZJheI^TRlXsABLCq[aI[^sqdXoXVEyU`h^[iCetvkECt`[iMDNYYe`OaSENTGxMnDTS_lUophMkYqxExFKRrawvIPuVyX`pmrOqMHK\\jZckXopkVzQOvgVNHYKPqzpXIXyabGrpvjcXxL^TZJAyHQtF]BjoxuejdLczqOIOI[SMExPvurphyrPr^sE`WDsAEsomc_^LBlphyhB_lnuGFxllvl\\xJcsEcSHMJ^SVTdfNBctqrancJluGHCrrC`BYtlEf`oUO[_m\\R_jSrfFdoPvqXAFGg\\TocNTQ_NRDL`HfzZpcS_zW[YdepNO_jNczKxtEKZneUCXPHQryL]oH\\xUJej[QzmTyxI[B`kYtkVCXBU]`WQSNZ[^Ndk[[y]fbjZRyppY[DvWGuwHQMuuiZF_^eNYpQxuNj[icC^kbrrJ_DWSgcKOEcwHduoUbWdJGAJX[O`NiKTrbvAZOvlMGjqfnTEhNJJKOiD^uzsYDw`uPF`huVFfeWDXK^dHJrA`AIcts]_ODTJKJvWhnXnsD^`regSWVkPLwAtG]fpXqrbRNsNOHvTlEI\\]clPLJHtSDxOJCPLHbVBMvNdlZDPZX^Hn_W_lWdNiyPOPeEMrkLKiGPbUH^mGsZvaq[efl[lyITOgzUHVrXjLTYhPpJdtrHp_ThZKZaGQ[LamBuVnWXO[kkNXmUpbqsHA^jTRuwvQQZkHsuOvoq]ZsVod[BXFl`ZcEaPRbDsZ]yKRzF`rFunAVhHIukrt`q`lzHDSfwUlxDxuK^dU]`zqlYNWYGXrLztfYYRsCMLJaCCRkNxWG]WzriAbugt`_^`yJR\\mMlSPTpQjWvgLIBkjcuokYjxWTgeD]DHYlLJVJHfBYQLzziW^nqWP^lU]nwwhLNMSnOZxrU`\\OmRH_yWeQGQghsuAqgcNKyqLDsLkOYfYQuBkZMyp`SWEwaevUZHLlRQPwFDfnfVs\\rVmqJaeinhsblO^OPWpR[gyelnTISBtw_dFKsEKs]]yeYiLraX^P`aAKXIFVM\\WlovDHJTVKMwoxiULDc]cu_eWxcvnkzogBGNp]eDhMCSDcmC\\CwBnjt\\NJ_F`OafKXQmr\\_iY_pVsLbnL`ZknyAwIeAgx`_ZgWIfSALA^OcOu^cBckuzppsMXUeN\\sktAVi]Dw\\KUYN`VmCeByDNf_er_vOxVx`e^jN_pGygOjeWcTreSzL^p^N]lryHh_pWtcBf_^pvzXyvtNPKEdfWmCpz\\lnxIrykuO^zRLGoJQ^Y`Rc^bnDEsYeqnBJmjrmIYNBfkQts]qM]_X[JIQWVnts\\dgLQCTFR^VzSQxmRtLcBMISWbzeY\\WU_UaBDEdqIluyIXHtK_E\\cRrO\\UpiCjhqGA\\yjwiNQUZQRKJzZFZtXvmM^RajOunZDErIvJKOprKNsaxQKqPwPnZLOO[YVyyWbzMNTBDPvLD`k`UwUP`YfrKPffuhiltrsogsUkxJmzAEjt[it_DFZ`kjowbhHVbJRMhwt\\ceRVfgqGamKLnKinXSDwDXIQCWYqm^L_pXwZoDtEtiWp]vcW\\_pUswXK]BTPOzUDagVVOOzTZyCVBSoGoBVNhrfszlxmkeqtUTPq`MIN`\\vutCJJNN[MeGViA]V]RMdoIIBhDyactIiMwlyxcn`]KdPNxapCqfvSrGllB\\GPgrT]YIlO^Yu^gGd_tnj]I^mOMVVqANwGhQqSQnoppb`XkYgk]MrNleGIEFPDnvOQ]nqWQQOFyuhbyU^ojeTnViUCJiOL^lBtSPvwbP[LxmOqx`Jjb\\UJc[unYnNcCDcNtnOjZaMZKHpdZ_Fd__dBWsRsUI^nCsIuJBxJR[QBOvy[eQTuidE_[aqA]WURCZXSyv[YawSDNbm\\tqNEodFYoe[dKxhvFzzp^g\\jqvUmQARsnVGfIP^ZUy_U\\qNdPXxObxxNU^OsOTInSbppqBmp]a\\`IHOzhl]tCDQpXtQeBeKAqkBtBYnNeImB]YENPOL^qOlPQzXwkHorV[jYFUyOyPOuQPTypDVmYhKbymdBBq]^TufBjgHuQw`aAryAgYHhlCYiQHZTkxNHnlaWdSOJv\\\\]HdaHncVciolR\\xlbMoJTjXnPQcXTKymQawagbSaHbeZyzPugahwGRImkpRrKLBYkC\\l`WFAuOBlEypPBiln]BfyXKqqP[VwaMiv__VP\\gCsQWimABq\\[NviX]TVaOkZsFLrPuk^T]SqzmiA\\DqNet]SRA^CKAiMvdzKLq]FRSIxvEjenSt]Y^oycsaPWiSTnGvWm^pfbkwRl_XMRtOrGLnYoBcTPNjdApKoJSrP^Nvia]ND[Ty^Z[MbT]blv]VUBTRvUcDyBzUtQEsRn_swOLJ`dc\\hkGUArbhMLSjsQA\\ZFSROeQxWeZFpJlRmHVNveUBjXfG\\pAfOjjZRRNC[IxWY\\rDZAxlumaplQbqzK\\benrFZRA\\tTmmhxdO`cg\\sOl\\JuiAjWDQgVmeeldIz]rbAnHngTRW^AjVCVw`dAl]P]FRLzdny_\\VXJ\\VmuTVFhmggWbOpE_zkUS_hqchj^Xz_TytuamihWXcjZfoYVyuz]fCrwhwSgfbPnISYiTORpSUxkoOLnPU`]zBivBxtpWAkpSvQSWjBjcJKRFHHZl_WRCmnGd^gWV]ZRdIXtxsX`SptqqXqupZErdZmaHKitDfUGkthxjO\\sHryMsxPMglavXbhKVqlnJ^]h\\nFxjtKayLkm[`iKu]MREZiJM^bt^ijdVQlFsS]nbzxMrujpIbshRKcCEwkMRRDP\\GXJndSbzZkF\\]SRnmkwpCSKijAvbQ\\Pwhkk^`B`PQir[^aceYY_aGZZoM\\EcWziy[InlboOlLh_U[jKJXRJrwipORwRDxwsQztzUmrCeKnUZuFT]QuKEqrBlT`[e^KoPoOUbjqWaO_hITVTLconClo[HrOANXXHAzFegkmn[_epSKsXxLOBiXl^zoMj\\pIJrXhJOkg[qBT^HzHxyqDBIVYcNbfs_CReV[yv^jJM`oLhDNWAgPkfmHA\\yEwgFownjiIgAM[Pgq]UKl`zKeMOSfrN[]wZm]GlrXxVFkzZo[ywfgQN`x]\\bh\\DquM_QB^Kjl]mnJt[en[rhvcnMjupAfJKwu_K_\\JnxoNuK^[VDBroNdWvRYSaHhJEbSqtfjvIdgusiidiP_myoVwS^dtFJcfPfJSrhakUFiKai_McodRcvKPLV_VBpqyBBfN`WlAioYtFKVdzWQR`QDT[tG]JLi_PjJ`DRhMDddo^RKBzuWf``ZlxRmgPPr^FudVBqaiiDNwgOqJiF]OoDykQXbm_BxolGidiozJTiw]R]Ej[dxJmdiCvsFdOoJhGZLaaN\\tGTuGG]ZoTsRvDnBIXfhpjVu``PWrR^INHEDYicwZZRQV]NdSXDIu`fJkZVaqGb^pkEnzkd[ojOVYE_DRfD[NUNh]uSzTBFSso[fYZecodULRPlfuSPLCGP[]WRFXdGndv^eeterB\\geACWMIgFBmuQl_zJCI_LK]bcVlGBBhXJb[e[[AFwk_FAifmFejcj]P\\IZZB[CfETUliQt`iCCc[gWatjzAXRFigRz]AAyfuEZmgxx]MEAaguooltaR\\BNmOfEWQW`iDXiVNdtvm]oSQ_Bm]LlH[hJsrh_AsaLp`S^PMYaHze_yMu]jeStEfXNVOp_aFsCMQznxBm`DedHqILgwKpWagHJHFHBWuACGbShMH_hrmqZCPXNCJcVQ]]`JqgsulJJdbBPp^ZogH`nqhGrhtyNRfleEm_W\\fmFdgq\\OIX`kniIwjj]joKBnvsxpWKCyCTBVZJKrfc`\\Y^^xchVDCgg[lShnsgsxVbh[gn]``eELe`VYUAMiozvWgadH\\WzzkbGqqDQpKq^Xc\\pLwPYrZJJVfQnGKVDJfF\\CZ_cRjX^y]_nLkYLMxH`aYkL`QKfpmUl^zmlYhHICgLtH^bVlKrL_aueiTDB_liLHmQMygn`qy]uNrECiptfvINwFIDEdFdQyzlUMVXEXRVaDAXqPBTjsCPy_TGpdivkULwNFjpTYoOdnhtFkMpcmuYvjmqsOb\\iWeLsDKlaLzRDogLr[BFXsSy[nB^TtwEqT`MI\\ABa\\PXmcUGDbyYM]EqEglFCgYgOv[jPZCWZA_vdvLrYuZlu_sUPiI]kvztDcIrIere_cyMyINI[thHNgmkDG[aQ`f_BesAnUjnDpNS`fWH\\ACqOrgWqXoBKQTyw[KTPMVFKuEXZZKXkTEQ^oPKx\\JVahcn]OWF[CsOexgUnPxXMXRrLC\\HKAVnDA`]RRvKDFwh\\qgaIvWi_mIIVlbZnOu[gELdXJC]UmUG\\eWVWuzPdhPQrWHaj\\XoL]AWeCIysuTlYBhlUMCsOeqyovmBC]msV`vzdzlUmAWjU_spiVM^Z``bfBbjQHwWI\\VsGiHU\\iGONHeQCwSgQPZqzUTcXCDeDAasIzjANrBkYRT_WRgUpQGsB`smV`wYf\\KNamICMRYYNjXiAoLGVjonuircHwehudFxGGyeJdH^rheSIKlbUqDvhXTru`vQhl_ee[cupaxmbRwMD_[wKDTE`JQjnGjeiqqGJAiicrlnsRTW\\GoVFyFdXZE[KtHirTDl[pDCqlUTR`LOptNgST_jlMijvN_jjDw`NcvfCl`TdmRsNqfQf\\W^oUzNHTHdNfdOdgBMycdaoLFzvq\\FbOEOgZltdi^jewGyIDPboZRCrqicOASQrBBybVcJuIdQEuvsFHrrbuQIwBXqkIecVMrcuHXm\\FggqBxwuq^HJ[jxktC`ylZm_AurDTyxkEW]NeSuE[wte]Zv^trAErojfuIpHFtas`XEENkGbH\\^p`IBazUJ\\xtsPhqT]]nyaVBEFVqQJlZxVRtGmHPHlkFvg_oWXXdFT^x[_DvKIEAk_v^ynkbVMfNqPFXaa[tmHTdsTZbiLEzgjVXkBqdgpOtiPGKZgVeiLOcKSeeTIsKHgaGuig_kqMwt[vcMPICp[Q\\\\mMYXLQ^wElBjAPkzquszSjjXBYEAqUhVEfH\\OH`aizojttMzXCz`Y]JD^AVnL^GkDfeUHPliVRQSuA_ILEdoUHwc]EyNmlULtEfNPsrIRQKGLqI^]NbHuSVwjCsDR^wdxFZqUQtSM[]EwpWfw[l_JMRbij_MAoroTbJGXRILTPuZpRztfMGqlXZkosHfmgSXdikVgQOeSaKuSrlXjebnhACwHYR_J]Yhw]pHbeNUy]^LN_YwGkwIE`kcfnNOzj[qH^ypCepFXMpL^rjczUXZ`QdXmM\\nWzVOBgDjacu]vqlsj_FoEeOeRBRquaDpJCjXqbJqnzCW[v^i`khOHhilllwAVMpz`ETtHTBIUOAFcrKW^cRJsoi\\TxgFeJ\\bJCrWceaMj`ttgcJtba]nvgGkVr`Kgv_KmZw`AnotBFZTvppkom_Ehif]vGAkFW`oBiGNgdtnmdlqNnp`CpWtWZ^EnZdtnDoe`eSMjbDKtlSEwpPIQ[iPAfXbLB[NzzzipGQc\\dq\\lLAfHYHxK\\dSV_etNkAhGqKtldPp_ggheM_ofmZnt]C_WhSQ]WVkcIUuAGt_JSY^oviIzpO\\QNoeng^ERyTIRwE\\seo_svebD`j[yJRhIuZVUjGUdpMKyQLsqNQVBjcVdMbOxCFHhgAX]jGI^[vCiZcmTrdltwgYREmIIsXakF^SQoWGGHsbnahJdouGZTNlAbGXxyAeDVScwP]`[]fmDEflXc_UyQHWsmSjiyJIHN^XNEMUSVfwi\\hvwUAVZffmOvkKxnq]T]fpbN^TVKCdfKhXEXmTxni\\clJRTCW__IcLprUirhzPdCGDOTF`A]_`oJNpELzTn^E^c\\bNDE\\QoYr`fFDAwr_B&quot;,169)" methodname="GetNumberOfCharsInStringTestRandom" classname="Open_Lab_03._10.Tests" runstate="Runnable" seed="744426633" result="Passed" start-time="2021-10-19 19:34:08Z" end-time="2021-10-19 19:34:08Z" duration="0.000146" asserts="1" />
            <test-case id="1051" name="GetNumberOfCharsInStringTestRandom('x',&quot;Xgd`dgif]Gxd\\mls]vBOkVRiJzHyXvyDt_Evd_[pcIwlbCdRODVcAVSCUvVe`jOaHukxiqPx\\MfcYaGGWpkTaWC^MBahIpPsuWegSgdXnXHokkenoOOjzuzlrMkgQbofwmhCwZokMSaIOOn]XnsubatzWspFvwHLc]rxCbrV[^]hUq]dZNP^iuDWtifDeioPKU`mXp[pv^ZDDMe`VLfihe]iY\\DTwnkljN]AQkMdmZbL[zThDGhYCGcarrTvmGtHniUqjeOfzBvNCRNYIWQpGRidewJZWQrga[Xmf]xZrBYBKV^`dunWqDB\\zlLn[pOjKPhcu\\nfYqyEthYPYdp\\]\\p]YvmuRJyCniqvhufIHIxzFwcSSwVqznNiZKJyitTOrvRKq^b^ygUU^pX]T[bVoICz\\H]]lh[OojIJfY\\pUrsTYsLdnheNRyZjtRiiAEmRMF`ohNrvzmAxPjacwsjDCNxpPYQTjmoPEbHTTWv`qjO_y][JkFlHVjOzIk`Ox^LMxlsicNPaxJNSyYrmyGdeAguVSHKcqgcS_BbNdlb]qLKM\\vAktmQquaLQq^V[DgkQauo&quot;,11)" fullname="Open_Lab_03._10.Tests.GetNumberOfCharsInStringTestRandom('x',&quot;Xgd`dgif]Gxd\\mls]vBOkVRiJzHyXvyDt_Evd_[pcIwlbCdRODVcAVSCUvVe`jOaHukxiqPx\\MfcYaGGWpkTaWC^MBahIpPsuWegSgdXnXHokkenoOOjzuzlrMkgQbofwmhCwZokMSaIOOn]XnsubatzWspFvwHLc]rxCbrV[^]hUq]dZNP^iuDWtifDeioPKU`mXp[pv^ZDDMe`VLfihe]iY\\DTwnkljN]AQkMdmZbL[zThDGhYCGcarrTvmGtHniUqjeOfzBvNCRNYIWQpGRidewJZWQrga[Xmf]xZrBYBKV^`dunWqDB\\zlLn[pOjKPhcu\\nfYqyEthYPYdp\\]\\p]YvmuRJyCniqvhufIHIxzFwcSSwVqznNiZKJyitTOrvRKq^b^ygUU^pX]T[bVoICz\\H]]lh[OojIJfY\\pUrsTYsLdnheNRyZjtRiiAEmRMF`ohNrvzmAxPjacwsjDCNxpPYQTjmoPEbHTTWv`qjO_y][JkFlHVjOzIk`Ox^LMxlsicNPaxJNSyYrmyGdeAguVSHKcqgcS_BbNdlb]qLKM\\vAktmQquaLQq^V[DgkQauo&quot;,11)" methodname="GetNumberOfCharsInStringTestRandom" classname="Open_Lab_03._10.Tests" runstate="Runnable" seed="975272227" result="Passed" start-time="2021-10-19 19:34:08Z" end-time="2021-10-19 19:34:08Z" duration="0.000067" asserts="1" />
            <test-case id="1052" name="GetNumberOfCharsInStringTestRandom('P',&quot;eJM`Gop]htXH[jDWmYxpQWGWGZJ\\ufbHCsOdDRomVoJdyScxgto]qHbOCpYgfUcCSPEb[[S\\eLZ\\N]YnqLoAqFRvRAaNsHHBMGRiOB]LaTrehFAaXfpZ`bLMyJQZtFc]DYPGKj`picZ^NgNLzAqMSi\\evEkElDS\\kVbPquVhFzkxIizRwEZtPWKVxeLFy[EfQxmsFyVFeIGSx_]NFZIhdZMUKLRMjPieuFgKvGMxiUOGPrYZIyA`SXBrlYhtgJWUZ]XsrRRzMKyPKFFTnsDlPJS^DpY^ZSR`ythnZ`bqgATHZmggTUGoFfFQJuoCsoattZRQXStNQNEOpKERImJEM]ZSoXd`k`xr[ZNz[WOB[s^raq[yq^tGe\\gWzy]AiT]lQMnVxEqm_IdTzcmxwejNgrNzmqA]tNSHWmbUCFBlhGb\\rTXXM`EDePEYzocGETtQq]xNAYuqdx``PlHZZcQUIO]GhIUO]vhUNQfUVJWneN[gj`JNhIg\\D_IbAqarDgUhQLRyGmEQL]kunpWIzHaTPLQjIDU_d`kxtnW_NKHuEWPaoNnK[YswFAYFucqCX`ggmmBAZsuozgPsvkuuPKELgossUQeeUE]`jdoCMnkb^DwZl`JJhvnM[\\AxuIfIOP[vJjJSwsi][]icsYHpG[wZRPENdqIDHbTNdAPBVrNpMQmxnXF\\BqCoSAdtfwiFkfUsJ[zrIFZOMHNA^GZMlgBR``ucXWVZJIFavuoSXNSwWnbLndW`]]TDdDTeaW[mjAFDCgEdRHo^UFvmxipozqwgoCxsaKmBn`MVh^JH_nNVipi_HagragntDZPziMCHUmkos`FZ`iPLcbxyTZkA^u[HmTRNOJYRlGAwFufc\\MSsWbQ\\]QgP\\CdZRdC_OrLVPy[]bBtYnI_RcckKDplx]Ipj]ae]sHTdBwdXHou[XO]T^Srjsr\\YGNsGIlzAWXagouPfySDPuQaOg]LKjudAfv^oD]PVouDzhq_cCLk`nL^pge[g`pQ]naAtW\\b]Di[ANbbpxcH^JDNZXiHZBcqzebLHqfMbdO]Fl^cFCejwimSkSa]iTI\\\\r\\VfV[zSW`uvbIitGCWWstRrO\\oPJ^N\\nANQHwjcfXaIsWIKrcbRlEcyJ_WugkIsSYIbuXmKTol\\SIysTdXavwkiYOGd`pwuOhq[ObPZqXywTGfB`_bCScwWhZIfRJf^sqMeS_dlTxk_xnVRcFDAOtcglZmpYeIhm[E]tAiBvpjUrYYuErDMFePzOatsmoSjpDl^jsXbXCEYKOpSBslbawbHLEOTGpOH]z_ogvKLZ\\oD`qoAlbrtClIt\\eReeD\\bnxwLjAgFiaHFH_bUQOc`xVElqfSCd`aWANPcudQkulL]dDlxCwUW\\veYsKUDie]IzlFuOz[gxreLJbHnuVzhLKuEcrjjPNBQPD^sxriC\\hYdQYPQDaJTepxorARXPlXkpUvFEPqCgxL^mQoKbZfiDig[GiAwaQnkPiow]JMnkGghdZCaMGqqFjgHh[zVOt]WJ[ND]shYMsxxByqgf[kZ[xeaBgOCJq_reQ^JMyEUZXdNljFidTkoJDwMqgCpdfOVTGSl\\h[gVVzCTWpSb`YqGkhbURS`wOkoJOueWTNvtDYnDts[rkOEMXOdYlXJVvkHfLsF\\LvNR]xDRu^[YsiMzgblzRLfwEaxTRIrBnygoBmk[LS_Nxk]N^IzeGFJzQRNwzkzmfZetCYytqRozhXyTDkpJJNuiog^k`o\\\\Smb_GdLFJFnpRKStSusOuqdY_wFVuOTCqShvp[N[`kzDZEWeTeXfvMa]IJzJ_pLvmkzy^XEsgYiKq`z[a[BPqiGdlKmg[Dwk_DRiEXHwa`y^^WfdK`dDnvFEdVNSfYXd\\yfmOQVITFjQjdFV`J\\v[sxcyMEjKpRIIVB`ksUtJ[khMoUAPrm\\w\\IdACoBLgy_obIUbaegoclAIPWKsEZSCpLgMY_iESh^]LtffAYjNGhTjH[lgeJHNf]zV]HJBwb\\uO_xWk_rfjEvHswFynB[J`QqjuQJtOhR`LY\\d^VvFR]^aar]`CLOvHSVxiN\\[VyWBnWwZ\\\\\\XFUsDmPJDneqDZWXtD^vPt\\kSF\\nJvDDakqpmZRKYEYgkHTcXyCVy`L^de`yQ\\zIjaQTcaf[mS]L\\ozKmtVLshFA`TLItSuxEQwKrAzqTcdfDzCpeVMXGoPC\\PnPU]aZY`GKrpTmu_rQEZx`QW^_G]qQAujcMj]qCJN^srxpC[]bwzxBROyyzBTvipJwFk`KCANvMZgYYi]gAPUBxhQyk^rAqRpChAjRuS_vlBorba`Q_gvZ\\IzXZbZ`JMFveelYyLmikZPvtZWKxa]JWVb`BRrSszl`wtNwpHSTuNjCtD_AKObckv_ODLWgTZpkhkzzL[VqOIOJg_gynrIdYJoAVztdlfA\\XyVIE`pkslUbgVb_`Yt\\RLS^vyeMamEcInliJ^tOCXlgoMUzXVDSm_KLfrNGudKGglZtdsUC_fZt[fjideoKilqed`CSQnTZMeADn[W_BBoHEQlzI_]PozXuvpPDqClkRAgpffvIOPJhxj`ToCKmRDeMNFHyLSiyPDpDdvU]cTB`qkxMPwPnrzZNWZca^xxwaKXtt\\jtihJxCFW]IviODvHQechJSnyfVFygTDSnMVEKq\\KQDGYcOjsfDGPQoaavj^cxHkJEcvBhrw[IXXFMVWXgMTcMnCzgpJ\\StNJTxTzShLoGgHtW[T`SFwloHwRawUsh\\HPKNmPCXFyB`]agIcM\\eIMw\\VLACYWTTGe`siJhE]vAykPfWfYTIWDTuSisbOAyifhYrBn[Z_XHNLylGaeXACKwCRe`zRGp]wSTCqoVrxudzwGjUxlBedyf[lW`WO[HYbeQtfjQlPaCIbxFLvLC`FLtxgsQZOyc^mKXRppjO\\PUDw^toQU\\CXbTWlSMmYq^Rx_VW`nVF]oEpqqBJz]It]aGKrAa]dwqelDFXH^O]yWad^^avRCnvhdpXYK__Nt\\`y[DmkdC]NgvFz^hT[fLbJuwIOizwykPFvAfDZoLhzQhBijXv^KEchtWD^v_BeF^^WpJzreugZ^bsNu[_REZnggXBeb`_PJDunJfs`XDtQXIKS^pc\\zk`gjrjXIVPEVWQ[hFDPbytBa]O_NjGmxDPZ^NDSv\\XCnovBskeYmStBq_FNcLKZO^HSGqwZCkUGarNlbMg]EizeJOczHqjkRynPhcvBoKVByn[zQUfW_hUa^]JsNwSLAeocDyEzReitSyfVndinLTLddNlKZDnrsKAUyswSQfEty\\N`rnEeN_AhZKzqMt`OrrAIxRXvhW^`PRfIzMTgyIdUJTvntFFWGqCH[Fb`WJxrB\\XH`qrzatQiNgzeWdBbRHZZP_htfnQoLmThvnOCOGpMaTtnGwJmHVauCysAJxUnd\\^\\TRicUzTKRMtvftnid^hpMYfxuNtQlCdEpX[pObXICVdpFxVPKfJFoiOuflhHFCZOdoFNZy[CF_mrppsxseGFs^QGI`J^tQCzvUMQrIpLLHAPvXEqtkP\\vTVG^yEupwIo\\mv\\cbGkouuk]BLl[SdJBbEczGnsDvWPzLnJ]dNSd`gBZed]nTZ]SznuiS]]nOgt^flQNBOrER`]uCJU^REk\\uwzYt[JHl_Vsm^osSOmEcXB[QzfJHz]JwYdjmsTbFjTnJdH`V\\KCSft]u`HuoAzlBLwUtFG[uKzsDNQgrFofo[rQ_GoMkZmEjclyhngPVkHHfAZgP[DiMUwbTfpmQtj\\YvJ\\]SzEZ_QESkf_hHxPWDsVfJeCxty\\BgjkrxKw\\yPhDsPdAREJv[FUCnqSixH``oCgBuhkwBoXoKRmuABfpp`bbUiDGsO_rjIPpccFdUMufhar\\EXhv\\kkO\\FgLddEmQaECCwSYvC[cfvtoqbC[acWzYAU^vuzkIHVH]pZHFPzZPHdaLsVCbdLhJEeBco]BCj[^`mSBIuVRcxjQXnRD_xJ_wixXKX`QnxW`hGBZaTtgOuEMVTeo^Y^EawbqourlUE_eaJdRls^LE]QBdlCqmknU[Szl_Kef]IRJW[fLkTDevRADf`NDsAyeRJJOKsmbNriwKGfJFqGZhIYJRvFzxbn\\JhsMQXBsb\\XEdEt`uDxCu`wIlAwOnmdfEMm]OZtioNrLlU`NC`Ftelbelj[P[mFosmzWSWQ[KONghkXW[jMNhjATfHl_ydOCIDTzUJvfOejV_vwASEokarGIlglKfm]aAL^eXXBRobyDAfpjLkMtp_]RwKOiYlz]HIVTXSduC^wytDIFrBzv`cl]iMiMJTsDb\\vrP]RsGRrRb^XsCIqWlEw`XteLeXkiesXYIQqVjGpNlZuLopJB^]R^_W[VrGOjbIhiGzjmR[gfOjnxzYWoNjLIbttmp[^drFgcmLFpFXjCpfOpc^WZjZ]sx_HMGxxrxDnICLKnSbipzJTveDJSDEuYdoeOEtjH[sElsGnWScGHlgsoKLbCoentIV_OawjZraVHEbD_QmA[xmgxvqDsRhTpELd]b`qVthPKQljdHClBeTvWibSjsrHKN`CsybxlwebP]]hJH[kPvSLlPNnzMG]B`FxkjqeaEAEzlftMtIcYGsPvURdknx_qH`kX`w[QpKKvNMzdTbGE^EvhqCWXNtmG\\OrLv]gwiScwhThIRzXMr[SDeCb^aCCvXDZyUniruJVL\\zz]UNGO]aOAvobtuJWfPh`dtjn^R`RiEHbeCEJSwoYqoZD`LoxlnkwoZWcf[dwxPawnMwqqADj[Oio[fNR]cavTLmLg\\_sSs\\bO]PSPyGlkB\\albIzMR[Vjecc[lKU\\KWcmHaxWuC^\\oLSjMZET`gBXFrduhs^omP`ftndBKcRPwuuZQsNRFAw_UKhPwDjC`ji`fgqYqDJwUl\\LxKeoeLjmSBQiGTEHtPkMMVndBp\\BrAJdi\\SlYuXUAwMeWHS]yCDFBOzcWAnpjiuSrhAeBTiysVMPIJNt]yCpxEbZ]jVXHbeRBumiHh\\fTENgCjZNntTlfFUnGaIRxQrQluOOX_mp^X\\srvXmQIeOOtgw`yba_JhDNwuH\\LqOG^NOd]wLIVBpfcCrORjYwLQTjYfvAQRFSVHkfYSCCWYJIsXetDtJ\\XRuNu`LqBLsEw^Q[SLpygWanHLqAABwWHduDM^lsHMAL`FMUHJbrDKpBlHGiiKqzO\\wSdMOo[wr[VUOBz]tq[FTxotSFXCKwVBxDItluvmXGTUfWsEjMRz_IIz_ktIXXmuETXLtFlyvihNdZNwMSSyfW]ouJVBAnUATYQRyhLe[SDq[vVE]xvEEnPhrdQjkjxIThtLJvx`Hi^SSfTzoQ_DrQvaJc[VX\\tlUv^nCKvbAWwVQwULPRuZLuQDlTBa[bIfpmyXIaweVxD\\TaPNNOFFbZa[f[BjIUGYOQa^yxCjUQEOrojLDnTL]CEVM^li_N\\BqeNCzlPPMWlQVRdqkpfUBuwLLLR[MUKGoCXMbgLR_DzGQnzuuvxjbHAwiBqo[pDrLe]SuWPEdUqyuquYLX`RX\\_hC\\^`pXrizIufRgz^ftFNQCBsHYdCPm[jGpQZsjOM]HymvOG_XBf_WRWAZfYWnoZMiK`\\WaeweskIDPxsREeNHwToYPzNRrZiimDkjfIqWjt^aNxKhaFjJMFlrkCHbXfmZC[QLMJgwoqYCpNLSo`kmj_]hStycBPzDGE_ngz\\WYmVVgjB]ronruAj^ydtTLDv_qUwljXfoEUTxIGAcs\\lM]IJGVAoCGHLUrq_SmPnZJymagmVsdQ\\jSiCiKqWicciwIzFRbhqchRC^WdZcfwZpg\\BJoqHwtFqaPpXhhDQv[sCBf`SbWnDgJtQgxv^katic[]OaLmvbg^VnZA^P_a`GBKXW`ljla`VaKZaJQlWer\\zf^]NxYOMATcaQFsB[CKBGIodzZTynJvOaKlsC^lSSTUNbtQEYkvbh[t^jsN^EPZqXUAFTAywRrinnaCGIPaCOUaFROIKQNOCu_pMtLkYlzQqlFjIpHVpjWcDounFrngDdgtPlqMx_HQODkTL_zUIsYS^wlYyXfaxTNMFM[XzuXQcFTzDabarZ^KKTVTzXO`taTvq^OzEcUN\\IkYcmUYqEj_pDCmrGXcgrXBmYJaSc]PEPiCcxkNCpjproFn\\\\HxKmbdkjfKcoFNcZ[aUzKuWK`qHbJySVEr[_ERiFRsRaeNj]MXU`Z\\QNbAMk\\I`hsNkOmEVIrPiRcq`SGfUldmwdaNwEFxdISdhX^\\jICLhKnyel[ueqnnDFRHi`HQDuf`zyIIofwMjXElpbcLeKTnU_abFWnJBlIn_NzgdRGyubEfB`RGxwgsbsL[YaDYsmKxPRNcbwbTEUtm[uaaEgMEFQLfC`NCNhGHXGWjSj_BUToNzYA_z^TL`FsyFbaCi`FWNlVT^qNVHLkm\\xgd_jDkUvcRNYdlJ]TpNXAODgAIPxEUVG]Huw^y]UCSIDGFN]Mfsv_ExYasju[WrOwGv\\qMyUStUiFzavvnkY\\ZcYK]WfPbtg[uGzKlfAh^cfjPSaSoyhfYm]_]RTqSFlziNKsakKHklyrxiuKqT[cMACIe[hZSKUYrfACHhlDoauhoeboWJAzeIniKCOGDkpaXaARisCIbXofFVUzttDIJUnisSrFYfAElUQOePF^HrYNTHdphPMKhgWCmRZWBwkvXkulFGUdn`ASw`VkiBXJYpWExN\\Sqj]LH]qdMskbucWIfEGMwihz_a]bTqnreCnDCpLZjl_qRqOqZOYtHOWHC^gazOPWEsxsoTGqsg]LKqhiRgIFXtjVfgA_Ie[[\\IlYsWBFIcB\\lLxMpyOSGKyLJbMISbhNLCjBEPpveCxpsOe[jojKWHURKaPRKtnbvnPj\\vHaJTiDNISuwlZ^r^rDhXr^z^klPWuFyuyngJBCZQEBNUUY[PjYvLBEDeafdworONwCmfqi]peXTqPfISRzg]JmsujCdVZ]\\MmAYSfoYBwGbdkNUu]QfoKmEJJswnFGWIwGEPMqg]afaDLOK]iisIqgCzvOInsfvpjZhdIEigeJO_MAyuh[EWNORPEEUxhsevjkTlbbTezM^hY^muQOFXa`b\\IY_Dklzl_Sp]hNTGG[WBkdrbSZhZmMUKIsdICPuONmJFiQNDuzRGIak_bxlQD`yRyeTodKEr`Ioy[lsBLe`nvOCcHFbE^dLhnrHDwYZjvZbzmmEpFjFZALVjclh_dzTvxGKcepFmKps]hCpUBmzo_mhc\\X\\LlvGvFfCfb\\KPeSOKTtCavS^qA`XKZcGNUtBPjwWBzKm`cjJL^]PcVuPZYPvaOsMzUxvkRy\\W^Aal`xOQWLgxS_rZecrZApnHynKenYu`BsEUU_t[BfKCLPhpF]GjHBWhMZmmmd]xRHvZ[]EGiWYVflvjFV`RSLYz]WIulHhXINlDTNVcXAAkcAC\\^DgXELeGjwxDUKUbjBNXzsWszwtSKhW\\TgWh[QTwcfUWPRNNfZBbne\\fhoXHSSvB`]khngGZhQpT_zcijggkgohjKlAgsMeQjSrnbaZyTbu^pIHiLiYffLVkpA]CgZa\\f`eLIpHIMhWEuJtCdR\\Jnye^xGxaDWRtBYrP^v`VbPYypQqfGZYVyWhhvGOCrbFqV]D\\Se_ilFc_`figPSZdywvelKUXg^^AJccSMUS]ujdsoJHPXbm`H]rZaYkIPHBOcbUxDWZvzwiOTDqcCFAElxshkJlneKNnhUQMoKLAHraKndF^cIFKGx]eihMuegQojuayndnstzwuXitHDNL\\FDgksf^HyRV\\al\\tDGkzUNRHAcMAnEqX[pjfNpGHFgtbd[UgMADx^LHrm`kPZ]Tt\\yAlBpfNzdtiTj^`OaomBstPhrtiFqhcSAGeZceWVqxuRZ_CBKBtibscFlDKwxIJvRVSdtFfvYXKvyxOTrgupoulI_`i`[[YiozADLZIFWxPJhhGooqEQNUGWeKFTXF\\yz]HzwLHX_pYqec[qYtkdVH[ZseZAUohQ\\RKK`HrdihmXvPmBjOv^VscrChHSlGDjHIVSYPQRCHuhVC_csXRGtKvdiSIsA`sbeCPmuZdZxe\\Oxu]zI_[TpwqxNldFHYR]OTDSmmhYnrJOiggnpJk\\E_lhMR_Jp^S`TyzerKMWrBaynbPaFpQyhpXkbWF[N_dP_evjhCwewUeDxnteCxEzNUr^aOD[ElISYQZJg`sDtfBTLUmn^[YPZdCKmXJZy]`KLRehTjy^FBGbS^RM\\PxeTtsoOPXOWZEWFrItjFZn]vKY^[rPGwyj_vqSYqZESkGfxj]\\VX]VqKHYi[RnXHIZ\\VsKAq\\tgU[mo_\\nyVti[csUoYdy_fgKbhKbrR\\_wdj\\jVeJy_pBO[zt]_VcN]UBiPKHUtwguUlrsXeZnZzApfwHiRFSvsR[OinZK]pEcJGtiHAEtwon]ULCTDZDodkCCRdKeLOReuYg_DYaQAZzE_xt^kGHDlQyYEqX_p[ii^Jbw__PesmnJlx_UjhuEHNseZNZNBC\\alQbUVxyLr]Ly^ohHRDpI`da&quot;,153)" fullname="Open_Lab_03._10.Tests.GetNumberOfCharsInStringTestRandom('P',&quot;eJM`Gop]htXH[jDWmYxpQWGWGZJ\\ufbHCsOdDRomVoJdyScxgto]qHbOCpYgfUcCSPEb[[S\\eLZ\\N]YnqLoAqFRvRAaNsHHBMGRiOB]LaTrehFAaXfpZ`bLMyJQZtFc]DYPGKj`picZ^NgNLzAqMSi\\evEkElDS\\kVbPquVhFzkxIizRwEZtPWKVxeLFy[EfQxmsFyVFeIGSx_]NFZIhdZMUKLRMjPieuFgKvGMxiUOGPrYZIyA`SXBrlYhtgJWUZ]XsrRRzMKyPKFFTnsDlPJS^DpY^ZSR`ythnZ`bqgATHZmggTUGoFfFQJuoCsoattZRQXStNQNEOpKERImJEM]ZSoXd`k`xr[ZNz[WOB[s^raq[yq^tGe\\gWzy]AiT]lQMnVxEqm_IdTzcmxwejNgrNzmqA]tNSHWmbUCFBlhGb\\rTXXM`EDePEYzocGETtQq]xNAYuqdx``PlHZZcQUIO]GhIUO]vhUNQfUVJWneN[gj`JNhIg\\D_IbAqarDgUhQLRyGmEQL]kunpWIzHaTPLQjIDU_d`kxtnW_NKHuEWPaoNnK[YswFAYFucqCX`ggmmBAZsuozgPsvkuuPKELgossUQeeUE]`jdoCMnkb^DwZl`JJhvnM[\\AxuIfIOP[vJjJSwsi][]icsYHpG[wZRPENdqIDHbTNdAPBVrNpMQmxnXF\\BqCoSAdtfwiFkfUsJ[zrIFZOMHNA^GZMlgBR``ucXWVZJIFavuoSXNSwWnbLndW`]]TDdDTeaW[mjAFDCgEdRHo^UFvmxipozqwgoCxsaKmBn`MVh^JH_nNVipi_HagragntDZPziMCHUmkos`FZ`iPLcbxyTZkA^u[HmTRNOJYRlGAwFufc\\MSsWbQ\\]QgP\\CdZRdC_OrLVPy[]bBtYnI_RcckKDplx]Ipj]ae]sHTdBwdXHou[XO]T^Srjsr\\YGNsGIlzAWXagouPfySDPuQaOg]LKjudAfv^oD]PVouDzhq_cCLk`nL^pge[g`pQ]naAtW\\b]Di[ANbbpxcH^JDNZXiHZBcqzebLHqfMbdO]Fl^cFCejwimSkSa]iTI\\\\r\\VfV[zSW`uvbIitGCWWstRrO\\oPJ^N\\nANQHwjcfXaIsWIKrcbRlEcyJ_WugkIsSYIbuXmKTol\\SIysTdXavwkiYOGd`pwuOhq[ObPZqXywTGfB`_bCScwWhZIfRJf^sqMeS_dlTxk_xnVRcFDAOtcglZmpYeIhm[E]tAiBvpjUrYYuErDMFePzOatsmoSjpDl^jsXbXCEYKOpSBslbawbHLEOTGpOH]z_ogvKLZ\\oD`qoAlbrtClIt\\eReeD\\bnxwLjAgFiaHFH_bUQOc`xVElqfSCd`aWANPcudQkulL]dDlxCwUW\\veYsKUDie]IzlFuOz[gxreLJbHnuVzhLKuEcrjjPNBQPD^sxriC\\hYdQYPQDaJTepxorARXPlXkpUvFEPqCgxL^mQoKbZfiDig[GiAwaQnkPiow]JMnkGghdZCaMGqqFjgHh[zVOt]WJ[ND]shYMsxxByqgf[kZ[xeaBgOCJq_reQ^JMyEUZXdNljFidTkoJDwMqgCpdfOVTGSl\\h[gVVzCTWpSb`YqGkhbURS`wOkoJOueWTNvtDYnDts[rkOEMXOdYlXJVvkHfLsF\\LvNR]xDRu^[YsiMzgblzRLfwEaxTRIrBnygoBmk[LS_Nxk]N^IzeGFJzQRNwzkzmfZetCYytqRozhXyTDkpJJNuiog^k`o\\\\Smb_GdLFJFnpRKStSusOuqdY_wFVuOTCqShvp[N[`kzDZEWeTeXfvMa]IJzJ_pLvmkzy^XEsgYiKq`z[a[BPqiGdlKmg[Dwk_DRiEXHwa`y^^WfdK`dDnvFEdVNSfYXd\\yfmOQVITFjQjdFV`J\\v[sxcyMEjKpRIIVB`ksUtJ[khMoUAPrm\\w\\IdACoBLgy_obIUbaegoclAIPWKsEZSCpLgMY_iESh^]LtffAYjNGhTjH[lgeJHNf]zV]HJBwb\\uO_xWk_rfjEvHswFynB[J`QqjuQJtOhR`LY\\d^VvFR]^aar]`CLOvHSVxiN\\[VyWBnWwZ\\\\\\XFUsDmPJDneqDZWXtD^vPt\\kSF\\nJvDDakqpmZRKYEYgkHTcXyCVy`L^de`yQ\\zIjaQTcaf[mS]L\\ozKmtVLshFA`TLItSuxEQwKrAzqTcdfDzCpeVMXGoPC\\PnPU]aZY`GKrpTmu_rQEZx`QW^_G]qQAujcMj]qCJN^srxpC[]bwzxBROyyzBTvipJwFk`KCANvMZgYYi]gAPUBxhQyk^rAqRpChAjRuS_vlBorba`Q_gvZ\\IzXZbZ`JMFveelYyLmikZPvtZWKxa]JWVb`BRrSszl`wtNwpHSTuNjCtD_AKObckv_ODLWgTZpkhkzzL[VqOIOJg_gynrIdYJoAVztdlfA\\XyVIE`pkslUbgVb_`Yt\\RLS^vyeMamEcInliJ^tOCXlgoMUzXVDSm_KLfrNGudKGglZtdsUC_fZt[fjideoKilqed`CSQnTZMeADn[W_BBoHEQlzI_]PozXuvpPDqClkRAgpffvIOPJhxj`ToCKmRDeMNFHyLSiyPDpDdvU]cTB`qkxMPwPnrzZNWZca^xxwaKXtt\\jtihJxCFW]IviODvHQechJSnyfVFygTDSnMVEKq\\KQDGYcOjsfDGPQoaavj^cxHkJEcvBhrw[IXXFMVWXgMTcMnCzgpJ\\StNJTxTzShLoGgHtW[T`SFwloHwRawUsh\\HPKNmPCXFyB`]agIcM\\eIMw\\VLACYWTTGe`siJhE]vAykPfWfYTIWDTuSisbOAyifhYrBn[Z_XHNLylGaeXACKwCRe`zRGp]wSTCqoVrxudzwGjUxlBedyf[lW`WO[HYbeQtfjQlPaCIbxFLvLC`FLtxgsQZOyc^mKXRppjO\\PUDw^toQU\\CXbTWlSMmYq^Rx_VW`nVF]oEpqqBJz]It]aGKrAa]dwqelDFXH^O]yWad^^avRCnvhdpXYK__Nt\\`y[DmkdC]NgvFz^hT[fLbJuwIOizwykPFvAfDZoLhzQhBijXv^KEchtWD^v_BeF^^WpJzreugZ^bsNu[_REZnggXBeb`_PJDunJfs`XDtQXIKS^pc\\zk`gjrjXIVPEVWQ[hFDPbytBa]O_NjGmxDPZ^NDSv\\XCnovBskeYmStBq_FNcLKZO^HSGqwZCkUGarNlbMg]EizeJOczHqjkRynPhcvBoKVByn[zQUfW_hUa^]JsNwSLAeocDyEzReitSyfVndinLTLddNlKZDnrsKAUyswSQfEty\\N`rnEeN_AhZKzqMt`OrrAIxRXvhW^`PRfIzMTgyIdUJTvntFFWGqCH[Fb`WJxrB\\XH`qrzatQiNgzeWdBbRHZZP_htfnQoLmThvnOCOGpMaTtnGwJmHVauCysAJxUnd\\^\\TRicUzTKRMtvftnid^hpMYfxuNtQlCdEpX[pObXICVdpFxVPKfJFoiOuflhHFCZOdoFNZy[CF_mrppsxseGFs^QGI`J^tQCzvUMQrIpLLHAPvXEqtkP\\vTVG^yEupwIo\\mv\\cbGkouuk]BLl[SdJBbEczGnsDvWPzLnJ]dNSd`gBZed]nTZ]SznuiS]]nOgt^flQNBOrER`]uCJU^REk\\uwzYt[JHl_Vsm^osSOmEcXB[QzfJHz]JwYdjmsTbFjTnJdH`V\\KCSft]u`HuoAzlBLwUtFG[uKzsDNQgrFofo[rQ_GoMkZmEjclyhngPVkHHfAZgP[DiMUwbTfpmQtj\\YvJ\\]SzEZ_QESkf_hHxPWDsVfJeCxty\\BgjkrxKw\\yPhDsPdAREJv[FUCnqSixH``oCgBuhkwBoXoKRmuABfpp`bbUiDGsO_rjIPpccFdUMufhar\\EXhv\\kkO\\FgLddEmQaECCwSYvC[cfvtoqbC[acWzYAU^vuzkIHVH]pZHFPzZPHdaLsVCbdLhJEeBco]BCj[^`mSBIuVRcxjQXnRD_xJ_wixXKX`QnxW`hGBZaTtgOuEMVTeo^Y^EawbqourlUE_eaJdRls^LE]QBdlCqmknU[Szl_Kef]IRJW[fLkTDevRADf`NDsAyeRJJOKsmbNriwKGfJFqGZhIYJRvFzxbn\\JhsMQXBsb\\XEdEt`uDxCu`wIlAwOnmdfEMm]OZtioNrLlU`NC`Ftelbelj[P[mFosmzWSWQ[KONghkXW[jMNhjATfHl_ydOCIDTzUJvfOejV_vwASEokarGIlglKfm]aAL^eXXBRobyDAfpjLkMtp_]RwKOiYlz]HIVTXSduC^wytDIFrBzv`cl]iMiMJTsDb\\vrP]RsGRrRb^XsCIqWlEw`XteLeXkiesXYIQqVjGpNlZuLopJB^]R^_W[VrGOjbIhiGzjmR[gfOjnxzYWoNjLIbttmp[^drFgcmLFpFXjCpfOpc^WZjZ]sx_HMGxxrxDnICLKnSbipzJTveDJSDEuYdoeOEtjH[sElsGnWScGHlgsoKLbCoentIV_OawjZraVHEbD_QmA[xmgxvqDsRhTpELd]b`qVthPKQljdHClBeTvWibSjsrHKN`CsybxlwebP]]hJH[kPvSLlPNnzMG]B`FxkjqeaEAEzlftMtIcYGsPvURdknx_qH`kX`w[QpKKvNMzdTbGE^EvhqCWXNtmG\\OrLv]gwiScwhThIRzXMr[SDeCb^aCCvXDZyUniruJVL\\zz]UNGO]aOAvobtuJWfPh`dtjn^R`RiEHbeCEJSwoYqoZD`LoxlnkwoZWcf[dwxPawnMwqqADj[Oio[fNR]cavTLmLg\\_sSs\\bO]PSPyGlkB\\albIzMR[Vjecc[lKU\\KWcmHaxWuC^\\oLSjMZET`gBXFrduhs^omP`ftndBKcRPwuuZQsNRFAw_UKhPwDjC`ji`fgqYqDJwUl\\LxKeoeLjmSBQiGTEHtPkMMVndBp\\BrAJdi\\SlYuXUAwMeWHS]yCDFBOzcWAnpjiuSrhAeBTiysVMPIJNt]yCpxEbZ]jVXHbeRBumiHh\\fTENgCjZNntTlfFUnGaIRxQrQluOOX_mp^X\\srvXmQIeOOtgw`yba_JhDNwuH\\LqOG^NOd]wLIVBpfcCrORjYwLQTjYfvAQRFSVHkfYSCCWYJIsXetDtJ\\XRuNu`LqBLsEw^Q[SLpygWanHLqAABwWHduDM^lsHMAL`FMUHJbrDKpBlHGiiKqzO\\wSdMOo[wr[VUOBz]tq[FTxotSFXCKwVBxDItluvmXGTUfWsEjMRz_IIz_ktIXXmuETXLtFlyvihNdZNwMSSyfW]ouJVBAnUATYQRyhLe[SDq[vVE]xvEEnPhrdQjkjxIThtLJvx`Hi^SSfTzoQ_DrQvaJc[VX\\tlUv^nCKvbAWwVQwULPRuZLuQDlTBa[bIfpmyXIaweVxD\\TaPNNOFFbZa[f[BjIUGYOQa^yxCjUQEOrojLDnTL]CEVM^li_N\\BqeNCzlPPMWlQVRdqkpfUBuwLLLR[MUKGoCXMbgLR_DzGQnzuuvxjbHAwiBqo[pDrLe]SuWPEdUqyuquYLX`RX\\_hC\\^`pXrizIufRgz^ftFNQCBsHYdCPm[jGpQZsjOM]HymvOG_XBf_WRWAZfYWnoZMiK`\\WaeweskIDPxsREeNHwToYPzNRrZiimDkjfIqWjt^aNxKhaFjJMFlrkCHbXfmZC[QLMJgwoqYCpNLSo`kmj_]hStycBPzDGE_ngz\\WYmVVgjB]ronruAj^ydtTLDv_qUwljXfoEUTxIGAcs\\lM]IJGVAoCGHLUrq_SmPnZJymagmVsdQ\\jSiCiKqWicciwIzFRbhqchRC^WdZcfwZpg\\BJoqHwtFqaPpXhhDQv[sCBf`SbWnDgJtQgxv^katic[]OaLmvbg^VnZA^P_a`GBKXW`ljla`VaKZaJQlWer\\zf^]NxYOMATcaQFsB[CKBGIodzZTynJvOaKlsC^lSSTUNbtQEYkvbh[t^jsN^EPZqXUAFTAywRrinnaCGIPaCOUaFROIKQNOCu_pMtLkYlzQqlFjIpHVpjWcDounFrngDdgtPlqMx_HQODkTL_zUIsYS^wlYyXfaxTNMFM[XzuXQcFTzDabarZ^KKTVTzXO`taTvq^OzEcUN\\IkYcmUYqEj_pDCmrGXcgrXBmYJaSc]PEPiCcxkNCpjproFn\\\\HxKmbdkjfKcoFNcZ[aUzKuWK`qHbJySVEr[_ERiFRsRaeNj]MXU`Z\\QNbAMk\\I`hsNkOmEVIrPiRcq`SGfUldmwdaNwEFxdISdhX^\\jICLhKnyel[ueqnnDFRHi`HQDuf`zyIIofwMjXElpbcLeKTnU_abFWnJBlIn_NzgdRGyubEfB`RGxwgsbsL[YaDYsmKxPRNcbwbTEUtm[uaaEgMEFQLfC`NCNhGHXGWjSj_BUToNzYA_z^TL`FsyFbaCi`FWNlVT^qNVHLkm\\xgd_jDkUvcRNYdlJ]TpNXAODgAIPxEUVG]Huw^y]UCSIDGFN]Mfsv_ExYasju[WrOwGv\\qMyUStUiFzavvnkY\\ZcYK]WfPbtg[uGzKlfAh^cfjPSaSoyhfYm]_]RTqSFlziNKsakKHklyrxiuKqT[cMACIe[hZSKUYrfACHhlDoauhoeboWJAzeIniKCOGDkpaXaARisCIbXofFVUzttDIJUnisSrFYfAElUQOePF^HrYNTHdphPMKhgWCmRZWBwkvXkulFGUdn`ASw`VkiBXJYpWExN\\Sqj]LH]qdMskbucWIfEGMwihz_a]bTqnreCnDCpLZjl_qRqOqZOYtHOWHC^gazOPWEsxsoTGqsg]LKqhiRgIFXtjVfgA_Ie[[\\IlYsWBFIcB\\lLxMpyOSGKyLJbMISbhNLCjBEPpveCxpsOe[jojKWHURKaPRKtnbvnPj\\vHaJTiDNISuwlZ^r^rDhXr^z^klPWuFyuyngJBCZQEBNUUY[PjYvLBEDeafdworONwCmfqi]peXTqPfISRzg]JmsujCdVZ]\\MmAYSfoYBwGbdkNUu]QfoKmEJJswnFGWIwGEPMqg]afaDLOK]iisIqgCzvOInsfvpjZhdIEigeJO_MAyuh[EWNORPEEUxhsevjkTlbbTezM^hY^muQOFXa`b\\IY_Dklzl_Sp]hNTGG[WBkdrbSZhZmMUKIsdICPuONmJFiQNDuzRGIak_bxlQD`yRyeTodKEr`Ioy[lsBLe`nvOCcHFbE^dLhnrHDwYZjvZbzmmEpFjFZALVjclh_dzTvxGKcepFmKps]hCpUBmzo_mhc\\X\\LlvGvFfCfb\\KPeSOKTtCavS^qA`XKZcGNUtBPjwWBzKm`cjJL^]PcVuPZYPvaOsMzUxvkRy\\W^Aal`xOQWLgxS_rZecrZApnHynKenYu`BsEUU_t[BfKCLPhpF]GjHBWhMZmmmd]xRHvZ[]EGiWYVflvjFV`RSLYz]WIulHhXINlDTNVcXAAkcAC\\^DgXELeGjwxDUKUbjBNXzsWszwtSKhW\\TgWh[QTwcfUWPRNNfZBbne\\fhoXHSSvB`]khngGZhQpT_zcijggkgohjKlAgsMeQjSrnbaZyTbu^pIHiLiYffLVkpA]CgZa\\f`eLIpHIMhWEuJtCdR\\Jnye^xGxaDWRtBYrP^v`VbPYypQqfGZYVyWhhvGOCrbFqV]D\\Se_ilFc_`figPSZdywvelKUXg^^AJccSMUS]ujdsoJHPXbm`H]rZaYkIPHBOcbUxDWZvzwiOTDqcCFAElxshkJlneKNnhUQMoKLAHraKndF^cIFKGx]eihMuegQojuayndnstzwuXitHDNL\\FDgksf^HyRV\\al\\tDGkzUNRHAcMAnEqX[pjfNpGHFgtbd[UgMADx^LHrm`kPZ]Tt\\yAlBpfNzdtiTj^`OaomBstPhrtiFqhcSAGeZceWVqxuRZ_CBKBtibscFlDKwxIJvRVSdtFfvYXKvyxOTrgupoulI_`i`[[YiozADLZIFWxPJhhGooqEQNUGWeKFTXF\\yz]HzwLHX_pYqec[qYtkdVH[ZseZAUohQ\\RKK`HrdihmXvPmBjOv^VscrChHSlGDjHIVSYPQRCHuhVC_csXRGtKvdiSIsA`sbeCPmuZdZxe\\Oxu]zI_[TpwqxNldFHYR]OTDSmmhYnrJOiggnpJk\\E_lhMR_Jp^S`TyzerKMWrBaynbPaFpQyhpXkbWF[N_dP_evjhCwewUeDxnteCxEzNUr^aOD[ElISYQZJg`sDtfBTLUmn^[YPZdCKmXJZy]`KLRehTjy^FBGbS^RM\\PxeTtsoOPXOWZEWFrItjFZn]vKY^[rPGwyj_vqSYqZESkGfxj]\\VX]VqKHYi[RnXHIZ\\VsKAq\\tgU[mo_\\nyVti[csUoYdy_fgKbhKbrR\\_wdj\\jVeJy_pBO[zt]_VcN]UBiPKHUtwguUlrsXeZnZzApfwHiRFSvsR[OinZK]pEcJGtiHAEtwon]ULCTDZDodkCCRdKeLOReuYg_DYaQAZzE_xt^kGHDlQyYEqX_p[ii^Jbw__PesmnJlx_UjhuEHNseZNZNBC\\alQbUVxyLr]Ly^ohHRDpI`da&quot;,153)" methodname="GetNumberOfCharsInStringTestRandom" classname="Open_Lab_03._10.Tests" runstate="Runnable" seed="90695723" result="Passed" start-time="2021-10-19 19:34:08Z" end-time="2021-10-19 19:34:08Z" duration="0.000134" asserts="1" />
            <test-case id="1053" name="GetNumberOfCharsInStringTestRandom('y',&quot;x]QFBdqRMY[WKyljjNfCtGeaRwxMSAHkRDX[hFptUhQWMlGEDZqWvNXqsjnFfdyLQkEHaRBdXlhMqNTaptJtJloEgacxRjNkiEF]hz^mXNyJ`LAeVNPlZEB`vA\\AiDRi^w^lIrtpVX\\wme_[aybEZ\\ReCaah_^DUwQfchP]_UZWCdFmQ\\AZk\\NOBftibQMRsUHA]zwnR]DjzFPBxnPL_DTsjCdxoauNII_h\\FQR`MINY^OwWsloBAnoAORZVyykbqbrbb`s]ygRvF[LohawpFMHVjgNnqwaOXgcvWUpStRCT\\svoFfhYCv\\dZ\\ruSEgBGD^ZsQXSldwoJouqlZiKOHL]Ky\\v]uAofBNXV]voOUgYzh[fbBJtV\\mysBPuo]qrdHIIa]\\O^twu\\m]]^pT\\kHYKOO`UNBAm_pps_SEFauV]`s^F_mWyIUG\\iytSwGB\\tJVfxexLlOvqlwfVl[q\\fBdJjTJaYmIZtudV^sItoKNuZQkmT_a]Qaqs`Mvd\\XnyF]wrTPstSwg[njkZdXNuMgITElqRw_YXXPpxTtYDfhJTtVEq\\]ADKtmZTdmcZbwn_OD^unFjyJO_]oZigzpZ_VN_^VdkGqeEkVpeSbwiXQEBeNw`JEvZm^PJB_A_JUdI_JoGzoWFDGCOQMtPYEbCvLSNGgdnaX_Cgw][Zq`UhqVf\\AspekFFnaMSrbzTLd_fbzbUjYqc_MVEpgmFnnIpRZOGjKdsqMJDRkE\\Z^GMu^bbLI^Lpu`Y\\iTIl\\f`pxmRDRmFbQfPgwuoshubgXDvgkccWwkysbWxkP_uVXd_OPl_o`PDaEsYtqeSiJjfahXEaxDdJzLOn`hXzEorggXojxDueMMLixxasgyq\\gtasdeUINTeVrzuPcVcuJyxnAapcG_SFyWzmrwFTilWsbqqyDRQRWwRhwmsDomBjB_W\\zHYgPOLXbEMKjr`pNAjBESqEDC_wkhrCZUzvsdBHluGraiTxMM\\ApVXhRUcNkOhuMJkUrdxdzcQKLy^Vjbj_LrNExSe_BoW^NLfXxyGdOrBMEN\\SqM_I_IjVvgX_zYcKLnwATGYk\\GPTqBzkrRhpQOyE]Q\\QbceqPqBRQ[zknohXtV_uggghlnuxos_CfHIs]ZEAAiZXSxB]aaKHlbdvvxE]vD]XwwFffov[R_uyMPUnlYWOhWRD^Mx`UbFwMC[VsVqmfkqNhfigcQk]hOk`fBHZrWFjYxlKoyvWcecwaDWs_RwDqcPyRukrNXuOfGpjt_reVUuDfnycePv`[BspinstOEILjTR[OhyzZSi\\iLS_wIMx\\VodOzAFfxWRMiTR\\_TxRvGITWH]\\UxFrKjU`iLPgsU]wXPAsACXoPgaPgQrr^eQzQZBzzmnSEQYadLvHGe[SaRc_IFsYUXJNE]fxNBsOOEkzNAf[UkktKxZyr^qutVyhHL\\H`xtFlLE\\bcQIZYDegPDHChGkKyVsGCrC`^uWqfHysxXOMi[\\STArHUEsrJvnqLV_kOcw^hnBIFOFPr^]_uamBAuLZB_hjUHhcs^yF_xe`zjCFzdAfYPwfc]kTX]]IGRnxb]WT_WzwvNCRsF[Y_BQFLCAWnfhB\\]ZivF^]MgHCPzjV[Z\\SCDdEAim`]Aatiy\\YoUVnbxMsuOpLSfwUJVzXtUhMTyAMGOTR_QaFDikErkKlsaMrDMjTyD`ZhI[dxzmfv_hCEqQ\\fuaIJvTmlIIu_AS[lHYuNGHry`qUsKnMvNhE^XQlphrorsGuMNRxYVN_mjJeEzuaVvyRSNxTqhFaPSAGYvHftqoazIRoNggpnQZvtpcyPxGlPhP[iCMIrOh`GXSJwJGKAPnytEMcTJVwjDQStrFKZ_x_dto]^YCGqwkAtRadqdpiskpDHzQFEwk]RPUzPkFvGPGnSQYbQ\\UqjPftDlV^HwCuLOiexaUF_tbdeCkqbiocbtnCd[v^VbnJNLbDcoejHPSphCPBB_vZIZSR\\fA]fqjwFXVY[gOnEE\\SbxVbLu]qgUBosPbwnHEQ`WjPhraUQIUDxAk_QZRkTsQlWa`KERzwAKmLOFuUTHa^zxqs`DgUqTxgGytGRVQzJYDnN_QL_xXLSmlYjhfAfeFhNGFPLnCxrbTbuDeAn[qtwlUTN\\WdkPT`SW`HZAzluZUlZK^gDeNKoMk\\lmCkXYNcNoO__]bm\\Ey]XdtCykaFCJlGfDWhxPT\\Lm^fwyIaD[jjONEIszmgrHaECHt[GupMk]RfFOGzcACb[BsXyNoy]heELZcoEh[If]ylwZDetmErEydAP]\\sFqjDsMZffSuuatwxDG[`KKEkcmzNpb_cMbDonusjAXyarKRLBgxIBwiumz\\GNLpEnShzqIKINk_mM^sY\\oLJeVaQsICnZm]ocun`]SUt\\ouRXwiOHDfZzfZYlXGhGXj\\OkJSkSvIZShq[OtvZngVHCow[UnFLgnEEZDhmW^oH]Ahxdx^_LOSkTTMvNrV`pxm_dlBLLJDQrNfBHyqXQbAY[TkFrm``HPS_NIUswRSBKCtFiKnOAyOOxTEPAvUZd_IcvHoyey\\zOyNY[eXgyQ_JADbtEFrBwsXguRJbWpeC^PzyFfpV^h\\Szycs`uu`GZCWab_J[qQJg\\gkDcnYP\\^OXEgvjRB]uEvDNdX_HguhXRg^SrpxG\\Pfwny\\ucZJpoOcad]ZKPRdaqrFYJdr\\EVZpQG[ewe_MlscDDxjUVmrKfEFvtDlzchkYpnQ]CoOemXpyPBVLu]FR_OJLA_ltt`dDHJOQhMSb^MXOOHgrh`FFbYuadE\\^DVlNnlrFnE_hK_nSruxtstLT[^\\iPhhclo^I\\K[]QbDdAXvCebjjHcfJKXnPQIpGXvwWBfqgZ[cQpbSCcYDhyx\\IIUxDXLMHmxMF[`BzlCPgzUTdEkgrFHHZZnNginPON[_rUNbDWEwvioJnAUzg_VCfpnfgSVRxnBZ_q\\OrJd[AKMlfeZgTncjsYtBbculBn&quot;,58)" fullname="Open_Lab_03._10.Tests.GetNumberOfCharsInStringTestRandom('y',&quot;x]QFBdqRMY[WKyljjNfCtGeaRwxMSAHkRDX[hFptUhQWMlGEDZqWvNXqsjnFfdyLQkEHaRBdXlhMqNTaptJtJloEgacxRjNkiEF]hz^mXNyJ`LAeVNPlZEB`vA\\AiDRi^w^lIrtpVX\\wme_[aybEZ\\ReCaah_^DUwQfchP]_UZWCdFmQ\\AZk\\NOBftibQMRsUHA]zwnR]DjzFPBxnPL_DTsjCdxoauNII_h\\FQR`MINY^OwWsloBAnoAORZVyykbqbrbb`s]ygRvF[LohawpFMHVjgNnqwaOXgcvWUpStRCT\\svoFfhYCv\\dZ\\ruSEgBGD^ZsQXSldwoJouqlZiKOHL]Ky\\v]uAofBNXV]voOUgYzh[fbBJtV\\mysBPuo]qrdHIIa]\\O^twu\\m]]^pT\\kHYKOO`UNBAm_pps_SEFauV]`s^F_mWyIUG\\iytSwGB\\tJVfxexLlOvqlwfVl[q\\fBdJjTJaYmIZtudV^sItoKNuZQkmT_a]Qaqs`Mvd\\XnyF]wrTPstSwg[njkZdXNuMgITElqRw_YXXPpxTtYDfhJTtVEq\\]ADKtmZTdmcZbwn_OD^unFjyJO_]oZigzpZ_VN_^VdkGqeEkVpeSbwiXQEBeNw`JEvZm^PJB_A_JUdI_JoGzoWFDGCOQMtPYEbCvLSNGgdnaX_Cgw][Zq`UhqVf\\AspekFFnaMSrbzTLd_fbzbUjYqc_MVEpgmFnnIpRZOGjKdsqMJDRkE\\Z^GMu^bbLI^Lpu`Y\\iTIl\\f`pxmRDRmFbQfPgwuoshubgXDvgkccWwkysbWxkP_uVXd_OPl_o`PDaEsYtqeSiJjfahXEaxDdJzLOn`hXzEorggXojxDueMMLixxasgyq\\gtasdeUINTeVrzuPcVcuJyxnAapcG_SFyWzmrwFTilWsbqqyDRQRWwRhwmsDomBjB_W\\zHYgPOLXbEMKjr`pNAjBESqEDC_wkhrCZUzvsdBHluGraiTxMM\\ApVXhRUcNkOhuMJkUrdxdzcQKLy^Vjbj_LrNExSe_BoW^NLfXxyGdOrBMEN\\SqM_I_IjVvgX_zYcKLnwATGYk\\GPTqBzkrRhpQOyE]Q\\QbceqPqBRQ[zknohXtV_uggghlnuxos_CfHIs]ZEAAiZXSxB]aaKHlbdvvxE]vD]XwwFffov[R_uyMPUnlYWOhWRD^Mx`UbFwMC[VsVqmfkqNhfigcQk]hOk`fBHZrWFjYxlKoyvWcecwaDWs_RwDqcPyRukrNXuOfGpjt_reVUuDfnycePv`[BspinstOEILjTR[OhyzZSi\\iLS_wIMx\\VodOzAFfxWRMiTR\\_TxRvGITWH]\\UxFrKjU`iLPgsU]wXPAsACXoPgaPgQrr^eQzQZBzzmnSEQYadLvHGe[SaRc_IFsYUXJNE]fxNBsOOEkzNAf[UkktKxZyr^qutVyhHL\\H`xtFlLE\\bcQIZYDegPDHChGkKyVsGCrC`^uWqfHysxXOMi[\\STArHUEsrJvnqLV_kOcw^hnBIFOFPr^]_uamBAuLZB_hjUHhcs^yF_xe`zjCFzdAfYPwfc]kTX]]IGRnxb]WT_WzwvNCRsF[Y_BQFLCAWnfhB\\]ZivF^]MgHCPzjV[Z\\SCDdEAim`]Aatiy\\YoUVnbxMsuOpLSfwUJVzXtUhMTyAMGOTR_QaFDikErkKlsaMrDMjTyD`ZhI[dxzmfv_hCEqQ\\fuaIJvTmlIIu_AS[lHYuNGHry`qUsKnMvNhE^XQlphrorsGuMNRxYVN_mjJeEzuaVvyRSNxTqhFaPSAGYvHftqoazIRoNggpnQZvtpcyPxGlPhP[iCMIrOh`GXSJwJGKAPnytEMcTJVwjDQStrFKZ_x_dto]^YCGqwkAtRadqdpiskpDHzQFEwk]RPUzPkFvGPGnSQYbQ\\UqjPftDlV^HwCuLOiexaUF_tbdeCkqbiocbtnCd[v^VbnJNLbDcoejHPSphCPBB_vZIZSR\\fA]fqjwFXVY[gOnEE\\SbxVbLu]qgUBosPbwnHEQ`WjPhraUQIUDxAk_QZRkTsQlWa`KERzwAKmLOFuUTHa^zxqs`DgUqTxgGytGRVQzJYDnN_QL_xXLSmlYjhfAfeFhNGFPLnCxrbTbuDeAn[qtwlUTN\\WdkPT`SW`HZAzluZUlZK^gDeNKoMk\\lmCkXYNcNoO__]bm\\Ey]XdtCykaFCJlGfDWhxPT\\Lm^fwyIaD[jjONEIszmgrHaECHt[GupMk]RfFOGzcACb[BsXyNoy]heELZcoEh[If]ylwZDetmErEydAP]\\sFqjDsMZffSuuatwxDG[`KKEkcmzNpb_cMbDonusjAXyarKRLBgxIBwiumz\\GNLpEnShzqIKINk_mM^sY\\oLJeVaQsICnZm]ocun`]SUt\\ouRXwiOHDfZzfZYlXGhGXj\\OkJSkSvIZShq[OtvZngVHCow[UnFLgnEEZDhmW^oH]Ahxdx^_LOSkTTMvNrV`pxm_dlBLLJDQrNfBHyqXQbAY[TkFrm``HPS_NIUswRSBKCtFiKnOAyOOxTEPAvUZd_IcvHoyey\\zOyNY[eXgyQ_JADbtEFrBwsXguRJbWpeC^PzyFfpV^h\\Szycs`uu`GZCWab_J[qQJg\\gkDcnYP\\^OXEgvjRB]uEvDNdX_HguhXRg^SrpxG\\Pfwny\\ucZJpoOcad]ZKPRdaqrFYJdr\\EVZpQG[ewe_MlscDDxjUVmrKfEFvtDlzchkYpnQ]CoOemXpyPBVLu]FR_OJLA_ltt`dDHJOQhMSb^MXOOHgrh`FFbYuadE\\^DVlNnlrFnE_hK_nSruxtstLT[^\\iPhhclo^I\\K[]QbDdAXvCebjjHcfJKXnPQIpGXvwWBfqgZ[cQpbSCcYDhyx\\IIUxDXLMHmxMF[`BzlCPgzUTdEkgrFHHZZnNginPON[_rUNbDWEwvioJnAUzg_VCfpnfgSVRxnBZ_q\\OrJd[AKMlfeZgTncjsYtBbculBn&quot;,58)" methodname="GetNumberOfCharsInStringTestRandom" classname="Open_Lab_03._10.Tests" runstate="Runnable" seed="1792991861" result="Passed" start-time="2021-10-19 19:34:08Z" end-time="2021-10-19 19:34:08Z" duration="0.000070" asserts="1" />
            <test-case id="1054" name="GetNumberOfCharsInStringTestRandom('M',&quot;gVfx_FH^vuB[dCACsixKLRaGxZhPOrYNLFEPy\\IOgFoxWYY`brsTpowVo`AEYsPD\\oP_xlDXai^G]dj_BIhWzFXWIj[Z\\Dqnpl\\cJubqo\\mHQqsLp\\DQLsEWWsVOQdv]skQlHHUGaqc^SQFSrPezA`bxhFMR`TaK`QOa`GDiHwkUQaDFmCWBzw]SITECuDbMQXxCC`nkLvsDpNgGBG`]w`KdnvXMCAnDU^EscBCMPgpEEY^vgxBo_EPlNUOHIahLIoiSIn^AESNQjG_VY\\`Ezz`QOTfOmvDiyevPjKnt[AjLqzBHptjhBcLIOYDpIPOJO`RFKPfNigeyPUZPR^YsLWhWYnARGxkKmawRhwxaO\\yUyNtuzo^erVxrsvhXOUGkv[LjXHbVarejYSXLtFRSZFSXdFZmO`SuVOZ^BJ^rNIEAlNZ`^]^ICoQpHoFSioGA`jUJttJkc[ERBSfVftPmCJrbxdWNDLJYBD[BtPfdSnacjzooIkgo`TyVrmMQ^wgWQfPysd]VNf[PcPsypcET_UthEEKGDVGVGJRDjpw_NQautjmcuO\\vsSrwmctnZVSs_EIZyoOzf`GNnyoVRbMpuL^oRUQHvIEryiVpaTeFz\\PSMeIoo_\\sJ]yTaUHd_HE^[OPFdypyxGqYwKbhM]TXhMi\\kCOMMBbrXmsyUDLpj^uDg`XWmZWBogqNanUakclw_yAJSdTIR_iJSeoLesZmeaDkweYaieEGly_i_NDJGOkPygvvzJvsIzRyuQNiLmZhZbXTGGgXoQgWqnmPi]b`iLxmg`oOzUyUoCqXObps^_DsSvIG^yziKuyNdehaRYYZRScnxVAGhiBKIE[kXhkAVPJtEcneuObEGdaATVJIysA\\soF`KwIehXECIiiVcWMZHxE__ZWC_bC]PiAQ]OZxFwXj`_rfgoabgbTvjbAk`GGFUcm[iYsTxOTL`VyzclWkB[phUEauNiXzqRUwlXwOvMeYOIWUcBInkWEtmEGdrxGOqUVOABNLpHooqXZLiMSL`dPZM\\JhRSWxFWbtnHTanxycbQDVfuvffuiMEvB`sau]lqi[p`YaslYcfgswYoBWWlSLhUosFoiND]rlbd`F\\Vnu]GbYCFHD_^Fz_^m[ka[DCK_IpHUoOwuByYianWpzhfi`WrMEqFUvujrSbYcvlSpccDBFpMhUl\\VX\\ymyuQyJbzHOaWyVotOVpGxTqHPdXAKZU[qdgeB\\TfAdwm`ZOSarMzbVBYHnAUlboiuG`ViJrnCKGTXDcqVF[SMUt[bN]O[yuYoNrYtsdWzYxXPhBDKKzfH]\\aNFn\\gdTDPh`J&quot;,20)" fullname="Open_Lab_03._10.Tests.GetNumberOfCharsInStringTestRandom('M',&quot;gVfx_FH^vuB[dCACsixKLRaGxZhPOrYNLFEPy\\IOgFoxWYY`brsTpowVo`AEYsPD\\oP_xlDXai^G]dj_BIhWzFXWIj[Z\\Dqnpl\\cJubqo\\mHQqsLp\\DQLsEWWsVOQdv]skQlHHUGaqc^SQFSrPezA`bxhFMR`TaK`QOa`GDiHwkUQaDFmCWBzw]SITECuDbMQXxCC`nkLvsDpNgGBG`]w`KdnvXMCAnDU^EscBCMPgpEEY^vgxBo_EPlNUOHIahLIoiSIn^AESNQjG_VY\\`Ezz`QOTfOmvDiyevPjKnt[AjLqzBHptjhBcLIOYDpIPOJO`RFKPfNigeyPUZPR^YsLWhWYnARGxkKmawRhwxaO\\yUyNtuzo^erVxrsvhXOUGkv[LjXHbVarejYSXLtFRSZFSXdFZmO`SuVOZ^BJ^rNIEAlNZ`^]^ICoQpHoFSioGA`jUJttJkc[ERBSfVftPmCJrbxdWNDLJYBD[BtPfdSnacjzooIkgo`TyVrmMQ^wgWQfPysd]VNf[PcPsypcET_UthEEKGDVGVGJRDjpw_NQautjmcuO\\vsSrwmctnZVSs_EIZyoOzf`GNnyoVRbMpuL^oRUQHvIEryiVpaTeFz\\PSMeIoo_\\sJ]yTaUHd_HE^[OPFdypyxGqYwKbhM]TXhMi\\kCOMMBbrXmsyUDLpj^uDg`XWmZWBogqNanUakclw_yAJSdTIR_iJSeoLesZmeaDkweYaieEGly_i_NDJGOkPygvvzJvsIzRyuQNiLmZhZbXTGGgXoQgWqnmPi]b`iLxmg`oOzUyUoCqXObps^_DsSvIG^yziKuyNdehaRYYZRScnxVAGhiBKIE[kXhkAVPJtEcneuObEGdaATVJIysA\\soF`KwIehXECIiiVcWMZHxE__ZWC_bC]PiAQ]OZxFwXj`_rfgoabgbTvjbAk`GGFUcm[iYsTxOTL`VyzclWkB[phUEauNiXzqRUwlXwOvMeYOIWUcBInkWEtmEGdrxGOqUVOABNLpHooqXZLiMSL`dPZM\\JhRSWxFWbtnHTanxycbQDVfuvffuiMEvB`sau]lqi[p`YaslYcfgswYoBWWlSLhUosFoiND]rlbd`F\\Vnu]GbYCFHD_^Fz_^m[ka[DCK_IpHUoOwuByYianWpzhfi`WrMEqFUvujrSbYcvlSpccDBFpMhUl\\VX\\ymyuQyJbzHOaWyVotOVpGxTqHPdXAKZU[qdgeB\\TfAdwm`ZOSarMzbVBYHnAUlboiuG`ViJrnCKGTXDcqVF[SMUt[bN]O[yuYoNrYtsdWzYxXPhBDKKzfH]\\aNFn\\gdTDPh`J&quot;,20)" methodname="GetNumberOfCharsInStringTestRandom" classname="Open_Lab_03._10.Tests" runstate="Runnable" seed="215044000" result="Passed" start-time="2021-10-19 19:34:08Z" end-time="2021-10-19 19:34:08Z" duration="0.000057" asserts="1" />
            <test-case id="1055" name="GetNumberOfCharsInStringTestRandom('M',&quot;w]]DSoW\\LtLYDPzORSmQLoEIjWFuHcIsrBO]JDJhKltuPN`EDAVNXvxIXTUwj\\TdlTbCA^FOJEG[uKt\\qArHMv\\vDFEpjMyiXQIvg^DavHDSp^ON[sGieMWqsfzvYQ`wGXCdCxpTxQMFrIG`rrUqGPEKuSDA^IHecHMY\\eL^DmlTARzj`[DbvipqSrjjtoppJb^jwhDMgrnT_kKcTT\\DEajtRVFdv\\dOxwKZoPnrWrvEu]RchGW`SlkcsdYacZRKN_Wc`loEadhMeezpD^wpEDwLLbaLrMOwakqWFjCwRSzjD_yNdc]F^\\FJcKXxKdMUUlgtndjU[A^mEMIhdSbOjJZEegnvSEliFfUSrE[AtIe]yTFVCkUrCyeLRcPGpnCVOpgZspp`saVb_wFRbXtbkugGAJBPpTKFFPNJgf^Muoy\\dCgU]x`Yu[fUJ`Yjnaj`WP\\PjwevuggvvK^y]gnromLedtAGMoZUFZETaXf`Td^NnjYyC[MHmskdErfpw_jFNSq\\FJXFBN^LOxru[BEmbRbMj\\PjlpcpuYA\\swssDHF`U`VGzlVuZw_vkemeuhULeiRqxVB^JLi[LCrKGIjA[iVxtElOKNxVmuugN_JejrkOODjhnc_mxTkwTUwsemTwOShRIKwbyFQdxHiqVE\\bjLXZJxTtcRAw^ozvVY_cgwosDHyLfF^aRlNDuOHKrCzhFTFJHn[x`tvmW`VBzHO]o[flawAHQTkdxHnjCpErfaAXq\\gVsGLjo^tfiTcKmTgLIRpPlgzJDWqNZNvFQfOKHAoZOIBiMtERtpO_gWdMGCgYgfL[Y]tHF]DI^VBdfQwJR`UeyWZuBCDFUWmcwaQkzwLWlGBQUAapF]GGQb\\BCzGDZyoGcYgEzMJUTyssVJ`B\\OArPfSVEPhAqIxnSuhvT]ptTlmSidgtZEbLxxqxGRzk`J_LAF`[]ehzYH^_szg\\dnbmbmpVDkoC]FUKNbRcELXpWbmqZSEHe_HlcmdOQKWlpf^TmTQQhEWXWlVzzyvlfhYxxcc\\xCStofzlEZDFBnZaHjVqWePRPfGHN`VJlpTel^ckmdu`upjrOspONlETnAeJ`r_`EuUM[ooeGeDnkjWZwOtUjHwzkArktZLuFU\\A\\]X[DLHdiRcDdKMQyJqwxU\\[wDkgYJhVOWxZqYQ^zSRZXnGiMuvw__CGBx^A\\[K_eNpNMnZ`sSxfDCCIwBZ_NlqjTrYtvQC_ImpJyt]Z\\WDMbXDyuUEZAgRsWFuVVaecQY]QNsKD`ADrheIvnZyaMc_]\\wntzGEum\\vIvnkBKAuAd[KlwybvbDViuApRFQEYwIEMjzAAjxWLh_sBlCwA_JSjFNOuyZwtw]E[VxCwxbLehKAVHo`DTDtmpVH\\lFCPB]OLZYfnzACxxiBvMsnKts`tdRfzqaLr`wdKvpwjIlDTAvpGTMPsSsVIwVcImfxZoKYBFrzWwDBIpMsh]_feRT`ga[O`Nnw]oe`q^nB]MsvPqNTk^ugOzSI\\fl[ed[JJG_TLhBJi^JYYXPpSH^BSHi]]\\DKlSWtmjmISuID]lxlqtjDVvI^FYqBYBrjdqXVGQgjfH^Yz[`bJxgclzppKtnTskkQDYZfTce`NAYOYj_esPr\\VOxdBbKN]SquXNVaAuNbSGUlbbX[UI\\dtOuo\\qdlXXDvK_qKUxeyBPIOt&quot;,28)" fullname="Open_Lab_03._10.Tests.GetNumberOfCharsInStringTestRandom('M',&quot;w]]DSoW\\LtLYDPzORSmQLoEIjWFuHcIsrBO]JDJhKltuPN`EDAVNXvxIXTUwj\\TdlTbCA^FOJEG[uKt\\qArHMv\\vDFEpjMyiXQIvg^DavHDSp^ON[sGieMWqsfzvYQ`wGXCdCxpTxQMFrIG`rrUqGPEKuSDA^IHecHMY\\eL^DmlTARzj`[DbvipqSrjjtoppJb^jwhDMgrnT_kKcTT\\DEajtRVFdv\\dOxwKZoPnrWrvEu]RchGW`SlkcsdYacZRKN_Wc`loEadhMeezpD^wpEDwLLbaLrMOwakqWFjCwRSzjD_yNdc]F^\\FJcKXxKdMUUlgtndjU[A^mEMIhdSbOjJZEegnvSEliFfUSrE[AtIe]yTFVCkUrCyeLRcPGpnCVOpgZspp`saVb_wFRbXtbkugGAJBPpTKFFPNJgf^Muoy\\dCgU]x`Yu[fUJ`Yjnaj`WP\\PjwevuggvvK^y]gnromLedtAGMoZUFZETaXf`Td^NnjYyC[MHmskdErfpw_jFNSq\\FJXFBN^LOxru[BEmbRbMj\\PjlpcpuYA\\swssDHF`U`VGzlVuZw_vkemeuhULeiRqxVB^JLi[LCrKGIjA[iVxtElOKNxVmuugN_JejrkOODjhnc_mxTkwTUwsemTwOShRIKwbyFQdxHiqVE\\bjLXZJxTtcRAw^ozvVY_cgwosDHyLfF^aRlNDuOHKrCzhFTFJHn[x`tvmW`VBzHO]o[flawAHQTkdxHnjCpErfaAXq\\gVsGLjo^tfiTcKmTgLIRpPlgzJDWqNZNvFQfOKHAoZOIBiMtERtpO_gWdMGCgYgfL[Y]tHF]DI^VBdfQwJR`UeyWZuBCDFUWmcwaQkzwLWlGBQUAapF]GGQb\\BCzGDZyoGcYgEzMJUTyssVJ`B\\OArPfSVEPhAqIxnSuhvT]ptTlmSidgtZEbLxxqxGRzk`J_LAF`[]ehzYH^_szg\\dnbmbmpVDkoC]FUKNbRcELXpWbmqZSEHe_HlcmdOQKWlpf^TmTQQhEWXWlVzzyvlfhYxxcc\\xCStofzlEZDFBnZaHjVqWePRPfGHN`VJlpTel^ckmdu`upjrOspONlETnAeJ`r_`EuUM[ooeGeDnkjWZwOtUjHwzkArktZLuFU\\A\\]X[DLHdiRcDdKMQyJqwxU\\[wDkgYJhVOWxZqYQ^zSRZXnGiMuvw__CGBx^A\\[K_eNpNMnZ`sSxfDCCIwBZ_NlqjTrYtvQC_ImpJyt]Z\\WDMbXDyuUEZAgRsWFuVVaecQY]QNsKD`ADrheIvnZyaMc_]\\wntzGEum\\vIvnkBKAuAd[KlwybvbDViuApRFQEYwIEMjzAAjxWLh_sBlCwA_JSjFNOuyZwtw]E[VxCwxbLehKAVHo`DTDtmpVH\\lFCPB]OLZYfnzACxxiBvMsnKts`tdRfzqaLr`wdKvpwjIlDTAvpGTMPsSsVIwVcImfxZoKYBFrzWwDBIpMsh]_feRT`ga[O`Nnw]oe`q^nB]MsvPqNTk^ugOzSI\\fl[ed[JJG_TLhBJi^JYYXPpSH^BSHi]]\\DKlSWtmjmISuID]lxlqtjDVvI^FYqBYBrjdqXVGQgjfH^Yz[`bJxgclzppKtnTskkQDYZfTce`NAYOYj_esPr\\VOxdBbKN]SquXNVaAuNbSGUlbbX[UI\\dtOuo\\qdlXXDvK_qKUxeyBPIOt&quot;,28)" methodname="GetNumberOfCharsInStringTestRandom" classname="Open_Lab_03._10.Tests" runstate="Runnable" seed="982511365" result="Passed" start-time="2021-10-19 19:34:08Z" end-time="2021-10-19 19:34:08Z" duration="0.000058" asserts="1" />
            <test-case id="1056" name="GetNumberOfCharsInStringTestRandom('f',&quot;[KksTqMBISaFKQ]KvDZaDkNFX_^cdGgvOoJbg_jEy]irosZh_FNKZgzjwe\\pTdYBgfqWHu^WUVcaCVR_FpD^t]\\coZeCDukUEgLICDaebqpEEYhaSwj_`uIJKNbhP\\S[eN\\WJI\\BOZwCgW_VmDjGKMpK^Cyp]tUG^V[qxRXJ[iPGxG^niLuLlLQYXQsHKg`VEp_RvhY\\g`f\\wjMX_KGQyIVRFCYgYPzoIuBIbMsAnZ_Lao\\iE\\dzaOXw[MLtOlCX`rTCiEpSSF^_dJlRakcwfANt]EhVAylBXHfi\\ZAzgQg\\lsSQ[uT_JFl`eZ`dWZSUT]H]^DqHjdQVTmIdmWuFeNsRVFDBtXcMySIOlqnWEMp`pWMsQwrz_MjGepHXAoNSADXAdtswd_BYYS]ytLlxadildCewiVWPy]`lzLOXDuWAKQhSTI_pDQmXV&quot;,4)" fullname="Open_Lab_03._10.Tests.GetNumberOfCharsInStringTestRandom('f',&quot;[KksTqMBISaFKQ]KvDZaDkNFX_^cdGgvOoJbg_jEy]irosZh_FNKZgzjwe\\pTdYBgfqWHu^WUVcaCVR_FpD^t]\\coZeCDukUEgLICDaebqpEEYhaSwj_`uIJKNbhP\\S[eN\\WJI\\BOZwCgW_VmDjGKMpK^Cyp]tUG^V[qxRXJ[iPGxG^niLuLlLQYXQsHKg`VEp_RvhY\\g`f\\wjMX_KGQyIVRFCYgYPzoIuBIbMsAnZ_Lao\\iE\\dzaOXw[MLtOlCX`rTCiEpSSF^_dJlRakcwfANt]EhVAylBXHfi\\ZAzgQg\\lsSQ[uT_JFl`eZ`dWZSUT]H]^DqHjdQVTmIdmWuFeNsRVFDBtXcMySIOlqnWEMp`pWMsQwrz_MjGepHXAoNSADXAdtswd_BYYS]ytLlxadildCewiVWPy]`lzLOXDuWAKQhSTI_pDQmXV&quot;,4)" methodname="GetNumberOfCharsInStringTestRandom" classname="Open_Lab_03._10.Tests" runstate="Runnable" seed="482412822" result="Passed" start-time="2021-10-19 19:34:08Z" end-time="2021-10-19 19:34:08Z" duration="0.000048" asserts="1" />
            <test-case id="1057" name="GetNumberOfCharsInStringTestRandom('j',&quot;bOwNOHl[vmkzhwUtfMhbSUSc`rbMikIWUngIHhIsYqm`dJqsjXHKhDFNwThWa`lLeTfuPLlxEpI\\bmzWBi^RdxiQiZLozlRtFbvP_vc^fJFsvefJURVrC[bgfUMqAwyT^PWArjrFFAf[spVDnC[hV[rezPeJjm^iKmVfOeRe[QmBpHopzICx]RxDYlBcFhVT]wPF[joJkpMFhpor\\oKbj`MtoSN]cj_nvY`triVQUtMhEsVcxJGQ^odxkWQH\\RaBQZKPQvzmZtNqT_pwxe`YcOPGpbI\\XNoCTLWeiGSBKUrdbndLaUKqmHYCJDZin^UMFK^HIKOrS_OOWg`ByxuDDxPMnU[egeOgzf^WQ]CWFT_NsJf^^YkpdQIHuQUokdLhQcOlIJl]u_ykZCTdixGNuYDi]W\\zHOf\\HqxQvtUUgOvESYisxlFm^xnr``PmhmUfs]ccEDiodmbg]yWDicCWItyKDGlVebgutPMqqGotDRJkVHUaJLEFky^z^Y_ySSKBFhmNmaNboITrjNowlKLY^bJvmMSYbqbkHIfiUHody]RcegQQdcMIHl^^^r[aNpzyadjbcGbeWc[AQbQGwCozdZcVeHK^gOVI]TBBwih^Bcl`R]NwaUdLAAUHAUw[wDxHMR_xaOKNURxAhDEHuOxSeJI]yuBcmNbyfeSzyQVRJWrjCTZwPoahFe^DJBygNc[HkzVDlFJdsfJOSZZe[ESxgtsAGPqwRjDbvkyDxWLKfxp[\\PkkcTMJP][rHVw]OMRIbbSc[WhDsISjEY_r_GUy^uSYPHwcZjvZfgsuwHPMgIQGKknirFxIrTfhPtTTZFdJNtEX`euWqIRVdMO_UNkUlmbRAKeDowmb_HsQgVJMLaRjCQEDfozMUPY[SmWVzrcuVjq]TxryE_JK\\sPkGbXAxaNPiYyuynNTyXTSZcjiwAIpGNz[]gPXZbxp\\bnvyxzQRpME_wQ^rjDwXYJ\\Y_XS_puWZ_qsoojzAr_QBvv`Vl`j_AXDYS]Z`hl]vpeAGYjDAEwats[^dswnPKsZGm[]RPZTGCVLRvZxB]jZErK`rzqhkyMkwKtTxNlkecZr^OLhYzln[ZUOcveSZmcIpeOGBGAokzo\\XSCdnIOlMZQ^pekCcZQsARBsAFgSzwC[etqQsB_Q_rvWUlQWVxMRiw[GQJci]vmPXpswn[JbvATJWf^PoPxBkkliYkzjYpncFfz`sUcuoeWicRjfgTuNxk_gDK_D\\[IFMkEkgyX[gCMGUDGGBUCFuafUGS\\hp`ZU\\Q\\rNzyhw[bu_YSAEXCGXDKgFjeU^jeGdreDbOtBVVI[ykphA[dY^SxYFpl^UeJNp[RgoOZp_AkCvkhVuwTCFMdRuMxm^VglLvf_ZJtlBot^bv^VHVdYQGHdrAlcQgRJTzqzFJwkCcBRSFjzjcfHlO[EnBhZXR[U]kKbE^QyZsWiFqQlQmtiBKXF_mMD\\^TlHgocvHvLSghtsmywlvIfXmTSSFDSQN]w`ebZCiqIrhWU]_MmnPS`UiTUT]PqEcvEKlTNL`uCFAokWyposQ_BvwbrQMF`YADOmRKlKzbNVP[UtdyVh[xnDtJNJ]wyZUeFwayFnDdsjRgf]NxhNksxCQKsHxbhCcnAfUXTetbdqEDmN^kv`Plj]gDgVFxp]vqH^gAIqdCUIPGxMXedNgInrE^zRlx`vmHvOwPb^cFwMWaN`GZy[UcqnDQYIBrFf^ZWHLiQIDGeaMb[_Q[KRzEbJQHLfqZ\\lAQixKFTXJqXNxPb]qusbgnfZrMrE^fSeetavs^UKGnIJgTMBaipvbuFMeOGxOOt_^ndEifdSah[sf]m^Ap^oqWDjnTQeXWwsueftkHSuF]UtZMbI\\cxYkEiHktQVUzvKlcyBqtns^djTCJQbmIIoZ^Hpw_JqrxaGaKIrO`RcpFvHUUEadjcMqGlN[IFSjwA`CdnsAYSNq`zTbz[bZcNIVTPZZuWF[ztsEVElbMaKWUWQGXf\\h^sGjsKjTTYFBMmqgHPMujANCClAxyTBPvYwHmILLVXOn[IKb`ezHZay]eDhHKmVAXqGoqityDA`RmZctbYXUTtpVZZ^j\\EBdCNWdCVlrkAEYAhkL\\nalVBg^BkUWLK]yzwO_DyqLg`dSpWUmjSNi_POBbtcSBVga_FZEYLH]xVFpYThfVcgtwo[khNxJW_KQtCojxQU^KkkJJYdNLxwYimdjfiXKOyGYKovV`yhFNIiMDRaOejxYclcGZEEOsJPLdSyV^NhNPqLaEXgUHIa_AiqZMpw[uZMDt^clSLlWBkJm`CCBYkGkdkLv]_JhRNTqdHgapuBwWJ]Q`DtKmvCKS][ISgPoBDFoXSJYV\\M^iKTZNuWYezvWKJ_Gh_OIfMuSEitMu\\oQi_\\HIAuXPrJCIjdNoClrNDs]PBV`BK^JKehgiWygdrsoCsKVEfXskxDffzrHeVWFTAs_Bw`YDENWKDZXqA[VneZMaBBj_rCO[n[CzfTHFyofkh\\b`[QduASjbfyzvquMBzvWdXYLhTPopn]saZJEaYU[\\l[ThTLPEcekmEyICFwak^toJFY]hqgde[vrwE^UHAjNJlG][AB[]nkxrgKcujcOvAFRIGMxccZjoffXywCgoLGrjxAQtvZYY\\SIfoTToEsuTBJLBmdygv[juOcKGvEhIBRST]mKcjrkTM^iooPHR\\l]BcNXMJMtzLlSjqr_AZWxEjWhktWSgxVhQpRlOVyZ]ykH\\LyxwkGsFnXRLagSmuMCqDBu`GPf[x\\FzOM_vZVvq]c]Xz`iifgcmhRXKEXq\\\\XHSRSxTHXT_QMT\\_^aaawpQtTRwpUqB`[VE[KFhcVbOTD\\\\yvfarPv_crYyAA^maRyqqOATXtyKVawpsqytjPKQ`r]clHgcsohCFfejuRJyQkICvdGJBdDQHhRzmYcQMWSastkMMOzXGMzoi[hIB]aOlXvXUex]jsluXcJBttxnefJvi]RSkZOkqEp\\yTscQ]hN[FWFQgPI`mdFNAjrSflPdBDTniC`AV]Iyv[cFLBEKGKD[jNyeAPekXeZBDScdjHKQ\\HR`GmGehF]qAtD[EvAFrXaRBaCtY\\[zAmycwY^NIADSHcBKPI_oGEYEbz_akNLLf^pNu[^fYmwrTNKZ`rdQwgtwUuBwux^vprhemnPpesWUHbkTpFAseuOydttAYbl[OBC]aagmcogDQ`omJhHpweRuciAttOWCHvFG`OnPYOQpOLiEEHrk[w_ekHtr`nsTXdwV[iNvusWhU\\fXAvomXfcLW[WXVvjfWxYePTeWtvpb`rPO]\\reyGvlAkyzRpazJlRXCAIgRXs\\pAf`LHvtDEhQBge_UfFEVqYoasL\\SKTaNZwAFZoKugwEDBVWWeSfSoGzbrySvZaslGCckeZurvJjtUk`^pEishOZTwYN[\\O[FETxyngmLXoXeWGNGZpGVszDsdOnML[VgidpBmajJS]\\tqowqKGAgIFMEPFV_saAxYkwnRMUtFwCW_KBoSxBEZj_cWklhKLQl]_\\FsJ`ymHaLCqaFEbMv_v^iMTWb[giugRtzjvwJYDRRJTaaJgcdyVMbAmt`my^FYg`lxbWIfD^\\dL`tnqXnDEvQESywCWWZ`Ms^noccQ[yvrlxoNAmwakBUkOgfcZGOgDwXTBFyNp^dGAZTUKiCe[toK_n`HxAqTkOooa\\LunilNYOjpTRYkEdMKHMoOarQpgPVlf_ni^HqmIblQDkogbFPGCdhThwUwYvaIsyJo^jNwmZB`\\_LpCdNbAOiBrZBanuUMBdXEazIsrTUdbHsIl_toizIdQIwEihIsFp_rGHPC\\UjguFZjaspPAa_C[noYDEKKK\\^mdABdPqSTQ\\jKjM^prtr`R]WSSqzXK_]YbgG`qLzJNKlzEdiqaVSRey\\HejRYrvIlzQcCGxygthRGkXOiIJqpLLodLyvHubSRBzAoBgjcWgXwgUXM[cQhETan\\zqICqmRVzFkXZh\\ZNY_nswrbjhRRfNiZMTBpbaauFbgPgoAuoNrvBzcDzbSJ[AkmWRLGgfsgreiRPbuugW]XWmXMkyqAOX[FrusVdtOJVKDXRRnYgY]D^SWetyWipsY[KcZVj`QmITBLjAuYLXTpuWb_^O\\f^aT^lcMjrX&quot;,74)" fullname="Open_Lab_03._10.Tests.GetNumberOfCharsInStringTestRandom('j',&quot;bOwNOHl[vmkzhwUtfMhbSUSc`rbMikIWUngIHhIsYqm`dJqsjXHKhDFNwThWa`lLeTfuPLlxEpI\\bmzWBi^RdxiQiZLozlRtFbvP_vc^fJFsvefJURVrC[bgfUMqAwyT^PWArjrFFAf[spVDnC[hV[rezPeJjm^iKmVfOeRe[QmBpHopzICx]RxDYlBcFhVT]wPF[joJkpMFhpor\\oKbj`MtoSN]cj_nvY`triVQUtMhEsVcxJGQ^odxkWQH\\RaBQZKPQvzmZtNqT_pwxe`YcOPGpbI\\XNoCTLWeiGSBKUrdbndLaUKqmHYCJDZin^UMFK^HIKOrS_OOWg`ByxuDDxPMnU[egeOgzf^WQ]CWFT_NsJf^^YkpdQIHuQUokdLhQcOlIJl]u_ykZCTdixGNuYDi]W\\zHOf\\HqxQvtUUgOvESYisxlFm^xnr``PmhmUfs]ccEDiodmbg]yWDicCWItyKDGlVebgutPMqqGotDRJkVHUaJLEFky^z^Y_ySSKBFhmNmaNboITrjNowlKLY^bJvmMSYbqbkHIfiUHody]RcegQQdcMIHl^^^r[aNpzyadjbcGbeWc[AQbQGwCozdZcVeHK^gOVI]TBBwih^Bcl`R]NwaUdLAAUHAUw[wDxHMR_xaOKNURxAhDEHuOxSeJI]yuBcmNbyfeSzyQVRJWrjCTZwPoahFe^DJBygNc[HkzVDlFJdsfJOSZZe[ESxgtsAGPqwRjDbvkyDxWLKfxp[\\PkkcTMJP][rHVw]OMRIbbSc[WhDsISjEY_r_GUy^uSYPHwcZjvZfgsuwHPMgIQGKknirFxIrTfhPtTTZFdJNtEX`euWqIRVdMO_UNkUlmbRAKeDowmb_HsQgVJMLaRjCQEDfozMUPY[SmWVzrcuVjq]TxryE_JK\\sPkGbXAxaNPiYyuynNTyXTSZcjiwAIpGNz[]gPXZbxp\\bnvyxzQRpME_wQ^rjDwXYJ\\Y_XS_puWZ_qsoojzAr_QBvv`Vl`j_AXDYS]Z`hl]vpeAGYjDAEwats[^dswnPKsZGm[]RPZTGCVLRvZxB]jZErK`rzqhkyMkwKtTxNlkecZr^OLhYzln[ZUOcveSZmcIpeOGBGAokzo\\XSCdnIOlMZQ^pekCcZQsARBsAFgSzwC[etqQsB_Q_rvWUlQWVxMRiw[GQJci]vmPXpswn[JbvATJWf^PoPxBkkliYkzjYpncFfz`sUcuoeWicRjfgTuNxk_gDK_D\\[IFMkEkgyX[gCMGUDGGBUCFuafUGS\\hp`ZU\\Q\\rNzyhw[bu_YSAEXCGXDKgFjeU^jeGdreDbOtBVVI[ykphA[dY^SxYFpl^UeJNp[RgoOZp_AkCvkhVuwTCFMdRuMxm^VglLvf_ZJtlBot^bv^VHVdYQGHdrAlcQgRJTzqzFJwkCcBRSFjzjcfHlO[EnBhZXR[U]kKbE^QyZsWiFqQlQmtiBKXF_mMD\\^TlHgocvHvLSghtsmywlvIfXmTSSFDSQN]w`ebZCiqIrhWU]_MmnPS`UiTUT]PqEcvEKlTNL`uCFAokWyposQ_BvwbrQMF`YADOmRKlKzbNVP[UtdyVh[xnDtJNJ]wyZUeFwayFnDdsjRgf]NxhNksxCQKsHxbhCcnAfUXTetbdqEDmN^kv`Plj]gDgVFxp]vqH^gAIqdCUIPGxMXedNgInrE^zRlx`vmHvOwPb^cFwMWaN`GZy[UcqnDQYIBrFf^ZWHLiQIDGeaMb[_Q[KRzEbJQHLfqZ\\lAQixKFTXJqXNxPb]qusbgnfZrMrE^fSeetavs^UKGnIJgTMBaipvbuFMeOGxOOt_^ndEifdSah[sf]m^Ap^oqWDjnTQeXWwsueftkHSuF]UtZMbI\\cxYkEiHktQVUzvKlcyBqtns^djTCJQbmIIoZ^Hpw_JqrxaGaKIrO`RcpFvHUUEadjcMqGlN[IFSjwA`CdnsAYSNq`zTbz[bZcNIVTPZZuWF[ztsEVElbMaKWUWQGXf\\h^sGjsKjTTYFBMmqgHPMujANCClAxyTBPvYwHmILLVXOn[IKb`ezHZay]eDhHKmVAXqGoqityDA`RmZctbYXUTtpVZZ^j\\EBdCNWdCVlrkAEYAhkL\\nalVBg^BkUWLK]yzwO_DyqLg`dSpWUmjSNi_POBbtcSBVga_FZEYLH]xVFpYThfVcgtwo[khNxJW_KQtCojxQU^KkkJJYdNLxwYimdjfiXKOyGYKovV`yhFNIiMDRaOejxYclcGZEEOsJPLdSyV^NhNPqLaEXgUHIa_AiqZMpw[uZMDt^clSLlWBkJm`CCBYkGkdkLv]_JhRNTqdHgapuBwWJ]Q`DtKmvCKS][ISgPoBDFoXSJYV\\M^iKTZNuWYezvWKJ_Gh_OIfMuSEitMu\\oQi_\\HIAuXPrJCIjdNoClrNDs]PBV`BK^JKehgiWygdrsoCsKVEfXskxDffzrHeVWFTAs_Bw`YDENWKDZXqA[VneZMaBBj_rCO[n[CzfTHFyofkh\\b`[QduASjbfyzvquMBzvWdXYLhTPopn]saZJEaYU[\\l[ThTLPEcekmEyICFwak^toJFY]hqgde[vrwE^UHAjNJlG][AB[]nkxrgKcujcOvAFRIGMxccZjoffXywCgoLGrjxAQtvZYY\\SIfoTToEsuTBJLBmdygv[juOcKGvEhIBRST]mKcjrkTM^iooPHR\\l]BcNXMJMtzLlSjqr_AZWxEjWhktWSgxVhQpRlOVyZ]ykH\\LyxwkGsFnXRLagSmuMCqDBu`GPf[x\\FzOM_vZVvq]c]Xz`iifgcmhRXKEXq\\\\XHSRSxTHXT_QMT\\_^aaawpQtTRwpUqB`[VE[KFhcVbOTD\\\\yvfarPv_crYyAA^maRyqqOATXtyKVawpsqytjPKQ`r]clHgcsohCFfejuRJyQkICvdGJBdDQHhRzmYcQMWSastkMMOzXGMzoi[hIB]aOlXvXUex]jsluXcJBttxnefJvi]RSkZOkqEp\\yTscQ]hN[FWFQgPI`mdFNAjrSflPdBDTniC`AV]Iyv[cFLBEKGKD[jNyeAPekXeZBDScdjHKQ\\HR`GmGehF]qAtD[EvAFrXaRBaCtY\\[zAmycwY^NIADSHcBKPI_oGEYEbz_akNLLf^pNu[^fYmwrTNKZ`rdQwgtwUuBwux^vprhemnPpesWUHbkTpFAseuOydttAYbl[OBC]aagmcogDQ`omJhHpweRuciAttOWCHvFG`OnPYOQpOLiEEHrk[w_ekHtr`nsTXdwV[iNvusWhU\\fXAvomXfcLW[WXVvjfWxYePTeWtvpb`rPO]\\reyGvlAkyzRpazJlRXCAIgRXs\\pAf`LHvtDEhQBge_UfFEVqYoasL\\SKTaNZwAFZoKugwEDBVWWeSfSoGzbrySvZaslGCckeZurvJjtUk`^pEishOZTwYN[\\O[FETxyngmLXoXeWGNGZpGVszDsdOnML[VgidpBmajJS]\\tqowqKGAgIFMEPFV_saAxYkwnRMUtFwCW_KBoSxBEZj_cWklhKLQl]_\\FsJ`ymHaLCqaFEbMv_v^iMTWb[giugRtzjvwJYDRRJTaaJgcdyVMbAmt`my^FYg`lxbWIfD^\\dL`tnqXnDEvQESywCWWZ`Ms^noccQ[yvrlxoNAmwakBUkOgfcZGOgDwXTBFyNp^dGAZTUKiCe[toK_n`HxAqTkOooa\\LunilNYOjpTRYkEdMKHMoOarQpgPVlf_ni^HqmIblQDkogbFPGCdhThwUwYvaIsyJo^jNwmZB`\\_LpCdNbAOiBrZBanuUMBdXEazIsrTUdbHsIl_toizIdQIwEihIsFp_rGHPC\\UjguFZjaspPAa_C[noYDEKKK\\^mdABdPqSTQ\\jKjM^prtr`R]WSSqzXK_]YbgG`qLzJNKlzEdiqaVSRey\\HejRYrvIlzQcCGxygthRGkXOiIJqpLLodLyvHubSRBzAoBgjcWgXwgUXM[cQhETan\\zqICqmRVzFkXZh\\ZNY_nswrbjhRRfNiZMTBpbaauFbgPgoAuoNrvBzcDzbSJ[AkmWRLGgfsgreiRPbuugW]XWmXMkyqAOX[FrusVdtOJVKDXRRnYgY]D^SWetyWipsY[KcZVj`QmITBLjAuYLXTpuWb_^O\\f^aT^lcMjrX&quot;,74)" methodname="GetNumberOfCharsInStringTestRandom" classname="Open_Lab_03._10.Tests" runstate="Runnable" seed="993160885" result="Passed" start-time="2021-10-19 19:34:08Z" end-time="2021-10-19 19:34:08Z" duration="0.000081" asserts="1" />
            <test-case id="1058" name="GetNumberOfCharsInStringTestRandom('\\',&quot;HjuKRKutDx^X_canBvs[EfPcz^[GnLbniMiK\\WMSTbb`DvzICYhv`OD]ZSKnknFsWjiSuVSei`G]Dk_E_SEU^fN[ILkIMZc`\\jITNgNhGDNAHaZjoGOYjkUl\\OJjeJYPwaAUbLrsEXO[XNScmBUFKKqkUXry]^CxfyDa`EIcPWTS]uTOvbxcoSEmkQzJTsVaUQoZKmChtlqoq_O[EdDva[IStRqPFyPXAmxMFtEJ_QjC]PvMC_Fkp[AuI\\`twnbv]YoDaBVK`uWQkGqeVeNas`camDEdTLNlioaD\\rfAJvLvDkJCfv^S`ACxqNR]xmrThfbv`mI_yNXxTh^CtBxXhuLhlcNNaJCXErNXIO]smzTSdFdJkOcwoZgmZtKx`vxpLAt]ZFtf`FfibtEgyD^RaGceK\\yPE_SrB_HcMGkfUxWjnxLao^y]XgOFXORxHebBmngCm\\ZrTswdjtrMQX[a`qZVPBLyon_kVUwARIoTEGJ`jfV_XFgjKB\\wTRmkQ\\DaTMNVwrvIcG\\YhufeghbjGo`UtAgzWEDdDcL^YzbaJ_HD`COZgIDcuTZ`gt]wKwm_DsVEiHLgGBach]oqlMTNB[jkJgr_^eVNmdzghKk_wW]smrsJEfKyc_]dJevCQgI\\gTqD]HIb\\oQexqxRnhZs[XeNGW^DOiOQNBMZAohx^c]oNrfTgdPdMQBOicxGeFTnaAXwd^QyA]VrvqAOkJWeZfDwAxlYrbTXPiNM[jjJSQckvJTscjV[jiTvx[wfmsHYJxbMcnoBZMRICTAqetqHLsibUSPznEW[IJaycHPovUA]WKteZFBtCzNQPArQ_oNVprAsmCO]dBMrsLKJZfahD^YJwQjbQzQGGfg`KBrXr_PAmVYDqhrtOaSSYqv\\TgMelFlM`fzYnIp_OYWbrgldIWs`SUGTFWDKSfOgeL^KiZGFknDA[Udhvc]UNLtL_fSXFeLcJjxgIavjQno`QFtlmWPjJuZYRSgCGjzFc\\rkXx_VhmDZXUuZmaeiV]ZPQ_UquscbnixpOIUostBWqAAwXMQ`ERkFBb[sci\\pK\\fiXFKdMqq\\[DYP^YYhbC^]yrngh\\MJYMLUUS_RChSN[OfyIKUKPnOHyJkaS_wlehDNrEvLtHfujPBkLp^]HCteyEWKcxz^kbdnLXHEPIQIITYiHAV^A[dcnYPnikdvHHJHfO_nhZNyll]efhDbc]]QyBAnIUW_`UABKQCs\\cpbMfqBvfHAhBTfesJeNlfTCiZXl\\ZVeKGAgvDSLyr]MVr^AUWRGYejw]__LZQ[LlW]vTzjprYPuIGhrvWWEIPM`WDKW`GmiWQ&quot;,20)" fullname="Open_Lab_03._10.Tests.GetNumberOfCharsInStringTestRandom('\\',&quot;HjuKRKutDx^X_canBvs[EfPcz^[GnLbniMiK\\WMSTbb`DvzICYhv`OD]ZSKnknFsWjiSuVSei`G]Dk_E_SEU^fN[ILkIMZc`\\jITNgNhGDNAHaZjoGOYjkUl\\OJjeJYPwaAUbLrsEXO[XNScmBUFKKqkUXry]^CxfyDa`EIcPWTS]uTOvbxcoSEmkQzJTsVaUQoZKmChtlqoq_O[EdDva[IStRqPFyPXAmxMFtEJ_QjC]PvMC_Fkp[AuI\\`twnbv]YoDaBVK`uWQkGqeVeNas`camDEdTLNlioaD\\rfAJvLvDkJCfv^S`ACxqNR]xmrThfbv`mI_yNXxTh^CtBxXhuLhlcNNaJCXErNXIO]smzTSdFdJkOcwoZgmZtKx`vxpLAt]ZFtf`FfibtEgyD^RaGceK\\yPE_SrB_HcMGkfUxWjnxLao^y]XgOFXORxHebBmngCm\\ZrTswdjtrMQX[a`qZVPBLyon_kVUwARIoTEGJ`jfV_XFgjKB\\wTRmkQ\\DaTMNVwrvIcG\\YhufeghbjGo`UtAgzWEDdDcL^YzbaJ_HD`COZgIDcuTZ`gt]wKwm_DsVEiHLgGBach]oqlMTNB[jkJgr_^eVNmdzghKk_wW]smrsJEfKyc_]dJevCQgI\\gTqD]HIb\\oQexqxRnhZs[XeNGW^DOiOQNBMZAohx^c]oNrfTgdPdMQBOicxGeFTnaAXwd^QyA]VrvqAOkJWeZfDwAxlYrbTXPiNM[jjJSQckvJTscjV[jiTvx[wfmsHYJxbMcnoBZMRICTAqetqHLsibUSPznEW[IJaycHPovUA]WKteZFBtCzNQPArQ_oNVprAsmCO]dBMrsLKJZfahD^YJwQjbQzQGGfg`KBrXr_PAmVYDqhrtOaSSYqv\\TgMelFlM`fzYnIp_OYWbrgldIWs`SUGTFWDKSfOgeL^KiZGFknDA[Udhvc]UNLtL_fSXFeLcJjxgIavjQno`QFtlmWPjJuZYRSgCGjzFc\\rkXx_VhmDZXUuZmaeiV]ZPQ_UquscbnixpOIUostBWqAAwXMQ`ERkFBb[sci\\pK\\fiXFKdMqq\\[DYP^YYhbC^]yrngh\\MJYMLUUS_RChSN[OfyIKUKPnOHyJkaS_wlehDNrEvLtHfujPBkLp^]HCteyEWKcxz^kbdnLXHEPIQIITYiHAV^A[dcnYPnikdvHHJHfO_nhZNyll]efhDbc]]QyBAnIUW_`UABKQCs\\cpbMfqBvfHAhBTfesJeNlfTCiZXl\\ZVeKGAgvDSLyr]MVr^AUWRGYejw]__LZQ[LlW]vTzjprYPuIGhrvWWEIPM`WDKW`GmiWQ&quot;,20)" methodname="GetNumberOfCharsInStringTestRandom" classname="Open_Lab_03._10.Tests" runstate="Runnable" seed="1447740497" result="Passed" start-time="2021-10-19 19:34:08Z" end-time="2021-10-19 19:34:08Z" duration="0.000057" asserts="1" />
            <test-case id="1059" name="GetNumberOfCharsInStringTestRandom('C',&quot;UchVh]PzVonVrgPCtWD]Kx_PoTPkga_sfi^TiBXfzMJcQo`tqjoAMypXDXaUN`TpQvkIJwTsyY^xnwzznWtwm^fgtGPR[DY[sURUEWkuWvBo\\rdHYaarfWDmPDPDgCXuzCEYeevXgyaq\\rLC]Hsu^bo]R_FAGgOT_HoYmK^nfIKhqNQYsNa_J^XYOcHF`uRzkMRUCmPReFOVWGgDOhItGjJAjVJJDXOlrLwdvvVGxPtEOBCHwDrrlYsACRehcGONq^_KJCISSCvqqFliTCMz`WzYSwadRi^rBfNl^sxtu``j]CKx`wTatOi[_FrN]_Be_DpKrAK\\ETEzqPvQmcEUUwynwnNYAkXW_vKZMzG`ms]aJjdOJa\\u[gPcFCNEmm[Uwi[vE]Em]_c\\[YdNJyOZP^vsfcTKlCmzXIe\\PiJg]iXwEoHhZAuo^AEYmcP]IuB[lcDSnIy\\obxbFzor\\glkHy\\XDLihZh_cgxK\\kotRCZAvD^TnnXA]JQSnHgPcZRBGDVuHoSHgmZiiy`T`rutChCZVfXTD`QrlXtsidLz[PTjjcdpbTjk`YzZBw_]WzDH]cwQEhfwfuYmTSjnBcmkpaSTY[qlEjd\\LLNGfTkuhnFezMFiMl[nMTSvQdrdqtrvRwaIFcHirsDC[iTMVI`TPpPstRqB\\GDovJSDfxcddmvUPQ\\cQfOhU_g\\ghOomGMloPGRVPaY`wj]tvcdqOlqsV[W]rWxinr^`K`AJJMAEqIYoJblEfy^UWtYojp^tcjlEMxjVcZgBllBNCbSPftDpTIJRGL[UjH\\HWTcMsW]LS\\derLmH]ONjgwlDoXOWzRSdQurizFXPWr^r`_ZvZSs[tl\\Zc`Y[HGMAJzUxUEIWryToZt^PxTwhZrk_ZXG[hwHPf]iaJ]bUJ\\duYgAiBI]oJ_aROq^wxijuqEIwLxG\\lc^yNqGmWYZ`ZTFGvWRTyeX\\miDT_D^DCBCbBcEYjla`PK\\^yBAogm]GKBL_mmOSuV]XR^ETSsdNEsMcNaV]DiWP`vXAW`gx^NethDL[xh]oIOCSpdRMWmPLzMrVGEwnMfkqNTuJUu`VMcGRsFLmOZalxZu[MqUsljb]^ME\\jHr]MuyXGa]AtJ_mEzsoZ[x_`ge^AdngBjDGcE_D[]UfTTybKpY_TPCPJTw`P\\W]mpzKFYKA\\oUwFSKLiCTKLPTlgowOHynzGss^Uo\\lfXD_vGJrJlrNHMQ^]O_R\\vt]BVqNZgrubb`oMop`fFFWGartcVAFPKQj_a^aQwY]txfah\\RiYyfWq]V[_wfDfleWRpPfQPOjgc]JuQMGEShR_ttBKDCUQUqHTPPrLfXJkwjOAM`Nj`zTETsXwO\\NNtYSlUpfBVuYv^abKeBy^oelU^CAWsvxKJvq_X]fWtMUebXamQNRM^jYPgxORpPJZwOlbjDmIWbecQHnF]NGedkgZ^br[NTbeDuhTfzCM[IqvFqz`JIpbI_qMbSEIMSuDAA_VZ[Z^LtK[tlUgcRQF^z\\`E\\lTutAIOnvERdGjiSWOTVSqxXauBp`A_zQxiGcRtBMGpPVyLaWKdMLjJvV^TGHYNu`STIBckEVSIMAhCcj\\ZVXSnbomkFynuosujCfC`oZ_qsawui[kWfzs^N_lUOrfGcYUTGxzxgvfvt\\vArsCeNWOoAX]_thRwoXO[Mdok\\nkkUwdldl]VpAtLJ`Ti\\[DyeiG\\M[oODRIZg_[DnkvILvGo^CQgPFOAjlFfpH_IwOS^r[`fEQvk`vnjcSxKKIyyDHjuYpNfLmLwddwD^ebzK_\\oxVD^JUyoQT[kkfNPCP`njrGzWug`ayo`gvwCmk\\qnXgPILTsXSxuyiEGODGPhZNR_vDoiK^SnizSKrqKaoHOBtayrpnidLJUJVkNI_JNofGQjlwXNvjtRzPfVFxsWpib`eIpGdCBeuZWnPOFtW[i]QDJFFsCbRqzw_lEdGRdthOWatrFqrzAUzFPbykAlzZTD[ZO^J]mEqooBgdLNmMkRqexZ]^eWQsuNuTFZdbgVMv^LQNuV_nymjCMp]oBfsVoyubHT_meK`VEvHmJPdPs^tH^sGQxoaA]qG`QjFbqmIoNUxRhkflCd^REnDONNope_sNoc\\[JCYGUFtJvocMJoytTp[]fqUdxTKi]j^FOKcAKWxztuTYfbgpazuyHzoSipIBvLgMR]yyMxiws\\cl^vxVgUH^o_yPWPSVOvEiNHHJdhdcQxGfWDpmrnUaEJXm^icwfSiwXu^Vnomzl_MrXSsT[`^[b^dEkUfuFgxxOKO]`ZyDAVo`waULqP\\GoNVtQZfZJrtFbPcNDWnBa[[LjEHJzZEqKqIBoVLFn`tI\\jyhxHHZ\\[aUnJKMS]ZjnDukGbYiKiOAaRkzGZMsSeUkQoNfKzmRGKVYpNbWiYPnM`n]ZLGsPaXJiJ[SUn_LvwtWvRKsspKuVb_kAkMztuBanLjfmOCutDrPgXaHBNA[V^oGfjRdb`RBvSckb_FdnQARkPEcKEyfuaLQXcACxZTUlqTToqa]HWhF]]WVfiZ^bgHUHSSy^DgUxf`tvknT^\\_^tGnuMfXOzpnFizL]^bzEjTHrx][uvFzFHd[B`YmsfYUHrZLw`Rpw\\[oayvwjK]TtqhyE_KxFpHYRyAz_R^VdQDehpuDd\\DhJE[RK\\GYUTjGUB]bxvYXhGjdmDQPdHUem[PM_jpCLFBQawQfTTFhCfACVr_GKroNzFUtmPDOGWMbFZDpnewQCgcGZMrgKjrURnQ\\cWtDPqbfZZwvniT`u_LS]OZ`YWEW_sPRIbNWltALFwhAQvs\\VSZncxyUwUesmKHaJemM[woB^zN`aZP]^cBMZ]jKdt[XOHZvoGrfIgBZ^XQdkYn^EIVJJvHhvbcb\\XnVaRl[beTqbbiBMF[KGxSFmPmtzKjbEZxFeuDZhTv[o_cbMG\\pHY[_FhcQ`r[XvmmHedXRCA^nCsROhLgtitZgzYAwSntqs^`Cl[wdiKmGvh]MWUcUKbiBSGILd[zPHgu_TO]NODK_GSkRwn`xK`fQp^jeRkANK^zOmytHrUFGXJuAVqPpuBFbBejp`rv_DwUdT]_yuXFqZ_tfcjP[\\KSJYXMIODcAZbC[pRhsSRu^wOI^kDNqc[DtdKLvQVjrpFWs\\YpQCWIJQpMJPjXKpmXy_JreGlcwbChqsQBSOwnMRtcnxCgbx_CChYTRaKKQoLcNIVRyiFwtyLgfbDgEFByDAfJZwjmDl^YFQVfbkhsscID\\lik]^GLmN`M]MrCyTsH\\naULYFTXIG\\rchiOyP`fSfslIJVtfu`jBciKT_EYmneHEUu_InzDS\\JIicDPjZmOalqzz_u[KHs_BlhnOqlru\\WaZa]k\\pjTBWaS_u`et`tLceGwvPAsivTEVPaZCJzVY`^fKUOURHxVcKxoZ`pLoqeGC]wPTGbja_nCH\\maBgbaxy]KSmz]UoabuWciYzAK`OoDXugxnOJIOEIDzlxaGFUmxLIksDIBfWBjJYnXFBjGeXTqN`jgC[D[tCGLmvEjFI^rCZtay`[EVOIasR]TU]yKSbpHSbfKwzA\\t\\oofIi^zyEeu`T[YlVdJS`\\dmOWuQHVOggX^ihLn\\LT]LNmOKlLeWSavSKtuSciqiWNtvwkDJqhHLyY_\\Hk`wlrUF\\K_oR\\t^^noztSNBI[aeZkUmUYKsJux_tn[lMOsUndiKd`co]_oQRjgkql[sQBUcqPGGs\\otcLqpCJIpqWVeGgNKHjv[ozEmPFUTZ]wAjuiGsqhhdeCtfj]JCwyIaUEcGE`xpoWU[UvLyHRRCNqJwKGadKR^^n[UpFzoQksoOiZRnQLuehGS^vgwxzTe]sqguaVsI^ARVCuOlpmTzWsphHruZDqRWNRWrmWNuTmHgpx\\AXLIMAfGAAzmj\\ZEgjuHk_WyY`YgdlIrKVtBsiEWcLVqmd_Zui[xupl]AMjgcz]OsHcTbXMye___IaLoBzmvQLxUeXBfzYndjGyeBKr]\\]SWQMT[BufcMaygKNiKWbyMkvpBbanqIP[osbEXDaeEmLWIIR[n\\gGu^GfVXRs[Ho[xGJodJRGpwuZ`_gsPFzU\\I`QlvjzmiJxxkZCz^reKaRxdgGqlYcVHZyobsChZRUHnw]oFdtmOUKvrbhFpsNTFnp^le\\G[KLsMKJgKSlI_qGnPDxzLxsbDABzHyC[HnREJRjhXAu]GFoPhBOig]u^RdoLIK`MPQAl_CexUQbLCV[yLmSFjUofsom`^^_N\\iNqFDkeXRUWuj\\wJqzVrZ]v]UskPE[qlUkTHdtIChhYAXlJTqWg^JWBLSTkKzUTr^fayHo`xrTJlEuFciXZinScxiIpPIxCTUa]mLLLCqjfpMPGXOH]cvfELCcPyyPouRqX_YSX^LXrDgnlZBXBA[ZXi]QjcvMDavl^WrcywkzX_nA_PrqxaOn[sYiBHdocyTQIvPUbYZEQ\\Ctv\\mZlEP]SHRfxJbrSvWYK]sdA]P`HJ]yp`n`VKC^jqyAedXYqcmVEdiYdIYPpjVIeSpXVB\\HstjT_szWFri`XHtLrUwMlniz\\qVRnzCpGe]LuUulJCJyBpl^ZeaBFOWELjsh]hcFptZmfiQ]ZLDjekxgEssJZAjrOXAK]MO\\ZEJIWzrkTDbuLg[[mMcepZgoJb^OiFANwbP`bpPFAHpWZpgbw`YQddgAYUyp\\dCNCUxeWutww^eidPUUuvRIhkdTvPHMq[eWEcTFsCLBf\\TGzxXIAeu`StaRkdiHnhG]tOdAwO]skQ^LW]UxszLL`EEKBBUOTEOxVrNlTWMlICpBWVvOPlOn\\vwoJYzuuN`gB`p`Pdd]n[C^PCogGGycp[][vYbvWRru]IAq`VzgHmABsY`HeSnoPxqbDVeqBiF\\cHAGCyHkHR[DZ[b]s[QE^Df`SYmJlIeZg_YkYZFfLChx]nHdoIxbXBy`][ndLxzyhBWvBqDZUes[VhD_QJVdKCBfatOxf\\[NDiQ\\WMbxE_MmI^JoXPTBcWnezlUIcGntKfXhXbIDcX_gqO^CjZ`WHZehvg\\fsYUylSc]G]XqGPYKrHnlORZJaWmlAkmlF^LJDau^gAwMCjPrA[pnskWazLXUaq]WkgkdDPHRMQFNVMGrGulauysVGfKrIawp_a]VyfnlT_abfILnEaNgFv\\lnU^YEPIgUPjojks[GANWXRkx[XmcSQkcEkceIVgDWuNVZWDThmaFiFU]eayh]`UD`HkzIOSkUJz^DV_DTZv`kftyWFAcXyaq`JqRfDLY[pk_FqYPBuUDeoTuOldCOkTVcJxu_MYQN]FvuUs`hka]e^LlpvDu[IKj\\Uvwt_kp]DpIjYAttDV^KrlFxMEcJ_pFRV[`YwgJAlAahDBWvKAXng`ddqyhZHfyOkqUy[[wXM]ZqLYuKhgz^YRepqwcxyjtFCRwMgY\\jEzbJGnXYE]l[g\\qZL`I_rzY]dTot\\h_PLPYYk[iD_Kt]yYYb\\^AHQwsFbFamy_xWy\\OXCYikqFAhFv^LuNYxgWzPXTqfuvEAN]_]KB_CoPRLwKzfbVslFzkb]zzibDquAz[dXABsiWIWFoSMULD`DTvNmwAKBq\\lZWKwkVNbTzCjqT]ignTWAQqgEMq\\AqqsvXwidV\\yx]LERLXZZS^O]EkJa^r^`mb^IJoZWoERRVY_EmVtpXBiTcWqgnHF^yZKviwHXyCfNMwGgMEoIyiHlsKanymcgynTvNdVpN\\rVV[GfPJZiTx`PSZC_WUZLZzOZdLYdiyu^rmWYDu_oSuSAODdobrZtCfvWLhCElqzVDBY`Dd[\\pet`gNL`beCr_A\\LqzMWs[D]uxxMfElxXyDXmWjy\\]^GnIqDaMiDXDcVbXeiQzu]sFZ`wDZ[QOvVwwimGtfYVi`UVhqUlAh]cAOiiQH]nNnJINYejscXT\\HK`FKONEjPbYnwizDpmJfHvVLIOLftYPJHsEIdGsOi_^cjZ]wjomeJpAPKtBzCZqqRPgEeq[jtuxdXn]imPvEgezRspyjEtMPihR[nXSsUClPsXrWXTMn^lKgPUMosleAhiuj]BvVwDkdtkZ\\xbRlgZlw]eKYL^AcXkbK]HuVXrq[Abm`vkrQZtTNwxNrr^JZCHLJIOypgwUpdRwvsf][fjJ_WUN_uD_thWXsWdWglCe]`^eeBRyLBinTygmoB[udY[IMuD`POpjdFgzsjd]dFSsydEujrcfRHBEEVXkymjwLzJNRhtEXyR^FcJcpIqYfJX]Ebu^Rs^rWWgyZqdBx_NTp^z\\LouqvQQCbhJjmVm`[[HiwKJz`o[HvEgbcYR]xgvFFeXmhtObmisVVQ`BfvRGqJG]AcHTEPbn_CdSnXSfasUNMRLRtQrCVoOv^ulElu^^HFqThNNOcgaxpsQjWq[oX_YkniotgNtfVrGG[segCd[jNRGedBiv[iFchG`yYTcUmvcxmJO_MoloEj]]bJQe`xLgm^ZUTfNiAFwSiIsZmJjfwQ^xdCWODxpokvLOkuLbbDnzmKnZRqrVO`k\\A\\kQOyfCQHbnxdjsyIEt]_LZOxxMGZ`KLjOOJuScXljecA\\iHyXG\\qz\\QRBQBYwqbXcOV[iEp]\\lparO]OFHBZjUjnxssCazosDLXMTgPTRyUOfkZnnmSooIhN_c^qLmv]wx^grPvYriHkA\\HNYFOogzDu^JilJZH_DsRiNnw_quxFAwNC[PXG^GpxtcIhbKPXbdgIKYAfJkxmCxtawfQtBBAwCUpefOwff`_XPFsCPmwnJCuwibkvuVWackFqdVAunRH]Z]QrnNdPENnAZswD_BkPJyp`zBZumCzrvX^MRsHhmG\\UwFWkZwWmasT\\glrmnj]COwEBVjlfuD]C][cuej\\pfMQDEC`aBVtDdZGAAUUjLls^VQyMIxHEOhWBfBxTJLe_JZYCTcuPVleuUnhnDTXDNppwCFVyWA`zHTTwsws`Cri]C]gsUKQqnaQTe]zONvtUMfnAZkvG\\rBWHStaY]eMkjLaCASVwdSHyUQXjfZdPJVv`uMRcZpkRge]ZMyZY`Kr`tYmC]rnDAwaUPBInBn]ocqRjny]hALky^Wf]ZOGcChQkDIJKpfXmiDwDGDP_UFCpMbqsWgTmhulu`afeoSsUoyQ[[cVWzcOwe\\_]SRoJSeEnRB^`XejBNiBORVYoRwmEgoQECJR]_iCJt^JYEpzUsMjw[PLwsArVszH]lZ^NSM^_frUoMzj]xYM[FTdmyVe_rgRtVgheSmBfiKRcvXjsQVYZnhXXpkOxczhya\\YaSEJKWbluCBrbflN\\OrGiPPpc^ECi^SCZyJ`LLNDLv]VosgRqlLkjVkRDPbgS_CWkyYd]LCQAnummuAjrmLxScTEOs]vdalgsGepZDpfjujv[x_IOrp`SFEIfUUejGgZCNugPLQnxaOXsXdQTTgllLTmB]JFiKvcOPtNDrtDbBcmrgPOkEQVZuiqtHenBKFmefJd_WN\\[dKjdbvVNvUeuaITbDTvMGCXwqHL^fjUqovqkyMRLP`Fp\\rE]qB[CROUannm[jrbMznFeSccqBkxaxb[yCigdOS_`aPxK[r]XytphmZKNZeAbRndLToXALxxhO`ECeXWKN`cDlmMc_YKeSxOmglrgZ\\MAvIZMVIdBOpTmL`[aco]mmTVRRRVsakkmTbIcTzNWpJV]d\\bHRRDey[NcnHuEmk\\_FaZdXrMcbGwdxthpkObOgFnsU`pLFIdFhqWCCxkZE\\Ds^deu[ET_JMszmaPrBB^Y]rwG]enm_HKKCvUkuvlApFw[yXP]isXDyeVgh^XpRbzBCiwrL_wGQ]dXu\\IEVREfjHLY`hDX^vjOFuYQ\\YQJvRm\\AymLVT[A]TRv]^R_[`cUnVRADsdwAukYUkXavsCK\\ilmd]oxGmiWiYhehlI]j^zbdtblGkcc^YtFe_XbEgqOMTjvCmtJk`[xjKIjuCrVJGtQ_cAIUaYDhkVQKfjTrYsyxvWZWhgBp[EF[YWZmkoJGWQyos`PS_^kNvTdMbmhuXOMfPqlPQbHejrafXe_IXjQxUs_FnMKxHOjIDS`BnACxWG^DmyowN`^hxPRXRg\\DWJ]\\IYbFF]UXgTaNU\\SpXOkbkBKoAHkH_yaMeCuUWjqlLGAdiEDqTgfHZukHNmFymMsinUdRayYiYyWeAbFvEtosTZmjSnGddsyyNSqU\\lPUNxj[^GHghKtsYAVTbtznsoEaAYWhklZSdZeVkSLLfZwZyFaNx]mcm]\\ZsJ[FkZwvkaOyWzdPinHYrebusJjNzraHxL]arF\\L^BjXqbqyt^tyUDbNb`NakiwszHAL]CXcRwuqvJDQSlU]xcmudPzSsu\\pFqYjbf\\qFRgYIkSY\\wOyU[vXUGbNDFjW[FlElUjgQ^WfvUltwbqwg][evAU\\EOnAcPxDyNgHNbiqDP]AUiQ]OnkxeGIlzOcCkVDfWiuiuiiEodag^TGVxQlo`AYsFvHyygGhLregnccaEgJAa]NgHMFZePFWPCdybkFI^s\\gj[cUiLktrYRdh\\rmbgDwlNXlzdyUaA^hAbwheklZ_M`qkAQFsTbqp`u]CrVFMVSqvecG`JHqveX_iaAySt\\NZgr\\h[enUgMJuivFXKajMkvLHVn]qWmSuFXOnGZF`U\\PXOezfvaITmBilgTRgIwxttOoRgSRk[JrOfotloqvqdzHEi^HnIZWX_V^zphycPXscJZFrZ`rRAHQuHkcIK^cBmZkQQuwGrSaLH`vOYPTcbFWWFdsEEqXlpqpjjob`dkZibEmbpUjvKA[hDULhCrBBuoWQjL`diozqfipAqQPkG]boWHgVdt^ljYnmh\\sdoGNVAdCU`KqlcRuYNbub`KzoRNHMvCTVXfvAOLonFRpZClJX_U`FbREeGYEn\\qZ]q\\UxVtJBnH]NUal`Ejia^NnGaRupHAROsTdaXLCeL^SZoqQah_jmIsydhNWDzTunqNVAxKIshDVzvUSkBUIcR_GAVztKpyerd`db\\Pc]VrFE]yhTvgCeKR\\RGUfxRyCiY_WWklOllgN[ZC^WS`OJwAgSDR[GefKXoXfycRdKXQt^EBsErOfmjtlYrDTYQIHF]pfCX`oAvElgGIOBZWPVAXhufMH_xKtPInAOWpgS[eqeIFSipRyusmFFIkWKXPClL\\^TIAfdjxuWaCmauYjgLyWWivFfZ\\uLbFZgbyapgULvsj`GxqQz`W`NEHfMuzKNCio[dGyvsuzqn\\^zWyhdLvfKaMb[TTuhKxsKuE^rrUHfXi[ddgqvRbCHCeuX`^c_zSgpcTER\\qlqoAnrlxqh^yVdvkHPJGSTmcfFCfAQb_[[pLTCrDfbguBBwDtrLpHV_XDLUhpGxaGy_unkXFYG\\lhsbeJzlIElXEwYHHhJO_eGoD]BPJ[GXBumkLej_pVo\\UbZyVcPXOswHaD_IHjcixUVKJhw^xfYJqeZ]CDtbLjIIxfKHGbWGnF_ALPoiglZd[nQweBFEpA^OLNM_^oXVOSWkGYRnOLvZP`iJUN^E]SQmcQpxCQKrUDVIXapLkRpeFDyf_CJPQStwCdHqdTlyADELKamoYRTK]fg_RJYzHvbCKZFnYzcXardCzn\\yQUrzziZWxc_[ulrF]CAl[yVYjwdeCe`_h[imDbC\\zjqp[H]pz^`wmk_RzZPDEpUSDAm[CFBuz_llH`xbZoe_EdlxwWneSzXKV_mZVCmu\\fwNymKZ\\idQKpNZPp_fRXczHbVdm^MWBkCZg_yJMTJeWGzaQTK`_GcECwFWXagy\\NPZmomkqVZyNydBcpTZSgsuHxWkZclghLIIran\\a[jIheqETDobMMfoVUSoYCROdmQCp\\KCCstsxjM^GRXVnJZ[`Un]OyD_I\\`vTnOstm`UTmrfHohGfv[ZTq^\\hhoEoUj]JRJT&quot;,185)" fullname="Open_Lab_03._10.Tests.GetNumberOfCharsInStringTestRandom('C',&quot;UchVh]PzVonVrgPCtWD]Kx_PoTPkga_sfi^TiBXfzMJcQo`tqjoAMypXDXaUN`TpQvkIJwTsyY^xnwzznWtwm^fgtGPR[DY[sURUEWkuWvBo\\rdHYaarfWDmPDPDgCXuzCEYeevXgyaq\\rLC]Hsu^bo]R_FAGgOT_HoYmK^nfIKhqNQYsNa_J^XYOcHF`uRzkMRUCmPReFOVWGgDOhItGjJAjVJJDXOlrLwdvvVGxPtEOBCHwDrrlYsACRehcGONq^_KJCISSCvqqFliTCMz`WzYSwadRi^rBfNl^sxtu``j]CKx`wTatOi[_FrN]_Be_DpKrAK\\ETEzqPvQmcEUUwynwnNYAkXW_vKZMzG`ms]aJjdOJa\\u[gPcFCNEmm[Uwi[vE]Em]_c\\[YdNJyOZP^vsfcTKlCmzXIe\\PiJg]iXwEoHhZAuo^AEYmcP]IuB[lcDSnIy\\obxbFzor\\glkHy\\XDLihZh_cgxK\\kotRCZAvD^TnnXA]JQSnHgPcZRBGDVuHoSHgmZiiy`T`rutChCZVfXTD`QrlXtsidLz[PTjjcdpbTjk`YzZBw_]WzDH]cwQEhfwfuYmTSjnBcmkpaSTY[qlEjd\\LLNGfTkuhnFezMFiMl[nMTSvQdrdqtrvRwaIFcHirsDC[iTMVI`TPpPstRqB\\GDovJSDfxcddmvUPQ\\cQfOhU_g\\ghOomGMloPGRVPaY`wj]tvcdqOlqsV[W]rWxinr^`K`AJJMAEqIYoJblEfy^UWtYojp^tcjlEMxjVcZgBllBNCbSPftDpTIJRGL[UjH\\HWTcMsW]LS\\derLmH]ONjgwlDoXOWzRSdQurizFXPWr^r`_ZvZSs[tl\\Zc`Y[HGMAJzUxUEIWryToZt^PxTwhZrk_ZXG[hwHPf]iaJ]bUJ\\duYgAiBI]oJ_aROq^wxijuqEIwLxG\\lc^yNqGmWYZ`ZTFGvWRTyeX\\miDT_D^DCBCbBcEYjla`PK\\^yBAogm]GKBL_mmOSuV]XR^ETSsdNEsMcNaV]DiWP`vXAW`gx^NethDL[xh]oIOCSpdRMWmPLzMrVGEwnMfkqNTuJUu`VMcGRsFLmOZalxZu[MqUsljb]^ME\\jHr]MuyXGa]AtJ_mEzsoZ[x_`ge^AdngBjDGcE_D[]UfTTybKpY_TPCPJTw`P\\W]mpzKFYKA\\oUwFSKLiCTKLPTlgowOHynzGss^Uo\\lfXD_vGJrJlrNHMQ^]O_R\\vt]BVqNZgrubb`oMop`fFFWGartcVAFPKQj_a^aQwY]txfah\\RiYyfWq]V[_wfDfleWRpPfQPOjgc]JuQMGEShR_ttBKDCUQUqHTPPrLfXJkwjOAM`Nj`zTETsXwO\\NNtYSlUpfBVuYv^abKeBy^oelU^CAWsvxKJvq_X]fWtMUebXamQNRM^jYPgxORpPJZwOlbjDmIWbecQHnF]NGedkgZ^br[NTbeDuhTfzCM[IqvFqz`JIpbI_qMbSEIMSuDAA_VZ[Z^LtK[tlUgcRQF^z\\`E\\lTutAIOnvERdGjiSWOTVSqxXauBp`A_zQxiGcRtBMGpPVyLaWKdMLjJvV^TGHYNu`STIBckEVSIMAhCcj\\ZVXSnbomkFynuosujCfC`oZ_qsawui[kWfzs^N_lUOrfGcYUTGxzxgvfvt\\vArsCeNWOoAX]_thRwoXO[Mdok\\nkkUwdldl]VpAtLJ`Ti\\[DyeiG\\M[oODRIZg_[DnkvILvGo^CQgPFOAjlFfpH_IwOS^r[`fEQvk`vnjcSxKKIyyDHjuYpNfLmLwddwD^ebzK_\\oxVD^JUyoQT[kkfNPCP`njrGzWug`ayo`gvwCmk\\qnXgPILTsXSxuyiEGODGPhZNR_vDoiK^SnizSKrqKaoHOBtayrpnidLJUJVkNI_JNofGQjlwXNvjtRzPfVFxsWpib`eIpGdCBeuZWnPOFtW[i]QDJFFsCbRqzw_lEdGRdthOWatrFqrzAUzFPbykAlzZTD[ZO^J]mEqooBgdLNmMkRqexZ]^eWQsuNuTFZdbgVMv^LQNuV_nymjCMp]oBfsVoyubHT_meK`VEvHmJPdPs^tH^sGQxoaA]qG`QjFbqmIoNUxRhkflCd^REnDONNope_sNoc\\[JCYGUFtJvocMJoytTp[]fqUdxTKi]j^FOKcAKWxztuTYfbgpazuyHzoSipIBvLgMR]yyMxiws\\cl^vxVgUH^o_yPWPSVOvEiNHHJdhdcQxGfWDpmrnUaEJXm^icwfSiwXu^Vnomzl_MrXSsT[`^[b^dEkUfuFgxxOKO]`ZyDAVo`waULqP\\GoNVtQZfZJrtFbPcNDWnBa[[LjEHJzZEqKqIBoVLFn`tI\\jyhxHHZ\\[aUnJKMS]ZjnDukGbYiKiOAaRkzGZMsSeUkQoNfKzmRGKVYpNbWiYPnM`n]ZLGsPaXJiJ[SUn_LvwtWvRKsspKuVb_kAkMztuBanLjfmOCutDrPgXaHBNA[V^oGfjRdb`RBvSckb_FdnQARkPEcKEyfuaLQXcACxZTUlqTToqa]HWhF]]WVfiZ^bgHUHSSy^DgUxf`tvknT^\\_^tGnuMfXOzpnFizL]^bzEjTHrx][uvFzFHd[B`YmsfYUHrZLw`Rpw\\[oayvwjK]TtqhyE_KxFpHYRyAz_R^VdQDehpuDd\\DhJE[RK\\GYUTjGUB]bxvYXhGjdmDQPdHUem[PM_jpCLFBQawQfTTFhCfACVr_GKroNzFUtmPDOGWMbFZDpnewQCgcGZMrgKjrURnQ\\cWtDPqbfZZwvniT`u_LS]OZ`YWEW_sPRIbNWltALFwhAQvs\\VSZncxyUwUesmKHaJemM[woB^zN`aZP]^cBMZ]jKdt[XOHZvoGrfIgBZ^XQdkYn^EIVJJvHhvbcb\\XnVaRl[beTqbbiBMF[KGxSFmPmtzKjbEZxFeuDZhTv[o_cbMG\\pHY[_FhcQ`r[XvmmHedXRCA^nCsROhLgtitZgzYAwSntqs^`Cl[wdiKmGvh]MWUcUKbiBSGILd[zPHgu_TO]NODK_GSkRwn`xK`fQp^jeRkANK^zOmytHrUFGXJuAVqPpuBFbBejp`rv_DwUdT]_yuXFqZ_tfcjP[\\KSJYXMIODcAZbC[pRhsSRu^wOI^kDNqc[DtdKLvQVjrpFWs\\YpQCWIJQpMJPjXKpmXy_JreGlcwbChqsQBSOwnMRtcnxCgbx_CChYTRaKKQoLcNIVRyiFwtyLgfbDgEFByDAfJZwjmDl^YFQVfbkhsscID\\lik]^GLmN`M]MrCyTsH\\naULYFTXIG\\rchiOyP`fSfslIJVtfu`jBciKT_EYmneHEUu_InzDS\\JIicDPjZmOalqzz_u[KHs_BlhnOqlru\\WaZa]k\\pjTBWaS_u`et`tLceGwvPAsivTEVPaZCJzVY`^fKUOURHxVcKxoZ`pLoqeGC]wPTGbja_nCH\\maBgbaxy]KSmz]UoabuWciYzAK`OoDXugxnOJIOEIDzlxaGFUmxLIksDIBfWBjJYnXFBjGeXTqN`jgC[D[tCGLmvEjFI^rCZtay`[EVOIasR]TU]yKSbpHSbfKwzA\\t\\oofIi^zyEeu`T[YlVdJS`\\dmOWuQHVOggX^ihLn\\LT]LNmOKlLeWSavSKtuSciqiWNtvwkDJqhHLyY_\\Hk`wlrUF\\K_oR\\t^^noztSNBI[aeZkUmUYKsJux_tn[lMOsUndiKd`co]_oQRjgkql[sQBUcqPGGs\\otcLqpCJIpqWVeGgNKHjv[ozEmPFUTZ]wAjuiGsqhhdeCtfj]JCwyIaUEcGE`xpoWU[UvLyHRRCNqJwKGadKR^^n[UpFzoQksoOiZRnQLuehGS^vgwxzTe]sqguaVsI^ARVCuOlpmTzWsphHruZDqRWNRWrmWNuTmHgpx\\AXLIMAfGAAzmj\\ZEgjuHk_WyY`YgdlIrKVtBsiEWcLVqmd_Zui[xupl]AMjgcz]OsHcTbXMye___IaLoBzmvQLxUeXBfzYndjGyeBKr]\\]SWQMT[BufcMaygKNiKWbyMkvpBbanqIP[osbEXDaeEmLWIIR[n\\gGu^GfVXRs[Ho[xGJodJRGpwuZ`_gsPFzU\\I`QlvjzmiJxxkZCz^reKaRxdgGqlYcVHZyobsChZRUHnw]oFdtmOUKvrbhFpsNTFnp^le\\G[KLsMKJgKSlI_qGnPDxzLxsbDABzHyC[HnREJRjhXAu]GFoPhBOig]u^RdoLIK`MPQAl_CexUQbLCV[yLmSFjUofsom`^^_N\\iNqFDkeXRUWuj\\wJqzVrZ]v]UskPE[qlUkTHdtIChhYAXlJTqWg^JWBLSTkKzUTr^fayHo`xrTJlEuFciXZinScxiIpPIxCTUa]mLLLCqjfpMPGXOH]cvfELCcPyyPouRqX_YSX^LXrDgnlZBXBA[ZXi]QjcvMDavl^WrcywkzX_nA_PrqxaOn[sYiBHdocyTQIvPUbYZEQ\\Ctv\\mZlEP]SHRfxJbrSvWYK]sdA]P`HJ]yp`n`VKC^jqyAedXYqcmVEdiYdIYPpjVIeSpXVB\\HstjT_szWFri`XHtLrUwMlniz\\qVRnzCpGe]LuUulJCJyBpl^ZeaBFOWELjsh]hcFptZmfiQ]ZLDjekxgEssJZAjrOXAK]MO\\ZEJIWzrkTDbuLg[[mMcepZgoJb^OiFANwbP`bpPFAHpWZpgbw`YQddgAYUyp\\dCNCUxeWutww^eidPUUuvRIhkdTvPHMq[eWEcTFsCLBf\\TGzxXIAeu`StaRkdiHnhG]tOdAwO]skQ^LW]UxszLL`EEKBBUOTEOxVrNlTWMlICpBWVvOPlOn\\vwoJYzuuN`gB`p`Pdd]n[C^PCogGGycp[][vYbvWRru]IAq`VzgHmABsY`HeSnoPxqbDVeqBiF\\cHAGCyHkHR[DZ[b]s[QE^Df`SYmJlIeZg_YkYZFfLChx]nHdoIxbXBy`][ndLxzyhBWvBqDZUes[VhD_QJVdKCBfatOxf\\[NDiQ\\WMbxE_MmI^JoXPTBcWnezlUIcGntKfXhXbIDcX_gqO^CjZ`WHZehvg\\fsYUylSc]G]XqGPYKrHnlORZJaWmlAkmlF^LJDau^gAwMCjPrA[pnskWazLXUaq]WkgkdDPHRMQFNVMGrGulauysVGfKrIawp_a]VyfnlT_abfILnEaNgFv\\lnU^YEPIgUPjojks[GANWXRkx[XmcSQkcEkceIVgDWuNVZWDThmaFiFU]eayh]`UD`HkzIOSkUJz^DV_DTZv`kftyWFAcXyaq`JqRfDLY[pk_FqYPBuUDeoTuOldCOkTVcJxu_MYQN]FvuUs`hka]e^LlpvDu[IKj\\Uvwt_kp]DpIjYAttDV^KrlFxMEcJ_pFRV[`YwgJAlAahDBWvKAXng`ddqyhZHfyOkqUy[[wXM]ZqLYuKhgz^YRepqwcxyjtFCRwMgY\\jEzbJGnXYE]l[g\\qZL`I_rzY]dTot\\h_PLPYYk[iD_Kt]yYYb\\^AHQwsFbFamy_xWy\\OXCYikqFAhFv^LuNYxgWzPXTqfuvEAN]_]KB_CoPRLwKzfbVslFzkb]zzibDquAz[dXABsiWIWFoSMULD`DTvNmwAKBq\\lZWKwkVNbTzCjqT]ignTWAQqgEMq\\AqqsvXwidV\\yx]LERLXZZS^O]EkJa^r^`mb^IJoZWoERRVY_EmVtpXBiTcWqgnHF^yZKviwHXyCfNMwGgMEoIyiHlsKanymcgynTvNdVpN\\rVV[GfPJZiTx`PSZC_WUZLZzOZdLYdiyu^rmWYDu_oSuSAODdobrZtCfvWLhCElqzVDBY`Dd[\\pet`gNL`beCr_A\\LqzMWs[D]uxxMfElxXyDXmWjy\\]^GnIqDaMiDXDcVbXeiQzu]sFZ`wDZ[QOvVwwimGtfYVi`UVhqUlAh]cAOiiQH]nNnJINYejscXT\\HK`FKONEjPbYnwizDpmJfHvVLIOLftYPJHsEIdGsOi_^cjZ]wjomeJpAPKtBzCZqqRPgEeq[jtuxdXn]imPvEgezRspyjEtMPihR[nXSsUClPsXrWXTMn^lKgPUMosleAhiuj]BvVwDkdtkZ\\xbRlgZlw]eKYL^AcXkbK]HuVXrq[Abm`vkrQZtTNwxNrr^JZCHLJIOypgwUpdRwvsf][fjJ_WUN_uD_thWXsWdWglCe]`^eeBRyLBinTygmoB[udY[IMuD`POpjdFgzsjd]dFSsydEujrcfRHBEEVXkymjwLzJNRhtEXyR^FcJcpIqYfJX]Ebu^Rs^rWWgyZqdBx_NTp^z\\LouqvQQCbhJjmVm`[[HiwKJz`o[HvEgbcYR]xgvFFeXmhtObmisVVQ`BfvRGqJG]AcHTEPbn_CdSnXSfasUNMRLRtQrCVoOv^ulElu^^HFqThNNOcgaxpsQjWq[oX_YkniotgNtfVrGG[segCd[jNRGedBiv[iFchG`yYTcUmvcxmJO_MoloEj]]bJQe`xLgm^ZUTfNiAFwSiIsZmJjfwQ^xdCWODxpokvLOkuLbbDnzmKnZRqrVO`k\\A\\kQOyfCQHbnxdjsyIEt]_LZOxxMGZ`KLjOOJuScXljecA\\iHyXG\\qz\\QRBQBYwqbXcOV[iEp]\\lparO]OFHBZjUjnxssCazosDLXMTgPTRyUOfkZnnmSooIhN_c^qLmv]wx^grPvYriHkA\\HNYFOogzDu^JilJZH_DsRiNnw_quxFAwNC[PXG^GpxtcIhbKPXbdgIKYAfJkxmCxtawfQtBBAwCUpefOwff`_XPFsCPmwnJCuwibkvuVWackFqdVAunRH]Z]QrnNdPENnAZswD_BkPJyp`zBZumCzrvX^MRsHhmG\\UwFWkZwWmasT\\glrmnj]COwEBVjlfuD]C][cuej\\pfMQDEC`aBVtDdZGAAUUjLls^VQyMIxHEOhWBfBxTJLe_JZYCTcuPVleuUnhnDTXDNppwCFVyWA`zHTTwsws`Cri]C]gsUKQqnaQTe]zONvtUMfnAZkvG\\rBWHStaY]eMkjLaCASVwdSHyUQXjfZdPJVv`uMRcZpkRge]ZMyZY`Kr`tYmC]rnDAwaUPBInBn]ocqRjny]hALky^Wf]ZOGcChQkDIJKpfXmiDwDGDP_UFCpMbqsWgTmhulu`afeoSsUoyQ[[cVWzcOwe\\_]SRoJSeEnRB^`XejBNiBORVYoRwmEgoQECJR]_iCJt^JYEpzUsMjw[PLwsArVszH]lZ^NSM^_frUoMzj]xYM[FTdmyVe_rgRtVgheSmBfiKRcvXjsQVYZnhXXpkOxczhya\\YaSEJKWbluCBrbflN\\OrGiPPpc^ECi^SCZyJ`LLNDLv]VosgRqlLkjVkRDPbgS_CWkyYd]LCQAnummuAjrmLxScTEOs]vdalgsGepZDpfjujv[x_IOrp`SFEIfUUejGgZCNugPLQnxaOXsXdQTTgllLTmB]JFiKvcOPtNDrtDbBcmrgPOkEQVZuiqtHenBKFmefJd_WN\\[dKjdbvVNvUeuaITbDTvMGCXwqHL^fjUqovqkyMRLP`Fp\\rE]qB[CROUannm[jrbMznFeSccqBkxaxb[yCigdOS_`aPxK[r]XytphmZKNZeAbRndLToXALxxhO`ECeXWKN`cDlmMc_YKeSxOmglrgZ\\MAvIZMVIdBOpTmL`[aco]mmTVRRRVsakkmTbIcTzNWpJV]d\\bHRRDey[NcnHuEmk\\_FaZdXrMcbGwdxthpkObOgFnsU`pLFIdFhqWCCxkZE\\Ds^deu[ET_JMszmaPrBB^Y]rwG]enm_HKKCvUkuvlApFw[yXP]isXDyeVgh^XpRbzBCiwrL_wGQ]dXu\\IEVREfjHLY`hDX^vjOFuYQ\\YQJvRm\\AymLVT[A]TRv]^R_[`cUnVRADsdwAukYUkXavsCK\\ilmd]oxGmiWiYhehlI]j^zbdtblGkcc^YtFe_XbEgqOMTjvCmtJk`[xjKIjuCrVJGtQ_cAIUaYDhkVQKfjTrYsyxvWZWhgBp[EF[YWZmkoJGWQyos`PS_^kNvTdMbmhuXOMfPqlPQbHejrafXe_IXjQxUs_FnMKxHOjIDS`BnACxWG^DmyowN`^hxPRXRg\\DWJ]\\IYbFF]UXgTaNU\\SpXOkbkBKoAHkH_yaMeCuUWjqlLGAdiEDqTgfHZukHNmFymMsinUdRayYiYyWeAbFvEtosTZmjSnGddsyyNSqU\\lPUNxj[^GHghKtsYAVTbtznsoEaAYWhklZSdZeVkSLLfZwZyFaNx]mcm]\\ZsJ[FkZwvkaOyWzdPinHYrebusJjNzraHxL]arF\\L^BjXqbqyt^tyUDbNb`NakiwszHAL]CXcRwuqvJDQSlU]xcmudPzSsu\\pFqYjbf\\qFRgYIkSY\\wOyU[vXUGbNDFjW[FlElUjgQ^WfvUltwbqwg][evAU\\EOnAcPxDyNgHNbiqDP]AUiQ]OnkxeGIlzOcCkVDfWiuiuiiEodag^TGVxQlo`AYsFvHyygGhLregnccaEgJAa]NgHMFZePFWPCdybkFI^s\\gj[cUiLktrYRdh\\rmbgDwlNXlzdyUaA^hAbwheklZ_M`qkAQFsTbqp`u]CrVFMVSqvecG`JHqveX_iaAySt\\NZgr\\h[enUgMJuivFXKajMkvLHVn]qWmSuFXOnGZF`U\\PXOezfvaITmBilgTRgIwxttOoRgSRk[JrOfotloqvqdzHEi^HnIZWX_V^zphycPXscJZFrZ`rRAHQuHkcIK^cBmZkQQuwGrSaLH`vOYPTcbFWWFdsEEqXlpqpjjob`dkZibEmbpUjvKA[hDULhCrBBuoWQjL`diozqfipAqQPkG]boWHgVdt^ljYnmh\\sdoGNVAdCU`KqlcRuYNbub`KzoRNHMvCTVXfvAOLonFRpZClJX_U`FbREeGYEn\\qZ]q\\UxVtJBnH]NUal`Ejia^NnGaRupHAROsTdaXLCeL^SZoqQah_jmIsydhNWDzTunqNVAxKIshDVzvUSkBUIcR_GAVztKpyerd`db\\Pc]VrFE]yhTvgCeKR\\RGUfxRyCiY_WWklOllgN[ZC^WS`OJwAgSDR[GefKXoXfycRdKXQt^EBsErOfmjtlYrDTYQIHF]pfCX`oAvElgGIOBZWPVAXhufMH_xKtPInAOWpgS[eqeIFSipRyusmFFIkWKXPClL\\^TIAfdjxuWaCmauYjgLyWWivFfZ\\uLbFZgbyapgULvsj`GxqQz`W`NEHfMuzKNCio[dGyvsuzqn\\^zWyhdLvfKaMb[TTuhKxsKuE^rrUHfXi[ddgqvRbCHCeuX`^c_zSgpcTER\\qlqoAnrlxqh^yVdvkHPJGSTmcfFCfAQb_[[pLTCrDfbguBBwDtrLpHV_XDLUhpGxaGy_unkXFYG\\lhsbeJzlIElXEwYHHhJO_eGoD]BPJ[GXBumkLej_pVo\\UbZyVcPXOswHaD_IHjcixUVKJhw^xfYJqeZ]CDtbLjIIxfKHGbWGnF_ALPoiglZd[nQweBFEpA^OLNM_^oXVOSWkGYRnOLvZP`iJUN^E]SQmcQpxCQKrUDVIXapLkRpeFDyf_CJPQStwCdHqdTlyADELKamoYRTK]fg_RJYzHvbCKZFnYzcXardCzn\\yQUrzziZWxc_[ulrF]CAl[yVYjwdeCe`_h[imDbC\\zjqp[H]pz^`wmk_RzZPDEpUSDAm[CFBuz_llH`xbZoe_EdlxwWneSzXKV_mZVCmu\\fwNymKZ\\idQKpNZPp_fRXczHbVdm^MWBkCZg_yJMTJeWGzaQTK`_GcECwFWXagy\\NPZmomkqVZyNydBcpTZSgsuHxWkZclghLIIran\\a[jIheqETDobMMfoVUSoYCROdmQCp\\KCCstsxjM^GRXVnJZ[`Un]OyD_I\\`vTnOstm`UTmrfHohGfv[ZTq^\\hhoEoUj]JRJT&quot;,185)" methodname="GetNumberOfCharsInStringTestRandom" classname="Open_Lab_03._10.Tests" runstate="Runnable" seed="1226748280" result="Passed" start-time="2021-10-19 19:34:08Z" end-time="2021-10-19 19:34:08Z" duration="0.000150" asserts="1" />
            <test-case id="1060" name="GetNumberOfCharsInStringTestRandom('q',&quot;]BeEGn]HVZQwsMAFb]QnKMy\\ayCU\\qeUDGZZoPjky`SUns]]]DjgCPUPCJ_IkIf_ovsmnaRSnaoetdhh]`sYGxSolJWfkbzqunaszjjvmXt][jWY]qfKPNYqdEAdKfbLaykFDohmpxfjEqTCnxJuwpagVjPvjGkHphv]zQVhJsUScimmkypM]hPlXEkU`mDjM_uWuqC^c]kD[OEhw]KlR_fHYKFvaAHXpfFDoWstvSdzwMQIzDYCbSXhtmyklHwcUTOpJAsaeQpyvfKMtwv^cFp^NXKCYHIoVAfcy\\zzKsXQ]ZmNblqpLZAP^kblpqH]IBcuzbNYwwSjh`Aofw[gRTcvAWFNuNJTkvH[qrNz_XsPHQbyjnGsW\\KpZgud]A_jmyzmX`xni\\Iu[SojoG^GHQxPkSBJxe]^tJ]IRpaJpTKuSQUGsKpW]Xb]BkBF_npEyeBRpgYyaTQoGCwZxuRmoGA\\bAGan[fC^FwiPDQLlqpJGnVyncId\\DPrd`jp`rKFiOQBGOJudGAyQrUnfInLSBa[pEEkT\\ftfj\\s]Us_YOAVCRbmLwKXEzngiqLBKZbH[HSbW\\RQQOmDBKX^^R_XROpgvoJgJqUzhsvvzzVjetGqMjf^Yh_suJqLRgfcSeHZtnWJO]_^wpmYHzZLJgN\\S\\E^CjdSUnXAmgwZT\\OwIAwFXXDSNZYfXfHYitH`tMJIXlg\\DzshXRSR`yFegRFuVldG`^kZUjCwqoiflcONakOFTpsjn]sbHOngI`v`OZThOW\\lQ[sDCrTe]^mjfAfrq[pcBB]LgjzHXbrxUHZTdp`PuIJfnMuNn\\qnatkOxhWSsMMufpU^bRNBv`hssrY[plTwlDW\\XKWwYMXivOzxrWg]NosBMrWGOw^GsQJcYtGXvRdiHywdr\\cYFriwLVP`nQi\\jRqfFX_yQObwLJtNvnOnUEBBbMWDdadecHzqIR_ZweHqQmkB\\BeABvHePoDsA[UkfwTEKDFdOpqkxLkp\\UccvcdhAUaTOfY\\PXKUYgrXwAlMEXhEENWgsmpCTgEp]lVdWV[`AWWp^KfurXdch]PAPmd^cIBmbBvKfIqiwHEhraIhGuLwD\\HA]VUdmwxrVdN\\P[PiaufaYbJidvXiwEjGtviQoMwAKMRNTgYff^VIpbcuLgzq_PvQuHcUmzuUxfVLPvUx^mCZjaQRTnEHNG]vRBSMEDsgcALKMWfQRCSmM\\aTqQBzumHrJ[uOcIsZtWriVGFwInqKnjiq[yVoCtlqtTBl\\WhIKssperyjLErGwwDZlEndmDXAfBpBFT[lGhAurtLcAgdyBetxQbAXcDWG\\sJdCwerdGAOvIcssLdG[YyBHrl^TDIDRuZzjc`DBlVvdfBHzI`XZPfDtI]LLG_axwxBjdIQf`EiDCX\\pe_L_kdCOVFbGUsvNoyhhAXWzOmtKxzqkAVacSCMTvnT^aJRhJ[OEkopNHLPyjrRWPqGyRTvmlUmNDsYF\\MA]llAL`T[HmOdD\\xOjDSVq`\\TWBcJOmJ^]rof^quYytnA]kjlFeiBIrKwPYeKxJLUckGLgSktJtXwl\\qfSrEeEIUfgsVFMj\\oiZXme^EntpsP[NKnbysGFaQ[V[`owfgZXcOSEEAomQkOPFLYhb^OrUjHJwWJyPqNJZsrzsj]xDToqBLQPGHVIYcCtHIIirq][]FqNTZosAQnAuQHlFurI\\FkqpyrjboGNrUTwUDvhS^HIoBzqAWdwyUzXUzXVcFQMJ`J`xLWBzKpyxcBnzAiKLJO]VwbUg`FNMvyPsZtpAbxo_BZlxeWbWFBAQgKBdBVZFclCemv`HtKdM[yU]qXBI^rGuyyLOsLyM^jwPXHKjq[]vYnqiq`neTRblfIgokRPhLWjkBEFiMSRDUK\\KH]XSXUtMHLeO[Wz`LokBEFhm[EYAz_W[g\\gNtwQq]^dq[qOpTms`[ZGCpfsSwsMdoKcyklfO_u`b]qRdqchMgrAMVeYODxteQACQNPFbHdA`u`ayTO]ULzwwJVdFSWLbAvR\\oBWb]FFCq[SpEZvo[`YQDFGrfAPkYZ`zOEKRsvrFuuGjDnBt\\WG[]AYiv_v]qVeXvSbAOdv`iSWJzXoryVOBSE]Nf\\WUzUP_PiolMBes\\bmJeOj_kD^[HdFqpUUnMb`TDruQdDfxlV`lSScWmsdwqoXfdxvsgrgtBZGmUZvhXajlDT_^lxAUxd]O[OgfHnQtjgjsLpCSxw_QFfbPYYHjqRvYwsSFmP`ePpCXefRvuiXBFMIphXMjgbDXlRwT^w`hXtAQdKfnGLoIuuTkk]YVDpyilefSjxXyIkdLLsM]mZc[nv^ryLcA^KebvS_z_SDInqzKQH`sQwdeM^vqGoT^VX[xGCPsTMxZVZgxvTbqgkjbbzVYXiskyanWVCEOsg_DyKOmqyumN^qehsWGgr[fUN[ogPbtPTyAMfdXkdbZnG]\\jJj]fxbBLsjkj[GaWB^u_qYBPzVDPBsNlzF]aFORlxoTvshQ]BDmcbwtkiMgc^lKA\\zkVdARmMJbBEFXREaOyGfJCLmssciNLeTZsxvtAlzWYVrgcoU_x]MtqqiJrIYK^vVXkf`TIhNMGOkgTFPDNKQjYZdCPmCsSot^A[vxPAVQOznbFBplsVxTfgyRC]EWeVtSVNgtKSoMoA[YgBwOwQzxr`sT]eunwyftG[LsUwbaak_fM`eA`q[UVv[qUTWaXAQpUaSLqEtAjZXGBNHwzuNF_R_KzV^B`BJ`[iQgNYK\\x[ev_UoHL[a]nLRDBHL[ar[iQrgSw\\jaklIEgcgfaWpE[gmOXNeFNjvFzwfhh]LklzmCCMWZ\\atJBVNdEXujqdTApCFjxyxEKFT\\ukMLqLdgplEdjCcQb]tHflMAHg\\]cpywCljULjsfzgKEy\\AvWh]iLLpI_LEJjHDAmHbxSOEsdOHybHBfgaGvSQkqwaqzfiwscJRquCcHceFxEqbWJY^IBIi]XlBmYFNvRPVXqLleyyTiLnmFyZpNLnr[\\oZJApj^XJfo[KaygsJCpARdywnyPAj^YvvBlcdIOpQBHxeotraSeof\\^pKEClNXZIW`P_NDPAnzjQ]BRzFYZXtdPZ_wY`G^btbzaF_Ud]DdBgmMSInCfpxCOnPpAQfjtPXqi^[L[koxUPbdhRdPmEsmv_knpjTTrTjlOv^pibcvBAiyLfIjhWxpXfvKngVlW\\FBaqVlnoaK\\wluqlbKaef\\VtUdATBBLq_`ugYVQWwtpnU[tBTBFLKmpefg\\llZm_zeYLzKTMuKilfc`tjzAzwzgmjPAlt_f]HQnjBiBJisRADDzDHcBmYmczyg\\jJbSV`LeVoqrBxrRDigifQxeR]tEUiokVNSzGav[sZePQkAoa\\_RSypYMwBtfHQgAF]nfrK^nLpMghTa\\E^tK]YWXtnJ`BolIxPLONIjQA^GJcm_d[XbdW]^gFVmEAylWEEjYISOwocJzSNpGPaEeNHm[l_IrVfQBmkE_DG[HJepnS_UsagoZtHIxSOgeKXaJSIMbJQDJGw[dRyHNJQQjqqIfbHMoZpxmDg\\KSmjPcfSxg`fTGZ[uGrS]zazBEPjRyi`e^xvWaAHK^LzC\\shzUDfMTyKlmhLTvByxzBqJ_DTFkIyobxaLckwuDTQ_mJetpnO]MCD[B^[Qk`]LAVKpHzkLEDtfkSWVZZQwu\\b`tGJEQgK^rF^WzompDDYJIXjjGFqQP`R`newBqgvYsWoepzVfh[trDYW\\W[xKptORoydUslzWHzQmdFtGjLdogZ\\VO[eVikczI^qqWAnw\\]jDHesRaq[eQZeU]NGXGeiWXRdGOCkiXgTKkYNdcTorQyjis\\UJuVqqnSgqAmC^GlMdF[eDz^pnpqGYbvNniaoCq]WYmXcpQRk_mFdXrQJXaCBxLOOF_Op`xJncDLRcuz]_Fcf]RqvXXX\\n\\ZM_I]RB\\LbcSATfya]ba^rccmohSXIaizHeznZYh[CuBCKQ]QYruuMycdvWidiEDBuStjgLGEtG[wbab^LCyRfnmICVsDjDlyrAHsWneNkpAG^fCVpLYgFmVG`lhQTDVpU]EaYjGYYlapmgfWT]N_fFtFfATfFTug[LmBa\\xGEzOTL`UsFQxqpqKPdzvXV[SFruVbtepr`H[fq`uFg[apVDqdB]Yb`akdhI]QKmz\\\\GRiW_YDFqkvu^jnElaXLNRzXqyhCdvu\\ETPmIN]EU]jppiKZiMYMcPNoSQ`akB\\uq[qJ[Bw_DTrlcJcInOTX^htpF\\[rhwTTBpzUsAzhQuIOX]LIiXm]hDXIaBDybErHz_jnJNPnPgHd`eXdPRIPJrfxYrorwAFLCBPtmYz\\IyNBwocwd[jQwbxIsmUSZYqOawa_V^rqRhHKeeBeOrN]RpO\\DGAADhCjIy[zNEbGdsyP[m_OkkDbKUwlhF[O]qneeXCfKCWKPHsZrzAQbmQSd[_nCjRIdTdmFTeCjtDiUtRD\\^uiEJgka[BJsPd\\kNaw^GU^UxbiicykJ[R_ocE[gtMfS[K[QcxHTUaVIWUGcxBy\\RAYyEgHJGQdtjLtnGYFerWouvWYOxrisOJBZl]LwpxMEw]ZL\\T\\`vTeuM^CiOtLOblfaJZBeMJotJjxZwMneVJwu_HNOZ^iwmy]LqtBBRrSm_lk]aclBFbtYokBCMnKi[sHLNlcCKlS_qKVnWkhrlgqKEEWFszp_geSgd_PozirUPVceUNf\\FTwnBwHJV^KLwnrMrjJs[srDp]vj\\lkeTTYTh_fhXGZ]_gY\\_WmfDnAN]ty_BXhdm`rcV^_TD]\\UZU_JEZLFzEa`SLrnaGfzYqjyopGArZbbSgnHVp[cMcehzRQKfkmxq\\wdeaUPTKN`]zNgXkYlgDnqLCz]_wUHhekqkK]o[LOBUEKAEemvSBRnhFXcbrkXqGssOWwNNeQ[om\\GryYuJYofTwIemtNc[rKNMSlhi`iikqzvdQlcZqNXRM_RNR[UWiAwbOu_NkLekGv^xNA\\HfJddmwAnZ[WETRBpCTVWNVjedhKQBTAQzMl`WToRuknQp`WpthvtfFuQZzAFljmGZFFHa]Zj`D]]bZpDQVWTYHfuR\\FXSiaKyhqj[OPXOMUbcYiAJwpWTZhS[LqEXBWq^R_ucGdBGzELmERsnFOWtJr_z_OPYKzNq_DQunXCTnQTU\\`VuxRSnAwT[zvErUdvzrVOAAyzhLCFt^J^ytV[shZqbjqusTKzKUU^GRUtzSebxqZwpXFyzIDRX`gQKDHTADv`JgXh_\\[aCsskQuF\\OMACRCFbeDjwKRbuvumIAXZ^h]P`gvAPxfEnCsOHbpC[m_VlQypVHw\\rm]Uom`ujDZy_MnrCgebKUylIG^OiGeIBKNB`_ZUBuTXT`&quot;,117)" fullname="Open_Lab_03._10.Tests.GetNumberOfCharsInStringTestRandom('q',&quot;]BeEGn]HVZQwsMAFb]QnKMy\\ayCU\\qeUDGZZoPjky`SUns]]]DjgCPUPCJ_IkIf_ovsmnaRSnaoetdhh]`sYGxSolJWfkbzqunaszjjvmXt][jWY]qfKPNYqdEAdKfbLaykFDohmpxfjEqTCnxJuwpagVjPvjGkHphv]zQVhJsUScimmkypM]hPlXEkU`mDjM_uWuqC^c]kD[OEhw]KlR_fHYKFvaAHXpfFDoWstvSdzwMQIzDYCbSXhtmyklHwcUTOpJAsaeQpyvfKMtwv^cFp^NXKCYHIoVAfcy\\zzKsXQ]ZmNblqpLZAP^kblpqH]IBcuzbNYwwSjh`Aofw[gRTcvAWFNuNJTkvH[qrNz_XsPHQbyjnGsW\\KpZgud]A_jmyzmX`xni\\Iu[SojoG^GHQxPkSBJxe]^tJ]IRpaJpTKuSQUGsKpW]Xb]BkBF_npEyeBRpgYyaTQoGCwZxuRmoGA\\bAGan[fC^FwiPDQLlqpJGnVyncId\\DPrd`jp`rKFiOQBGOJudGAyQrUnfInLSBa[pEEkT\\ftfj\\s]Us_YOAVCRbmLwKXEzngiqLBKZbH[HSbW\\RQQOmDBKX^^R_XROpgvoJgJqUzhsvvzzVjetGqMjf^Yh_suJqLRgfcSeHZtnWJO]_^wpmYHzZLJgN\\S\\E^CjdSUnXAmgwZT\\OwIAwFXXDSNZYfXfHYitH`tMJIXlg\\DzshXRSR`yFegRFuVldG`^kZUjCwqoiflcONakOFTpsjn]sbHOngI`v`OZThOW\\lQ[sDCrTe]^mjfAfrq[pcBB]LgjzHXbrxUHZTdp`PuIJfnMuNn\\qnatkOxhWSsMMufpU^bRNBv`hssrY[plTwlDW\\XKWwYMXivOzxrWg]NosBMrWGOw^GsQJcYtGXvRdiHywdr\\cYFriwLVP`nQi\\jRqfFX_yQObwLJtNvnOnUEBBbMWDdadecHzqIR_ZweHqQmkB\\BeABvHePoDsA[UkfwTEKDFdOpqkxLkp\\UccvcdhAUaTOfY\\PXKUYgrXwAlMEXhEENWgsmpCTgEp]lVdWV[`AWWp^KfurXdch]PAPmd^cIBmbBvKfIqiwHEhraIhGuLwD\\HA]VUdmwxrVdN\\P[PiaufaYbJidvXiwEjGtviQoMwAKMRNTgYff^VIpbcuLgzq_PvQuHcUmzuUxfVLPvUx^mCZjaQRTnEHNG]vRBSMEDsgcALKMWfQRCSmM\\aTqQBzumHrJ[uOcIsZtWriVGFwInqKnjiq[yVoCtlqtTBl\\WhIKssperyjLErGwwDZlEndmDXAfBpBFT[lGhAurtLcAgdyBetxQbAXcDWG\\sJdCwerdGAOvIcssLdG[YyBHrl^TDIDRuZzjc`DBlVvdfBHzI`XZPfDtI]LLG_axwxBjdIQf`EiDCX\\pe_L_kdCOVFbGUsvNoyhhAXWzOmtKxzqkAVacSCMTvnT^aJRhJ[OEkopNHLPyjrRWPqGyRTvmlUmNDsYF\\MA]llAL`T[HmOdD\\xOjDSVq`\\TWBcJOmJ^]rof^quYytnA]kjlFeiBIrKwPYeKxJLUckGLgSktJtXwl\\qfSrEeEIUfgsVFMj\\oiZXme^EntpsP[NKnbysGFaQ[V[`owfgZXcOSEEAomQkOPFLYhb^OrUjHJwWJyPqNJZsrzsj]xDToqBLQPGHVIYcCtHIIirq][]FqNTZosAQnAuQHlFurI\\FkqpyrjboGNrUTwUDvhS^HIoBzqAWdwyUzXUzXVcFQMJ`J`xLWBzKpyxcBnzAiKLJO]VwbUg`FNMvyPsZtpAbxo_BZlxeWbWFBAQgKBdBVZFclCemv`HtKdM[yU]qXBI^rGuyyLOsLyM^jwPXHKjq[]vYnqiq`neTRblfIgokRPhLWjkBEFiMSRDUK\\KH]XSXUtMHLeO[Wz`LokBEFhm[EYAz_W[g\\gNtwQq]^dq[qOpTms`[ZGCpfsSwsMdoKcyklfO_u`b]qRdqchMgrAMVeYODxteQACQNPFbHdA`u`ayTO]ULzwwJVdFSWLbAvR\\oBWb]FFCq[SpEZvo[`YQDFGrfAPkYZ`zOEKRsvrFuuGjDnBt\\WG[]AYiv_v]qVeXvSbAOdv`iSWJzXoryVOBSE]Nf\\WUzUP_PiolMBes\\bmJeOj_kD^[HdFqpUUnMb`TDruQdDfxlV`lSScWmsdwqoXfdxvsgrgtBZGmUZvhXajlDT_^lxAUxd]O[OgfHnQtjgjsLpCSxw_QFfbPYYHjqRvYwsSFmP`ePpCXefRvuiXBFMIphXMjgbDXlRwT^w`hXtAQdKfnGLoIuuTkk]YVDpyilefSjxXyIkdLLsM]mZc[nv^ryLcA^KebvS_z_SDInqzKQH`sQwdeM^vqGoT^VX[xGCPsTMxZVZgxvTbqgkjbbzVYXiskyanWVCEOsg_DyKOmqyumN^qehsWGgr[fUN[ogPbtPTyAMfdXkdbZnG]\\jJj]fxbBLsjkj[GaWB^u_qYBPzVDPBsNlzF]aFORlxoTvshQ]BDmcbwtkiMgc^lKA\\zkVdARmMJbBEFXREaOyGfJCLmssciNLeTZsxvtAlzWYVrgcoU_x]MtqqiJrIYK^vVXkf`TIhNMGOkgTFPDNKQjYZdCPmCsSot^A[vxPAVQOznbFBplsVxTfgyRC]EWeVtSVNgtKSoMoA[YgBwOwQzxr`sT]eunwyftG[LsUwbaak_fM`eA`q[UVv[qUTWaXAQpUaSLqEtAjZXGBNHwzuNF_R_KzV^B`BJ`[iQgNYK\\x[ev_UoHL[a]nLRDBHL[ar[iQrgSw\\jaklIEgcgfaWpE[gmOXNeFNjvFzwfhh]LklzmCCMWZ\\atJBVNdEXujqdTApCFjxyxEKFT\\ukMLqLdgplEdjCcQb]tHflMAHg\\]cpywCljULjsfzgKEy\\AvWh]iLLpI_LEJjHDAmHbxSOEsdOHybHBfgaGvSQkqwaqzfiwscJRquCcHceFxEqbWJY^IBIi]XlBmYFNvRPVXqLleyyTiLnmFyZpNLnr[\\oZJApj^XJfo[KaygsJCpARdywnyPAj^YvvBlcdIOpQBHxeotraSeof\\^pKEClNXZIW`P_NDPAnzjQ]BRzFYZXtdPZ_wY`G^btbzaF_Ud]DdBgmMSInCfpxCOnPpAQfjtPXqi^[L[koxUPbdhRdPmEsmv_knpjTTrTjlOv^pibcvBAiyLfIjhWxpXfvKngVlW\\FBaqVlnoaK\\wluqlbKaef\\VtUdATBBLq_`ugYVQWwtpnU[tBTBFLKmpefg\\llZm_zeYLzKTMuKilfc`tjzAzwzgmjPAlt_f]HQnjBiBJisRADDzDHcBmYmczyg\\jJbSV`LeVoqrBxrRDigifQxeR]tEUiokVNSzGav[sZePQkAoa\\_RSypYMwBtfHQgAF]nfrK^nLpMghTa\\E^tK]YWXtnJ`BolIxPLONIjQA^GJcm_d[XbdW]^gFVmEAylWEEjYISOwocJzSNpGPaEeNHm[l_IrVfQBmkE_DG[HJepnS_UsagoZtHIxSOgeKXaJSIMbJQDJGw[dRyHNJQQjqqIfbHMoZpxmDg\\KSmjPcfSxg`fTGZ[uGrS]zazBEPjRyi`e^xvWaAHK^LzC\\shzUDfMTyKlmhLTvByxzBqJ_DTFkIyobxaLckwuDTQ_mJetpnO]MCD[B^[Qk`]LAVKpHzkLEDtfkSWVZZQwu\\b`tGJEQgK^rF^WzompDDYJIXjjGFqQP`R`newBqgvYsWoepzVfh[trDYW\\W[xKptORoydUslzWHzQmdFtGjLdogZ\\VO[eVikczI^qqWAnw\\]jDHesRaq[eQZeU]NGXGeiWXRdGOCkiXgTKkYNdcTorQyjis\\UJuVqqnSgqAmC^GlMdF[eDz^pnpqGYbvNniaoCq]WYmXcpQRk_mFdXrQJXaCBxLOOF_Op`xJncDLRcuz]_Fcf]RqvXXX\\n\\ZM_I]RB\\LbcSATfya]ba^rccmohSXIaizHeznZYh[CuBCKQ]QYruuMycdvWidiEDBuStjgLGEtG[wbab^LCyRfnmICVsDjDlyrAHsWneNkpAG^fCVpLYgFmVG`lhQTDVpU]EaYjGYYlapmgfWT]N_fFtFfATfFTug[LmBa\\xGEzOTL`UsFQxqpqKPdzvXV[SFruVbtepr`H[fq`uFg[apVDqdB]Yb`akdhI]QKmz\\\\GRiW_YDFqkvu^jnElaXLNRzXqyhCdvu\\ETPmIN]EU]jppiKZiMYMcPNoSQ`akB\\uq[qJ[Bw_DTrlcJcInOTX^htpF\\[rhwTTBpzUsAzhQuIOX]LIiXm]hDXIaBDybErHz_jnJNPnPgHd`eXdPRIPJrfxYrorwAFLCBPtmYz\\IyNBwocwd[jQwbxIsmUSZYqOawa_V^rqRhHKeeBeOrN]RpO\\DGAADhCjIy[zNEbGdsyP[m_OkkDbKUwlhF[O]qneeXCfKCWKPHsZrzAQbmQSd[_nCjRIdTdmFTeCjtDiUtRD\\^uiEJgka[BJsPd\\kNaw^GU^UxbiicykJ[R_ocE[gtMfS[K[QcxHTUaVIWUGcxBy\\RAYyEgHJGQdtjLtnGYFerWouvWYOxrisOJBZl]LwpxMEw]ZL\\T\\`vTeuM^CiOtLOblfaJZBeMJotJjxZwMneVJwu_HNOZ^iwmy]LqtBBRrSm_lk]aclBFbtYokBCMnKi[sHLNlcCKlS_qKVnWkhrlgqKEEWFszp_geSgd_PozirUPVceUNf\\FTwnBwHJV^KLwnrMrjJs[srDp]vj\\lkeTTYTh_fhXGZ]_gY\\_WmfDnAN]ty_BXhdm`rcV^_TD]\\UZU_JEZLFzEa`SLrnaGfzYqjyopGArZbbSgnHVp[cMcehzRQKfkmxq\\wdeaUPTKN`]zNgXkYlgDnqLCz]_wUHhekqkK]o[LOBUEKAEemvSBRnhFXcbrkXqGssOWwNNeQ[om\\GryYuJYofTwIemtNc[rKNMSlhi`iikqzvdQlcZqNXRM_RNR[UWiAwbOu_NkLekGv^xNA\\HfJddmwAnZ[WETRBpCTVWNVjedhKQBTAQzMl`WToRuknQp`WpthvtfFuQZzAFljmGZFFHa]Zj`D]]bZpDQVWTYHfuR\\FXSiaKyhqj[OPXOMUbcYiAJwpWTZhS[LqEXBWq^R_ucGdBGzELmERsnFOWtJr_z_OPYKzNq_DQunXCTnQTU\\`VuxRSnAwT[zvErUdvzrVOAAyzhLCFt^J^ytV[shZqbjqusTKzKUU^GRUtzSebxqZwpXFyzIDRX`gQKDHTADv`JgXh_\\[aCsskQuF\\OMACRCFbeDjwKRbuvumIAXZ^h]P`gvAPxfEnCsOHbpC[m_VlQypVHw\\rm]Uom`ujDZy_MnrCgebKUylIG^OiGeIBKNB`_ZUBuTXT`&quot;,117)" methodname="GetNumberOfCharsInStringTestRandom" classname="Open_Lab_03._10.Tests" runstate="Runnable" seed="198202962" result="Passed" start-time="2021-10-19 19:34:08Z" end-time="2021-10-19 19:34:08Z" duration="0.000118" asserts="1" />
            <test-case id="1061" name="GetNumberOfCharsInStringTestRandom('u',&quot;^Gmj^VQ]olLhPQMcYRxUzmS_MPaPBbXdPzlcUuegtlMnSlFkikzCc]`loN^NoB\\NUcYP`eO^gR[N`_M[JpaQbVBn[zoGXXrsQzZkTqKE]]VQCRMPBCDz[Kfybep`qHFO[bx`E]HTe]nFzkkIn_FUTrXFU\\IiAfNUWHq[TgL`vjUyWayqugmRClvcKsKdTYTzOZjsuQpGTaYd]Zio]RoUtvSeLNQ\\\\bL^WVjxqFwerfy\\SRFkJWGBezGSGEhgzTelUvNHkkxXVJ]NxqSuH`SF\\JtXPWrmYPe_AMHWDyAYYig[]sVPmm`[B`QLCpsUtLzF`yNkjvqJ_tgm^ZvWAbAfkJ^[wvUNFg`Njau^efaqvVwHt^hdu\\TRLTVW\\nnnbdEsTYDw_XmVAJkVNVbZNkSdSNCWL_CrrmPSREn[[lE^jxQBczJFLT`qQ[`GWglAUu_OuYEIbHz]fpuUwAnLVwf^NYCr_hDnAEJoZCHKvA_EUDK\\`KJWs`fYOAB\\WNeuDM]bgFvtsdPVYaJJOaRU^gu[Zk`ZBgoiWdBIadpZPP_PPPzirrMpvPXWRBHv`\\sLoazo`BdflrENIeKJkrcKZznGMeq`\\tunXS\\jQKIqNbDEKJNgqyKithlpnscuKDKrxRpqJ\\s`jlwsvivCXJi^jLtjafvXcNfJXMGtTX^UFezHlttEx`^BVgIlXGP^`\\x\\Gm\\jcCjzgTYEMlyhmr[CjeokDV\\NHzpeg^BzYK]vq_UBOD_gIcliAul]xkfMa]sg_oXjkzPcV_MLPn\\AqpF`OGdmm`Bh_PVTgi][fpwITIT\\i`MKPfWlXSXYKfxKxcDFJt`aRAVAtwMFnHDMSrXtsdwTRDQzslLkFNRpzfsOPVr\\GSfCcksGKKMawMPNkVHIk\\A`pOMgyJd]m\\MzYNXItFauAlsnWf^tNjkfRFMT^LHAbkn\\AQo^yzPfuG`EWZQSfjOCkbhTAEehx`TQxWmFrAvO[EkLaIwDuoVr\\lkZc[^uVbiUmOGzgL\\foAbgq]nrHanIK]pMgT]W^AttWVYRCxWjTjC[JEcGhfnon`KQZuTTiEHnHiP[D]pJJDo[ZUCclWjrNEFqLHsIeDBPbOS\\oICLqdekkjrErlcSUPaCcZOwdh`GC`tKBbncT_BeZVG]QnQt\\iuRiQsVtGbJE_hKqgCQxzzqOwcNSlfqWgeTfb\\liYjMxs`vhvgelAv]jDDmhfCH\\lmYtT`OKQc`QmtVWh`XEAFWkIeb^jEDVblMGHBTVXZ[YWLxKiWzFeC[gWhljxl[M_JjAhPOfLBhbeyTxgXpTFxk_Q`jZQeYgyOtM]w^YHTucVtBXUoC`wHGbZLkH`oVbdBcWFH[kuWLlDHIX_SF]btjrHRnRMVsTyTzURfSNTSf`vV_RCScNitzkRkOnTJ^__snjInGtAsIPOKwmm\\OunfeETPDaW_tJoGBDboIPLjNqkk]Ho]BsvdlsNiWska^\\zy\\HIsKySyiDYoUdnwlu^BOKUIpsYQ`fMlqlPUyvRC`wvh[ZUnFnodyykQmADS`CZCrgxcUYyqc[]ROhiV^fKlrcmsBybxrz]]^tpn\\mYgpxA^]YCFShoushKOuEbVrAydxzoVrutlM_wtcPWcw\\fKLcdqibtXLCpozXa]egOXoCiUkRgeiyZVUoXVVygQB]aJiHtKityPNOWItPFXuOiMd[ZLzKGgAyWR]_fdX\\woAKHGYP\\GtPVmoTaOhiL_nROPsEgVe]AYSuMZSTnkjAnlcd^IyXvjQYBivsOTdG]WPx[tHGwUu[on_^gOb^WMaQHut_^ZF[Hc_W\\fIdBr[aopdOJXMzmFjPqypaAdc]P[TMOIBBFx]_lz]SRfUGNFiBsOa^qccYOyRU]WzBVKtocK^q]^OVO]PJmRTAb_L^VEQniHpufSlCLtZhlkBTUMJmjIcKDyZrzWZ_ukIUhUjvlMxssfOr]sJIu_Ea`frgttDp[unBchfz]NA]KjSXkbUHNQdWfboB^DCrJIXxsNPpMJfg^bVqTZwR`vbJRWVAte]ZLJTCRU_]R`vEfwtEMxiDGkSNaNg\\sPvcgL\\TNT_zv[AzA^_U^QnvwZT\\qF\\EhCdCdTX[\\`rsZjIfkTNCjSyc\\AfNrz^Hr[RsqxVhGEsyZv\\MRik^sZUVEBadhJc\\BjAzYPomxavf[zIa_ZwJOzPYFvnpXmzw\\Wwku]oBtyaR^jvFsAEONYMCZct]]zVKazJDCYfCeuQQZyvWAiwWhljDJuRScS`ucVk_`rC[UCeSIwc[g]\\nCz]pPGuHHTZRVWhDOWqJf]BfHWuNRqfFqlrdsvOZwuSBcSxmO`MPfSI`xrhtLhqQhU[e_ELSIXMkKADpZIzmeVZ_dSgBNVOPEBTOrTNKTtHOFXVxnsZCiDgSuwAMXJFmIwgIgpxGuoYkNLYLwjOVwMbAVBTvSBmKoUGJkMQxvTHtfwEj^pPivjqwUfne\\BotCOvtEP[kYQZcEiVZxeY^mEOE^JoFZg\\t`OqWALeNU`PfQNsgQUhrdQGyzrVv[VQmoaDpryYmzKJModoQRIoFyeQOIsWIpinyO^qkKCoRvvrYHtKWCFeSbLnKPphzbQwQXKyQmEFOU^JDmsGOiAFkE[XDjg[UVojfzaBwvtdyzVxDBkXXjZQbKLMwnubGdlt`n_DLqJSpXHli]TByODew^I\\nUEJAS]UN]YQ]gMa`G\\JC[^Z[scsaGwBfDQrmAS^um^LEC_SC^FpCyYSreiHkeoHaWfZWVo`oyPPxRVXTQpDBGzgexAHRKmQyWfiXFvhj`BDjIV`PQo[olFZWzpYVgNeLzRafhAOUIT]Fww\\b[rBWS\\NQMRYQ]SCRXrkroucQ`FgXdU[CTqupMOs^EPYVcyrqRKhEMenaPlqNpphsqWxfXNFJzMn_\\MhbOpFYgWpiDU`\\XfiOca`MBLZEF_FzrOECDPzzkOM[aOcChdmT__wuh\\`CWBTHRqrpP^YHgi_TTFfmdWX\\ml\\SRJVbjwdivEJjXmnKLegpAcbbpmYAerV`U`_FHqXjFpYPwvVqdMQIEgRicolw^cEDjdVrOhDUMxjKKRftXcXXbN[iNp]TF[L^lV`Sa^cvJvvHwG_RIr`vLg]]JgeZKkPllMZpmTTtz\\OfRSlGRLKNvQRFtDJutJlZgJWkhj_p_gvjYqKqu^Hy`Bq[uUwiJYAqkoyIwBZbgVjPUcgCtSzWBmufSvqTnqfFfEzdsBttD`SKSbGShtoqYepyuTqBLGoqjddPcDJrZGS\\ZkSkp^ftBpgBPAj`Lsixl\\[iyqjdkwXSRT_KAFLh[vouwbAcTegaYVkyPemzoBIEXUkw]`_GgB]pgalWpHQFQruwdauWSMsYmk^crEGoFatWsuRjsVJhlDoaZnSveIn[IEDwDJ`lB\\Akx^DiOL^xDLgjwwIDlKKxnYOorUgipXgQCDcvjegZepWxXTAGA\\ArQDx_PPqu`pHf`VgsUMTG^lSxCQW_U`iUXpzzGDg[omuphlYBhIlnItT`kz]ztR`zGnOkVglRatRkr^PQsUrMnuM^\\[PHagb]Muiu]igAW[MOcdhNkMH_[TLLbkOvXdktSp^woVnJirpTixvsmBXU`CBsj]SlZkcmkSwnFlZVYxqd_s^epWIVMVUPneMRCCkxOCcVBImBcCwcMYTrziwCcMaUygA[_HSWNsV]PHcheHnKZlDURVRTFhVB\\OWVIR]\\jaUTDrcrGOY\\ZVuMcfJJpzQa^TABkN`SeR\\tXjRZm[NrOtcGTKm]ITfjQoqjqbGsjGqHuBpsTjWVmZRdkuha\\CJRgldctcdLTUHHD[LSUtJYwQxq]Myvt`Xgw`\\JXNzlGKBYRJaQjVMbskUWomFgdiSnw\\L_zBuHtYSlO``TgiM_TqoLKFVfHTHYsN\\qyCQh\\Eh[YdHOMmzu\\n[GgzTugOzaQutAEjUeX_DOIUnbxGYVTNwEnUJziWBMFGJ^jHK]XV]xkLySLmwapeNDyoNjaVvB^qJBKPrqvvxxkyUcVqnvZ\\W[tF`vu[wCZ\\[tBwHvvGetgQTzZeUjbzbC[iIFkvw[zu^O_[aYirATq]odm`\\PGM\\ZuYZSoCLzKJummE\\zDvBjzNLxu_SLZgUmZDUGANdggAIgcCqiD]LKLl[gM]YPkza^pHSikVzqRUDyF_VsieHx\\Jbidht_pUwg[fr[jHxi^Vsqh\\biG`bFsdCgaeFC\\[AxYW_[hvJagY[FQkAHGLXPmqorcKtFCvNCUuXQwHALWBZ[JwWqdywQDlLcchr^BE^lLXkVSjKyKMskWUifoD\\DywydjoiPP^JS^iOlMA^unxFrs[MOzMiycZmOYGg^BvjhCaNhFwZo`bQArHlOcZPDpLjDwzSFUzssOXoRN_ICnuYBJmXRVXvbfgsrqJlFeUZaiXlZSZADQNPumitJcBjwERNc`x\\EnCYZ[sTmAxyvWrQXWxEIPb^de^]WKJuVywQNoq[uUHJeDo`MApMbtSoL`powVwcqDdx[bDc`^JoIYtapyPWUxS\\fIEizB^_X`SaZrFfxMgEj_gngOyyGaNtlHRS]Ud^zeWcFSGyteYHQNlG\\RCkC`YrRZpS`mJcdIEFIDiTIAF]HFc^WLqLSs[[M`Rg]oZG\\q_HJgxXdicCZwjLqSvTwxQliescmBrUazBRb[UjNYbdQXAPqFpKsFJ^`nZ_nVfbrN][vYeWyMG^Wg\\QddmhMg][p_loApwsnAmCvaUX\\ZMgzgHtSIuKcxUKlBfXhpVIPNjVuZVDOVMn[p\\JWr]sumQqgbQuvxkfDDWlwlysnrwMlbkva]ApT^N^xtjTI\\IQeajWZjMftdEDqDEEqUTZxvRaqsnCCfkSjfcKrT]qPVvkYKhupe]oHjTjOJaavKcOsmTK[tN]r^JczbHfLtMYIwKARtvinwuFmhrgq]ZwWzwd`ljhBvUCxJFwbTtbx_jvdEpRj\\oi[QBIzb[aJOhsbsHccuE^drysQAA[vYx`GfcgIxwAsTYjrrUkxMjpWRFcSJszaAelQHmvP\\[exEeQZPAZfP^jiIIoazTyFxZsihYjFZ[\\lErRhpJDJYTQ]vCIyxUQH]`AflblqQUMoBxeRrHkpQpgdIVneQlHEKUP_qgvOXMsEG][xYqHqe[qgtW]VnHa`MIehhF[KL]YEwb]gvpMZdQ[k^df[Ja[QgTsyrnQSWxfHClkRtq[xvGvvitJE[zBeCHYdj_oH`tCgfSiltTaSF]V`XwQydLsWvAFuTGcVCSYBEPQVLYLGZi``mtLmNq_TAfkeMoYmlKQmET\\Ig&quot;,89)" fullname="Open_Lab_03._10.Tests.GetNumberOfCharsInStringTestRandom('u',&quot;^Gmj^VQ]olLhPQMcYRxUzmS_MPaPBbXdPzlcUuegtlMnSlFkikzCc]`loN^NoB\\NUcYP`eO^gR[N`_M[JpaQbVBn[zoGXXrsQzZkTqKE]]VQCRMPBCDz[Kfybep`qHFO[bx`E]HTe]nFzkkIn_FUTrXFU\\IiAfNUWHq[TgL`vjUyWayqugmRClvcKsKdTYTzOZjsuQpGTaYd]Zio]RoUtvSeLNQ\\\\bL^WVjxqFwerfy\\SRFkJWGBezGSGEhgzTelUvNHkkxXVJ]NxqSuH`SF\\JtXPWrmYPe_AMHWDyAYYig[]sVPmm`[B`QLCpsUtLzF`yNkjvqJ_tgm^ZvWAbAfkJ^[wvUNFg`Njau^efaqvVwHt^hdu\\TRLTVW\\nnnbdEsTYDw_XmVAJkVNVbZNkSdSNCWL_CrrmPSREn[[lE^jxQBczJFLT`qQ[`GWglAUu_OuYEIbHz]fpuUwAnLVwf^NYCr_hDnAEJoZCHKvA_EUDK\\`KJWs`fYOAB\\WNeuDM]bgFvtsdPVYaJJOaRU^gu[Zk`ZBgoiWdBIadpZPP_PPPzirrMpvPXWRBHv`\\sLoazo`BdflrENIeKJkrcKZznGMeq`\\tunXS\\jQKIqNbDEKJNgqyKithlpnscuKDKrxRpqJ\\s`jlwsvivCXJi^jLtjafvXcNfJXMGtTX^UFezHlttEx`^BVgIlXGP^`\\x\\Gm\\jcCjzgTYEMlyhmr[CjeokDV\\NHzpeg^BzYK]vq_UBOD_gIcliAul]xkfMa]sg_oXjkzPcV_MLPn\\AqpF`OGdmm`Bh_PVTgi][fpwITIT\\i`MKPfWlXSXYKfxKxcDFJt`aRAVAtwMFnHDMSrXtsdwTRDQzslLkFNRpzfsOPVr\\GSfCcksGKKMawMPNkVHIk\\A`pOMgyJd]m\\MzYNXItFauAlsnWf^tNjkfRFMT^LHAbkn\\AQo^yzPfuG`EWZQSfjOCkbhTAEehx`TQxWmFrAvO[EkLaIwDuoVr\\lkZc[^uVbiUmOGzgL\\foAbgq]nrHanIK]pMgT]W^AttWVYRCxWjTjC[JEcGhfnon`KQZuTTiEHnHiP[D]pJJDo[ZUCclWjrNEFqLHsIeDBPbOS\\oICLqdekkjrErlcSUPaCcZOwdh`GC`tKBbncT_BeZVG]QnQt\\iuRiQsVtGbJE_hKqgCQxzzqOwcNSlfqWgeTfb\\liYjMxs`vhvgelAv]jDDmhfCH\\lmYtT`OKQc`QmtVWh`XEAFWkIeb^jEDVblMGHBTVXZ[YWLxKiWzFeC[gWhljxl[M_JjAhPOfLBhbeyTxgXpTFxk_Q`jZQeYgyOtM]w^YHTucVtBXUoC`wHGbZLkH`oVbdBcWFH[kuWLlDHIX_SF]btjrHRnRMVsTyTzURfSNTSf`vV_RCScNitzkRkOnTJ^__snjInGtAsIPOKwmm\\OunfeETPDaW_tJoGBDboIPLjNqkk]Ho]BsvdlsNiWska^\\zy\\HIsKySyiDYoUdnwlu^BOKUIpsYQ`fMlqlPUyvRC`wvh[ZUnFnodyykQmADS`CZCrgxcUYyqc[]ROhiV^fKlrcmsBybxrz]]^tpn\\mYgpxA^]YCFShoushKOuEbVrAydxzoVrutlM_wtcPWcw\\fKLcdqibtXLCpozXa]egOXoCiUkRgeiyZVUoXVVygQB]aJiHtKityPNOWItPFXuOiMd[ZLzKGgAyWR]_fdX\\woAKHGYP\\GtPVmoTaOhiL_nROPsEgVe]AYSuMZSTnkjAnlcd^IyXvjQYBivsOTdG]WPx[tHGwUu[on_^gOb^WMaQHut_^ZF[Hc_W\\fIdBr[aopdOJXMzmFjPqypaAdc]P[TMOIBBFx]_lz]SRfUGNFiBsOa^qccYOyRU]WzBVKtocK^q]^OVO]PJmRTAb_L^VEQniHpufSlCLtZhlkBTUMJmjIcKDyZrzWZ_ukIUhUjvlMxssfOr]sJIu_Ea`frgttDp[unBchfz]NA]KjSXkbUHNQdWfboB^DCrJIXxsNPpMJfg^bVqTZwR`vbJRWVAte]ZLJTCRU_]R`vEfwtEMxiDGkSNaNg\\sPvcgL\\TNT_zv[AzA^_U^QnvwZT\\qF\\EhCdCdTX[\\`rsZjIfkTNCjSyc\\AfNrz^Hr[RsqxVhGEsyZv\\MRik^sZUVEBadhJc\\BjAzYPomxavf[zIa_ZwJOzPYFvnpXmzw\\Wwku]oBtyaR^jvFsAEONYMCZct]]zVKazJDCYfCeuQQZyvWAiwWhljDJuRScS`ucVk_`rC[UCeSIwc[g]\\nCz]pPGuHHTZRVWhDOWqJf]BfHWuNRqfFqlrdsvOZwuSBcSxmO`MPfSI`xrhtLhqQhU[e_ELSIXMkKADpZIzmeVZ_dSgBNVOPEBTOrTNKTtHOFXVxnsZCiDgSuwAMXJFmIwgIgpxGuoYkNLYLwjOVwMbAVBTvSBmKoUGJkMQxvTHtfwEj^pPivjqwUfne\\BotCOvtEP[kYQZcEiVZxeY^mEOE^JoFZg\\t`OqWALeNU`PfQNsgQUhrdQGyzrVv[VQmoaDpryYmzKJModoQRIoFyeQOIsWIpinyO^qkKCoRvvrYHtKWCFeSbLnKPphzbQwQXKyQmEFOU^JDmsGOiAFkE[XDjg[UVojfzaBwvtdyzVxDBkXXjZQbKLMwnubGdlt`n_DLqJSpXHli]TByODew^I\\nUEJAS]UN]YQ]gMa`G\\JC[^Z[scsaGwBfDQrmAS^um^LEC_SC^FpCyYSreiHkeoHaWfZWVo`oyPPxRVXTQpDBGzgexAHRKmQyWfiXFvhj`BDjIV`PQo[olFZWzpYVgNeLzRafhAOUIT]Fww\\b[rBWS\\NQMRYQ]SCRXrkroucQ`FgXdU[CTqupMOs^EPYVcyrqRKhEMenaPlqNpphsqWxfXNFJzMn_\\MhbOpFYgWpiDU`\\XfiOca`MBLZEF_FzrOECDPzzkOM[aOcChdmT__wuh\\`CWBTHRqrpP^YHgi_TTFfmdWX\\ml\\SRJVbjwdivEJjXmnKLegpAcbbpmYAerV`U`_FHqXjFpYPwvVqdMQIEgRicolw^cEDjdVrOhDUMxjKKRftXcXXbN[iNp]TF[L^lV`Sa^cvJvvHwG_RIr`vLg]]JgeZKkPllMZpmTTtz\\OfRSlGRLKNvQRFtDJutJlZgJWkhj_p_gvjYqKqu^Hy`Bq[uUwiJYAqkoyIwBZbgVjPUcgCtSzWBmufSvqTnqfFfEzdsBttD`SKSbGShtoqYepyuTqBLGoqjddPcDJrZGS\\ZkSkp^ftBpgBPAj`Lsixl\\[iyqjdkwXSRT_KAFLh[vouwbAcTegaYVkyPemzoBIEXUkw]`_GgB]pgalWpHQFQruwdauWSMsYmk^crEGoFatWsuRjsVJhlDoaZnSveIn[IEDwDJ`lB\\Akx^DiOL^xDLgjwwIDlKKxnYOorUgipXgQCDcvjegZepWxXTAGA\\ArQDx_PPqu`pHf`VgsUMTG^lSxCQW_U`iUXpzzGDg[omuphlYBhIlnItT`kz]ztR`zGnOkVglRatRkr^PQsUrMnuM^\\[PHagb]Muiu]igAW[MOcdhNkMH_[TLLbkOvXdktSp^woVnJirpTixvsmBXU`CBsj]SlZkcmkSwnFlZVYxqd_s^epWIVMVUPneMRCCkxOCcVBImBcCwcMYTrziwCcMaUygA[_HSWNsV]PHcheHnKZlDURVRTFhVB\\OWVIR]\\jaUTDrcrGOY\\ZVuMcfJJpzQa^TABkN`SeR\\tXjRZm[NrOtcGTKm]ITfjQoqjqbGsjGqHuBpsTjWVmZRdkuha\\CJRgldctcdLTUHHD[LSUtJYwQxq]Myvt`Xgw`\\JXNzlGKBYRJaQjVMbskUWomFgdiSnw\\L_zBuHtYSlO``TgiM_TqoLKFVfHTHYsN\\qyCQh\\Eh[YdHOMmzu\\n[GgzTugOzaQutAEjUeX_DOIUnbxGYVTNwEnUJziWBMFGJ^jHK]XV]xkLySLmwapeNDyoNjaVvB^qJBKPrqvvxxkyUcVqnvZ\\W[tF`vu[wCZ\\[tBwHvvGetgQTzZeUjbzbC[iIFkvw[zu^O_[aYirATq]odm`\\PGM\\ZuYZSoCLzKJummE\\zDvBjzNLxu_SLZgUmZDUGANdggAIgcCqiD]LKLl[gM]YPkza^pHSikVzqRUDyF_VsieHx\\Jbidht_pUwg[fr[jHxi^Vsqh\\biG`bFsdCgaeFC\\[AxYW_[hvJagY[FQkAHGLXPmqorcKtFCvNCUuXQwHALWBZ[JwWqdywQDlLcchr^BE^lLXkVSjKyKMskWUifoD\\DywydjoiPP^JS^iOlMA^unxFrs[MOzMiycZmOYGg^BvjhCaNhFwZo`bQArHlOcZPDpLjDwzSFUzssOXoRN_ICnuYBJmXRVXvbfgsrqJlFeUZaiXlZSZADQNPumitJcBjwERNc`x\\EnCYZ[sTmAxyvWrQXWxEIPb^de^]WKJuVywQNoq[uUHJeDo`MApMbtSoL`powVwcqDdx[bDc`^JoIYtapyPWUxS\\fIEizB^_X`SaZrFfxMgEj_gngOyyGaNtlHRS]Ud^zeWcFSGyteYHQNlG\\RCkC`YrRZpS`mJcdIEFIDiTIAF]HFc^WLqLSs[[M`Rg]oZG\\q_HJgxXdicCZwjLqSvTwxQliescmBrUazBRb[UjNYbdQXAPqFpKsFJ^`nZ_nVfbrN][vYeWyMG^Wg\\QddmhMg][p_loApwsnAmCvaUX\\ZMgzgHtSIuKcxUKlBfXhpVIPNjVuZVDOVMn[p\\JWr]sumQqgbQuvxkfDDWlwlysnrwMlbkva]ApT^N^xtjTI\\IQeajWZjMftdEDqDEEqUTZxvRaqsnCCfkSjfcKrT]qPVvkYKhupe]oHjTjOJaavKcOsmTK[tN]r^JczbHfLtMYIwKARtvinwuFmhrgq]ZwWzwd`ljhBvUCxJFwbTtbx_jvdEpRj\\oi[QBIzb[aJOhsbsHccuE^drysQAA[vYx`GfcgIxwAsTYjrrUkxMjpWRFcSJszaAelQHmvP\\[exEeQZPAZfP^jiIIoazTyFxZsihYjFZ[\\lErRhpJDJYTQ]vCIyxUQH]`AflblqQUMoBxeRrHkpQpgdIVneQlHEKUP_qgvOXMsEG][xYqHqe[qgtW]VnHa`MIehhF[KL]YEwb]gvpMZdQ[k^df[Ja[QgTsyrnQSWxfHClkRtq[xvGvvitJE[zBeCHYdj_oH`tCgfSiltTaSF]V`XwQydLsWvAFuTGcVCSYBEPQVLYLGZi``mtLmNq_TAfkeMoYmlKQmET\\Ig&quot;,89)" methodname="GetNumberOfCharsInStringTestRandom" classname="Open_Lab_03._10.Tests" runstate="Runnable" seed="1107559814" result="Passed" start-time="2021-10-19 19:34:08Z" end-time="2021-10-19 19:34:08Z" duration="0.000098" asserts="1" />
            <test-case id="1062" name="GetNumberOfCharsInStringTestRandom('c',&quot;LAmxN\\`H[vpHLoEBY_fIXzZVOXm\\ZXCFTETTOi^JhgyqvDFyzSDdBlULbXiqjEhCskoH\\lmjB]\\kBcZLRo\\HUZEbjHlrAg[dyvyLOx]O`Tc`PdJzx]_ucahZgMXTzvjVBslGdOxURNbBr_SFymu^I`AYN`_C`IPedN^XrDVi`KdVzgcHuSVMBMM]rTsEjuoIxwXeAvOvXLxxwfYbxXINnDdXAB`^LQyeW[XCOxGyD[opOPaLvQHSmaVuTzdzVkjHMTb\\OVSzQJJSOnJl\\TcuIgspF^iPTHcTkhdvhEx`xICdWCfaqs_CHpya[lWlgDfJaqcbKODWVDwAdPZCsIY\\caLuiC[vhMsu^sCaZDWcoHgEtywLSUs_eKazehtHoIjJKB^kMtcomqg[tGBkFOcSTUPTSCvmKOngY^ur[LzZlDmn^GG^gIB``WpqlKYJxqe^CzCWMKPuOJbPc]pMwXGBNOGBhDFQnp]uZOk_DjQ\\sHRWp`OPUMM`kdPosBiIEzGYhgqTlRINGeIGwkMIppvadwJpywfCBIXtAsjIju_DDzYG[JrIpaSOD`pk^AUpfGLyNOFEBDYvRs^d^DUpE^N[pIq[Cyfi`jYxn[tMEnGlHXxLCMNZg`kHtlJEYfBCYkVbZapDJIlQW\\SXKfXqlLCAyQDCQooZlDTXBVl]WJQ^oZlXYltmNLRNiVdI]nmUUS`SIvWptvZbu_L``fd`vBLamFjgmczdWvJ]uYP^VEsRmkSJKEdrJNZTGzaCMjDRvpKzVieHWGJqIuoCn`\\izI[J]pWvsMRfBbWw`So\\Z][DDcKLL_OgOURmVB^`SjPJo_pa_r]\\lAO]hWFteKjTyeXgPdb_pOJjNRO`nehTBnvNGoEywduHzvKKHJQuQyf]r`PVIaGA^WRKiJa\\_cbLUBjSHEYdUmDDIZWb`jqW^udddz\\xdpWhWZIppxODI]gkSOCPnyvpmLiZXGiHc[A_VWgiRalb[mNAOsQUwMJetbuKkiXjOH[h\\HVwcUxNNTVzxhL_pUKWQWeo\\\\xdICTSRa_G^UmcOwX`MuMD]stuxEWF]a[GWUEKACiXIFB[bbHUyEcaOuGPJYVMJZdxtgLurM`JMpuXrYTVxCHXyur]OoBcg\\Nj\\DbvVM]l`YUZzjXkFAPHSMzzojgCLx]kbKwnrXzk`Vs``Y]_WQ]gMGXPEbGgaZacvdrpmethA_bwT[ZWNHgu[q_\\nhjPRTKGoPdwahmmXpgi_[veIjYYnfIFEWBFudWhT\\IEq^qaVt^fJqwSlEHbulSJH^rJfgsoYzUDSqnetsDuI^wOZjTp]pmbIyxTgguiAiMK\\tzvR]hBiYBdbckwSCRdMmuUt[yMyUtZQlm`jY_zHktkxTlDwyVyWdxizfBq^\\DT_bTppKMu_S\\\\sJWaivQzzvChoDaDXi]ghaLVzwNll\\[EH\\qpP\\HcKDTd`gAmdJ]pqpoSyBami`N^\\x`SNlowat]dMcpTv\\HcyeOSg_qNuUtfqqIcGh_sVaOwTLFWLMrNXf_qiMgjuaBMArnW[NMNwPNYVSz\\Y[Bh^gNLSRtuBoxo`Cw\\XiwyzdQHXG\\WMKQZ_TiTdbDIUSLIRYtTW^Dk_DiuWFnMq^hr^_QLUcspenehYHqzNIzjGav\\fox^orSqfTenIhynfOFlZB]OPoyh^ylwcp`aeVBn[nBE^Cq`JLDs\\JCeRjNzseTgciKTIYJQMSQfzXkNxZ_Rut\\ZmvOvHBup[U\\pr^WkCnfJsWfuyABZGBmjMlaNKNIKX\\LewvV[DnPGNRaWPUwGz\\jYcmcGwJaoe\\lXKAxCebWSmg]vLKxqQCKwlnCJTP^tN[\\l`ILPWt\\YFXfvQhumLj^cRpgXyojVE]ESKkVDyi[WalrUHGtgVkh^ws[k\\nQbKGUcSTlaRro^PGC`xSQrvCATobWSPebKXsM[XOBnVTU^wKNpqvmJ^ZgHFAnlxYQgPdFXucHjQ]]ci]XeTa\\UsXhyLEUX[QqwChOSEquOnDtAwEZddJXWxvorvHLqNkOzg``AOEa]gNbo_hBHekoRsZzHsWXweEADpuUX`ZV_cukkTATOFEL^wxGMaXHrhdsbM_zdTecLVPiyjOnsDJras^GrnHqHR^qzCI^pAju\\\\zIgOI]RdPo_mRjjXHqLn[urYjvblxrTOWFsU[dfe`^CjSNlZnYttjhBFQN`NvagY[QVMqUw_KbOxsHG\\JIx`x[`jDnEMDYizrdOBr`dZ\\ViHYDNJGDDncG[AlgICQj[msPFOsEee__DclXQz`uGAUvWkJOQKXaIluvPIyzQCZZOEDrOTWI^Vd[YwsUEen[MyVRhpHHB`eEavgShRzxoPCmI[^SQdugOzMPilKYLOGxl`t^QahneqgxwcJNSprYexqbiWdvHal`IEBcbACkwHBXTPTGcxGWXiTojRotwlfDFGorbafRmH\\^vZOYD^TKZUI[lMtPLJnK]yRM\\\\_BRpePMpsQDWqYX[dlyUGUgVFdTRAxHBxbzRtejsNvUdMpTVnBU`OGVKVvkBwvovIBZOZFbzBGGKADJQPx^zccnqMowxuivSGZ\\LWEwh[V^IzKKSmZlzXpS`NcCeJdFTKoDbbxuLAq_NEfqBeeL[wwuRGvxnBS_rPKxLGcko`aybQE\\blBz_XeWNum[gAGJiShyuhfuBuXuWyTAC[VCATzZenkQTIEoZWPOdGbuFGxezkzPbmXLeEJVSOTGxVatqd\\AiEWwt\\wtVVZuo[jbksJVNuwVn[wk`EnWOza]V\\SIHPzwoYR]fzIxZGnoHBJY`MURcDfouMLP`BNxvAaUIZE`vqxIMlUUSudvvhUlm]cYosYXspsH[oPFHoWlG]cIsqwfYSCOgpbgrflCY`QWtNu^e^nHRcfPuZayvmz`ne\\eMdO\\DTTaMLPewZAv_vwDKSlXFnGf`kdOlPRBORDxOEDiJvB]mEAsiX[urqWQMiB]cBthHzgNrypFPDNJldt\\jlaToXKXvnlaDbFICUUmXnAjcVfndN_cp`mr\\`tkpORDNPCixFHXOGDvkrlYmWoiPIl^oOh][exI]x\\TSwp_FGTi]qGeo[yY[doF_`tiXeweIuZmVYGpaQcIoCAxIDiAf_itJWonDHG\\Ki`bXTOWUJsJAfQ\\_vaUwvzeMadzdSlZKHxF^ZaooRg\\g`s^GSPIal_OjvVrkOmBYZzthKyEUm`eP^xghFtQDdsYcjWbEjD``fDMazpvUKnnMtzLxiJeV]xoaaQynWAfizFe[lGiPxwtqEMijLeVaZKDhOgzirIxKIFMoVkMb\\UX`Ey\\UbOcmeEPpCwMEHzYpyjizzuU[YoFEm^cQLeHc`L`DqXlY_H[\\wcaVQ\\VguIUqzLC`Uwt^spPnJeJcIvvQTdHKwNzjO[iXqjDfUMEcOwdGSnMfSm^zMD]VDscHwKOXHsw[b_OwqSCWABrJAUW]wjLmMhb\\exgDiLy[qmEn_bItBFVBBZGcnm[YgJNtwmStgyioCXTOPcxVbRlGSa[KrEQwl`ng_LrlPONDXbzeGrSKoFrVYGbWSHCchmD]dgkElLFSEhjlbpEAlFHfiYNXe\\ZHMeVe^]AZGNYdz`QkXpp]CCqcfXoLZS[QmyG[SENEpft^g^gIH^AofwEKonzGhpAonIrBZqYSckhXISvHlfDwRgeptvf_EHXzeEk_gejREiLvPhB\\ssUCmE]G^BI^KtN\\ThmDcW[Gwmrd[j`LtKgMmVNacdAf]LGL[kccuxt\\XNFzNtgo\\wdzMBixZM\\yWpdkffJkGxRwRKp_PNTjxMJacGzZBeIi]uFcdVUbjvh^ehiBMKiLsmBJfDI_gkj]pcZXFMuttlzC_gvuYxNqvwqktvwaNpvzLLiBNRwzPpSGmyfzHNGj^tasmj^JQUfDqzqSxtgHBNbGdjxuQxYzjM]SfpP^nmjvJPPnITBNayhPR[PDmdtSvgTe^_hIeJUO_fwUZKmwvKZk_NAL`MlJtWz^wfPdgtdXeZkf^vdcrwXkMcFP^\\cYXKUIgZXnuIQCbBGE]UhecIRwzPQT`zGKQKz[EczE^pijgUJK]BnIoxpPsYJXIEOuBGmWCgzuVdHn[cQeFFr_MxWSVkbgZcvYbnh`cmIqBtnKpCoQH_RCMjhEjZBRES[miiMgvkBTwB]TJL]SvR`uRsMrGcqJkrliYA]HqHUW]xGLNUu^wiVmna\\p]UaSuscFPnvJjV]nwIXTmAemhSNC\\yvr_ge\\bC]eVAvZYloaMbqfIID\\koecfadQsDeDkAMugnylFKTw_gptIQjWcJkmXtzoWebVHkpLVvyUKRWa\\iEykkIcTO[bPZ]moJV[dypnqe_MRULRmKRjpAEg]zBsPNwvZMaAvvx^tQHGMvQyCJpEHnwnFjyeww^chcnEoKVqNoq_sxZaiCpGYrngPmvMxSawn`YeILKsnyrTwXvHPYvuGXKqoHoBPItuOtlT_pX]rxS[A[jrrnx`XfqVUcpBWIcfEwEDgccZAYCIEkqTYxK\\LU^cDVywAWGjVhVDVfLPK^_ydhQel]cZxGZkZ]AQdgZdSTnXUmxmlvQip_zVFTK^nglOOeetfvf_DugPttPz_qiCpluu^eLP\\vqgc`JkIEHqQmeusj]LDLzxyiY]jjWAjVDHEzhUj`rZirmDGzCnIzLPwsitGgAYiHGui]qsCH\\_UaPGwUWjgcsjKnLLRnND_YlbkrVdJKlA_hvVdbwlQQlFPWkuQeaOtYzvohVEzma]rrL]spckr]nOgfSUH[S_d^GFizavMrl^kPOXKNC\\CqXXelPJVBw`[BsUkGosOg^zkQ^XXuJuYr\\nGi[xkXaKvMDjXuhEZJMWSXhUNsm\\sCHc`ENBfrIrGSE_Moz]ME[OfF[iBFjsfESsE[JSggZcBUQzTJIZsPOnbsw[e`A`IPMBALZlfhqafsNQp[UsxPAVq`QL_iiGgt[lIOzHjWoLZhIjfffJKHbsPqK[vONwyjulY]Ia\\NIb[owIWbasD`w_Rb\\RE`M\\IsMknXQJ^EixzAY[uCEUhVsZnWZrAq]wAhZccMVzQXUzry_RIBXB[rnmAnwXxZIgcmwSbqsihEEQAtcorIiyZ[\\ItgcpPxBqOiWFBMjSJjUWn^mGLI`plKNHRoYvODYjCNBS]]neYVpjGEVVt\\dHYMFE[PoNooEGQfT`][eiUvXVU^BMYDBnZRRqIwrNiaqdRjZ[lptZqvm]okkwNboknRgzU]X`cXzoEnDfEa\\dJbw^_oBYMuzHlFqACZGOYUrZwyXBgEsgGLbLUI[`\\ySiXsCzxDce[MKpk^baWAmHCTAa^eftzbmZCJBDvYEc]NMtAm\\rbuI[MKfEr]\\SYifsZlna\\^eywJfpGGalInSFYRMr^xLZxlKnbT[OzuWDPK_C_qxlwjKeWa[H_vD^SLBLzsNngRmNXPqOnJShA[]Nb`XAtSjErskDITDgcKFfxwNGkLUUcV^sjodZ[MtUbiW__mFZGgEqUrPfSQQhxV\\\\UsTUjdMVQlDPaicxFvOwRh^r_yHJwLWMMuJfYkj][j`dnAFdiScCG`KhV]ql\\CZEUrDf_w_VLl\\bHtE_t_\\ddUFgj]PwuyBXQ\\OwwZElnMrVDd`\\XSrxap[AlWvBgc[MkDRgeIb[ZjpW^kcGxo_cGDq[BOKa^CFLmeezRtqPkX^rzD]BnoDsDsGgMqeWxBwWdeetFcoExPriaz\\xlImjyNIt^ym\\O[Rj\\GNVYdvKzzuoBXFNVgepONXW]lVGqTq]xINZlF_HNbjzSTrGs`Gbq][OjqthOoUgJYqsJg\\PH]bh^YEItONQMOg[iykvLrtYNCqt]zwMDqZUumkQllnAaE[vmWKLvaEQdJ[\\cLfuRBNVoR`vOZJZEsrJcvHGplQ]mJllSPiaGti`qEG[qOw]XeMkSQsgD_F`kkdfaocykcTKJRS_ogPaooFHxAYBWB]boIpG[\\uBfyloRBaAyUsXO_lve]h`WabiGmWA]LETmOvqDQqwZXDCJFSQXt\\xnUfEWCi_e`_nQ`eAcusUglFy^_`A[GccjG`Ycq[AbRRutQme[Rh^BHRCOhbr^hE_wwDJAMYm[rmUZLFNmvaIYFacp]JvPc^tNmxxMdeNtvDKUwcCcTFcHvFrV[U^C^]rTtHhOHAJQSP^CVOsuHSw^vmRhFbmPGLVYLq\\pvo[SwRogbpzL\\cvKaUYGpzIaOuKHtFr`nDySsdbexfFQban^PLsqYUzvfuDBHhm]y[YXecSwnnJJuryiGgsiMAGZDDhya`^QtcSHHWtgtvCfKpBnvVv[pEQxUzTbvTWOQtQR`rajmLoQy[OOBtCKdC\\pSVmICSk``nVR`jODoLidPzytlF`CQLeNX\\zKEYhZ[OlKFwiReyWYTr`TWsXxniOUIHtEkEzW_OIANoooWNXRoMtavfnLBjgmzXBxCebazztFj_FbEca`Qw`wOTIEQnVocWAqmqmmgqSpToqX`MHYJH\\CsFji\\]QMeE^S^PoOpns[ekcZ]l_Dgwf[uxyhGDQJ`FKOR^tQXsdVOBYH]PMkxMaiZCY`RHIm^iu``UIysOgnTPLt`qLqraMT_\\oOFTzQkqs`GscHHNsjamVKq_A\\wRuw]bAEaut_PVD]WgmhODjdh]mlGdXaT_UYvvC`r^bMUT[KjsoKmTMtbQPAoPxw]SLlBfa[dMpk\\]PTCbCNpNozR\\qegCkcafkCIjJERTb`^]XFBvyNMjGP_L[aowoa]MJqmNLTYyw]fO]oDldkE^Vq_\\^wPcPV`ADQSbTnjfoOnedPjf]DSD]yqTRQjPDpiaxeLL\\]YpAZjHDurOMdGMD\\_EZzQCE[by`MgzD^KAf]CCPjPWZ\\C[j]^\\FHm\\LVlaskbqNsKjZFbaZ]okktccYGODjLtwlipPl]K`HZIbQTBevxCdSBlRmIIl\\_GCyNxkQRoxRPcQlBSFFeImJPejw^^dUZDdSGcCVQTdIESDZ[akqCgqWUtjdOonoLdsLzyeZPkoR_eExaQ\\wmmRmNNxNtYG]apw\\ZrZ\\vRaSr`rkomCySqCYRFymBXardSlihd^jqzA[MyviVNYHVIJjn^JUth[_kij`nICLOTHSpbLTKQWoyZ\\\\IBvJZJqI`]k^PWuMKNsCAqtMSqJcQg`RNNWlNtlF]ynTqhEoWKdkbY[SHjrdzNsswYQBzIzR\\m`BCaVelVMGDokpnEd_BIGPGvWYXCoNKRPotZPbTNrdBmpIi[Ov_\\QTgQvHKxMjazvl`vwToCKnQ]OUFOjwosjjBvIc_HWWBICBqEcn_uG\\R]CJCaBwNPuhPLjdnTphfnmIZM^BfwYtmNY`tyaxF[ImNVmfUyzLEZp^jujqDARRrAvCnJkomsbLeAuE[sggwMoSXupzOkuFJrvNZjsLOLYMsetjzfVLTeUeLdesTl`Cx]CnFhfkA\\Ylnc[nBGzdUjl_]QBpEzr]fWOVbFeRAfKsLdqdJrqNlvhOk^QogpgAevFXTEMv\\idj_tTsZXgNJdljiAeDppfLyKNP^ZQEfulDSykrKXUPIZrAKWiS[IGfDYkUfDVAGcbOrhXkPntX\\VC`SNFHkxe]nGAtNWMHCUI`rcJ]yyDgPjKhVKBYxNPIyF[lh^]talUGM^ikEcImuxNEvS_DVoJpEAbmIXo\\\\JG^UD[s]RUVE^OBrWpVzZ_m&quot;,149)" fullname="Open_Lab_03._10.Tests.GetNumberOfCharsInStringTestRandom('c',&quot;LAmxN\\`H[vpHLoEBY_fIXzZVOXm\\ZXCFTETTOi^JhgyqvDFyzSDdBlULbXiqjEhCskoH\\lmjB]\\kBcZLRo\\HUZEbjHlrAg[dyvyLOx]O`Tc`PdJzx]_ucahZgMXTzvjVBslGdOxURNbBr_SFymu^I`AYN`_C`IPedN^XrDVi`KdVzgcHuSVMBMM]rTsEjuoIxwXeAvOvXLxxwfYbxXINnDdXAB`^LQyeW[XCOxGyD[opOPaLvQHSmaVuTzdzVkjHMTb\\OVSzQJJSOnJl\\TcuIgspF^iPTHcTkhdvhEx`xICdWCfaqs_CHpya[lWlgDfJaqcbKODWVDwAdPZCsIY\\caLuiC[vhMsu^sCaZDWcoHgEtywLSUs_eKazehtHoIjJKB^kMtcomqg[tGBkFOcSTUPTSCvmKOngY^ur[LzZlDmn^GG^gIB``WpqlKYJxqe^CzCWMKPuOJbPc]pMwXGBNOGBhDFQnp]uZOk_DjQ\\sHRWp`OPUMM`kdPosBiIEzGYhgqTlRINGeIGwkMIppvadwJpywfCBIXtAsjIju_DDzYG[JrIpaSOD`pk^AUpfGLyNOFEBDYvRs^d^DUpE^N[pIq[Cyfi`jYxn[tMEnGlHXxLCMNZg`kHtlJEYfBCYkVbZapDJIlQW\\SXKfXqlLCAyQDCQooZlDTXBVl]WJQ^oZlXYltmNLRNiVdI]nmUUS`SIvWptvZbu_L``fd`vBLamFjgmczdWvJ]uYP^VEsRmkSJKEdrJNZTGzaCMjDRvpKzVieHWGJqIuoCn`\\izI[J]pWvsMRfBbWw`So\\Z][DDcKLL_OgOURmVB^`SjPJo_pa_r]\\lAO]hWFteKjTyeXgPdb_pOJjNRO`nehTBnvNGoEywduHzvKKHJQuQyf]r`PVIaGA^WRKiJa\\_cbLUBjSHEYdUmDDIZWb`jqW^udddz\\xdpWhWZIppxODI]gkSOCPnyvpmLiZXGiHc[A_VWgiRalb[mNAOsQUwMJetbuKkiXjOH[h\\HVwcUxNNTVzxhL_pUKWQWeo\\\\xdICTSRa_G^UmcOwX`MuMD]stuxEWF]a[GWUEKACiXIFB[bbHUyEcaOuGPJYVMJZdxtgLurM`JMpuXrYTVxCHXyur]OoBcg\\Nj\\DbvVM]l`YUZzjXkFAPHSMzzojgCLx]kbKwnrXzk`Vs``Y]_WQ]gMGXPEbGgaZacvdrpmethA_bwT[ZWNHgu[q_\\nhjPRTKGoPdwahmmXpgi_[veIjYYnfIFEWBFudWhT\\IEq^qaVt^fJqwSlEHbulSJH^rJfgsoYzUDSqnetsDuI^wOZjTp]pmbIyxTgguiAiMK\\tzvR]hBiYBdbckwSCRdMmuUt[yMyUtZQlm`jY_zHktkxTlDwyVyWdxizfBq^\\DT_bTppKMu_S\\\\sJWaivQzzvChoDaDXi]ghaLVzwNll\\[EH\\qpP\\HcKDTd`gAmdJ]pqpoSyBami`N^\\x`SNlowat]dMcpTv\\HcyeOSg_qNuUtfqqIcGh_sVaOwTLFWLMrNXf_qiMgjuaBMArnW[NMNwPNYVSz\\Y[Bh^gNLSRtuBoxo`Cw\\XiwyzdQHXG\\WMKQZ_TiTdbDIUSLIRYtTW^Dk_DiuWFnMq^hr^_QLUcspenehYHqzNIzjGav\\fox^orSqfTenIhynfOFlZB]OPoyh^ylwcp`aeVBn[nBE^Cq`JLDs\\JCeRjNzseTgciKTIYJQMSQfzXkNxZ_Rut\\ZmvOvHBup[U\\pr^WkCnfJsWfuyABZGBmjMlaNKNIKX\\LewvV[DnPGNRaWPUwGz\\jYcmcGwJaoe\\lXKAxCebWSmg]vLKxqQCKwlnCJTP^tN[\\l`ILPWt\\YFXfvQhumLj^cRpgXyojVE]ESKkVDyi[WalrUHGtgVkh^ws[k\\nQbKGUcSTlaRro^PGC`xSQrvCATobWSPebKXsM[XOBnVTU^wKNpqvmJ^ZgHFAnlxYQgPdFXucHjQ]]ci]XeTa\\UsXhyLEUX[QqwChOSEquOnDtAwEZddJXWxvorvHLqNkOzg``AOEa]gNbo_hBHekoRsZzHsWXweEADpuUX`ZV_cukkTATOFEL^wxGMaXHrhdsbM_zdTecLVPiyjOnsDJras^GrnHqHR^qzCI^pAju\\\\zIgOI]RdPo_mRjjXHqLn[urYjvblxrTOWFsU[dfe`^CjSNlZnYttjhBFQN`NvagY[QVMqUw_KbOxsHG\\JIx`x[`jDnEMDYizrdOBr`dZ\\ViHYDNJGDDncG[AlgICQj[msPFOsEee__DclXQz`uGAUvWkJOQKXaIluvPIyzQCZZOEDrOTWI^Vd[YwsUEen[MyVRhpHHB`eEavgShRzxoPCmI[^SQdugOzMPilKYLOGxl`t^QahneqgxwcJNSprYexqbiWdvHal`IEBcbACkwHBXTPTGcxGWXiTojRotwlfDFGorbafRmH\\^vZOYD^TKZUI[lMtPLJnK]yRM\\\\_BRpePMpsQDWqYX[dlyUGUgVFdTRAxHBxbzRtejsNvUdMpTVnBU`OGVKVvkBwvovIBZOZFbzBGGKADJQPx^zccnqMowxuivSGZ\\LWEwh[V^IzKKSmZlzXpS`NcCeJdFTKoDbbxuLAq_NEfqBeeL[wwuRGvxnBS_rPKxLGcko`aybQE\\blBz_XeWNum[gAGJiShyuhfuBuXuWyTAC[VCATzZenkQTIEoZWPOdGbuFGxezkzPbmXLeEJVSOTGxVatqd\\AiEWwt\\wtVVZuo[jbksJVNuwVn[wk`EnWOza]V\\SIHPzwoYR]fzIxZGnoHBJY`MURcDfouMLP`BNxvAaUIZE`vqxIMlUUSudvvhUlm]cYosYXspsH[oPFHoWlG]cIsqwfYSCOgpbgrflCY`QWtNu^e^nHRcfPuZayvmz`ne\\eMdO\\DTTaMLPewZAv_vwDKSlXFnGf`kdOlPRBORDxOEDiJvB]mEAsiX[urqWQMiB]cBthHzgNrypFPDNJldt\\jlaToXKXvnlaDbFICUUmXnAjcVfndN_cp`mr\\`tkpORDNPCixFHXOGDvkrlYmWoiPIl^oOh][exI]x\\TSwp_FGTi]qGeo[yY[doF_`tiXeweIuZmVYGpaQcIoCAxIDiAf_itJWonDHG\\Ki`bXTOWUJsJAfQ\\_vaUwvzeMadzdSlZKHxF^ZaooRg\\g`s^GSPIal_OjvVrkOmBYZzthKyEUm`eP^xghFtQDdsYcjWbEjD``fDMazpvUKnnMtzLxiJeV]xoaaQynWAfizFe[lGiPxwtqEMijLeVaZKDhOgzirIxKIFMoVkMb\\UX`Ey\\UbOcmeEPpCwMEHzYpyjizzuU[YoFEm^cQLeHc`L`DqXlY_H[\\wcaVQ\\VguIUqzLC`Uwt^spPnJeJcIvvQTdHKwNzjO[iXqjDfUMEcOwdGSnMfSm^zMD]VDscHwKOXHsw[b_OwqSCWABrJAUW]wjLmMhb\\exgDiLy[qmEn_bItBFVBBZGcnm[YgJNtwmStgyioCXTOPcxVbRlGSa[KrEQwl`ng_LrlPONDXbzeGrSKoFrVYGbWSHCchmD]dgkElLFSEhjlbpEAlFHfiYNXe\\ZHMeVe^]AZGNYdz`QkXpp]CCqcfXoLZS[QmyG[SENEpft^g^gIH^AofwEKonzGhpAonIrBZqYSckhXISvHlfDwRgeptvf_EHXzeEk_gejREiLvPhB\\ssUCmE]G^BI^KtN\\ThmDcW[Gwmrd[j`LtKgMmVNacdAf]LGL[kccuxt\\XNFzNtgo\\wdzMBixZM\\yWpdkffJkGxRwRKp_PNTjxMJacGzZBeIi]uFcdVUbjvh^ehiBMKiLsmBJfDI_gkj]pcZXFMuttlzC_gvuYxNqvwqktvwaNpvzLLiBNRwzPpSGmyfzHNGj^tasmj^JQUfDqzqSxtgHBNbGdjxuQxYzjM]SfpP^nmjvJPPnITBNayhPR[PDmdtSvgTe^_hIeJUO_fwUZKmwvKZk_NAL`MlJtWz^wfPdgtdXeZkf^vdcrwXkMcFP^\\cYXKUIgZXnuIQCbBGE]UhecIRwzPQT`zGKQKz[EczE^pijgUJK]BnIoxpPsYJXIEOuBGmWCgzuVdHn[cQeFFr_MxWSVkbgZcvYbnh`cmIqBtnKpCoQH_RCMjhEjZBRES[miiMgvkBTwB]TJL]SvR`uRsMrGcqJkrliYA]HqHUW]xGLNUu^wiVmna\\p]UaSuscFPnvJjV]nwIXTmAemhSNC\\yvr_ge\\bC]eVAvZYloaMbqfIID\\koecfadQsDeDkAMugnylFKTw_gptIQjWcJkmXtzoWebVHkpLVvyUKRWa\\iEykkIcTO[bPZ]moJV[dypnqe_MRULRmKRjpAEg]zBsPNwvZMaAvvx^tQHGMvQyCJpEHnwnFjyeww^chcnEoKVqNoq_sxZaiCpGYrngPmvMxSawn`YeILKsnyrTwXvHPYvuGXKqoHoBPItuOtlT_pX]rxS[A[jrrnx`XfqVUcpBWIcfEwEDgccZAYCIEkqTYxK\\LU^cDVywAWGjVhVDVfLPK^_ydhQel]cZxGZkZ]AQdgZdSTnXUmxmlvQip_zVFTK^nglOOeetfvf_DugPttPz_qiCpluu^eLP\\vqgc`JkIEHqQmeusj]LDLzxyiY]jjWAjVDHEzhUj`rZirmDGzCnIzLPwsitGgAYiHGui]qsCH\\_UaPGwUWjgcsjKnLLRnND_YlbkrVdJKlA_hvVdbwlQQlFPWkuQeaOtYzvohVEzma]rrL]spckr]nOgfSUH[S_d^GFizavMrl^kPOXKNC\\CqXXelPJVBw`[BsUkGosOg^zkQ^XXuJuYr\\nGi[xkXaKvMDjXuhEZJMWSXhUNsm\\sCHc`ENBfrIrGSE_Moz]ME[OfF[iBFjsfESsE[JSggZcBUQzTJIZsPOnbsw[e`A`IPMBALZlfhqafsNQp[UsxPAVq`QL_iiGgt[lIOzHjWoLZhIjfffJKHbsPqK[vONwyjulY]Ia\\NIb[owIWbasD`w_Rb\\RE`M\\IsMknXQJ^EixzAY[uCEUhVsZnWZrAq]wAhZccMVzQXUzry_RIBXB[rnmAnwXxZIgcmwSbqsihEEQAtcorIiyZ[\\ItgcpPxBqOiWFBMjSJjUWn^mGLI`plKNHRoYvODYjCNBS]]neYVpjGEVVt\\dHYMFE[PoNooEGQfT`][eiUvXVU^BMYDBnZRRqIwrNiaqdRjZ[lptZqvm]okkwNboknRgzU]X`cXzoEnDfEa\\dJbw^_oBYMuzHlFqACZGOYUrZwyXBgEsgGLbLUI[`\\ySiXsCzxDce[MKpk^baWAmHCTAa^eftzbmZCJBDvYEc]NMtAm\\rbuI[MKfEr]\\SYifsZlna\\^eywJfpGGalInSFYRMr^xLZxlKnbT[OzuWDPK_C_qxlwjKeWa[H_vD^SLBLzsNngRmNXPqOnJShA[]Nb`XAtSjErskDITDgcKFfxwNGkLUUcV^sjodZ[MtUbiW__mFZGgEqUrPfSQQhxV\\\\UsTUjdMVQlDPaicxFvOwRh^r_yHJwLWMMuJfYkj][j`dnAFdiScCG`KhV]ql\\CZEUrDf_w_VLl\\bHtE_t_\\ddUFgj]PwuyBXQ\\OwwZElnMrVDd`\\XSrxap[AlWvBgc[MkDRgeIb[ZjpW^kcGxo_cGDq[BOKa^CFLmeezRtqPkX^rzD]BnoDsDsGgMqeWxBwWdeetFcoExPriaz\\xlImjyNIt^ym\\O[Rj\\GNVYdvKzzuoBXFNVgepONXW]lVGqTq]xINZlF_HNbjzSTrGs`Gbq][OjqthOoUgJYqsJg\\PH]bh^YEItONQMOg[iykvLrtYNCqt]zwMDqZUumkQllnAaE[vmWKLvaEQdJ[\\cLfuRBNVoR`vOZJZEsrJcvHGplQ]mJllSPiaGti`qEG[qOw]XeMkSQsgD_F`kkdfaocykcTKJRS_ogPaooFHxAYBWB]boIpG[\\uBfyloRBaAyUsXO_lve]h`WabiGmWA]LETmOvqDQqwZXDCJFSQXt\\xnUfEWCi_e`_nQ`eAcusUglFy^_`A[GccjG`Ycq[AbRRutQme[Rh^BHRCOhbr^hE_wwDJAMYm[rmUZLFNmvaIYFacp]JvPc^tNmxxMdeNtvDKUwcCcTFcHvFrV[U^C^]rTtHhOHAJQSP^CVOsuHSw^vmRhFbmPGLVYLq\\pvo[SwRogbpzL\\cvKaUYGpzIaOuKHtFr`nDySsdbexfFQban^PLsqYUzvfuDBHhm]y[YXecSwnnJJuryiGgsiMAGZDDhya`^QtcSHHWtgtvCfKpBnvVv[pEQxUzTbvTWOQtQR`rajmLoQy[OOBtCKdC\\pSVmICSk``nVR`jODoLidPzytlF`CQLeNX\\zKEYhZ[OlKFwiReyWYTr`TWsXxniOUIHtEkEzW_OIANoooWNXRoMtavfnLBjgmzXBxCebazztFj_FbEca`Qw`wOTIEQnVocWAqmqmmgqSpToqX`MHYJH\\CsFji\\]QMeE^S^PoOpns[ekcZ]l_Dgwf[uxyhGDQJ`FKOR^tQXsdVOBYH]PMkxMaiZCY`RHIm^iu``UIysOgnTPLt`qLqraMT_\\oOFTzQkqs`GscHHNsjamVKq_A\\wRuw]bAEaut_PVD]WgmhODjdh]mlGdXaT_UYvvC`r^bMUT[KjsoKmTMtbQPAoPxw]SLlBfa[dMpk\\]PTCbCNpNozR\\qegCkcafkCIjJERTb`^]XFBvyNMjGP_L[aowoa]MJqmNLTYyw]fO]oDldkE^Vq_\\^wPcPV`ADQSbTnjfoOnedPjf]DSD]yqTRQjPDpiaxeLL\\]YpAZjHDurOMdGMD\\_EZzQCE[by`MgzD^KAf]CCPjPWZ\\C[j]^\\FHm\\LVlaskbqNsKjZFbaZ]okktccYGODjLtwlipPl]K`HZIbQTBevxCdSBlRmIIl\\_GCyNxkQRoxRPcQlBSFFeImJPejw^^dUZDdSGcCVQTdIESDZ[akqCgqWUtjdOonoLdsLzyeZPkoR_eExaQ\\wmmRmNNxNtYG]apw\\ZrZ\\vRaSr`rkomCySqCYRFymBXardSlihd^jqzA[MyviVNYHVIJjn^JUth[_kij`nICLOTHSpbLTKQWoyZ\\\\IBvJZJqI`]k^PWuMKNsCAqtMSqJcQg`RNNWlNtlF]ynTqhEoWKdkbY[SHjrdzNsswYQBzIzR\\m`BCaVelVMGDokpnEd_BIGPGvWYXCoNKRPotZPbTNrdBmpIi[Ov_\\QTgQvHKxMjazvl`vwToCKnQ]OUFOjwosjjBvIc_HWWBICBqEcn_uG\\R]CJCaBwNPuhPLjdnTphfnmIZM^BfwYtmNY`tyaxF[ImNVmfUyzLEZp^jujqDARRrAvCnJkomsbLeAuE[sggwMoSXupzOkuFJrvNZjsLOLYMsetjzfVLTeUeLdesTl`Cx]CnFhfkA\\Ylnc[nBGzdUjl_]QBpEzr]fWOVbFeRAfKsLdqdJrqNlvhOk^QogpgAevFXTEMv\\idj_tTsZXgNJdljiAeDppfLyKNP^ZQEfulDSykrKXUPIZrAKWiS[IGfDYkUfDVAGcbOrhXkPntX\\VC`SNFHkxe]nGAtNWMHCUI`rcJ]yyDgPjKhVKBYxNPIyF[lh^]talUGM^ikEcImuxNEvS_DVoJpEAbmIXo\\\\JG^UD[s]RUVE^OBrWpVzZ_m&quot;,149)" methodname="GetNumberOfCharsInStringTestRandom" classname="Open_Lab_03._10.Tests" runstate="Runnable" seed="1931677516" result="Passed" start-time="2021-10-19 19:34:08Z" end-time="2021-10-19 19:34:08Z" duration="0.000119" asserts="1" />
            <test-case id="1063" name="GetNumberOfCharsInStringTestRandom('Z',&quot;CMvwbgnhQkrkjsrfbE[okblavmcZ]CfTupBNw`jhbXM^KGgx^Tr[Sop[[VBpDULNF^puqeiBUmMTUOWoFewIKKBGAama_tdNLyXgQlGteqFab\\FMzMjZYDDv\\juQrH^\\IzHWqj_U_C^UF[`_[abRJKpIv]KbrpC]TdYcUjVQiVuV`iqBJWqQaLSxKz[T_w^iAAA\\CxKkKRcnQZcMgJX\\zlwHR[XVPBlmsMU_iUyMMFGOd_hkWOhU_CiPEtJb`o\\IaqvDFD_RLLOueh_mnhyBUWNq^F[oKWhXdximddfSjVJTnoeWUWorq[nJdEazdjGo_rQhymJKCgRzNtDi[D[ocpbJJ`J_CfizOUpv_xYcNepJIovjBs_`PSMiQH^ZceHWxSktEHK^frayAXAVd[^KGJjvHHfX[zzd]YMqDCfthAuYmOhsGHpIHwQocplw]nDgrx\\cLJRaod]FORJtZmQSJr]aIXOORiXuxOapmFhxqPT^ZK`Qgr^j]l]A\\v[nvCOGMcIzlTHTET\\u^yGysxc[LhYMmaTrfuBnANQrB``SkJfJPb]]o]vx[ov_JwNLAPiKRiuQhPwSYPkBCPwKDrCJzDSLSmhFSTS[\\\\rbhLo_`c`KEt\\uADHJN`KNViyvcrAExP`bXU^rC^dW_IHYQmFOMJNwQdMyNswic[MoUu^f`PGjvnjMa`fpmlroCdRoI_eJbuoDvTDVPZjxC^B]uzYiNHwrcYlldi^BfwIAzfRN\\P`SBum_couIGvwZyw[^bSmawiSFVA^OiKMxbdpifNJpoVujAiCCKogJ^zWTcgIbRf[vjysUHmrUJxlbncFhy[Dt_D[cN\\FzEb^JuyzBphvXwRA`Np`za\\drbaXg_QGfgsQbZcgpcEsQ_gxMCuUYwFYcygbUaT]`aQkEBYGfJkW]dSSvdKdewijbZhdmAROPbTjNvsLenjPLivzfTglWjscsbJeUpTer]HvQcFAkzzqNY^s_hxYUasaikrglNqo[EYibAjDOgAWjCV[DRGgsuQReaMalYO^JKWIApQ^yuKh`]qgUXd[GKw`nGEBoJRpX^M`gMZOAdiykcmIk`LUpoWzOqVukPiocUQCPRAHxVZ^\\ypKUwQOxxAcGNQpr`^lutVVSksZ`EW[Vs^QBK`nyZreUhvBAKPXrhcccZseDrjta`NNkAohzjn[ClBeorYUoydhQuhcSvkGkxDo[hQzWcYHuIarXNpLZVFcw`xqTLVEzgkEhNKHbZxLa\\nIUqKEG_hUs\\ruj[gKNUINX\\JKCheAXtB\\mp\\]BQx\\zWMLVPYGmmyMT`ktgzBYthxy[WItzKJwWhOBPypnP_NevpHMEcpBP`bRYNkzH_HcdBqgQjeiKOIVZSDfPvpWUHhqFwcBNqflWeBuy[wVyHrAXMrGKFjLikO\\TzaTHc[UcWypQIgoz[YMQgZtE\\rIG[CgWaaztcNVg]YANCpBZvLORBKh`hOfkSOITRYkcguXMCaoOZfCgqiKOoUVVt[MTcfTOPgveFZmBoCO\\WYFCMzudDu`xDViMiEeXMaynjXbXwJ[lFuy[UJGclkKVGybjkaTkYrOq[STpY]huZorIWOr_xBg\\VcgkqrgWqjTOfIACqRKODPvSHYT]iomWKm[rgcybpQEj[c^NNphgrYYFhUdX_KhBxxEshIVOScYmLLr_vFOtHG_lTUKRybDfdDm^_eaEZZTOAgu\\]E\\YwnuqYS`SyEPl`nIIZTAR_J[imQlh[jpuFeipJwFLFNGVJciN_mBIEKtmTLDIassPOVfvESz]OoMRDF_Kb_Ihhgpvkw]xsxeNUrGnxnJLn_uPycjNgtbCjLbc`kLIpBeRKzwMylNnVxuImawHMOQzVb^JP_NMbBVlucFyf]OvgnhlRZqznDvblevc\\nx[^ALTbINJ\\y]jAUTcumsqhOZ_GozQh]^s`nYfbTJILg^pbLaXRSiiuGnObhNnIx]y[eKMvhBacjeBldxuNcyUooxYAKEuFWAOK_VwBU\\eRHGL]m^xjSaayHKfglLlcH[MjWqMOAtsGUCgimwOgGKmp[PCUjQPJkBKhu\\GvQjjZhZdF^xuowE\\whWPGns`kejWSszoQqSWX\\TIAfxqlV[Mf`NA^LzIYKypxCRM_JdyeiE\\TNO[qCnUJ^lmeyQFqKxN]_KyUkRcm]cw\\mgQw`RWWef[Q_c`t_IZlqzoCQFFkLchvpRsSAIQsbqsskiqIliNTJLfmrNgZMfLBy`\\NjNtWraJzGvSbOxz]UTmdfF[m\\rgvfquLMdY_pr\\cBfgvvEKPgjgfmrbemGuAtOUPBGUf_[g^sJcAZ_rWgXOwKOYVColjx[jmRWtok`kLCJmdPaKNO^U]zXFnizckjw`X[pjCeDgGhCtA\\oF\\d^\\ZFMntRGGkxz]FdUJ[rIdKrOpx_FRttHGL\\GSNCpl^xwJhaoWHffd\\uQbrXpVLpNqpsQe^CvYCWFNvEIXjiJNO^fRK_\\qM[`hkFToPJtEjNbEpCgmPYf^fzbSNzZybFLbqX^plTHaoF^Bva]IsibnoCCk_AaQkv]eBzOX`rBvQFia\\aWh^RFt^XmoVnRknrqtctzvSEcAhf]jU\\OxdtmYpdGdM[Cm`QIZPoxcb[VYiFLruCZt_UGtEXEymVjsBq[W^D[`^gWI_UkkXOiJAJNLKOUrkyqLl]XrepUrctVrxxVkgTa^g`rscPMPjdp`qKWBwsGcurbGnWNMtdKWXS_Mf_OVcFHzEqBnaUnoNydpxlFMBAVFYYH_fKVYdlApkcBwV[f`qWJZjjPuZCTcjBbgj^HWyVK]xnEUjIraUqPBOhowu\\ybXYFiBVNsSOa[Mh]veuLQLnNsm`XBiL]]WcF`iWTTvyNGQppbLtRzQhWdLNw\\xLKHmEDdbxNNbrVM`Gcwkqqot]MiM\\T[[rWkoGTLlLzOgDYZSJEEfzlHUVNPsUXGdmnk[eXZnWL`qcIqEmWCWPp\\GPVZsDTWosftQhyhmfROnMQmNXLFyUjTxSeLOyajColxxOaWniQlyahtzdL[sOYZIRwxDnYnEbMz\\SpzroRQEyVXfkMfmFqoWRofRcSAP]hWTiYgoMdDwIUKw_STbnAykXcJ^JhP]RAcQyDxR`ra]nrOwejmQzY\\\\igwFPIe_TbfHmty\\VCCv[\\xaTMt[uz]t`GcRHrCWNCILMHKkkRuxW`BNiVlCPJeUEmcfRgU^zfiYTmTMCIkdE`^zFUclFzHDXnG[`_YDxXxkrduwC`zGZBQ`OcawDcYz_eA`fth_kgggcmH][gjaAAeW]bLwy\\zUzxMMdUQIs\\WmUdw]\\D\\Xtrz^AdCEhk`OgRheavtGVai_erCtej\\uzc[HyiMzSM\\HwIGCwRw`KVCSJ\\tIbJZyPfOEragritnIFac\\lzwTmvje`Hx]pEYJn]sQuCLVeFqRctNcsXWcMGLTwe_jcJBe[eVciRbjnbihEXBguUdXhqwhR_UQ^]m[DMqx_fubqhoeX^P_cspO`exehiRKxRLRoNesaEIO[CbACRPnPqhfh_uZOMPpUkd`\\^pKtWx^jan^DwbVZ^vGd`dQSLdUoSukYB__]FustJvGkXVRetWqp]vvt`rhmciXgDEBXDtTdCNZd^`upSjvwDuwGdfwNMFQ[_[hTUtbzCNmP]RWzws[tn[cIIvoXwGXwxyFCsb[YHvtpIgeROxRTfWhDr_LZFJCwqqR^MTHVXClsbmA\\R]JzoDRbRBKTVBTysxzRVGFuqvwdep]E_kIcADHm_kMKInzWjnzdniFKXOJtHiw]_GpftkxppMnfuumCv`trpsRpexKmtOfqokgCxU^ypKoav[Q^]GxboFggozAv`LvbbwqJOjFbCvBfEluKhhQnRECiEAOxUbZeOMyzdGOmBV_tEAbDFqOrvIP^uIFO[HN[\\WXrmvaaZ^mv`IeDYKr_TbjGx\\F\\BAStIDXhdjQKPhYYVUyl^CpQPjHuhQuRpE`YLtn\\lx[ithOfIRkd^TyzKBdZw]ASpzULIzM]a]z`bGWc[\\lW`Rn]G`NJPT_OxHtuSD]JEOCATYXDfBy\\lem^LsEclDNNylc[N\\QXycRRPnIhIK^OVD^SVViZytXABoCcpxqJla]IS\\OYkX[bazsvOPErnqZELQQ[l`rLTT]oaUAtHPjaZp[BwGU`syWuHYxBKngK`OOM]DVtPLk^HsfWqO^eLRTUxbgIXyiTd_BKaN`sl[QhOsnOmaLwQBzNvtPuXM]Q]Xucr[pcietkBgGEoXVrnmDb_nPhxe\\_yzLrxKXSkcNfIPMOmKGzrf^jTTEEKIfEJUlB\\PHdACGK_XYPaAum_]hT]\\^dGTIcxJ\\o^Kn^D^yp_TLwvp^JNs`hhY`Am^]ht^MUvdmVMXjA^roIPbiRpyUFdoHFfnlaAQvAGqARCHwqJ`JpdWkKoLsvJHkH]hkZfIANwoCZbXOiB^wEfR\\PDalpYArzFtoVX^KA`vtpUQdWwJtfLg\\KL\\VFWKowwCTicsR_Sv`jYgunwUsOGLoZXeKvHFdUHxsRwvoEsVSPGlm_acIBS`plOtQyiVWNRLc[ndqBanWls_TgrfV`wbBbHHCDepW^yFyvIRkwmH\\_JEskadGCzrRjJASgbmWkXsmnaY^auYmpG]YDOS]BjT^HnOlIyEVzkkHRSFJIGaHaE\\chcPXOQVBEUezShVbqDnFWVGkJIUuILxDSfD`jgGjUiCwiFr[kyR^RWMS\\_OGv[tsXahgdqsKxDkhSKCDRtKJuZmvYlDKYAnupJ_HYKruGHaNg_zR]KoCQjyxolNsmilwQpsIfufHCPDnt_PummiNMleFLbSgwyIXVdwqgqfb_hzAgKEP]TGzA^k`LnwEbzKDHfYPbYNvGGj_leYB]DJdsIXrsXettbz_]wsBmohEGKstoLobUvb_qbKzNaXKnUC`HKColXOiVF]iP_ChdD`xz[ivlsnLX^QlITmdJzpwgtJlE]kj_jakoEag]GDteDRrok`wlY^eNcRGQwrOIDhhwaxEmFHDvwSdcSwTwoxFMw]LnZW`PolaVduNn\\JgR[iRQh_yz^RTGb\\AElQTjcoHKmNyXi`\\fRolOKvFvX`l]X[nIuJCLqxigbG_Z`aQyqionjmtqKXRCCenSZq^`^QoUFFgDWgWrOngifAYHQMAYggdxTMzjCl\\au[ieFpZ_BZoPxFgZXVORPVhZ\\jkKggo]SFoKSoC[m\\XMrUzN`aRh]KQ_mPIVEPsUfRxsR\\HdTo_oy\\bHk]eGVHzIoQYDfgV]dDaaWHwDYhTif]aRhBfbfly_RpDBDEygYBKuuAkcaahhnQ]SjGVeBnrrECObEvzUjhQdRfWgQCBEDQkBSkRwiTfeKSqsmI_eaTyGAtAEkiUymmonSNPTeCfVCgYzo_uH_X_kSeAZjMMAzgsY_Ca`tKz^hdDU[BPMoM[VOD\\hMpdYqeVWoA[mxVNTXACiagziwzMnL^K[bsTDabhCNh`Za^O&quot;,68)" fullname="Open_Lab_03._10.Tests.GetNumberOfCharsInStringTestRandom('Z',&quot;CMvwbgnhQkrkjsrfbE[okblavmcZ]CfTupBNw`jhbXM^KGgx^Tr[Sop[[VBpDULNF^puqeiBUmMTUOWoFewIKKBGAama_tdNLyXgQlGteqFab\\FMzMjZYDDv\\juQrH^\\IzHWqj_U_C^UF[`_[abRJKpIv]KbrpC]TdYcUjVQiVuV`iqBJWqQaLSxKz[T_w^iAAA\\CxKkKRcnQZcMgJX\\zlwHR[XVPBlmsMU_iUyMMFGOd_hkWOhU_CiPEtJb`o\\IaqvDFD_RLLOueh_mnhyBUWNq^F[oKWhXdximddfSjVJTnoeWUWorq[nJdEazdjGo_rQhymJKCgRzNtDi[D[ocpbJJ`J_CfizOUpv_xYcNepJIovjBs_`PSMiQH^ZceHWxSktEHK^frayAXAVd[^KGJjvHHfX[zzd]YMqDCfthAuYmOhsGHpIHwQocplw]nDgrx\\cLJRaod]FORJtZmQSJr]aIXOORiXuxOapmFhxqPT^ZK`Qgr^j]l]A\\v[nvCOGMcIzlTHTET\\u^yGysxc[LhYMmaTrfuBnANQrB``SkJfJPb]]o]vx[ov_JwNLAPiKRiuQhPwSYPkBCPwKDrCJzDSLSmhFSTS[\\\\rbhLo_`c`KEt\\uADHJN`KNViyvcrAExP`bXU^rC^dW_IHYQmFOMJNwQdMyNswic[MoUu^f`PGjvnjMa`fpmlroCdRoI_eJbuoDvTDVPZjxC^B]uzYiNHwrcYlldi^BfwIAzfRN\\P`SBum_couIGvwZyw[^bSmawiSFVA^OiKMxbdpifNJpoVujAiCCKogJ^zWTcgIbRf[vjysUHmrUJxlbncFhy[Dt_D[cN\\FzEb^JuyzBphvXwRA`Np`za\\drbaXg_QGfgsQbZcgpcEsQ_gxMCuUYwFYcygbUaT]`aQkEBYGfJkW]dSSvdKdewijbZhdmAROPbTjNvsLenjPLivzfTglWjscsbJeUpTer]HvQcFAkzzqNY^s_hxYUasaikrglNqo[EYibAjDOgAWjCV[DRGgsuQReaMalYO^JKWIApQ^yuKh`]qgUXd[GKw`nGEBoJRpX^M`gMZOAdiykcmIk`LUpoWzOqVukPiocUQCPRAHxVZ^\\ypKUwQOxxAcGNQpr`^lutVVSksZ`EW[Vs^QBK`nyZreUhvBAKPXrhcccZseDrjta`NNkAohzjn[ClBeorYUoydhQuhcSvkGkxDo[hQzWcYHuIarXNpLZVFcw`xqTLVEzgkEhNKHbZxLa\\nIUqKEG_hUs\\ruj[gKNUINX\\JKCheAXtB\\mp\\]BQx\\zWMLVPYGmmyMT`ktgzBYthxy[WItzKJwWhOBPypnP_NevpHMEcpBP`bRYNkzH_HcdBqgQjeiKOIVZSDfPvpWUHhqFwcBNqflWeBuy[wVyHrAXMrGKFjLikO\\TzaTHc[UcWypQIgoz[YMQgZtE\\rIG[CgWaaztcNVg]YANCpBZvLORBKh`hOfkSOITRYkcguXMCaoOZfCgqiKOoUVVt[MTcfTOPgveFZmBoCO\\WYFCMzudDu`xDViMiEeXMaynjXbXwJ[lFuy[UJGclkKVGybjkaTkYrOq[STpY]huZorIWOr_xBg\\VcgkqrgWqjTOfIACqRKODPvSHYT]iomWKm[rgcybpQEj[c^NNphgrYYFhUdX_KhBxxEshIVOScYmLLr_vFOtHG_lTUKRybDfdDm^_eaEZZTOAgu\\]E\\YwnuqYS`SyEPl`nIIZTAR_J[imQlh[jpuFeipJwFLFNGVJciN_mBIEKtmTLDIassPOVfvESz]OoMRDF_Kb_Ihhgpvkw]xsxeNUrGnxnJLn_uPycjNgtbCjLbc`kLIpBeRKzwMylNnVxuImawHMOQzVb^JP_NMbBVlucFyf]OvgnhlRZqznDvblevc\\nx[^ALTbINJ\\y]jAUTcumsqhOZ_GozQh]^s`nYfbTJILg^pbLaXRSiiuGnObhNnIx]y[eKMvhBacjeBldxuNcyUooxYAKEuFWAOK_VwBU\\eRHGL]m^xjSaayHKfglLlcH[MjWqMOAtsGUCgimwOgGKmp[PCUjQPJkBKhu\\GvQjjZhZdF^xuowE\\whWPGns`kejWSszoQqSWX\\TIAfxqlV[Mf`NA^LzIYKypxCRM_JdyeiE\\TNO[qCnUJ^lmeyQFqKxN]_KyUkRcm]cw\\mgQw`RWWef[Q_c`t_IZlqzoCQFFkLchvpRsSAIQsbqsskiqIliNTJLfmrNgZMfLBy`\\NjNtWraJzGvSbOxz]UTmdfF[m\\rgvfquLMdY_pr\\cBfgvvEKPgjgfmrbemGuAtOUPBGUf_[g^sJcAZ_rWgXOwKOYVColjx[jmRWtok`kLCJmdPaKNO^U]zXFnizckjw`X[pjCeDgGhCtA\\oF\\d^\\ZFMntRGGkxz]FdUJ[rIdKrOpx_FRttHGL\\GSNCpl^xwJhaoWHffd\\uQbrXpVLpNqpsQe^CvYCWFNvEIXjiJNO^fRK_\\qM[`hkFToPJtEjNbEpCgmPYf^fzbSNzZybFLbqX^plTHaoF^Bva]IsibnoCCk_AaQkv]eBzOX`rBvQFia\\aWh^RFt^XmoVnRknrqtctzvSEcAhf]jU\\OxdtmYpdGdM[Cm`QIZPoxcb[VYiFLruCZt_UGtEXEymVjsBq[W^D[`^gWI_UkkXOiJAJNLKOUrkyqLl]XrepUrctVrxxVkgTa^g`rscPMPjdp`qKWBwsGcurbGnWNMtdKWXS_Mf_OVcFHzEqBnaUnoNydpxlFMBAVFYYH_fKVYdlApkcBwV[f`qWJZjjPuZCTcjBbgj^HWyVK]xnEUjIraUqPBOhowu\\ybXYFiBVNsSOa[Mh]veuLQLnNsm`XBiL]]WcF`iWTTvyNGQppbLtRzQhWdLNw\\xLKHmEDdbxNNbrVM`Gcwkqqot]MiM\\T[[rWkoGTLlLzOgDYZSJEEfzlHUVNPsUXGdmnk[eXZnWL`qcIqEmWCWPp\\GPVZsDTWosftQhyhmfROnMQmNXLFyUjTxSeLOyajColxxOaWniQlyahtzdL[sOYZIRwxDnYnEbMz\\SpzroRQEyVXfkMfmFqoWRofRcSAP]hWTiYgoMdDwIUKw_STbnAykXcJ^JhP]RAcQyDxR`ra]nrOwejmQzY\\\\igwFPIe_TbfHmty\\VCCv[\\xaTMt[uz]t`GcRHrCWNCILMHKkkRuxW`BNiVlCPJeUEmcfRgU^zfiYTmTMCIkdE`^zFUclFzHDXnG[`_YDxXxkrduwC`zGZBQ`OcawDcYz_eA`fth_kgggcmH][gjaAAeW]bLwy\\zUzxMMdUQIs\\WmUdw]\\D\\Xtrz^AdCEhk`OgRheavtGVai_erCtej\\uzc[HyiMzSM\\HwIGCwRw`KVCSJ\\tIbJZyPfOEragritnIFac\\lzwTmvje`Hx]pEYJn]sQuCLVeFqRctNcsXWcMGLTwe_jcJBe[eVciRbjnbihEXBguUdXhqwhR_UQ^]m[DMqx_fubqhoeX^P_cspO`exehiRKxRLRoNesaEIO[CbACRPnPqhfh_uZOMPpUkd`\\^pKtWx^jan^DwbVZ^vGd`dQSLdUoSukYB__]FustJvGkXVRetWqp]vvt`rhmciXgDEBXDtTdCNZd^`upSjvwDuwGdfwNMFQ[_[hTUtbzCNmP]RWzws[tn[cIIvoXwGXwxyFCsb[YHvtpIgeROxRTfWhDr_LZFJCwqqR^MTHVXClsbmA\\R]JzoDRbRBKTVBTysxzRVGFuqvwdep]E_kIcADHm_kMKInzWjnzdniFKXOJtHiw]_GpftkxppMnfuumCv`trpsRpexKmtOfqokgCxU^ypKoav[Q^]GxboFggozAv`LvbbwqJOjFbCvBfEluKhhQnRECiEAOxUbZeOMyzdGOmBV_tEAbDFqOrvIP^uIFO[HN[\\WXrmvaaZ^mv`IeDYKr_TbjGx\\F\\BAStIDXhdjQKPhYYVUyl^CpQPjHuhQuRpE`YLtn\\lx[ithOfIRkd^TyzKBdZw]ASpzULIzM]a]z`bGWc[\\lW`Rn]G`NJPT_OxHtuSD]JEOCATYXDfBy\\lem^LsEclDNNylc[N\\QXycRRPnIhIK^OVD^SVViZytXABoCcpxqJla]IS\\OYkX[bazsvOPErnqZELQQ[l`rLTT]oaUAtHPjaZp[BwGU`syWuHYxBKngK`OOM]DVtPLk^HsfWqO^eLRTUxbgIXyiTd_BKaN`sl[QhOsnOmaLwQBzNvtPuXM]Q]Xucr[pcietkBgGEoXVrnmDb_nPhxe\\_yzLrxKXSkcNfIPMOmKGzrf^jTTEEKIfEJUlB\\PHdACGK_XYPaAum_]hT]\\^dGTIcxJ\\o^Kn^D^yp_TLwvp^JNs`hhY`Am^]ht^MUvdmVMXjA^roIPbiRpyUFdoHFfnlaAQvAGqARCHwqJ`JpdWkKoLsvJHkH]hkZfIANwoCZbXOiB^wEfR\\PDalpYArzFtoVX^KA`vtpUQdWwJtfLg\\KL\\VFWKowwCTicsR_Sv`jYgunwUsOGLoZXeKvHFdUHxsRwvoEsVSPGlm_acIBS`plOtQyiVWNRLc[ndqBanWls_TgrfV`wbBbHHCDepW^yFyvIRkwmH\\_JEskadGCzrRjJASgbmWkXsmnaY^auYmpG]YDOS]BjT^HnOlIyEVzkkHRSFJIGaHaE\\chcPXOQVBEUezShVbqDnFWVGkJIUuILxDSfD`jgGjUiCwiFr[kyR^RWMS\\_OGv[tsXahgdqsKxDkhSKCDRtKJuZmvYlDKYAnupJ_HYKruGHaNg_zR]KoCQjyxolNsmilwQpsIfufHCPDnt_PummiNMleFLbSgwyIXVdwqgqfb_hzAgKEP]TGzA^k`LnwEbzKDHfYPbYNvGGj_leYB]DJdsIXrsXettbz_]wsBmohEGKstoLobUvb_qbKzNaXKnUC`HKColXOiVF]iP_ChdD`xz[ivlsnLX^QlITmdJzpwgtJlE]kj_jakoEag]GDteDRrok`wlY^eNcRGQwrOIDhhwaxEmFHDvwSdcSwTwoxFMw]LnZW`PolaVduNn\\JgR[iRQh_yz^RTGb\\AElQTjcoHKmNyXi`\\fRolOKvFvX`l]X[nIuJCLqxigbG_Z`aQyqionjmtqKXRCCenSZq^`^QoUFFgDWgWrOngifAYHQMAYggdxTMzjCl\\au[ieFpZ_BZoPxFgZXVORPVhZ\\jkKggo]SFoKSoC[m\\XMrUzN`aRh]KQ_mPIVEPsUfRxsR\\HdTo_oy\\bHk]eGVHzIoQYDfgV]dDaaWHwDYhTif]aRhBfbfly_RpDBDEygYBKuuAkcaahhnQ]SjGVeBnrrECObEvzUjhQdRfWgQCBEDQkBSkRwiTfeKSqsmI_eaTyGAtAEkiUymmonSNPTeCfVCgYzo_uH_X_kSeAZjMMAzgsY_Ca`tKz^hdDU[BPMoM[VOD\\hMpdYqeVWoA[mxVNTXACiagziwzMnL^K[bsTDabhCNh`Za^O&quot;,68)" methodname="GetNumberOfCharsInStringTestRandom" classname="Open_Lab_03._10.Tests" runstate="Runnable" seed="655093817" result="Passed" start-time="2021-10-19 19:34:08Z" end-time="2021-10-19 19:34:08Z" duration="0.000098" asserts="1" />
            <test-case id="1064" name="GetNumberOfCharsInStringTestRandom('Q',&quot;HxNBmG`qv\\rYcKRqzLFBKmpTz\\tG`HYknoE`wZolnNfFqef^OcbSJXoUHuBRNYQnCGenFluaWTOxGk^VpWsxaGbWAjXBY]^VwrCjzrX^iBvpJrOXXg\\raTNw`OnWUsHuqsAPhnVyyVO`LmNI\\zemAgpceGKlDAIptBzQqyjdQ^sLEilmBfuUOVtJDYebceuxMZfKmwR]PA\\^ne^wVXjYGob^HpNYUIBgcuyfCaAETYENuWWYuiLLu]rYrICxitIHzousfsuoXeFijTdlZo_fwplGDant_CVZPxOF\\^mCoXnPWJi__R_uV^KJDnpFEAPUPgYlF^PvC\\r`B\\ktrPUM_\\EmnEChihxnHZAkkwZBCcstfeHbDvOofDpncgyA\\bNU_DXc\\AIuqTKwdKGIx[emYIIEdNIEyZ`[V^VcM`GDmUyRstJX`qCAw[vVvTzOsEwXnkaGp_vYUbzEKqMkDk_IW`_ubAhtasKiYb^ISDcBuefV\\rKEHOKH`nAOLg_prCr]WRgdTEXzI^NltIZkpcmRhDIeaPwg_mKsmJyJKblDrLzCaPVDMozOQaoTICDDIl[VTVyjJP`NriZ]EFDQusZjmvcMVfAH_hvGkdjLQftwOlWbHSPDzmJPRlcXmmU_OYjKnTm[WrzOz]\\A`AFDWxIl^fozARY_RVhqCLnnaogHmvPoQcsmhRHRPxhH_m[EZ\\xepeyTNR]cQBzbWAjYZgqANWbE_fOnTchRyfzfd__Vo`ANyFl_DCenexXYCupbDjOhTidlADovH\\LhVTGYujjRyugBNbdjixSERSuP\\z_ANifJljCinXhTAxjZBc^Z[FNKIGWDZqwuLiDPP]P^_uvRPzETd[Nt]FaH\\\\BeTzPx[nIRtZJ_SAuaKvuJCCZycDYGIwoo\\eJ`eyq]qn[JRja\\KAxaarcR`QUXVCIwfVCiqVvLEYSPbQht]wvIyONeCszUdZGoe^_vgsfoEl\\I_TjPc\\vZGAyXIYfxVacfR_eEmmNeQHDNmFFjJklI_hhe`GnNNhY^JpqAjf]qOQIzwleCTwofp[Hdrz_fyAXci`EwOEA_NuuN`iio]ktQtniiiMJjGrrNt`RWhhnOwPXuatEJRkIOGGiurVOBvQYWCgTzXRHoweUeVnIoIAYVidHnqW`RZlTfrBstaElzdUR]lE`DMZtvsChZ_`IAmpVKRjmUvOODOYmURfCmr\\FAsXnoUYUAwkNnyGKCSKIxLphZQTHt^WJQkVStwxA]tNH^LyVK[zZgSHoCkT_BQ\\^`bwDdoRGUKfExiKORxxZ^w^ydaPIcZzMYjbwOvlWItF\\gDrUaFMDTBzcDy[D`I^vLZfNGNzWLaQerBRajuc^MvsWkzsQ\\irzVKQNXdOSFprmkUlChtUeaAiPaO^HViv^jROgkDIFfPXXDFgVNqdbTMZV]BgIFHxXtUDZGERdkOzQcQL\\cHt`FUJ]rtKjXAA^SA^jBMPI_AqFNImLpL`yOXS`KabNucMkO\\ycn\\ZVskAF^DPjGztL[BPuix_[eCOwnFqlKKXTmJF^XNBGRsGuiAQMMDupxylq]DRXM^_vb`ZQwl^[wXJmvTNnpe`HQcWnYPBTvdtnTLTIazQ[`Zt`oyuIq^ccyXfzJfrhkK`S^VYjzEMpUEbqirz[Us^XBRow`UzvIdjVubBYaLJlRmOtpoQRgXSshHRMa\\KfERhlVMwHpauJjlGODvHlEiOlQqhnQprEB^gAF]^csI]G^JJvACIfUYaWCv[``JrzipILFFJaX`svLIOHgmmNgMkcxPxJByDiR]YhAypvsbOoafLuhTsmXdS]EaOqIz`Y]JdikaGiwrUFxvCRDD]hGQRiKvc[jzmtCpSWB^KGNJpaON_I_wmF^rRMsv_oyfyxE\\CHdfPasV[x[lZwXZwnMhVL_F_GzWIbKs\\mKW`shMMIWUlG]bW_jLlWGrd^HJb]NtmbPgmAuDFA[NoJTXdXzdrzHEgSnBk^eku^bKqpoWdfFkwtDZJk`J^dBn[LAZNtTcVkSQbJaodcALtWImPTrAx\\MR\\ojfpVIkS^VLamrAJlaudpuECNJuCTeu^Apn[vyN[PtWAxM]\\rrMvSifufdbLOizs\\h`xE`OmS[Tw_DEBhYL\\YyLSJtpRXBLbu^`Pg`XRdZcsUjVb_`_q]^[]\\NnKkwVQOlCA^oVHAtszWTy[^Nnr^VEWDDoYlNbgDRdchUDjKXpde[GIPTg]I^nthfx[AwVnSLvEkVnIKDhGa\\mcwfJYaF_a_jvBXciNBBRY`BYta^REqhTLsV_UmxNMhUaAZllbVZE_KTCvNQsCnZkrWkIBEU\\EnElK\\X[omkjWcoA`TcG]FKZOejejcj]ByAkGcr[qpDQCjUObjdi]Nyzde]amnlMCNiXcEuw\\IQgBtW_Q[CzyBAnAAH\\FRiDErOpBwf^phNTwRxjOyQRklNANuXbwYqK[NcKfb^To`JRogriCXNHAWSSdNbG`EaXqCtjjnEg\\w]KcvMaDi__KjJDuPaXzWokyl[lnHzPTbfEtIkiBBCq`BNHtqo[MhgEImMq[\\mvjPLdEFJm`sVyTxLw_TrxT`CfuavHwtNaOHGQqeDogCuURikKaPSGdpcKM`i^JBqffpjMqvGuQDQQeiULpkbgbGxY_wDQv`eeMOi]z_UfIYp`_Sa^L]hY[JE_rQiurpylZgEVArMRWv_JQYuMWaFYsLKDKJeipZnTZEFsNL^TQVC_fvOZW\\_Rk`sO]BLqM^\\wIKjLSByLDlI]IfXOvKSUv]dtMrWMzhHmtFW[MCHV^TOyXWFqdwuBLHAfbpz[elLVeVcCPxCsDxrcOe]pm`dDmFbmFktWDhklHsUBnCbguCyOQYXwTJhEHHd_oqx_DgpWNF[VQ[CkyxJjHS]gSxCtzfdAOpNxECcNNbBKxCgsHxGKytX\\UQMGdvXc\\[G[NFgvVv]`RRjQQJmB_ZBUYlcnq\\eSKZj^vLfBRLpCXsKCbvp[IVDCYlC]]sEtRKUscMUF_lkTezx`baLugKJpVhEJJJ_YGwkN_R[VbkvXfkXZo]uwgJMHA_]uHLwUMRNiOjBPFqTwOlKfPfVgOclwjdMzo`OVnbLT]jKE\\eqqpQtOUrf\\pQFd`Qzf^C\\abxIhaqIa[QLdmuGYjxexuma^\\cnMk`bYJQOrIMi^iEB`F]reKav`X^gpXeLxCwqujmZ\\fOP^OHOpkAYzlJBJeCBgeZ[_Al[mOGpSCVyvQXQQPqEXLMMtugPglnrMol]^g]adKGwWKGtMmkXnUCSn_brbqJbO^mH_vmemQ[MFPqjonDuAWEslYizEeynB_isYzURzGe^tqN^irDonObsZtVFMn`IRhKbbxRpZluumazuLLQNaKznxpZ_dOFMa\\LLggwk`OVBTgGsu[uB]ScHiWdl^nLKgiTQUnO`P`hRox[QjbeIUDkOsE^QCKNmDKVfSp^GMUmweRSkwTCwIDqcxFYQQx^ESuOecpxuD^vARnebmmTiHQdAUmhNXNqOqhdjChIGVHsfHqQK\\q^^eoxBRNQpIk^qggJeKu_EeMTAYys^\\]majSeCkcYoXSyfeCy[hgAaRZtX\\wdSVmTfxxGUBHuc]jgROhVWzYqp]LOQYNanyFZfzTihveYalYEbmcJoaNSxv^ImiqvoaHdWQASuzi[VzQEEHg^qEmMln]k\\KwyEiezeohRlQOpsmwxeZDeBSEjovsdnQqkDkVhUR[QZUlaqwTyq`FBGRxleuKiwE_\\Z^lIWPcTznLgb_trbtmOLpdlmdC[GlTUqQGSLLcawlBTGQKFBTHDSQPduzVmMIMO[qqRXbgVQLRZnQf\\ZxYndQCaA^XLqpTn_nsP[th[glmGyqqeUtTPjZeKoPQuJ\\`\\r_uAXWA`PyGr^wbJgnrw]EEFIi\\KcnQLMQO[wqNxsnzkTngrhGNWecznZorivpw\\hvfMiHNq`tDjETmVCd^]`ubeR[AHy`CCq^CXHZJatXqk_PiGC]fRS[wnTBuNHGsArBsbQUNd[wdIDrFBmtE\\tkjVbPEG_vYm_qt^XHqiOCrWrnj]vs[NBWGGR^zBQGE_^qeMybefDWNrtT^o`bLf\\KlIkmMuHoXIxSsBJ]_UOpKfJPMxzL\\ivZDSE]]LUk^OyEta\\]eCCqXfAGy[`PvwTiM_P`whzTz^RvgEVf]]aYgECXSy^CfFpbvPsVRw`xCjrtUEZtFtnYVuCH]rMxJxhtijAWMAU`xdWwNIDN`dwlSXMANktZjbnFCyKeEDhF`N\\m_GuTozY`AvaR]zJ\\GvqVpRuOxYI]wrMFv[]HpafjJNEGXtHFtMyeWGwMLfVVqwdIj\\VC]BfaPGMbMnrERDcjtbip^PvKKPtMevWv_FcraXUQuVAXoREmUuPHn`_NG\\VANzxRXwaL\\kJ\\NXvIP^WtLGskfOIyaVlFCUCuXiArksRekouVdVxdF\\pHHNfIobfGyDZtVBkb]_ISoOzrTmULXIza_vnKCrDJNKfhVBAcfWGaT]StNooBM[iqDsUZO`_f[zFecS\\Smm`BCZNCdtwNDCwn]od]hbUFr\\GTWiQvS]P[ugoefRpUdRcYCSHojzeLX[KbStfvdBuan]spzyqWlA]athQEa\\MTsDCZ]NSmfukcWBfaZSokIOZXyeiecbVHobijZZTmgEkrPuKrCjfOg\\Kdee[s`hJE`dnoTvHzzCED_cIEZqctvH[SWEFpy[MyvfRgGV_GcfOeWGFB\\WYiFQJYI\\XOqRB_pGIsQ]yDS\\QQsqvPzETbC^tf]t^eyPQRekoQyMkyYUWdzs`RaHPmyZ]SM]WWyTFCKygHCeRmTUJhHPfdUMEqA_TKN]E]pTzEOTZBMXPvq]YdPoKwrnCmOOCgf\\u`apwzUEYnqeXwwJA^FjuZRHeCQNqzRmVk^jVB`ZOKVWGMVGqFO_bva[OYKuiHOY]EPgYNnzyg\\kDvBYgKWklmLZKC\\wqfkGwxuBxjhcRPav[qXTXmN_k^hjtp]VmrISwUnGBz[x]oZ\\MPyTfI`EYLVYPKIHNSq[HNzFCRSXRPBwEM^drIkdRDukzUqqrSkKxzUyQtQTqImIJYUDg`QEbMIETOGi[\\ay`rzEr`SxsXnJQlaaAnKRCfdkrQeCnctUbodSZPLHMSMKYynch`igQOwuNONbuQKP^Yb]IOHkcCEjYZRs]CUNuMETriEKCdNwIwgAWRZZXxENJN\\oxVFrvwVRUOfZJwizpIa\\mR\\LcupwHqJdNPNg^WALbUfHgAQ\\PFYBhzBftuOBGYJ_FBMtjB\\ZHUuYgT_ceUhCXHwNNcndHzEIKGCeoWlOeztSEdz`VgWmlHGxFyfHOrRIQmN`RuoOdYYYOeIecNN\\cSWDzE`pkezmhlCSWZO\\sIISiij[qB_Aeq`xVJ`MUy^zZgl]cpOJymc[JDVRVEzjFyHqLExMuBGteJtBwMsAnVCrOEnSnNrQyot[_vQ^sBOxfjqzJTUIMzvkwQcHQeYgKqupQZ^BvUHmGEL`OoI[sjDzsI^OTJNNccnpoBjkqTMrsJdrEDt]]yn\\mvwHvOimHtJ_RWkNFYd`]MHj_fKQQkldoSCsEbobe[jyzFahSgXEVOyanNcQEY]WIakzTrI^dBuC]IjZF]xeTgOaT]Fry^^MyTqZVaU[^t[TTwDf^JKc[sD\\RJfrmR_F_iDJRPD_I^GZLvNXYZTpTvlGPVHLu^hMVUoesuTNFfZwlePWwOYTxjmdwxtwIsefqtEqGc__GFkh\\pUeFlPfEUOfcLhvAXFNBoGraYQTktMszFHHcPqWcya]fYOuvd^jA]fhi]Eh\\vvKHWg^E`SlaieDNeMHKVYGW^r]Z[ZGKJvgCVUOmlqVRmIRscZEQx^F^ood_KDeGMbWmxArPxVY_CpdVaeqAUpMgqJOblkchMPFLl_ucbpScEb\\zKOx`MdlWUkwolQ^NnkRmkYdBjOY`^ebOhOW]mC\\d_iqBbGqRRFpUPiOmfwqyLLtjIiG^uA\\kPiOBcbZcXHOYpNzzAerqL]YSpGttATXQdEEb[NKE]NaEw\\uujG]QJf`mQvM\\hacEjyolJX`mZnTxvUVUMzKtqHGy`SQ_BiWwe]UygJlRbjqVRbqwarPiVjNcrpMrHAllXXSZzXhCOtRGRkhx\\UyJZhavPmGrxtJayEytOXwIJM[\\XHRGHOVnCcRjqXJNQpFUkkIMmojDXpzMNF^I[Aki_W^VmPCrNjrUHGlhyFUS`RWNcF]luBmQFWqUMmZ]mrqhxfFGUqJVfXJMzQmhmRxLwbOkQX[Lfrah\\iPxzVXDsXfiNdUwAlj[uelWXVqwWyjnq\\kRBphXttT`wa]gD_LuHFmrxtae`[huhrrltCuLESaBQL[qsKtsmpfkjsTIODrZLZsEjlmAdzqp_lalZjmVapHrLGCAjmwA[HprTVHGXtOnzqMySci_Q]tWRBtcjlRqDpUXviXDcfxgaUrUuDiGDXkxOZaS]_XfcYkK]oCdKewf_MpxK_ifDKmfEWJ]IFbDNSEIegsFAEvY\\EZCdcIyqmbXfEFFfa\\EDsXMHhT^fceyOTJAxHs`xdN\\kg]`am[ZdrVcgMuwPeSNHdJRvFI^ivHZew\\\\KoxsHKVXyaTkMwQTRATH^Le[exlhjvyklYl\\hZFwNlTUmXQmfoIecTyzK]NKZhhCcczoKpfruWtlrPhNgzCvnTHX[mRKLv^`DRlJY]bpIRjM[MIupA_[flPP\\cTX_\\fztUh`_^oJXMn\\dvxNeXVLWDuRC\\ipIKRggkSF_cVRMUDYynfafGnHF[cqZW^CpyBMuGotcriCBEyCz\\TOqIKCWKbMH]fIES\\NTq^rylynYlFB\\aqyCPMhoyqk`clFL`xicljJx\\PEJXdfE`lbfhGoGoZUznRWzscsnWZjqhAazH^WVLfAqKZ_ZIcnSUJKKtERplrhGCkyg`pyRCzoHR`pYEYeofW]^qWGDMbdTyuoZ\\ruTd]QVVDsTOslSMt[fO\\qIivF[V[JXlVxM_QKJGGIn_noTqRGEZILABlfiXpzuu[ctu_nvjQ`HSDevGleETExcKxLmf\\mQGOtDKvYS^KVIdDhxHjbfLvap^AixSAQN_PAEKbkLSRaIjpyGPNfwuGELhD`KM\\z^uIdTCdn`yWTtVXGhBbhFUTSYKpWGBayrSDNaLeEgZGx_mKqPxrJfouIbpLJNNh^YX]bRJ`]W^BfOVofzzGJJXTDYvgkA\\qZmc`GQd_GXVmHmOtLB`JNG_UAEYJW^o]ugbtgqiVW\\AloeLQJB\\j[SdSNO_Cs[Hdcss\\KVNVSKmmGm`WsIzVBFBcDPfXRf^wTXIvljFonGWQ`qM[iIJj[mb^qQYvjpDhhqYjeeeIDKbvilCMDKjJ]n\\bpfF\\RJExCjdjX]qE^AgPKgpFNLr_GuKtUrtz_JrtGetyHSpaUff]HMWJpANGRarH`jV`dr`UJmJamqxuWRK[OhmI\\jJ_vkb`mlZXxPx]GRTUCpWyCTkAWXsrxNEthAYYLeoBX`xGUhTxUXFfTK\\cAaJVsb[kKDpFsuIYBVa^WdgiDv]`HZa]_qYe[ZIqFMwQsNEZOhdyeyLWu[RwEudl^SbB]_xcMkYJhVqprCRZqcsaeCjAHMlKdLnagCxkjAmt`Ci`d\\FBdJuvZAX[ox[zyNa]cQJpFakpqzBcTKWgHjbZQsGgf^vm`muR\\MwSSPwCZFF[yoGdaosOfGMjJ]KbexPDEjHGODTrn`AKnghqWSLltfgUANIpFVX\\qBVPhAV]\\B\\GFBw^pTKSl_KYDmGAv_lXH`UmQYJWwjQrK`PyQfAmLFjSqxLutUbxQEyahKMWJnWCOSO^^IkP^yMCpBvTMO^bHTbGbiQGYedXjhE_jiXleSZRrwlfOtKuQovukIworeqtVpTIxXe^rlxptQOfwfr`ZiHulJnbmcuA\\avCcdhrPgD_qFB[tRsMmRZghYWodDlOrxTTUMCTxzQnfcEgHSh\\kiNKGPUJMtNMuohtmiFgO_OnBfBFUkgQVQ^IkJMFssHDlDsqvKuZMAMMZ[I\\NOp]MwqeR_Jc]AoVXLBxmKKJqNDUDRjQAlrdDeqoMO`WBRxMMrpOYLiDEfgzs]bzosblILRmUMk_fnI_QrIL\\\\rpDo_Yyrvkh`bIjLEB`CuL[JYQ]HiBTV_TBmiTgso]RArFMzoEnHfZbgUtWOvqIuXRBOHx^kUgOXu[RSE^TeOMjFmVXoxXxyTXdaEysqaCmzKJlubEJY^_fLbw\\majmwjPD^rlOGf]DLZkucd]MtO_\\plYyI]FQrQpPuGNDqpDnA[ZlrCtID]tiKoNlZmGe`LMvd\\z]VZWDLl[VRgHFcxMUWHEGs]eDjYNpO_IVDXmeGq^ZUs[mfACbyr_]WsdtpSTm^fHn_lCKKcNadflzBrYjWgqWzfyKnsoo]lvjlgOtxrXVdytlGdryudVrokosmsWRoZEsjCOVc_m`P[mBmNDJBqtsVEuAsWGE[FbKuACEV]WWrpcUymF`pMQx`L]fIN]LXhFJscHlLyo_[^B`\\`CFQbPNoeei_WvHAKyKkY\\WfTUqYm^BJwJcLWupXrVOxYMoDh_P_rpDDf[xNZoCGc_cNTvdPJmsCNYMG`nlON]SGF_`wxcyDTHUtebjluzVEwAqNNqhgDntGM\\HoVgSaopjGET]yDzTOGOKFiSjHuSz`OOhIZvVOhoQGQjItTjdD[ezyRCGCxKg]qKsqgU_HeFaSxDozKpnKiwEdOjrXpTQ]IoQGqSNzL\\ZVDhANNHsIX]ntFPbw^GSQoEJJnhIsbozN]j`bidKh\\IFfAWBbkQ]EIIbz^q[azzac^`WWjzOtwepfz^IWgaHQSuFUHaErJei\\b]I\\AeskCdI^SvzzhDtYrQPc[COJvWjSwUE]VhWBhWNjlbBMaEKGkPdRN`AxWjpgtqbyr^ezhsk\\CaqsACcqMdbgknPphYfybbpvADVD[KYs`IOgjHxTGz[QOvNDOpSPMmt\\kvsxh`WBKjHc_cG`\\RscG`hFpRperJfnOnwnPAgbcYF_of`fjnovtRULOnHVklKBETTlgSP[fQzhZIRKlJvDVktxYk`\\sQrrOEZ[SnzX^TPcSgmF]weapGgU[WTvmnbVZHZViqsxK_aC[Qely[zwgQBIXFzv[DejluJKNWWfEgVR`euKlbwSofjIFRxdrw^GtqQaGZ_bDUrzukcnKpKtGSvFLAFvZmnIJPXjTUDRDVOZojNUjKYCmezbvLUGUcIRajqfTtZqmsplD\\R]mkMPTlV_PpnIzwx[MxtEscBqkcQuoN^[usTdVtxoTRW_FRrpuU`GbMeKjW_l\\\\kBRTOGdTFSzElaM^kZk\\zZiWshOIuzULTrbUMmDkLbPMH^[DyMfFAA]RTu\\as[YFynltyrQyVAPXJ]PUNKJiTPLSVQBRR]rkIJOTlbFHvgjAlEHqeGThQklicZ_iqyhsI_PANwdgFCmg`LbQJKgKJJZXX`kSCWRwzqrMpHdi]hcOyFJXrN`fS]jyErciLQdjlphiTU[Cbyi]bLZSVT\\pqfe]HsHy`u]MDt]IX[D]n^EToMXsXPTspnsGKKa[N]]h\\\\YhjRvuPyCTbRiv\\OaQbdXPBWxMudPQAXrSnjJGTYdrl__t]fzyvMFrEIgSTiAgilTKZVHmF[wIAa^^rEjOeRVnRzOeDqneXxIALUZH^Mt\\Qxr_eJ\\OymCXW`tZG^jOhRkDX^R]eckXYu]TIkztV_gfvlef\\ABA^fozMoGHrydWBfy]C`RW^psIfFIgsfAebktnF^HUdrCXvPePmIcwie]imfUHf[OLxzp&quot;,179)" fullname="Open_Lab_03._10.Tests.GetNumberOfCharsInStringTestRandom('Q',&quot;HxNBmG`qv\\rYcKRqzLFBKmpTz\\tG`HYknoE`wZolnNfFqef^OcbSJXoUHuBRNYQnCGenFluaWTOxGk^VpWsxaGbWAjXBY]^VwrCjzrX^iBvpJrOXXg\\raTNw`OnWUsHuqsAPhnVyyVO`LmNI\\zemAgpceGKlDAIptBzQqyjdQ^sLEilmBfuUOVtJDYebceuxMZfKmwR]PA\\^ne^wVXjYGob^HpNYUIBgcuyfCaAETYENuWWYuiLLu]rYrICxitIHzousfsuoXeFijTdlZo_fwplGDant_CVZPxOF\\^mCoXnPWJi__R_uV^KJDnpFEAPUPgYlF^PvC\\r`B\\ktrPUM_\\EmnEChihxnHZAkkwZBCcstfeHbDvOofDpncgyA\\bNU_DXc\\AIuqTKwdKGIx[emYIIEdNIEyZ`[V^VcM`GDmUyRstJX`qCAw[vVvTzOsEwXnkaGp_vYUbzEKqMkDk_IW`_ubAhtasKiYb^ISDcBuefV\\rKEHOKH`nAOLg_prCr]WRgdTEXzI^NltIZkpcmRhDIeaPwg_mKsmJyJKblDrLzCaPVDMozOQaoTICDDIl[VTVyjJP`NriZ]EFDQusZjmvcMVfAH_hvGkdjLQftwOlWbHSPDzmJPRlcXmmU_OYjKnTm[WrzOz]\\A`AFDWxIl^fozARY_RVhqCLnnaogHmvPoQcsmhRHRPxhH_m[EZ\\xepeyTNR]cQBzbWAjYZgqANWbE_fOnTchRyfzfd__Vo`ANyFl_DCenexXYCupbDjOhTidlADovH\\LhVTGYujjRyugBNbdjixSERSuP\\z_ANifJljCinXhTAxjZBc^Z[FNKIGWDZqwuLiDPP]P^_uvRPzETd[Nt]FaH\\\\BeTzPx[nIRtZJ_SAuaKvuJCCZycDYGIwoo\\eJ`eyq]qn[JRja\\KAxaarcR`QUXVCIwfVCiqVvLEYSPbQht]wvIyONeCszUdZGoe^_vgsfoEl\\I_TjPc\\vZGAyXIYfxVacfR_eEmmNeQHDNmFFjJklI_hhe`GnNNhY^JpqAjf]qOQIzwleCTwofp[Hdrz_fyAXci`EwOEA_NuuN`iio]ktQtniiiMJjGrrNt`RWhhnOwPXuatEJRkIOGGiurVOBvQYWCgTzXRHoweUeVnIoIAYVidHnqW`RZlTfrBstaElzdUR]lE`DMZtvsChZ_`IAmpVKRjmUvOODOYmURfCmr\\FAsXnoUYUAwkNnyGKCSKIxLphZQTHt^WJQkVStwxA]tNH^LyVK[zZgSHoCkT_BQ\\^`bwDdoRGUKfExiKORxxZ^w^ydaPIcZzMYjbwOvlWItF\\gDrUaFMDTBzcDy[D`I^vLZfNGNzWLaQerBRajuc^MvsWkzsQ\\irzVKQNXdOSFprmkUlChtUeaAiPaO^HViv^jROgkDIFfPXXDFgVNqdbTMZV]BgIFHxXtUDZGERdkOzQcQL\\cHt`FUJ]rtKjXAA^SA^jBMPI_AqFNImLpL`yOXS`KabNucMkO\\ycn\\ZVskAF^DPjGztL[BPuix_[eCOwnFqlKKXTmJF^XNBGRsGuiAQMMDupxylq]DRXM^_vb`ZQwl^[wXJmvTNnpe`HQcWnYPBTvdtnTLTIazQ[`Zt`oyuIq^ccyXfzJfrhkK`S^VYjzEMpUEbqirz[Us^XBRow`UzvIdjVubBYaLJlRmOtpoQRgXSshHRMa\\KfERhlVMwHpauJjlGODvHlEiOlQqhnQprEB^gAF]^csI]G^JJvACIfUYaWCv[``JrzipILFFJaX`svLIOHgmmNgMkcxPxJByDiR]YhAypvsbOoafLuhTsmXdS]EaOqIz`Y]JdikaGiwrUFxvCRDD]hGQRiKvc[jzmtCpSWB^KGNJpaON_I_wmF^rRMsv_oyfyxE\\CHdfPasV[x[lZwXZwnMhVL_F_GzWIbKs\\mKW`shMMIWUlG]bW_jLlWGrd^HJb]NtmbPgmAuDFA[NoJTXdXzdrzHEgSnBk^eku^bKqpoWdfFkwtDZJk`J^dBn[LAZNtTcVkSQbJaodcALtWImPTrAx\\MR\\ojfpVIkS^VLamrAJlaudpuECNJuCTeu^Apn[vyN[PtWAxM]\\rrMvSifufdbLOizs\\h`xE`OmS[Tw_DEBhYL\\YyLSJtpRXBLbu^`Pg`XRdZcsUjVb_`_q]^[]\\NnKkwVQOlCA^oVHAtszWTy[^Nnr^VEWDDoYlNbgDRdchUDjKXpde[GIPTg]I^nthfx[AwVnSLvEkVnIKDhGa\\mcwfJYaF_a_jvBXciNBBRY`BYta^REqhTLsV_UmxNMhUaAZllbVZE_KTCvNQsCnZkrWkIBEU\\EnElK\\X[omkjWcoA`TcG]FKZOejejcj]ByAkGcr[qpDQCjUObjdi]Nyzde]amnlMCNiXcEuw\\IQgBtW_Q[CzyBAnAAH\\FRiDErOpBwf^phNTwRxjOyQRklNANuXbwYqK[NcKfb^To`JRogriCXNHAWSSdNbG`EaXqCtjjnEg\\w]KcvMaDi__KjJDuPaXzWokyl[lnHzPTbfEtIkiBBCq`BNHtqo[MhgEImMq[\\mvjPLdEFJm`sVyTxLw_TrxT`CfuavHwtNaOHGQqeDogCuURikKaPSGdpcKM`i^JBqffpjMqvGuQDQQeiULpkbgbGxY_wDQv`eeMOi]z_UfIYp`_Sa^L]hY[JE_rQiurpylZgEVArMRWv_JQYuMWaFYsLKDKJeipZnTZEFsNL^TQVC_fvOZW\\_Rk`sO]BLqM^\\wIKjLSByLDlI]IfXOvKSUv]dtMrWMzhHmtFW[MCHV^TOyXWFqdwuBLHAfbpz[elLVeVcCPxCsDxrcOe]pm`dDmFbmFktWDhklHsUBnCbguCyOQYXwTJhEHHd_oqx_DgpWNF[VQ[CkyxJjHS]gSxCtzfdAOpNxECcNNbBKxCgsHxGKytX\\UQMGdvXc\\[G[NFgvVv]`RRjQQJmB_ZBUYlcnq\\eSKZj^vLfBRLpCXsKCbvp[IVDCYlC]]sEtRKUscMUF_lkTezx`baLugKJpVhEJJJ_YGwkN_R[VbkvXfkXZo]uwgJMHA_]uHLwUMRNiOjBPFqTwOlKfPfVgOclwjdMzo`OVnbLT]jKE\\eqqpQtOUrf\\pQFd`Qzf^C\\abxIhaqIa[QLdmuGYjxexuma^\\cnMk`bYJQOrIMi^iEB`F]reKav`X^gpXeLxCwqujmZ\\fOP^OHOpkAYzlJBJeCBgeZ[_Al[mOGpSCVyvQXQQPqEXLMMtugPglnrMol]^g]adKGwWKGtMmkXnUCSn_brbqJbO^mH_vmemQ[MFPqjonDuAWEslYizEeynB_isYzURzGe^tqN^irDonObsZtVFMn`IRhKbbxRpZluumazuLLQNaKznxpZ_dOFMa\\LLggwk`OVBTgGsu[uB]ScHiWdl^nLKgiTQUnO`P`hRox[QjbeIUDkOsE^QCKNmDKVfSp^GMUmweRSkwTCwIDqcxFYQQx^ESuOecpxuD^vARnebmmTiHQdAUmhNXNqOqhdjChIGVHsfHqQK\\q^^eoxBRNQpIk^qggJeKu_EeMTAYys^\\]majSeCkcYoXSyfeCy[hgAaRZtX\\wdSVmTfxxGUBHuc]jgROhVWzYqp]LOQYNanyFZfzTihveYalYEbmcJoaNSxv^ImiqvoaHdWQASuzi[VzQEEHg^qEmMln]k\\KwyEiezeohRlQOpsmwxeZDeBSEjovsdnQqkDkVhUR[QZUlaqwTyq`FBGRxleuKiwE_\\Z^lIWPcTznLgb_trbtmOLpdlmdC[GlTUqQGSLLcawlBTGQKFBTHDSQPduzVmMIMO[qqRXbgVQLRZnQf\\ZxYndQCaA^XLqpTn_nsP[th[glmGyqqeUtTPjZeKoPQuJ\\`\\r_uAXWA`PyGr^wbJgnrw]EEFIi\\KcnQLMQO[wqNxsnzkTngrhGNWecznZorivpw\\hvfMiHNq`tDjETmVCd^]`ubeR[AHy`CCq^CXHZJatXqk_PiGC]fRS[wnTBuNHGsArBsbQUNd[wdIDrFBmtE\\tkjVbPEG_vYm_qt^XHqiOCrWrnj]vs[NBWGGR^zBQGE_^qeMybefDWNrtT^o`bLf\\KlIkmMuHoXIxSsBJ]_UOpKfJPMxzL\\ivZDSE]]LUk^OyEta\\]eCCqXfAGy[`PvwTiM_P`whzTz^RvgEVf]]aYgECXSy^CfFpbvPsVRw`xCjrtUEZtFtnYVuCH]rMxJxhtijAWMAU`xdWwNIDN`dwlSXMANktZjbnFCyKeEDhF`N\\m_GuTozY`AvaR]zJ\\GvqVpRuOxYI]wrMFv[]HpafjJNEGXtHFtMyeWGwMLfVVqwdIj\\VC]BfaPGMbMnrERDcjtbip^PvKKPtMevWv_FcraXUQuVAXoREmUuPHn`_NG\\VANzxRXwaL\\kJ\\NXvIP^WtLGskfOIyaVlFCUCuXiArksRekouVdVxdF\\pHHNfIobfGyDZtVBkb]_ISoOzrTmULXIza_vnKCrDJNKfhVBAcfWGaT]StNooBM[iqDsUZO`_f[zFecS\\Smm`BCZNCdtwNDCwn]od]hbUFr\\GTWiQvS]P[ugoefRpUdRcYCSHojzeLX[KbStfvdBuan]spzyqWlA]athQEa\\MTsDCZ]NSmfukcWBfaZSokIOZXyeiecbVHobijZZTmgEkrPuKrCjfOg\\Kdee[s`hJE`dnoTvHzzCED_cIEZqctvH[SWEFpy[MyvfRgGV_GcfOeWGFB\\WYiFQJYI\\XOqRB_pGIsQ]yDS\\QQsqvPzETbC^tf]t^eyPQRekoQyMkyYUWdzs`RaHPmyZ]SM]WWyTFCKygHCeRmTUJhHPfdUMEqA_TKN]E]pTzEOTZBMXPvq]YdPoKwrnCmOOCgf\\u`apwzUEYnqeXwwJA^FjuZRHeCQNqzRmVk^jVB`ZOKVWGMVGqFO_bva[OYKuiHOY]EPgYNnzyg\\kDvBYgKWklmLZKC\\wqfkGwxuBxjhcRPav[qXTXmN_k^hjtp]VmrISwUnGBz[x]oZ\\MPyTfI`EYLVYPKIHNSq[HNzFCRSXRPBwEM^drIkdRDukzUqqrSkKxzUyQtQTqImIJYUDg`QEbMIETOGi[\\ay`rzEr`SxsXnJQlaaAnKRCfdkrQeCnctUbodSZPLHMSMKYynch`igQOwuNONbuQKP^Yb]IOHkcCEjYZRs]CUNuMETriEKCdNwIwgAWRZZXxENJN\\oxVFrvwVRUOfZJwizpIa\\mR\\LcupwHqJdNPNg^WALbUfHgAQ\\PFYBhzBftuOBGYJ_FBMtjB\\ZHUuYgT_ceUhCXHwNNcndHzEIKGCeoWlOeztSEdz`VgWmlHGxFyfHOrRIQmN`RuoOdYYYOeIecNN\\cSWDzE`pkezmhlCSWZO\\sIISiij[qB_Aeq`xVJ`MUy^zZgl]cpOJymc[JDVRVEzjFyHqLExMuBGteJtBwMsAnVCrOEnSnNrQyot[_vQ^sBOxfjqzJTUIMzvkwQcHQeYgKqupQZ^BvUHmGEL`OoI[sjDzsI^OTJNNccnpoBjkqTMrsJdrEDt]]yn\\mvwHvOimHtJ_RWkNFYd`]MHj_fKQQkldoSCsEbobe[jyzFahSgXEVOyanNcQEY]WIakzTrI^dBuC]IjZF]xeTgOaT]Fry^^MyTqZVaU[^t[TTwDf^JKc[sD\\RJfrmR_F_iDJRPD_I^GZLvNXYZTpTvlGPVHLu^hMVUoesuTNFfZwlePWwOYTxjmdwxtwIsefqtEqGc__GFkh\\pUeFlPfEUOfcLhvAXFNBoGraYQTktMszFHHcPqWcya]fYOuvd^jA]fhi]Eh\\vvKHWg^E`SlaieDNeMHKVYGW^r]Z[ZGKJvgCVUOmlqVRmIRscZEQx^F^ood_KDeGMbWmxArPxVY_CpdVaeqAUpMgqJOblkchMPFLl_ucbpScEb\\zKOx`MdlWUkwolQ^NnkRmkYdBjOY`^ebOhOW]mC\\d_iqBbGqRRFpUPiOmfwqyLLtjIiG^uA\\kPiOBcbZcXHOYpNzzAerqL]YSpGttATXQdEEb[NKE]NaEw\\uujG]QJf`mQvM\\hacEjyolJX`mZnTxvUVUMzKtqHGy`SQ_BiWwe]UygJlRbjqVRbqwarPiVjNcrpMrHAllXXSZzXhCOtRGRkhx\\UyJZhavPmGrxtJayEytOXwIJM[\\XHRGHOVnCcRjqXJNQpFUkkIMmojDXpzMNF^I[Aki_W^VmPCrNjrUHGlhyFUS`RWNcF]luBmQFWqUMmZ]mrqhxfFGUqJVfXJMzQmhmRxLwbOkQX[Lfrah\\iPxzVXDsXfiNdUwAlj[uelWXVqwWyjnq\\kRBphXttT`wa]gD_LuHFmrxtae`[huhrrltCuLESaBQL[qsKtsmpfkjsTIODrZLZsEjlmAdzqp_lalZjmVapHrLGCAjmwA[HprTVHGXtOnzqMySci_Q]tWRBtcjlRqDpUXviXDcfxgaUrUuDiGDXkxOZaS]_XfcYkK]oCdKewf_MpxK_ifDKmfEWJ]IFbDNSEIegsFAEvY\\EZCdcIyqmbXfEFFfa\\EDsXMHhT^fceyOTJAxHs`xdN\\kg]`am[ZdrVcgMuwPeSNHdJRvFI^ivHZew\\\\KoxsHKVXyaTkMwQTRATH^Le[exlhjvyklYl\\hZFwNlTUmXQmfoIecTyzK]NKZhhCcczoKpfruWtlrPhNgzCvnTHX[mRKLv^`DRlJY]bpIRjM[MIupA_[flPP\\cTX_\\fztUh`_^oJXMn\\dvxNeXVLWDuRC\\ipIKRggkSF_cVRMUDYynfafGnHF[cqZW^CpyBMuGotcriCBEyCz\\TOqIKCWKbMH]fIES\\NTq^rylynYlFB\\aqyCPMhoyqk`clFL`xicljJx\\PEJXdfE`lbfhGoGoZUznRWzscsnWZjqhAazH^WVLfAqKZ_ZIcnSUJKKtERplrhGCkyg`pyRCzoHR`pYEYeofW]^qWGDMbdTyuoZ\\ruTd]QVVDsTOslSMt[fO\\qIivF[V[JXlVxM_QKJGGIn_noTqRGEZILABlfiXpzuu[ctu_nvjQ`HSDevGleETExcKxLmf\\mQGOtDKvYS^KVIdDhxHjbfLvap^AixSAQN_PAEKbkLSRaIjpyGPNfwuGELhD`KM\\z^uIdTCdn`yWTtVXGhBbhFUTSYKpWGBayrSDNaLeEgZGx_mKqPxrJfouIbpLJNNh^YX]bRJ`]W^BfOVofzzGJJXTDYvgkA\\qZmc`GQd_GXVmHmOtLB`JNG_UAEYJW^o]ugbtgqiVW\\AloeLQJB\\j[SdSNO_Cs[Hdcss\\KVNVSKmmGm`WsIzVBFBcDPfXRf^wTXIvljFonGWQ`qM[iIJj[mb^qQYvjpDhhqYjeeeIDKbvilCMDKjJ]n\\bpfF\\RJExCjdjX]qE^AgPKgpFNLr_GuKtUrtz_JrtGetyHSpaUff]HMWJpANGRarH`jV`dr`UJmJamqxuWRK[OhmI\\jJ_vkb`mlZXxPx]GRTUCpWyCTkAWXsrxNEthAYYLeoBX`xGUhTxUXFfTK\\cAaJVsb[kKDpFsuIYBVa^WdgiDv]`HZa]_qYe[ZIqFMwQsNEZOhdyeyLWu[RwEudl^SbB]_xcMkYJhVqprCRZqcsaeCjAHMlKdLnagCxkjAmt`Ci`d\\FBdJuvZAX[ox[zyNa]cQJpFakpqzBcTKWgHjbZQsGgf^vm`muR\\MwSSPwCZFF[yoGdaosOfGMjJ]KbexPDEjHGODTrn`AKnghqWSLltfgUANIpFVX\\qBVPhAV]\\B\\GFBw^pTKSl_KYDmGAv_lXH`UmQYJWwjQrK`PyQfAmLFjSqxLutUbxQEyahKMWJnWCOSO^^IkP^yMCpBvTMO^bHTbGbiQGYedXjhE_jiXleSZRrwlfOtKuQovukIworeqtVpTIxXe^rlxptQOfwfr`ZiHulJnbmcuA\\avCcdhrPgD_qFB[tRsMmRZghYWodDlOrxTTUMCTxzQnfcEgHSh\\kiNKGPUJMtNMuohtmiFgO_OnBfBFUkgQVQ^IkJMFssHDlDsqvKuZMAMMZ[I\\NOp]MwqeR_Jc]AoVXLBxmKKJqNDUDRjQAlrdDeqoMO`WBRxMMrpOYLiDEfgzs]bzosblILRmUMk_fnI_QrIL\\\\rpDo_Yyrvkh`bIjLEB`CuL[JYQ]HiBTV_TBmiTgso]RArFMzoEnHfZbgUtWOvqIuXRBOHx^kUgOXu[RSE^TeOMjFmVXoxXxyTXdaEysqaCmzKJlubEJY^_fLbw\\majmwjPD^rlOGf]DLZkucd]MtO_\\plYyI]FQrQpPuGNDqpDnA[ZlrCtID]tiKoNlZmGe`LMvd\\z]VZWDLl[VRgHFcxMUWHEGs]eDjYNpO_IVDXmeGq^ZUs[mfACbyr_]WsdtpSTm^fHn_lCKKcNadflzBrYjWgqWzfyKnsoo]lvjlgOtxrXVdytlGdryudVrokosmsWRoZEsjCOVc_m`P[mBmNDJBqtsVEuAsWGE[FbKuACEV]WWrpcUymF`pMQx`L]fIN]LXhFJscHlLyo_[^B`\\`CFQbPNoeei_WvHAKyKkY\\WfTUqYm^BJwJcLWupXrVOxYMoDh_P_rpDDf[xNZoCGc_cNTvdPJmsCNYMG`nlON]SGF_`wxcyDTHUtebjluzVEwAqNNqhgDntGM\\HoVgSaopjGET]yDzTOGOKFiSjHuSz`OOhIZvVOhoQGQjItTjdD[ezyRCGCxKg]qKsqgU_HeFaSxDozKpnKiwEdOjrXpTQ]IoQGqSNzL\\ZVDhANNHsIX]ntFPbw^GSQoEJJnhIsbozN]j`bidKh\\IFfAWBbkQ]EIIbz^q[azzac^`WWjzOtwepfz^IWgaHQSuFUHaErJei\\b]I\\AeskCdI^SvzzhDtYrQPc[COJvWjSwUE]VhWBhWNjlbBMaEKGkPdRN`AxWjpgtqbyr^ezhsk\\CaqsACcqMdbgknPphYfybbpvADVD[KYs`IOgjHxTGz[QOvNDOpSPMmt\\kvsxh`WBKjHc_cG`\\RscG`hFpRperJfnOnwnPAgbcYF_of`fjnovtRULOnHVklKBETTlgSP[fQzhZIRKlJvDVktxYk`\\sQrrOEZ[SnzX^TPcSgmF]weapGgU[WTvmnbVZHZViqsxK_aC[Qely[zwgQBIXFzv[DejluJKNWWfEgVR`euKlbwSofjIFRxdrw^GtqQaGZ_bDUrzukcnKpKtGSvFLAFvZmnIJPXjTUDRDVOZojNUjKYCmezbvLUGUcIRajqfTtZqmsplD\\R]mkMPTlV_PpnIzwx[MxtEscBqkcQuoN^[usTdVtxoTRW_FRrpuU`GbMeKjW_l\\\\kBRTOGdTFSzElaM^kZk\\zZiWshOIuzULTrbUMmDkLbPMH^[DyMfFAA]RTu\\as[YFynltyrQyVAPXJ]PUNKJiTPLSVQBRR]rkIJOTlbFHvgjAlEHqeGThQklicZ_iqyhsI_PANwdgFCmg`LbQJKgKJJZXX`kSCWRwzqrMpHdi]hcOyFJXrN`fS]jyErciLQdjlphiTU[Cbyi]bLZSVT\\pqfe]HsHy`u]MDt]IX[D]n^EToMXsXPTspnsGKKa[N]]h\\\\YhjRvuPyCTbRiv\\OaQbdXPBWxMudPQAXrSnjJGTYdrl__t]fzyvMFrEIgSTiAgilTKZVHmF[wIAa^^rEjOeRVnRzOeDqneXxIALUZH^Mt\\Qxr_eJ\\OymCXW`tZG^jOhRkDX^R]eckXYu]TIkztV_gfvlef\\ABA^fozMoGHrydWBfy]C`RW^psIfFIgsfAebktnF^HUdrCXvPePmIcwie]imfUHf[OLxzp&quot;,179)" methodname="GetNumberOfCharsInStringTestRandom" classname="Open_Lab_03._10.Tests" runstate="Runnable" seed="2070391882" result="Passed" start-time="2021-10-19 19:34:08Z" end-time="2021-10-19 19:34:08Z" duration="0.000141" asserts="1" />
            <test-case id="1065" name="GetNumberOfCharsInStringTestRandom('`',&quot;LW`Xxnfn\\NV[sukCEvwOKA[JAiJdqZv[U^amD`lrqvRYygna_ItDsBbLwVWOdCxBRvGUTyz`JEYPjBLUudFhasbTwVqiI^NnyPHDaZM`JUtncS]uKCTAxP\\ZTnXyIQWgrfRZuHn\\W`^Lynkesv^FJNpinhjnBOWsxMwxBCzCOsdXmP[`CnFMnR^epcgMXA[IIeOmrndqw[qQdXw^NJkNIKFfiSHYWmfNX\\PHBhiPKPQS[MAXgIyNQMzy`dD_fKZJpcsHIp]a\\[DttmK\\RjmNoXxL\\QbXeJezpH^rTtPqgYmqIGFmYcNvYMVYfhgsNEvRqEDlPTHY[vbVeHDULpzCwiadmEMgMXdb]\\zDDT]F[o\\]ezo_eRgYFtUH_[zLG\\LDSAsIHzRsStbINDymQhCvkK\\cHr`cTRyzdXKeHfXezoFLSLu[\\MvZYPTH_PBP[i_Bvc`ptUfeQYvvEQQvxEHGV`aTECGrdHJQQEQjgEbHbQIATXCNyGRWbXfWCMlqNnAJOffAAbOt]z`FW`zhAst^pnjsZuh[SluoQzmilCNXrYucsaz]MEqUu^T\\wmaFtoakFkoWnQvxf\\fXsGAtuLNOv`umgQmy\\H^DrJ]HlciwIsjYrwcpmgLiaSp`qCk]_w\\^xcaiesIR^RFCq\\vkixMpwp^_UwQjsLYLXL[PVuKt_uLOMmjVGAoakgbIEBThcZZRtufeBfUnmSQCeOSbNvcrXr[keSKUa]RE[tVSHEU[gAoYV`^qil[hrbuCZvAi\\zNPALbktA[IbHLWCCUEoUgoCeNtzStMDfzgn_YJynxiRRFjW_zWavuHTYNWyilaGOFvI_c^eKGBWx^k__]\\S]fHlrTURBLPBXbCMKbrv]mWpskWu]r[LPNedxKQLNLcyqzzV\\_UxeaqjPSsHx[pKlEmJxYPzQghQKXytlAZx^^ajWuUeSJNnVXNlNpYCOUgys``sTyVxArhN_CnCEegGZtumJMgwbWjIqcqqU\\RToQm_kzNKCVxdh`_zfniGSZVdI_XvMwicTTSIGWBJy\\uMZF[QDrLbnKBUvJVLcSyFhUQUMVsOl`Hq`IKDEGrUkGpJRyNxBpag^o`EoFEhzxpNCKpmySH][dVa_GCOIuNvy\\TldFOyCKVnRcGHI\\ziiELtYy`hCp`EjtPbqEIsDIZQOcOwAvGhv_MtP[Se`avNeQDXS`QESGfaeueqjdhHjsJLgVRWl^T]MMgx`rd\\eBUotgOUp\\uwto^mHrkxNuSonIUYOhRszM]h^USAGxaPdWdYitqhGgNkjaBkSqFIKCxgRqPm`kqQTCLW_wjVqdmSzmywSbiPrYFaZxGseDIWpwWgVfMWHkRaQeh_rSZxBbZvxexbprkn\\V^CVSbhVRIGG_QoQbASdKUO^\\ikhfaPz_FuHeI`kmbjYSoZTIQNqYJQBO`udrAklsHcZWhfY\\brdepKgPX_UTZaUotsFOwtlry`LMzx\\foVrShWZUOT[\\WXZaNe^o`K_iFmfQzZQZDi_DjCG]ZlzcZQ[bGezU[gFdqIMvkJVoDAYhsVqK_AVoLwPpREJU[vzWdvNbpLmQVL`YrmikooqZQQYusXdgzATIABExIPVTOFZzXqx`WZagE`GS]SiXbGQUsWYqhkc_Y^LKrZ^C[EPa[gD[vm\\pbxlIpEHAXHrfqBObUv[Dpgx]qkuLTyuvPnx\\lDVnS]eTNdjZY]GARXzvzPREKvhZMvWDEmpQ`hlSBeOMA\\nqsudrnB\\\\lRdWpKGRNgUfgp[eggtVAFDjIqbSR_PCRU_OEU^r^wzUGHKCZzKHIF\\gNuOzdoAiXRUSQMaSJCsDGjcBf_sRUHuLsrBJF^NiwQwpmslMZsxGNXa^RNUEviUPWJZZLWMgoKHpmnOmmgs\\Koy\\R^srJJmOwhYcZSBDfRRCPll_ybRPqsEcLxHi^U]eXttEUfT[eoqs]vM`mTtcr^XDcpX\\KT`QogfWsgJTNreBCMFPlbvK\\unu\\p]_NrPRP`EpQqhFJ`UAsWBWkIkdXVoutluCJfFVcTm]IQzvuqAwanBFoFoFHgttlJv`vfv_[yX_e_OZJojbUsTGjpNEqzOw[slyUZzOu]\\bV^\\QrVwSxS`sqppGXrh\\k\\DlnQFjp[hsXlkLTxM\\DvzITsH_dtrCoAruZj]bPM^]eg\\EEemZfMXo]vYvIaFwdfEWuqld[fLqY]^gWD[zGXWbcDX_RbZjHbtzbEKOsIzAAaVzXl`EGGqLO^oqYNStL\\jrc_FRtLGxYWaBiYG`CUdAkhkEQTpfqFo`q_XtgNLuzsnswmIAGnqrsiGvnAA`V\\GSbBKKANtoJjBrtsI_Lp_DOxgIX]FgNf_^m\\QubyzttChIhOBus]TaxDDeUCm_HNb^L_FYcNwNqfJMQ_[I[LnkRx`iXg`_L[lg[JxIIcSe`GkSurUqbdDwZrLNyXAvhXBVt]lGaSAssJKLNMoaSjwcWoNdxkJlcWwHFUYYFNPPdLEPgAzmdZdy\\ZyFOHIqIOP\\MCGsoV\\EZgyKkxxxkXHInyggWTJxFZHUwcDduGxNy``o[nURKKFkGGiOW[][M^zz`eOHuTDdZuKNZsLcysmuUWNptpN[e^A[``Op`NWrH\\RMw[p^Ou\\UkEfJXZNEFdzwtjhtdWDl\\vmsEAsYAjLkCgk\\tEYFzSl_]VSMnvurrjtpSnEWaoEWXPtNzMz`yxmIKOWjiffFpUsSmuIGzB_KOVHM\\ENavVttwkeEWVhvJzaCWa\\EEt`wYcuoHJNdYFJ[[zVCPEjeUdBPoEqudI\\Cpx[UpqxMHD]DpFcXKYozJubpbfACTTAPdHe^_BMZH]]QHxZi]ZjKT]suVfnKputoDMZi[EsJMVsgYRidMRaudqwHOkIsOBdMdiNu_kNXaaxydM]DxJy_TyKNQS[kvzuKlfDjEnF\\DIUDsx^BNEuEDFse_zdMQ^]afmNyJnzJE^\\LeHVToY^rFpHfmYLEKsKagnXFj`sZFkAaehzWeQYrze\\pfbLkcuzLSv_rjPdO`DlUpbBFYoZt[TaBSc[IUIrKloOiIIhVhJSvtHzEaGSn[GlzU^`Hp\\uXLacBSSwPHEMRAeIKcWbOpEjfDPTfd``MPukS_ylNJCgWuZykVU`ZtgbHqxyDyQgc_zCFupgdeUEnXTkdQdQPzGTdTc]aAhOtWDruXsp`hvo`bnj^MVmVAWcYgZmSTGdxFKXU\\qLYnkbERnB`syTfuttz\\YNyF^MbSrZXWVBWJUbPo_HsXM[UnyCMRXsDcMSP^Am[UdI]xw\\aSdKxRVasDsoToNFz^ynwBRlomg_oExXq^]uiMvlNgZMfMYfG_JzzJ`_ArWKermoG\\xqSTXmbMaQbFFbTBXPuyXhxxtqqkGWtfGKOcSnHXYmcOwvmord[^tIDQsUZbvqGKXwyvSlidI^`fEjAyDCt]wWlyHyjyT`\\bfYrAwr\\FvqUVcXMIU\\^twdOBLAnUBkQcCyAfsABMaobFBVWkladrCbfBKqovDGEKamTeWaQTZQTIBIzpeCd[GY`[Sy\\CLGJZjX`OBlTLQPXmO]zBqyRA^dDIMtRYEOITHtYedkosjXKrAnLpy[LMoIvGTXCI[vGBHEfUEUYFKYRGZMHYh\\ZeCv`yySRLifXoQJjwIrldBGCWrphGPd\\z\\]yM`gWmCMW`A]pP^LQqkpcwsIHJeLwEJYToK]X][yapj]VUzXcDTfPfuBTW`NHrQRVcJBFAooVlPnMWmmJNdtl_JhuIJAwNrj`YGnKyRbO`P_WGpxdmDuNXarY]HwrorIu`OoPybLvBeMOfRnTMWJJw]HsPVirVk[hHersAieKsyMmTcnKUdfXhyxDGwzdtUaQK_HB[uS_lyRxPV_hb^]mFCAJgnmEiBR_Yvcp\\mkZQHfigznkYSCVrnLH_yUgINpkhn_UnjLonD\\yXR]gABgVywhfj[Q^YERDRuBt[YxjGOcnSNkN\\hfGbZmlFteTYiWjlYg]PcLbExPkTtS]jDBkYL\\rIQnbndQXssCuaOxt\\DBdKBXMbIdUhfQawpTyoeo[grs[qXv\\FHOUJsgGtbzfAvkMc]ylvzErPbxTJwVJNIP`WwWEIMFNeI[kGfsUZJaGCXEcuTxxLqXsgKqfFuditrMGHMM^DAjEcI]yroJoPIBolcEwpNO``rMLLy\\iHZtKGTP^hroRkpZlqXV`IQiqmK_kwRntS\\hpOqhYSaOyYxokY\\Uncw`qlDYwp`bWEuyPHd]AjwMcBjXpVnS\\xzQWvqELXldmzsu^y`doyUDgjxoBfdaBNGYEecTQ`RcyT[cJptqqJ^]dvehyCC`nLb`tZptVLSOhlFSPUfLmmjrjdpIAvVO^lpnmujkzA\\frPpsqSXeWqnA\\jqPdht[qDlvvSaUeuMlREAZnxSi^lrgyoRCE[GSHBon^uw_mDz\\eBjWjW\\gUKwFLEwHA^QKoteQPMwtBowZlVCxFuThyZxwEjcZyo^OnphlXZG][cfaO]TpCyCFKcMVviLae^uMQhgwiQafoqNVoXhcVmWzmXEKdRpiNasxiYPbpXGlYWRTVqa_AdKsGvZtd\\SX\\rYNxPhVHGmyfeaWFkpmlRieWAqmzWyUEjQbyDVFJLWuqLM]UDnsfafJInrxZuWlIYuvTzYBUkd`uooKnUXwcGi_EHYLLYgOpfmYRRIVel^vwGPUyhJE]ZJBjVrMaNpwDVkOCVs]LCRqcnbxrEM_PblV]kjw[voXvbrbVARdphs[ISZwotU]ARh]dVmSgwBPNtuBvzcrmcjbiRMJRmHbbSWetVyAOzwsgdMOYXAoQ^jYcFnSIcBuo[iv]QHaBcdmgqvFExltlTQDcyBobfrfyCELuRmIP[niuwlmKhOKqHI\\KfS^OTyVkxodljLmLddRabJfMPdtXhoqucAPzOtw\\XywIIA[]\\yN^rvd]gQzkFyCIxjJjwnwjhpIcM^EOJWvibSChXmSyuLWYvoKYrlaiC^qCmAQJLkbiDUbfg\\RJ[yp\\YkhYSgXXqNgD]AuW]JmJeiVbM`lVZXNEiUdCTrq`TJrqi^IgbvgRLfqjVGLnuByZzbVHXsCeSMq\\q`sjWFo^kwsC^tgNgDfRKYqGHAPisCyzpVtpN\\WoN[iDjTe^LpxPb_QXimcWqFfixtNIArAKgqEkknWoWl^DEiXQE\\H[tzyIpAFqF]^Upnck[ahvVnAEccdO\\wD_j`RgrvujhaitNINRFgp_nMEFztaMWqUIZyeP]vt_fxNpFGrZUSIpH_k^[LhyViTrL`[P^yoJnRsqyPAtCGsDh`BuNHoQOuJxeWdagbvW^yBpgu_LLovPpPJg^`BWJ_vsIvLcfZM[K]`j^LOTcdF[ytHVMxCGa`MzDIhkjv`lb\\ETj[IRRhoaY[tOnqViWGufPafV_^egDUt^pnfmoloskfbdOZws`qU[bZDJonnoDH]EbWZzKdufSBueyCGEalGNzYwVk]xAxApdJ]CsAwiwwiI``ZKmhjNRAPFIZDPiftiRLR\\\\zNDdDJQQQXqQRLTOn^ctXtZwhzRCAqTOyimZfdOqyosCNyW[`Z_iibEGoGwDsNPZDcScYudJPludBXjidr^bSf`Wegf_hKyl_YzegnCfqVYxh[EXXN[AkiHXCvylOE]FmJEdXFCpprkwNcjKbOHZkxApQbbkpQWmsTK^V\\zSLeLsyKK[LnKAxCVpIPSq^RA`[yDtYLoFPpOFlIrFXH`BGWoqyUVGJJotegXAGQBzzElIoPDAYMYVmyYEJNvDqhwFAV\\FkqzHF`BBfgBiRVixkZGfNTqsUyJRIfHZoxPbNQPNwWZ]MNm[zyVaOprXAGnHVktA_ctTFHkZJtjqtTgGLiRJQbKzGsbG^HsM^ZydTZVsOvWVGA^gZgwgYkjxXuMN`dwCA]T[VDmmTZuUKptFUuhqLLnnjAMZMHSfyUUdgDQWtKSzpVnbBHsfvFqoialUqT`MGPVp\\PYRdRwBtoxUNeYFOhjt_`uGRw`aeGs`zxGlibBeIpvucXHLv[xZa]RvUSzhlWWnwYUQ_gXhfEkieA^upTfKIZy]gKXVbUtmZIxKCrhODQn\\mcRUpFsXkLe]ZseTPBGRLxP\\CTsxgWHsg^kDtCa\\\\\\BN^\\kJNUzBJ\\QoTpR]NulTEmqwIaZM\\eqjwCybcikRXFiKNvkDlDObkiIkfoBguna`fasQqkt_JZwyEfjMqW[XVOzNuOwogEXe`I`gDZMBKkXQlJfzFpp_SIKWaeWcoFsECRZvFCIXJZNfrj\\kcwjrPsSWyJGZCeNEsTN[jjuCgXVsv``rIfzrWApJzDxwwjU_MIm^\\BAsCgKr^Z[ZdOQWeVir_D[gmxGwDqgnmBVGfHpjpxfac_ThYxuqZvzYbTGFaNohmggctKl^azBaXuENeY_FvqUqBx`RAkJcIynvrloOMXQ[uZAhPt[HjjlwSqawf[]qpZXZGIVtePt_auwcwrCHPBsZMrdBKsdluZe[BabG^b^ZqNWXuxznXVaobyNP_UimgHeGQ\\bWQvdh_Ydz[MHMtqU_tptCTSbItlnicQHYWc]]msPIUOoSN\\sqnGM[b_DyT[omfuWKEiqQTrmAalhF^OvXswv]Dgrs`^JRE]][rdO_fc]vUMuqqy[E`XujzuHXrxkpi[vDONNuAWlQZzHqmBBbCEmgcn\\x]qhirhNtQrbdkaDIgePzmQeqwJmdiP[[mQXKjDYmmO`vZYq]AdAy_\\KLLrliueKBWGq[JtZcL^N_ljW^SQcFO]wQGLyrRkrHD^_TbWTHJXmBOg[][OVdBFmuJaUxubR[fF[NKDvvx[vrjvCZl]XDVOGyleJBCVMbFSVILNRXSZgaJvKN^uLYKOFWz\\]`tutbOTlX`tO_Lzkvc`pp[w^IKoXrMyJjll_YaESpJnheghML^KoZggFxWlXZwtKbk_mZ\\SU^NzfgOt\\]bMTCKjCFfaBphssQcGuHunjLpRMhAYj^PurkaHXA\\hnuQ`qUGVEHzUbo]INs]VEMr^amBIj[jtfNzouP\\saeUb_uSDOXu_^GcaDmzDSyfdXFiUohNyXeo[sPzfZxuSaLV`eYlHPX`cylJYMyOaKvGtRIinnUeVDTCMkIkVwFiAEM]GGaY\\jUHfE\\O\\kyUvnK_ejxiDNsdENGpEfchMvIgjLXHOuOfylnMthrWIsVOqkDXygJqHQHze_oYSpZJyMfSZtvWoM_UaupzIzIckY_hdnbVtZDSYLPdEkyFkmBvmnZkipQThrZaiyjfR`^VILwUeMvXBDsxWcuqUrhEIkfbmjuFBSoKPgnbrEG]tsSey\\JGEsR[sZMX`UcvRpWiOhikpTzQlKKQXBcQ`oBJAURq[VB]\\KKE\\dVRnZQksAjiOvz_mRV]nNiuVsPZR^paAFoogQ^G^QQAfdb`V^jJphQOv[wvJrZVLIhJGLr\\oOy^whPlQkDonflSo`sLUbwgrvp]vXYKfOUainSNLKeZneb`XVUaSgGNSSfBsnptStI`RKdBNeAKw^tMTQEaDrrzHGOWIRVYUlHt]COMmTThgwQpYYhciPp[BJXKwMswPcpLVAkRBsok_KTKqZyjdnkEwhrSeDQ`[WYDGFZYhWaq\\EwrqNU^OJS\\rlOiIXgybOQHlPEkz&quot;,134)" fullname="Open_Lab_03._10.Tests.GetNumberOfCharsInStringTestRandom('`',&quot;LW`Xxnfn\\NV[sukCEvwOKA[JAiJdqZv[U^amD`lrqvRYygna_ItDsBbLwVWOdCxBRvGUTyz`JEYPjBLUudFhasbTwVqiI^NnyPHDaZM`JUtncS]uKCTAxP\\ZTnXyIQWgrfRZuHn\\W`^Lynkesv^FJNpinhjnBOWsxMwxBCzCOsdXmP[`CnFMnR^epcgMXA[IIeOmrndqw[qQdXw^NJkNIKFfiSHYWmfNX\\PHBhiPKPQS[MAXgIyNQMzy`dD_fKZJpcsHIp]a\\[DttmK\\RjmNoXxL\\QbXeJezpH^rTtPqgYmqIGFmYcNvYMVYfhgsNEvRqEDlPTHY[vbVeHDULpzCwiadmEMgMXdb]\\zDDT]F[o\\]ezo_eRgYFtUH_[zLG\\LDSAsIHzRsStbINDymQhCvkK\\cHr`cTRyzdXKeHfXezoFLSLu[\\MvZYPTH_PBP[i_Bvc`ptUfeQYvvEQQvxEHGV`aTECGrdHJQQEQjgEbHbQIATXCNyGRWbXfWCMlqNnAJOffAAbOt]z`FW`zhAst^pnjsZuh[SluoQzmilCNXrYucsaz]MEqUu^T\\wmaFtoakFkoWnQvxf\\fXsGAtuLNOv`umgQmy\\H^DrJ]HlciwIsjYrwcpmgLiaSp`qCk]_w\\^xcaiesIR^RFCq\\vkixMpwp^_UwQjsLYLXL[PVuKt_uLOMmjVGAoakgbIEBThcZZRtufeBfUnmSQCeOSbNvcrXr[keSKUa]RE[tVSHEU[gAoYV`^qil[hrbuCZvAi\\zNPALbktA[IbHLWCCUEoUgoCeNtzStMDfzgn_YJynxiRRFjW_zWavuHTYNWyilaGOFvI_c^eKGBWx^k__]\\S]fHlrTURBLPBXbCMKbrv]mWpskWu]r[LPNedxKQLNLcyqzzV\\_UxeaqjPSsHx[pKlEmJxYPzQghQKXytlAZx^^ajWuUeSJNnVXNlNpYCOUgys``sTyVxArhN_CnCEegGZtumJMgwbWjIqcqqU\\RToQm_kzNKCVxdh`_zfniGSZVdI_XvMwicTTSIGWBJy\\uMZF[QDrLbnKBUvJVLcSyFhUQUMVsOl`Hq`IKDEGrUkGpJRyNxBpag^o`EoFEhzxpNCKpmySH][dVa_GCOIuNvy\\TldFOyCKVnRcGHI\\ziiELtYy`hCp`EjtPbqEIsDIZQOcOwAvGhv_MtP[Se`avNeQDXS`QESGfaeueqjdhHjsJLgVRWl^T]MMgx`rd\\eBUotgOUp\\uwto^mHrkxNuSonIUYOhRszM]h^USAGxaPdWdYitqhGgNkjaBkSqFIKCxgRqPm`kqQTCLW_wjVqdmSzmywSbiPrYFaZxGseDIWpwWgVfMWHkRaQeh_rSZxBbZvxexbprkn\\V^CVSbhVRIGG_QoQbASdKUO^\\ikhfaPz_FuHeI`kmbjYSoZTIQNqYJQBO`udrAklsHcZWhfY\\brdepKgPX_UTZaUotsFOwtlry`LMzx\\foVrShWZUOT[\\WXZaNe^o`K_iFmfQzZQZDi_DjCG]ZlzcZQ[bGezU[gFdqIMvkJVoDAYhsVqK_AVoLwPpREJU[vzWdvNbpLmQVL`YrmikooqZQQYusXdgzATIABExIPVTOFZzXqx`WZagE`GS]SiXbGQUsWYqhkc_Y^LKrZ^C[EPa[gD[vm\\pbxlIpEHAXHrfqBObUv[Dpgx]qkuLTyuvPnx\\lDVnS]eTNdjZY]GARXzvzPREKvhZMvWDEmpQ`hlSBeOMA\\nqsudrnB\\\\lRdWpKGRNgUfgp[eggtVAFDjIqbSR_PCRU_OEU^r^wzUGHKCZzKHIF\\gNuOzdoAiXRUSQMaSJCsDGjcBf_sRUHuLsrBJF^NiwQwpmslMZsxGNXa^RNUEviUPWJZZLWMgoKHpmnOmmgs\\Koy\\R^srJJmOwhYcZSBDfRRCPll_ybRPqsEcLxHi^U]eXttEUfT[eoqs]vM`mTtcr^XDcpX\\KT`QogfWsgJTNreBCMFPlbvK\\unu\\p]_NrPRP`EpQqhFJ`UAsWBWkIkdXVoutluCJfFVcTm]IQzvuqAwanBFoFoFHgttlJv`vfv_[yX_e_OZJojbUsTGjpNEqzOw[slyUZzOu]\\bV^\\QrVwSxS`sqppGXrh\\k\\DlnQFjp[hsXlkLTxM\\DvzITsH_dtrCoAruZj]bPM^]eg\\EEemZfMXo]vYvIaFwdfEWuqld[fLqY]^gWD[zGXWbcDX_RbZjHbtzbEKOsIzAAaVzXl`EGGqLO^oqYNStL\\jrc_FRtLGxYWaBiYG`CUdAkhkEQTpfqFo`q_XtgNLuzsnswmIAGnqrsiGvnAA`V\\GSbBKKANtoJjBrtsI_Lp_DOxgIX]FgNf_^m\\QubyzttChIhOBus]TaxDDeUCm_HNb^L_FYcNwNqfJMQ_[I[LnkRx`iXg`_L[lg[JxIIcSe`GkSurUqbdDwZrLNyXAvhXBVt]lGaSAssJKLNMoaSjwcWoNdxkJlcWwHFUYYFNPPdLEPgAzmdZdy\\ZyFOHIqIOP\\MCGsoV\\EZgyKkxxxkXHInyggWTJxFZHUwcDduGxNy``o[nURKKFkGGiOW[][M^zz`eOHuTDdZuKNZsLcysmuUWNptpN[e^A[``Op`NWrH\\RMw[p^Ou\\UkEfJXZNEFdzwtjhtdWDl\\vmsEAsYAjLkCgk\\tEYFzSl_]VSMnvurrjtpSnEWaoEWXPtNzMz`yxmIKOWjiffFpUsSmuIGzB_KOVHM\\ENavVttwkeEWVhvJzaCWa\\EEt`wYcuoHJNdYFJ[[zVCPEjeUdBPoEqudI\\Cpx[UpqxMHD]DpFcXKYozJubpbfACTTAPdHe^_BMZH]]QHxZi]ZjKT]suVfnKputoDMZi[EsJMVsgYRidMRaudqwHOkIsOBdMdiNu_kNXaaxydM]DxJy_TyKNQS[kvzuKlfDjEnF\\DIUDsx^BNEuEDFse_zdMQ^]afmNyJnzJE^\\LeHVToY^rFpHfmYLEKsKagnXFj`sZFkAaehzWeQYrze\\pfbLkcuzLSv_rjPdO`DlUpbBFYoZt[TaBSc[IUIrKloOiIIhVhJSvtHzEaGSn[GlzU^`Hp\\uXLacBSSwPHEMRAeIKcWbOpEjfDPTfd``MPukS_ylNJCgWuZykVU`ZtgbHqxyDyQgc_zCFupgdeUEnXTkdQdQPzGTdTc]aAhOtWDruXsp`hvo`bnj^MVmVAWcYgZmSTGdxFKXU\\qLYnkbERnB`syTfuttz\\YNyF^MbSrZXWVBWJUbPo_HsXM[UnyCMRXsDcMSP^Am[UdI]xw\\aSdKxRVasDsoToNFz^ynwBRlomg_oExXq^]uiMvlNgZMfMYfG_JzzJ`_ArWKermoG\\xqSTXmbMaQbFFbTBXPuyXhxxtqqkGWtfGKOcSnHXYmcOwvmord[^tIDQsUZbvqGKXwyvSlidI^`fEjAyDCt]wWlyHyjyT`\\bfYrAwr\\FvqUVcXMIU\\^twdOBLAnUBkQcCyAfsABMaobFBVWkladrCbfBKqovDGEKamTeWaQTZQTIBIzpeCd[GY`[Sy\\CLGJZjX`OBlTLQPXmO]zBqyRA^dDIMtRYEOITHtYedkosjXKrAnLpy[LMoIvGTXCI[vGBHEfUEUYFKYRGZMHYh\\ZeCv`yySRLifXoQJjwIrldBGCWrphGPd\\z\\]yM`gWmCMW`A]pP^LQqkpcwsIHJeLwEJYToK]X][yapj]VUzXcDTfPfuBTW`NHrQRVcJBFAooVlPnMWmmJNdtl_JhuIJAwNrj`YGnKyRbO`P_WGpxdmDuNXarY]HwrorIu`OoPybLvBeMOfRnTMWJJw]HsPVirVk[hHersAieKsyMmTcnKUdfXhyxDGwzdtUaQK_HB[uS_lyRxPV_hb^]mFCAJgnmEiBR_Yvcp\\mkZQHfigznkYSCVrnLH_yUgINpkhn_UnjLonD\\yXR]gABgVywhfj[Q^YERDRuBt[YxjGOcnSNkN\\hfGbZmlFteTYiWjlYg]PcLbExPkTtS]jDBkYL\\rIQnbndQXssCuaOxt\\DBdKBXMbIdUhfQawpTyoeo[grs[qXv\\FHOUJsgGtbzfAvkMc]ylvzErPbxTJwVJNIP`WwWEIMFNeI[kGfsUZJaGCXEcuTxxLqXsgKqfFuditrMGHMM^DAjEcI]yroJoPIBolcEwpNO``rMLLy\\iHZtKGTP^hroRkpZlqXV`IQiqmK_kwRntS\\hpOqhYSaOyYxokY\\Uncw`qlDYwp`bWEuyPHd]AjwMcBjXpVnS\\xzQWvqELXldmzsu^y`doyUDgjxoBfdaBNGYEecTQ`RcyT[cJptqqJ^]dvehyCC`nLb`tZptVLSOhlFSPUfLmmjrjdpIAvVO^lpnmujkzA\\frPpsqSXeWqnA\\jqPdht[qDlvvSaUeuMlREAZnxSi^lrgyoRCE[GSHBon^uw_mDz\\eBjWjW\\gUKwFLEwHA^QKoteQPMwtBowZlVCxFuThyZxwEjcZyo^OnphlXZG][cfaO]TpCyCFKcMVviLae^uMQhgwiQafoqNVoXhcVmWzmXEKdRpiNasxiYPbpXGlYWRTVqa_AdKsGvZtd\\SX\\rYNxPhVHGmyfeaWFkpmlRieWAqmzWyUEjQbyDVFJLWuqLM]UDnsfafJInrxZuWlIYuvTzYBUkd`uooKnUXwcGi_EHYLLYgOpfmYRRIVel^vwGPUyhJE]ZJBjVrMaNpwDVkOCVs]LCRqcnbxrEM_PblV]kjw[voXvbrbVARdphs[ISZwotU]ARh]dVmSgwBPNtuBvzcrmcjbiRMJRmHbbSWetVyAOzwsgdMOYXAoQ^jYcFnSIcBuo[iv]QHaBcdmgqvFExltlTQDcyBobfrfyCELuRmIP[niuwlmKhOKqHI\\KfS^OTyVkxodljLmLddRabJfMPdtXhoqucAPzOtw\\XywIIA[]\\yN^rvd]gQzkFyCIxjJjwnwjhpIcM^EOJWvibSChXmSyuLWYvoKYrlaiC^qCmAQJLkbiDUbfg\\RJ[yp\\YkhYSgXXqNgD]AuW]JmJeiVbM`lVZXNEiUdCTrq`TJrqi^IgbvgRLfqjVGLnuByZzbVHXsCeSMq\\q`sjWFo^kwsC^tgNgDfRKYqGHAPisCyzpVtpN\\WoN[iDjTe^LpxPb_QXimcWqFfixtNIArAKgqEkknWoWl^DEiXQE\\H[tzyIpAFqF]^Upnck[ahvVnAEccdO\\wD_j`RgrvujhaitNINRFgp_nMEFztaMWqUIZyeP]vt_fxNpFGrZUSIpH_k^[LhyViTrL`[P^yoJnRsqyPAtCGsDh`BuNHoQOuJxeWdagbvW^yBpgu_LLovPpPJg^`BWJ_vsIvLcfZM[K]`j^LOTcdF[ytHVMxCGa`MzDIhkjv`lb\\ETj[IRRhoaY[tOnqViWGufPafV_^egDUt^pnfmoloskfbdOZws`qU[bZDJonnoDH]EbWZzKdufSBueyCGEalGNzYwVk]xAxApdJ]CsAwiwwiI``ZKmhjNRAPFIZDPiftiRLR\\\\zNDdDJQQQXqQRLTOn^ctXtZwhzRCAqTOyimZfdOqyosCNyW[`Z_iibEGoGwDsNPZDcScYudJPludBXjidr^bSf`Wegf_hKyl_YzegnCfqVYxh[EXXN[AkiHXCvylOE]FmJEdXFCpprkwNcjKbOHZkxApQbbkpQWmsTK^V\\zSLeLsyKK[LnKAxCVpIPSq^RA`[yDtYLoFPpOFlIrFXH`BGWoqyUVGJJotegXAGQBzzElIoPDAYMYVmyYEJNvDqhwFAV\\FkqzHF`BBfgBiRVixkZGfNTqsUyJRIfHZoxPbNQPNwWZ]MNm[zyVaOprXAGnHVktA_ctTFHkZJtjqtTgGLiRJQbKzGsbG^HsM^ZydTZVsOvWVGA^gZgwgYkjxXuMN`dwCA]T[VDmmTZuUKptFUuhqLLnnjAMZMHSfyUUdgDQWtKSzpVnbBHsfvFqoialUqT`MGPVp\\PYRdRwBtoxUNeYFOhjt_`uGRw`aeGs`zxGlibBeIpvucXHLv[xZa]RvUSzhlWWnwYUQ_gXhfEkieA^upTfKIZy]gKXVbUtmZIxKCrhODQn\\mcRUpFsXkLe]ZseTPBGRLxP\\CTsxgWHsg^kDtCa\\\\\\BN^\\kJNUzBJ\\QoTpR]NulTEmqwIaZM\\eqjwCybcikRXFiKNvkDlDObkiIkfoBguna`fasQqkt_JZwyEfjMqW[XVOzNuOwogEXe`I`gDZMBKkXQlJfzFpp_SIKWaeWcoFsECRZvFCIXJZNfrj\\kcwjrPsSWyJGZCeNEsTN[jjuCgXVsv``rIfzrWApJzDxwwjU_MIm^\\BAsCgKr^Z[ZdOQWeVir_D[gmxGwDqgnmBVGfHpjpxfac_ThYxuqZvzYbTGFaNohmggctKl^azBaXuENeY_FvqUqBx`RAkJcIynvrloOMXQ[uZAhPt[HjjlwSqawf[]qpZXZGIVtePt_auwcwrCHPBsZMrdBKsdluZe[BabG^b^ZqNWXuxznXVaobyNP_UimgHeGQ\\bWQvdh_Ydz[MHMtqU_tptCTSbItlnicQHYWc]]msPIUOoSN\\sqnGM[b_DyT[omfuWKEiqQTrmAalhF^OvXswv]Dgrs`^JRE]][rdO_fc]vUMuqqy[E`XujzuHXrxkpi[vDONNuAWlQZzHqmBBbCEmgcn\\x]qhirhNtQrbdkaDIgePzmQeqwJmdiP[[mQXKjDYmmO`vZYq]AdAy_\\KLLrliueKBWGq[JtZcL^N_ljW^SQcFO]wQGLyrRkrHD^_TbWTHJXmBOg[][OVdBFmuJaUxubR[fF[NKDvvx[vrjvCZl]XDVOGyleJBCVMbFSVILNRXSZgaJvKN^uLYKOFWz\\]`tutbOTlX`tO_Lzkvc`pp[w^IKoXrMyJjll_YaESpJnheghML^KoZggFxWlXZwtKbk_mZ\\SU^NzfgOt\\]bMTCKjCFfaBphssQcGuHunjLpRMhAYj^PurkaHXA\\hnuQ`qUGVEHzUbo]INs]VEMr^amBIj[jtfNzouP\\saeUb_uSDOXu_^GcaDmzDSyfdXFiUohNyXeo[sPzfZxuSaLV`eYlHPX`cylJYMyOaKvGtRIinnUeVDTCMkIkVwFiAEM]GGaY\\jUHfE\\O\\kyUvnK_ejxiDNsdENGpEfchMvIgjLXHOuOfylnMthrWIsVOqkDXygJqHQHze_oYSpZJyMfSZtvWoM_UaupzIzIckY_hdnbVtZDSYLPdEkyFkmBvmnZkipQThrZaiyjfR`^VILwUeMvXBDsxWcuqUrhEIkfbmjuFBSoKPgnbrEG]tsSey\\JGEsR[sZMX`UcvRpWiOhikpTzQlKKQXBcQ`oBJAURq[VB]\\KKE\\dVRnZQksAjiOvz_mRV]nNiuVsPZR^paAFoogQ^G^QQAfdb`V^jJphQOv[wvJrZVLIhJGLr\\oOy^whPlQkDonflSo`sLUbwgrvp]vXYKfOUainSNLKeZneb`XVUaSgGNSSfBsnptStI`RKdBNeAKw^tMTQEaDrrzHGOWIRVYUlHt]COMmTThgwQpYYhciPp[BJXKwMswPcpLVAkRBsok_KTKqZyjdnkEwhrSeDQ`[WYDGFZYhWaq\\EwrqNU^OJS\\rlOiIXgybOQHlPEkz&quot;,134)" methodname="GetNumberOfCharsInStringTestRandom" classname="Open_Lab_03._10.Tests" runstate="Runnable" seed="111692371" result="Passed" start-time="2021-10-19 19:34:08Z" end-time="2021-10-19 19:34:08Z" duration="0.000140" asserts="1" />
            <test-case id="1066" name="GetNumberOfCharsInStringTestRandom('P',&quot;NNucrlA]XjnQRDxLVqlQQjcOMooFaJd^iHFNxIXxIvOOoyzEoDitOPl^ffVCwuwOFQbJyjOMZnHV\\T[OpjQ^[kOZVccSmVANzAI^WpGFp][\\HWCSLHNNdYoVBInVHvZDntW[LwszdLhxPnRz`QHfIneaMm]OBkytCWhOAbGOONdYlqFOroqronvzPpOY[dxtMnvtFDyyJsWuJLoVgNXNuHFO[iyKTioePkLxuMJopsiwWBqDAslMMkzFigYXEof[ElfZzr\\[EdXBZIrZsuJ[xbY_kGOOoljBMNsfVWDJXRIdTxg`oy`JeK^]TGitcMfStWpLQMD\\qACfZoLn[iZpMaXCkVR&quot;,4)" fullname="Open_Lab_03._10.Tests.GetNumberOfCharsInStringTestRandom('P',&quot;NNucrlA]XjnQRDxLVqlQQjcOMooFaJd^iHFNxIXxIvOOoyzEoDitOPl^ffVCwuwOFQbJyjOMZnHV\\T[OpjQ^[kOZVccSmVANzAI^WpGFp][\\HWCSLHNNdYoVBInVHvZDntW[LwszdLhxPnRz`QHfIneaMm]OBkytCWhOAbGOONdYlqFOroqronvzPpOY[dxtMnvtFDyyJsWuJLoVgNXNuHFO[iyKTioePkLxuMJopsiwWBqDAslMMkzFigYXEof[ElfZzr\\[EdXBZIrZsuJ[xbY_kGOOoljBMNsfVWDJXRIdTxg`oy`JeK^]TGitcMfStWpLQMD\\qACfZoLn[iZpMaXCkVR&quot;,4)" methodname="GetNumberOfCharsInStringTestRandom" classname="Open_Lab_03._10.Tests" runstate="Runnable" seed="815523790" result="Passed" start-time="2021-10-19 19:34:08Z" end-time="2021-10-19 19:34:08Z" duration="0.000047" asserts="1" />
            <test-case id="1067" name="GetNumberOfCharsInStringTestRandom('r',&quot;KaKfpkxI[ObuDSeHrD`uvZumpGTym\\vvoogZrzdDOfz[ruINmusSlUllgXpjXyVzTgGPgKPsZ\\fQZZvvxFMscdJZCunZJugQPzGLotbceAsPi\\SM]ulSm]Xj]hMlWqi_pVBZSjHD^dOclukbcbxPIT_mcXjHhqMoRT[T[stnnioIOpycwfIpsZW\\qOqvAAWgXZQX[WHkhJ\\[_V^nYHKBiWvsxy]LBxmnRIlo`bH`^YHjxvw[kC^tpUyA_X[\\tvijWhIWeiOrze_QOMuBBC[y[txxKkQHGgfcjYSQnaqBoguLqhlS]YZr[jP^jKMtYHkSyvaqteO\\LZKozmH]zxeiMoHzIpacTwdhvbMuHvYsKyfB`\\^wDku[]CGKnahEEfIPq^sYaMUD`m^NIG[hRd_cCILt[CGaNTo_qWLBcFWrVrvj_sBhFzn[H`MhSzx_FopLyzXmvZFLMhNLM\\UcAZ[NaTXRJ^jdIslbBkl`\\PmgubN[SB[qfV^gUbefcGcXj]DUvfJ]joGlgnTzFwzICsxmUFNZFGxUhUwY^t_gryHrOmzaOf`fH[Ur_QzqYkWdqmERqu\\LXSQElG_cFgL[aSNMAFuNtiNHc^A\\hijUKTNoJQFXmXkl`vC^`rRlzOSjEJ]NGCuXxqQMEYDjz^\\\\x]cg[^wqWyUvB_jAosRj]TnifqYGocl]mqlcapmcFEBz]ULaiDuHLlzeitBeEqCoMsJKnHZzFidXSoMQesXlhdQBrHuhoI_PCNmdLBnbdvC^IbRthkALZRGdbHTfMmKwJUVFCcEdFpHlamtPpAzDHSqlGJBDiHVrlFTnLLrFfXGdJUCpODpLnGoq_eytaBvy[PA\\YFDdJtYkMMbmGMpeRJEeQ^ObNx`e]IJuTbWIzLCtiEeSCMmTMQgQLWKvr\\WLUnOEDhY`qgfFHKvMtw`ALLYL\\sixX[R^oq_vq`OUnN]`faJA[xCuwWAIUCcLz\\HWUHQRfAWTiKMxisauii]ZXXbYpWanxDVSFGL_QsUZbiMlJCZ]]h]Qziywas\\P[cWfouschCeqTCsiLpOnwERPaESXHOyYXEzySawPKroZDgxwqPlkdiTWRHEkb[\\YEMZPCtWeszcEPrLtHWbr^NoikdhL]MhjWWVrNhtwtGreFOHZvLcLtdvqXk_ZLLIgRsis\\Ug[]eyWWKc]]OPQe\\pm[`Z]J[lhyLSMaOxa_IjPe_[MHCxxvrBpCvYwvJQBtQYKsWwNQim]maIvEMVH]nmGJ]KepAfVrhVUGPUlGjhNF`D]n]sioI_F_SBWLRYPDWeEKnposdBnG`AeZhqTIwbjIPqoOy`oRXJjuyRAgDqKGlzzRWx^[EHHpvwuxBatEN\\jVRj[WqgFFWcXQr]rABTNQCtzCWCf]wGtPQdAg]HeXBBYT`eG_isCtOYTXkYAnBcJQiHzN]K_ujpOB[f^lwGnDDzBrQcwEHqWZsHeYesC_UIKZKSxEuOquoFNiFIwtOZmsYpISBFHDDPjupchyfrJsA\\emuvS]wJPuVSAVJeDpHmr_WSt^\\yOXQtsxKVYFmeHuzo`]bRpAnUlNeFWbCoBxuse\\[CLnLyC]ew`cnWvJJNevIeTEzqCydKzHJDC_GBppROchaoogsrogOiTpjGnVvEt[xXYjTXCHYoetCf^LBWFlVSt[kMozNZtNVHkJVFS\\pgOZEZnEdcT_yIEe_yyGcDtyuX_uvUqwEevjEZVQZkWfGVOMDGfWHLsmmP_hvsIOmX[UMV`EchhrgOs`IRrpjZpslJwpviVabIsjvuzhaaoZ_AF_Wz_dBT`TcbcCYkJtSGQ_VJeORJOIeVUkEYYvJl`Nc`GURxOpXuHXkbINVQRrFWiMMsyASNkabCvqCPxUvYlkOwz]QKatZhIMquHYyO^KKaqigRKFTxwgfxxQs\\kHgqGttizHI_WgvbaiGRqyz\\a]l]btxq`^^V^TZwoxRCwobPlEXPKbemILQeIXHGKSysJ`DMOJ]tgw`lv\\l^\\igyslNSDpoXpKseqiGLAKAAFlFLg`igfef]gAAXSlJZVED\\EvvNVa]QhftGgCf_HHlK`VxphisOBbfAhdGle[RFHUpAHtlQFfRNTswixF`hhOOGzsYCvutgqfCKaxinwcIWPYhphXo_udYtFiBO\\jULlfWhplIzWmkEFsraLdU_GUmMNJEsv[SNNxfdBzzwPoIItToNq[CrUqEWtK[ggQDwZ]qHNN`LeYOSMdTtUrB\\X[tXtOkr`SPzkLiW]gzcvqNvbmJPraSpOc`zdZOy^hgSJPbAvwXhrYaaNxpHF\\AzA[kIginDYBFNKvlRKITuJexpCymfdHtBhhSj`ZUMIUOqSSWRM^wwHFpV]uGhwHZRHEa^dCmkoHmpVH^jc[ZFKxubrwMeTgPAuxjOmsiJlLHzTAAVXWF]iTHJKyfgqIXIrluYYOwjlQUypuOqwrMwbnSbp`EnNCScozIcGbwJZVkYzITPkpkzv[aEZTctKI]jxlKqmgjUuD^MCtchLoDXRThTYDInzDzQsB\\Nx^^EFWFrxUB`lvhVFFXdEqXi^wVqEMUBYUjiQzRvOpWECdBDWdLmerIHFpaJAOnlAzGWLzFGn\\VOZSftuRZ\\AbXbMcc[YIuzCfEC^fsX_FzI\\thnKhOjpSkYc_KdXeieaVMoOcWPZCxvbOFSvpQkuLKkuf[y\\OAtWUbFhs_bRzPmUorTZsibUxkVL]tcIXoKCD_MhzeCQiZuvXVFoG_caY`ZeMuLywZtLFkRQegZNfRf^pZoGooCtLde_Fc[FZDTPajqgDpJZFVvGtvonFEKHWAz]GnKCMUnbxWxFdHCyecnph^eKnhAUtLsajUaQfHNlbUI]xiJxCM^nMKocIAO_TZil_XVPalS^VCNTUIMF^CSgiET`ayIftiXIgXx`SuWQtAYJw[NznJARGBD[DqjcdhdgfFhxLgmcfCnifJdFkIrkhFBfT]\\]LogLWl_qmPoHWYfENUpuMds\\qtz`DCdiKPWrVbRufmT[UkTPZxXzhbQcvLV^mymkfFwHBoifDuOZQXGG`jFGfeBczovKMoIgAdoOnMOfOlvmTqS_EOxCtgEBETHMs_ZPmcZgcsST\\[stjOPI\\WFxqFnT_nJZEBmjSgAkXfwMwdbYnLRqEzk\\Z\\YgoFIoisOZhIbCN_lq[tBM_UaS\\TVFQQQqOTvR]H^DVHkedPc`NuB`[LI[`pSV^IIXsloudZTTVxrWdvjMkqsWPkWDK\\mgoHaMzTms\\iwnaiJ]TmqdGGfgQmHHVljHhg_NXfXQJqkBuEqbatjYeJai]tvMLe^kzoGtJwEiUaZQVdmMwaa\\BQ^^Gpl_jKE`SACGxwXepADEjPTtHjQfECiiRcnUKazK]uxUagOzIvgBMYoq\\rWztY[QRToUJC[OAtbpSyS\\[R]IWh\\sowsTJzRDZhCMruqF\\XATqy_^_v`cwStesw`MKGFAc_VevGda[WgygIBpYVoN[iHGnYUuUevUSAlSdtbYRzI`guyjvjnoSratXOr^ljLq[RgfXiM`nVv\\ab[sZeyeqGC[ZruUBDgcnREUOSSM^OAwvFSqoyEHkazUPMM`ns^kjThO]GeGSmHcFF_U`E`Dz`rMSkECGnYelQNcXEUiUypyZXOKhrzjT[lK\\[wlBcz_T^qpsww\\kriBktnv]uUPnjRQ`CHxHchmyQfwaZRlu_z\\lk[chBOGNkkeL`PppzTHKwCZOqUDddUOkp`pc_QGUa_N`AkAJ]wvLrRphATqgL^eW]uWAZMQjMndYouNGTtHhYDs_kIcKZ[IDurDGUAjPgMzEhWsGGjSRVxyYBrQReFPle`^xqGlTJrALDnqTP]EjHrhwteE^jYeaxNZItuPzyyH^wmVNAwBIA`enrbEMBOelM[OqUi[VMElJjKAGPr]mW]aXdgQRpDyjUVQ]^`tS]gvwn[DhaxwKmrVkuqMhYI`JGBoUt_djxJQkbddIdclsGnx^AachSLtUHmqmgjoCUNNcafIQMDEpXhCSEQTSwwWlPwconr]tnj^taUwVXR[PHDwZk^hVV]GYq\\SeCU^UbKCiJIljUyue\\HdLzIEPKG_RcEDFBSSDoFhxBOQblxBWb\\wirGftPNK\\fkFEFghCgrpW[gKks]^MFHkHHVNvgZnauMRRJL]EPykkfaOKwuAmjyV^AyxkZmVMDO\\NVsahAYwGXz\\bGCylYBrwqnQLOmf^d^hWFApDUTmRBPGB]VdXodoBX_WccVYOnZ^tRE]FNuXFP`ubgPisIOizjfyaeN\\yu_^cmNjYt^KtLjmrepvSgaF_k^JgFv\\zZZKkCSoZaQyfEonAsGwoRJSUZyrODCSyCK[m_BpSA]mVbZ[vjJnyzgiPGqRD[aV^yAcuUB\\rRdopXwmz_w`uPTyV\\Kfikms[HOXarabihwhVstsJES_^A[NeCNYJVnG_lUiI`LIxVqNTgc^cR]eXOUZgAm_eIXTupJe_LkdsKaIJNuy[jprsJjPXuBHmg^px^S_]yzXbslMhLPYGoEuSa[kFtMdJcrLgkLguW\\\\kYPAX]cLedBycd^WDcYdlVOzB`awAd^jTcKuQZTcQBz`asdDNocSyrkUJQzrwgKAGSezZdGeOpSjWjZIw]iMBKl]spkAZ\\feqyYNOddehyEI_Ay[rrvZxyzwaIHesGKmJitXQLtStE_CGcxrqQIcaLgrz]hG]ylboRyqHbKgxcas[wqyLQocxbMxBCXn_nquTwOoeGkOF]fxfnWDgiuMKIdNFBpFJWIKmg`^hBTE``]\\wOSNfUHpsejKSBicRfEjU[LzOtVeVqgffIQqibZpPTRIwULgSknu[nH\\DTzmz]ZCyE_KksujLPZAJCCthiReClKsBpnVchqntPKrpBw[qDjKTGSAQFEQKpzMtgIuE_H^ZgHtsLDgmrnzCz_v^mF]d`cDPxyJsBVSvLlhyYHFCX_TCAJuINXSYettDEdvNuok\\[DqOrwEeA[MBPAPnDAfdDtRSrdupMsHdnrbwTfRQThXKhsnDTHJuIGXbm_WOBPYITdNYZT[YjUQW\\Hezpr\\FiN[gZAKoPDOEPPqEeVdAgkKoqBFftXYKnSZGIbyZIgIgFMHMQaVZN[ZxCfqYu`useEQwpkvCXKsAc_jeutUTBzxTt\\D^k`_dlQBBwKW`eSCCcYV^wM_BKbqeHwDTgYSrgOOR^hhj]pijxuk[Faa_A]YK[XtzGCsMAKVTKEAO_o`VsGhMLdOGrnqKqEqGoidZw]jm`XQBaRAMxDRTjhn^omUMTL^FOu[pLFZWXuhoTMaaneNnn]WGvGfJH]ZTuLnfrKBrdvwoAyKbMoZiyjSl^UuF[POv\\TuHZuicdVJrabGwwDxTCkVKsCI^QwXUgBTgECHSFrFda[KvNxJWSvskyjPXmLShxpK`OZrtvfNLemeYrMPSnABlIciVnk`t_YfkPehnGP\\ghgFLEqa`wAuxnYWfl]GLFUhMHuIN_]M^_UE\\^]QwKAx__hwqNCBeIPbTztEKiTA[oWYYUvIPLKBFWIhZxRz][bVPnl]dYGOqz^kIO_]SumYyO]wrLeNWT_AMAJfdY_rEwKFsY`LZpgchIWARofYnsr^[^_HFssuVvUCDWEYfZobhvSDeITpnGDLEhfVuYGawmMloUxvkMmUEQp_K[^w`DGPsIxWli_NTOfujbOPLYFaTjHorGKZuJAsfwtgXaKBh_BqevpdMOkGy`wJAI_f^FSJNmOmhbseODsohRJwQbMgYuuGAkfOC`^cMrcsgCveVFsugH\\jzcUwsfkTsImxvecjaQcqiRQNfcQSBzZtOwOZKajaHPA^Qxil^JUW_fBiSHRQUXSsisizVJ_zaCiZQmwht`prfDUdvaHDPZLkxHoYOiWUfVp\\wbX`KdXpb[Nf_FEoB[jHry\\Jx_YKI\\MQOshTJcsgCVI]uJtJecSKfieyGNcfKMhFNwXfYleZbDF]pyOneP`aJCf`OiNvAN\\phCPymOltxtcbcHIHzoBvgHwLRrWj_jZUcPomjQBV^gcP[DxG`FwLLaIaFEgvsBVO[NzSTWXjmfXA_hkOtQKYmNJBHNgfdF^]RUpNDenJiMY`JICYTYBcrx\\MDyLGjlFgHuiJr^KP^AjaodsyLOSLEveUscJFYh[wHmXO[sbpNlFqNvY[FNv\\ZtcMQUQOUFqpanYCLd_Sh^ySqnGxKjzLmz^OJLyFbS[IvPQ[]WO\\icnvuPV]NTEfFeDbPKsAfYkUDqXb]g[o[^^JLbTup\\rONoCQLjKS^OpPrZsErnzbsQKbHuViqyKKb]GOnHWn]IQMhNRmjPCB\\QVxd\\IQT]]`DfiVSdQkXMFkzytucdzbvIiQGIeSyFZzglIC`wZFyRePLfyfcOhk^udvxXOJzymRmFDNprUgKtce^YF[KzkjYj]lIMEHhQGA`T^FblpktBadSyX_RozAOCtDcSEcmNztncEKvAsZJzpXJtYJo`qtRFm]ZZ^PgMygBgpkuNdRv`qPM]ujtvoMWFchpbk\\^dmwAJV]DiPbw`xlP]Qx`oVkYmPwDIuS]HoRmtODHXfLfMPrIrYTRnwjOC_NtZZvnxEplgyVOMqIIJEM]YnMjbAjLEDkVAKiykXiH[G\\tCEFxoaExRk[fMLMwVdgcNzNCIJYlVECRSTh]vmW_ynDPjDl_Lmlq[tfCrDpeITbNiJTt_jAdNHe[wxSEYu`dSLrYieesxmWfLqbaksA\\lIdSOLGukkMOnyu]RuLtEIg\\lyOFWlU`tErJc`K^_kHN`HsNvEPphGXd]IaPwA^yVhUjGkumjiVTAZvdGBKS]_sngOhZzua^NJ&quot;,111)" fullname="Open_Lab_03._10.Tests.GetNumberOfCharsInStringTestRandom('r',&quot;KaKfpkxI[ObuDSeHrD`uvZumpGTym\\vvoogZrzdDOfz[ruINmusSlUllgXpjXyVzTgGPgKPsZ\\fQZZvvxFMscdJZCunZJugQPzGLotbceAsPi\\SM]ulSm]Xj]hMlWqi_pVBZSjHD^dOclukbcbxPIT_mcXjHhqMoRT[T[stnnioIOpycwfIpsZW\\qOqvAAWgXZQX[WHkhJ\\[_V^nYHKBiWvsxy]LBxmnRIlo`bH`^YHjxvw[kC^tpUyA_X[\\tvijWhIWeiOrze_QOMuBBC[y[txxKkQHGgfcjYSQnaqBoguLqhlS]YZr[jP^jKMtYHkSyvaqteO\\LZKozmH]zxeiMoHzIpacTwdhvbMuHvYsKyfB`\\^wDku[]CGKnahEEfIPq^sYaMUD`m^NIG[hRd_cCILt[CGaNTo_qWLBcFWrVrvj_sBhFzn[H`MhSzx_FopLyzXmvZFLMhNLM\\UcAZ[NaTXRJ^jdIslbBkl`\\PmgubN[SB[qfV^gUbefcGcXj]DUvfJ]joGlgnTzFwzICsxmUFNZFGxUhUwY^t_gryHrOmzaOf`fH[Ur_QzqYkWdqmERqu\\LXSQElG_cFgL[aSNMAFuNtiNHc^A\\hijUKTNoJQFXmXkl`vC^`rRlzOSjEJ]NGCuXxqQMEYDjz^\\\\x]cg[^wqWyUvB_jAosRj]TnifqYGocl]mqlcapmcFEBz]ULaiDuHLlzeitBeEqCoMsJKnHZzFidXSoMQesXlhdQBrHuhoI_PCNmdLBnbdvC^IbRthkALZRGdbHTfMmKwJUVFCcEdFpHlamtPpAzDHSqlGJBDiHVrlFTnLLrFfXGdJUCpODpLnGoq_eytaBvy[PA\\YFDdJtYkMMbmGMpeRJEeQ^ObNx`e]IJuTbWIzLCtiEeSCMmTMQgQLWKvr\\WLUnOEDhY`qgfFHKvMtw`ALLYL\\sixX[R^oq_vq`OUnN]`faJA[xCuwWAIUCcLz\\HWUHQRfAWTiKMxisauii]ZXXbYpWanxDVSFGL_QsUZbiMlJCZ]]h]Qziywas\\P[cWfouschCeqTCsiLpOnwERPaESXHOyYXEzySawPKroZDgxwqPlkdiTWRHEkb[\\YEMZPCtWeszcEPrLtHWbr^NoikdhL]MhjWWVrNhtwtGreFOHZvLcLtdvqXk_ZLLIgRsis\\Ug[]eyWWKc]]OPQe\\pm[`Z]J[lhyLSMaOxa_IjPe_[MHCxxvrBpCvYwvJQBtQYKsWwNQim]maIvEMVH]nmGJ]KepAfVrhVUGPUlGjhNF`D]n]sioI_F_SBWLRYPDWeEKnposdBnG`AeZhqTIwbjIPqoOy`oRXJjuyRAgDqKGlzzRWx^[EHHpvwuxBatEN\\jVRj[WqgFFWcXQr]rABTNQCtzCWCf]wGtPQdAg]HeXBBYT`eG_isCtOYTXkYAnBcJQiHzN]K_ujpOB[f^lwGnDDzBrQcwEHqWZsHeYesC_UIKZKSxEuOquoFNiFIwtOZmsYpISBFHDDPjupchyfrJsA\\emuvS]wJPuVSAVJeDpHmr_WSt^\\yOXQtsxKVYFmeHuzo`]bRpAnUlNeFWbCoBxuse\\[CLnLyC]ew`cnWvJJNevIeTEzqCydKzHJDC_GBppROchaoogsrogOiTpjGnVvEt[xXYjTXCHYoetCf^LBWFlVSt[kMozNZtNVHkJVFS\\pgOZEZnEdcT_yIEe_yyGcDtyuX_uvUqwEevjEZVQZkWfGVOMDGfWHLsmmP_hvsIOmX[UMV`EchhrgOs`IRrpjZpslJwpviVabIsjvuzhaaoZ_AF_Wz_dBT`TcbcCYkJtSGQ_VJeORJOIeVUkEYYvJl`Nc`GURxOpXuHXkbINVQRrFWiMMsyASNkabCvqCPxUvYlkOwz]QKatZhIMquHYyO^KKaqigRKFTxwgfxxQs\\kHgqGttizHI_WgvbaiGRqyz\\a]l]btxq`^^V^TZwoxRCwobPlEXPKbemILQeIXHGKSysJ`DMOJ]tgw`lv\\l^\\igyslNSDpoXpKseqiGLAKAAFlFLg`igfef]gAAXSlJZVED\\EvvNVa]QhftGgCf_HHlK`VxphisOBbfAhdGle[RFHUpAHtlQFfRNTswixF`hhOOGzsYCvutgqfCKaxinwcIWPYhphXo_udYtFiBO\\jULlfWhplIzWmkEFsraLdU_GUmMNJEsv[SNNxfdBzzwPoIItToNq[CrUqEWtK[ggQDwZ]qHNN`LeYOSMdTtUrB\\X[tXtOkr`SPzkLiW]gzcvqNvbmJPraSpOc`zdZOy^hgSJPbAvwXhrYaaNxpHF\\AzA[kIginDYBFNKvlRKITuJexpCymfdHtBhhSj`ZUMIUOqSSWRM^wwHFpV]uGhwHZRHEa^dCmkoHmpVH^jc[ZFKxubrwMeTgPAuxjOmsiJlLHzTAAVXWF]iTHJKyfgqIXIrluYYOwjlQUypuOqwrMwbnSbp`EnNCScozIcGbwJZVkYzITPkpkzv[aEZTctKI]jxlKqmgjUuD^MCtchLoDXRThTYDInzDzQsB\\Nx^^EFWFrxUB`lvhVFFXdEqXi^wVqEMUBYUjiQzRvOpWECdBDWdLmerIHFpaJAOnlAzGWLzFGn\\VOZSftuRZ\\AbXbMcc[YIuzCfEC^fsX_FzI\\thnKhOjpSkYc_KdXeieaVMoOcWPZCxvbOFSvpQkuLKkuf[y\\OAtWUbFhs_bRzPmUorTZsibUxkVL]tcIXoKCD_MhzeCQiZuvXVFoG_caY`ZeMuLywZtLFkRQegZNfRf^pZoGooCtLde_Fc[FZDTPajqgDpJZFVvGtvonFEKHWAz]GnKCMUnbxWxFdHCyecnph^eKnhAUtLsajUaQfHNlbUI]xiJxCM^nMKocIAO_TZil_XVPalS^VCNTUIMF^CSgiET`ayIftiXIgXx`SuWQtAYJw[NznJARGBD[DqjcdhdgfFhxLgmcfCnifJdFkIrkhFBfT]\\]LogLWl_qmPoHWYfENUpuMds\\qtz`DCdiKPWrVbRufmT[UkTPZxXzhbQcvLV^mymkfFwHBoifDuOZQXGG`jFGfeBczovKMoIgAdoOnMOfOlvmTqS_EOxCtgEBETHMs_ZPmcZgcsST\\[stjOPI\\WFxqFnT_nJZEBmjSgAkXfwMwdbYnLRqEzk\\Z\\YgoFIoisOZhIbCN_lq[tBM_UaS\\TVFQQQqOTvR]H^DVHkedPc`NuB`[LI[`pSV^IIXsloudZTTVxrWdvjMkqsWPkWDK\\mgoHaMzTms\\iwnaiJ]TmqdGGfgQmHHVljHhg_NXfXQJqkBuEqbatjYeJai]tvMLe^kzoGtJwEiUaZQVdmMwaa\\BQ^^Gpl_jKE`SACGxwXepADEjPTtHjQfECiiRcnUKazK]uxUagOzIvgBMYoq\\rWztY[QRToUJC[OAtbpSyS\\[R]IWh\\sowsTJzRDZhCMruqF\\XATqy_^_v`cwStesw`MKGFAc_VevGda[WgygIBpYVoN[iHGnYUuUevUSAlSdtbYRzI`guyjvjnoSratXOr^ljLq[RgfXiM`nVv\\ab[sZeyeqGC[ZruUBDgcnREUOSSM^OAwvFSqoyEHkazUPMM`ns^kjThO]GeGSmHcFF_U`E`Dz`rMSkECGnYelQNcXEUiUypyZXOKhrzjT[lK\\[wlBcz_T^qpsww\\kriBktnv]uUPnjRQ`CHxHchmyQfwaZRlu_z\\lk[chBOGNkkeL`PppzTHKwCZOqUDddUOkp`pc_QGUa_N`AkAJ]wvLrRphATqgL^eW]uWAZMQjMndYouNGTtHhYDs_kIcKZ[IDurDGUAjPgMzEhWsGGjSRVxyYBrQReFPle`^xqGlTJrALDnqTP]EjHrhwteE^jYeaxNZItuPzyyH^wmVNAwBIA`enrbEMBOelM[OqUi[VMElJjKAGPr]mW]aXdgQRpDyjUVQ]^`tS]gvwn[DhaxwKmrVkuqMhYI`JGBoUt_djxJQkbddIdclsGnx^AachSLtUHmqmgjoCUNNcafIQMDEpXhCSEQTSwwWlPwconr]tnj^taUwVXR[PHDwZk^hVV]GYq\\SeCU^UbKCiJIljUyue\\HdLzIEPKG_RcEDFBSSDoFhxBOQblxBWb\\wirGftPNK\\fkFEFghCgrpW[gKks]^MFHkHHVNvgZnauMRRJL]EPykkfaOKwuAmjyV^AyxkZmVMDO\\NVsahAYwGXz\\bGCylYBrwqnQLOmf^d^hWFApDUTmRBPGB]VdXodoBX_WccVYOnZ^tRE]FNuXFP`ubgPisIOizjfyaeN\\yu_^cmNjYt^KtLjmrepvSgaF_k^JgFv\\zZZKkCSoZaQyfEonAsGwoRJSUZyrODCSyCK[m_BpSA]mVbZ[vjJnyzgiPGqRD[aV^yAcuUB\\rRdopXwmz_w`uPTyV\\Kfikms[HOXarabihwhVstsJES_^A[NeCNYJVnG_lUiI`LIxVqNTgc^cR]eXOUZgAm_eIXTupJe_LkdsKaIJNuy[jprsJjPXuBHmg^px^S_]yzXbslMhLPYGoEuSa[kFtMdJcrLgkLguW\\\\kYPAX]cLedBycd^WDcYdlVOzB`awAd^jTcKuQZTcQBz`asdDNocSyrkUJQzrwgKAGSezZdGeOpSjWjZIw]iMBKl]spkAZ\\feqyYNOddehyEI_Ay[rrvZxyzwaIHesGKmJitXQLtStE_CGcxrqQIcaLgrz]hG]ylboRyqHbKgxcas[wqyLQocxbMxBCXn_nquTwOoeGkOF]fxfnWDgiuMKIdNFBpFJWIKmg`^hBTE``]\\wOSNfUHpsejKSBicRfEjU[LzOtVeVqgffIQqibZpPTRIwULgSknu[nH\\DTzmz]ZCyE_KksujLPZAJCCthiReClKsBpnVchqntPKrpBw[qDjKTGSAQFEQKpzMtgIuE_H^ZgHtsLDgmrnzCz_v^mF]d`cDPxyJsBVSvLlhyYHFCX_TCAJuINXSYettDEdvNuok\\[DqOrwEeA[MBPAPnDAfdDtRSrdupMsHdnrbwTfRQThXKhsnDTHJuIGXbm_WOBPYITdNYZT[YjUQW\\Hezpr\\FiN[gZAKoPDOEPPqEeVdAgkKoqBFftXYKnSZGIbyZIgIgFMHMQaVZN[ZxCfqYu`useEQwpkvCXKsAc_jeutUTBzxTt\\D^k`_dlQBBwKW`eSCCcYV^wM_BKbqeHwDTgYSrgOOR^hhj]pijxuk[Faa_A]YK[XtzGCsMAKVTKEAO_o`VsGhMLdOGrnqKqEqGoidZw]jm`XQBaRAMxDRTjhn^omUMTL^FOu[pLFZWXuhoTMaaneNnn]WGvGfJH]ZTuLnfrKBrdvwoAyKbMoZiyjSl^UuF[POv\\TuHZuicdVJrabGwwDxTCkVKsCI^QwXUgBTgECHSFrFda[KvNxJWSvskyjPXmLShxpK`OZrtvfNLemeYrMPSnABlIciVnk`t_YfkPehnGP\\ghgFLEqa`wAuxnYWfl]GLFUhMHuIN_]M^_UE\\^]QwKAx__hwqNCBeIPbTztEKiTA[oWYYUvIPLKBFWIhZxRz][bVPnl]dYGOqz^kIO_]SumYyO]wrLeNWT_AMAJfdY_rEwKFsY`LZpgchIWARofYnsr^[^_HFssuVvUCDWEYfZobhvSDeITpnGDLEhfVuYGawmMloUxvkMmUEQp_K[^w`DGPsIxWli_NTOfujbOPLYFaTjHorGKZuJAsfwtgXaKBh_BqevpdMOkGy`wJAI_f^FSJNmOmhbseODsohRJwQbMgYuuGAkfOC`^cMrcsgCveVFsugH\\jzcUwsfkTsImxvecjaQcqiRQNfcQSBzZtOwOZKajaHPA^Qxil^JUW_fBiSHRQUXSsisizVJ_zaCiZQmwht`prfDUdvaHDPZLkxHoYOiWUfVp\\wbX`KdXpb[Nf_FEoB[jHry\\Jx_YKI\\MQOshTJcsgCVI]uJtJecSKfieyGNcfKMhFNwXfYleZbDF]pyOneP`aJCf`OiNvAN\\phCPymOltxtcbcHIHzoBvgHwLRrWj_jZUcPomjQBV^gcP[DxG`FwLLaIaFEgvsBVO[NzSTWXjmfXA_hkOtQKYmNJBHNgfdF^]RUpNDenJiMY`JICYTYBcrx\\MDyLGjlFgHuiJr^KP^AjaodsyLOSLEveUscJFYh[wHmXO[sbpNlFqNvY[FNv\\ZtcMQUQOUFqpanYCLd_Sh^ySqnGxKjzLmz^OJLyFbS[IvPQ[]WO\\icnvuPV]NTEfFeDbPKsAfYkUDqXb]g[o[^^JLbTup\\rONoCQLjKS^OpPrZsErnzbsQKbHuViqyKKb]GOnHWn]IQMhNRmjPCB\\QVxd\\IQT]]`DfiVSdQkXMFkzytucdzbvIiQGIeSyFZzglIC`wZFyRePLfyfcOhk^udvxXOJzymRmFDNprUgKtce^YF[KzkjYj]lIMEHhQGA`T^FblpktBadSyX_RozAOCtDcSEcmNztncEKvAsZJzpXJtYJo`qtRFm]ZZ^PgMygBgpkuNdRv`qPM]ujtvoMWFchpbk\\^dmwAJV]DiPbw`xlP]Qx`oVkYmPwDIuS]HoRmtODHXfLfMPrIrYTRnwjOC_NtZZvnxEplgyVOMqIIJEM]YnMjbAjLEDkVAKiykXiH[G\\tCEFxoaExRk[fMLMwVdgcNzNCIJYlVECRSTh]vmW_ynDPjDl_Lmlq[tfCrDpeITbNiJTt_jAdNHe[wxSEYu`dSLrYieesxmWfLqbaksA\\lIdSOLGukkMOnyu]RuLtEIg\\lyOFWlU`tErJc`K^_kHN`HsNvEPphGXd]IaPwA^yVhUjGkumjiVTAZvdGBKS]_sngOhZzua^NJ&quot;,111)" methodname="GetNumberOfCharsInStringTestRandom" classname="Open_Lab_03._10.Tests" runstate="Runnable" seed="1141249608" result="Passed" start-time="2021-10-19 19:34:08Z" end-time="2021-10-19 19:34:08Z" duration="0.000113" asserts="1" />
            <test-case id="1068" name="GetNumberOfCharsInStringTestRandom('W',&quot;nJHKJ^GzlDcDMwIvqL]qoaCsD[npHrGrbDqxuzIzYtCdfeNClfhBhBDMGPHijQrtwl\\JGLBqD]Xv_YMYNkD]KFKazdqfrZPHBJhuJDwaeqyKdIiiCj\\zNViqavK]UWzdMQuVkRPJn^rUHzxrvIcIyQug[qTOt[LOrUyTOSxkZRLk^TjbxTbMnqfwVNvuyBQTRd^nBddcKrjgEKIGHmQatz[AiBxAXDmYBsZtqw`TkyBwHzrLFomLlk[RJ]EAgcLHEQfMkOQLNwquy^tjKludQbhQXHjTs`hHmusqTf[q^byou`TgcUpuicq^dUod_wThOiHDeDV`QDFjcsWsoDk^jmYKEUMyqrRbOQ`LXPB`yQee]Hukywp\\Lpy]QxzPqWiZm^[SSK[_BL_YIoiw[]AtCpVYRDv[QlibcKrygcYo]R[AQaU\\OCpUWpXwICAPPANP]wqxwjQrELXkVUHlj[LNvUKmnvqecI`]DK_UkW_`lyQLYganuO`poATImDJBsgPvgvhLqnBSvg\\xDzUHVCjTdkhDqWcgM^gFjV_^zVxGNMtI_WEmjCgqxvRwNeV[LUGXzWOi\\rHzFcGWq``ZRpxKrqIoDbPUA]usG\\IHIVQsuglUouGhFvIVXvaJO[ftbnzchNQUWXRw`FPLEnzI\\cPFU`\\KvzshkWQHgIgbelQhdMqRgUE[\\]Yy^uOImFZX_eLIoH_vHX^kRc\\HiJ_auXMNyRelu^p`StIzAi^_qITDyihvYG[cbs]HXyK]^mBecyXXZ]GzgzkmEJOPejTnCMxZXBbC_ABDHj[AQP\\wA[wcIjCOjusoZNbWAyAYvE\\fxhfUiOzUNWncQVRhyTTdINdtHEzSPDBvzQe\\Eia[u^aC[zGfgTZbkr^kDlNdPhEKVrdzlqcQmtjehaZIyUfwdZLHnuXS[xLNYVhcWGtqkJprIsC^SEeuBIbwg\\MqYPpph\\LRtqmr[oMZeTyuruzWSQMQolvuuDX[UzJhgld]Sm[MwHSS^Ry_QY]WPv]IurxXXlFeJRNFQ^E`qzUhYdXdEsKv]mYlP\\b[pDpKBhJLDtOmUxaQaojR[US_bKHWs\\qoweknJKfkZL`LeYa`MIL[mPz\\kRcramSbCZqkMmGWIyrOoHtJdbKkQWBgePDsboKhsxJKcqTZBpRoYkgdXZNyccRfXJFxjOoUoKWqyibmOkj\\FNOtcZ[HbLEQg^nYlVjnAxANUpfis[kstqaKvLUQngncFGK[vIBsAv[HNA`molPG[MXpwd^`BZzTJXIOfKnjYsrxVYwugb\\BXgHsiU_Sf]ravGypsRHey`hcVZZ^gcsZyxw^PP`Qf[DwBQBP[GCVZrDrz_^PuBgDdXcyJ\\`clry_]kbEYKC`a^zGuF^lmPVeoATdiDFzaZdct`VOwZrkyG]FX\\DExoq\\]Tj\\XyVUFCzGuXNVjOoTYfgh^NMMzAClcHGaptqyD]fvHWLAOiUiA^DrgBxKmJVEAN^mRh`qXpPwzkaHBLyRfTlFEPtnwgMuHauusYibI_QLNGrv\\qIaKDYh\\YiColulcVoYqgPc]XIGCarxXxSF^gjDHNYZkgmXe`csRYFpa`DnvSevbkeqZoNwflRcNqsqel\\^yyfzr^`xcwHpc^sACwyqRfMaH]bkhNJKqHxcEfzvOPTjd\\AjxsninfLSmFrUvoQVnxz[aPvWwCbBS^wg]smpZ[XKwfqzoeAZzywg]`JiwXlkDJzPILsDC\\vS`o_vZvcRCHCUaQJwiEsCjgHmfbrcmwX_CeHhAOOBp[ivHfisBvVxctdsgmPrEz`Fk_RvJ]vZprNPyMfzsyaqb[vIBOAOyXwpudLdTmj`AvIkgUu[HQzFZi^QcJuu\\h[YvYUUABfGPBqgRL\\hT`GiXqVLGvAKsoDS\\kpOz`[FetqXsryXhNbvalAECIOFB\\O[x^KbVNhnFBD_zyTPxd]eNIljjlMqRVEJfWZUgWB[anp`i\\EDpzHXydMpm\\seAq]kwutd_ycacBE[SMBNgIASNgLBJdcL_X[jRFcob\\_rWbpw`m^a[exrpK^PjsZvVXBKbUJMdNfKdJvfrO]WGCluZctGcSEjBd\\z`eUKdQwMymNgOrY[WCoTfHlz\\CeQIwJAhvGNtRnpF_wgUMrlueTyoIUYtVibggEBdNzTlLaEPzNHLFeOKtV^cKL`bhT_dMJZ[uCHN_AjDPjpuMNnl[WmQaZYBZmDrC[CpohQC]Bgtg[T\\WfU[anJqWIt[dFomwsBogzF`wlOZkteGGxfoXdRPRMYgnpYXMuwoZ_pW`o^o_kF]_nUgZAUTal]ZaZmGTrMpxqgbHPOcF]kbHwIA\\lxM`cNhBWpGCW\\h^Q`hGm_KllNEBuSeRmfbtzPUdzal[HajBCDqX[tiNn\\oVJgHDKpQkuo_AKEHMnjeL_Cyq\\NqswUG_\\z[SZhQSPyGO`qMVm]ZDqdqGhQcwyYoahA_KeonFZRv`wkReA\\G[uDhsIUfIFTTrKab_RBlxjUe`hRKxyyv^RUfeTgCQJeAFyEVVJmSyjIk`ZIKrJhKGYq`pvxLfz[oEU_acvooMfwnJdFLK]KG\\[thH``ZMbhzPUfLubbwVty\\\\CVMpmAIpUSe\\rYDVUceyx_pxuQduOlc]YMFJTe[a_JuCBkDI_aAQT^^^aOu\\XObcjICfTuBkIEZndnwKN\\VhlSIuibcEkyJPcSSshXoe`PIODjunSkNwttrWzHxmRxAJvJLR[D]pgkI\\JuryhomzkNWi[vs`[CTcPyTu_cTONXPIlVNFQyF]LAYin]q_KxUdXaLLaxZE\\^mSxOxEinO]xqXPafGClpEPDfkLKB_T`ABhNFk``mpXisgbIwevqXSgY]PR^lugOvwwpjB[ub^zzgaKyJCNXc]HhUOkpZBnrIInvklZvKBOuTgmvFSUjhPfYpO[[Qf[ajHq^nOOXcSMaONUi]ojHgDKt]UG]Rze`biKMqOIrExGVCEKcumx\\vTtfxxAZHmFdhhz`CHrOgsCjxpqXJ_b`BIdNo_OtNijRr^hUFf`mujoDQJiHGcPdKab_Elk^tyAyIksZH\\S_ypeSUaxfqHmeYGHQwJQTuCtwiqu`QOAfQleVwOK^oFhlLV`Bdc^yLzewvhd^fXUbGHUh\\mThyn_oUHkTQtwilB[QHiZOfgrXlGfEBs`rOpzX[pboxQNm\\fpFhD`nSECSvHDO]fRXTE[vCCqRGfRUZFvFQ`XxSm_Jnh]SlTRRypZWLuDeMOghmitqMyywOTEa`QHUa_`nTAVdf_tV]mkEFrWFnfGnVVCfksrvmiEiitUmSPKhEcZ\\cz\\itCbuXmXxxktnhxdoiCWM^em^\\YimvbCkXJCjHKQw\\WocWWzGzfmadOKOQDYyDfCWiIW_vth^l[kHqKHEZcnPo\\HIynZDlRsqTXtOA[LGyOpI_DXGvU`\\rnbNBOaIZdmZbtnZQtEyWhR`fyduVTHXmXyapgMluCgU]WaeQypCPbEK\\CbCegmG\\VgKvMddgTDTAxDPYzeW^FHKToEnFKGOQasHjWjDVMWw^kJ_ySefCVcWN]qGHp^]MpD[Ew`BPaBRjLhdeaona[Mvy]tNacvaiujhgj[CmcV\\UQhCoN\\bAkvldI]cCS\\gf[cp\\zwvGmAxFkbhoqYSHTayyxE_MsA[HiqtisbpQ`\\OjygsapnMtI`Rueq^uXiOmaqWuhzwPdCbsSOzQMxXFnbyJ_zDBDusrN]JIQxtqqwQGxYcWrMi[QIyzrMWivvMiJkfqErAOEbOrQsLFXgJqMYaE^KQDbLuukbwNnmSzM[VjuGizBQRPlV]lJbStbwgthUGjwxSfUKdlCrJW]QCRtfJUEKDLZYYPo]BazyCDxgubmliSXvXQuUzCLmeluGLwmTxapdX_OyTNkbcT\\ko_BHVZ^yVNTQJq[ypYoI]n_tCvAlSdKRQJSguey^CqOJKxp^mlmK`TNAAIFZZlglDCAz_nDLZQFg`UiFG^yarAlxvSgm``ERK^GHwpyyibkONb\\fZATvnGuCRDEMHQguMo\\CObIQ_zsQP]jTqBT_LI_EcDptlmrXuqCZGZXrrDWnNenoUkVGwHiDQXZKlP`mH[VZ[PNXd]gImkqyQB_AXl[nHzJizMFc_efnOUUE^y][[aQ`b\\ukk_UWAbR\\G_XXWDeHFCjvg[^ZPATbieG_RVszPPmhCtxyaEDWvJ[_lyDPBvGAOkn]YsFBLfspQCtn]_sKwwf`JcmTRdyUImYRG\\aizCLQReOjEQm]CvESFOSqFmjbg^h^dchByKLukUN`TDOBq\\RMiGLsIkcMSddnxkG]ck_sjJbkAn]C^ikLM[p^WotOczbHk[cdwmYFxY^_`\\sVN`ietYa^vdFnrQQkc[z`LtFlPeOnxRxvw^ACQxNStFiTheOgImwE\\SJUZxUOKn`dfJrUQO[fMhfGKmEeWbfKVsZdTfcSczIG`Eh^ntWuRRsohDKhtjrcHUOmjNAffHCM`_bGEbr]LltEAfwQ[uZsH`yKpvnatlOJOfPI]DdRsUXW\\KmEQkKkiJEAaWRJnRdZ]jpUWnnXRHAnHbieIjPJb^\\EbOcFmZ_blxumVYh]wmZaJRsyigAEBZszOknHLierdZBJhwPkBmNoEuvPWeXFZZ`SFv^ef`ROIbxjQjQlXPCPMEuTo^lbQ_YJuiEmYeF\\\\yg^xLyhTfiKWPFAAJqHokxdInpbe_SnJboNYXWd_EOeqOnedDmOoyhlBCUJVXCpTvAp\\sbcnMck]SmuALyblDzLuDMVDNNHBYRuOxJk\\J\\bVwOiP[IKY\\DPwovXgM`az\\jDBsgDCOFbcXqxo^FdECiaVCyZClEPevbuNLhXnFIKW\\h_xxdIGv]wmIhytMAQJpxgqwkcqipyu_JuVZ]EHwJiZeHE_i_bFrBa_AiBNBRYG^COzmdZkvJNgONLofDHKNtC^dWUl\\rGekcvctFlEErJinuQn]MbxJOsezlVWPhPECdvfRdvaSDFWkUjjGbPOQJ[]jRcIjUpWcEfKye\\tQAfGI\\ufBgQiYAntIZvAAnqxNjofi`k\\FVxP_UTNWxGDEHxcRmB`i[s^KhtZhOw]vocDC_VoFheDgntFlMUw^Lnf^[Fq[uaHBeHP`u`mWNZAqprWonh\\uzykBwacY_TKH]BBge`rgbaPlnphcjCgNENCgWOdUxUruPsUnqjJNpoSZjyNGsAj]gwCOzVPWw^jNiV]u\\ulzsZXPucwYA]\\weVNSpFn\\[nRSFFkT\\SfyOkdN`mTWYrV[BmcSHKFWGQ_EHFKprdwhr^iulAnClWDdYrRS]YLRNPryL`F[c_`puhc^EibHWCejMvgQnrSZXf[bfjiMuS[NrOikOnOnqEuKfIlQtpgkLFYPMBrUAVNDcXryMvCzd_dSkPw^yYTEgjBmpZ^Mvun\\qqcOQmDxngGh]F`xEUVcCIXsVFJnXpEjlH]thiNLVVRzcUQkuaIb_LZhZjsKdPaycXvUcfPWGKMgrXPAoYtqg]LaioZxqCcFpSXLYvHORm\\UympC[rVLWjRGMVgnMSaDbHr_zEcsQf`uBqbvyX^yhXjFBRyDPTCzMXmruRCWP]ukKXEVnkpopbWKXm^iF_dxc`idEkBhVGjK^yueMdP`_NKeBbZIoTRktxIei\\QCjHYisMhYrs\\\\OEYVVDc]RstCpyQ`qQvlSNpXo\\mouBQvrp\\p_mOesolqOWstvHbbxkJBOBatRncQcyKA]\\BEBQs_\\zJYdstmZjxHg[a^MVTEL\\OPLsX[G^`gre`PsHQZupqsADUCu_rgxnSAktMk[ZgvJRPBuRfEEuKWeVPI_U`cgtjER`_yv`y\\IujjoSIdsncCdwVVeEMFtEPQbLkUmgJ_wjNkgaUMMwjtQg[VKIUrSsbEfYHccnqMdDGujfjEjAtwVWzvkUKeSRLEHIEOZldYG]PNaaf_ZQHSyfjOYMsNdLuSrBmaa\\fyW[psHmUJjfKBKtF\\ZppNtWoucwW`nEyyfJv_pqHgri^yBsHxwQGkfXEAfvPKVpVehMWAybgdiJVLsqtkoYc^yNSNEvsuaxQCStRo\\HzUe^C\\CtHpB`VwMsgZuJwCimCktSsz`EOhZNs[KqKKoDsBbTqZNruSKxgr\\RcjAHQxQh^yzMPDylOfuAJ`]ZmhKw^]bBysN[JgnuluprZBbqTYiAx\\ICNbVcnTKBXyNXp_cbszPOkfzlFTcEnbD^jLNcRKHXkn[[nKBpqHHyLtSbbd]ZlFOpvjheQzPhrr_wL`xvRnNfZFRpsfAhihge`e`D^W`qrZGUVWWCgbHxscWpYrmezczJLuXaAtXvOWnzyx[]PyBHailwOjfgeurP[xI[zqCmJMj]pWr[WPVBbsd]I[RQNlRT`_`Boz^ZvOyTzPHssKPU`pibTfS__l`XvVwRqpfWmwFTuP^sTZYC\\wojpxiJhyuKiaYeSpBD`tbdkVhDIZLES]vyaN\\sH]inBveTrsa^XV^cULz[PeAOnqrMf[DFUJvCKocokULPshhxySdVOAd]\\[zKDXiXp\\JOZ[YacKjvYlVGIuNSqhqTaZbjoXlSgoZX_Y^^tDnERhDkEtCJKVaIepiztjlLZWOeRxbjWjZnumCsVrevVcIRNRmjk^eKRbfuZZYHRSm[wnOsnqeCEqqqOxWAKszsFO\\SHHYwY^eDphVZCuvutbF\\log]CXwYSuVhRvkfXhebMnBacxxQxEy_JAbT[wtBbLkuShIHKP^Lx^PxmGtFZg\\Ovr^RUXK[ocAADGNuoqFhbnafldaUCobuj]z\\KrmmECXU^OufszQdaogIQsalqqXABFQbHmkxDTc_VMH]iv\\D^xUvprKRRBwOfXSYxT_GOT`NLImEkDCvVU]DkVlQbYgBWUtytj_UWUoKXHjgEGbNyAsQuOhcbO`qg^qrPoKA`i_A`SgcfFL[rYDV\\cEeBvmHoy^tRrXQwaiQ]slbcFw]DFzN[[WgjazdvXLapmRohu^Qkmtcr]BwzPEjzPYq[laWbFUEgKlqnIoIbi^iaopM_CdfS]baT[TwUHifXowglLIq\\wIQmkQgvTs`\\imKdL]TproZAsQlrI\\StnKWTQocKgBAPJJiCmD`ipBdIiQu[_ons`fi_WqSXuJIqoKqibjFFveElbNfztIfrNIk_\\KgvkIoftmU^ZLspjiwuawwIKT^l^Qdg[SMWDJUnqYsotHahPqI`Lpx`N^lXeCIdJiDGz\\m`TIEIDIOCmp\\hHD[eVgI`YxInQPeLEZinEcLDkp]FPiepa[\\FNZlSTNHWzRro^CyTHid_sWuaKDPjSTMpn`xeiV[r\\oDZxhbMjQhsrwMr_KIPxXDfEBAyETflNmCDS[d]\\CzBfUyqSGG^NKtEkYUvhdHWfweFuJ_EbfouXBAkDJfyNH_CsySuGhorudWjjtwJcCwbWygjYes_xJI^XcMvqdxtqwzofQAJM]WLLxfuRd]\\pQul[sSHgBSyECk[ysDHeiS\\nxSZwSdMG]EaCOTnyt^LJXHIMLvZaVrGyYy^`sKUXGrbxKYk`QJlLGRVpJNlWKglfycdQpNFiIoD``LCmLtQLFvrGchWfZyMZGwzcoZjCECDSOqPyKyLRW``Ck]iHr[OKbdZdL[xlJNHDs_smXX[\\mvDaXwrSlcLdoslfXgmkA[HJY]KLewjZAnXg`sLPcfzbB_OznNVlfj\\SouIvlfipsldB\\FF_[^HU[`HuNLYWayoQRFrekQ^wxKjPuN^iHqQHcGsPnNhaNROuxTjVN[oJAKXPprzzhjPkhghLMcr]dxjgvpSb_I\\hCGHXjcZvOhs_C_MQf^IecRaC\\lTA`Y\\`Obhb`Q]eJwOvELdXdBvAzqElaEwxOYVpLTP[qelUB_\\gDfyPHwX^^\\aX^wB[U_VkaZjlvJayQaz[VYiuGgqSBrSkmswudQA]JkFdvMUyWZNw]GBFOGUiiCjiGyyCMfUAa]QfSEztRrwceWOgqrg^vSnHAX]wORlkENVzpWnKH\\WqGHEkkSMVzrEOiJevbCfAFM_XAOr[E\\V[vwAsSmMvFWkMIHRflsdEqWltdhk][lQ_]eTlIlcpqjvj]ROtxLiMsRd`LHPfBj\\TFMk^o`^zPoOH[BXRYq_PCEfKBn`B]wnGObdQblFXhjwEC]EJjxNKKLQAa`]Az]]SAHttYHjglGbTIaH_jVS`jcvCQcjCOEYLMdDvdLlbNaZDdwszXxRdJxdYLqcqYgXgiWH_^Mv_ekRIIrZTjkfRnoBOAfjmcuJbInVNpT]KCnyZg[PTXOGiBGstUt^s^IvkajzV]L_VN\\OAqcbaVVVUn\\aCu\\twqehtrOtx[urLjl[`rsDmSx]HnbxEJx\\ASc`dnVIcieF[_JeCBAKCYHesHaFQQon^ZqtHLqm]j[DhrCcewuDJmYcKyg]NQsRuqcBiP]qKOiTyEwAFx\\TWkekAOiJ_U_MqJIrPAuU[EsvEFeGCfWQo`vJMrBZbTRpj\\]ovElECHtRrjfuebGtxOXRNyeXz[mGmDLcdpLxuSNhfdR^MGpzMYs\\EKaw[TFcUn_o^CQoWJyfBjfegHLsfntULj_YOO^aNeTsF]zJqAdDZMZU_wPSIMwatKdo_raIgYYWWn`KHBCeKqvyPJuSyKYAhmyutLfy[[WBoDylXFLGKSWDOf_UxOJ]AXidoeQwWDKjZtJMLIusyRpVWvfNhRAMRuBXUUwnoOkGHheV\\RIpTQ^ibTNtyDPFCyX`smrrLHDjaiNjQQlVILsA&quot;,135)" fullname="Open_Lab_03._10.Tests.GetNumberOfCharsInStringTestRandom('W',&quot;nJHKJ^GzlDcDMwIvqL]qoaCsD[npHrGrbDqxuzIzYtCdfeNClfhBhBDMGPHijQrtwl\\JGLBqD]Xv_YMYNkD]KFKazdqfrZPHBJhuJDwaeqyKdIiiCj\\zNViqavK]UWzdMQuVkRPJn^rUHzxrvIcIyQug[qTOt[LOrUyTOSxkZRLk^TjbxTbMnqfwVNvuyBQTRd^nBddcKrjgEKIGHmQatz[AiBxAXDmYBsZtqw`TkyBwHzrLFomLlk[RJ]EAgcLHEQfMkOQLNwquy^tjKludQbhQXHjTs`hHmusqTf[q^byou`TgcUpuicq^dUod_wThOiHDeDV`QDFjcsWsoDk^jmYKEUMyqrRbOQ`LXPB`yQee]Hukywp\\Lpy]QxzPqWiZm^[SSK[_BL_YIoiw[]AtCpVYRDv[QlibcKrygcYo]R[AQaU\\OCpUWpXwICAPPANP]wqxwjQrELXkVUHlj[LNvUKmnvqecI`]DK_UkW_`lyQLYganuO`poATImDJBsgPvgvhLqnBSvg\\xDzUHVCjTdkhDqWcgM^gFjV_^zVxGNMtI_WEmjCgqxvRwNeV[LUGXzWOi\\rHzFcGWq``ZRpxKrqIoDbPUA]usG\\IHIVQsuglUouGhFvIVXvaJO[ftbnzchNQUWXRw`FPLEnzI\\cPFU`\\KvzshkWQHgIgbelQhdMqRgUE[\\]Yy^uOImFZX_eLIoH_vHX^kRc\\HiJ_auXMNyRelu^p`StIzAi^_qITDyihvYG[cbs]HXyK]^mBecyXXZ]GzgzkmEJOPejTnCMxZXBbC_ABDHj[AQP\\wA[wcIjCOjusoZNbWAyAYvE\\fxhfUiOzUNWncQVRhyTTdINdtHEzSPDBvzQe\\Eia[u^aC[zGfgTZbkr^kDlNdPhEKVrdzlqcQmtjehaZIyUfwdZLHnuXS[xLNYVhcWGtqkJprIsC^SEeuBIbwg\\MqYPpph\\LRtqmr[oMZeTyuruzWSQMQolvuuDX[UzJhgld]Sm[MwHSS^Ry_QY]WPv]IurxXXlFeJRNFQ^E`qzUhYdXdEsKv]mYlP\\b[pDpKBhJLDtOmUxaQaojR[US_bKHWs\\qoweknJKfkZL`LeYa`MIL[mPz\\kRcramSbCZqkMmGWIyrOoHtJdbKkQWBgePDsboKhsxJKcqTZBpRoYkgdXZNyccRfXJFxjOoUoKWqyibmOkj\\FNOtcZ[HbLEQg^nYlVjnAxANUpfis[kstqaKvLUQngncFGK[vIBsAv[HNA`molPG[MXpwd^`BZzTJXIOfKnjYsrxVYwugb\\BXgHsiU_Sf]ravGypsRHey`hcVZZ^gcsZyxw^PP`Qf[DwBQBP[GCVZrDrz_^PuBgDdXcyJ\\`clry_]kbEYKC`a^zGuF^lmPVeoATdiDFzaZdct`VOwZrkyG]FX\\DExoq\\]Tj\\XyVUFCzGuXNVjOoTYfgh^NMMzAClcHGaptqyD]fvHWLAOiUiA^DrgBxKmJVEAN^mRh`qXpPwzkaHBLyRfTlFEPtnwgMuHauusYibI_QLNGrv\\qIaKDYh\\YiColulcVoYqgPc]XIGCarxXxSF^gjDHNYZkgmXe`csRYFpa`DnvSevbkeqZoNwflRcNqsqel\\^yyfzr^`xcwHpc^sACwyqRfMaH]bkhNJKqHxcEfzvOPTjd\\AjxsninfLSmFrUvoQVnxz[aPvWwCbBS^wg]smpZ[XKwfqzoeAZzywg]`JiwXlkDJzPILsDC\\vS`o_vZvcRCHCUaQJwiEsCjgHmfbrcmwX_CeHhAOOBp[ivHfisBvVxctdsgmPrEz`Fk_RvJ]vZprNPyMfzsyaqb[vIBOAOyXwpudLdTmj`AvIkgUu[HQzFZi^QcJuu\\h[YvYUUABfGPBqgRL\\hT`GiXqVLGvAKsoDS\\kpOz`[FetqXsryXhNbvalAECIOFB\\O[x^KbVNhnFBD_zyTPxd]eNIljjlMqRVEJfWZUgWB[anp`i\\EDpzHXydMpm\\seAq]kwutd_ycacBE[SMBNgIASNgLBJdcL_X[jRFcob\\_rWbpw`m^a[exrpK^PjsZvVXBKbUJMdNfKdJvfrO]WGCluZctGcSEjBd\\z`eUKdQwMymNgOrY[WCoTfHlz\\CeQIwJAhvGNtRnpF_wgUMrlueTyoIUYtVibggEBdNzTlLaEPzNHLFeOKtV^cKL`bhT_dMJZ[uCHN_AjDPjpuMNnl[WmQaZYBZmDrC[CpohQC]Bgtg[T\\WfU[anJqWIt[dFomwsBogzF`wlOZkteGGxfoXdRPRMYgnpYXMuwoZ_pW`o^o_kF]_nUgZAUTal]ZaZmGTrMpxqgbHPOcF]kbHwIA\\lxM`cNhBWpGCW\\h^Q`hGm_KllNEBuSeRmfbtzPUdzal[HajBCDqX[tiNn\\oVJgHDKpQkuo_AKEHMnjeL_Cyq\\NqswUG_\\z[SZhQSPyGO`qMVm]ZDqdqGhQcwyYoahA_KeonFZRv`wkReA\\G[uDhsIUfIFTTrKab_RBlxjUe`hRKxyyv^RUfeTgCQJeAFyEVVJmSyjIk`ZIKrJhKGYq`pvxLfz[oEU_acvooMfwnJdFLK]KG\\[thH``ZMbhzPUfLubbwVty\\\\CVMpmAIpUSe\\rYDVUceyx_pxuQduOlc]YMFJTe[a_JuCBkDI_aAQT^^^aOu\\XObcjICfTuBkIEZndnwKN\\VhlSIuibcEkyJPcSSshXoe`PIODjunSkNwttrWzHxmRxAJvJLR[D]pgkI\\JuryhomzkNWi[vs`[CTcPyTu_cTONXPIlVNFQyF]LAYin]q_KxUdXaLLaxZE\\^mSxOxEinO]xqXPafGClpEPDfkLKB_T`ABhNFk``mpXisgbIwevqXSgY]PR^lugOvwwpjB[ub^zzgaKyJCNXc]HhUOkpZBnrIInvklZvKBOuTgmvFSUjhPfYpO[[Qf[ajHq^nOOXcSMaONUi]ojHgDKt]UG]Rze`biKMqOIrExGVCEKcumx\\vTtfxxAZHmFdhhz`CHrOgsCjxpqXJ_b`BIdNo_OtNijRr^hUFf`mujoDQJiHGcPdKab_Elk^tyAyIksZH\\S_ypeSUaxfqHmeYGHQwJQTuCtwiqu`QOAfQleVwOK^oFhlLV`Bdc^yLzewvhd^fXUbGHUh\\mThyn_oUHkTQtwilB[QHiZOfgrXlGfEBs`rOpzX[pboxQNm\\fpFhD`nSECSvHDO]fRXTE[vCCqRGfRUZFvFQ`XxSm_Jnh]SlTRRypZWLuDeMOghmitqMyywOTEa`QHUa_`nTAVdf_tV]mkEFrWFnfGnVVCfksrvmiEiitUmSPKhEcZ\\cz\\itCbuXmXxxktnhxdoiCWM^em^\\YimvbCkXJCjHKQw\\WocWWzGzfmadOKOQDYyDfCWiIW_vth^l[kHqKHEZcnPo\\HIynZDlRsqTXtOA[LGyOpI_DXGvU`\\rnbNBOaIZdmZbtnZQtEyWhR`fyduVTHXmXyapgMluCgU]WaeQypCPbEK\\CbCegmG\\VgKvMddgTDTAxDPYzeW^FHKToEnFKGOQasHjWjDVMWw^kJ_ySefCVcWN]qGHp^]MpD[Ew`BPaBRjLhdeaona[Mvy]tNacvaiujhgj[CmcV\\UQhCoN\\bAkvldI]cCS\\gf[cp\\zwvGmAxFkbhoqYSHTayyxE_MsA[HiqtisbpQ`\\OjygsapnMtI`Rueq^uXiOmaqWuhzwPdCbsSOzQMxXFnbyJ_zDBDusrN]JIQxtqqwQGxYcWrMi[QIyzrMWivvMiJkfqErAOEbOrQsLFXgJqMYaE^KQDbLuukbwNnmSzM[VjuGizBQRPlV]lJbStbwgthUGjwxSfUKdlCrJW]QCRtfJUEKDLZYYPo]BazyCDxgubmliSXvXQuUzCLmeluGLwmTxapdX_OyTNkbcT\\ko_BHVZ^yVNTQJq[ypYoI]n_tCvAlSdKRQJSguey^CqOJKxp^mlmK`TNAAIFZZlglDCAz_nDLZQFg`UiFG^yarAlxvSgm``ERK^GHwpyyibkONb\\fZATvnGuCRDEMHQguMo\\CObIQ_zsQP]jTqBT_LI_EcDptlmrXuqCZGZXrrDWnNenoUkVGwHiDQXZKlP`mH[VZ[PNXd]gImkqyQB_AXl[nHzJizMFc_efnOUUE^y][[aQ`b\\ukk_UWAbR\\G_XXWDeHFCjvg[^ZPATbieG_RVszPPmhCtxyaEDWvJ[_lyDPBvGAOkn]YsFBLfspQCtn]_sKwwf`JcmTRdyUImYRG\\aizCLQReOjEQm]CvESFOSqFmjbg^h^dchByKLukUN`TDOBq\\RMiGLsIkcMSddnxkG]ck_sjJbkAn]C^ikLM[p^WotOczbHk[cdwmYFxY^_`\\sVN`ietYa^vdFnrQQkc[z`LtFlPeOnxRxvw^ACQxNStFiTheOgImwE\\SJUZxUOKn`dfJrUQO[fMhfGKmEeWbfKVsZdTfcSczIG`Eh^ntWuRRsohDKhtjrcHUOmjNAffHCM`_bGEbr]LltEAfwQ[uZsH`yKpvnatlOJOfPI]DdRsUXW\\KmEQkKkiJEAaWRJnRdZ]jpUWnnXRHAnHbieIjPJb^\\EbOcFmZ_blxumVYh]wmZaJRsyigAEBZszOknHLierdZBJhwPkBmNoEuvPWeXFZZ`SFv^ef`ROIbxjQjQlXPCPMEuTo^lbQ_YJuiEmYeF\\\\yg^xLyhTfiKWPFAAJqHokxdInpbe_SnJboNYXWd_EOeqOnedDmOoyhlBCUJVXCpTvAp\\sbcnMck]SmuALyblDzLuDMVDNNHBYRuOxJk\\J\\bVwOiP[IKY\\DPwovXgM`az\\jDBsgDCOFbcXqxo^FdECiaVCyZClEPevbuNLhXnFIKW\\h_xxdIGv]wmIhytMAQJpxgqwkcqipyu_JuVZ]EHwJiZeHE_i_bFrBa_AiBNBRYG^COzmdZkvJNgONLofDHKNtC^dWUl\\rGekcvctFlEErJinuQn]MbxJOsezlVWPhPECdvfRdvaSDFWkUjjGbPOQJ[]jRcIjUpWcEfKye\\tQAfGI\\ufBgQiYAntIZvAAnqxNjofi`k\\FVxP_UTNWxGDEHxcRmB`i[s^KhtZhOw]vocDC_VoFheDgntFlMUw^Lnf^[Fq[uaHBeHP`u`mWNZAqprWonh\\uzykBwacY_TKH]BBge`rgbaPlnphcjCgNENCgWOdUxUruPsUnqjJNpoSZjyNGsAj]gwCOzVPWw^jNiV]u\\ulzsZXPucwYA]\\weVNSpFn\\[nRSFFkT\\SfyOkdN`mTWYrV[BmcSHKFWGQ_EHFKprdwhr^iulAnClWDdYrRS]YLRNPryL`F[c_`puhc^EibHWCejMvgQnrSZXf[bfjiMuS[NrOikOnOnqEuKfIlQtpgkLFYPMBrUAVNDcXryMvCzd_dSkPw^yYTEgjBmpZ^Mvun\\qqcOQmDxngGh]F`xEUVcCIXsVFJnXpEjlH]thiNLVVRzcUQkuaIb_LZhZjsKdPaycXvUcfPWGKMgrXPAoYtqg]LaioZxqCcFpSXLYvHORm\\UympC[rVLWjRGMVgnMSaDbHr_zEcsQf`uBqbvyX^yhXjFBRyDPTCzMXmruRCWP]ukKXEVnkpopbWKXm^iF_dxc`idEkBhVGjK^yueMdP`_NKeBbZIoTRktxIei\\QCjHYisMhYrs\\\\OEYVVDc]RstCpyQ`qQvlSNpXo\\mouBQvrp\\p_mOesolqOWstvHbbxkJBOBatRncQcyKA]\\BEBQs_\\zJYdstmZjxHg[a^MVTEL\\OPLsX[G^`gre`PsHQZupqsADUCu_rgxnSAktMk[ZgvJRPBuRfEEuKWeVPI_U`cgtjER`_yv`y\\IujjoSIdsncCdwVVeEMFtEPQbLkUmgJ_wjNkgaUMMwjtQg[VKIUrSsbEfYHccnqMdDGujfjEjAtwVWzvkUKeSRLEHIEOZldYG]PNaaf_ZQHSyfjOYMsNdLuSrBmaa\\fyW[psHmUJjfKBKtF\\ZppNtWoucwW`nEyyfJv_pqHgri^yBsHxwQGkfXEAfvPKVpVehMWAybgdiJVLsqtkoYc^yNSNEvsuaxQCStRo\\HzUe^C\\CtHpB`VwMsgZuJwCimCktSsz`EOhZNs[KqKKoDsBbTqZNruSKxgr\\RcjAHQxQh^yzMPDylOfuAJ`]ZmhKw^]bBysN[JgnuluprZBbqTYiAx\\ICNbVcnTKBXyNXp_cbszPOkfzlFTcEnbD^jLNcRKHXkn[[nKBpqHHyLtSbbd]ZlFOpvjheQzPhrr_wL`xvRnNfZFRpsfAhihge`e`D^W`qrZGUVWWCgbHxscWpYrmezczJLuXaAtXvOWnzyx[]PyBHailwOjfgeurP[xI[zqCmJMj]pWr[WPVBbsd]I[RQNlRT`_`Boz^ZvOyTzPHssKPU`pibTfS__l`XvVwRqpfWmwFTuP^sTZYC\\wojpxiJhyuKiaYeSpBD`tbdkVhDIZLES]vyaN\\sH]inBveTrsa^XV^cULz[PeAOnqrMf[DFUJvCKocokULPshhxySdVOAd]\\[zKDXiXp\\JOZ[YacKjvYlVGIuNSqhqTaZbjoXlSgoZX_Y^^tDnERhDkEtCJKVaIepiztjlLZWOeRxbjWjZnumCsVrevVcIRNRmjk^eKRbfuZZYHRSm[wnOsnqeCEqqqOxWAKszsFO\\SHHYwY^eDphVZCuvutbF\\log]CXwYSuVhRvkfXhebMnBacxxQxEy_JAbT[wtBbLkuShIHKP^Lx^PxmGtFZg\\Ovr^RUXK[ocAADGNuoqFhbnafldaUCobuj]z\\KrmmECXU^OufszQdaogIQsalqqXABFQbHmkxDTc_VMH]iv\\D^xUvprKRRBwOfXSYxT_GOT`NLImEkDCvVU]DkVlQbYgBWUtytj_UWUoKXHjgEGbNyAsQuOhcbO`qg^qrPoKA`i_A`SgcfFL[rYDV\\cEeBvmHoy^tRrXQwaiQ]slbcFw]DFzN[[WgjazdvXLapmRohu^Qkmtcr]BwzPEjzPYq[laWbFUEgKlqnIoIbi^iaopM_CdfS]baT[TwUHifXowglLIq\\wIQmkQgvTs`\\imKdL]TproZAsQlrI\\StnKWTQocKgBAPJJiCmD`ipBdIiQu[_ons`fi_WqSXuJIqoKqibjFFveElbNfztIfrNIk_\\KgvkIoftmU^ZLspjiwuawwIKT^l^Qdg[SMWDJUnqYsotHahPqI`Lpx`N^lXeCIdJiDGz\\m`TIEIDIOCmp\\hHD[eVgI`YxInQPeLEZinEcLDkp]FPiepa[\\FNZlSTNHWzRro^CyTHid_sWuaKDPjSTMpn`xeiV[r\\oDZxhbMjQhsrwMr_KIPxXDfEBAyETflNmCDS[d]\\CzBfUyqSGG^NKtEkYUvhdHWfweFuJ_EbfouXBAkDJfyNH_CsySuGhorudWjjtwJcCwbWygjYes_xJI^XcMvqdxtqwzofQAJM]WLLxfuRd]\\pQul[sSHgBSyECk[ysDHeiS\\nxSZwSdMG]EaCOTnyt^LJXHIMLvZaVrGyYy^`sKUXGrbxKYk`QJlLGRVpJNlWKglfycdQpNFiIoD``LCmLtQLFvrGchWfZyMZGwzcoZjCECDSOqPyKyLRW``Ck]iHr[OKbdZdL[xlJNHDs_smXX[\\mvDaXwrSlcLdoslfXgmkA[HJY]KLewjZAnXg`sLPcfzbB_OznNVlfj\\SouIvlfipsldB\\FF_[^HU[`HuNLYWayoQRFrekQ^wxKjPuN^iHqQHcGsPnNhaNROuxTjVN[oJAKXPprzzhjPkhghLMcr]dxjgvpSb_I\\hCGHXjcZvOhs_C_MQf^IecRaC\\lTA`Y\\`Obhb`Q]eJwOvELdXdBvAzqElaEwxOYVpLTP[qelUB_\\gDfyPHwX^^\\aX^wB[U_VkaZjlvJayQaz[VYiuGgqSBrSkmswudQA]JkFdvMUyWZNw]GBFOGUiiCjiGyyCMfUAa]QfSEztRrwceWOgqrg^vSnHAX]wORlkENVzpWnKH\\WqGHEkkSMVzrEOiJevbCfAFM_XAOr[E\\V[vwAsSmMvFWkMIHRflsdEqWltdhk][lQ_]eTlIlcpqjvj]ROtxLiMsRd`LHPfBj\\TFMk^o`^zPoOH[BXRYq_PCEfKBn`B]wnGObdQblFXhjwEC]EJjxNKKLQAa`]Az]]SAHttYHjglGbTIaH_jVS`jcvCQcjCOEYLMdDvdLlbNaZDdwszXxRdJxdYLqcqYgXgiWH_^Mv_ekRIIrZTjkfRnoBOAfjmcuJbInVNpT]KCnyZg[PTXOGiBGstUt^s^IvkajzV]L_VN\\OAqcbaVVVUn\\aCu\\twqehtrOtx[urLjl[`rsDmSx]HnbxEJx\\ASc`dnVIcieF[_JeCBAKCYHesHaFQQon^ZqtHLqm]j[DhrCcewuDJmYcKyg]NQsRuqcBiP]qKOiTyEwAFx\\TWkekAOiJ_U_MqJIrPAuU[EsvEFeGCfWQo`vJMrBZbTRpj\\]ovElECHtRrjfuebGtxOXRNyeXz[mGmDLcdpLxuSNhfdR^MGpzMYs\\EKaw[TFcUn_o^CQoWJyfBjfegHLsfntULj_YOO^aNeTsF]zJqAdDZMZU_wPSIMwatKdo_raIgYYWWn`KHBCeKqvyPJuSyKYAhmyutLfy[[WBoDylXFLGKSWDOf_UxOJ]AXidoeQwWDKjZtJMLIusyRpVWvfNhRAMRuBXUUwnoOkGHheV\\RIpTQ^ibTNtyDPFCyX`smrrLHDjaiNjQQlVILsA&quot;,135)" methodname="GetNumberOfCharsInStringTestRandom" classname="Open_Lab_03._10.Tests" runstate="Runnable" seed="976533867" result="Passed" start-time="2021-10-19 19:34:08Z" end-time="2021-10-19 19:34:08Z" duration="0.000132" asserts="1" />
            <test-case id="1069" name="GetNumberOfCharsInStringTestRandom('H',&quot;pBHDolzfEJPE]j[RdLNnHsF_chRtwrFXIaxqjITRkveEZMoCvrchndKwvd[H[GiMErwvmdb[svDMNBEWsOyFOXd`WAuGiLreMYAbPsQRQIps`xju_DOLHdygOW`mi[lgDZzpB]GzygpGblzYRAbexg]dZTTtT_dpWJoGyttCwOM[osE]WH[isGjXwVVhINg[DzjYwtZXH`hiZCpbOr]LDvxP[XJc^MtjbmXoIga^hDaTYAyuaoYRk\\XICZx_kruufyGgfAZcQz^zUeqZZOBjncyGVOmjiBmqJfh[uRPaUpAlxXnYc^F\\pKHDzzRWNktPMhqiwW`Iz\\UxbNJx[UGKvRAy_e[uztSewl_PaF\\Myx\\UpJ\\mqUvtdjTvhrJSvfJGJjBqiuWVsuMypgIVIiDexYBMXdcivIQSoVKGHfDwx`Aj]VFBjoKMb_IkioZFSiZjdtKZ\\CN]eHhXXSkC^azHyDkPM[YTMyePGQFcKf`gahb[qlSWEXbliSl`IuMBeuQg]YRHMHrrATaR\\QZ\\HBOoWtao``ZPY_CgWvxYZLJw`jkVl[Es\\lucf\\Pdr]bghbY]QtuaTACvsRPhILCF\\boheZAufTawe]PyROEr`^`[iykTMc[g[\\LFnkrrtzuz[FQVCRWuGLaxCTzfjhiDsu]IRJKaWNy`d`AdhUQvMa`PvNDZlMHLRqG`cIDtGp_tMAU^TVxUWmrSUNMEGloJFmNmY[A`RXpWBgCus`GVOnp`zoKVvznUBUnZncEsVYDzx[RiKRMafYvSximdPeeSd[VgscHQ[NAqjqb`^]LdmNjcZ\\]Fp[dkolV^EeqbKvFXXEcGGNGnZA`WkmNXFC[zeQCy[E[sfdZrISKUsWzbUpRnMznRXZ\\I[FnHCegBmNHpbhNYcs`jDtfozOm[RI\\MHRWC_DRNjxoGh\\M_lUj_umEbZzInsLkemviQRLt`aRzFE_G^CNjwYwSVMod`u_V_NKUmnvMa[Kxcmy^useke]nLpdSD]cUeCw\\stKUkGAI]OzjdNQigPnkCZy`I[skyG`vgRGek^tdeTRxqtjqLuhUOMYYufLQOQKViDDRHgxIWJFjIBjPkC_EYKgZshjFSdVTIvOmpYi`w_yFGjPtvw`MmGx_WdYZxsqmomaNmwZSTzItLbTJXqJWEIbCxkVMzObDiMQUJCGy]MsmyESpQPCHiZhfK^PCbNTEXELzRzzVjKtsPoEtYavjM[VO_eJgnDXPsoUusS^RPhX^apVVYVeBRdsxjw[gpTcfnez\\[KAFCd[`CrijPoNXZWxOvXLwrr]vElkvptvOU_yhJSurOlWBGKLXglaCzENKH_[QHmtVsyCvXPEd]TiG[[puaSOETsOQQnafrek\\sAIHHQzXgw`gWHjgiako^oCzkmeejZlsdMNZShmPTrYWSctJDtwRtvyDyIXVgVhNLhDKtPUAn\\\\gWfgHs\\aq]ZzhNJ\\JQXdxJLKf`jPn`v_Y[ShS\\P]KprkmiVwjoKkWr^]K[BcJLmRavaMv]IhAuYIS[YxJmazULHawp]s[hTzCaJqHIANg]j\\ZVKkBEYWfnwVnAQGzQNTbZFlRcpAmSTr\\gHbfmqWPwUPdoDGsuNVPWtzPYZZOXdSZFtGti[NZqEeFpI]_jIsFxcFmHRNTWIrSBp_uwNJZAwYRPuZQwu`PlM]]nUlXNtDiMRDAdbc\\yYFBJn^MswX\\ccaoTBHc\\mMGsjFxrZhUSDRTH\\Tzr``Q]bFekOgb[AzLMyIZi`VYPCJ`RNhriHlwNvdRd[McmFtSDFHITtRRKGBZXaT^bptTPDyRUqqNTmfKIr\\LF_^opZmHtKtCHiBxMaDAHqn^DDxX[rQaFHXCRE^pRrXKwnGekixco\\EPkAlm]UgCtTxzRyfICNiQYdaQwThmthmdCISRSlTwKVRdpHTlDpaamoqH[\\pJhuILaTwIgUpQulFDRw[pzviDHLrORKqrwKPQMGC\\KKFjAQfAjnq^AAJlLFEU]ir\\^xUk]orLuyeoqzDqar__UTrwA_FHChz]SdLDvu_vvedBVUvLBNoeJTGKGYkxikIMzI\\MnAvfSdcjjqafctFpsUSz]Bx^KaML]WCMsjYBRJSalX[PrEVofTTeq]jlDY[mWXNToUmt\\D^jClNFbhfGKX`IDXWWAgyti`KTJH\\^S]TbqebEPdKWmUbyrFQWxWsoEdA]btw[LIoiExRYpSGW]cHUyL]DrF`vd`]NdE]VgjLeasutorafP\\R]]g_VXsdFcsF_\\EplplkmX^nFRcPA`tfHNAlwaGyoGFBhnVYjBpq_l_EytZDodcajNxR[TtLimwgR\\FRwK`yjCGWjvmDGDJK^`R[qDyWIeIlpsm]nHHeDeqgGbc_apEfclImKe\\sMIqFuUaqIPPzw`HtieUO\\ZpS`]IEkASIfOYunkllAlWR`FjDdOD`QMXmT_`YL]GIwHThHNGxscNkC_m[nF[]wnrZqfbPKT`_fNVYmBvWHFgizhjolFeGBdLJPur]frm`CjEpJUimJEUqGJZJvm^FiZ^BCLJsKZkQSHfPcufXXswwPVDF[hbtThqcLCnxLqbkTE^z^KbAGGiq^amgIDX^rrwfQDE`HiMbQLcKrDbQFbmNzAEfQGpHYEs]Isi[FBsYtH`RxbpE\\HXQEigQyZPBtEILTGCzVHKEiUTr\\mhiRkgQhbY[LY]gmq_pyTyr`piTxScjUopLlakIYs_lhcnxf^Srq_tHnqJ\\CSSUzjFXcQvLGWWGpNJxBli[AktpuhXvXPGG`Jly]WUUbHlZInSagLZQdsUPpQ]vtAnrQQag\\K\\eWTttyZhHVrOLpp]ho]ILuZ\\bTuJsMgE]kouQy\\QWcU`BlbB[ntrzBPkwrR`EQpvimm\\AvMiTMmdat[pmsiETpF[\\ExYhwLGnZrPzGB`aK_mPgKCX]nMbkbthSzvxnBWBgpGCKqgrJ^IQSKpuuBKJz_CrxbgGFcmJHldqDzMfGUXMZdVHKBCmqNBHmPFdJ`lblzIbbyrvo`CeGqXUM`vE`ASuj\\Dnud]adq\\[[naMJHxRLXAwrlWeehBkgOrGuDALC\\BQUxtYzjuYCBiR\\HvJMswvpkoLwZRFGmOjWkburyfvmciea`fnIrzK`F[dIi]`YpSQmyvk`BRNNBJNCJfWo^xPmEKQPxlI\\G]xQXrbeuOH`lx^wNbyDGkvrC^iof[bPJm&quot;,66)" fullname="Open_Lab_03._10.Tests.GetNumberOfCharsInStringTestRandom('H',&quot;pBHDolzfEJPE]j[RdLNnHsF_chRtwrFXIaxqjITRkveEZMoCvrchndKwvd[H[GiMErwvmdb[svDMNBEWsOyFOXd`WAuGiLreMYAbPsQRQIps`xju_DOLHdygOW`mi[lgDZzpB]GzygpGblzYRAbexg]dZTTtT_dpWJoGyttCwOM[osE]WH[isGjXwVVhINg[DzjYwtZXH`hiZCpbOr]LDvxP[XJc^MtjbmXoIga^hDaTYAyuaoYRk\\XICZx_kruufyGgfAZcQz^zUeqZZOBjncyGVOmjiBmqJfh[uRPaUpAlxXnYc^F\\pKHDzzRWNktPMhqiwW`Iz\\UxbNJx[UGKvRAy_e[uztSewl_PaF\\Myx\\UpJ\\mqUvtdjTvhrJSvfJGJjBqiuWVsuMypgIVIiDexYBMXdcivIQSoVKGHfDwx`Aj]VFBjoKMb_IkioZFSiZjdtKZ\\CN]eHhXXSkC^azHyDkPM[YTMyePGQFcKf`gahb[qlSWEXbliSl`IuMBeuQg]YRHMHrrATaR\\QZ\\HBOoWtao``ZPY_CgWvxYZLJw`jkVl[Es\\lucf\\Pdr]bghbY]QtuaTACvsRPhILCF\\boheZAufTawe]PyROEr`^`[iykTMc[g[\\LFnkrrtzuz[FQVCRWuGLaxCTzfjhiDsu]IRJKaWNy`d`AdhUQvMa`PvNDZlMHLRqG`cIDtGp_tMAU^TVxUWmrSUNMEGloJFmNmY[A`RXpWBgCus`GVOnp`zoKVvznUBUnZncEsVYDzx[RiKRMafYvSximdPeeSd[VgscHQ[NAqjqb`^]LdmNjcZ\\]Fp[dkolV^EeqbKvFXXEcGGNGnZA`WkmNXFC[zeQCy[E[sfdZrISKUsWzbUpRnMznRXZ\\I[FnHCegBmNHpbhNYcs`jDtfozOm[RI\\MHRWC_DRNjxoGh\\M_lUj_umEbZzInsLkemviQRLt`aRzFE_G^CNjwYwSVMod`u_V_NKUmnvMa[Kxcmy^useke]nLpdSD]cUeCw\\stKUkGAI]OzjdNQigPnkCZy`I[skyG`vgRGek^tdeTRxqtjqLuhUOMYYufLQOQKViDDRHgxIWJFjIBjPkC_EYKgZshjFSdVTIvOmpYi`w_yFGjPtvw`MmGx_WdYZxsqmomaNmwZSTzItLbTJXqJWEIbCxkVMzObDiMQUJCGy]MsmyESpQPCHiZhfK^PCbNTEXELzRzzVjKtsPoEtYavjM[VO_eJgnDXPsoUusS^RPhX^apVVYVeBRdsxjw[gpTcfnez\\[KAFCd[`CrijPoNXZWxOvXLwrr]vElkvptvOU_yhJSurOlWBGKLXglaCzENKH_[QHmtVsyCvXPEd]TiG[[puaSOETsOQQnafrek\\sAIHHQzXgw`gWHjgiako^oCzkmeejZlsdMNZShmPTrYWSctJDtwRtvyDyIXVgVhNLhDKtPUAn\\\\gWfgHs\\aq]ZzhNJ\\JQXdxJLKf`jPn`v_Y[ShS\\P]KprkmiVwjoKkWr^]K[BcJLmRavaMv]IhAuYIS[YxJmazULHawp]s[hTzCaJqHIANg]j\\ZVKkBEYWfnwVnAQGzQNTbZFlRcpAmSTr\\gHbfmqWPwUPdoDGsuNVPWtzPYZZOXdSZFtGti[NZqEeFpI]_jIsFxcFmHRNTWIrSBp_uwNJZAwYRPuZQwu`PlM]]nUlXNtDiMRDAdbc\\yYFBJn^MswX\\ccaoTBHc\\mMGsjFxrZhUSDRTH\\Tzr``Q]bFekOgb[AzLMyIZi`VYPCJ`RNhriHlwNvdRd[McmFtSDFHITtRRKGBZXaT^bptTPDyRUqqNTmfKIr\\LF_^opZmHtKtCHiBxMaDAHqn^DDxX[rQaFHXCRE^pRrXKwnGekixco\\EPkAlm]UgCtTxzRyfICNiQYdaQwThmthmdCISRSlTwKVRdpHTlDpaamoqH[\\pJhuILaTwIgUpQulFDRw[pzviDHLrORKqrwKPQMGC\\KKFjAQfAjnq^AAJlLFEU]ir\\^xUk]orLuyeoqzDqar__UTrwA_FHChz]SdLDvu_vvedBVUvLBNoeJTGKGYkxikIMzI\\MnAvfSdcjjqafctFpsUSz]Bx^KaML]WCMsjYBRJSalX[PrEVofTTeq]jlDY[mWXNToUmt\\D^jClNFbhfGKX`IDXWWAgyti`KTJH\\^S]TbqebEPdKWmUbyrFQWxWsoEdA]btw[LIoiExRYpSGW]cHUyL]DrF`vd`]NdE]VgjLeasutorafP\\R]]g_VXsdFcsF_\\EplplkmX^nFRcPA`tfHNAlwaGyoGFBhnVYjBpq_l_EytZDodcajNxR[TtLimwgR\\FRwK`yjCGWjvmDGDJK^`R[qDyWIeIlpsm]nHHeDeqgGbc_apEfclImKe\\sMIqFuUaqIPPzw`HtieUO\\ZpS`]IEkASIfOYunkllAlWR`FjDdOD`QMXmT_`YL]GIwHThHNGxscNkC_m[nF[]wnrZqfbPKT`_fNVYmBvWHFgizhjolFeGBdLJPur]frm`CjEpJUimJEUqGJZJvm^FiZ^BCLJsKZkQSHfPcufXXswwPVDF[hbtThqcLCnxLqbkTE^z^KbAGGiq^amgIDX^rrwfQDE`HiMbQLcKrDbQFbmNzAEfQGpHYEs]Isi[FBsYtH`RxbpE\\HXQEigQyZPBtEILTGCzVHKEiUTr\\mhiRkgQhbY[LY]gmq_pyTyr`piTxScjUopLlakIYs_lhcnxf^Srq_tHnqJ\\CSSUzjFXcQvLGWWGpNJxBli[AktpuhXvXPGG`Jly]WUUbHlZInSagLZQdsUPpQ]vtAnrQQag\\K\\eWTttyZhHVrOLpp]ho]ILuZ\\bTuJsMgE]kouQy\\QWcU`BlbB[ntrzBPkwrR`EQpvimm\\AvMiTMmdat[pmsiETpF[\\ExYhwLGnZrPzGB`aK_mPgKCX]nMbkbthSzvxnBWBgpGCKqgrJ^IQSKpuuBKJz_CrxbgGFcmJHldqDzMfGUXMZdVHKBCmqNBHmPFdJ`lblzIbbyrvo`CeGqXUM`vE`ASuj\\Dnud]adq\\[[naMJHxRLXAwrlWeehBkgOrGuDALC\\BQUxtYzjuYCBiR\\HvJMswvpkoLwZRFGmOjWkburyfvmciea`fnIrzK`F[dIi]`YpSQmyvk`BRNNBJNCJfWo^xPmEKQPxlI\\G]xQXrbeuOH`lx^wNbyDGkvrC^iof[bPJm&quot;,66)" methodname="GetNumberOfCharsInStringTestRandom" classname="Open_Lab_03._10.Tests" runstate="Runnable" seed="908501646" result="Passed" start-time="2021-10-19 19:34:08Z" end-time="2021-10-19 19:34:08Z" duration="0.000076" asserts="1" />
            <test-case id="1070" name="GetNumberOfCharsInStringTestRandom('M',&quot;LweRDluPqjAHgUCWnEVVbFNtJmzZgsWzqzkRwgzUpfBT^bHRYL]EXlwGikIQm\\cyTBQhdlZGFA`vDuWcfiA[WScFCecL_ibUCDA]Q[hhlVzWLACoT`fE[HbBYLezIObWYKszuuSLASjASLtBbnrzD^uv\\zDEpi_^odyAHDuZN[EHYbiNScYVWbSvQx_vrNVSoMLjMsu_tYmdZn]tQpmNQJHMQDkK_zbzElTMWyAZiu\\xpj\\^\\eeB\\HCeEyZJIkzuqn_hZQ^RpS_WiJXabNiuVa^xjiHX`qRyubGCLoDKGSLIcgwvbtbuBE`QPbxlJFmyBa\\GDUUnJ^nCUUUDmLqgPWxpCqneqRBB`NHCKpsM_ol^R]wuNuzxOGjedfENbjwr]m]HMRswTeH\\fZ_`usXvSEmZ^^Y`lfeortB`zohvCCdeyOyJG_SiSB`XzDdjsTLizTdmYz`FL]tP\\I[P_PYMSv]qTd`wLyCjruefeMlHyN^pHPwqcTKduyWErnYoZduNZKXa_pfS^QNEYgiEhiTrnYot_anrnwiVTQWwrVSmisFdlSfLEUHkPCZBV_CyBo_bcskIPlMRWbIvTKIMucmYoxFRqVaSTUkuT_Asb^vSHqUit_hKWqDZBGnfnZRuLtxBqOcoKPeWhZQxdWXRhVw^QRtNkVFHLAHOtSsfwtAHLhlbppCWCzNpx[l_UUEoJ^KhSCEQ^lVoVoRd`RXvSjEMmSQZbTQboLyh]EPmlltQeZZIIIzDwJ][YyuzlfjJ[nzJqeG[BfJbpnbTsIQYUMefj_O_KQAFCjpq[QS^C_CRzveeWbHdUQpOJTZSVbQlfE_GxlscqmWpKTgoteIcJWlmubhGqzI[NRguW_gfi_nbtzDphfZlZibOSmMWDmlqevbshlYVx]tecJsu_sZLaXB`jXceRQcwnxxxXKIvMDnwoxfItRrLSaQMuCJPJnDguxqfMu]Tj_y]dElllZkAZWeNgkDVBsmZAHCrHzwzp_\\obncpQX^jDDN^Sdy\\rGRrl`]]Buem^lKuvpftINFeUCVxt`_^A[IiMeCCRFnVmlMSsSc^xFSdBh]jJ_c]WGlCd]iQndcCZjrdpDFbwAavH_h_HSsm^RzfzKjWeRkU^QJRqtuGZBaVaquEpJI[lp`IkLdeTiweQMYrVViOYlS\\kdFJQfa[JPchkAbfQQnkEvEUYCj[\\uCz]EXGGZTiH\\\\BdkHUnDyHycWo_klOwGzONdKgd[_qwEcc[DlhuUgYvuBuhccViFmB]Moz`\\lS_HLuzoU\\zDTb[bTScQyAsJIqRbGNPlIZdTtniGvtOHWemLavt\\XO^l[UzVcXhGLNvtxGh`d\\VElln^DGAKUnTtwst`oT_^LHvIjsN[NUrwtYzib]R]W]lYtCxFNIlQxrtdpfoLsawAvXz_sKxSCBGiW^OhvINFdbzC_VtwhGeqal]]CZMCKYOvkKNSWHPjSrWTYxz^RBevWQIeAle]wKuKTDRUIa`aqu^iUIEFZjlJoS_[BdRe]nnIwMAUffUk\\DF]mZPsh`CMYlVB_rS_PuDCGVmIIj[oUAikMChcTZxxlbjLryqnSp\\azDVXhHkyFNrYCep]KkLqxGR`fbRJsg\\_`IkJgPuMiys^jRIMJUdcefctlqmFqaFYlTsuufpupyHzOnqUYEA_Dtuu`rXq^pVIsZlWYOR^`jmf_dfyzXhlabVsYyUCOyWAdzGoCZvKm]zTGOWvMYqGHebREtxZtPOaSmC_^qw`]^yDbBlKcZqpHQsyXokI]\\Q^NYBULrYV]Reef^jCInr[YZZCtDHjFnDAM[qJAWylA[TqgOTtEiAjeqFozz[HjjQiNdYKhaCloFZxGcVfkOeXnUVWVBJBwqCRKecCqIL^gPu`XHiWdpX\\EsvtOBpgWAoxDHn\\ATpbCGl^ZqzNSnYHZaNSijooT_Hf[w\\PUMWPzpYxHXZXCbTdch_]t\\nR`BO_zFD^UjtGXIHdIPKQPWllK^DmXyVsZFkyauyBUwCThNLZavUeQ]BIP^T\\CQFWTAgSYICNRJwSTYDxRdM]elcwDbjDb]yDrgzgbtBYsGSGaiorZVJZEcmcYkOqZzgpLs\\hYWVYcne^Z\\WUmreLS`zPuWOreLzs[]viNHYCzlrQxOJwUuDbV[]gtLmCI_nXolCwaiHfZbLbiiRfNR]kHY^zAOoBUWt\\xZ\\LMMVgmYHnPvyKuHoqBDPWODwRtFQDikdOMGZAvqxiQkkEQdHNcCZuKFxIQDmgIEF`RjyoinuKFaG^TrBPyD\\fRjEHIQkrEQaMfKmbfS_oIOpdz[pZC^iEdZNcfqfYDCGoztrIEZdf_g^Dt[Ii[Rpbc]cLxKvphGlFHAdFchUdtCaxwKjLixxlN`L^RgLu_oyXuYvsqCGnwMhawfPm\\jGjJzrcpGnv][EEDIC_PqUfrKpBrfbfWYZoiOOvaTDkPKQ]Hd]odk]eV\\syKpkJ`I`DBPWotHxwmeWgtTuOInCgwoZMWQklctLGfN[sMhu\\naskELEqv]BlFtHMqJYdWMTsZPBgsCC\\sasVwiIKLtqGsZBmFNBCORFbNzRpKYytZ`t_AlQHBOX]WMAzOPaeAzMa\\RHwWSAnvwgSa]mTxuAAucKAzSburTt[TSDieTliNdbZ`hZl^MhGyMgsGGxElFwbDMzNYDjdISmQBl\\RspXegm\\HfLb^WgwHhzVThMTZ^DxgZWqVffLwiRvQksbN]MN\\VecCWHeg]xHcpphPULrk\\AZWDEcpeFxQq\\Ronoz_B`[lKT\\vKRtQV]AULMzR_oBWzrlU^t\\aMTivahMkdhfSLhvT[wdbohzN^DmSbGXRqTDBoEo_APirJiKSvYtbPul_U\\Y]vtI]PT]sdt`VIEb`zHDosZXJNqBwb`hTgRcHGLbpMSjCs_ZKSL_MXde\\\\zPZSaRDLMiq][Zn`NcajVQjXqdVA\\vDhHfHwI^gAfqgpdismkhJBDlGiaC\\wvDkRfIUpSrWkv`E_euoHldPolCdV_YWGCjFbFVJ[TD[tQZF_hcDgNTLRow`d_zQt\\QhLZ]YPkToiJV^RwFhwVksi_onJpawTmbYAltEKJovu`^IYYNgYSU^kXzhfjPZJW[vbx^aDA]maoyJBfVkcu^BXDhdmMZ\\uVm_Fba[vhdYpcxwZpgAT_rPsY__QuoqbBrLC[EZEupvRFMoGlJwaYIW_]fgDCKAsmqokltylMvYjvxnMjX`krQIt\\h`pXWCkoC`PXEVrLKT^jhc_r[TeeQB\\hvPDTJUqsiutY^ofCh`hxfJoFBxxCYG^BDc]oR^Bq^fAmiFTfibwlU_Cl[ySMWn[cWsVvSqlK_qZAJBWvdRUqJmg``kTSKo[jKYVqkXTrqmM^ECcYbXcEYeYdLqWb]YzjWjpkg`KLy]AW`J[^IvknLVQazlftBmVXn^HUMsmCMXGwdCECVsYbhL^AYPkuuQKMHddCBGQQIiaoOUwxhd_ITnjbAGvxHsHvMupAZBAPcIYzfilETmMRmBsTtBCuKTIQaecU`v_gcOaLVkvRUreUfqILB\\HXzGFOzIYAGX`XOaj_[hyJFkaTjnfk\\WTDoGg]IRLMRvLxSMGEHelU^xRO`m`L^h_kD\\dIuMVI\\lrK`cA^hadrfy`qoXwWmAjeW\\tqcxKuPctmFHjxlC_wEhEEwmT]QyW\\BNnEiKujWjcDFnlhiyfj\\m`iWoupeidQLXkrTeObHoaVFBzIBfnRTgzPiFiuPEEhFRrhDtUEkEbgMKdUplozuRw`Y\\JOwURDjsPnKRFHRjbPESD_\\TE_PFmnVSPckGHVn_xTuqK^ghhLjh[FXemcPmneG\\YrC^WKbM\\aVkeeJarcXbEhsJKGT`FAlTMYYS\\IR^e^LukhAHZiuLM`XkzsTQrBG\\oC^MMqFjQuwa\\xZ]FLGWF`HhAhSdpBfcXkFiKovcdLuRcrPBZrKfvjWPvpL`_]uPOTIlskRQQ^ntfpFIYQJxqzhiUqnVcVEHRfCPi_Ji`uVYw]eFkCHNSwZOg[WCxvhuZfcAnp[tH[XvePmrMhfaOqpULncOHGleM[yQteSucNFr_^eXh`qQQHgcpOozMLmAjnjKQ\\xbVlxAlxpiJLabQ[UFnW[fpShX\\FIloZGMbOv_KfrsYGqBeKjOZeWuARmCE``fpEtjFUzC`puI_cNj]fmQVtRKDMLQ]t[eGLCTMGwQKhiejOVXEC`YnOQwmjgsIj`gUPBT`t]Wj\\GhKh[prnLZTCrsvGb^[DI[ICPZMCrL`JiRHclFOrBU_GTSYJXZSzvgTf`IXBcpvAtKT`kTU\\OdCnwBjxACeYsaNCx\\CdhNOLY^MIysZEEqlSdaj^Z[A`K^HTwRcOQlnAUqUYoayIdaTCovYXm`JNNiBvVtLhQKoSClxnLQjt]rweJF_BsL]lcamfpZCvUQrYlAzDxfL\\pQkVmWlQUKpFiDk]yRxmNo_LA^sIF\\DMzAvRpWtYhmaK\\mjiQ^EfiZNBm`VO_dKtGcFiHZgcY`E\\NUkOnJscWX_amt`QAeuEbgDsgBbrq]NIUmnYoH[Ukc]iE`vOtVbofAtbQrblcBluKVLAFH\\tJ`TyKVnGGSx\\vY^UsMHw`jmjrc^iTvImuieGgvWvE\\fPDQzmsrHtz_T[neHcrFmLKLaNnXixpMsED]gaclq]nPmVUKSBnoDyiZFrjmy\\JKDmfOWRybzGPQXvYLsdEgKBIuWdWorqmUTdLzjGnBDMpxjXCJY_tVX]ABdlrmuJkITuxojZ\\lpCdxLLKzbNVSxXxqdKVxOAHu]hepZN[zCH`UtCpYbsLgnXLvxGL`D_]ouj\\_bV`UmWQprcxaUxWWp[GE\\irSBvw^flZKaRrMSquXGVEVJfKFIGy[cWCs^MSr[mKGInzDFJEyaiyGd]JWkqV`mzbKOyjF_DxTLyMWfHzyBAttYwOADvGdXeTILppH[y[^lfufPmlcqX^mFhmRjiBcwTwaeEKpSs_C`WImCdkQK_nzHbC_D^XlwsbYiTBLcvQxt[Nj`zOGxlXXawZCBgmo\\mGhpkEjb_iOOpGhUTzEPQnL[JrmtzKvJ\\]GU`tov``ZDJJkqmihhi`KyuMgsRpcTmFmSzTo[KIklUIRzHvHQ^O[wSIZTMwdjwFQDXXrZtM^`pYemvhkWiRq^fqAqt\\NN`AoPrNbjEiXRlvGu_gX`LNAfOmYaXA`XyQAodUuhFARAt`mjjFSMEiBSAJAFpBSEIzS\\uSQJmjZKvAljzirRhSTQOio[TpsEiNruNRpXpI[UOqWzXRFHKBWqfCM&quot;,92)" fullname="Open_Lab_03._10.Tests.GetNumberOfCharsInStringTestRandom('M',&quot;LweRDluPqjAHgUCWnEVVbFNtJmzZgsWzqzkRwgzUpfBT^bHRYL]EXlwGikIQm\\cyTBQhdlZGFA`vDuWcfiA[WScFCecL_ibUCDA]Q[hhlVzWLACoT`fE[HbBYLezIObWYKszuuSLASjASLtBbnrzD^uv\\zDEpi_^odyAHDuZN[EHYbiNScYVWbSvQx_vrNVSoMLjMsu_tYmdZn]tQpmNQJHMQDkK_zbzElTMWyAZiu\\xpj\\^\\eeB\\HCeEyZJIkzuqn_hZQ^RpS_WiJXabNiuVa^xjiHX`qRyubGCLoDKGSLIcgwvbtbuBE`QPbxlJFmyBa\\GDUUnJ^nCUUUDmLqgPWxpCqneqRBB`NHCKpsM_ol^R]wuNuzxOGjedfENbjwr]m]HMRswTeH\\fZ_`usXvSEmZ^^Y`lfeortB`zohvCCdeyOyJG_SiSB`XzDdjsTLizTdmYz`FL]tP\\I[P_PYMSv]qTd`wLyCjruefeMlHyN^pHPwqcTKduyWErnYoZduNZKXa_pfS^QNEYgiEhiTrnYot_anrnwiVTQWwrVSmisFdlSfLEUHkPCZBV_CyBo_bcskIPlMRWbIvTKIMucmYoxFRqVaSTUkuT_Asb^vSHqUit_hKWqDZBGnfnZRuLtxBqOcoKPeWhZQxdWXRhVw^QRtNkVFHLAHOtSsfwtAHLhlbppCWCzNpx[l_UUEoJ^KhSCEQ^lVoVoRd`RXvSjEMmSQZbTQboLyh]EPmlltQeZZIIIzDwJ][YyuzlfjJ[nzJqeG[BfJbpnbTsIQYUMefj_O_KQAFCjpq[QS^C_CRzveeWbHdUQpOJTZSVbQlfE_GxlscqmWpKTgoteIcJWlmubhGqzI[NRguW_gfi_nbtzDphfZlZibOSmMWDmlqevbshlYVx]tecJsu_sZLaXB`jXceRQcwnxxxXKIvMDnwoxfItRrLSaQMuCJPJnDguxqfMu]Tj_y]dElllZkAZWeNgkDVBsmZAHCrHzwzp_\\obncpQX^jDDN^Sdy\\rGRrl`]]Buem^lKuvpftINFeUCVxt`_^A[IiMeCCRFnVmlMSsSc^xFSdBh]jJ_c]WGlCd]iQndcCZjrdpDFbwAavH_h_HSsm^RzfzKjWeRkU^QJRqtuGZBaVaquEpJI[lp`IkLdeTiweQMYrVViOYlS\\kdFJQfa[JPchkAbfQQnkEvEUYCj[\\uCz]EXGGZTiH\\\\BdkHUnDyHycWo_klOwGzONdKgd[_qwEcc[DlhuUgYvuBuhccViFmB]Moz`\\lS_HLuzoU\\zDTb[bTScQyAsJIqRbGNPlIZdTtniGvtOHWemLavt\\XO^l[UzVcXhGLNvtxGh`d\\VElln^DGAKUnTtwst`oT_^LHvIjsN[NUrwtYzib]R]W]lYtCxFNIlQxrtdpfoLsawAvXz_sKxSCBGiW^OhvINFdbzC_VtwhGeqal]]CZMCKYOvkKNSWHPjSrWTYxz^RBevWQIeAle]wKuKTDRUIa`aqu^iUIEFZjlJoS_[BdRe]nnIwMAUffUk\\DF]mZPsh`CMYlVB_rS_PuDCGVmIIj[oUAikMChcTZxxlbjLryqnSp\\azDVXhHkyFNrYCep]KkLqxGR`fbRJsg\\_`IkJgPuMiys^jRIMJUdcefctlqmFqaFYlTsuufpupyHzOnqUYEA_Dtuu`rXq^pVIsZlWYOR^`jmf_dfyzXhlabVsYyUCOyWAdzGoCZvKm]zTGOWvMYqGHebREtxZtPOaSmC_^qw`]^yDbBlKcZqpHQsyXokI]\\Q^NYBULrYV]Reef^jCInr[YZZCtDHjFnDAM[qJAWylA[TqgOTtEiAjeqFozz[HjjQiNdYKhaCloFZxGcVfkOeXnUVWVBJBwqCRKecCqIL^gPu`XHiWdpX\\EsvtOBpgWAoxDHn\\ATpbCGl^ZqzNSnYHZaNSijooT_Hf[w\\PUMWPzpYxHXZXCbTdch_]t\\nR`BO_zFD^UjtGXIHdIPKQPWllK^DmXyVsZFkyauyBUwCThNLZavUeQ]BIP^T\\CQFWTAgSYICNRJwSTYDxRdM]elcwDbjDb]yDrgzgbtBYsGSGaiorZVJZEcmcYkOqZzgpLs\\hYWVYcne^Z\\WUmreLS`zPuWOreLzs[]viNHYCzlrQxOJwUuDbV[]gtLmCI_nXolCwaiHfZbLbiiRfNR]kHY^zAOoBUWt\\xZ\\LMMVgmYHnPvyKuHoqBDPWODwRtFQDikdOMGZAvqxiQkkEQdHNcCZuKFxIQDmgIEF`RjyoinuKFaG^TrBPyD\\fRjEHIQkrEQaMfKmbfS_oIOpdz[pZC^iEdZNcfqfYDCGoztrIEZdf_g^Dt[Ii[Rpbc]cLxKvphGlFHAdFchUdtCaxwKjLixxlN`L^RgLu_oyXuYvsqCGnwMhawfPm\\jGjJzrcpGnv][EEDIC_PqUfrKpBrfbfWYZoiOOvaTDkPKQ]Hd]odk]eV\\syKpkJ`I`DBPWotHxwmeWgtTuOInCgwoZMWQklctLGfN[sMhu\\naskELEqv]BlFtHMqJYdWMTsZPBgsCC\\sasVwiIKLtqGsZBmFNBCORFbNzRpKYytZ`t_AlQHBOX]WMAzOPaeAzMa\\RHwWSAnvwgSa]mTxuAAucKAzSburTt[TSDieTliNdbZ`hZl^MhGyMgsGGxElFwbDMzNYDjdISmQBl\\RspXegm\\HfLb^WgwHhzVThMTZ^DxgZWqVffLwiRvQksbN]MN\\VecCWHeg]xHcpphPULrk\\AZWDEcpeFxQq\\Ronoz_B`[lKT\\vKRtQV]AULMzR_oBWzrlU^t\\aMTivahMkdhfSLhvT[wdbohzN^DmSbGXRqTDBoEo_APirJiKSvYtbPul_U\\Y]vtI]PT]sdt`VIEb`zHDosZXJNqBwb`hTgRcHGLbpMSjCs_ZKSL_MXde\\\\zPZSaRDLMiq][Zn`NcajVQjXqdVA\\vDhHfHwI^gAfqgpdismkhJBDlGiaC\\wvDkRfIUpSrWkv`E_euoHldPolCdV_YWGCjFbFVJ[TD[tQZF_hcDgNTLRow`d_zQt\\QhLZ]YPkToiJV^RwFhwVksi_onJpawTmbYAltEKJovu`^IYYNgYSU^kXzhfjPZJW[vbx^aDA]maoyJBfVkcu^BXDhdmMZ\\uVm_Fba[vhdYpcxwZpgAT_rPsY__QuoqbBrLC[EZEupvRFMoGlJwaYIW_]fgDCKAsmqokltylMvYjvxnMjX`krQIt\\h`pXWCkoC`PXEVrLKT^jhc_r[TeeQB\\hvPDTJUqsiutY^ofCh`hxfJoFBxxCYG^BDc]oR^Bq^fAmiFTfibwlU_Cl[ySMWn[cWsVvSqlK_qZAJBWvdRUqJmg``kTSKo[jKYVqkXTrqmM^ECcYbXcEYeYdLqWb]YzjWjpkg`KLy]AW`J[^IvknLVQazlftBmVXn^HUMsmCMXGwdCECVsYbhL^AYPkuuQKMHddCBGQQIiaoOUwxhd_ITnjbAGvxHsHvMupAZBAPcIYzfilETmMRmBsTtBCuKTIQaecU`v_gcOaLVkvRUreUfqILB\\HXzGFOzIYAGX`XOaj_[hyJFkaTjnfk\\WTDoGg]IRLMRvLxSMGEHelU^xRO`m`L^h_kD\\dIuMVI\\lrK`cA^hadrfy`qoXwWmAjeW\\tqcxKuPctmFHjxlC_wEhEEwmT]QyW\\BNnEiKujWjcDFnlhiyfj\\m`iWoupeidQLXkrTeObHoaVFBzIBfnRTgzPiFiuPEEhFRrhDtUEkEbgMKdUplozuRw`Y\\JOwURDjsPnKRFHRjbPESD_\\TE_PFmnVSPckGHVn_xTuqK^ghhLjh[FXemcPmneG\\YrC^WKbM\\aVkeeJarcXbEhsJKGT`FAlTMYYS\\IR^e^LukhAHZiuLM`XkzsTQrBG\\oC^MMqFjQuwa\\xZ]FLGWF`HhAhSdpBfcXkFiKovcdLuRcrPBZrKfvjWPvpL`_]uPOTIlskRQQ^ntfpFIYQJxqzhiUqnVcVEHRfCPi_Ji`uVYw]eFkCHNSwZOg[WCxvhuZfcAnp[tH[XvePmrMhfaOqpULncOHGleM[yQteSucNFr_^eXh`qQQHgcpOozMLmAjnjKQ\\xbVlxAlxpiJLabQ[UFnW[fpShX\\FIloZGMbOv_KfrsYGqBeKjOZeWuARmCE``fpEtjFUzC`puI_cNj]fmQVtRKDMLQ]t[eGLCTMGwQKhiejOVXEC`YnOQwmjgsIj`gUPBT`t]Wj\\GhKh[prnLZTCrsvGb^[DI[ICPZMCrL`JiRHclFOrBU_GTSYJXZSzvgTf`IXBcpvAtKT`kTU\\OdCnwBjxACeYsaNCx\\CdhNOLY^MIysZEEqlSdaj^Z[A`K^HTwRcOQlnAUqUYoayIdaTCovYXm`JNNiBvVtLhQKoSClxnLQjt]rweJF_BsL]lcamfpZCvUQrYlAzDxfL\\pQkVmWlQUKpFiDk]yRxmNo_LA^sIF\\DMzAvRpWtYhmaK\\mjiQ^EfiZNBm`VO_dKtGcFiHZgcY`E\\NUkOnJscWX_amt`QAeuEbgDsgBbrq]NIUmnYoH[Ukc]iE`vOtVbofAtbQrblcBluKVLAFH\\tJ`TyKVnGGSx\\vY^UsMHw`jmjrc^iTvImuieGgvWvE\\fPDQzmsrHtz_T[neHcrFmLKLaNnXixpMsED]gaclq]nPmVUKSBnoDyiZFrjmy\\JKDmfOWRybzGPQXvYLsdEgKBIuWdWorqmUTdLzjGnBDMpxjXCJY_tVX]ABdlrmuJkITuxojZ\\lpCdxLLKzbNVSxXxqdKVxOAHu]hepZN[zCH`UtCpYbsLgnXLvxGL`D_]ouj\\_bV`UmWQprcxaUxWWp[GE\\irSBvw^flZKaRrMSquXGVEVJfKFIGy[cWCs^MSr[mKGInzDFJEyaiyGd]JWkqV`mzbKOyjF_DxTLyMWfHzyBAttYwOADvGdXeTILppH[y[^lfufPmlcqX^mFhmRjiBcwTwaeEKpSs_C`WImCdkQK_nzHbC_D^XlwsbYiTBLcvQxt[Nj`zOGxlXXawZCBgmo\\mGhpkEjb_iOOpGhUTzEPQnL[JrmtzKvJ\\]GU`tov``ZDJJkqmihhi`KyuMgsRpcTmFmSzTo[KIklUIRzHvHQ^O[wSIZTMwdjwFQDXXrZtM^`pYemvhkWiRq^fqAqt\\NN`AoPrNbjEiXRlvGu_gX`LNAfOmYaXA`XyQAodUuhFARAt`mjjFSMEiBSAJAFpBSEIzS\\uSQJmjZKvAljzirRhSTQOio[TpsEiNruNRpXpI[UOqWzXRFHKBWqfCM&quot;,92)" methodname="GetNumberOfCharsInStringTestRandom" classname="Open_Lab_03._10.Tests" runstate="Runnable" seed="2084114677" result="Passed" start-time="2021-10-19 19:34:08Z" end-time="2021-10-19 19:34:08Z" duration="0.000098" asserts="1" />
            <test-case id="1071" name="GetNumberOfCharsInStringTestRandom('_',&quot;qpwrV]iIr]itZ]_rzBXRoDCkluhqBOLFctyS_^tUhr`oWNk_rygAoujnnLF[osHcRdQa^MT\\IDdx^NT^JIyDcKQhJL`SXY`pjx^nxKBfeKskRmP`rbQguDzGScWRgAEj_oN`k`azHSYYS`WWvz\\pHtvfxW\\UojyeGIM]`kpSBR_bfbomMzVh`OcftbcTEMLYTnSJTtrLKJoqUTAWciHoTRFraadxH]NpGGOrOeYSIK^WZmQabMkVEXEBi[dmQtDhvzjOEIHxPpgJojXoPDWvlskjBMJoBgBOGp[[CC\\YFnFOlvNyCp^N^IwDOANrySwdnXCzOwmNbxqym]yFzLlMIokxsXMBpdZmq\\[TsOjFCPg`SyRlCHsnbk[zgFGrkkYx_DHQBeMl\\fJtILfuG[yhlfKGA\\gnIrVSriBOrAkXuGSwabr\\ZLlPlkLstAPayYddPrCZKXDFkameTO`ZdKUwGGaG]IVqkJZ]^jgj`XRCIf_Kyb`e[qwnEh^JRvxBCMVaHQHecqtMtSn[bVIvdkVtNfXqM]Yd[PzwQyDh[uCewktmtCcvnBXRr\\T]sQYFXQmeSrJcS[\\iikw]lfxJu]pYriFpeapJ]xNgyPZCtzdTaidG_qkNTOKu[TmdmUylfRMl^Q_\\MuQut]rIFyQopcqNmSMe]pQ_BsiO]scORPBYyPBy]e_nDJvD\\yyLDuzWeltAncgNVC]abXP]QOIsQ]\\rwfn^tXKXPeoMWAKtyRXBgU]Dj]uplGFHQBEIpITyrFQwdCFPEPuzF[KbJjoX]VfJ_gwUwBDqxYJbE`[hWfl]MFBqr]yFTw\\]ZHXwFlSCLECgQc^ePHArdJwYeG^[Dx]AxgIwH^bfSjRIDV`OyUqMwesQKySzNsyNbBjd[b]l`V`uroVPaP\\iHPETosmJLcYZkEaBfvnXsEgbFxYVdCYxXQGSxWpcoTaxxFKnOTdf]DpCc^OqZW`IJ[CZxNEPGLc`_jezmeHQYn\\T[Dj[HzIYnXn]ClpAPU`Q[Q^tsODoPPkWziyt_dHGCKmGvHxBoGBEOKsKapbtvTJ^hW^Tmw]fMYOQ_XxlRCzIOfIopoTiCOLiAOY`edOseVrqwcfIsqctTBPBOi^xcndyN`PQyYGinH^soSsNILqLgRUzzXQvFQQrmtdWSVJ[jtGM^WNwqQpXxXSvKQRbIKd]qgGui]unBW]mLH\\cJTFo\\ttVbhLCEcR_QdWrQSNTVBVbu`jDoiXoFoAwmkTBQsiYEx\\cleSrFlZ[^S[ByIOVL^Z]dZE`zMD^Sx^xEHRJWaiTVaZ[QRCHeTNa_yzRamrtivHao^xqqEzfoGHCAePhJvtzjwYFIAdeipeZZsfnULR`TcmYrwRw]JjmCHrsEsiq\\Uwz\\hdIy]TxeUgHKANLihH_FsXSBni\\^[EyfmxJTIxApmIi\\jhEe]HoNYucQRHLns[KQh]XDEs`jGiTkirRFerASPlMsUsBBlMxRxYnNQA`dbEGkasb[pGJA[rAvP`jLr_xukBmQDEpdRWkLe]R\\QbMfDxrGYrxkRUmDGMz_GRWkR`iDGoRnNNuPSSqmKfsLHESxdhFX]mVzK\\U^OnzdaJ^EZ^lnWMU[YLdMNk[ZitR[ruEryS_WgOfybO_FvRBPYvbzrHQ_TavgsCM_ZupDiyoJ`ffyLU^XrBCwTEzqBzCFTyF_CAgB]ybZHXZM]RSzC_orAPLUuzBjvipb`GwLh]ut[cpvenUkhDDpKO^mpSG]xr_YbsgVVGR`dvXYZPjHfRBseAXRcJWVWYwcDWTmGyVal_MPrFT`cyrfqfob\\UmLjwJKyoUCwxAgv[GGnH[^qrnXaQmYclQlMKqpUBQClQceyLjV_inTuPUsImeiCw[KhO[ldRlmrXmaOIYVaXttywrxpygcXczopXxjlylNwB]^]odzTPHfCaMkX]wfeJVPXxkqLjdcfgww[U[AVhOI[UmOLNROBGcngMF`Dmodf_zWdQPDCvPxuMoDL]fxYVb`DJQOOvxdsf]vUVevyNMFqftZYCUbGrLPx[S[zBpGygFOksiprkyKI\\jYPqpMaV]AZNyuDJvxYFHK`ejaT`kWsAG]kuLJLc`cJEp]unlhpBmDT`seHPtBfGIZG\\KJymlp`_A\\pMg`nCaqNDILBbBwj^xCwWWYdcjCPx^p_XoudTOc`RLCSyHXkpGBbx_ZqNvKT^bQaTgdmGTVPU^eLTGf[RS[q\\NbsVEVYDOBku\\zS_ed\\kmM[uN]HQjCLGZFFFkWCxxLG\\uRrGTwhiyGiBGyHcOHUMqd[WtMnOb_mbGzzweAwnU^HTWDymOZiprteQq\\MGIYG[UHvHzKxOLarS]HzpOBzIpwjMUiGJnqevXhyPIrnD\\ZeQCSoj\\WsHZyeXXjmQEo\\UvvvpIkhWOvgWSYKCuWhWy^]ZCbrZE]zhyQVGWzbkj\\t_ROFz_kWiHEWYZ]mbtNSlwzXBDDfupwg^eyHo\\ruUGRatuwguMAr\\JHcSrDv[E\\sKXso\\UyFBTxfeZ^HHWkhpFLU]WpwXwZPeYV]BIL`OupIL]xtTwoEToDEM_RF`BhFtiBMDBGyLLZuPCJAYwd\\HVvpUQP]qGAMMkP][kpSppsIVIpJVRgcYMx^nLrmldIEKMi_ng`iGRfS]m[M\\GH_[XoAnljPsDaMhoyI[QWjlx]GafAAkfQf]demXhlBxQqCkZeioRlKkXn]vh[Iki_MmujDJLlm`Um\\HZWGARMZuGvEqIrkNcQOmdQpja`cazeVfRU\\RTIZ]FSgzeNATB`xD^j_JaWZmdsv\\`Z_nWYu[rlgQdqFT_P`ZhSHcqSlwihsMXKZLiNwce]LlCO`jRGNTS\\nMRwxEhxmKs[sYWteRSxpKHWacmBebZ`uwXMumPsuhkAscVGSY]vBVfcFvWVRgTKlT`vBKysB[CI[G^xMfiMF^__QoHzVuaOTaP_CZEIZetaS^IzYYJgyGENpBeNDz]Huootqyvmb`m\\exMmfHbxluQN\\CjBorF[Hmg_jPIZ^WEYUddsorcvX`Wz_aXnOuxjZSTsRhDWzH[UprssZrMwPKCcVgAIrUKcZVzCPlaHoLwQECKhh`UXhA[PPl]fhu`ewrv[rqdiQFIDOl^T\\T[SAmvYukm_Ov[ugRTNGkprvfHcsXA^NJJUZMeJw^`HEF[UfNWwYQMl^dWUfS`^jOQFmF\\[hJRdKhmqLmxeBEFxwYqpqP_exCYpoVc`mwPOycapqaJsUv]fJTITPfdYfhgHPwBqKYsEpryTrAyQGfPBamg\\MOPHSqcRwYat`TivDXqRUo]PgTSzXeb^Q`dvJklyOgXY[ElnxTyJwUGYmA\\z_duRrCdzjnmSfrDiXDobc`BDgXavYLIIPmZfmFbX\\lDKaf_ERYAjLtWzbqfZ]ib_eeDsXYwR]XGr\\r^At\\dzKZxVV[EvZHumK``wcfht]jMnn`^jTfaAEbTLhh]xUArV]TgwRaXOok^\\NJcqxUcobuhcLUPuIj`\\rrQZsbXmNRMUDsy^FgAzXDocfEkxR^FELBdWsIxVwqbPiT`TWlo]j`DoCinoq[\\jMHICOcfxieDb\\`uS`Xa`idVfxpTKUI`\\UrDaK]EoGrnF\\]S^n\\PYtvBcm]EYO[c`EbNd]THCTmYqqPK\\]qWttGbYq[ohYf`fPNAtOjB[UNFH^Km]ScwYEjgxAonB_ZdhNmbcOQMnow_gB[vgiSVqjGb`aCt[vzvudYtkcJNCVIdHKAw`sHTMEnxGKBCLWmspAdCcaLD_FS[b]ZVaGTbogjqq[n`aHBfdQoHayTyhDoHlTVdlg\\FCKDIRnMInf^XDgrRhSocnUtkrcE^FJotfwdYMfqnmLLCaXDF\\EwYrtShQTRiiiDerdlHDYEB]BqbJrKZ_zBANVCmdvHtUHEDIaLxgwCCzuwpDk^ZJsJjhCX\\bz^HRLhUxnZdgMncxyASYMjtXij]xUWFIjWgYulnMbsQRumwEbmiCEDUQekc]LXcWT[xqGKCNMGrTYc]vnXWchDEgBWoJIRBKQtx[pGyXj\\pyMBrBNhjnBziQWRokVtEvEgD`eCGgZytMOF[A_mv\\cNIQKhE^ROBqWtt`xRWLaCUCG]BQroLdxdSr_mVxydVKxCpUMuCMVkvasFJhfog^CYsnbCAKwZNxhJFDggEwmyNNhmyYdhRKwrI`KCnJurQw]ysjAFByjklEKfFoEcbPHDApBatetuCuiRkjtPY^fT[MGDU_wzFRPBoZxDhZLXFphqWsuWupJDdodoixLUhupkfh]QmpbyRONe_Qh]eaEPILXAqJVjOrjLzxLjVdeENLmUayPXQikHp`cZP][c[sj[`CfbFyGAvzCxZD[stxZ`GbVZUm[tJBdV\\Ro^ShSRbkLq^fzLBbi^YKUyhLMT_NquVh\\IOw`LeHxVV_wjmOrbSGwRxqqH\\znUuR\\qJqxFC^tQMycIO^aQVObPkKLXGXkfUd\\EDGavQm_pMfEyOhtyY^yfjLFyf`yfmNwc^_FHwezdjmCEFNJY_mMreqUrBbQlntDzj]\\jclBn^VvxJBtYV`GAAFyhJNGVUOppiDUdl[qmkZTPuXiAisVOnCyd_n`UffZP`FOGgPgvjUPbmimm`Gh]sbCgElFxu\\HEzDjpIbTYL[_YnWrpBnp_yxXyCcBvKiBNMKciyxexmPQYCdsitPwGfcGBglmaaYO^YRMdoJqEIsmjhzwYjTBumubdDaCNKEXTBnzkXPtkYsxnqXUhoTqMXTl_jc`NGdtE\\YitzLA[ZR\\twongMVYqOKwhC\\BpkgdpztRXi[hdTVnFrrbupsBlKCqR]Ar_JLknhguD]Vxlhp^sXrqKtGAresewCAvidJZHezXKx_YZuQDV_xufKgeDLsIpCxA\\ZPI_VWNXZfNViaxUoPXEGQ^w_WwmqbIz^wzfI`zIk]L_YOUevoBm`vVJlLzzZ\\ar]OsmbRMOPPUeEz^QBRqCaV[bbqtwaAiOwTCKVcDdbn]QblEmhjxHe^RGoRKkYPiPaGhlwTuZOM\\msJAqmHPrCadYCvWEXSLRFNj[DTpUo^tXC_OeRUyRAqNz]PjBwpBvBJhf[`mZRuC_hLW^hmnCUuROzkynenYz\\xWtrcKlb_zFoiSQtLUJCyaHsZfjbzp^]DCjp]gEcB\\quLZRYhuYZOx]WOBXw[Kcj\\dlfc[W`PbA^kMgAURtEXEOF`Sa\\OIIqsGYcifpN_sJhwzgCUXcIR_SXUfFPtuRHZJeenDRi]g`&quot;,82)" fullname="Open_Lab_03._10.Tests.GetNumberOfCharsInStringTestRandom('_',&quot;qpwrV]iIr]itZ]_rzBXRoDCkluhqBOLFctyS_^tUhr`oWNk_rygAoujnnLF[osHcRdQa^MT\\IDdx^NT^JIyDcKQhJL`SXY`pjx^nxKBfeKskRmP`rbQguDzGScWRgAEj_oN`k`azHSYYS`WWvz\\pHtvfxW\\UojyeGIM]`kpSBR_bfbomMzVh`OcftbcTEMLYTnSJTtrLKJoqUTAWciHoTRFraadxH]NpGGOrOeYSIK^WZmQabMkVEXEBi[dmQtDhvzjOEIHxPpgJojXoPDWvlskjBMJoBgBOGp[[CC\\YFnFOlvNyCp^N^IwDOANrySwdnXCzOwmNbxqym]yFzLlMIokxsXMBpdZmq\\[TsOjFCPg`SyRlCHsnbk[zgFGrkkYx_DHQBeMl\\fJtILfuG[yhlfKGA\\gnIrVSriBOrAkXuGSwabr\\ZLlPlkLstAPayYddPrCZKXDFkameTO`ZdKUwGGaG]IVqkJZ]^jgj`XRCIf_Kyb`e[qwnEh^JRvxBCMVaHQHecqtMtSn[bVIvdkVtNfXqM]Yd[PzwQyDh[uCewktmtCcvnBXRr\\T]sQYFXQmeSrJcS[\\iikw]lfxJu]pYriFpeapJ]xNgyPZCtzdTaidG_qkNTOKu[TmdmUylfRMl^Q_\\MuQut]rIFyQopcqNmSMe]pQ_BsiO]scORPBYyPBy]e_nDJvD\\yyLDuzWeltAncgNVC]abXP]QOIsQ]\\rwfn^tXKXPeoMWAKtyRXBgU]Dj]uplGFHQBEIpITyrFQwdCFPEPuzF[KbJjoX]VfJ_gwUwBDqxYJbE`[hWfl]MFBqr]yFTw\\]ZHXwFlSCLECgQc^ePHArdJwYeG^[Dx]AxgIwH^bfSjRIDV`OyUqMwesQKySzNsyNbBjd[b]l`V`uroVPaP\\iHPETosmJLcYZkEaBfvnXsEgbFxYVdCYxXQGSxWpcoTaxxFKnOTdf]DpCc^OqZW`IJ[CZxNEPGLc`_jezmeHQYn\\T[Dj[HzIYnXn]ClpAPU`Q[Q^tsODoPPkWziyt_dHGCKmGvHxBoGBEOKsKapbtvTJ^hW^Tmw]fMYOQ_XxlRCzIOfIopoTiCOLiAOY`edOseVrqwcfIsqctTBPBOi^xcndyN`PQyYGinH^soSsNILqLgRUzzXQvFQQrmtdWSVJ[jtGM^WNwqQpXxXSvKQRbIKd]qgGui]unBW]mLH\\cJTFo\\ttVbhLCEcR_QdWrQSNTVBVbu`jDoiXoFoAwmkTBQsiYEx\\cleSrFlZ[^S[ByIOVL^Z]dZE`zMD^Sx^xEHRJWaiTVaZ[QRCHeTNa_yzRamrtivHao^xqqEzfoGHCAePhJvtzjwYFIAdeipeZZsfnULR`TcmYrwRw]JjmCHrsEsiq\\Uwz\\hdIy]TxeUgHKANLihH_FsXSBni\\^[EyfmxJTIxApmIi\\jhEe]HoNYucQRHLns[KQh]XDEs`jGiTkirRFerASPlMsUsBBlMxRxYnNQA`dbEGkasb[pGJA[rAvP`jLr_xukBmQDEpdRWkLe]R\\QbMfDxrGYrxkRUmDGMz_GRWkR`iDGoRnNNuPSSqmKfsLHESxdhFX]mVzK\\U^OnzdaJ^EZ^lnWMU[YLdMNk[ZitR[ruEryS_WgOfybO_FvRBPYvbzrHQ_TavgsCM_ZupDiyoJ`ffyLU^XrBCwTEzqBzCFTyF_CAgB]ybZHXZM]RSzC_orAPLUuzBjvipb`GwLh]ut[cpvenUkhDDpKO^mpSG]xr_YbsgVVGR`dvXYZPjHfRBseAXRcJWVWYwcDWTmGyVal_MPrFT`cyrfqfob\\UmLjwJKyoUCwxAgv[GGnH[^qrnXaQmYclQlMKqpUBQClQceyLjV_inTuPUsImeiCw[KhO[ldRlmrXmaOIYVaXttywrxpygcXczopXxjlylNwB]^]odzTPHfCaMkX]wfeJVPXxkqLjdcfgww[U[AVhOI[UmOLNROBGcngMF`Dmodf_zWdQPDCvPxuMoDL]fxYVb`DJQOOvxdsf]vUVevyNMFqftZYCUbGrLPx[S[zBpGygFOksiprkyKI\\jYPqpMaV]AZNyuDJvxYFHK`ejaT`kWsAG]kuLJLc`cJEp]unlhpBmDT`seHPtBfGIZG\\KJymlp`_A\\pMg`nCaqNDILBbBwj^xCwWWYdcjCPx^p_XoudTOc`RLCSyHXkpGBbx_ZqNvKT^bQaTgdmGTVPU^eLTGf[RS[q\\NbsVEVYDOBku\\zS_ed\\kmM[uN]HQjCLGZFFFkWCxxLG\\uRrGTwhiyGiBGyHcOHUMqd[WtMnOb_mbGzzweAwnU^HTWDymOZiprteQq\\MGIYG[UHvHzKxOLarS]HzpOBzIpwjMUiGJnqevXhyPIrnD\\ZeQCSoj\\WsHZyeXXjmQEo\\UvvvpIkhWOvgWSYKCuWhWy^]ZCbrZE]zhyQVGWzbkj\\t_ROFz_kWiHEWYZ]mbtNSlwzXBDDfupwg^eyHo\\ruUGRatuwguMAr\\JHcSrDv[E\\sKXso\\UyFBTxfeZ^HHWkhpFLU]WpwXwZPeYV]BIL`OupIL]xtTwoEToDEM_RF`BhFtiBMDBGyLLZuPCJAYwd\\HVvpUQP]qGAMMkP][kpSppsIVIpJVRgcYMx^nLrmldIEKMi_ng`iGRfS]m[M\\GH_[XoAnljPsDaMhoyI[QWjlx]GafAAkfQf]demXhlBxQqCkZeioRlKkXn]vh[Iki_MmujDJLlm`Um\\HZWGARMZuGvEqIrkNcQOmdQpja`cazeVfRU\\RTIZ]FSgzeNATB`xD^j_JaWZmdsv\\`Z_nWYu[rlgQdqFT_P`ZhSHcqSlwihsMXKZLiNwce]LlCO`jRGNTS\\nMRwxEhxmKs[sYWteRSxpKHWacmBebZ`uwXMumPsuhkAscVGSY]vBVfcFvWVRgTKlT`vBKysB[CI[G^xMfiMF^__QoHzVuaOTaP_CZEIZetaS^IzYYJgyGENpBeNDz]Huootqyvmb`m\\exMmfHbxluQN\\CjBorF[Hmg_jPIZ^WEYUddsorcvX`Wz_aXnOuxjZSTsRhDWzH[UprssZrMwPKCcVgAIrUKcZVzCPlaHoLwQECKhh`UXhA[PPl]fhu`ewrv[rqdiQFIDOl^T\\T[SAmvYukm_Ov[ugRTNGkprvfHcsXA^NJJUZMeJw^`HEF[UfNWwYQMl^dWUfS`^jOQFmF\\[hJRdKhmqLmxeBEFxwYqpqP_exCYpoVc`mwPOycapqaJsUv]fJTITPfdYfhgHPwBqKYsEpryTrAyQGfPBamg\\MOPHSqcRwYat`TivDXqRUo]PgTSzXeb^Q`dvJklyOgXY[ElnxTyJwUGYmA\\z_duRrCdzjnmSfrDiXDobc`BDgXavYLIIPmZfmFbX\\lDKaf_ERYAjLtWzbqfZ]ib_eeDsXYwR]XGr\\r^At\\dzKZxVV[EvZHumK``wcfht]jMnn`^jTfaAEbTLhh]xUArV]TgwRaXOok^\\NJcqxUcobuhcLUPuIj`\\rrQZsbXmNRMUDsy^FgAzXDocfEkxR^FELBdWsIxVwqbPiT`TWlo]j`DoCinoq[\\jMHICOcfxieDb\\`uS`Xa`idVfxpTKUI`\\UrDaK]EoGrnF\\]S^n\\PYtvBcm]EYO[c`EbNd]THCTmYqqPK\\]qWttGbYq[ohYf`fPNAtOjB[UNFH^Km]ScwYEjgxAonB_ZdhNmbcOQMnow_gB[vgiSVqjGb`aCt[vzvudYtkcJNCVIdHKAw`sHTMEnxGKBCLWmspAdCcaLD_FS[b]ZVaGTbogjqq[n`aHBfdQoHayTyhDoHlTVdlg\\FCKDIRnMInf^XDgrRhSocnUtkrcE^FJotfwdYMfqnmLLCaXDF\\EwYrtShQTRiiiDerdlHDYEB]BqbJrKZ_zBANVCmdvHtUHEDIaLxgwCCzuwpDk^ZJsJjhCX\\bz^HRLhUxnZdgMncxyASYMjtXij]xUWFIjWgYulnMbsQRumwEbmiCEDUQekc]LXcWT[xqGKCNMGrTYc]vnXWchDEgBWoJIRBKQtx[pGyXj\\pyMBrBNhjnBziQWRokVtEvEgD`eCGgZytMOF[A_mv\\cNIQKhE^ROBqWtt`xRWLaCUCG]BQroLdxdSr_mVxydVKxCpUMuCMVkvasFJhfog^CYsnbCAKwZNxhJFDggEwmyNNhmyYdhRKwrI`KCnJurQw]ysjAFByjklEKfFoEcbPHDApBatetuCuiRkjtPY^fT[MGDU_wzFRPBoZxDhZLXFphqWsuWupJDdodoixLUhupkfh]QmpbyRONe_Qh]eaEPILXAqJVjOrjLzxLjVdeENLmUayPXQikHp`cZP][c[sj[`CfbFyGAvzCxZD[stxZ`GbVZUm[tJBdV\\Ro^ShSRbkLq^fzLBbi^YKUyhLMT_NquVh\\IOw`LeHxVV_wjmOrbSGwRxqqH\\znUuR\\qJqxFC^tQMycIO^aQVObPkKLXGXkfUd\\EDGavQm_pMfEyOhtyY^yfjLFyf`yfmNwc^_FHwezdjmCEFNJY_mMreqUrBbQlntDzj]\\jclBn^VvxJBtYV`GAAFyhJNGVUOppiDUdl[qmkZTPuXiAisVOnCyd_n`UffZP`FOGgPgvjUPbmimm`Gh]sbCgElFxu\\HEzDjpIbTYL[_YnWrpBnp_yxXyCcBvKiBNMKciyxexmPQYCdsitPwGfcGBglmaaYO^YRMdoJqEIsmjhzwYjTBumubdDaCNKEXTBnzkXPtkYsxnqXUhoTqMXTl_jc`NGdtE\\YitzLA[ZR\\twongMVYqOKwhC\\BpkgdpztRXi[hdTVnFrrbupsBlKCqR]Ar_JLknhguD]Vxlhp^sXrqKtGAresewCAvidJZHezXKx_YZuQDV_xufKgeDLsIpCxA\\ZPI_VWNXZfNViaxUoPXEGQ^w_WwmqbIz^wzfI`zIk]L_YOUevoBm`vVJlLzzZ\\ar]OsmbRMOPPUeEz^QBRqCaV[bbqtwaAiOwTCKVcDdbn]QblEmhjxHe^RGoRKkYPiPaGhlwTuZOM\\msJAqmHPrCadYCvWEXSLRFNj[DTpUo^tXC_OeRUyRAqNz]PjBwpBvBJhf[`mZRuC_hLW^hmnCUuROzkynenYz\\xWtrcKlb_zFoiSQtLUJCyaHsZfjbzp^]DCjp]gEcB\\quLZRYhuYZOx]WOBXw[Kcj\\dlfc[W`PbA^kMgAURtEXEOF`Sa\\OIIqsGYcifpN_sJhwzgCUXcIR_SXUfFPtuRHZJeenDRi]g`&quot;,82)" methodname="GetNumberOfCharsInStringTestRandom" classname="Open_Lab_03._10.Tests" runstate="Runnable" seed="1231607847" result="Passed" start-time="2021-10-19 19:34:08Z" end-time="2021-10-19 19:34:08Z" duration="0.000093" asserts="1" />
            <test-case id="1072" name="GetNumberOfCharsInStringTestRandom('F',&quot;aJag_Hraz`UoBNC`aTdbBNmUCPQFtgfyn]o]`dVn[bZeQpmqPJvSvxtSWLePqlgStWA_ZaAxxqGZoIEM][qjkSCpd\\FTyGxiuGktoNWiIyVFqZ_NHXmVvxcbTLvy[gyqtY_hXKYPEHalwxzJwrMbUbnx_J`dSYN]A_LYurqwz^RnWqeWLlBd[W]SfaIOeoxftElYlaPFBPcrQzbi`JXaWeBeCtmTicRLaftRFMfe]wcKofBgz[i\\WWPPDHWrovWZyWQeFQdT^mE[CqpWrGUOtqoJWeNxqnqa`IMXUXairVxdRpNNRzzhaIaIcGO[Df^jw^utdXB[`gW^sKsaXAgqoJAXcEpNIGeLsOhnuTduy_HtlCPXOhDCzgvm^^Q_cnSZBLed^EgDWmrPCGf`oXz[CcMLSvQWCERKMhsaYfuKBzfNofkWsljKorXZyYRcoPAS[hDUOEHI^pZCwzXgKt_RVGWUQYczUSVlyTmHcVIndahzYU^yBeXuljwTRjEp]HoKZiDcMPEpllioYWwvvdyku\\APWYqtRTQ\\m]akRulm`cJAAIvunJtsJDPxhnLoYL_X[MBvqLeBrMKSSAOO^wGHZYSiNcC^jxTUEl`oGzDb_sBxsxeh_wQ]FWxCuTiOJHRtsqOb[[H_s_dbWUqPxUymhrOin^tnQpXXaHEBiDNEpldanWf`]ZQoI`MBcanwaUODHLAPPoatHuxvNiuWsUQr_dOBvDZIQQ^[^`ZbWWPisXgOcQntfWEMEW`^wzTMUYdrW]XiPTA\\EbzHwzYeP`^tMQWGzveWCDT[oprFsFeRWcI]XYawajwpujeGGQiTidZAN_SHISlJvL^dHujbUhqTG_`EKlzbXRcmJIOsFZoNxntjMAyMbGyBnFtjzOwXTJleck[zfq\\vscWTeqsJmnARSbzDO`tr^XunBPG\\ayaleDILjaEIVmeaJ[RAkWlGweY\\hcSUkWdoMOgPZoUi[l\\knUdayFlJMZoAeg^GNjYyIqTuoCbwCDgLIhiTylWefZbnZgemQN[kS^bwBimv_oHJndrxyKH]TnTjO`[HYofpdvsfFlSPz[GrSYAqphoGFxX`Jsi\\Oe^jIS`rkLrMss^sh]Wq`eSkA`jf^T\\MDqBUxWiAsIFdpbON[`rh\\rvdSmjdctTXjeJBqIuQnWxW_jvYR]Ly\\olLuYCKhFXyphtLYNXRebuFt`EcrQRGiVwvtxGXGkcizzbrpjAEFtTttfSVTZTXnRQZlxR[HzKuzLGuxNnHQNApBCBNfkDhWLuhjHFrY`wFiYuh`XXGfLH`Q[YjvDpWv^^nQYLqIvjkQvGcHUiNSxBLEVXOjVwUkaKLuGWGMbxk]WOVUpbbVbDx\\SjvBxGmzVAkkuhBxbBkzRihGBtuoUyI]MkcW\\FO\\LlHW^eZHaeo`TyJdCozDLyeWrO_KFe\\]nPo`bQcX[nNjKdJOayUgFKPNGk`PGPBvIRmDJdBlMcdYkuMNFPdGQpWcAbZqkTRKlRbsqFEwwc[^aq]M_RKqfufTvKDcKLAtQYhYTTXzKhKiVtBJEMRZI[`qgOxgC]llbaMIJEsLuKfykxxBIt_ytbkptqmFVkxivYHogtAAUG_ypbFjQv_IxnszqWOSSnpJNxCSqIVPt_dmCmASkCo[MokHaHyPehibRVks_ntH`OPZJFwEWwbPyVxYMvmiKGeLqC\\hBIoxJgux`Ry[KttiGYcwYRfdBKxZeEdHePCNIeGR[ztuxR^QMvFXZ`Pk]Kvyj[T[hqqvrga]SR\\YXlgjhgNizMhEzSkxiHbzfYNG\\bZaVdEIDqSl_MRDNe\\\\Jlw`vdnKj\\mz_`OFNgSWH_BJzyY]q_mBwlwjftempuZbDTNyxLqaSFUekn`xKRTLjlCmd_[TCaaMFZFgkZ_fiLjrXRzsThc^aOsRR\\VZl]_l`H`RhtMkni]^CLUR`bzVyDgranVPEFuLhxRQmhK[[rjslVOFGEtJ]In\\\\iku^wgioRpFtE_rX_uGToFL_PJzLki`JqpDxQw_KBE[`JMB`CmyOhIhc`VOng]DcQwDP\\uGcWvRjffVCH[IykR]hH\\Xuik__ArPNJlEIfVrlqxxtAMfMUFrz[VHz]LtgXmjnWIsWWASUZkqK^^u]ESKvAQnodEf[\\LUEOJ^rTPqTm]`j_x\\zQXbFbnnGVEmRVrsNWmwUzCIp\\rI^kDQgcfJEeP][WX]O]_yueRTlAHzOPldkeQVRoGjjiodGQ]yc`tSxtNtYk_g\\fvosflpGBL[WpOMpiM[_JXiVYgrWWxbPZODnzk\\_gsaUZwIeBDk^DHRONZ[zuYjEdKwbLZpxlvrQqTw]^NVSMELRwoaaQ\\eNI]kOzbYcOmlHQBXt^x\\gDWr`yeeWsOhQRdHTch^womE[SEBvXgDTzxKmfLPUwBjzF\\qgtDRpZ_sQSWNudjzMLUQTZViXXJAmDEUqNVBTVNt[FuZOxVlMC^olL]N^VtYQ_FNOBXgNigqy[pO_vZZCYok`QdekI^x\\pcwAhLMai^_VgpQVOicv[VskUhyYmwFKiUJrtNrkMtUuPUs[TP\\ZvCBZkMfANoomXThSgY]AqsibBx[Ao_E^[fPgTjHgcr^YFc]whanum[dDT[YmmfLjjQSmEAyxQpYyUQ]Z[^SNkKkzCMTtRUuwgoioQksgcqdxCeiCxyROSxy`aSjshFfwv]SaciJjfgfuanwX^QvSDfdipINxAAy]KhBaSH[PpbdgSDznWSUXKStPselZ[MifiIjslWEWqf^\\BxVmIZbigbSsoliiWApdsyyJTHCzNxa_pXOuOzRAfAzGqrDziWAqqucDzMYBXb[iAoCW^nZXjoyszrT]DCQqxkhvpKuBaPdDaQFCpg\\uxcHCvkDItwyURdkQGHbTtXqZKuRilRgWaVtUdfzFGmIeROmwapvhFIB`mhsBYVWcPbovkVh[H]MGOLIvIVHvVzRXTTcvnxglVaVk[qMLI\\adwuQa`wtDN[NQPWbWmmhJp\\liqX\\RIwnuZi\\ZCCVrEd^uTF[EPqYWnWn\\JckH\\cuRhSqbuITkWqFLxqUkxWBS^XGCuAP[RNV]jMNAOtJG^izxQc_TNzKEabnPMngutsYI[c\\kcU]EMuppYJmR]wMSDRwHZyn[MPNePr]iGnkt]GsfmyrDBUYwgGFJgUReaBrxgLabgDLiLSpwZQU\\HkYrqQxIlTBm\\FT[OuybXQXyJjkUQIkWzq]pdAGVNXpSCYNGyUi_RnDrT[hGadsddfmed_rOocTA[Evk]eVv[LEMnf]ISApe_MiWgc^[^ZjiZCWO_wevNwIXbarxBivomj\\OW`EuHvYA]VmlOOeVWuWcDRpFk`Yo^vwkaIszsjnS^HvLoGinEaYsStKFkyJc]d^aZBKGVf^gHEEvVdReqekx^DYhxnOuaKpueVmmvcXZDlkNoOjGg_lrt`CVd^IcWdFwOKRAq`iONRulTKsiDHNBZxAESXJYZpCZfnzexiPHq]ecfRBYeZ`OVE^QJMiZWPpYO[F`LNlUsFLwSYZAVkozQoDbQi[kAqlahMTKL\\NWiKWQsaxlnhEf\\pI[W_P^nBUBUfPGFPpt^XRFXnikkjxTlFFrEtnhMkdgqUwNQrf^sLID_CCdp_nDEAQOaYBM\\HgnoePDr\\[sDZ[awBSCqKshw`cpDihrqZBk_VPumymTEuAe`kR_FzVRPyqOB[zJocCdXkBbmYPrY_cC`yPTWIlrEk\\a`AsSzc`]sWMpjkmhj^skVnjDLgmfqK`hO[BlaxspzGJJlZegWEIarlKmRoGTqtghq`aOiAHlfDkPd`RlBGPlCzp^QP[lq`zFZ]SMsVxVxWuoAuIl^VRjeuerjDxZaVuGEepHMFtgJtogEB]VHiO\\NP\\`r\\]oX^pb]njWEA`X\\eakFymibbSrHYspJQPkdEOfENKRRGRGJqzcikZtjnNpLxZDuuMolooXWugso\\W\\QMiQZQGZqWBpqY[GnGWXt]UUCcMnDbEOXm_yOIeennxVnyax[`EhFyborUNqDTVPRnYEt\\se]leG`zbEBOT^]XIYKkHuvnbZXhDza\\Eyh[KUU\\OrmJopAsntezuIUyjjJKjrvb_`KUqCMoEj]PHlylZ_uJVabvdjk\\KJlXvKfPefBlhpvLgFqykYlKxmLyyPlHRkeuxETwGjHo^J]aeWO_smlmXb[JzhQVtuZwKANcltrBQxhoPfTcAMP`zs^WeJxZYludjaWdIgmyuk\\[tfuTTiUhfuwR^rxbwYc`DEEjPkZUZQePXC]yPeFkWNxodEFQiLC\\HvXpbKEdPANUQht\\VySSTsIqGQGLeIfOOJH\\fgXEa][Wzd_wKevksjIPmbjREsyGUyFH`YqjbNmqXmq]lJAANvW_AsjDxGAh^TBB^XXmoMJfxRsAlM`vsytZcbGhiml[NFSDkozTmOLAmkbjziSkaEo`[cZwRkDC[iXsyoPwNMIdmthrzWhAZBuIQndIVDCCLJaESjkLYW^UwLmbvbwuCCcZnPcLLHaJJGYdSc_Qg\\cC^aMEACNoGIzIbGQDG`zQqTKqmJOSCfOa[`vND^KJulDBGQBLS\\KG]RMJVVSqnul\\uYhBLDAdUqWFQJj\\HCAb\\HEJTlrhKUVzzbHhdAAP\\alfuGtLfqiluKzmT^hZLSYA[XFiCCsHBkGvVYPMsgBUfeEocUTFTbDIHlL^BKJdxbjJEEWvO[a`REUqSQGiinoZhxneNlLi]XWEuuk^xYqsB_qDWVLkE\\vKnQ]GRmh]PsCuhQvXackPwvYIHkNra\\dB]MReYdMLlTdI]wVGZoJ\\kfNrrTza_pwoOAX\\yQzxW__cSQgKVGXmRIQqzZnEefgvXou\\_uHIpMEMHe_bhoLYXJ]Fjb]`^uSkrdL^VKg\\zOxEDEiUuLWq[O^NSolwXcfuuUU_ZBL]HkZJMYBfsHeR^]PdGxLbZjDWdDKjkKvtAuikpUBumGEQxTWXEkX\\peDYgC`JNSviMlRdo`nmwRoSfmZQgnezmZEVrPDnorgZLVEMBmd`xf__pkmudO][ivvmgvm_\\AxEeUHPiMOuJEBHv`aG^JKaVMlP[R`GAEDxiZt\\c^LWAcQdtnrHVfBSqXjXdsoWgItEBEY\\gE_zxn`mwHVh[YkUDkGRk\\rkiokriLcpUW[QHBUDrw\\]^HwOX`BQyHlKNoRJCiEl`aSEx[NCWDZnAVMas][JKRrNeQDTkLAJskwxprQxSyuuhxKrbkQaNuaNjFZhWuSKDQuPYPlBL]rLXw`hGLlzuZvxJjNkXcaYgjrXDuZRzPVlDVqmambLISPdVwGjBAdcvZ`hEHdMmZAfEKuos\\KfBVPTZNCGnjPygmpeqJhYIUYiSe`KCRqaqxaaJLNrF]YCKCySUPyjnl]hwbBoirE\\sjHiLP\\ewqTgwW_QgMpnTHnF\\tdcKYINYwJ[uPGFoTnwYqkaClI]CRIlvCNRfs[^iGNzMDVXFjyzUqgfJD`ZQgLHnY`sBp[vtPOSdkTzVlWSSJWFVcIcTBNCuFLn_]VQPCFFcUBYj`D_PtpeC[]ZhscsBLX^_a\\sWGCPDR]BaksnyimBQblEAvcX[NDWx_tJEKIJq`bkx\\sxAouSZVNxoXs[^fppNFDCqijnacLlzAG_CfXgTkxbQvUgRigKkm]rXqGREGmqK]yoQUXrOI]^H]mvUC]swABN^OGM`GbMyHWoxaWxQpwbQzkvELwBeuuK\\lQCNLSIbP_AFyxng_bGDZw__LITJ`cENMSLQTkF^ozB\\jpFNJUGSnGBom^BCyzBgZntfl^So]dP[vCoWCFzK]mZFRX_piC_oyUBwv[]gBSpJrbtjjeztzqKhTnUUz^FZF[\\bBr\\cdTIJwQOj_oGEDfpIJTdHGHg_NWEWFRhrJXPfhAlD`eqKWAW[fTXiOT\\]gdwaLsdMGPvfVJ[Icac\\R]IMzelmtzcpwnyDDKrhAdDGFkE\\sPFilzKK\\kabHrSHhFjcKXEXiu\\hYCGO`PtettDwcocTePaJRwZzB\\Q\\KiAr_^lYdRBrxhNnCmAWolmYURW]cHNDyYZLtMXECJjTNiLdigwO\\tgZvb]MHPq]Eys`OBtqUvUfBZKgGmnwKycFlAQSjLxnTNPPpgVhmGua`BX\\XqGU\\tSFWnoOlbHJxaSoKuq[XGJEEB`jcovtFdSZuJtCrGwLzkczjdR]zgwUkNBUOEfwgNEUOstBBocQKxFTZaAy^YuYgxihH`nn\\z`lgOkqjQ[KDfKmIhvhEhZNTfhQJMt\\AopKYThKpJPNyjVBmw_ZeGjnaSYAbZg^WzJOpzUpAksuYLPdQg^NiZruFBeFvgdV]lqy`GLnbjZtNoVUDokuwZoxHPJnUOtTH]XgVQEK[kfzzygRgPCGwiZDxtrQxXYTpGmlWjznk`[LnpxJcrHFLnWYCTi]YoNDRSKtMvuwQPWWONQIvihFPTHBjTiDA^UvSWt\\eDxhxLowWzKoDaakGIoyKIKsNrvnv[ErUo^skAHE_LfjItz[xdpKcvQ]tE[GPBBvvS[ODizGAjZz][kTr\\qRftPY_AygaAo^JkopYlWOdjJs\\QzYTGPnLjPBDBkCjT`zvvqmfuuGFbhwkWwNA`TZlASZ[nlWAT`QJJx`[MmYLIidCTRhF]BJAFOudWSsJ_FlCWnaZWmomuOcSiXH]ER^RVQDvCwEuuPhDwbf`kNikNWFrfbvzLWEMb[gFjfW[itseb_VGlblrdnDzLMP[AEj^L[]]vaqFqNCU^\\QHMpOeeNcnWhu^Ww[dKUZGCtLLkgAWlj\\jwIOLqFtyriGNfTjumYKJCJESeCtyMMCgMLbNhPmE\\\\OUmxaXxFdS`RhmEvboMvlffZB[l\\N^gFibvj`g]\\AHcjHu^oJliysajciTvFf]sGgZdGqUVuRkueCwSHwwR\\piMHrSAMlWp_O]DhQXypVogHgF`mAoJiLWQxM\\O_UJIuvVVaseq`y]GBBE\\lmNMwNGTsLF[oI[[MfmMQkztVyekiQPwHA]lGwLhoC]VmKBW_BtVPsLBnTqycWecvJSofiUPZEYNNeHLwNLhWugPo\\xmGNEYYuZcrMlphewK[yoJMeBVKxMB^DzKkbJLAApSK_Uj]VAlx\\pqho`\\LjN\\iXFoNbFF\\kK[I\\yiQStpw[DBNJ^vBhAQmUemY`]vQuQNQVhLqrLtqY_OUDaDEJDnjthoqLQkpy_CJqkr\\RFK]H[UpWYUzYqHr^^WitUfb[Dst]E^TicmDsQcZSy[mvlWHWLgTUJcwZdCDc\\TRvBQqDDyMuxVuutfjhk]QYKz`AqdPO`qreJqu\\aDTMZYWohBaxSWryCtlClqN[ixVH_PlClOHhJEylckSoCRvIytbPFrjjpt_]DPQYQ_MEPKpyuzZA_YXWCMIeh\\wt_XrQ`]iT[u__FqtoDdUGXjLX]HZqGfkpcSarS_ZYRG`eusRLSUbEGq\\oM[oXCrMpJiwnQC]`JwpRKb^dqO_mEfjlqmfskBWZtk[Lw^uQrBuKBKeewKbnT[l_zKw_WeoIaVXZHSgSTNuCk_kgHAv`ZcGZyvLmbWuNNmefmK^d^OZF`io[ZPWWiOixPy\\LGulxThpyuEuw]RBLJAuPHkSRz^`yDgWnjS]d^]mrtp`UVZtWM^nPELDWbZxpIquOiGNKoYigNCWRKxwaeIlasHj_OGBE_wjDvRgOMjbopHBCpmLd]XLzFUVbXiviWdIRSSWtRhTvawllFgj]vXbHljyawEr^ntXLykj]VRRoDPZIdd\\kzYmyCA`dUqxNqqHh``mVxNHdFmD\\QqxScG^UGZJyKGH`UEyNIldDqGnmRJtPwDS_seekSmaGWoKrFcOBoqS_Nt\\]SlDxauBGndgj[OvWL^hCvwhjur[GkoRyJIXbic`\\nDD\\v`aavwTkMZaWDTDiZvWzShaSqThcxLPrsMoUQuLo[amkbB^V`rCrhEINyOjbOknAJj^r`iX`kb_lvqkpqSDFJXKoDaWCKd`jnlas^fpq[]HF`WSI_tkwhhrm`iozSVVGCpxJPsSK^NegPEOgNN^QtcCFuoSorp_FHBCkYJsfb`Z[DK][[HlFrENZnsP\\`^Thj``OB_NEUsjTJbCjRsUjEZODodxatXFEMll_fOZvugkyVtQLp`KhIdcPQ]ZYbgKxmeHXq_ECYYpXiPiuSllUMYvcJ\\NIoBUN\\nMkmsUQ[HOjoLbBo`FpuqkUj_OURvNXDcvvDxHZW\\tEJLoxtLUPv`SfCsBOezy_trfMPgyqXfYZwfK^jQ\\Fay]_PQsKwtpW]ULS`ciNN_sPHtjWh__T_tyvUHwynnt^qBxb[rxHbNsCFMWWb\\]YV]sdWPxYfj[ZfVZGvHwqaWlRAvqIkaXRQ\\HTJUKLu`\\snYXkmQ[Z`grykac[YphFSIJJNFwbwkvBut_b_FVZFymddJdclkmFsWaePN^hTs^okqEqCAvTZNzTW`aD]UqMyqJ_TtSRciFM[xsmEmakoZfeXMOkgZLzCRquh`^IiekkHmtYgozjnFX_K_HHfbfI^GKJHyE`PXCKiv]eSpEr[\\LxtRjJYV]GybNBcjRhkZZWCNpPC]oq]niBuMQqOvGtuvLHh[Cd_XHABpuf\\[HvageLtLHVZ[YpS`\\HCicb[LRFghAEReUonLTNRAN]TgJDySh\\Undms`[VV__MLCDpGeBHMNqB\\FNoBOHTz_k_AbwOkxsm\\BQQcUxTRaPGwcRmSgTGWLMgS`o_inWOUDaZpxMhQnCYPdbYQKvEelWQodyDaYf^JAmtCrwU[fqdInXixVN^rSechPfLzIHrH`PPriWZNbdyvnHBMPGKLHgrWJMmMlVR_y\\d_IrOzoQPifhuHdzkCwgAsYti\\eN\\MS[xR_^DXrKWrWIk\\SecmfOcR\\kGPImVboDWLjcdGvSLlPI\\PIMJzejaDrfqnXoPEppCSl`mjB]qTDqBSOqHwdVxF^STDlpjHCGv[GJ^d[ZyHtNABd_`bhS\\[sxpZLixLniQxubLFS^\\JWpLPSRZNQI[ke\\bJTEXm\\mULxDHCSZOJqREDlaGuOkvfNaSYzClNGjhd[ASPKXvqtRtTX_Xnx]_lrjxXkiCQhBCHe[clNrkqoEmwgzB\\exPdLwmlDu_\\VfIrOliwwg`GmhxmwAklgbfjmYvhiqhTSO\\IvuiuQ&quot;,148)" fullname="Open_Lab_03._10.Tests.GetNumberOfCharsInStringTestRandom('F',&quot;aJag_Hraz`UoBNC`aTdbBNmUCPQFtgfyn]o]`dVn[bZeQpmqPJvSvxtSWLePqlgStWA_ZaAxxqGZoIEM][qjkSCpd\\FTyGxiuGktoNWiIyVFqZ_NHXmVvxcbTLvy[gyqtY_hXKYPEHalwxzJwrMbUbnx_J`dSYN]A_LYurqwz^RnWqeWLlBd[W]SfaIOeoxftElYlaPFBPcrQzbi`JXaWeBeCtmTicRLaftRFMfe]wcKofBgz[i\\WWPPDHWrovWZyWQeFQdT^mE[CqpWrGUOtqoJWeNxqnqa`IMXUXairVxdRpNNRzzhaIaIcGO[Df^jw^utdXB[`gW^sKsaXAgqoJAXcEpNIGeLsOhnuTduy_HtlCPXOhDCzgvm^^Q_cnSZBLed^EgDWmrPCGf`oXz[CcMLSvQWCERKMhsaYfuKBzfNofkWsljKorXZyYRcoPAS[hDUOEHI^pZCwzXgKt_RVGWUQYczUSVlyTmHcVIndahzYU^yBeXuljwTRjEp]HoKZiDcMPEpllioYWwvvdyku\\APWYqtRTQ\\m]akRulm`cJAAIvunJtsJDPxhnLoYL_X[MBvqLeBrMKSSAOO^wGHZYSiNcC^jxTUEl`oGzDb_sBxsxeh_wQ]FWxCuTiOJHRtsqOb[[H_s_dbWUqPxUymhrOin^tnQpXXaHEBiDNEpldanWf`]ZQoI`MBcanwaUODHLAPPoatHuxvNiuWsUQr_dOBvDZIQQ^[^`ZbWWPisXgOcQntfWEMEW`^wzTMUYdrW]XiPTA\\EbzHwzYeP`^tMQWGzveWCDT[oprFsFeRWcI]XYawajwpujeGGQiTidZAN_SHISlJvL^dHujbUhqTG_`EKlzbXRcmJIOsFZoNxntjMAyMbGyBnFtjzOwXTJleck[zfq\\vscWTeqsJmnARSbzDO`tr^XunBPG\\ayaleDILjaEIVmeaJ[RAkWlGweY\\hcSUkWdoMOgPZoUi[l\\knUdayFlJMZoAeg^GNjYyIqTuoCbwCDgLIhiTylWefZbnZgemQN[kS^bwBimv_oHJndrxyKH]TnTjO`[HYofpdvsfFlSPz[GrSYAqphoGFxX`Jsi\\Oe^jIS`rkLrMss^sh]Wq`eSkA`jf^T\\MDqBUxWiAsIFdpbON[`rh\\rvdSmjdctTXjeJBqIuQnWxW_jvYR]Ly\\olLuYCKhFXyphtLYNXRebuFt`EcrQRGiVwvtxGXGkcizzbrpjAEFtTttfSVTZTXnRQZlxR[HzKuzLGuxNnHQNApBCBNfkDhWLuhjHFrY`wFiYuh`XXGfLH`Q[YjvDpWv^^nQYLqIvjkQvGcHUiNSxBLEVXOjVwUkaKLuGWGMbxk]WOVUpbbVbDx\\SjvBxGmzVAkkuhBxbBkzRihGBtuoUyI]MkcW\\FO\\LlHW^eZHaeo`TyJdCozDLyeWrO_KFe\\]nPo`bQcX[nNjKdJOayUgFKPNGk`PGPBvIRmDJdBlMcdYkuMNFPdGQpWcAbZqkTRKlRbsqFEwwc[^aq]M_RKqfufTvKDcKLAtQYhYTTXzKhKiVtBJEMRZI[`qgOxgC]llbaMIJEsLuKfykxxBIt_ytbkptqmFVkxivYHogtAAUG_ypbFjQv_IxnszqWOSSnpJNxCSqIVPt_dmCmASkCo[MokHaHyPehibRVks_ntH`OPZJFwEWwbPyVxYMvmiKGeLqC\\hBIoxJgux`Ry[KttiGYcwYRfdBKxZeEdHePCNIeGR[ztuxR^QMvFXZ`Pk]Kvyj[T[hqqvrga]SR\\YXlgjhgNizMhEzSkxiHbzfYNG\\bZaVdEIDqSl_MRDNe\\\\Jlw`vdnKj\\mz_`OFNgSWH_BJzyY]q_mBwlwjftempuZbDTNyxLqaSFUekn`xKRTLjlCmd_[TCaaMFZFgkZ_fiLjrXRzsThc^aOsRR\\VZl]_l`H`RhtMkni]^CLUR`bzVyDgranVPEFuLhxRQmhK[[rjslVOFGEtJ]In\\\\iku^wgioRpFtE_rX_uGToFL_PJzLki`JqpDxQw_KBE[`JMB`CmyOhIhc`VOng]DcQwDP\\uGcWvRjffVCH[IykR]hH\\Xuik__ArPNJlEIfVrlqxxtAMfMUFrz[VHz]LtgXmjnWIsWWASUZkqK^^u]ESKvAQnodEf[\\LUEOJ^rTPqTm]`j_x\\zQXbFbnnGVEmRVrsNWmwUzCIp\\rI^kDQgcfJEeP][WX]O]_yueRTlAHzOPldkeQVRoGjjiodGQ]yc`tSxtNtYk_g\\fvosflpGBL[WpOMpiM[_JXiVYgrWWxbPZODnzk\\_gsaUZwIeBDk^DHRONZ[zuYjEdKwbLZpxlvrQqTw]^NVSMELRwoaaQ\\eNI]kOzbYcOmlHQBXt^x\\gDWr`yeeWsOhQRdHTch^womE[SEBvXgDTzxKmfLPUwBjzF\\qgtDRpZ_sQSWNudjzMLUQTZViXXJAmDEUqNVBTVNt[FuZOxVlMC^olL]N^VtYQ_FNOBXgNigqy[pO_vZZCYok`QdekI^x\\pcwAhLMai^_VgpQVOicv[VskUhyYmwFKiUJrtNrkMtUuPUs[TP\\ZvCBZkMfANoomXThSgY]AqsibBx[Ao_E^[fPgTjHgcr^YFc]whanum[dDT[YmmfLjjQSmEAyxQpYyUQ]Z[^SNkKkzCMTtRUuwgoioQksgcqdxCeiCxyROSxy`aSjshFfwv]SaciJjfgfuanwX^QvSDfdipINxAAy]KhBaSH[PpbdgSDznWSUXKStPselZ[MifiIjslWEWqf^\\BxVmIZbigbSsoliiWApdsyyJTHCzNxa_pXOuOzRAfAzGqrDziWAqqucDzMYBXb[iAoCW^nZXjoyszrT]DCQqxkhvpKuBaPdDaQFCpg\\uxcHCvkDItwyURdkQGHbTtXqZKuRilRgWaVtUdfzFGmIeROmwapvhFIB`mhsBYVWcPbovkVh[H]MGOLIvIVHvVzRXTTcvnxglVaVk[qMLI\\adwuQa`wtDN[NQPWbWmmhJp\\liqX\\RIwnuZi\\ZCCVrEd^uTF[EPqYWnWn\\JckH\\cuRhSqbuITkWqFLxqUkxWBS^XGCuAP[RNV]jMNAOtJG^izxQc_TNzKEabnPMngutsYI[c\\kcU]EMuppYJmR]wMSDRwHZyn[MPNePr]iGnkt]GsfmyrDBUYwgGFJgUReaBrxgLabgDLiLSpwZQU\\HkYrqQxIlTBm\\FT[OuybXQXyJjkUQIkWzq]pdAGVNXpSCYNGyUi_RnDrT[hGadsddfmed_rOocTA[Evk]eVv[LEMnf]ISApe_MiWgc^[^ZjiZCWO_wevNwIXbarxBivomj\\OW`EuHvYA]VmlOOeVWuWcDRpFk`Yo^vwkaIszsjnS^HvLoGinEaYsStKFkyJc]d^aZBKGVf^gHEEvVdReqekx^DYhxnOuaKpueVmmvcXZDlkNoOjGg_lrt`CVd^IcWdFwOKRAq`iONRulTKsiDHNBZxAESXJYZpCZfnzexiPHq]ecfRBYeZ`OVE^QJMiZWPpYO[F`LNlUsFLwSYZAVkozQoDbQi[kAqlahMTKL\\NWiKWQsaxlnhEf\\pI[W_P^nBUBUfPGFPpt^XRFXnikkjxTlFFrEtnhMkdgqUwNQrf^sLID_CCdp_nDEAQOaYBM\\HgnoePDr\\[sDZ[awBSCqKshw`cpDihrqZBk_VPumymTEuAe`kR_FzVRPyqOB[zJocCdXkBbmYPrY_cC`yPTWIlrEk\\a`AsSzc`]sWMpjkmhj^skVnjDLgmfqK`hO[BlaxspzGJJlZegWEIarlKmRoGTqtghq`aOiAHlfDkPd`RlBGPlCzp^QP[lq`zFZ]SMsVxVxWuoAuIl^VRjeuerjDxZaVuGEepHMFtgJtogEB]VHiO\\NP\\`r\\]oX^pb]njWEA`X\\eakFymibbSrHYspJQPkdEOfENKRRGRGJqzcikZtjnNpLxZDuuMolooXWugso\\W\\QMiQZQGZqWBpqY[GnGWXt]UUCcMnDbEOXm_yOIeennxVnyax[`EhFyborUNqDTVPRnYEt\\se]leG`zbEBOT^]XIYKkHuvnbZXhDza\\Eyh[KUU\\OrmJopAsntezuIUyjjJKjrvb_`KUqCMoEj]PHlylZ_uJVabvdjk\\KJlXvKfPefBlhpvLgFqykYlKxmLyyPlHRkeuxETwGjHo^J]aeWO_smlmXb[JzhQVtuZwKANcltrBQxhoPfTcAMP`zs^WeJxZYludjaWdIgmyuk\\[tfuTTiUhfuwR^rxbwYc`DEEjPkZUZQePXC]yPeFkWNxodEFQiLC\\HvXpbKEdPANUQht\\VySSTsIqGQGLeIfOOJH\\fgXEa][Wzd_wKevksjIPmbjREsyGUyFH`YqjbNmqXmq]lJAANvW_AsjDxGAh^TBB^XXmoMJfxRsAlM`vsytZcbGhiml[NFSDkozTmOLAmkbjziSkaEo`[cZwRkDC[iXsyoPwNMIdmthrzWhAZBuIQndIVDCCLJaESjkLYW^UwLmbvbwuCCcZnPcLLHaJJGYdSc_Qg\\cC^aMEACNoGIzIbGQDG`zQqTKqmJOSCfOa[`vND^KJulDBGQBLS\\KG]RMJVVSqnul\\uYhBLDAdUqWFQJj\\HCAb\\HEJTlrhKUVzzbHhdAAP\\alfuGtLfqiluKzmT^hZLSYA[XFiCCsHBkGvVYPMsgBUfeEocUTFTbDIHlL^BKJdxbjJEEWvO[a`REUqSQGiinoZhxneNlLi]XWEuuk^xYqsB_qDWVLkE\\vKnQ]GRmh]PsCuhQvXackPwvYIHkNra\\dB]MReYdMLlTdI]wVGZoJ\\kfNrrTza_pwoOAX\\yQzxW__cSQgKVGXmRIQqzZnEefgvXou\\_uHIpMEMHe_bhoLYXJ]Fjb]`^uSkrdL^VKg\\zOxEDEiUuLWq[O^NSolwXcfuuUU_ZBL]HkZJMYBfsHeR^]PdGxLbZjDWdDKjkKvtAuikpUBumGEQxTWXEkX\\peDYgC`JNSviMlRdo`nmwRoSfmZQgnezmZEVrPDnorgZLVEMBmd`xf__pkmudO][ivvmgvm_\\AxEeUHPiMOuJEBHv`aG^JKaVMlP[R`GAEDxiZt\\c^LWAcQdtnrHVfBSqXjXdsoWgItEBEY\\gE_zxn`mwHVh[YkUDkGRk\\rkiokriLcpUW[QHBUDrw\\]^HwOX`BQyHlKNoRJCiEl`aSEx[NCWDZnAVMas][JKRrNeQDTkLAJskwxprQxSyuuhxKrbkQaNuaNjFZhWuSKDQuPYPlBL]rLXw`hGLlzuZvxJjNkXcaYgjrXDuZRzPVlDVqmambLISPdVwGjBAdcvZ`hEHdMmZAfEKuos\\KfBVPTZNCGnjPygmpeqJhYIUYiSe`KCRqaqxaaJLNrF]YCKCySUPyjnl]hwbBoirE\\sjHiLP\\ewqTgwW_QgMpnTHnF\\tdcKYINYwJ[uPGFoTnwYqkaClI]CRIlvCNRfs[^iGNzMDVXFjyzUqgfJD`ZQgLHnY`sBp[vtPOSdkTzVlWSSJWFVcIcTBNCuFLn_]VQPCFFcUBYj`D_PtpeC[]ZhscsBLX^_a\\sWGCPDR]BaksnyimBQblEAvcX[NDWx_tJEKIJq`bkx\\sxAouSZVNxoXs[^fppNFDCqijnacLlzAG_CfXgTkxbQvUgRigKkm]rXqGREGmqK]yoQUXrOI]^H]mvUC]swABN^OGM`GbMyHWoxaWxQpwbQzkvELwBeuuK\\lQCNLSIbP_AFyxng_bGDZw__LITJ`cENMSLQTkF^ozB\\jpFNJUGSnGBom^BCyzBgZntfl^So]dP[vCoWCFzK]mZFRX_piC_oyUBwv[]gBSpJrbtjjeztzqKhTnUUz^FZF[\\bBr\\cdTIJwQOj_oGEDfpIJTdHGHg_NWEWFRhrJXPfhAlD`eqKWAW[fTXiOT\\]gdwaLsdMGPvfVJ[Icac\\R]IMzelmtzcpwnyDDKrhAdDGFkE\\sPFilzKK\\kabHrSHhFjcKXEXiu\\hYCGO`PtettDwcocTePaJRwZzB\\Q\\KiAr_^lYdRBrxhNnCmAWolmYURW]cHNDyYZLtMXECJjTNiLdigwO\\tgZvb]MHPq]Eys`OBtqUvUfBZKgGmnwKycFlAQSjLxnTNPPpgVhmGua`BX\\XqGU\\tSFWnoOlbHJxaSoKuq[XGJEEB`jcovtFdSZuJtCrGwLzkczjdR]zgwUkNBUOEfwgNEUOstBBocQKxFTZaAy^YuYgxihH`nn\\z`lgOkqjQ[KDfKmIhvhEhZNTfhQJMt\\AopKYThKpJPNyjVBmw_ZeGjnaSYAbZg^WzJOpzUpAksuYLPdQg^NiZruFBeFvgdV]lqy`GLnbjZtNoVUDokuwZoxHPJnUOtTH]XgVQEK[kfzzygRgPCGwiZDxtrQxXYTpGmlWjznk`[LnpxJcrHFLnWYCTi]YoNDRSKtMvuwQPWWONQIvihFPTHBjTiDA^UvSWt\\eDxhxLowWzKoDaakGIoyKIKsNrvnv[ErUo^skAHE_LfjItz[xdpKcvQ]tE[GPBBvvS[ODizGAjZz][kTr\\qRftPY_AygaAo^JkopYlWOdjJs\\QzYTGPnLjPBDBkCjT`zvvqmfuuGFbhwkWwNA`TZlASZ[nlWAT`QJJx`[MmYLIidCTRhF]BJAFOudWSsJ_FlCWnaZWmomuOcSiXH]ER^RVQDvCwEuuPhDwbf`kNikNWFrfbvzLWEMb[gFjfW[itseb_VGlblrdnDzLMP[AEj^L[]]vaqFqNCU^\\QHMpOeeNcnWhu^Ww[dKUZGCtLLkgAWlj\\jwIOLqFtyriGNfTjumYKJCJESeCtyMMCgMLbNhPmE\\\\OUmxaXxFdS`RhmEvboMvlffZB[l\\N^gFibvj`g]\\AHcjHu^oJliysajciTvFf]sGgZdGqUVuRkueCwSHwwR\\piMHrSAMlWp_O]DhQXypVogHgF`mAoJiLWQxM\\O_UJIuvVVaseq`y]GBBE\\lmNMwNGTsLF[oI[[MfmMQkztVyekiQPwHA]lGwLhoC]VmKBW_BtVPsLBnTqycWecvJSofiUPZEYNNeHLwNLhWugPo\\xmGNEYYuZcrMlphewK[yoJMeBVKxMB^DzKkbJLAApSK_Uj]VAlx\\pqho`\\LjN\\iXFoNbFF\\kK[I\\yiQStpw[DBNJ^vBhAQmUemY`]vQuQNQVhLqrLtqY_OUDaDEJDnjthoqLQkpy_CJqkr\\RFK]H[UpWYUzYqHr^^WitUfb[Dst]E^TicmDsQcZSy[mvlWHWLgTUJcwZdCDc\\TRvBQqDDyMuxVuutfjhk]QYKz`AqdPO`qreJqu\\aDTMZYWohBaxSWryCtlClqN[ixVH_PlClOHhJEylckSoCRvIytbPFrjjpt_]DPQYQ_MEPKpyuzZA_YXWCMIeh\\wt_XrQ`]iT[u__FqtoDdUGXjLX]HZqGfkpcSarS_ZYRG`eusRLSUbEGq\\oM[oXCrMpJiwnQC]`JwpRKb^dqO_mEfjlqmfskBWZtk[Lw^uQrBuKBKeewKbnT[l_zKw_WeoIaVXZHSgSTNuCk_kgHAv`ZcGZyvLmbWuNNmefmK^d^OZF`io[ZPWWiOixPy\\LGulxThpyuEuw]RBLJAuPHkSRz^`yDgWnjS]d^]mrtp`UVZtWM^nPELDWbZxpIquOiGNKoYigNCWRKxwaeIlasHj_OGBE_wjDvRgOMjbopHBCpmLd]XLzFUVbXiviWdIRSSWtRhTvawllFgj]vXbHljyawEr^ntXLykj]VRRoDPZIdd\\kzYmyCA`dUqxNqqHh``mVxNHdFmD\\QqxScG^UGZJyKGH`UEyNIldDqGnmRJtPwDS_seekSmaGWoKrFcOBoqS_Nt\\]SlDxauBGndgj[OvWL^hCvwhjur[GkoRyJIXbic`\\nDD\\v`aavwTkMZaWDTDiZvWzShaSqThcxLPrsMoUQuLo[amkbB^V`rCrhEINyOjbOknAJj^r`iX`kb_lvqkpqSDFJXKoDaWCKd`jnlas^fpq[]HF`WSI_tkwhhrm`iozSVVGCpxJPsSK^NegPEOgNN^QtcCFuoSorp_FHBCkYJsfb`Z[DK][[HlFrENZnsP\\`^Thj``OB_NEUsjTJbCjRsUjEZODodxatXFEMll_fOZvugkyVtQLp`KhIdcPQ]ZYbgKxmeHXq_ECYYpXiPiuSllUMYvcJ\\NIoBUN\\nMkmsUQ[HOjoLbBo`FpuqkUj_OURvNXDcvvDxHZW\\tEJLoxtLUPv`SfCsBOezy_trfMPgyqXfYZwfK^jQ\\Fay]_PQsKwtpW]ULS`ciNN_sPHtjWh__T_tyvUHwynnt^qBxb[rxHbNsCFMWWb\\]YV]sdWPxYfj[ZfVZGvHwqaWlRAvqIkaXRQ\\HTJUKLu`\\snYXkmQ[Z`grykac[YphFSIJJNFwbwkvBut_b_FVZFymddJdclkmFsWaePN^hTs^okqEqCAvTZNzTW`aD]UqMyqJ_TtSRciFM[xsmEmakoZfeXMOkgZLzCRquh`^IiekkHmtYgozjnFX_K_HHfbfI^GKJHyE`PXCKiv]eSpEr[\\LxtRjJYV]GybNBcjRhkZZWCNpPC]oq]niBuMQqOvGtuvLHh[Cd_XHABpuf\\[HvageLtLHVZ[YpS`\\HCicb[LRFghAEReUonLTNRAN]TgJDySh\\Undms`[VV__MLCDpGeBHMNqB\\FNoBOHTz_k_AbwOkxsm\\BQQcUxTRaPGwcRmSgTGWLMgS`o_inWOUDaZpxMhQnCYPdbYQKvEelWQodyDaYf^JAmtCrwU[fqdInXixVN^rSechPfLzIHrH`PPriWZNbdyvnHBMPGKLHgrWJMmMlVR_y\\d_IrOzoQPifhuHdzkCwgAsYti\\eN\\MS[xR_^DXrKWrWIk\\SecmfOcR\\kGPImVboDWLjcdGvSLlPI\\PIMJzejaDrfqnXoPEppCSl`mjB]qTDqBSOqHwdVxF^STDlpjHCGv[GJ^d[ZyHtNABd_`bhS\\[sxpZLixLniQxubLFS^\\JWpLPSRZNQI[ke\\bJTEXm\\mULxDHCSZOJqREDlaGuOkvfNaSYzClNGjhd[ASPKXvqtRtTX_Xnx]_lrjxXkiCQhBCHe[clNrkqoEmwgzB\\exPdLwmlDu_\\VfIrOliwwg`GmhxmwAklgbfjmYvhiqhTSO\\IvuiuQ&quot;,148)" methodname="GetNumberOfCharsInStringTestRandom" classname="Open_Lab_03._10.Tests" runstate="Runnable" seed="270482018" result="Passed" start-time="2021-10-19 19:34:08Z" end-time="2021-10-19 19:34:08Z" duration="0.000136" asserts="1" />
            <test-case id="1073" name="GetNumberOfCharsInStringTestRandom('r',&quot;xYIq^zzoCKmpnzZFpqBOGyMo_MoqCSp\\bDhRdcYijBfI`ZhJ]psEOqXzLUSRLImkVRNkSH]NYS`FTEOF`fUM[kMkfiGPPG^aOunOLwqVTegwRSgHFMmao`QeE]FdBNxRpyqYQAtcoztpDQZSCzJDUxmieIKjrMUFhVGS\\NqFSJlof\\anDmbBDuwsMIoHpKlbfnHiKGqoIEkLLxCIcWfEfSCnYOGTYiPIXKJrTsdwwmtzJlgOFf`Z_hwSlUPwz]WZocnAnKpjniHsYCdhbrOmJqdkOqGychxZWZLbyg\\uqpfp`DuilcUHOdQyyCmwEqGGli\\yrBjvWUwTKnLKwXNASpLnJMcvt_pAi_EqbvrjtZlthwnLrbzhcGnv^ipeZoBr_wefjUcBa_HsERFMZXDS_IXclITtFMPEYtVlSH\\^yyHEzvrLcdKBkiSW_CubAjvTOC[KvUuSw`TaBTdpQHQ]BOUjbzMQMt^PCnpw[hQOjsFKVmULZFQsZZSAikdwIdGCCE^O^gVdrBnJIJUpeBqHcepd[pOjETGFlDIQOGhnjhBXfJr`VoSGnzZYOunhXf`_viXFADa^TDXvcYxRxjTPAzSmdjCUSzVEI]\\xlm_SNonjc_ppw]kiRP^vWf\\RBMLTiSmGwA`LLBCMMcJFtMXqPhmtz`bGQMQAdZAPljtwx_^PMRjn\\VXppVEBatGWZZuylBcncuUKT\\slJ^giqnevp\\LOVzjsc]^_d__KivLaBM]U]SrCMY`fozIQqTYcL\\bqxUHez\\zucDtczrmCHgfKwrjdVNUU^cU`ffWHKMDkZfCkGaRybV\\`pXtFe_OlHeXAiTwT\\erucvlRpz^pwWnHGpjOmQ]gyRdoNCBmdy^w_awufbQfBZplrPttdibKHLwQRwDmxkLysqdaspcKzre_]sxyJIIuWTpSefcj__iQNrsAgTAoGWKQaXoZzFdpbQb`BQwNMtf\\ITQfzxSpHToAI_mMrJjZusjxPTzVXncNljHMHIZCmniN]bW]_jVCJMaQeTVfxwYTlbOZX`FikhgHK\\\\ix]rhXaD_IrbnnnEqUU]vSxFzehS\\aZFJshi\\FlwL^kQ`xRvwdqmqy`WzWsDjNcyilYuFEckdYRYbgaBSmVsjhPKSQiENiMxumco_WpsAGJXhHoTqqkxsjOB\\NcoW_]uLT^pEm]vx^sd^r]K]VOXxOEL^aSQoA]]dOMTezPETpAVre_ekXSAQFxwPRR_ZLHwBWAPfJ`^FJDIOjTtCi`Wh\\M_RPEThleIiDU\\eOybrpuGBoi`xY\\lfkO`K\\xWEMpU_v[KUsOnjy`saF]^a`VPPt]xpoRIRc^fAacGT^LEJiChLWzEy[p`raFfY]VabG]H[tsA^WJDUQFaqomYpMKqnynZ[whqIe^DMuNR_zbbQmKa[_odkwkVwfT\\GY`ajSujmCUwb\\upecaBnNywIDGMuIHbblLF[Bsyr\\nYKsCOCvkTFShsZdYfLipevmUpQoVdjbJRZalPBsJyYn]ODSgrdNmJgJ]X^MyO`Ge^JVZsrIeT_qMIQGlyI_A]pzfQEUmouvYRIzFisnz\\cYeqwUHW[AGBGIhJkJo^VpZdXuzRBDFV__tWVoTjNVUtpWKARvxjy]FnzAYCVpVWuk^bORnvqFPA\\`oAkyzFGWWBZFXUVRUXAxzEtclAHBttMFRZMYRWpPQ_U]IJtZ`_ksz_akHHMzxE]^oUoxHxzxbkh[kW[cGi]UIUFnt]RKKqSLBqioVwRc`mQPrFAkhesPcIUZOAEfgonkX\\YtigNKWuoVDpwn]a^`xDdt]O`Urgvkz`sVgGCAWisiTyWZDQJFRNnUs`X[GsSkyEW^xaHV_]JPKua^sGQb]qZlm^^Hjbu^VHkPbs\\]JoaoE_JxztbAblOHefkZDzfwcftDKQvzeoYiPegOUaIpAtvetcewHCZJJdMYeGmiybWnSarAy]F^rpwjjOJbgzscUP_fXOdNnZrY^IRTkdxfwvRTh^iVwLCzjnYDBLcksskXy_LbxqqCCNgYxLyu`ORbXsijjOS`BMmELtVJRHYGUzx]HzFqNiLeaIzGp]si_RAp[bNDppdXpKNXuMbjI]RTAI^CtPUoOjcCyHB`mBAYEnoWvcLcuJaBAhpSEKKa\\oJFcKYnKBwG\\tOMTHHREltFJaCRRj\\brZxPejnkJXXtM[aGZdzxCs]jvDwCHH]\\aUOCwybdTXIgTAtiAvrij_`zxNUamlcBuvSrL_K[BVdfjpWuKNCMPolCpPEieArcoHlXhB]]kXgUutPIr[W_iWlGKQBwZ]qA_ArcDyNJla\\sHXHwAwrKeStXVeNWzaCObfqtBgEsMMnIvtznJFw^fgWLHZNYlqJK^NQ\\aNuTryxX_l]]f[Nue`dvPembZgHWDdehc_MvKcfgjyhWxknQdOayeVMv\\SuLqaUuGouHNSjBtwLQxWeitqnoDgDMSQZshZpIemPIqfCR`_EhKvyFiLSzn`r[lhpxsrU[GDgKG\\sNo]P`bVCWRUK]HqVFupXIqFYiKebGPoyMTFLRQSsVfYg^gsSQhaPREjWjDaUxovH]VyIBeEocwC]YZvBSRQYi`gHdi]NjxvakQJHijRfdmhVCNyPI`Cf^]Zxjq_THqFeA\\lHQnScAfpvrRFWkMFKuPCOqLYsKy^ngCUb\\qzUM[fsg^FXlIcvkujlY^REU[XCHCPpx_uuMkx[eKbSFBHCVcClTdIy`vzmCcleOQZNNiiAxOGOvyzTTVg_z^\\UVwVRlLYBYwEobtohtCoE]uCavgZgwMeloFsRTWOlqEpzuKmZbzexiXr[uoVFmlFLRSz\\B^U^nCNXFCgkuzFwchDXNXW`BJzFzdhbKQXEfHKfJZUrHeLmfJdePcOdGp]dCIY\\VFadcBR[]XNnC`XWyNZpADScBnxpfbcABs]BEbKerIIrU[aaXGepjc\\RnxboD\\pvoMmKCWRXDpyrv[NbMXY`wnRYXKOHzVaVTMDHhW^AoNmtedWTkAcgDPzBvUmsIJYhPc_iWFuptXkiBYnnouWynuSDNBMTefsfpEeBEiweGmnf`QA^ayENmZuVQ\\[UsaLN_FtwnmiFymsAHg^wBjmfbfsWJPldNbl`a`H[XDjoPyPAatOdx_TJoagtM^n_AFsWATZb`D`yAyVcVrpPBHfjOclAsNNtQKnKFszNZgEuyVJqKD_Vh^^t[JIYcZjSqfipKL]]rbqVCkktZvppisLmhtjwkbfAxmEShTfzaB^GhIqjYPygdtdyZvHR\\amQwpXQgYLFPqOhUFF`DA^\\cyXDIFslLU_APNJskaCADtWmfvdUqcO\\CQhxYUHb`[tvSOYHwNp]x^XjbeXN]_vdFCxy`LZVY\\\\dz[[X^\\Xdml_`txWnwuEA_QpPQZbknZE\\BokGJAjAGRrU_YFcpgY^X[EjeLGEthqSgD^ENPewLEuMY\\lsUzuHBaEbjB\\yufGY\\_h\\uAVaB]SSarQJ[OjuniRGzwULnfBay\\kunPxUeTF`NlAskS_fvMfmNb]yfJnW[mUFGVWKRVPZdmtNv][\\HVelpxhMnyi\\aiE\\WvlVvTUawLJ\\iODIiROEHcPIiJWSgotuhXrzlF`nBEpdoM_`vamOZATnfcglxBuHSOnQXDWcm\\DDngU]fqXFBe[hDDUJZnqzJhQaYOIrJJ]yxQAzOKGGdoGinGMTjNJyfDtGVnDXiawrI]knCUvPhjVVbcmSBoIwA^TtWud[GjYDsO`RWZRUStRwh__mBlWtXzrfJqWIl\\JxQR^TD\\vc^oeGLWLsVrZUT_gsXuH`CIcqkTfWBLj`pnWcVkZme_nuCoemfevIUWaULnVrlprJHt_`HD]g[Vu^ViovjskWPbLZNCXcUcAphdmIQFebIPiy\\Cy]y[ItE\\t`iERFguSsUFqmvgfdNJNAtMyLDudu[HkMjMZMn`vOxqdWLMaRo_fvNtg]GGCmQXXNUeCiNZpiOzDCcczqTRFv]ozqawFh]Iy`YWBbKrEViwhNpdu^GLZyR]laeLIRTHMFB^eLaXg\\NkM`HlAwCbbQjzOvf\\wyinBbkcLSzixi`xkbPLYtLMPlavWBPjaF[im[ifp_`hxTesllPgf[CDm]_QAoMKDPIrNrLQseVtT^PvGiJemcDGDXvQvYeBSVehKneuaynBEIkPMcJSebX\\MCoqvvU[zUbxtckTDPEnoCBuhfDTOSWlyJ\\IznyfeTBkbmWerpOV^egJAtJPrBMgxqzjHbUPQYJ\\AQTuPZ\\YEANU]RIFejodGVnlmg]P\\yFE[LJk`OAX`ncxcfNqZOfbeaUf^cIdxLxFvItRHXaWiWDTmqIHZgqNT^[uq_NxGX[Up^BZmwiCiOsO^AshZBJQVklXiy[dKcQRwi^PoiU^xo_FfLXqf`^FNJzFleln\\ErFyaSo]dskggSbLgm]beyeELEmjY^KxbBtwYGEtcTBgnYarXtErOLrGMBm]`EEFinEfZen`icyRxxRm_uR_YSiVKmkXUbT^OvyzUuXnG`JfN`JOjAyfn`hWEi[guVLGO[CBzRXd^_YtJCIed\\hUdikjObug[kskTCWm^HOYcVHOHnNC`qDYir^ajSnYXlJmfh`GfWH]MPlOb]c[UsGdh[C]`qCKTqAqLVdZNGWJjaLYFOzNkSD_f`ELeDboTwJWOuCLtINO]xuGOdXQro[An]LgQXpK`bpmXpKKMnUcFpCiexxBgQw`]IdmjVu\\TDiuHIjYZMEE[rvx[^CS[o_PeQQPLY[qssPCGHa]O_cZLsEeNfSMTcB`_ZQrs[MAlOLbctrSw`EvLEDlLfBaGO]Qrk^grieoRbiwg]BTozPn^FT[V_fMYgu^lvksVL[OvPeeWGFjdhmGyimlXCQTCXVehLLllJyd_BrO\\iEPYwckun_CJz\\TuHL_tzxKvUx[jJbxr_PiyBuFofkthIcmieiXpTU]ltTEzIAlMaLejmUsMFkOPE^nlKlF[JH_JnxEipGffygGwxCvPpLkdFMgV`SpXvRCYh[wpQKWzEdQXXqoHqpeyXuEaQiI]ROjhehO]GGzfol_]vPyi_hbGgDBmWV_bBtiqtdmjbRAjpyKgWbfAjZydhdAag]FlbYduDidS]PGMgrQhtVWpk^rcvEIQcLCFMPIXVQdhyS^[SlwpSThRGQBDaByy`TjRMBAXjtSdlirXAXPKHTxP^lzvOEqTReIecMNRk`GZAE`XYdDJmoqMW[n\\BEJeCzRHaMonKxZcM^OZLb^eBha^nvOIZlPgV]WBmY&quot;,80)" fullname="Open_Lab_03._10.Tests.GetNumberOfCharsInStringTestRandom('r',&quot;xYIq^zzoCKmpnzZFpqBOGyMo_MoqCSp\\bDhRdcYijBfI`ZhJ]psEOqXzLUSRLImkVRNkSH]NYS`FTEOF`fUM[kMkfiGPPG^aOunOLwqVTegwRSgHFMmao`QeE]FdBNxRpyqYQAtcoztpDQZSCzJDUxmieIKjrMUFhVGS\\NqFSJlof\\anDmbBDuwsMIoHpKlbfnHiKGqoIEkLLxCIcWfEfSCnYOGTYiPIXKJrTsdwwmtzJlgOFf`Z_hwSlUPwz]WZocnAnKpjniHsYCdhbrOmJqdkOqGychxZWZLbyg\\uqpfp`DuilcUHOdQyyCmwEqGGli\\yrBjvWUwTKnLKwXNASpLnJMcvt_pAi_EqbvrjtZlthwnLrbzhcGnv^ipeZoBr_wefjUcBa_HsERFMZXDS_IXclITtFMPEYtVlSH\\^yyHEzvrLcdKBkiSW_CubAjvTOC[KvUuSw`TaBTdpQHQ]BOUjbzMQMt^PCnpw[hQOjsFKVmULZFQsZZSAikdwIdGCCE^O^gVdrBnJIJUpeBqHcepd[pOjETGFlDIQOGhnjhBXfJr`VoSGnzZYOunhXf`_viXFADa^TDXvcYxRxjTPAzSmdjCUSzVEI]\\xlm_SNonjc_ppw]kiRP^vWf\\RBMLTiSmGwA`LLBCMMcJFtMXqPhmtz`bGQMQAdZAPljtwx_^PMRjn\\VXppVEBatGWZZuylBcncuUKT\\slJ^giqnevp\\LOVzjsc]^_d__KivLaBM]U]SrCMY`fozIQqTYcL\\bqxUHez\\zucDtczrmCHgfKwrjdVNUU^cU`ffWHKMDkZfCkGaRybV\\`pXtFe_OlHeXAiTwT\\erucvlRpz^pwWnHGpjOmQ]gyRdoNCBmdy^w_awufbQfBZplrPttdibKHLwQRwDmxkLysqdaspcKzre_]sxyJIIuWTpSefcj__iQNrsAgTAoGWKQaXoZzFdpbQb`BQwNMtf\\ITQfzxSpHToAI_mMrJjZusjxPTzVXncNljHMHIZCmniN]bW]_jVCJMaQeTVfxwYTlbOZX`FikhgHK\\\\ix]rhXaD_IrbnnnEqUU]vSxFzehS\\aZFJshi\\FlwL^kQ`xRvwdqmqy`WzWsDjNcyilYuFEckdYRYbgaBSmVsjhPKSQiENiMxumco_WpsAGJXhHoTqqkxsjOB\\NcoW_]uLT^pEm]vx^sd^r]K]VOXxOEL^aSQoA]]dOMTezPETpAVre_ekXSAQFxwPRR_ZLHwBWAPfJ`^FJDIOjTtCi`Wh\\M_RPEThleIiDU\\eOybrpuGBoi`xY\\lfkO`K\\xWEMpU_v[KUsOnjy`saF]^a`VPPt]xpoRIRc^fAacGT^LEJiChLWzEy[p`raFfY]VabG]H[tsA^WJDUQFaqomYpMKqnynZ[whqIe^DMuNR_zbbQmKa[_odkwkVwfT\\GY`ajSujmCUwb\\upecaBnNywIDGMuIHbblLF[Bsyr\\nYKsCOCvkTFShsZdYfLipevmUpQoVdjbJRZalPBsJyYn]ODSgrdNmJgJ]X^MyO`Ge^JVZsrIeT_qMIQGlyI_A]pzfQEUmouvYRIzFisnz\\cYeqwUHW[AGBGIhJkJo^VpZdXuzRBDFV__tWVoTjNVUtpWKARvxjy]FnzAYCVpVWuk^bORnvqFPA\\`oAkyzFGWWBZFXUVRUXAxzEtclAHBttMFRZMYRWpPQ_U]IJtZ`_ksz_akHHMzxE]^oUoxHxzxbkh[kW[cGi]UIUFnt]RKKqSLBqioVwRc`mQPrFAkhesPcIUZOAEfgonkX\\YtigNKWuoVDpwn]a^`xDdt]O`Urgvkz`sVgGCAWisiTyWZDQJFRNnUs`X[GsSkyEW^xaHV_]JPKua^sGQb]qZlm^^Hjbu^VHkPbs\\]JoaoE_JxztbAblOHefkZDzfwcftDKQvzeoYiPegOUaIpAtvetcewHCZJJdMYeGmiybWnSarAy]F^rpwjjOJbgzscUP_fXOdNnZrY^IRTkdxfwvRTh^iVwLCzjnYDBLcksskXy_LbxqqCCNgYxLyu`ORbXsijjOS`BMmELtVJRHYGUzx]HzFqNiLeaIzGp]si_RAp[bNDppdXpKNXuMbjI]RTAI^CtPUoOjcCyHB`mBAYEnoWvcLcuJaBAhpSEKKa\\oJFcKYnKBwG\\tOMTHHREltFJaCRRj\\brZxPejnkJXXtM[aGZdzxCs]jvDwCHH]\\aUOCwybdTXIgTAtiAvrij_`zxNUamlcBuvSrL_K[BVdfjpWuKNCMPolCpPEieArcoHlXhB]]kXgUutPIr[W_iWlGKQBwZ]qA_ArcDyNJla\\sHXHwAwrKeStXVeNWzaCObfqtBgEsMMnIvtznJFw^fgWLHZNYlqJK^NQ\\aNuTryxX_l]]f[Nue`dvPembZgHWDdehc_MvKcfgjyhWxknQdOayeVMv\\SuLqaUuGouHNSjBtwLQxWeitqnoDgDMSQZshZpIemPIqfCR`_EhKvyFiLSzn`r[lhpxsrU[GDgKG\\sNo]P`bVCWRUK]HqVFupXIqFYiKebGPoyMTFLRQSsVfYg^gsSQhaPREjWjDaUxovH]VyIBeEocwC]YZvBSRQYi`gHdi]NjxvakQJHijRfdmhVCNyPI`Cf^]Zxjq_THqFeA\\lHQnScAfpvrRFWkMFKuPCOqLYsKy^ngCUb\\qzUM[fsg^FXlIcvkujlY^REU[XCHCPpx_uuMkx[eKbSFBHCVcClTdIy`vzmCcleOQZNNiiAxOGOvyzTTVg_z^\\UVwVRlLYBYwEobtohtCoE]uCavgZgwMeloFsRTWOlqEpzuKmZbzexiXr[uoVFmlFLRSz\\B^U^nCNXFCgkuzFwchDXNXW`BJzFzdhbKQXEfHKfJZUrHeLmfJdePcOdGp]dCIY\\VFadcBR[]XNnC`XWyNZpADScBnxpfbcABs]BEbKerIIrU[aaXGepjc\\RnxboD\\pvoMmKCWRXDpyrv[NbMXY`wnRYXKOHzVaVTMDHhW^AoNmtedWTkAcgDPzBvUmsIJYhPc_iWFuptXkiBYnnouWynuSDNBMTefsfpEeBEiweGmnf`QA^ayENmZuVQ\\[UsaLN_FtwnmiFymsAHg^wBjmfbfsWJPldNbl`a`H[XDjoPyPAatOdx_TJoagtM^n_AFsWATZb`D`yAyVcVrpPBHfjOclAsNNtQKnKFszNZgEuyVJqKD_Vh^^t[JIYcZjSqfipKL]]rbqVCkktZvppisLmhtjwkbfAxmEShTfzaB^GhIqjYPygdtdyZvHR\\amQwpXQgYLFPqOhUFF`DA^\\cyXDIFslLU_APNJskaCADtWmfvdUqcO\\CQhxYUHb`[tvSOYHwNp]x^XjbeXN]_vdFCxy`LZVY\\\\dz[[X^\\Xdml_`txWnwuEA_QpPQZbknZE\\BokGJAjAGRrU_YFcpgY^X[EjeLGEthqSgD^ENPewLEuMY\\lsUzuHBaEbjB\\yufGY\\_h\\uAVaB]SSarQJ[OjuniRGzwULnfBay\\kunPxUeTF`NlAskS_fvMfmNb]yfJnW[mUFGVWKRVPZdmtNv][\\HVelpxhMnyi\\aiE\\WvlVvTUawLJ\\iODIiROEHcPIiJWSgotuhXrzlF`nBEpdoM_`vamOZATnfcglxBuHSOnQXDWcm\\DDngU]fqXFBe[hDDUJZnqzJhQaYOIrJJ]yxQAzOKGGdoGinGMTjNJyfDtGVnDXiawrI]knCUvPhjVVbcmSBoIwA^TtWud[GjYDsO`RWZRUStRwh__mBlWtXzrfJqWIl\\JxQR^TD\\vc^oeGLWLsVrZUT_gsXuH`CIcqkTfWBLj`pnWcVkZme_nuCoemfevIUWaULnVrlprJHt_`HD]g[Vu^ViovjskWPbLZNCXcUcAphdmIQFebIPiy\\Cy]y[ItE\\t`iERFguSsUFqmvgfdNJNAtMyLDudu[HkMjMZMn`vOxqdWLMaRo_fvNtg]GGCmQXXNUeCiNZpiOzDCcczqTRFv]ozqawFh]Iy`YWBbKrEViwhNpdu^GLZyR]laeLIRTHMFB^eLaXg\\NkM`HlAwCbbQjzOvf\\wyinBbkcLSzixi`xkbPLYtLMPlavWBPjaF[im[ifp_`hxTesllPgf[CDm]_QAoMKDPIrNrLQseVtT^PvGiJemcDGDXvQvYeBSVehKneuaynBEIkPMcJSebX\\MCoqvvU[zUbxtckTDPEnoCBuhfDTOSWlyJ\\IznyfeTBkbmWerpOV^egJAtJPrBMgxqzjHbUPQYJ\\AQTuPZ\\YEANU]RIFejodGVnlmg]P\\yFE[LJk`OAX`ncxcfNqZOfbeaUf^cIdxLxFvItRHXaWiWDTmqIHZgqNT^[uq_NxGX[Up^BZmwiCiOsO^AshZBJQVklXiy[dKcQRwi^PoiU^xo_FfLXqf`^FNJzFleln\\ErFyaSo]dskggSbLgm]beyeELEmjY^KxbBtwYGEtcTBgnYarXtErOLrGMBm]`EEFinEfZen`icyRxxRm_uR_YSiVKmkXUbT^OvyzUuXnG`JfN`JOjAyfn`hWEi[guVLGO[CBzRXd^_YtJCIed\\hUdikjObug[kskTCWm^HOYcVHOHnNC`qDYir^ajSnYXlJmfh`GfWH]MPlOb]c[UsGdh[C]`qCKTqAqLVdZNGWJjaLYFOzNkSD_f`ELeDboTwJWOuCLtINO]xuGOdXQro[An]LgQXpK`bpmXpKKMnUcFpCiexxBgQw`]IdmjVu\\TDiuHIjYZMEE[rvx[^CS[o_PeQQPLY[qssPCGHa]O_cZLsEeNfSMTcB`_ZQrs[MAlOLbctrSw`EvLEDlLfBaGO]Qrk^grieoRbiwg]BTozPn^FT[V_fMYgu^lvksVL[OvPeeWGFjdhmGyimlXCQTCXVehLLllJyd_BrO\\iEPYwckun_CJz\\TuHL_tzxKvUx[jJbxr_PiyBuFofkthIcmieiXpTU]ltTEzIAlMaLejmUsMFkOPE^nlKlF[JH_JnxEipGffygGwxCvPpLkdFMgV`SpXvRCYh[wpQKWzEdQXXqoHqpeyXuEaQiI]ROjhehO]GGzfol_]vPyi_hbGgDBmWV_bBtiqtdmjbRAjpyKgWbfAjZydhdAag]FlbYduDidS]PGMgrQhtVWpk^rcvEIQcLCFMPIXVQdhyS^[SlwpSThRGQBDaByy`TjRMBAXjtSdlirXAXPKHTxP^lzvOEqTReIecMNRk`GZAE`XYdDJmoqMW[n\\BEJeCzRHaMonKxZcM^OZLb^eBha^nvOIZlPgV]WBmY&quot;,80)" methodname="GetNumberOfCharsInStringTestRandom" classname="Open_Lab_03._10.Tests" runstate="Runnable" seed="56367188" result="Passed" start-time="2021-10-19 19:34:08Z" end-time="2021-10-19 19:34:08Z" duration="0.000120" asserts="1" />
            <test-case id="1074" name="GetNumberOfCharsInStringTestRandom('L',&quot;pPzoVOzsLTPZb`dVYoTexgUYhmMkGNgnkRplilH`vWwF\\qEqsBcyFNOIvaHcBPlyh]jQjrhggnibjOwriWrEeih^CgpHe`_geyYzGoGBUwRR_gYhePufYgUyoMNDC`BHPCxlqxltPqkhXWyWNI^VftOxeZKuaDyouJC]jhqg^AVbwgbYOrpuCf]WozHXnrTMrvnNT\\gaRqre^gBxslgjNEmOggik`ZsggJkBtTFmKPcLorsIxJ_BLdymI_agnwAsxLxUvAE_gt`y]a[pnamWur\\CKxsUmYyNOjNct^MxEAVREAQcDltNKexGjuKyIjmOvRjmTrvPUoRu\\KyJgPRA`lDelGtyTNpVOHVnR^OLqdtVTDe_wBRsXljJNFAMywwGzvfUoKsJBGJvshRi]UCSvxx^XM`M]CMugmWXYPklJIrRbnRaoSjdueLByIxcffgytPPGRtQMeQJmGfveuzYJSdACbUYPSHG^]sXR_LOuC^yd[YvSNShgN]fQPM_w[At^KfQNOdGjk^GpeWbIZGCAZZPzNHCRgSZCd\\ZpHiEdMywjVqfseW^UytDkVRAHboCYEELIxmBlBZn[^adW\\KgQoEDjXiZqhwBXv_fRe^vsUmS`FcNphdgXImdzB\\kOTLDFXW_zuSlyOovCm_ep\\dIDQePJugQJmg`IiNIjENuUsiIUqbN]rvmjCAomHVEOCcLcOmT_WulNinLc]uSTYnSqtpGiZVbiIfSQ]`FDNiGwK`APpMQMDlqPPViZgeFATCFD\\uGwpOFkgVfUpqtNFVfWpCAGqgWddFdIZxnuFTXogFcukUeqlsvxXiNYuzFJs\\Ham^urCzHlxrkkZGW]CaskKfllkVzGNNwKyCINZmnllJAax^yoddHRdWVGmJHhzA_kv`lXxJDPnGzBfLnMWL^eGebbgB\\QeFlkfPeYlaq[`r_]XU\\aVuQo^teQyKlwhnfhVPWVaV\\pUCEOGEKRauujpxMlfUZbpummMqHHyFAAZ[[[oVJuzZWnsvsYDekLvuA[QSBQwCT[tuQU^lwPL`bV_yuRyjETUpF_[zK]TtxwGvuye_uRi[AVTewRXkRMyzFEplt^b[vRbeOcEvg[onfuojLpDsEdbkyHpqJteXkN`iniWTM]ErYLTLPF`EZjVSjrfHnOmnpXDXVFv^Zkfc`jSnndaDTaxBsMywCOayjRCBHwqJKCfjDnnA_sUJhjZPZC`IGy[KJhsOhRfrnXtRuOxFZyYKuWQArmcFWiCLb[`Wu`TNM]WQpIUKE[jIaQQnWsWuj`[FVij[iaLtfKxXAAKjYXBwyueRKmzBIY^hBRuHYu]^Op]VSsmWhh]S__G\\DYPvbJkNhQVjFCQ^u^hIXOySAdT\\vLI^KZEAeawFFPiC]CReXyXAqyDpZxvxpPR\\Hs`fyPtUbcDI`wqxSiExoIhMVObheyPqyNue^fgHFCZNuvP]HyfHKUhzKSQjhMjcTNJSCMZhCwrli[RZzF`gTHfe`uZKUw[tTqthlx[v_yEO]vQjBqkcgCPLb`mHmPSG\\yYrbdhCeeIUDWHdekJ_LrNQbhFMKTJPgxm_^YIXIiyBuuILYI^CFovekHQt^\\rR\\tiGdcGLblV]tLWg`unBqGJsBInWIOtgrgaAMCbpCR[UYZk`kdUdhp\\UkqE\\pjCSrjfMeW[]Syy_goZcXNf_uQyBLLQVxGASPI]jn^uUJrQjqwivW\\DbE^YakdBYGE`MygP_SkouTRVCAPKO^Uy\\DYOljvzK]]OESDkKhKdghIOnIVa[ZmvlFDJ`X^oWleYqCQkw_zbTlSouK\\cTV_kjb^zPuKnKWMuCkXksfdv[LbznOOVwu[ANuiP`R[CUMWx_YmJmlkimcQ_z^LAgprPvLhICHKbKbbNoe\\U]EcKKmOeeKQCF[V_VHBSkeHfaJ^KBCjUCr_bMgEJwC^rrI\\kLCsgdIdrwxeBOEcc\\vzOvnRiDsWiGQoXhmyyJCluNgfPBDusZvWvINpXlJdlmvlgJNT]FeYYKFBOIBhzx^OKtsO[xbNzYAIRvyGojYnp]xkDMaOj]enOhamQyt__XZzJxjSKvtP_jYhvHLOXS_]oMtdVMqpquPYDyaF]NEocUO_PsqInfHLtw&quot;,34)" fullname="Open_Lab_03._10.Tests.GetNumberOfCharsInStringTestRandom('L',&quot;pPzoVOzsLTPZb`dVYoTexgUYhmMkGNgnkRplilH`vWwF\\qEqsBcyFNOIvaHcBPlyh]jQjrhggnibjOwriWrEeih^CgpHe`_geyYzGoGBUwRR_gYhePufYgUyoMNDC`BHPCxlqxltPqkhXWyWNI^VftOxeZKuaDyouJC]jhqg^AVbwgbYOrpuCf]WozHXnrTMrvnNT\\gaRqre^gBxslgjNEmOggik`ZsggJkBtTFmKPcLorsIxJ_BLdymI_agnwAsxLxUvAE_gt`y]a[pnamWur\\CKxsUmYyNOjNct^MxEAVREAQcDltNKexGjuKyIjmOvRjmTrvPUoRu\\KyJgPRA`lDelGtyTNpVOHVnR^OLqdtVTDe_wBRsXljJNFAMywwGzvfUoKsJBGJvshRi]UCSvxx^XM`M]CMugmWXYPklJIrRbnRaoSjdueLByIxcffgytPPGRtQMeQJmGfveuzYJSdACbUYPSHG^]sXR_LOuC^yd[YvSNShgN]fQPM_w[At^KfQNOdGjk^GpeWbIZGCAZZPzNHCRgSZCd\\ZpHiEdMywjVqfseW^UytDkVRAHboCYEELIxmBlBZn[^adW\\KgQoEDjXiZqhwBXv_fRe^vsUmS`FcNphdgXImdzB\\kOTLDFXW_zuSlyOovCm_ep\\dIDQePJugQJmg`IiNIjENuUsiIUqbN]rvmjCAomHVEOCcLcOmT_WulNinLc]uSTYnSqtpGiZVbiIfSQ]`FDNiGwK`APpMQMDlqPPViZgeFATCFD\\uGwpOFkgVfUpqtNFVfWpCAGqgWddFdIZxnuFTXogFcukUeqlsvxXiNYuzFJs\\Ham^urCzHlxrkkZGW]CaskKfllkVzGNNwKyCINZmnllJAax^yoddHRdWVGmJHhzA_kv`lXxJDPnGzBfLnMWL^eGebbgB\\QeFlkfPeYlaq[`r_]XU\\aVuQo^teQyKlwhnfhVPWVaV\\pUCEOGEKRauujpxMlfUZbpummMqHHyFAAZ[[[oVJuzZWnsvsYDekLvuA[QSBQwCT[tuQU^lwPL`bV_yuRyjETUpF_[zK]TtxwGvuye_uRi[AVTewRXkRMyzFEplt^b[vRbeOcEvg[onfuojLpDsEdbkyHpqJteXkN`iniWTM]ErYLTLPF`EZjVSjrfHnOmnpXDXVFv^Zkfc`jSnndaDTaxBsMywCOayjRCBHwqJKCfjDnnA_sUJhjZPZC`IGy[KJhsOhRfrnXtRuOxFZyYKuWQArmcFWiCLb[`Wu`TNM]WQpIUKE[jIaQQnWsWuj`[FVij[iaLtfKxXAAKjYXBwyueRKmzBIY^hBRuHYu]^Op]VSsmWhh]S__G\\DYPvbJkNhQVjFCQ^u^hIXOySAdT\\vLI^KZEAeawFFPiC]CReXyXAqyDpZxvxpPR\\Hs`fyPtUbcDI`wqxSiExoIhMVObheyPqyNue^fgHFCZNuvP]HyfHKUhzKSQjhMjcTNJSCMZhCwrli[RZzF`gTHfe`uZKUw[tTqthlx[v_yEO]vQjBqkcgCPLb`mHmPSG\\yYrbdhCeeIUDWHdekJ_LrNQbhFMKTJPgxm_^YIXIiyBuuILYI^CFovekHQt^\\rR\\tiGdcGLblV]tLWg`unBqGJsBInWIOtgrgaAMCbpCR[UYZk`kdUdhp\\UkqE\\pjCSrjfMeW[]Syy_goZcXNf_uQyBLLQVxGASPI]jn^uUJrQjqwivW\\DbE^YakdBYGE`MygP_SkouTRVCAPKO^Uy\\DYOljvzK]]OESDkKhKdghIOnIVa[ZmvlFDJ`X^oWleYqCQkw_zbTlSouK\\cTV_kjb^zPuKnKWMuCkXksfdv[LbznOOVwu[ANuiP`R[CUMWx_YmJmlkimcQ_z^LAgprPvLhICHKbKbbNoe\\U]EcKKmOeeKQCF[V_VHBSkeHfaJ^KBCjUCr_bMgEJwC^rrI\\kLCsgdIdrwxeBOEcc\\vzOvnRiDsWiGQoXhmyyJCluNgfPBDusZvWvINpXlJdlmvlgJNT]FeYYKFBOIBhzx^OKtsO[xbNzYAIRvyGojYnp]xkDMaOj]enOhamQyt__XZzJxjSKvtP_jYhvHLOXS_]oMtdVMqpquPYDyaF]NEocUO_PsqInfHLtw&quot;,34)" methodname="GetNumberOfCharsInStringTestRandom" classname="Open_Lab_03._10.Tests" runstate="Runnable" seed="1705740343" result="Passed" start-time="2021-10-19 19:34:08Z" end-time="2021-10-19 19:34:08Z" duration="0.000064" asserts="1" />
            <test-case id="1075" name="GetNumberOfCharsInStringTestRandom('_',&quot;DGxyEEYe[AexaFlJNku[yUU]VhBLmD`GndBVQGj_veEPOtbityxICkyjm\\cXCNsW[^KwDWtHAV_TQEO]GTSoFWECeSdp^S\\imhokief]FqIgMfYhMGQjuDREZIRknEdiupbcP^n\\hpjOOXpztvcXBlniWkRaSujANZmWDqXjSoBFUCpBSSrs\\LhIBtM`MNJnGiBpfYwD^tFMjiUTuQOADr`CmdVJds^EfOzfBAVtVnUcF[ZT_sevzIkOJyCCDm[eWAb\\jjSuvUfP]wwRKBekNbF]_k\\CxSqcTkMFtydpakAe^[mNClsBHjWouExzNQwc_DwmjrYLYpK^b[zDyOzM[o[dTYKoBecPoXG[^A^KSgdS`tN[FtByQjIjcTYRheKoMuiJU_`ykotnLHEZLkiHceyEPXrKbM^i\\oGeKDFaTDN\\pU_\\OyGwvDLcweuxhUW_RLSWBZPHeIn`W]OvsVwcGanYd^iaJItygiKeBH[ojySnPfLZVyERYoYkYun^liy\\OpthSdtlvHsHOzIxSPKKEb`sQ[MHTxDAAq_Zm^GlETVRvQ\\YlqK]_nXgPBXrXmXyDrHX\\iKoIYFlMNwAzoW^mb]MZrKlGPUSvWODJExCfWTFhg[BEWsdVtM]Vuxd_ZitEnppzsrurUsWNX`nWIgjWlxBKliOGT^Li[BuqfBL`xmBBqPyVKMVny]TqneOKco^qghmWewlG[JZyvAU]ksvGHYjyhEDAnBxJOKUI]clN\\PSoCUumQl[ksXiOyni`tkSZMQkkfLzIHifsGvvTJQkCaMQr]GKjtLUkwsbmeKHEmScKmqHCrUWdAQsAAsO`BQOwUuwNUJizIfQOeFEfyHr_pkjfzbmlvcD\\DgqruuiigW[VAeVuocatYjGdKQOmWxEacoLxONlEZJsYQUfVLrxSBJDT`NhefvRiStnLYYgbr\\[PqiTqetb_Al`YkrXB`GY^rKGWbZwnLW\\`io^rtqzmUniaUU\\bAeBkDxYgbwOKwnSdQzkwUaHjGgID\\`CNyUnbVk]kVqQxcpqb[EQUe_NZ^RdWpULBuBMbAlO`]za^QKGRpbdWPhd[HTDDGFvBfOCadOajqkrexjJTKSbOlomNYl[hhLZXD`sBHaibAta_py]XJkso_hQr]pHrotBeR[bXrILedzNrNNX[PC^wTfsWPA_SYrnHswNVWEaA`NK_ZYdPYhclVFRfbLIqetMmMGzRABDK]^XF\\TwqWOukOBlmebnLwjWgBXSSZSPWeYPshLKNOSZVy\\^LUMgZOrNmHlDDBdWEz_GqltFZW`xePAhatHxNgqImK]kwHHMevVW[UhZ[HNCiud]GD^JtfJXJVTfOIIROTSiudMLMi]FZn[saAesexTylxNEBBKSywoVbvc]rRxLIEyVv[FO_QgRzTwwWIKK_KH]zFRfXHBSAHphzrIawvniP]VNyfGiHmhxw\\WqJZrXOTQs^Px`zeOcXYN]jEhlASLN[sk^\\RX^EVZvM^jiibj^_Ea^OtGElFWvIDXf_[EhMl_BzRQMVyDZdijWRMObLSlyz^nIFDKO]BQm``_xdtjmCwSZTAURM^]tAaB\\^HHRopxbYwrmiQxRdywCLTpFisBz`Wmz^DZ]mXyNzlBWIcdv`LQCdzPJSBdwnxBBKsPer\\_LzjCZSYwGOG[UFkV^nPJloBZCjzMQTzEEgFCuwprtF]hg^hv[]lqbRnXxPAkSMfnPCVhAi[bxXPfRTn`CElncI]mthEevF`hZjYeHzvmBJsJBHFe]\\iO[rKG`doTepfsscMbvJXCIzlYQTklb[I[XRMb_SE^LcIL^ARZv_iTDfF\\FmqMsClJhL\\aVfCcEtqaqavPCRqDlpWlMl\\m]sfJqy_R`kDP\\GOJp_e`raJbLhYspjUeJQGLOhjsBdkRNaceaMwiGvvwiDyJ`g]pWZGKACvIol_NpsTeEoRcmf^NUJ^KiaTVGvun[Xe^RotVXhGqkTElUuCkwsqq`kZOYJHux`KgJoQymIqhDh[V\\bALsJrbbnxbUfwNaMsKJXb`eEyoBInsPEmrIvBnicFWqidHLcGqoQLDA[boLC`YAFRQsFFeKE\\bSLjv[rcZCwDzsjriUNcfCgVlWSPG^\\fkoekolfTU[GWDBSYIOXQx]q_fpy_Hc]vaQTKNyCwitOLvQRjEtGsGLiOyFEznGMmxLqniILJL[cENecV^O[N\\doVcFLHtDJch]Nk[_AwiwggddAU]j\\_fyQUW[KdwDQIQzXlWsvzN_``wIlyErfKbewiLtUzUXAfg_VdMOxen\\QHZkXNiL_EYFagDi`^^weq_tsYnImquAWFUpP\\\\HQJsvNaxj`^iZHrr[c`ryZaYiKXi[ROZECVg\\xcgS\\EdOH[s`OuMjd]hkkKlps]XQEeXlLV]zt`^VxKaj_JMXCj\\`ivlnrq[ygSJ]DHUtXMpDzRmadBQjQzOUIsCPeiIDF_jeAEgXoSzpuY`WJLJp`kigDpUKEEOiEmx[cI``VtuxAY[kSfGZ`S^UqCbKj\\SjEQlI[FoBfd[gqkgfVdsYypJlOce`bUptaKtjgRPNrFnvrq_FVvpGdulOHzts[PZQobFgrxyDTebtCOuXE`Jf`jPgZfchYXmbf]HQksNYxmmySrMsF\\nvFolERZMMVRewsAO`GegMRlhmxQUbZjbwer\\qlCyRfBCgHpGSdgl\\pbdUGyHBFfngjiSB_XoEfVbQiBfHKCxmxGHCNHjmvwMzOWxY^FnLshpZzTfFTzrDhAjcbPnWiCJjIbBSEMdEOmuPRhDu]dYvFJSNhUrORX^q_GRYRTBHVmovGZRtMtuEdNdzPoejUVmqOElLWecIcR`SUXHODyBY]ZMQ]RI^iRnzzygBiG]bQl\\ShQfsgWgVUUUor[iF]F[Q_`TWkFax\\[HkxtcLgQrRfXffdsKNXXFLRLoIxPIaqiuuMdqxs^ZLOIeGuhmsvSaEVwZmF[NXIQ\\x^lYABMVtytxJahNQ]Qe^Ip`QKDsXPBDxghdIPmqjxgF\\zPMXMxurgxohMIpxTxdwpz]tEFAkZva]kDRur\\KSHLRjswwHwtVzCIgzmTTHwKYkXSwJqvFsnRpdinAHIto`aaZbWRI_HCWxnaS`zmQBo]MlTDQzSLyDVtKqsVm`mblkvrqH\\\\IWcnlDTiOTBIMvDSbtW\\gdAlONl]p\\MI^rDc[cIH^KHY^dUpgcQwlAo_Vr`_RqsmGsfVs[rzlOx]]bNeswqNLQX^C_NdDdpgRUSfyzwLkRK]CRCodvfVAfbq\\HSUNOvIZQKHPbfsze]uFu\\k]YzIy[ggn\\Krhcx]VCDlHu`BPmVVIgkagbrpOnKye_TnXoLXgz_DrjdbtysLFQ^GldKFkIObsFHcame\\axiJHgjwxQwQuysTBNBndGh_lxKlcBAGTXeHbUyEuOHZMygtMnbTkqs[QKXK\\xUwPpw^UklhOwtVyNRmQR_oZgV]_KrXwodwtKKXBI`]CuFox]\\DteuKZ`^cZZyKtUk[Tx\\nDukHlCl`bb`Cin^RtY^ThbxcKUdiJf[ABhAytmYWoxBruw\\FqZau[HG\\wIxXZDVwG`ABn`XHzG`j`GiNt^skEaatb_CloBxkcFlUw[RRCZuTbWwq[k^vLfrayGZO]fSyIpH[UTRYMbiffMSLcMRE^C`wOKWpADoWGwLmO\\\\GZEiexLvmoOgPUN[GPKMKx\\XImR_iB`wHlKfZTvzCPdAmX`Bt]F]EPQJxgarfgNkOS__JcBmUKKvT[flNQfMwCrr[BimnDUVBsmZsArR[SItFVq]BoeVBBoM[hEItPzQqot[iMtMYUlduymELLkzYyTAE`zLwjXLTrCQ]VnpuYwhPKR]uzxh_zss[sWIMiPjw`QCv]cpYvEABgltN]QxljhTzKpezecMINlkuPaYXHPcvrqoH]vjXSxMswClgxqnTrsnvBzyws`d[EYHTB^]jsppQ_rxMolZR\\ODzCtG^wn_nTmn_uXf[TE\\CD^WJBlIGFSzqUIRIXzmEQCxmDZRWGzxWmBv`]w]KfXhAmxKmG]CURWmAaeFb[lAGUcDSMmg[]cZsUwzGO`QdwdFVOuyrquktXagKur`TqcsjxugdfzTv[WJl]hDSnodcs`[oPoMXAxmUlWYUOVMrboZAXvhMnNaCyPqXZsUqnvu^dpzGOjDYcmADG[WUGzdnXkW\\`BvWAWEfuwWcvbyEJH[MPnQz\\AjnRHGtY_bMngXLhVJJDoY`B`dPQKMllwvAgQTmq^JXAlQ^kO_teGwgbJmm_qcOSp\\qkW_XBWT`eB`QOF_CfSHeAOZ^^aOzvvEKP[mTjHsNnWBae]_YSacAirq\\xBt[ITejwUAoTLS_ZtrdNstBCphVSE]XdQWhOXFZmReP\\jFGNEaoAMOEIsXSgOXrrdKCofPCnYqvOd`TkaIN_iXWBR`Wznm^umXs_CSco^BcVTp_SEbGGKSJLoA^FtCzfTB]MgohO`YAhpAi\\ADuMgXjZNgkCo]u\\BwCSTSfQtralS]WnSBFqHnywRCyzDfZD^`fsxVIhXeSpqxHkQxjnXETNyGAQUgNOX^Onq_pxsXZ^\\JFUvNjFvgfZLYurUrTlWEXSjTumHmuAfpmoAgVHwHSlrobYdycBDhGWmnebTxxJmfoVfGqh]MoPmf\\um\\IJJtwxjVCNCnnzJJzLAMm^Iv_rsreGSkpsoozsjrgQDcfjYpFdgPuaifBOUEErkvvRxvKVJG]J`]ZaPpYCmB[CqPJJnk_emp`IgTl]fjZamkAML[y`fBEi\\s\\imBcYcsWkwRtwDwXCctQFPwxSmyylkqhnrDkeHByuUQQubC]jdCGbcWYpDQgdtfzFeFFzLnvbvVkzgDkk]OHikFL[euarUUBiQKQ\\x]_qH`fMfZIz`wHe^RV_teUQMDMbUBi]nOmzkRbK[yoLmaSYNWLyplbSHNdDSDselgMQJHtMkKEvpJ_flnUxqjgBgZr^i^sWGKZFUBPF]yOfhg^yjxS`junBzKdjQW_MSiofjYRj_O[s[BUAwtokLTgLXYGJY`pG[CSzrrOQfcA[ZuaxqdmWbnAzBdNRRIQzZUYYjVIEf^EcSLl]rISpmY_gBTxOewy^SBBF]IO\\[hlEjYgqrl[Jp\\MBpmXVXt[i`aQRKgzjuqUFg[wchHXs]piqozPkksEbMC`IIUfKlkOyHGUVpoiQ]cMjsZ]KXPyBmnsevo[S\\NHlajjhftvwKnFeqpPis\\n]lNLUOk[ATWoP\\[IJko`^TBryhNnF`mZAZezT^UZvZudnzqJVgGxDwQIkWNgBwU\\awnpq[pfVVdDYYDzrDYYZpWEJ\\PxQiYzEZDrLATvr[biSMkRSNox_vCkajgUKrVhxeyzVLnrk^byOimwlyeCu\\[JXSR]UykzEukhOlwH[wMAUD]rwjdMNTm\\JpbDuQ]mmbuTxEiAC^cxOZoUpZ`fU^llHP_YJsMJ[[NmIIusAdKkkpNjANN\\krXPqIMiaPqJRY^oLCLg_helTBASBoYwfkYcDywzwMSkmBZSRZ^xBawDNfwoIuglru^aAukNGLkSVtzSciAcR[uFoVVXCHrC`asr^sRXiQrppdhTgeM[tE[XzYmf`TKyUinoBHojWdtAdEPKhCkYvXI\\G\\sEGgrUFs\\HqtS`p]DQKZnuJcy^dmDx`Sh`Okdkl`vkdHTnkLdYTrQhhxv^iTlSo^b_LmQFtT_f^DRBPKnXJfeiBArRoFCYncwGaobxu__zSeJegtO^aTJItt]LvyQoRGsuGL\\[cq^fGeVWqMfvq_rZZnMhRWBvNkiLmO_\\Yovkq_CP^FViTVymPY\\TyoIMocXWvJdbiK^BcHdulxJLATcsmvwUnL]dgjvOGfTT]ozIrwKHoabAewL\\A_ezNPn^htVtMVnFeqjMTZAplpaMd]zj^[OcBTGMA]\\yaQuYm\\WoMyHa^oOXjbuLugWlHLEQk^MryCP\\uHZHFL]_ShEMFi^YbPDuuJRaXFDjmQc\\`m^cHmFjJrZ[HrLBznPiyUblpskAHmmBEdhSLvQpJUkDjrZ`uBkzBu]KLlmPCFbXEXV_KsqE][_ee_CyZKFFCnAKG]H[IBmEmTyR\\uUBLf]aVrahjnqrA]URXLXhlWv\\h[sR`k^_qDuXRZpPwZkULvEQzguQ^hQpkAtvzOHyQRBwcxAxVIkRfaQmVcStqNBInFgQatPhSlEttHhBfwuUwyJJjG`XwNIDQsJ^QjX]tCzu]XsOuQNtSgMov^aZUrlEcBcByKlv`Y\\tyPhSNR^gAPkegUbnJxHBRvR[prPj_RTuLTqgpOMDUEDTQyVedymcQZbDyM^WBnHivqYS^vxukEgNryKr]eGa`ldllniclqBawVX[`CGhArrMnTLzCgtXhbJKMhakNUJuCFR\\akRZ_YahuXxYbiaFwesVMNOr\\V[fiwJhCjZSUZsPA\\QojIJ_oEyYMwPT][yIxvzxNQVrPOk]ldUkxZHSMvqdxl[G[Gqt\\kRF]SbZnRP`T]hdc_VCSfwCEVz]pPXJYrAASONfsi`ufRQ\\Er^vknbpoPBHSEd^tGH]\\gRTQkKdGBWnE_Yyl]YfQLMDMGSnFCB_JozXaKezcxjnsODogelXh]MQZOHKYX_EzrdQ_AYbrZCS]ZKxD_G[QdrhcjySD[bKYenAfmPfMJ`OZtnADJHuQEnWAwioCG_XssurgKSQO\\NGDcNiwyOtSguTrWziE\\dGfIWbzwTsqrgprgSXizsDreFLxazPKdLnrH\\vMgjzeWC\\AE]LEbAFc`OADLdZwEiNfsxjKWLBQsZ\\cdKtDnLcdGKRs[sADQD`hpqHGnAhWypjFnYZBkVItFe_igrj_LyzpunnnCmQn^MeR\\LFCYzSuugcKRZ[vRJLzptLzfgyyFVWszNM[lhFLfFvOLc\\cRU]UBe]bzFXmBUo_QjKDMAJdDzTjxxnCKVhltBrVle[fPSKRQXy]XYVQKsQBQmeBRUcfhDfOrpSba_TlpCYazRemzWaBlpEyAYUvk_eNljecFnkg_`MOUDCAjpfQ]d]ClTbHKYARYKoQhCgLgu]MdpewWTLvtTlINcqlMc]F_uqJPlTgIZebGQYvjelqMFXEZgDELuzDYXhiz\\heA_mZiJBwJvCbrfsZ]ljciO[O[bJjckwNwHpiTyVQfGvQsXMm_OLNmEvmD_yHARUZyoekqKF_VZxcSKVCUWLT_j\\sLDepzOPTm]RDm\\wTJhrSHSZtIwmdFAuPSm_maQ_HJeqqsRQt[sKrrIksekgD\\gNlbCkAxKnsIjJ^]cBqgtINpDXKCfIpd\\f]WEPpaQvQERiHzNWBjqXc_zv^eaxRBxPhEhGXSLPVxsI_UPKoPGGnDDyWJmKzSeOHCBDRHyi^aBefqXIUVJBvr]dAjjOaAPDTdB\\TMtgRXcMCZSaldpdIcTPaXCcXkH^QxQCpwoI]]k^PPbbWJ]wKgvkQlvwJQPaPEwEIPkpphHfspAQp\\LONLSeCalDAszMNJNKT^ZGYhH^`Ps\\kfGhEASEmRCb^gowhuYibqwSCFpaDpFmiQSVmRHNqJYC[rclsKperJtuinfzKmBwMQtNUZKVnKrYYurL]Eisz\\u_XYgzgHCEH\\pKxVXYAZqgS\\\\ovZ^GDIwlVUqvmKjfImQxEhNGgPraeNMvwsDMevBz_Epc`]gpkK_`K_jOMW[nQWGHIuyuH]AMlRYArebKdBpZjhlYJpAO\\NiHxi[f^miNJRotFiWbpQKOagX\\I`kR\\ml^cRCJKvgrTbQYtrS[ZYYLD[aRQz]xBXmW`QRofMXteSvzWycQNQsDUa[IkltLZiqwpttca_oMB_ak_buRXLkl_jCypIDuTM[v]zJ^Fzji\\fBpzkdJrbnNxFXGqunY\\utpEfN`YXMX]CPshNzE`tDlYNyXbChLLRMamMlU^El[VWlup_ZdujsbrHWqgpxVkAMKqiG\\\\fb[IdWC]DcCdDQ]YejfpuhhGVkUJaEGYxHPIXZOlUUdNvlgkklLz[gbxtUmtBsvy\\dfwAUAL\\u[`D[LdDeZptHxR`SODgVj]ZelRGkjWkz_aMBtZJIpWYFFUgUWiFx`FKxGYit^TvDFtdWF_Ypt^`SET`XelUAQm[YWOv[kPf]\\UALlPPsQPEC`rtmtROmzunSZKAqcxEdsDrjTTgV\\\\jAiYt_UIbZBs]abhmaPZPTL[K\\AKZaetQ^LmdBR\\\\ZVfczaQHfbFGCMWpONX^KjBoHczVpDkPnxqx`rKukCny_nORowVntxQjUq[XbuSbqqSEWYPWC]nIwCQUTibsixVpgGcjXnTpkLIh[JuVgzkXKImSaGDsTZtt\\]YPpazPIxYltctKnLLjMxf_TQJQk\\]QRPMxlfaGz\\OMkBYxMsEINKg^rtv`Xi_h\\HZeVwZIfFjkiYoSsLErWTDHciGrjAjRwbkccncPZw^I[vpYFdgMdgQIERChpbYeWYnHiLkEdoY[pvhgthmGT^hQQc_QluZr^tlCHhkttccoOqSJdVoIpSQtk^rFhZTiUbwwJf`MxtMlutCZQVgWGRCKcsReqeLZPuZgtVzyqbKvF_yr\\XpRmwbD_mTQTvVShn]zZVauVia_GGFEt[IZpuhSSWIHBjevMsOSCzXGquwEWDwYgPWtmw^nFKgDMYtgDfSOsmBuCCcuycvP[k[lTlIPV[MrSUtYBQAlkh`uN\\qkUcp]PWc]yHTR]CtX`KciIKsicJ`mK`^rvYvmfkcvlWZuwjPhoHVDtHbKjHuFrqSYd\\WDHGmpbgwmkylturyCK[xnrkD_p^DvDBQ\\SLahV`\\MKoZkWBKArQNJ^dMXCOAEcBiiiPajRQgfykcCQSHnSDDnnHxjyJeH`WdJGlCG\\\\jadcKmAKGkGMm`xuvaRrkIf`FbGZv`QBSqT^KLwKinCuBTeEMLp\\odkbuD^dfbPaZEtvM[jjeHIxFl^lxCMjjoMiFmcGiS`G_][wZisl\\Grh[n\\JalfcU`qfsLqZrdBRcBYdQbSPK\\Ndx`NSQYaxhwmzfpEOsYusF`FYUstzYWYtRNiSx^IYCDefPZx[]EXmaV^XZpxX`b_Q^shYHlRUP\\qBuZJvvY]UzgSwjQtHakt\\`TIXl`TkmC]F_]]AgB]GEKRr`liqsJn`cV]bRlJVFlbwKNXNns\\_OmWUBQrzr^sdOw^JzviurGBScVhSU\\CzhPRpyH`BtK_btxhNkNNsKbgHlDlgc`eV[swzfiKsWhAhbZZeh[cHNKpGcJDvVsYU`IHABhbBCU]]az`SeHzHx^IQDpX]eP]^PfIZSYdztaFshS`delROtQXCAqxLQFXmszNvrGzL_zOWXPckQostyOdyOFY\\\\XjoJSAiFel^lFktCAelOMv]M_odVOglh_jGQ[NFOtegCUHs^kwO[gNO]Mbe_WTrxApNVddbm`^UbO[sWvGeSYQBR\\eDscbraniB_u]uGU]vJtgNmiOcQi_`jowuz`jJyfoo`YT]ZM_xvVrYoWRJUyarOJSkycvbfSx^EsiUVlJEKbdUw^GcO`ozEw`WGd&quot;,155)" fullname="Open_Lab_03._10.Tests.GetNumberOfCharsInStringTestRandom('_',&quot;DGxyEEYe[AexaFlJNku[yUU]VhBLmD`GndBVQGj_veEPOtbityxICkyjm\\cXCNsW[^KwDWtHAV_TQEO]GTSoFWECeSdp^S\\imhokief]FqIgMfYhMGQjuDREZIRknEdiupbcP^n\\hpjOOXpztvcXBlniWkRaSujANZmWDqXjSoBFUCpBSSrs\\LhIBtM`MNJnGiBpfYwD^tFMjiUTuQOADr`CmdVJds^EfOzfBAVtVnUcF[ZT_sevzIkOJyCCDm[eWAb\\jjSuvUfP]wwRKBekNbF]_k\\CxSqcTkMFtydpakAe^[mNClsBHjWouExzNQwc_DwmjrYLYpK^b[zDyOzM[o[dTYKoBecPoXG[^A^KSgdS`tN[FtByQjIjcTYRheKoMuiJU_`ykotnLHEZLkiHceyEPXrKbM^i\\oGeKDFaTDN\\pU_\\OyGwvDLcweuxhUW_RLSWBZPHeIn`W]OvsVwcGanYd^iaJItygiKeBH[ojySnPfLZVyERYoYkYun^liy\\OpthSdtlvHsHOzIxSPKKEb`sQ[MHTxDAAq_Zm^GlETVRvQ\\YlqK]_nXgPBXrXmXyDrHX\\iKoIYFlMNwAzoW^mb]MZrKlGPUSvWODJExCfWTFhg[BEWsdVtM]Vuxd_ZitEnppzsrurUsWNX`nWIgjWlxBKliOGT^Li[BuqfBL`xmBBqPyVKMVny]TqneOKco^qghmWewlG[JZyvAU]ksvGHYjyhEDAnBxJOKUI]clN\\PSoCUumQl[ksXiOyni`tkSZMQkkfLzIHifsGvvTJQkCaMQr]GKjtLUkwsbmeKHEmScKmqHCrUWdAQsAAsO`BQOwUuwNUJizIfQOeFEfyHr_pkjfzbmlvcD\\DgqruuiigW[VAeVuocatYjGdKQOmWxEacoLxONlEZJsYQUfVLrxSBJDT`NhefvRiStnLYYgbr\\[PqiTqetb_Al`YkrXB`GY^rKGWbZwnLW\\`io^rtqzmUniaUU\\bAeBkDxYgbwOKwnSdQzkwUaHjGgID\\`CNyUnbVk]kVqQxcpqb[EQUe_NZ^RdWpULBuBMbAlO`]za^QKGRpbdWPhd[HTDDGFvBfOCadOajqkrexjJTKSbOlomNYl[hhLZXD`sBHaibAta_py]XJkso_hQr]pHrotBeR[bXrILedzNrNNX[PC^wTfsWPA_SYrnHswNVWEaA`NK_ZYdPYhclVFRfbLIqetMmMGzRABDK]^XF\\TwqWOukOBlmebnLwjWgBXSSZSPWeYPshLKNOSZVy\\^LUMgZOrNmHlDDBdWEz_GqltFZW`xePAhatHxNgqImK]kwHHMevVW[UhZ[HNCiud]GD^JtfJXJVTfOIIROTSiudMLMi]FZn[saAesexTylxNEBBKSywoVbvc]rRxLIEyVv[FO_QgRzTwwWIKK_KH]zFRfXHBSAHphzrIawvniP]VNyfGiHmhxw\\WqJZrXOTQs^Px`zeOcXYN]jEhlASLN[sk^\\RX^EVZvM^jiibj^_Ea^OtGElFWvIDXf_[EhMl_BzRQMVyDZdijWRMObLSlyz^nIFDKO]BQm``_xdtjmCwSZTAURM^]tAaB\\^HHRopxbYwrmiQxRdywCLTpFisBz`Wmz^DZ]mXyNzlBWIcdv`LQCdzPJSBdwnxBBKsPer\\_LzjCZSYwGOG[UFkV^nPJloBZCjzMQTzEEgFCuwprtF]hg^hv[]lqbRnXxPAkSMfnPCVhAi[bxXPfRTn`CElncI]mthEevF`hZjYeHzvmBJsJBHFe]\\iO[rKG`doTepfsscMbvJXCIzlYQTklb[I[XRMb_SE^LcIL^ARZv_iTDfF\\FmqMsClJhL\\aVfCcEtqaqavPCRqDlpWlMl\\m]sfJqy_R`kDP\\GOJp_e`raJbLhYspjUeJQGLOhjsBdkRNaceaMwiGvvwiDyJ`g]pWZGKACvIol_NpsTeEoRcmf^NUJ^KiaTVGvun[Xe^RotVXhGqkTElUuCkwsqq`kZOYJHux`KgJoQymIqhDh[V\\bALsJrbbnxbUfwNaMsKJXb`eEyoBInsPEmrIvBnicFWqidHLcGqoQLDA[boLC`YAFRQsFFeKE\\bSLjv[rcZCwDzsjriUNcfCgVlWSPG^\\fkoekolfTU[GWDBSYIOXQx]q_fpy_Hc]vaQTKNyCwitOLvQRjEtGsGLiOyFEznGMmxLqniILJL[cENecV^O[N\\doVcFLHtDJch]Nk[_AwiwggddAU]j\\_fyQUW[KdwDQIQzXlWsvzN_``wIlyErfKbewiLtUzUXAfg_VdMOxen\\QHZkXNiL_EYFagDi`^^weq_tsYnImquAWFUpP\\\\HQJsvNaxj`^iZHrr[c`ryZaYiKXi[ROZECVg\\xcgS\\EdOH[s`OuMjd]hkkKlps]XQEeXlLV]zt`^VxKaj_JMXCj\\`ivlnrq[ygSJ]DHUtXMpDzRmadBQjQzOUIsCPeiIDF_jeAEgXoSzpuY`WJLJp`kigDpUKEEOiEmx[cI``VtuxAY[kSfGZ`S^UqCbKj\\SjEQlI[FoBfd[gqkgfVdsYypJlOce`bUptaKtjgRPNrFnvrq_FVvpGdulOHzts[PZQobFgrxyDTebtCOuXE`Jf`jPgZfchYXmbf]HQksNYxmmySrMsF\\nvFolERZMMVRewsAO`GegMRlhmxQUbZjbwer\\qlCyRfBCgHpGSdgl\\pbdUGyHBFfngjiSB_XoEfVbQiBfHKCxmxGHCNHjmvwMzOWxY^FnLshpZzTfFTzrDhAjcbPnWiCJjIbBSEMdEOmuPRhDu]dYvFJSNhUrORX^q_GRYRTBHVmovGZRtMtuEdNdzPoejUVmqOElLWecIcR`SUXHODyBY]ZMQ]RI^iRnzzygBiG]bQl\\ShQfsgWgVUUUor[iF]F[Q_`TWkFax\\[HkxtcLgQrRfXffdsKNXXFLRLoIxPIaqiuuMdqxs^ZLOIeGuhmsvSaEVwZmF[NXIQ\\x^lYABMVtytxJahNQ]Qe^Ip`QKDsXPBDxghdIPmqjxgF\\zPMXMxurgxohMIpxTxdwpz]tEFAkZva]kDRur\\KSHLRjswwHwtVzCIgzmTTHwKYkXSwJqvFsnRpdinAHIto`aaZbWRI_HCWxnaS`zmQBo]MlTDQzSLyDVtKqsVm`mblkvrqH\\\\IWcnlDTiOTBIMvDSbtW\\gdAlONl]p\\MI^rDc[cIH^KHY^dUpgcQwlAo_Vr`_RqsmGsfVs[rzlOx]]bNeswqNLQX^C_NdDdpgRUSfyzwLkRK]CRCodvfVAfbq\\HSUNOvIZQKHPbfsze]uFu\\k]YzIy[ggn\\Krhcx]VCDlHu`BPmVVIgkagbrpOnKye_TnXoLXgz_DrjdbtysLFQ^GldKFkIObsFHcame\\axiJHgjwxQwQuysTBNBndGh_lxKlcBAGTXeHbUyEuOHZMygtMnbTkqs[QKXK\\xUwPpw^UklhOwtVyNRmQR_oZgV]_KrXwodwtKKXBI`]CuFox]\\DteuKZ`^cZZyKtUk[Tx\\nDukHlCl`bb`Cin^RtY^ThbxcKUdiJf[ABhAytmYWoxBruw\\FqZau[HG\\wIxXZDVwG`ABn`XHzG`j`GiNt^skEaatb_CloBxkcFlUw[RRCZuTbWwq[k^vLfrayGZO]fSyIpH[UTRYMbiffMSLcMRE^C`wOKWpADoWGwLmO\\\\GZEiexLvmoOgPUN[GPKMKx\\XImR_iB`wHlKfZTvzCPdAmX`Bt]F]EPQJxgarfgNkOS__JcBmUKKvT[flNQfMwCrr[BimnDUVBsmZsArR[SItFVq]BoeVBBoM[hEItPzQqot[iMtMYUlduymELLkzYyTAE`zLwjXLTrCQ]VnpuYwhPKR]uzxh_zss[sWIMiPjw`QCv]cpYvEABgltN]QxljhTzKpezecMINlkuPaYXHPcvrqoH]vjXSxMswClgxqnTrsnvBzyws`d[EYHTB^]jsppQ_rxMolZR\\ODzCtG^wn_nTmn_uXf[TE\\CD^WJBlIGFSzqUIRIXzmEQCxmDZRWGzxWmBv`]w]KfXhAmxKmG]CURWmAaeFb[lAGUcDSMmg[]cZsUwzGO`QdwdFVOuyrquktXagKur`TqcsjxugdfzTv[WJl]hDSnodcs`[oPoMXAxmUlWYUOVMrboZAXvhMnNaCyPqXZsUqnvu^dpzGOjDYcmADG[WUGzdnXkW\\`BvWAWEfuwWcvbyEJH[MPnQz\\AjnRHGtY_bMngXLhVJJDoY`B`dPQKMllwvAgQTmq^JXAlQ^kO_teGwgbJmm_qcOSp\\qkW_XBWT`eB`QOF_CfSHeAOZ^^aOzvvEKP[mTjHsNnWBae]_YSacAirq\\xBt[ITejwUAoTLS_ZtrdNstBCphVSE]XdQWhOXFZmReP\\jFGNEaoAMOEIsXSgOXrrdKCofPCnYqvOd`TkaIN_iXWBR`Wznm^umXs_CSco^BcVTp_SEbGGKSJLoA^FtCzfTB]MgohO`YAhpAi\\ADuMgXjZNgkCo]u\\BwCSTSfQtralS]WnSBFqHnywRCyzDfZD^`fsxVIhXeSpqxHkQxjnXETNyGAQUgNOX^Onq_pxsXZ^\\JFUvNjFvgfZLYurUrTlWEXSjTumHmuAfpmoAgVHwHSlrobYdycBDhGWmnebTxxJmfoVfGqh]MoPmf\\um\\IJJtwxjVCNCnnzJJzLAMm^Iv_rsreGSkpsoozsjrgQDcfjYpFdgPuaifBOUEErkvvRxvKVJG]J`]ZaPpYCmB[CqPJJnk_emp`IgTl]fjZamkAML[y`fBEi\\s\\imBcYcsWkwRtwDwXCctQFPwxSmyylkqhnrDkeHByuUQQubC]jdCGbcWYpDQgdtfzFeFFzLnvbvVkzgDkk]OHikFL[euarUUBiQKQ\\x]_qH`fMfZIz`wHe^RV_teUQMDMbUBi]nOmzkRbK[yoLmaSYNWLyplbSHNdDSDselgMQJHtMkKEvpJ_flnUxqjgBgZr^i^sWGKZFUBPF]yOfhg^yjxS`junBzKdjQW_MSiofjYRj_O[s[BUAwtokLTgLXYGJY`pG[CSzrrOQfcA[ZuaxqdmWbnAzBdNRRIQzZUYYjVIEf^EcSLl]rISpmY_gBTxOewy^SBBF]IO\\[hlEjYgqrl[Jp\\MBpmXVXt[i`aQRKgzjuqUFg[wchHXs]piqozPkksEbMC`IIUfKlkOyHGUVpoiQ]cMjsZ]KXPyBmnsevo[S\\NHlajjhftvwKnFeqpPis\\n]lNLUOk[ATWoP\\[IJko`^TBryhNnF`mZAZezT^UZvZudnzqJVgGxDwQIkWNgBwU\\awnpq[pfVVdDYYDzrDYYZpWEJ\\PxQiYzEZDrLATvr[biSMkRSNox_vCkajgUKrVhxeyzVLnrk^byOimwlyeCu\\[JXSR]UykzEukhOlwH[wMAUD]rwjdMNTm\\JpbDuQ]mmbuTxEiAC^cxOZoUpZ`fU^llHP_YJsMJ[[NmIIusAdKkkpNjANN\\krXPqIMiaPqJRY^oLCLg_helTBASBoYwfkYcDywzwMSkmBZSRZ^xBawDNfwoIuglru^aAukNGLkSVtzSciAcR[uFoVVXCHrC`asr^sRXiQrppdhTgeM[tE[XzYmf`TKyUinoBHojWdtAdEPKhCkYvXI\\G\\sEGgrUFs\\HqtS`p]DQKZnuJcy^dmDx`Sh`Okdkl`vkdHTnkLdYTrQhhxv^iTlSo^b_LmQFtT_f^DRBPKnXJfeiBArRoFCYncwGaobxu__zSeJegtO^aTJItt]LvyQoRGsuGL\\[cq^fGeVWqMfvq_rZZnMhRWBvNkiLmO_\\Yovkq_CP^FViTVymPY\\TyoIMocXWvJdbiK^BcHdulxJLATcsmvwUnL]dgjvOGfTT]ozIrwKHoabAewL\\A_ezNPn^htVtMVnFeqjMTZAplpaMd]zj^[OcBTGMA]\\yaQuYm\\WoMyHa^oOXjbuLugWlHLEQk^MryCP\\uHZHFL]_ShEMFi^YbPDuuJRaXFDjmQc\\`m^cHmFjJrZ[HrLBznPiyUblpskAHmmBEdhSLvQpJUkDjrZ`uBkzBu]KLlmPCFbXEXV_KsqE][_ee_CyZKFFCnAKG]H[IBmEmTyR\\uUBLf]aVrahjnqrA]URXLXhlWv\\h[sR`k^_qDuXRZpPwZkULvEQzguQ^hQpkAtvzOHyQRBwcxAxVIkRfaQmVcStqNBInFgQatPhSlEttHhBfwuUwyJJjG`XwNIDQsJ^QjX]tCzu]XsOuQNtSgMov^aZUrlEcBcByKlv`Y\\tyPhSNR^gAPkegUbnJxHBRvR[prPj_RTuLTqgpOMDUEDTQyVedymcQZbDyM^WBnHivqYS^vxukEgNryKr]eGa`ldllniclqBawVX[`CGhArrMnTLzCgtXhbJKMhakNUJuCFR\\akRZ_YahuXxYbiaFwesVMNOr\\V[fiwJhCjZSUZsPA\\QojIJ_oEyYMwPT][yIxvzxNQVrPOk]ldUkxZHSMvqdxl[G[Gqt\\kRF]SbZnRP`T]hdc_VCSfwCEVz]pPXJYrAASONfsi`ufRQ\\Er^vknbpoPBHSEd^tGH]\\gRTQkKdGBWnE_Yyl]YfQLMDMGSnFCB_JozXaKezcxjnsODogelXh]MQZOHKYX_EzrdQ_AYbrZCS]ZKxD_G[QdrhcjySD[bKYenAfmPfMJ`OZtnADJHuQEnWAwioCG_XssurgKSQO\\NGDcNiwyOtSguTrWziE\\dGfIWbzwTsqrgprgSXizsDreFLxazPKdLnrH\\vMgjzeWC\\AE]LEbAFc`OADLdZwEiNfsxjKWLBQsZ\\cdKtDnLcdGKRs[sADQD`hpqHGnAhWypjFnYZBkVItFe_igrj_LyzpunnnCmQn^MeR\\LFCYzSuugcKRZ[vRJLzptLzfgyyFVWszNM[lhFLfFvOLc\\cRU]UBe]bzFXmBUo_QjKDMAJdDzTjxxnCKVhltBrVle[fPSKRQXy]XYVQKsQBQmeBRUcfhDfOrpSba_TlpCYazRemzWaBlpEyAYUvk_eNljecFnkg_`MOUDCAjpfQ]d]ClTbHKYARYKoQhCgLgu]MdpewWTLvtTlINcqlMc]F_uqJPlTgIZebGQYvjelqMFXEZgDELuzDYXhiz\\heA_mZiJBwJvCbrfsZ]ljciO[O[bJjckwNwHpiTyVQfGvQsXMm_OLNmEvmD_yHARUZyoekqKF_VZxcSKVCUWLT_j\\sLDepzOPTm]RDm\\wTJhrSHSZtIwmdFAuPSm_maQ_HJeqqsRQt[sKrrIksekgD\\gNlbCkAxKnsIjJ^]cBqgtINpDXKCfIpd\\f]WEPpaQvQERiHzNWBjqXc_zv^eaxRBxPhEhGXSLPVxsI_UPKoPGGnDDyWJmKzSeOHCBDRHyi^aBefqXIUVJBvr]dAjjOaAPDTdB\\TMtgRXcMCZSaldpdIcTPaXCcXkH^QxQCpwoI]]k^PPbbWJ]wKgvkQlvwJQPaPEwEIPkpphHfspAQp\\LONLSeCalDAszMNJNKT^ZGYhH^`Ps\\kfGhEASEmRCb^gowhuYibqwSCFpaDpFmiQSVmRHNqJYC[rclsKperJtuinfzKmBwMQtNUZKVnKrYYurL]Eisz\\u_XYgzgHCEH\\pKxVXYAZqgS\\\\ovZ^GDIwlVUqvmKjfImQxEhNGgPraeNMvwsDMevBz_Epc`]gpkK_`K_jOMW[nQWGHIuyuH]AMlRYArebKdBpZjhlYJpAO\\NiHxi[f^miNJRotFiWbpQKOagX\\I`kR\\ml^cRCJKvgrTbQYtrS[ZYYLD[aRQz]xBXmW`QRofMXteSvzWycQNQsDUa[IkltLZiqwpttca_oMB_ak_buRXLkl_jCypIDuTM[v]zJ^Fzji\\fBpzkdJrbnNxFXGqunY\\utpEfN`YXMX]CPshNzE`tDlYNyXbChLLRMamMlU^El[VWlup_ZdujsbrHWqgpxVkAMKqiG\\\\fb[IdWC]DcCdDQ]YejfpuhhGVkUJaEGYxHPIXZOlUUdNvlgkklLz[gbxtUmtBsvy\\dfwAUAL\\u[`D[LdDeZptHxR`SODgVj]ZelRGkjWkz_aMBtZJIpWYFFUgUWiFx`FKxGYit^TvDFtdWF_Ypt^`SET`XelUAQm[YWOv[kPf]\\UALlPPsQPEC`rtmtROmzunSZKAqcxEdsDrjTTgV\\\\jAiYt_UIbZBs]abhmaPZPTL[K\\AKZaetQ^LmdBR\\\\ZVfczaQHfbFGCMWpONX^KjBoHczVpDkPnxqx`rKukCny_nORowVntxQjUq[XbuSbqqSEWYPWC]nIwCQUTibsixVpgGcjXnTpkLIh[JuVgzkXKImSaGDsTZtt\\]YPpazPIxYltctKnLLjMxf_TQJQk\\]QRPMxlfaGz\\OMkBYxMsEINKg^rtv`Xi_h\\HZeVwZIfFjkiYoSsLErWTDHciGrjAjRwbkccncPZw^I[vpYFdgMdgQIERChpbYeWYnHiLkEdoY[pvhgthmGT^hQQc_QluZr^tlCHhkttccoOqSJdVoIpSQtk^rFhZTiUbwwJf`MxtMlutCZQVgWGRCKcsReqeLZPuZgtVzyqbKvF_yr\\XpRmwbD_mTQTvVShn]zZVauVia_GGFEt[IZpuhSSWIHBjevMsOSCzXGquwEWDwYgPWtmw^nFKgDMYtgDfSOsmBuCCcuycvP[k[lTlIPV[MrSUtYBQAlkh`uN\\qkUcp]PWc]yHTR]CtX`KciIKsicJ`mK`^rvYvmfkcvlWZuwjPhoHVDtHbKjHuFrqSYd\\WDHGmpbgwmkylturyCK[xnrkD_p^DvDBQ\\SLahV`\\MKoZkWBKArQNJ^dMXCOAEcBiiiPajRQgfykcCQSHnSDDnnHxjyJeH`WdJGlCG\\\\jadcKmAKGkGMm`xuvaRrkIf`FbGZv`QBSqT^KLwKinCuBTeEMLp\\odkbuD^dfbPaZEtvM[jjeHIxFl^lxCMjjoMiFmcGiS`G_][wZisl\\Grh[n\\JalfcU`qfsLqZrdBRcBYdQbSPK\\Ndx`NSQYaxhwmzfpEOsYusF`FYUstzYWYtRNiSx^IYCDefPZx[]EXmaV^XZpxX`b_Q^shYHlRUP\\qBuZJvvY]UzgSwjQtHakt\\`TIXl`TkmC]F_]]AgB]GEKRr`liqsJn`cV]bRlJVFlbwKNXNns\\_OmWUBQrzr^sdOw^JzviurGBScVhSU\\CzhPRpyH`BtK_btxhNkNNsKbgHlDlgc`eV[swzfiKsWhAhbZZeh[cHNKpGcJDvVsYU`IHABhbBCU]]az`SeHzHx^IQDpX]eP]^PfIZSYdztaFshS`delROtQXCAqxLQFXmszNvrGzL_zOWXPckQostyOdyOFY\\\\XjoJSAiFel^lFktCAelOMv]M_odVOglh_jGQ[NFOtegCUHs^kwO[gNO]Mbe_WTrxApNVddbm`^UbO[sWvGeSYQBR\\eDscbraniB_u]uGU]vJtgNmiOcQi_`jowuz`jJyfoo`YT]ZM_xvVrYoWRJUyarOJSkycvbfSx^EsiUVlJEKbdUw^GcO`ozEw`WGd&quot;,155)" methodname="GetNumberOfCharsInStringTestRandom" classname="Open_Lab_03._10.Tests" runstate="Runnable" seed="1033195121" result="Passed" start-time="2021-10-19 19:34:08Z" end-time="2021-10-19 19:34:08Z" duration="0.000148" asserts="1" />
            <test-case id="1076" name="GetNumberOfCharsInStringTestRandom('g',&quot;RwSdYTTvixodp]gh`xn[\\STG_xYITSNlMSnNPAwdKKtQkKJcPsqIqEVydLF[uKcWjCW^jYY`BKPQYCVTnqs[\\FvIxoeDv]izc^biogtr[RHgpE`aqlgESHueHOauoUd_\\Piu\\h`GxBAJxPTtPDNJpeh[dwa`GyDFhcK`VeFIM`GRHlgrvhfkH[jrcOR_GzAyxv\\UEn^eyEwP^VTrQieZTSyNsTxHSaBN`ITLPRnHJAlC^[TMuZOXVbeewO]lqWRYDjjVCHcyv^PTbvjYzkMsRdsy^iOBpCQniTzokyKnrQ]rRRDA_ElGJYGZrlsTsbItM]eOwvhBaYBBHAgLfO^lQKdPM`wzFrvQIdfphpEcWjakXFRqEgheDWcCsUBWyhvi^lt_Vr_qJvUaessHOGuYJQMlAdwSnhdjorNgLn\\NIr[IBBXA]tIsn^`N`H^luLC]RfmnfMw[egQSqDjzLwqu_kvQRzGDQjSwoxrWPeUPxiOGMNW\\Y_ayVIyak\\\\fFsJuTT^sMTkabawq]oEEcffmJUbfzQfnJjKF_Tmtj_PEoAXoMHEvXWC[MXlzlrsvhwXrWrRIBKVEVayJwnZrLkVmgksHcmIrfUXrc`YUqwtNByEgZbDyXBjxbeLfzK`PC^YBJGaXUFBPqIkifMhAjJZeeZQyUmVfWeL_`D]SBfdSAZGZt^Am^_`sDoWjqcDcjVtLwMIcjUzDaHeKSrErmcIrFT[kgm]ZcAceau]gUXDI`\\RwKLXz_MqHMBGdmYvwsa[`_zeXUX]U`ASdB^a\\V]vWK\\X`osuv]GPzAlYLbzeGj\\bMi^cPs[aWfEUCbFd]^brYlTdPEUuWrohjtLqRPeDCatUwWWd]VIdHeJ[VtSK^`K_qWfIVOSMs^psszgsilYAjL`Ekl\\Xx[a]WU^alNONDvkepQcWNZ\\mHJpfqaXenuPXxS]^\\GH\\]Kwn[vP[IEJ^ynUM_rjKpdZIgSg]oFuGRAPxMBKvRx]illZJxPydXxftkoHHOngDKCLy_XA^hotrHlXut]__GQjUUWMYtDg^RZ_i`[faP\\wcEnlzWMNlOHwuTreIKbdeHVaiMjVZrxOeTGPaeMChpuOJ]eUiq^VhrS[iNDmgrouQsRaMbD^x`woNGWLcUhcTcbnAfbSaZVqAzxRKDIGmzXIv^NcrrKRJLaiR_`aAkx^JGoNIFB_MaqUKYs^Yz\\iPDgoYPzf_cGCCtyojzZmqfFcVM_sgCHBPOOGZzptFVAe[nSQ[DnZajseyDYMkGz][EnnfsVjK`g[f\\IbuOXdOi\\`WeIWbcJyW^JWA_echEPADXy]vrR]jWNldNWBkzIbWhEHRlbVdpvKZ[]zff[jQgPAPXmnIcsivheVTqKJQwtt[DSIlWWE_YQjXDruynNAxMOlqGgo[QZUmW`LFeClMnK^WuxPzQK]jswOpbSekcdNywxB^fpUl\\nJBkUvIWpKGxftZRW^RXAeKw`[xwlT\\qkNFnMFMW]UmZHARDcMPRCU[JzFLuyMe]jQMXogEQRuugrkp_JuT`DKnWmvnHuRYPkQjrntOwHzzIZoROPhlDsFY`]qftsxWA\\fvbBxkPgXXEKfwye`rN`VXfsKUxOUDKcygoskNRw\\X\\hUUrtgPSGJ[GNQjqdnBRTM\\LyIFtS`QExvx^q]DbFlEZ_`abBWiJZGH[sItlbVAatWJRTLzHj[LcIChZb^svrGero]ehdRAkl^`IVOOpWbZzv`Sq\\ZKD^EjmlS^qaS^YZ\\qe]_DSPC_PgewOKoMJHxNgonWDlYOEDBa[jhUwWrn[aZFHWOgmGTQ]NJqiIzbqnZMfE\\`]ZPnQJmGUiPh]m\\yjlDM`qfoWPxhGN[CujJTqaAS\\D]AsSFER\\]uAPAgo[XAMFAGNMnmcIIJklk]TewDKsVfl`Cei^_WIzGWCWmf`S]ITSJP`_SK_TqUjVViJIDFemAleUZxrQ_rWMSYWnEKLUrpJmghBE]WOW_bRYeLEUSNoyy]DwRWDtuQuLbshmwmoIdzilGxJtFqBdALoKdEmFSV]OgGqm_SYaZgVyoSpUNKnDOQLWD^IrzipN][EAGWVnY\\KTppVRPYsIcYzWu[iBKaakqH\\UNpNqoAfnGraOHqcbqhfE[iGgiUdrvZ]iTBEZKBUcmMPCtZtTyyuJ]Xt`ibIZWorhVsuFmIWoTDRNYDmO[Psw`SLwH_ldtuLyUchB`obpcFqZFfHfotzGvvHCgyxNXmvYrTtpWljgiCTZ]mq\\XFoAuECZ[fUaqTYpKXbmmRPDJSXsbiauI\\qRxv_nQZUkWIpVe^PELDjFqlqcgJrmE[YU]GsOto\\Sx_gA]CODY\\iEmk\\MEvGGcbfwk\\s^fAKWbWIREpFevnUdlUbmffKxiVkVskQBJkXXRS]WcJIPq\\KoNCKWtGsAqMiMfmZT_D[LWwRZrLK\\]vHMKwHp`uIDsXbEdPlpjokmAzYRll_iwW^vE]CifeoevXSyUMpbZUliKULK_qDnV[H\\tgAHNCKFAFrdhZx_vxObepkkQsKpaAP\\QrFhMiUWKfhF^b^Fs`sYL`qDwPqVsU`AqWTqTPSMcrWyIfMiVFwBIqPkABlwsz_pGhOHOgldMfpTIrvQDHznY_szGcpS^VUdTas[WF[iTSo]BwbIF\\tlzlXbpPAgrZGrRMAbz\\txhRZFkVyKBhMC]decJRfHFnrtMwLpvzJebvDhRRrZRpfJMEVicYYiplst[`snKIOB^c[a`wQrZLqPIhhIb]N^b\\opDKNlYDPIadgedpIfHaOevdknskMhvl[Boe^Vi`YWwii`AC_mUbVANJuZZ[siqbMpJeqyRnxbHriMvLmpL[TUVZoekDvOhk`U\\sVWM`[aeosV\\h_OiC]WOsZjqMOOsjuXRTlCpWdfzmkbaYID_g`eNJFdZfaARLhvt\\DIw\\ZSZrW\\IrJXELjMJQKINIdJqcUoFoiFUzGCNNKVme[b]IwG\\\\lcQvuosP]q^cWTJDCEEhyvFoVdhChhgNSdDFpZFSKylUsKNGXZGsCo^q^]`QGqcoKPQmQDOdzl]AJlvLVaeNboL^GMcTtoMUWwJct[qTK]tQS]gmaTuaLUNWEngD\\vjK`IeMbTSukRCEvuLdapmatgIBjn^GomrPnilJsZKMBzpuRI[KbC^fIJQtAc^npLGxZnRMICkGf`_tqOkbST`lOLHeXsJQwXXqtr[^rOC`SWAceWDlrw[]gUiNfhpQsZKOIiAyoMjEQzZsL`zApXZAwvJ`JMrKZmgsMmZwWExeMWLguqCGho[\\AKRM_\\pbU`f_SbfYFCek[oo`j]eSKl]eRLrC[NYuPWPgkhUTKeBfKkALWl]Br]XdDAMHjdxrej\\E`HpCIQH`jq[bKgfikWDmzfdk[MdahJB[PwgOw[saVruMafwDyOHNfiFt^Ebvgas`pzSOAWlP_^XHlWJpQacYCnparmlsswtoyVWaSiCb]rjIQxIGvmfFyZ^BKlXNftXbddIVzd^c_BwKEgPteewGRnp_sVVaRpvc[H_homGRPDbw^Sw_]^dBxRQqnd^eOwQjGUkxIcEr^frNLtB`YrEnLtfJqhtLP]DSmsqJczVtYm_RZDeucxMXs^^MiaG\\itcAc_[TCsxY\\KUZVTjnCzcRQf[PUe[BtuL`J^jvcRskAnvhIErVrSYjQRkwELyYXv`bypPreoLlGsQ]kmHQnFKa]]OrmmqWTZSFOTiSozkDHgcYBOLREhfRkzF]bXFrxoYh`KOXDo]oUHZptpq_b`SfoAVONLkWttFSOvsqAoNPLrwdaQdlbbQX]ms_pzJsDFu\\BGayxA^nRCZxElixczpSchp]CTBAeVMGw[bZjfobD^G[Tu[DQMPEQctTREvdy^IwpTAdJPNxLOPFbUIHsxkYFHpUbOIfjKcaUJezuruByStCSnlwvnlBmkqh^gBvGcNAfikYkINBDj[nOnBo]MkwZaneTw]NqyuWEsWeCTLm`jyDPCZkeNYusRbFvGEngzLEoEjWWXlJAxWjcjUQ^ldc`z^mQRiwOYF`_tPLSDUM]Puuvs^MloPvWc_paxFFioubsqKi[Ix[XWGQEdqYo]L[IKJwVZfVyP^hUSCEiomcqp^z\\OkwGgRMc[YhhNTA^c\\IsYwlamkzkceSgJ\\GjiORyREuuUW[\\lFNUVHCSyVUwR]zqGA_mMRoUKKbTBrLVP^y^WyRCYokSuUgpEDnUriP[QtJK`iQGJyhn^]ZHj]TXa]Zq_lOyDr_bO^N]pG]j_eIvgsRcdgfVUruoZSgoZSCS[G`zOxScAeswT_Jf[gUXMINXdZD][iPMbq\\aTRUgUCUjyy\\vIATnxfFRtIWpupISUfU]DdSIShCKo^YexHTZU]OvlJhKv_m_uCVSdys`iL\\Qcv^Vjlrm\\jysXZltvHNnu^PlHFBzPolJAySpfR\\JgzCLD^vKMydaxhVEflNeks^hyprYGwNegDHv\\EheJqnQKKLScOJtDqZo]UNOg^EQkztua[dbEd\\tEM^nd_qsmUaqdSYGrZygm]`KRQmIecp[VajQr[eHhM_WZDROC^kffoGcgS]TmhNJ_G\\CcIOXoqzayJlNz^GGsKoa[Hd_xRUzyUsScOftOTqop`d^bOUObGRTRuc\\_kZ]\\AbdRYflsMs_TAku^GxjxGXsD_BhfKV_uUSpxzMIcdWVOmzRKhxYmj`VcjamXyFhqTezhuw_upHUjBdQ_j^xNwlKpwNNZZke^i_uIAdPkZ_xcKgaGQNh[H[tcZKkhjE[E]qB]iI_FNNnYnceQgHILDJWNeSiptbBUDtFUfEXIjbMug\\ora[BbwOBS[nsVZiMgLZVu]QfcjA]\\w]aJ_qPY`[YosntrLBiAUajNFuVPoZrvm`WyMirdYnGkBaCjWnWiR]GVmTEe\\zeGc]CSXvf^KFba[yL_rftBDJdQYALseNHZJzH`_jS[Is^Mu`voI`mpGcCZsmtXkmsxxIW[qfzITYsKfXVtEXkF[RSawihmqvkVzaOmI[x]`d]hksn[WASTCn]gpp^HyNSYh^KFIdkeZN`qoeqEvMVpcXSMDbwSwq^RRDANhhRnQhtpOfrLzZMms]pPKyBagXhcjN`ledXNub`u^^xYklT^elZoNkCiflGsARFAGGaVByrQxulgAdqvDJyxok^tbicJ\\guMXxRdKy\\guJrTyVhCuLpqSHMVdhoTWhpQA`PDSMkFiSDetKvLA`PPrEuPlvA^KIQMUaSZGekh[kIzEb]ZlcSqY`ZwezRWMNuaCrQSr\\EVpbpHwuLKZblbpZnoGWoHSU\\MpbwNQJbQ_wBrjSAjoHxe\\TkcD\\L\\gxD\\GcSUxyuPA\\DsYvFoWFTLWql\\rUJoxGdat`lGAglpNheAPsKHWXFberEPrq^doFRtr]ysKyojT^xjMkLyJBYaACwB\\]PJJHBHWkJntRxXcVNGtVCHe_[nhkto`wXijeaM]pS\\bYErEAyfpqHGZI`ehN[frUNxuPixoAeDCa`L[cjhmNzjoQObFw`OVheNKHxpRAroLDEscTKE_nseV_IdAHss\\ViUwSBSfuVlWK^lMWylm[kboAsgzToKHzSqVjwQSrZdYGNKAXXeIHGBfH`w[UTRFKeXshV]ZiYuAGJhmhfbvKCAtRLOJApx^H_N]qSTBuK[iLA_xsJmjlWvId_b]HSZs[WtcvKvVRaAzbRhQgQRqDOmldFsSkrtbkbOoHwChNWXKVvaSqQprBcpLeHyqRde[hZPACsIjOechrbWi_a\\[CCaImCKzxLVelx^wgaPyIFcXzHUDlQSlHKYfsGOAiImCOyvuD[CyQ^SwZIIeiHOhtd]a_sD`SPQzTaIBMZzROU[es\\MjydRauFJe]UVLW]gBNSctzGYOIxY`IrhDfTaixjFOW__rEnuliZXasTjsLDYwge\\fhS`CwxD^NU]\\caJUCgqj[HKSei^tQIclCtKmNrpkVtT_qNPetDuznmK`HNYOZJMEmlZiWXHKrGTaof]WYtANOcxQieeAZaQLgOmEoaN]wjIhYdk]kCpaJzqKnJzlmGlQpHuasXbrf_Q_ZQrFuIPWkjChXcRfa]jqyrrQjKdT\\xvfjSk^SurerU`FFNIQGwRIo[abYaVj_wvmoWxFsnTgeEydRmK]CTN_gmrOlIFl_IGuZmRjPCXSdf^j\\wPgVtgKiWGB`jTjibH]yDK_[\\MzvuvBOHnpsZVe\\vLCgQJaiieB^BlXmlLuhgOo[EmYv_qPM]BCrHrJRgRNQu^NVVCHN\\xohXcc_leJsVoBzi`ftCdBVB_aa_C`\\iBl`NV[`Pf`BHUvF]NhqXOKrwYftBCzjEhJTD]mTFGdXDzNgd[DQVjEZqtcoja^NfpwZLbBA\\TlRfnowLzQbyjUVdk]Ktye_cWlNDn\\BYDpBymoCEgdkQwPw\\bq[FrG^jNjPCasX_OIutSXrvZFMVuNgGpm]xAwbwSSlD`A_nLMBoVCIKy`fluIpzCIMoW[^SaxbAfnWYbYJhLslmdSy\\RpCK^lAXojXlijNX\\I_KIMK\\yHoKWZLE\\CBlvW^unzdrBYz]eUR[onSEeaMVxpAV_TPfi]]FfdXJcS[`HSaCIkQhkxGUKHxxyOThITnHrMpKWI\\SFgOfPyMoDcvlWHu_gZKUznXo_YKvvFRb\\oO_tSiAB`eaXClkRQ^wyHSSOZGqnRsxRUPctWfUlKS[IrW\\h[eebUcU\\wPZLrMkggODnJrvfJKoprKXDfJTgOVwluGxGLJuxbo\\cTi^diyYJo`elsWahtEXQSRsCup[AQrODipkwfkyQxnwV]LOpcME^WKQBp\\jt_XsxRbDCgdBIFHT`U^aiaeXEmkg^`iHKBFlauzDvHLJzKvXPrlhRuASuAoKav`^x]rHAVmeV[fbV[YtrTWfnBpQAmraFo^AbhM^TnWuEGRrPYwZbuSM_ujwgaHN^M_awfzhOuaEw]ahjyAbqXyL\\Q\\hyPqmfJWsblueZPLgUNQCTCNia`XFOTEgJSjzEnZnGiGyDWIaMRqOAZUwCIMGlQdNgO[HaLcao]wevPeJWqtw]qgkxnwvbSBpEsRpwBAAiQZ^^jAm_CjvXhkpcjJmPhz]\\GaDxpNVqsOMXINOnKX_dGYXH\\NMrNlBQxCWJxpjpTF`Y_YZ]vzEP\\sVhIv\\bA^cGMvZGqEqUiiPBtydCnjwNglpEgiABTHpq]YMczTgqJkbmdUoJSYoQaUZ[GVZHEoAatZ_[mADZDGEwJD[SuqjuS_PIzl]et_mVjBsKpTXRVUN[Q^RDuHMNFFNVJW\\A_Za_UiMIKP]aZY`yQor][ZjlS_Qdn^BZrWmvoiFbQIseffnhaPEV_zaFjoMpYdVhOCiCfeKciQLRaFGgldD_YfusphMz]QIgnLVcwkBvE]gNnO_eiaEp`qPcHqMxXKGYH`_Vj_jAbHZvzhFbIbRvMSHwwm[G_D_tWNFOkIuJrEOXXTd[lfpptKMpXcZwDc]^d``mbqrAhHEHEj_cJzUsOiAMBQqHiyGObkosnqtuooImFEkiDqmDNdOv_TlQzjRiAqaUugpTG[EZ`OGwaIEsLCAy\\tT[FdvE^ZlP_WnXBZxn`pVQMojqfZ^xqbsBSUN]_zwG]rYKVgqmFMYg_CNRuEZEwnYw^lFgL[P`tPoVW_\\zcksdIM^PHwc[arJjY\\hdbJaextnOOsvVcZ]LvpnQOp`PsoyBFFwurrXZKNgPZOBOBNrGVxndiWVldQmIulIJvA^kCCBhI^rzoROewsgIRTM\\]fpt\\^UhFrTAjGESwG\\K_WxSBHLCEAsboCOWNHMeJJtwxOupnTMLsCwGh]rTRScFzlMhsiFotqAU]BVnMWPlohjmFIikPsSraowLCNxFOXRBBbdgHEHvCrQSCZcjzU_B^JohFJlzYJ]XVhl^_CcLkXoi_eJceNFttQ_rnvayTI]sVtwUiFLxlTQGVFJ\\zIULEc^FJujd\\ercuvTehou`CII`AX\\imFyLnRonVrLoVb\\H\\hMZl_nLOpIv[xFlYBrVggpcGaPpcFK[hAESLCwNRnwxJtSXm[WTkF\\oseTLPycIfhOZtmaWFdDtjrZMNrDIjqkb`P[bikyTKoS\\ft_ztzOGCcEAKGxXuZYoxgtdSzhUfkiv_xbUTEPjcd_xKZWcmaYlV_^yzuguSt\\StJ\\N_dDqKjMUIwZsdEbERwaA[cVZXVXiIMDBxJDJ^cbgRJqC\\oQNRWBwd\\mwNeYpS^MvsXu[BYbiVtjQmSxdEJWlLGY]WHvsJlUoxvKDtqMspSajm]JvgpkIG[jlzYEt^i`d`uTrIukNw^wtaiktxzMUBLh]LYD[mTVGnwJrISnmF]Mc_qLQhKv^]KcUNrfjqP\\dIpFd`tlfM[P_yExUNnnbXsecUodRgDvpBc[jlcloYQQCvEVIuR]D]tLQL^OkP[yJ_Z^WeNceByIHbcgPY[WUbrSHXJ_OTA_ySH^]bz_gjrB^kEjdqzRpDdb&quot;,136)" fullname="Open_Lab_03._10.Tests.GetNumberOfCharsInStringTestRandom('g',&quot;RwSdYTTvixodp]gh`xn[\\STG_xYITSNlMSnNPAwdKKtQkKJcPsqIqEVydLF[uKcWjCW^jYY`BKPQYCVTnqs[\\FvIxoeDv]izc^biogtr[RHgpE`aqlgESHueHOauoUd_\\Piu\\h`GxBAJxPTtPDNJpeh[dwa`GyDFhcK`VeFIM`GRHlgrvhfkH[jrcOR_GzAyxv\\UEn^eyEwP^VTrQieZTSyNsTxHSaBN`ITLPRnHJAlC^[TMuZOXVbeewO]lqWRYDjjVCHcyv^PTbvjYzkMsRdsy^iOBpCQniTzokyKnrQ]rRRDA_ElGJYGZrlsTsbItM]eOwvhBaYBBHAgLfO^lQKdPM`wzFrvQIdfphpEcWjakXFRqEgheDWcCsUBWyhvi^lt_Vr_qJvUaessHOGuYJQMlAdwSnhdjorNgLn\\NIr[IBBXA]tIsn^`N`H^luLC]RfmnfMw[egQSqDjzLwqu_kvQRzGDQjSwoxrWPeUPxiOGMNW\\Y_ayVIyak\\\\fFsJuTT^sMTkabawq]oEEcffmJUbfzQfnJjKF_Tmtj_PEoAXoMHEvXWC[MXlzlrsvhwXrWrRIBKVEVayJwnZrLkVmgksHcmIrfUXrc`YUqwtNByEgZbDyXBjxbeLfzK`PC^YBJGaXUFBPqIkifMhAjJZeeZQyUmVfWeL_`D]SBfdSAZGZt^Am^_`sDoWjqcDcjVtLwMIcjUzDaHeKSrErmcIrFT[kgm]ZcAceau]gUXDI`\\RwKLXz_MqHMBGdmYvwsa[`_zeXUX]U`ASdB^a\\V]vWK\\X`osuv]GPzAlYLbzeGj\\bMi^cPs[aWfEUCbFd]^brYlTdPEUuWrohjtLqRPeDCatUwWWd]VIdHeJ[VtSK^`K_qWfIVOSMs^psszgsilYAjL`Ekl\\Xx[a]WU^alNONDvkepQcWNZ\\mHJpfqaXenuPXxS]^\\GH\\]Kwn[vP[IEJ^ynUM_rjKpdZIgSg]oFuGRAPxMBKvRx]illZJxPydXxftkoHHOngDKCLy_XA^hotrHlXut]__GQjUUWMYtDg^RZ_i`[faP\\wcEnlzWMNlOHwuTreIKbdeHVaiMjVZrxOeTGPaeMChpuOJ]eUiq^VhrS[iNDmgrouQsRaMbD^x`woNGWLcUhcTcbnAfbSaZVqAzxRKDIGmzXIv^NcrrKRJLaiR_`aAkx^JGoNIFB_MaqUKYs^Yz\\iPDgoYPzf_cGCCtyojzZmqfFcVM_sgCHBPOOGZzptFVAe[nSQ[DnZajseyDYMkGz][EnnfsVjK`g[f\\IbuOXdOi\\`WeIWbcJyW^JWA_echEPADXy]vrR]jWNldNWBkzIbWhEHRlbVdpvKZ[]zff[jQgPAPXmnIcsivheVTqKJQwtt[DSIlWWE_YQjXDruynNAxMOlqGgo[QZUmW`LFeClMnK^WuxPzQK]jswOpbSekcdNywxB^fpUl\\nJBkUvIWpKGxftZRW^RXAeKw`[xwlT\\qkNFnMFMW]UmZHARDcMPRCU[JzFLuyMe]jQMXogEQRuugrkp_JuT`DKnWmvnHuRYPkQjrntOwHzzIZoROPhlDsFY`]qftsxWA\\fvbBxkPgXXEKfwye`rN`VXfsKUxOUDKcygoskNRw\\X\\hUUrtgPSGJ[GNQjqdnBRTM\\LyIFtS`QExvx^q]DbFlEZ_`abBWiJZGH[sItlbVAatWJRTLzHj[LcIChZb^svrGero]ehdRAkl^`IVOOpWbZzv`Sq\\ZKD^EjmlS^qaS^YZ\\qe]_DSPC_PgewOKoMJHxNgonWDlYOEDBa[jhUwWrn[aZFHWOgmGTQ]NJqiIzbqnZMfE\\`]ZPnQJmGUiPh]m\\yjlDM`qfoWPxhGN[CujJTqaAS\\D]AsSFER\\]uAPAgo[XAMFAGNMnmcIIJklk]TewDKsVfl`Cei^_WIzGWCWmf`S]ITSJP`_SK_TqUjVViJIDFemAleUZxrQ_rWMSYWnEKLUrpJmghBE]WOW_bRYeLEUSNoyy]DwRWDtuQuLbshmwmoIdzilGxJtFqBdALoKdEmFSV]OgGqm_SYaZgVyoSpUNKnDOQLWD^IrzipN][EAGWVnY\\KTppVRPYsIcYzWu[iBKaakqH\\UNpNqoAfnGraOHqcbqhfE[iGgiUdrvZ]iTBEZKBUcmMPCtZtTyyuJ]Xt`ibIZWorhVsuFmIWoTDRNYDmO[Psw`SLwH_ldtuLyUchB`obpcFqZFfHfotzGvvHCgyxNXmvYrTtpWljgiCTZ]mq\\XFoAuECZ[fUaqTYpKXbmmRPDJSXsbiauI\\qRxv_nQZUkWIpVe^PELDjFqlqcgJrmE[YU]GsOto\\Sx_gA]CODY\\iEmk\\MEvGGcbfwk\\s^fAKWbWIREpFevnUdlUbmffKxiVkVskQBJkXXRS]WcJIPq\\KoNCKWtGsAqMiMfmZT_D[LWwRZrLK\\]vHMKwHp`uIDsXbEdPlpjokmAzYRll_iwW^vE]CifeoevXSyUMpbZUliKULK_qDnV[H\\tgAHNCKFAFrdhZx_vxObepkkQsKpaAP\\QrFhMiUWKfhF^b^Fs`sYL`qDwPqVsU`AqWTqTPSMcrWyIfMiVFwBIqPkABlwsz_pGhOHOgldMfpTIrvQDHznY_szGcpS^VUdTas[WF[iTSo]BwbIF\\tlzlXbpPAgrZGrRMAbz\\txhRZFkVyKBhMC]decJRfHFnrtMwLpvzJebvDhRRrZRpfJMEVicYYiplst[`snKIOB^c[a`wQrZLqPIhhIb]N^b\\opDKNlYDPIadgedpIfHaOevdknskMhvl[Boe^Vi`YWwii`AC_mUbVANJuZZ[siqbMpJeqyRnxbHriMvLmpL[TUVZoekDvOhk`U\\sVWM`[aeosV\\h_OiC]WOsZjqMOOsjuXRTlCpWdfzmkbaYID_g`eNJFdZfaARLhvt\\DIw\\ZSZrW\\IrJXELjMJQKINIdJqcUoFoiFUzGCNNKVme[b]IwG\\\\lcQvuosP]q^cWTJDCEEhyvFoVdhChhgNSdDFpZFSKylUsKNGXZGsCo^q^]`QGqcoKPQmQDOdzl]AJlvLVaeNboL^GMcTtoMUWwJct[qTK]tQS]gmaTuaLUNWEngD\\vjK`IeMbTSukRCEvuLdapmatgIBjn^GomrPnilJsZKMBzpuRI[KbC^fIJQtAc^npLGxZnRMICkGf`_tqOkbST`lOLHeXsJQwXXqtr[^rOC`SWAceWDlrw[]gUiNfhpQsZKOIiAyoMjEQzZsL`zApXZAwvJ`JMrKZmgsMmZwWExeMWLguqCGho[\\AKRM_\\pbU`f_SbfYFCek[oo`j]eSKl]eRLrC[NYuPWPgkhUTKeBfKkALWl]Br]XdDAMHjdxrej\\E`HpCIQH`jq[bKgfikWDmzfdk[MdahJB[PwgOw[saVruMafwDyOHNfiFt^Ebvgas`pzSOAWlP_^XHlWJpQacYCnparmlsswtoyVWaSiCb]rjIQxIGvmfFyZ^BKlXNftXbddIVzd^c_BwKEgPteewGRnp_sVVaRpvc[H_homGRPDbw^Sw_]^dBxRQqnd^eOwQjGUkxIcEr^frNLtB`YrEnLtfJqhtLP]DSmsqJczVtYm_RZDeucxMXs^^MiaG\\itcAc_[TCsxY\\KUZVTjnCzcRQf[PUe[BtuL`J^jvcRskAnvhIErVrSYjQRkwELyYXv`bypPreoLlGsQ]kmHQnFKa]]OrmmqWTZSFOTiSozkDHgcYBOLREhfRkzF]bXFrxoYh`KOXDo]oUHZptpq_b`SfoAVONLkWttFSOvsqAoNPLrwdaQdlbbQX]ms_pzJsDFu\\BGayxA^nRCZxElixczpSchp]CTBAeVMGw[bZjfobD^G[Tu[DQMPEQctTREvdy^IwpTAdJPNxLOPFbUIHsxkYFHpUbOIfjKcaUJezuruByStCSnlwvnlBmkqh^gBvGcNAfikYkINBDj[nOnBo]MkwZaneTw]NqyuWEsWeCTLm`jyDPCZkeNYusRbFvGEngzLEoEjWWXlJAxWjcjUQ^ldc`z^mQRiwOYF`_tPLSDUM]Puuvs^MloPvWc_paxFFioubsqKi[Ix[XWGQEdqYo]L[IKJwVZfVyP^hUSCEiomcqp^z\\OkwGgRMc[YhhNTA^c\\IsYwlamkzkceSgJ\\GjiORyREuuUW[\\lFNUVHCSyVUwR]zqGA_mMRoUKKbTBrLVP^y^WyRCYokSuUgpEDnUriP[QtJK`iQGJyhn^]ZHj]TXa]Zq_lOyDr_bO^N]pG]j_eIvgsRcdgfVUruoZSgoZSCS[G`zOxScAeswT_Jf[gUXMINXdZD][iPMbq\\aTRUgUCUjyy\\vIATnxfFRtIWpupISUfU]DdSIShCKo^YexHTZU]OvlJhKv_m_uCVSdys`iL\\Qcv^Vjlrm\\jysXZltvHNnu^PlHFBzPolJAySpfR\\JgzCLD^vKMydaxhVEflNeks^hyprYGwNegDHv\\EheJqnQKKLScOJtDqZo]UNOg^EQkztua[dbEd\\tEM^nd_qsmUaqdSYGrZygm]`KRQmIecp[VajQr[eHhM_WZDROC^kffoGcgS]TmhNJ_G\\CcIOXoqzayJlNz^GGsKoa[Hd_xRUzyUsScOftOTqop`d^bOUObGRTRuc\\_kZ]\\AbdRYflsMs_TAku^GxjxGXsD_BhfKV_uUSpxzMIcdWVOmzRKhxYmj`VcjamXyFhqTezhuw_upHUjBdQ_j^xNwlKpwNNZZke^i_uIAdPkZ_xcKgaGQNh[H[tcZKkhjE[E]qB]iI_FNNnYnceQgHILDJWNeSiptbBUDtFUfEXIjbMug\\ora[BbwOBS[nsVZiMgLZVu]QfcjA]\\w]aJ_qPY`[YosntrLBiAUajNFuVPoZrvm`WyMirdYnGkBaCjWnWiR]GVmTEe\\zeGc]CSXvf^KFba[yL_rftBDJdQYALseNHZJzH`_jS[Is^Mu`voI`mpGcCZsmtXkmsxxIW[qfzITYsKfXVtEXkF[RSawihmqvkVzaOmI[x]`d]hksn[WASTCn]gpp^HyNSYh^KFIdkeZN`qoeqEvMVpcXSMDbwSwq^RRDANhhRnQhtpOfrLzZMms]pPKyBagXhcjN`ledXNub`u^^xYklT^elZoNkCiflGsARFAGGaVByrQxulgAdqvDJyxok^tbicJ\\guMXxRdKy\\guJrTyVhCuLpqSHMVdhoTWhpQA`PDSMkFiSDetKvLA`PPrEuPlvA^KIQMUaSZGekh[kIzEb]ZlcSqY`ZwezRWMNuaCrQSr\\EVpbpHwuLKZblbpZnoGWoHSU\\MpbwNQJbQ_wBrjSAjoHxe\\TkcD\\L\\gxD\\GcSUxyuPA\\DsYvFoWFTLWql\\rUJoxGdat`lGAglpNheAPsKHWXFberEPrq^doFRtr]ysKyojT^xjMkLyJBYaACwB\\]PJJHBHWkJntRxXcVNGtVCHe_[nhkto`wXijeaM]pS\\bYErEAyfpqHGZI`ehN[frUNxuPixoAeDCa`L[cjhmNzjoQObFw`OVheNKHxpRAroLDEscTKE_nseV_IdAHss\\ViUwSBSfuVlWK^lMWylm[kboAsgzToKHzSqVjwQSrZdYGNKAXXeIHGBfH`w[UTRFKeXshV]ZiYuAGJhmhfbvKCAtRLOJApx^H_N]qSTBuK[iLA_xsJmjlWvId_b]HSZs[WtcvKvVRaAzbRhQgQRqDOmldFsSkrtbkbOoHwChNWXKVvaSqQprBcpLeHyqRde[hZPACsIjOechrbWi_a\\[CCaImCKzxLVelx^wgaPyIFcXzHUDlQSlHKYfsGOAiImCOyvuD[CyQ^SwZIIeiHOhtd]a_sD`SPQzTaIBMZzROU[es\\MjydRauFJe]UVLW]gBNSctzGYOIxY`IrhDfTaixjFOW__rEnuliZXasTjsLDYwge\\fhS`CwxD^NU]\\caJUCgqj[HKSei^tQIclCtKmNrpkVtT_qNPetDuznmK`HNYOZJMEmlZiWXHKrGTaof]WYtANOcxQieeAZaQLgOmEoaN]wjIhYdk]kCpaJzqKnJzlmGlQpHuasXbrf_Q_ZQrFuIPWkjChXcRfa]jqyrrQjKdT\\xvfjSk^SurerU`FFNIQGwRIo[abYaVj_wvmoWxFsnTgeEydRmK]CTN_gmrOlIFl_IGuZmRjPCXSdf^j\\wPgVtgKiWGB`jTjibH]yDK_[\\MzvuvBOHnpsZVe\\vLCgQJaiieB^BlXmlLuhgOo[EmYv_qPM]BCrHrJRgRNQu^NVVCHN\\xohXcc_leJsVoBzi`ftCdBVB_aa_C`\\iBl`NV[`Pf`BHUvF]NhqXOKrwYftBCzjEhJTD]mTFGdXDzNgd[DQVjEZqtcoja^NfpwZLbBA\\TlRfnowLzQbyjUVdk]Ktye_cWlNDn\\BYDpBymoCEgdkQwPw\\bq[FrG^jNjPCasX_OIutSXrvZFMVuNgGpm]xAwbwSSlD`A_nLMBoVCIKy`fluIpzCIMoW[^SaxbAfnWYbYJhLslmdSy\\RpCK^lAXojXlijNX\\I_KIMK\\yHoKWZLE\\CBlvW^unzdrBYz]eUR[onSEeaMVxpAV_TPfi]]FfdXJcS[`HSaCIkQhkxGUKHxxyOThITnHrMpKWI\\SFgOfPyMoDcvlWHu_gZKUznXo_YKvvFRb\\oO_tSiAB`eaXClkRQ^wyHSSOZGqnRsxRUPctWfUlKS[IrW\\h[eebUcU\\wPZLrMkggODnJrvfJKoprKXDfJTgOVwluGxGLJuxbo\\cTi^diyYJo`elsWahtEXQSRsCup[AQrODipkwfkyQxnwV]LOpcME^WKQBp\\jt_XsxRbDCgdBIFHT`U^aiaeXEmkg^`iHKBFlauzDvHLJzKvXPrlhRuASuAoKav`^x]rHAVmeV[fbV[YtrTWfnBpQAmraFo^AbhM^TnWuEGRrPYwZbuSM_ujwgaHN^M_awfzhOuaEw]ahjyAbqXyL\\Q\\hyPqmfJWsblueZPLgUNQCTCNia`XFOTEgJSjzEnZnGiGyDWIaMRqOAZUwCIMGlQdNgO[HaLcao]wevPeJWqtw]qgkxnwvbSBpEsRpwBAAiQZ^^jAm_CjvXhkpcjJmPhz]\\GaDxpNVqsOMXINOnKX_dGYXH\\NMrNlBQxCWJxpjpTF`Y_YZ]vzEP\\sVhIv\\bA^cGMvZGqEqUiiPBtydCnjwNglpEgiABTHpq]YMczTgqJkbmdUoJSYoQaUZ[GVZHEoAatZ_[mADZDGEwJD[SuqjuS_PIzl]et_mVjBsKpTXRVUN[Q^RDuHMNFFNVJW\\A_Za_UiMIKP]aZY`yQor][ZjlS_Qdn^BZrWmvoiFbQIseffnhaPEV_zaFjoMpYdVhOCiCfeKciQLRaFGgldD_YfusphMz]QIgnLVcwkBvE]gNnO_eiaEp`qPcHqMxXKGYH`_Vj_jAbHZvzhFbIbRvMSHwwm[G_D_tWNFOkIuJrEOXXTd[lfpptKMpXcZwDc]^d``mbqrAhHEHEj_cJzUsOiAMBQqHiyGObkosnqtuooImFEkiDqmDNdOv_TlQzjRiAqaUugpTG[EZ`OGwaIEsLCAy\\tT[FdvE^ZlP_WnXBZxn`pVQMojqfZ^xqbsBSUN]_zwG]rYKVgqmFMYg_CNRuEZEwnYw^lFgL[P`tPoVW_\\zcksdIM^PHwc[arJjY\\hdbJaextnOOsvVcZ]LvpnQOp`PsoyBFFwurrXZKNgPZOBOBNrGVxndiWVldQmIulIJvA^kCCBhI^rzoROewsgIRTM\\]fpt\\^UhFrTAjGESwG\\K_WxSBHLCEAsboCOWNHMeJJtwxOupnTMLsCwGh]rTRScFzlMhsiFotqAU]BVnMWPlohjmFIikPsSraowLCNxFOXRBBbdgHEHvCrQSCZcjzU_B^JohFJlzYJ]XVhl^_CcLkXoi_eJceNFttQ_rnvayTI]sVtwUiFLxlTQGVFJ\\zIULEc^FJujd\\ercuvTehou`CII`AX\\imFyLnRonVrLoVb\\H\\hMZl_nLOpIv[xFlYBrVggpcGaPpcFK[hAESLCwNRnwxJtSXm[WTkF\\oseTLPycIfhOZtmaWFdDtjrZMNrDIjqkb`P[bikyTKoS\\ft_ztzOGCcEAKGxXuZYoxgtdSzhUfkiv_xbUTEPjcd_xKZWcmaYlV_^yzuguSt\\StJ\\N_dDqKjMUIwZsdEbERwaA[cVZXVXiIMDBxJDJ^cbgRJqC\\oQNRWBwd\\mwNeYpS^MvsXu[BYbiVtjQmSxdEJWlLGY]WHvsJlUoxvKDtqMspSajm]JvgpkIG[jlzYEt^i`d`uTrIukNw^wtaiktxzMUBLh]LYD[mTVGnwJrISnmF]Mc_qLQhKv^]KcUNrfjqP\\dIpFd`tlfM[P_yExUNnnbXsecUodRgDvpBc[jlcloYQQCvEVIuR]D]tLQL^OkP[yJ_Z^WeNceByIHbcgPY[WUbrSHXJ_OTA_ySH^]bz_gjrB^kEjdqzRpDdb&quot;,136)" methodname="GetNumberOfCharsInStringTestRandom" classname="Open_Lab_03._10.Tests" runstate="Runnable" seed="1756206280" result="Passed" start-time="2021-10-19 19:34:08Z" end-time="2021-10-19 19:34:08Z" duration="0.000153" asserts="1" />
            <test-case id="1077" name="GetNumberOfCharsInStringTestRandom('c',&quot;Vy[jURB[KpZEKiZwkfjqpWT[vYUiivi`qVMBDwUaADaOP_fRstSxsqRyfzowwTlPGuNp]YsoQIpmqELWmDppckhAENVEIYdhRRIVRqp[A_gjA_IbnXJt^wgVMNkOCngs_I\\`wqFwOVoDEyz`FoQkPkJVemIEFaXMsoKsDcexSNfIHcRONLIO^vcoyFuKiBqhxbLPnH\\]JTXCFBNC[tquXJjwMVtxi[PRWxL`WC[FkgEK_ajxrsjoKwPnsPDXO^niDGfHqifXYkJlF_YfgwGqk[H[iXhHzDrMsVGXubGJNSVZm_iTrXlRXxyczLYZB^YVtxtjYAlEpwdYFhhKjTQcS`puX^YjJhHjtAapfyvqgg\\[U`^R_OjiNpDTIySubBvIot_FHs`kYZwfDUarAHLuxZ]EwMgggBPekTg[BYJfjzPntXPoY[uZqBLUX[IuLsDXKRukiFqbx`KxKiK_xsOMGpnjHRDaPP[rwsdb]_GSdS\\RqOKiPdxTeqQU_LdWBPSiETARFdCZmvcoT\\stGVRfSHNFcPDRujQTAnM^Ntcgb^aiN\\ACTkQgygWxGuiq`l_CeOoaPVgNmeEoa_sHOAxKZeVUWPXSKmGqz^DyhZnyEDuUbcXbCbb_nTdAt[KzxTCz^NoC\\tZpNzGWjAmnrpPdLbDguCFNPnAkAuqUnUFJHmRnMNRshWIIDYovKIIYoM`[zWVoKYA^jG\\YQPZhlM`sfsgcGvKfMhUuMroqr]iPWeYxwVeuj\\hbhhoHjniPOVQClaMZ\\cpP^Q]AZiflQPvlznN`ChGEoZBBUVLVILYGfYDXLohAHxyyZ`CyThWo]k\\EO[gE^PcErpFbjqTOzFwq[DbpSNC\\odevwzIkIc^sUuGeZ\\P]TIoWnedLsqlPMGPNLKejhdFXbE\\awxVry`HgoNHSVxrRrOfOesZOq`pkDXpjIDOv[tRhzdYxCSUklnaTYNvD_HBZkWcXYXKRiwqxwyOAZ\\M_KEzPr\\RuHKWTsswcAB`fHCCoxdWZzudDv^OfXTawGPJ^`^EEBfAYvbWHCLSOEsvNaTYVdQLh\\c_st_OZ_RXTuLHUHGdLBSrOUwwMEj\\lZSxSC_O^wsjn[bSVMEO]hzfJlQ^wbCVpqgtcOoRcsFPJcEnnebzz\\yDZgoblARwt^uwohkHXmfdbk]ag]kSACVTrc[vZN`&quot;,21)" fullname="Open_Lab_03._10.Tests.GetNumberOfCharsInStringTestRandom('c',&quot;Vy[jURB[KpZEKiZwkfjqpWT[vYUiivi`qVMBDwUaADaOP_fRstSxsqRyfzowwTlPGuNp]YsoQIpmqELWmDppckhAENVEIYdhRRIVRqp[A_gjA_IbnXJt^wgVMNkOCngs_I\\`wqFwOVoDEyz`FoQkPkJVemIEFaXMsoKsDcexSNfIHcRONLIO^vcoyFuKiBqhxbLPnH\\]JTXCFBNC[tquXJjwMVtxi[PRWxL`WC[FkgEK_ajxrsjoKwPnsPDXO^niDGfHqifXYkJlF_YfgwGqk[H[iXhHzDrMsVGXubGJNSVZm_iTrXlRXxyczLYZB^YVtxtjYAlEpwdYFhhKjTQcS`puX^YjJhHjtAapfyvqgg\\[U`^R_OjiNpDTIySubBvIot_FHs`kYZwfDUarAHLuxZ]EwMgggBPekTg[BYJfjzPntXPoY[uZqBLUX[IuLsDXKRukiFqbx`KxKiK_xsOMGpnjHRDaPP[rwsdb]_GSdS\\RqOKiPdxTeqQU_LdWBPSiETARFdCZmvcoT\\stGVRfSHNFcPDRujQTAnM^Ntcgb^aiN\\ACTkQgygWxGuiq`l_CeOoaPVgNmeEoa_sHOAxKZeVUWPXSKmGqz^DyhZnyEDuUbcXbCbb_nTdAt[KzxTCz^NoC\\tZpNzGWjAmnrpPdLbDguCFNPnAkAuqUnUFJHmRnMNRshWIIDYovKIIYoM`[zWVoKYA^jG\\YQPZhlM`sfsgcGvKfMhUuMroqr]iPWeYxwVeuj\\hbhhoHjniPOVQClaMZ\\cpP^Q]AZiflQPvlznN`ChGEoZBBUVLVILYGfYDXLohAHxyyZ`CyThWo]k\\EO[gE^PcErpFbjqTOzFwq[DbpSNC\\odevwzIkIc^sUuGeZ\\P]TIoWnedLsqlPMGPNLKejhdFXbE\\awxVry`HgoNHSVxrRrOfOesZOq`pkDXpjIDOv[tRhzdYxCSUklnaTYNvD_HBZkWcXYXKRiwqxwyOAZ\\M_KEzPr\\RuHKWTsswcAB`fHCCoxdWZzudDv^OfXTawGPJ^`^EEBfAYvbWHCLSOEsvNaTYVdQLh\\c_st_OZ_RXTuLHUHGdLBSrOUwwMEj\\lZSxSC_O^wsjn[bSVMEO]hzfJlQ^wbCVpqgtcOoRcsFPJcEnnebzz\\yDZgoblARwt^uwohkHXmfdbk]ag]kSACVTrc[vZN`&quot;,21)" methodname="GetNumberOfCharsInStringTestRandom" classname="Open_Lab_03._10.Tests" runstate="Runnable" seed="1163596314" result="Passed" start-time="2021-10-19 19:34:08Z" end-time="2021-10-19 19:34:08Z" duration="0.000052" asserts="1" />
            <test-case id="1078" name="GetNumberOfCharsInStringTestRandom('W',&quot;JVgiIzFuZcMpU\\jKNvOQzvrHaELNphKMDDYVqs_^eYa[I^^HklMRRRbN__HDosEmYzmRDUTVXlfbVWyCbE]E\\svl\\KqSk[jmToCIlLDWXru`fAsH`E\\jVAQ`EAqs^BewBtNaUqRWAGgexWG\\RjmgyzXS^]EkVKtWMy^mmRmjnFjPUgciuUbnOyxC]vDslbApMPXzsTizwDstPHyruWpAdGIOA\\QrOuxMFuCEOcpagbqKFEmUwMxVlALGHIyXDqlCGgoVEtcRaOTBPxJwivuCwb[FiwxGeY^pqoEYQXPCego^gJqJzBiHwjG_MjhIw\\hHl_L\\tkgRgrXQmwY_GnHckVtHh`MbjHGIzgmHyUPOVW\\ERqlPQICIUEXVeDnU_Fb`lPQGKQ`l^tNTupqrnwQbFxnuPW^ubvjPpvSB`fFzcQe\\rE[pNvbcoA[o\\WrnneJcJx_z]oSHrRyoSSDKvihfUH\\o[_`IoRLyGCRt`\\SZcZk^Cg\\JTgrFx_OC]j_yOJT`FAhQAJfZVOCuWymoDWpIZGAcnOXqxTKZGLXByLJJBXjj\\Tg_wjvsTKFyzE]lmo]CDdoLakprMgHCXRG[bstOYSFvFYCuiXWMvhfs`\\yLtDfhCDbhyCJtuOdl_sFHivJpPuGjgOuGuiUUgYtBrUwgN]ShDtUgVq^yuqXHxrBjHDzMuPFFzEQTz]bmcZgmuOkDKV[qAlEzTM`J^FnooOgRaKzYOe_^LOpsSvC_oPFOAQzmxYO^gsygbZ^zWCbVMaoFXgrcDOz_IYQQLM[qVBrSPJRtXCHmhjC[\\uVRag[XsZ^IJNoKblzKi\\pOUyKAGMrZWqoQqJPja[[qfIjKOxLvjrlAFGwc\\[QfcEmSY^TY]QeNBzcMOzlJBvj`EnLjMgNGKoNbWXmkemZZN^zG_jU]iGehUMNfSdLpD^DMlBqqNB_P\\QSaoEL]RlYDKaMJJGYBbdVj[mU^t^OgcVLEuhqNXi^SEzCLohhGd^hsucGCkido]l\\oUIO]QKdsFDf\\jJiMpIDEhSJSao^jFjpS_NqgYLqYupmrxeSazXyUiXHCywv\\hunWNSx]SCneRfJsaSUw]wjhl\\eGGoi]PUkABWdfhqOxeTCCNP\\fbzzlKFemhqV_UQUxvJqJjjOfilDXYcsqSCvQUzpvlqxr[jdTyFHEYSwskUDZCNUFx`LRVEdwTvXslXLyHkYT[oYAGC`AvWt_]stv_Syu]Ll]uDGTJERSoAeJGLLS_cAxCtWs^P[pl_qPCvFDwMqrEbj\\OjoSGgVtLo[AgOpte]aQJVGKFIWSlIs[Kuen[HiFIxDO[FWhWxNbAYStddNyPDHCvzqmeBY]o\\IMRskAmiwovQ[mckKrtjpFqBS[OdDU`kn`PFcltMMbGTHe`DKtrbdEfDWQ`PlIfcOL^v]]IZxg^Oy]thvLZJ]xHiuLjSMe\\Dv_EvHeailYdwbWFtWrTaj\\FREpARmqMSLZTZYyaRekXEUKG^GqwUQvTZZnrRdPvvLRkIDf[XQCvyEBxtj^KwtrBQFtAfHOhUp]sC[x[[V_EOzVVYqxcGFzBTP[DJfpQBUaJbIuZlDkaVnnRk_bpJfbPp[`nAuQoaNCuYLnPw_rCVZfa]JSfDAHVmQTHdGZrnvAIkss_kRtfo_uWoyRqbek`GhHHrggpEAPZZ^pdQovlH\\bNVwSepcPJK[BDlkgEfDaoP\\xQJianiyYeFtmvTBA]kGPy]lraHrGDvmyuzB\\GB][LBWxrylkdDDEJLyoXqAfrsUjTvrwRat[NgDxFnAbVG]AripiANDQBqcTggewHpZCJdq]IBjdqYQlVUsfGIvE^cYXDkQYJD[`g[qNrSay^Z[darxSozqytV`aKZZYkR[mxkEv^fnncxaDIpqMmyeKN]gRuPDYsINMzhfqmCoJMCVwo\\YVcMgmgP_\\EnANbUu[jUD[JA[jJ\\yLGj^Yriqg\\\\`kJKlyCbbrHvN[YyLbmwcLRTVUQbVt^OyNoTRzP\\hbuGEK\\CAt]Pt`sUZpoWi[LhUsxzfFgLRQPARKPKtNb]WNUZU[u\\LsnMWMlLN\\WvMRxdPrCOae^[tiRH^^eLKLAZ^DeFYDxXqfQEPlJ^XfvbUTThuehjqLkBR_GMNxq]gGdNYMslUHo`PZEJkwKoWNafvPnkfxP[pZuOjFPimvVjXKlsZw]QnBGZ`ySJYHFWsTkq`q[eh\\B[rrOk^vRj\\ygnS[ilnFPfpyqD[uSc\\rdRAfbikbf^pWvthw^EHjrbLWetAKQdciOdVVnhsAAL[mpZDwW^WO\\mABFdBih`RCuHIS_RJqLHifHZbKpEomMUN\\cUPJgKS\\tXsiRlYEUaCTDUtgCqsdl`p`tgjKCzKBpMmkbstEfkXgSuYO[dHpRjkUbSofBOCVVB_qcJFJxoxBHJNzN[jZrUjG]XIPENDXhCQRWbgR^ys^ljNYEoXa_d^ARXUKAqFjlaTEswdgoYvt]MUnKkKPp]tE`PzyN\\QhsImLWI`HLlmFhd_FCbAQfptOgO_cwfZTINATZJXBKCEEknWvluvf[zCDP^_HdwL`RYx[cLfsKyGdkp_trcrBjnsILxEwfPXNr_mRqwT`PC\\\\tZSZyfQAFJp_`oPfGjNubslLCNDvPRmhRWPmeexAzWIhiOlBghYaobuAhGXlbVlnXIMJ_^B]mNvKkD^o\\BOcsMsk]OE^MLYdfUQaBc]JfwobfkQdddPaGIvKP]gPY^PaoR_Vnwmt`EwwYQEmy\\tdvs]^ZFQ_vMlHgNmTLvqgqWBCLzmyXuRwegfwpBwhgOxSSoPK^laCfMn`r[R[TRGBuo^Acq_KzIAcYijXjb\\gUPRXsFFUj\\UUHwX_QOchMWD^MLGIkuklq[gf^GH]lJ[^og[\\RLG\\znZxLoLhzwepld_gPlAKGGvDvaiaker_nPmCBi[jv[]p`elKHoL`LwUssWCfFfxUFFC]r\\fbRROgdG^Ro_YvZRTrutKfgoeQ]IjZcPTgJeNuhiOlskqbNCvnmKbxQzu]gyK\\WEi`KlmoEZKMfZnwyDC[NwhXhWWJkkNi^mUnBQW\\PGjSAVRrMy_dvjO[WRsoVdETM\\isEzuhgbKGNUXSE_wmLdmo_uWkYcGgCWG_gZmNDrwU_HNCtajqhRHcjuTKcKOE[_EqOsffmiiUgXPXhUqssQykO^pmFcftdsuADWoAuEDydmvRfw^NTVMJaTckDtaJCplo]PUQapynMAH]b^GIFXaNfkZjoExB_uwnBHpWcMh^XYx`LGIamXEeO_Impe]]swPSET[[ikatkCqNnu^ivWOGpR_^yCbxjLe[Jf\\rfhsCrLuMivzvGoa]hI]mox\\fJcJ`YVDHYfCN_MPdXSpDDfqvfImAIiChMNsPCUoSrr]\\lSx\\ttV]IYb^lOuPcDzjcVBRTAbC_]MMIVJSKRGPTa`ofV^n[_jnsnsWQgHtRTxfLVUWEbERwkVCpNfy]nbAnYUV^nC^JMxzdtcQBHjsZYrHXpaDBJW^lxsnBzsQ`bHjmWYweVxVEiaUaMxhNy]Ap[NgBoOCOYTsQHVBXeYfMBZDW^MpBKDaEGtRImuqGuGfVhEZqvQcaqooBKP^bZAEVmoJNDsejb_RuniiYnyGu[ANSFQy^XOhuCQctvMmCftyR^tN]aEo[uKumarInuHRTrWs^Fp^bLDObCvoLC]wT[MAsWqTEEzI_bf[HBkWlaMPqvSjeCwkYKyseWAGP\\Z^LvjAW\\hKRFLmOxJwDGjBHOjTcnplBdHPHjDvLSSJUmZSyMehMDDImXVwLWXdfwJhywe_tNkln`hVpXVWII_xay]kUGkpui^YclTCbFoySSVMkzHoBB[^XLHAZuJm^vqECOmEDSoDT`fOdPzUzwotOAAXdTcgvB\\X]QK\\MCkiMXJs`tXKupnbGwqBOU\\kkHHSEOlSF_HxLGhqrIsjwYmGOuR`ZJNrbAyEQroRHEFWhqWzPAKF]loRVADKwMtvQQVKIc`ATacrTVZY_RQZzHVqMgjPneUvKJFX[Lrg[KmwIwyzbfffvZwJv`y\\tQMjLggKQCxSZdyoVYhQhjiIyjzlMw]uMVmKxCk]Poj`hTLR[Hn]sinKcDl]gvxU`DFDrorTiKAtAI[f^iQEIzC_ccctQNpTqUzeNI[gQ[nhhuJZcGzyftLaAb\\OMxC[VhDfJqXUNdnhMUqiZIRKOrhwIZdfgMZTYTSAq_QmiekBF_UgknoDgrM_zG]jNmhBK[PsCqrvs_]dGfqeFwvtXVhaGnBjBa`wwjrfP\\euwtLHVcXTQseQrodomimOoHtRz`hXnLVeSAx^KaL_WhZIwOFIFDsbjWFoztHpvA`F^zxqrFeM]NsHhlVl[`RkSnvwuI^QYVcVHUfwQOQzYgE\\_yGO_WVWjpmjEBvicUnGe]zTFY[LORRfi[XwCPlCAMfSbvrOTcXEsyqBznIFvJIX^HAeezgSclFYrglKbLsfuMnkdWxPGfGrENp[uMeTwE\\HsXJSBy_kQ]^QTQBNCWLxeOTdrRPUa_jpkgsLMeNIHWacj_GeLWR`t_^dEa\\kiKJmni`hXpBYJDpNiltSKfIKNJwLJOHgI^[xNooByZMWVtWpjPvSgJ`CBz_dmU_JhVPgcszuwsUkZlpTnG]tTpAzxXvOPLPevDizejNqPBVnopdPKKpfrepsVQiKwleldjpVCpjDtfdSZMKIofEEVdmQNqeTBCt_WdKFzNMU\\mmLA^YJFaWRh`Wzw_IMKVCqmFvpBFIaZjddqbQkY\\O[fcqqNLI[FAKFjwZvbcHAXqrywmIVOXojHcKJPFcpxh[Y`^tuHUJpTOCpksu\\CmMhL[yHlPg\\ARCjVZZYsONtOyWs`VYXLGnK\\nME`mJsihpBLT[RY\\cn_SZNEFbVqPQt_rOcMUtFFVKaJVhMvHyj_zgITzAZKnBZWv]TEsFDb]iJHsDiYV[jQaV_LFOMUZvRUlKOsTHDBuIBQ]B[wRBpTSJpayHzdtjIbXpWioqFOXhWYTNiDnPCYGyCbUiuLHZILz[thelH\\wavenXMkYvqdgk\\ZmoUGwtGx`LYtUAZBIb\\`CXox\\JmMd`_Pz[uqXA_C[xFcyTWX]o[FOvWVzXfnHtUzgJttFdeHCZFESMzHnUkoEYADD`qAVlvadFvoZ]RtKTCpqSCmY^zmJ`vOIqpamdlR__\\NRKiQCqekVLNl^DbslIWDJggdglGablQRro\\NojkTuKswcDCjBs`WIXDe_EdQkEJduvuicUDCXDJzojAcjX_jMuI[lqjkFZcqBOChJUGho]yFOEqoDAbSaZXzm[xleTwx[Sx`hTZVQqujwDLgAvhEsQPbrCuiWUD\\`AevGQHjbMBj`hDiOQljfsFKCWifZkyvmYKwZQ`jnx^gOaBJzL[GcUqhu[skc]QqOGxH^GPxlCvhVZw]U_fNQrSXc]BzYoHRhgXHcugsw]VaZIS\\_VWDqCaWn`_AFQ`wueAiBou[rnRo]my[Ka\\CYD[eGBUCVgmfwZfpHdZj\\vLClltBbEp`p]^rJVcAZrELBfrDGJSbGlb]rYtUHT\\RqNq[voflAZQdrABFupuXlOYEuAzl]OsGVnUopXHR^bah[xfrWn[RYE`com`vpuOmaKODgNQ^ictKhldwUHUioahROlzDrL]dSoGQjcKJ^wdqKVvCIcbh`ayA^xpuNMf]GQrsfTNmwLLrxqGspxuPeoDmqGnmmPvQRHju^C&quot;,95)" fullname="Open_Lab_03._10.Tests.GetNumberOfCharsInStringTestRandom('W',&quot;JVgiIzFuZcMpU\\jKNvOQzvrHaELNphKMDDYVqs_^eYa[I^^HklMRRRbN__HDosEmYzmRDUTVXlfbVWyCbE]E\\svl\\KqSk[jmToCIlLDWXru`fAsH`E\\jVAQ`EAqs^BewBtNaUqRWAGgexWG\\RjmgyzXS^]EkVKtWMy^mmRmjnFjPUgciuUbnOyxC]vDslbApMPXzsTizwDstPHyruWpAdGIOA\\QrOuxMFuCEOcpagbqKFEmUwMxVlALGHIyXDqlCGgoVEtcRaOTBPxJwivuCwb[FiwxGeY^pqoEYQXPCego^gJqJzBiHwjG_MjhIw\\hHl_L\\tkgRgrXQmwY_GnHckVtHh`MbjHGIzgmHyUPOVW\\ERqlPQICIUEXVeDnU_Fb`lPQGKQ`l^tNTupqrnwQbFxnuPW^ubvjPpvSB`fFzcQe\\rE[pNvbcoA[o\\WrnneJcJx_z]oSHrRyoSSDKvihfUH\\o[_`IoRLyGCRt`\\SZcZk^Cg\\JTgrFx_OC]j_yOJT`FAhQAJfZVOCuWymoDWpIZGAcnOXqxTKZGLXByLJJBXjj\\Tg_wjvsTKFyzE]lmo]CDdoLakprMgHCXRG[bstOYSFvFYCuiXWMvhfs`\\yLtDfhCDbhyCJtuOdl_sFHivJpPuGjgOuGuiUUgYtBrUwgN]ShDtUgVq^yuqXHxrBjHDzMuPFFzEQTz]bmcZgmuOkDKV[qAlEzTM`J^FnooOgRaKzYOe_^LOpsSvC_oPFOAQzmxYO^gsygbZ^zWCbVMaoFXgrcDOz_IYQQLM[qVBrSPJRtXCHmhjC[\\uVRag[XsZ^IJNoKblzKi\\pOUyKAGMrZWqoQqJPja[[qfIjKOxLvjrlAFGwc\\[QfcEmSY^TY]QeNBzcMOzlJBvj`EnLjMgNGKoNbWXmkemZZN^zG_jU]iGehUMNfSdLpD^DMlBqqNB_P\\QSaoEL]RlYDKaMJJGYBbdVj[mU^t^OgcVLEuhqNXi^SEzCLohhGd^hsucGCkido]l\\oUIO]QKdsFDf\\jJiMpIDEhSJSao^jFjpS_NqgYLqYupmrxeSazXyUiXHCywv\\hunWNSx]SCneRfJsaSUw]wjhl\\eGGoi]PUkABWdfhqOxeTCCNP\\fbzzlKFemhqV_UQUxvJqJjjOfilDXYcsqSCvQUzpvlqxr[jdTyFHEYSwskUDZCNUFx`LRVEdwTvXslXLyHkYT[oYAGC`AvWt_]stv_Syu]Ll]uDGTJERSoAeJGLLS_cAxCtWs^P[pl_qPCvFDwMqrEbj\\OjoSGgVtLo[AgOpte]aQJVGKFIWSlIs[Kuen[HiFIxDO[FWhWxNbAYStddNyPDHCvzqmeBY]o\\IMRskAmiwovQ[mckKrtjpFqBS[OdDU`kn`PFcltMMbGTHe`DKtrbdEfDWQ`PlIfcOL^v]]IZxg^Oy]thvLZJ]xHiuLjSMe\\Dv_EvHeailYdwbWFtWrTaj\\FREpARmqMSLZTZYyaRekXEUKG^GqwUQvTZZnrRdPvvLRkIDf[XQCvyEBxtj^KwtrBQFtAfHOhUp]sC[x[[V_EOzVVYqxcGFzBTP[DJfpQBUaJbIuZlDkaVnnRk_bpJfbPp[`nAuQoaNCuYLnPw_rCVZfa]JSfDAHVmQTHdGZrnvAIkss_kRtfo_uWoyRqbek`GhHHrggpEAPZZ^pdQovlH\\bNVwSepcPJK[BDlkgEfDaoP\\xQJianiyYeFtmvTBA]kGPy]lraHrGDvmyuzB\\GB][LBWxrylkdDDEJLyoXqAfrsUjTvrwRat[NgDxFnAbVG]AripiANDQBqcTggewHpZCJdq]IBjdqYQlVUsfGIvE^cYXDkQYJD[`g[qNrSay^Z[darxSozqytV`aKZZYkR[mxkEv^fnncxaDIpqMmyeKN]gRuPDYsINMzhfqmCoJMCVwo\\YVcMgmgP_\\EnANbUu[jUD[JA[jJ\\yLGj^Yriqg\\\\`kJKlyCbbrHvN[YyLbmwcLRTVUQbVt^OyNoTRzP\\hbuGEK\\CAt]Pt`sUZpoWi[LhUsxzfFgLRQPARKPKtNb]WNUZU[u\\LsnMWMlLN\\WvMRxdPrCOae^[tiRH^^eLKLAZ^DeFYDxXqfQEPlJ^XfvbUTThuehjqLkBR_GMNxq]gGdNYMslUHo`PZEJkwKoWNafvPnkfxP[pZuOjFPimvVjXKlsZw]QnBGZ`ySJYHFWsTkq`q[eh\\B[rrOk^vRj\\ygnS[ilnFPfpyqD[uSc\\rdRAfbikbf^pWvthw^EHjrbLWetAKQdciOdVVnhsAAL[mpZDwW^WO\\mABFdBih`RCuHIS_RJqLHifHZbKpEomMUN\\cUPJgKS\\tXsiRlYEUaCTDUtgCqsdl`p`tgjKCzKBpMmkbstEfkXgSuYO[dHpRjkUbSofBOCVVB_qcJFJxoxBHJNzN[jZrUjG]XIPENDXhCQRWbgR^ys^ljNYEoXa_d^ARXUKAqFjlaTEswdgoYvt]MUnKkKPp]tE`PzyN\\QhsImLWI`HLlmFhd_FCbAQfptOgO_cwfZTINATZJXBKCEEknWvluvf[zCDP^_HdwL`RYx[cLfsKyGdkp_trcrBjnsILxEwfPXNr_mRqwT`PC\\\\tZSZyfQAFJp_`oPfGjNubslLCNDvPRmhRWPmeexAzWIhiOlBghYaobuAhGXlbVlnXIMJ_^B]mNvKkD^o\\BOcsMsk]OE^MLYdfUQaBc]JfwobfkQdddPaGIvKP]gPY^PaoR_Vnwmt`EwwYQEmy\\tdvs]^ZFQ_vMlHgNmTLvqgqWBCLzmyXuRwegfwpBwhgOxSSoPK^laCfMn`r[R[TRGBuo^Acq_KzIAcYijXjb\\gUPRXsFFUj\\UUHwX_QOchMWD^MLGIkuklq[gf^GH]lJ[^og[\\RLG\\znZxLoLhzwepld_gPlAKGGvDvaiaker_nPmCBi[jv[]p`elKHoL`LwUssWCfFfxUFFC]r\\fbRROgdG^Ro_YvZRTrutKfgoeQ]IjZcPTgJeNuhiOlskqbNCvnmKbxQzu]gyK\\WEi`KlmoEZKMfZnwyDC[NwhXhWWJkkNi^mUnBQW\\PGjSAVRrMy_dvjO[WRsoVdETM\\isEzuhgbKGNUXSE_wmLdmo_uWkYcGgCWG_gZmNDrwU_HNCtajqhRHcjuTKcKOE[_EqOsffmiiUgXPXhUqssQykO^pmFcftdsuADWoAuEDydmvRfw^NTVMJaTckDtaJCplo]PUQapynMAH]b^GIFXaNfkZjoExB_uwnBHpWcMh^XYx`LGIamXEeO_Impe]]swPSET[[ikatkCqNnu^ivWOGpR_^yCbxjLe[Jf\\rfhsCrLuMivzvGoa]hI]mox\\fJcJ`YVDHYfCN_MPdXSpDDfqvfImAIiChMNsPCUoSrr]\\lSx\\ttV]IYb^lOuPcDzjcVBRTAbC_]MMIVJSKRGPTa`ofV^n[_jnsnsWQgHtRTxfLVUWEbERwkVCpNfy]nbAnYUV^nC^JMxzdtcQBHjsZYrHXpaDBJW^lxsnBzsQ`bHjmWYweVxVEiaUaMxhNy]Ap[NgBoOCOYTsQHVBXeYfMBZDW^MpBKDaEGtRImuqGuGfVhEZqvQcaqooBKP^bZAEVmoJNDsejb_RuniiYnyGu[ANSFQy^XOhuCQctvMmCftyR^tN]aEo[uKumarInuHRTrWs^Fp^bLDObCvoLC]wT[MAsWqTEEzI_bf[HBkWlaMPqvSjeCwkYKyseWAGP\\Z^LvjAW\\hKRFLmOxJwDGjBHOjTcnplBdHPHjDvLSSJUmZSyMehMDDImXVwLWXdfwJhywe_tNkln`hVpXVWII_xay]kUGkpui^YclTCbFoySSVMkzHoBB[^XLHAZuJm^vqECOmEDSoDT`fOdPzUzwotOAAXdTcgvB\\X]QK\\MCkiMXJs`tXKupnbGwqBOU\\kkHHSEOlSF_HxLGhqrIsjwYmGOuR`ZJNrbAyEQroRHEFWhqWzPAKF]loRVADKwMtvQQVKIc`ATacrTVZY_RQZzHVqMgjPneUvKJFX[Lrg[KmwIwyzbfffvZwJv`y\\tQMjLggKQCxSZdyoVYhQhjiIyjzlMw]uMVmKxCk]Poj`hTLR[Hn]sinKcDl]gvxU`DFDrorTiKAtAI[f^iQEIzC_ccctQNpTqUzeNI[gQ[nhhuJZcGzyftLaAb\\OMxC[VhDfJqXUNdnhMUqiZIRKOrhwIZdfgMZTYTSAq_QmiekBF_UgknoDgrM_zG]jNmhBK[PsCqrvs_]dGfqeFwvtXVhaGnBjBa`wwjrfP\\euwtLHVcXTQseQrodomimOoHtRz`hXnLVeSAx^KaL_WhZIwOFIFDsbjWFoztHpvA`F^zxqrFeM]NsHhlVl[`RkSnvwuI^QYVcVHUfwQOQzYgE\\_yGO_WVWjpmjEBvicUnGe]zTFY[LORRfi[XwCPlCAMfSbvrOTcXEsyqBznIFvJIX^HAeezgSclFYrglKbLsfuMnkdWxPGfGrENp[uMeTwE\\HsXJSBy_kQ]^QTQBNCWLxeOTdrRPUa_jpkgsLMeNIHWacj_GeLWR`t_^dEa\\kiKJmni`hXpBYJDpNiltSKfIKNJwLJOHgI^[xNooByZMWVtWpjPvSgJ`CBz_dmU_JhVPgcszuwsUkZlpTnG]tTpAzxXvOPLPevDizejNqPBVnopdPKKpfrepsVQiKwleldjpVCpjDtfdSZMKIofEEVdmQNqeTBCt_WdKFzNMU\\mmLA^YJFaWRh`Wzw_IMKVCqmFvpBFIaZjddqbQkY\\O[fcqqNLI[FAKFjwZvbcHAXqrywmIVOXojHcKJPFcpxh[Y`^tuHUJpTOCpksu\\CmMhL[yHlPg\\ARCjVZZYsONtOyWs`VYXLGnK\\nME`mJsihpBLT[RY\\cn_SZNEFbVqPQt_rOcMUtFFVKaJVhMvHyj_zgITzAZKnBZWv]TEsFDb]iJHsDiYV[jQaV_LFOMUZvRUlKOsTHDBuIBQ]B[wRBpTSJpayHzdtjIbXpWioqFOXhWYTNiDnPCYGyCbUiuLHZILz[thelH\\wavenXMkYvqdgk\\ZmoUGwtGx`LYtUAZBIb\\`CXox\\JmMd`_Pz[uqXA_C[xFcyTWX]o[FOvWVzXfnHtUzgJttFdeHCZFESMzHnUkoEYADD`qAVlvadFvoZ]RtKTCpqSCmY^zmJ`vOIqpamdlR__\\NRKiQCqekVLNl^DbslIWDJggdglGablQRro\\NojkTuKswcDCjBs`WIXDe_EdQkEJduvuicUDCXDJzojAcjX_jMuI[lqjkFZcqBOChJUGho]yFOEqoDAbSaZXzm[xleTwx[Sx`hTZVQqujwDLgAvhEsQPbrCuiWUD\\`AevGQHjbMBj`hDiOQljfsFKCWifZkyvmYKwZQ`jnx^gOaBJzL[GcUqhu[skc]QqOGxH^GPxlCvhVZw]U_fNQrSXc]BzYoHRhgXHcugsw]VaZIS\\_VWDqCaWn`_AFQ`wueAiBou[rnRo]my[Ka\\CYD[eGBUCVgmfwZfpHdZj\\vLClltBbEp`p]^rJVcAZrELBfrDGJSbGlb]rYtUHT\\RqNq[voflAZQdrABFupuXlOYEuAzl]OsGVnUopXHR^bah[xfrWn[RYE`com`vpuOmaKODgNQ^ictKhldwUHUioahROlzDrL]dSoGQjcKJ^wdqKVvCIcbh`ayA^xpuNMf]GQrsfTNmwLLrxqGspxuPeoDmqGnmmPvQRHju^C&quot;,95)" methodname="GetNumberOfCharsInStringTestRandom" classname="Open_Lab_03._10.Tests" runstate="Runnable" seed="19186689" result="Passed" start-time="2021-10-19 19:34:08Z" end-time="2021-10-19 19:34:08Z" duration="0.000098" asserts="1" />
            <test-case id="1079" name="GetNumberOfCharsInStringTestRandom('L',&quot;VokUUGDgqwFQSWrRMFC``[zhPu`pGMUnaFtpDjXjCGvqKfyvPYhYArPupDE[bN`ebSjN]BO^hS]Z_J]eveai_vmjpyAzexIpbROsvlYOJKlhUqWgb[_xhqFf`AX^BOskKhsNudiKLS_UKFUycUYKYLIkMcTuTuNvRA]hyIlxlUlVRk[[gZugpiRz_HARQnqQEdDKcgzZc[YEZnY\\HtOuzaFcj]IqI[hx^\\QihQrzZ\\EVQNalj`KX`vQ_^[\\F_JRIn[ay^knqBP\\_\\kS\\wXHcQPYbKlKNpl\\QJwbpgbNzlTVQ[lDnIzIGBir^Cznm`aAPoLV_I]pVJIqwtIHYhWEqcUO[EEnhn\\ZLSG]PW_fgJnwsrvdtrVEJ\\KgZwuZDiHbijfengsCIlYgpYWcJ[tpYXQjIZCS\\EbxCMOJMQqNzSvYD^rAaRQdoSJRZv]Td`aDJ[ecKNWsefqF\\rgebCmJoyJjDwjQo]e[mrOdtOqSvXyI\\DqbPrmamWPLRu`N^FEIBWTddClTMZOXzAOzGIBwkDhVcDSyicppTqHFkMyMFYUSIsMQgaHVEHYxixB`kneeeYDIsIPuJoqRjUNjrBRI[[lLYKXmLY\\SokijoDY_QNLQQGOTkRij\\\\JJhsjil^ilS_]zg_vncnsNP[uRvDCujmrTa_BwUjnn_[xmdOhLVvGhdvuMxXmh\\oBagJYH]zZtAFjo^IihVq_ofJjfdpywxFSjZXF[qajW]Nh_MGjojFSePMv^[n^gA]wunzVFDNqoGISX\\LY^FJMrnh[M]bACCCVzRnlMkel\\O^^Hu^BOUzbqQEHF`Jd\\NnmEnTFi[Mn\\YkcPJTRyaliD\\_jNffhaAPO\\lZUbYSnIMFY`]rwMrev\\FicOdsDp_M[I]H_jyk`Nx`qWFJlnj\\jWUmVCqFxaPyezeQCUTMNGEh_`rMI[HPFC]Enkm\\ttnzxyvrlpGWZ]OcRhOpKdw^Zztb]`]ScsTTTFj`eA\\TTkqdounG\\wQPxP`yFUULTonaJvPLxjLKIdKiJPmcmVrgcEVD`lZPgPz`xP[tebJmlGGUFrpqblZxwHyE`MgLPv_tdfltptxLMEv\\yBxiwdiupBcpQVTYux]pcMk[FvAhoNlsM^G^OxPgNeDcCvdZ``QObFtlQ]dBdAGcPkdnOqKxiqbyJIYJRaHOx]QGdVMlUOCM^\\SSRqLjUTak^vbIEZjCsremZ^JtdYcZnV[hqFs\\VYtew`cinEhv`ATgq`togRGwkHwI\\uRzaNg[xAqtv\\F_lhunBnqRMDpESxtpdZMtmhUSTtjqiztKLbLDNJHhDAn^XcIAGBQ\\OMlDSbZHEAdMKfskmpcZS`qmurukljjhjXvzpHkfjzdCXaSmkXNRZqIjWzI\\gjWVQv^mjtveEwkSvnVT_IAT\\YNsPLcpyPyAdOm\\D`Cr]dM]Gpodepw_iDtsif^^QFfpykjhAtQzFIqsMllZXzLJT[RaUtnYC`bXxX^WGGck_xY`MBgwtEGQt\\\\_YJTGGrwabYupOVTRX[eVBlTSNr`xYQ_\\vzxwm\\egAsxnHrh^lpsYrF]gqBtPSzHRuZtOXW_wqxVJn`LWJBMdXFep]RGlcUUBkgsixZFURwbtkTsQp]GQm^tpoEmGQmU\\dTYHg^ZkvrS[^lEJYpvGODOMmDtsgzE_cGPWuldSCVUuLYRDzci[qNN`ELUddaDwnnsX\\hOgMdDsiUBTmqsERdiUsjSiXAj\\SYGXaubSTBONKUrkJArmizfKF^_mVaPLtc`QNenrPakQU[K_sb_WJwnTmvRCVownlDTcoa]_Mz^HOVqeTztoBsBxoM^RTk][dw_QHckREzJKYfFXFgjVuImsBWncDKL]^C^Rq`^lPcjBjr_JGFMhAG`\\KfPkoINtohhWHnb`IyGSZkJJre\\xy_\\W^CHKQmwHUpMBKIBT_g_BzNBZ]FsKgQvQLQsFgWPVCzxd_IzjdHZRzZWQAhiKtl[EtwqtPvhIXIzAPYvUGJb`qdQltcFzhF\\Q_sjbSF[h[Rur[WAclUEkKuNQgEAgqi[Rgi\\WiUCAjtF`jZR^c]NTBlGdeZvNFnrmqcKluduXSDBQpiaNm]ET[GQvcrlOYouwCTjGO`cycqBxkpnwti\\ci_RkSPJCrfy^IEO]z[yNuFkdFSLmDpVkTSN_BzozVaHxs^ofaRxZjNidnhezDXyCQOKqrk\\zgzrTynlb^aLmrwAFdekTUovybEgdSynqpxnkWUezvC]^LLLUOFMNzHfrDsmtGHP`mVxtJPiPzkXRSXmWtSVNlaqiSvg^clsonwlqORLyWxNOjT`fGVzomBoL_PaNcLgOsd_VgvHbHWrnSbyyVBXMlEBmI`SykxWKQzWFpJzKOYgVJAsxQcsbo[]nblNGdIqKAg]TKsILBMySXgcHgUiIEpWq]d^EwsbFb]V]^`mYZg`c\\JVvIF[O[iFKQgqbUEOJetluQGeHcQjXPoUTNbvrYSetWKMrjLDUYVxcY\\fC\\SgKziv\\R^TmJXlSOr_GtmXWMUzurlumwsVFgZuiPkaMrQLAeeTaw_JivPxeiBe`cbpQCggoxpqIML`wJzPMYUpYjgJW]PzOGAdQ[uxxy`dHhA]jkB\\jlYHOlXaV]PShpcCLbO]OBSNskikjK[g[oQ^itV_CUc\\iMvRFxQH\\_MhYKO^DhrLCdrs`FUSMkZuZr_gpXfltSKvbcE^er\\U^WZFUCmzdyvlFSObfbigCFSjYvRwBqhUPEXCYZSmffIuXZqPU]sDJoSXEjgYlpynQa]AvLJMPvBWxXRzFCb_yeL[mzyimuAphUdrxqUITgnNnv[gXhTjO[ogVBOvN\\ZVvMjco[BPiYLRqxgq`SQEbRaNax]vbYvrMYSbMrsxgDBpO]pXVXVuLUndf]CqyFhP]TFXfFdi[SY^QkyDHEaKDBgseiwkpBzaWmTvXXmQnh[swQTu^zit`]L\\gNmwJtsYTsG^XCfjSQWVaovUVBMqSFAtarOKepHuoC_DKp][TybOGpvsRYbHhCFOrMxao[F]J]b_QsJ``l]T_lnkwWtMOzMlwPMxrwgstEFeOWcZOBbvalkFZNdXbsOJPpbAfMhdEd[ZgJ\\`o[xMXQLK`G_eSORApvUYpbnCTyrwRQYPlEdHvBlzeX\\`hDQpSZdkpCkMgutYZPsOhOsOfKFoJVoYGOVQiBesgh[iTW[BIT`V_MrYKCKITpbZOSGY`ckYfAbzoJuPjEfqpZutXwFgq\\_rGA[BPC]`cHj^freAHuYPKkeoYMBc^EbJ\\ktnjszhbGOijWOaSE_wCOhWWfdDBtC^aaBvyqROvlhD]wFBy\\PYafGNC^WEPwgiEkIJUSc\\nPARadt[abEaedxu[os[[NzzFzzmowhftnfQepgZdw^irGD[mNi`[HBaQBLadHfetZgqygQfIYr^jRHzw`zbNIKlmEAcdFq]QtoYZN]FwDXCP_rzuMeDHEXlOuEtghBCcVMp]jaiDueJkI]ONBiW[mUL]CJ_JcYOBUZuRB]KgvAM[NAFYpgfzfbpAAT[`B`[\\VHWicwM_^k_lHlOBEFTwnPWmetQhCfeW`lEFeWqt[G]vCDsPEY\\wM_hGldEig_]sFILWgJXhP[\\hm[jaABddKiJBDxUASHMvddpur]cvBngmCATQu^ievtiXzKSioWVHNaDJepj^YhbWBWyCeEGoZcAkvYvgJtGfY``]xKfEoKLNRRVcMPEkQaifaSNMuCT`awy]r]FZYBAOWmYeDS[uoWUrquvexZKlqghVTtkkKfROaZOotdIbbZkKbHfxa[]zrOYjFDQJckjJEGQXfHkTQdKWv^nLOnKjISXRB`jqSzyrkaF\\qNRYkIiNEBnbPFvoaABmizWGYuBReSgVXSVA]lzzdJNzlHaNDKRj`TmrrKzpHXdlUYKxjuSoABI_mWVRUnN[BwpEa_JRmKsMa\\eSwc^Jr]i^LNE\\pi[TJJkYcGXLlACqJvyRlCUlPDc`OStSZh]Dj`CWkMjqLSYq[rUPOnkmTjDFbLKQNElD_yHetba_S_`xflFWxeDfxjkA\\wp`CZdHbUS\\kkVhNLZpJG[pGoTdAFGpOHIwlA\\tvYVRZdfMOWYlPvqV]AZOFzH\\N]NdcYvMjatlkIW]IGUdhU`SQn[lbNnvQuDwWCep[LBiBFeUewGzf^ntwuSoyKe]ny[qEZGG]`I\\SqRLIGHeGoQnGKz\\jprQb`vDeoPKqA]FUSaGdHgrDAWyhhjuZeWghsunuNaUrwnGRKYodtscJzNbJxVwEVlMdpX]XnLVaRAHMPh^PvQaln^ifTexsdQ]Lb]\\mvWqi]BryFVtPshIEK\\qSjrEJN^wB_wfmLkT`[sPlgj`ykhAwHXAGgJDERh[zFp[JjGEHUcdSLEfzSGY`^AtGv`GBgOOnXQgqPVOedsc`ohuc^DmLOu\\FwTNKAC[FUqvvXpkwsoweYUSOe^^d]D_]obuwHDdaX]KxmyKiTpS[yrhbAza]_rcQRYHqvopoKVMvJU]gSpPhkE^wuSvH^GBautgTqUn`z_PdelXf^tKjbvaMuKwcshRETgBPiIqyCkhMouSIuQeewSyzTZYfXKgSMLQykIxUDLhrNUYAsoibChHBhBwOkKasDVzdeTXmTQaleHlyBYnd\\FP`EORiMidsfpnrVpV`WwOmGWWaQxMRXwWyGZ_VCiaeghGpTtdMCON`q]YhskYO\\R\\iYplvQA]hWdFYQbMWTAPJjrIdBq^RQRJUMXW^IiwCl`IMXAXQ_Cu[CSzbhHuZ]LXE[kMsKjNfENXJivMAZMnOWiStYpqAo]``IEmgn`GpoPWoupsmvtAPYIimYTZVsNqbhsBeI`MtGy[GR^ydwEFv]PGzWAO[FlwbYoGCnOdVgGJ[ib[uUqYoHvFYmBOIRmoVBth^Xwph\\kOVGgRoaUGOSIZ^iiPmA[DuRoYptw^XBkSXhkRGkZcxfaCtZKoigChAgUESN\\vdriNcpCpyWJCbsGOll`ViHolyDSlSgzsO^yGxS[DXUqR]AGH`FSahFN\\CwP`]R^SXRoDuAQYR]yTR]OxwKLMTYLIQ]DADvaFr^uLMCN`ptPLHtK`iRcSGQzzFfnXwPVWvt\\ncDkuwfXZIABWR_SlSOzb_uGaPqd`_tPNYXweahV[s`qEeWFYxdDhttOiwKfGBsuPlnyubhKfs_jzDBwskLbvqcU_IOiWCPZzebTrYKrPYYoUKPevNnVqQzYIY[mSzocdFjU]hEZaUS]YnATsemIPtcjfJLYyX_PepKO[vIOITp\\y^AUYGuhNfTk]AjT]g\\IpCscdlsw]_zvDGlHIqAr^rCz][l[Mom]sggvfXlgNxKjfXgVPbKffdfyzsGIzYkhl^DX[p]lETe`gTTEnVLfeGqPBivmQdhpN^xIUPvZEZbSzFRg_CUdNFDfgoVluk[\\foRIVLk_[laL__QvWONOODcI[R\\auJ`UyGgKnIQTRqJ\\_rHI_ZVf]LMcMJiEkKeQLLMYrFHOyuxXuGdcKTC[ousntExe[McHMsQTfjRYRGhcOpiG`FuXIJ]RTZ_mI^olRpLBqQx\\BdJhNP_EVrFUSLyCWzALK_QoSvQYdhPOIYV_AoDDu[WQXZZFrJerQmQ^TUUSzG\\icqLtq[BcvxRjHzXs\\LbZCYyWIrKgZlEnzhiaNaOWICvT[bVUx]qn`BgJsplyPVIKt^kZRqfuwKRz^fva\\qixuQOyB_iYpPGmtk[xqwCHrwrUjggMuK^ZgLQcOmYmHMFgD`FmLxk`nbGxYuOUs\\^fmhGi[rjE^PzeqKQKauBwZxfEESKT^Dugj[tVYXSUOfB^c]HNeEoy[bLpCBdHhVb[VSuWRulJcghnvH]cLwjZPwLHODTXnKhtEbIPbkwjSeWntXuv_BwkgHLZGmHNbTVXzojTyMB[zzGeaYOrJYsmNwNwWjIocjIzPynFiawSA\\lgBasi_QDJ[cJDamxPDMrPrHVceIIc\\amlKavpq[QSfz_gok_wdhOne\\puLQDVH\\huqXszqHZcw`ercjnteMyoRyHilBe`WuKKSdpWs_F]NfrErxR\\^Jlv]tdrQJOp]tMBV[`ztXBFH]afHDrojICMIOhZAxGiQPzTZpjXYScGIfnzSxkMS[GUrztGmGyvQTpr^MLRUZVXawE^\\hGCNtWqJe][wcfSTgppqw]FlZssEinvuVfFzwiXwzhsklVloDEtGPg_LBQoA^l\\qa`ax`SXyYsrOdUADHEAdupfjGtyfuWZNMBKLooOlhviXpQbgQktZlrwlurqgUmEBZeCbKoPTpPwzGNtqRRUJ^z\\VFYRxxcWvrgyLNA\\\\\\ad\\uxegyzUCXu_ZIh]m^SVNtBHZPicRqtiwWA[HnezxNT_xI_Da^jxJKVctpLWPXCM^LbCHMVytSXz`^KRkeBoGv`lAYbRcNjaLHAla]vUIlEqnWDVetffVOFbfqCjfDVfdroX]ZkOjhfVrjyeULhicEKwCYFkZLiFVZMvbftLIXvidjkwrYU[VhD`grVETAo^y`AX^DCjS\\`LI]TSiJsBqOjiWgOkPorIcXjDiSZoVfHuHsXK_CWKImgkqSBqoSZ^eXcknQeVkDgLGpa^PELNYhzpkzMWQcADLeQjPgWNYAZEG\\dAl^ajGMEwXnAoDNEHDcA]`rOdhxoYOviPVLemBQxyaTR\\fcKKvRB_[H\\uPxBIXfi]FkYrdRGmeBvL`mxFnd]wtJoOkk^EOpaufoWvKSbdLOtZLPV]zwUnJldvvKHsoC^p[B`kVCv[CtlfPVC[VBES[nluL\\zzLipJkEyKjeGxBtlPAxf`Hg^mxLUhQf_uCvPTDcuLXskkuGQaB\\tNqZs`KCL`jQuEFLuGeXMYCZIPvnsquogomQEdCjJBWV]GygeiMKwdP\\KWRddXKUeveFSoHRDuOKBhxBQOIJekrC`QGiSZGlqBla]tUqbvGBVEZ^YPSVOBktDcaBiZzeo]TAvW`XtScidph[rcPCGk]pRr^tTTHHw]NskZbCkv]wYBPNvFKGJw^EA_iDtfEaK[mHcojXANRLO`WPbQyNJByzyJsMk_IFqwmyOIeGVmGweSp[HZ\\cgqWJ\\nIZw^g]EMUSnYAZfssWvBUgTXFRCaYA`d]\\ALJsGdrYy^gjYCxoyAN[Y\\F`XV[_oUnKv`YZjAQRKwiqlWtzceB_VCC`Ge[kJTddk\\nse_FykwP]nOnB\\[wKSOps]tTF``HqSEGPcAUE`DnYmamrqYPiXZR\\gvWlLzYLoZJiI_Y[GsfP[WFvH\\OHPYZtmfchdds`eceTWDiRzoc_nCAPp\\djlRvVzQv^vlq]zGesmm_DmwH[qvFkeSsIAJnThOUFILWOxG`hYI^Cw`woJ[`ELLscsh]qSQL^XYvbas^jVXS\\ppM[MzJMjQuwSnVPejVHxAf^eVORxqintXnD\\CdSGyoH_yOm]NFgCK_oKjqqlsOtbGDvASocFCByL^yfH\\okkClisyslMmbOjv`XuTlJY^aAJ`dgkKjPE_I`VVCB[DWS[mOQybknjeSN]l`SVLABDSJLmzB`QjjVHN`WQShJ[v`ZMuDepkgOCUPIdD^y`K^zuxGOMJBC^rbHmkyswXkaD\\SmxWnNpjePY`_PooYfidkLnIWsEfCH[xwZeTRpWoNoNRjMLjDIzEr[kHypAuIJh]p[dEe[^cPtVvy\\YJhVbtIVF]j^V\\o\\fDHk]PdGEdfWoxEoJ]WrMncnUZUHVHFBnoORoNzJ`bQyOlbIXuUsExPr\\TWDu]kx^dcAjmAv^NRf^d_csMj\\mMwq_Wp[qwODqT[fIaYftYVrgdUspnKinPKRgm\\SwaFbyOoKItZSnDbUrFKuCxfCl`PbIJzWEGiTSotXpJjvUsvjipZbcaPyuDpYyNBzuDNgUNBDLmFsOjise`tTkYo^rkZPy[ZcIjBQfOV[nVVq\\WkKUwnYThP]PjpeomFkT]k_iXNVKY`UCyC[zOvChAO[[`BvZkgBQe]ygM]wiYOvIuZRhVfaqCDSNPDJWSwZm^DY\\DonlyTOlTS`FkNEFFKNaKkXITaW]oIerBqearosjpbuw^DgErUgSprQSXeYXwmwLhiEud^NRS_lcq[fPuRe[\\SBJ`RJNV[mCejPpzl\\UGVARGi\\wzJ^fI\\jVgvVRTAvrliyHLpPIpPUGRjCqqMOMxHuIztIEWKBGZIaYjUlJtUqsHcExs_[GmiuenpHRhLleOOgJJeH]\\ETcRCBWpLLsjuUlOveuMZ\\hc&quot;,133)" fullname="Open_Lab_03._10.Tests.GetNumberOfCharsInStringTestRandom('L',&quot;VokUUGDgqwFQSWrRMFC``[zhPu`pGMUnaFtpDjXjCGvqKfyvPYhYArPupDE[bN`ebSjN]BO^hS]Z_J]eveai_vmjpyAzexIpbROsvlYOJKlhUqWgb[_xhqFf`AX^BOskKhsNudiKLS_UKFUycUYKYLIkMcTuTuNvRA]hyIlxlUlVRk[[gZugpiRz_HARQnqQEdDKcgzZc[YEZnY\\HtOuzaFcj]IqI[hx^\\QihQrzZ\\EVQNalj`KX`vQ_^[\\F_JRIn[ay^knqBP\\_\\kS\\wXHcQPYbKlKNpl\\QJwbpgbNzlTVQ[lDnIzIGBir^Cznm`aAPoLV_I]pVJIqwtIHYhWEqcUO[EEnhn\\ZLSG]PW_fgJnwsrvdtrVEJ\\KgZwuZDiHbijfengsCIlYgpYWcJ[tpYXQjIZCS\\EbxCMOJMQqNzSvYD^rAaRQdoSJRZv]Td`aDJ[ecKNWsefqF\\rgebCmJoyJjDwjQo]e[mrOdtOqSvXyI\\DqbPrmamWPLRu`N^FEIBWTddClTMZOXzAOzGIBwkDhVcDSyicppTqHFkMyMFYUSIsMQgaHVEHYxixB`kneeeYDIsIPuJoqRjUNjrBRI[[lLYKXmLY\\SokijoDY_QNLQQGOTkRij\\\\JJhsjil^ilS_]zg_vncnsNP[uRvDCujmrTa_BwUjnn_[xmdOhLVvGhdvuMxXmh\\oBagJYH]zZtAFjo^IihVq_ofJjfdpywxFSjZXF[qajW]Nh_MGjojFSePMv^[n^gA]wunzVFDNqoGISX\\LY^FJMrnh[M]bACCCVzRnlMkel\\O^^Hu^BOUzbqQEHF`Jd\\NnmEnTFi[Mn\\YkcPJTRyaliD\\_jNffhaAPO\\lZUbYSnIMFY`]rwMrev\\FicOdsDp_M[I]H_jyk`Nx`qWFJlnj\\jWUmVCqFxaPyezeQCUTMNGEh_`rMI[HPFC]Enkm\\ttnzxyvrlpGWZ]OcRhOpKdw^Zztb]`]ScsTTTFj`eA\\TTkqdounG\\wQPxP`yFUULTonaJvPLxjLKIdKiJPmcmVrgcEVD`lZPgPz`xP[tebJmlGGUFrpqblZxwHyE`MgLPv_tdfltptxLMEv\\yBxiwdiupBcpQVTYux]pcMk[FvAhoNlsM^G^OxPgNeDcCvdZ``QObFtlQ]dBdAGcPkdnOqKxiqbyJIYJRaHOx]QGdVMlUOCM^\\SSRqLjUTak^vbIEZjCsremZ^JtdYcZnV[hqFs\\VYtew`cinEhv`ATgq`togRGwkHwI\\uRzaNg[xAqtv\\F_lhunBnqRMDpESxtpdZMtmhUSTtjqiztKLbLDNJHhDAn^XcIAGBQ\\OMlDSbZHEAdMKfskmpcZS`qmurukljjhjXvzpHkfjzdCXaSmkXNRZqIjWzI\\gjWVQv^mjtveEwkSvnVT_IAT\\YNsPLcpyPyAdOm\\D`Cr]dM]Gpodepw_iDtsif^^QFfpykjhAtQzFIqsMllZXzLJT[RaUtnYC`bXxX^WGGck_xY`MBgwtEGQt\\\\_YJTGGrwabYupOVTRX[eVBlTSNr`xYQ_\\vzxwm\\egAsxnHrh^lpsYrF]gqBtPSzHRuZtOXW_wqxVJn`LWJBMdXFep]RGlcUUBkgsixZFURwbtkTsQp]GQm^tpoEmGQmU\\dTYHg^ZkvrS[^lEJYpvGODOMmDtsgzE_cGPWuldSCVUuLYRDzci[qNN`ELUddaDwnnsX\\hOgMdDsiUBTmqsERdiUsjSiXAj\\SYGXaubSTBONKUrkJArmizfKF^_mVaPLtc`QNenrPakQU[K_sb_WJwnTmvRCVownlDTcoa]_Mz^HOVqeTztoBsBxoM^RTk][dw_QHckREzJKYfFXFgjVuImsBWncDKL]^C^Rq`^lPcjBjr_JGFMhAG`\\KfPkoINtohhWHnb`IyGSZkJJre\\xy_\\W^CHKQmwHUpMBKIBT_g_BzNBZ]FsKgQvQLQsFgWPVCzxd_IzjdHZRzZWQAhiKtl[EtwqtPvhIXIzAPYvUGJb`qdQltcFzhF\\Q_sjbSF[h[Rur[WAclUEkKuNQgEAgqi[Rgi\\WiUCAjtF`jZR^c]NTBlGdeZvNFnrmqcKluduXSDBQpiaNm]ET[GQvcrlOYouwCTjGO`cycqBxkpnwti\\ci_RkSPJCrfy^IEO]z[yNuFkdFSLmDpVkTSN_BzozVaHxs^ofaRxZjNidnhezDXyCQOKqrk\\zgzrTynlb^aLmrwAFdekTUovybEgdSynqpxnkWUezvC]^LLLUOFMNzHfrDsmtGHP`mVxtJPiPzkXRSXmWtSVNlaqiSvg^clsonwlqORLyWxNOjT`fGVzomBoL_PaNcLgOsd_VgvHbHWrnSbyyVBXMlEBmI`SykxWKQzWFpJzKOYgVJAsxQcsbo[]nblNGdIqKAg]TKsILBMySXgcHgUiIEpWq]d^EwsbFb]V]^`mYZg`c\\JVvIF[O[iFKQgqbUEOJetluQGeHcQjXPoUTNbvrYSetWKMrjLDUYVxcY\\fC\\SgKziv\\R^TmJXlSOr_GtmXWMUzurlumwsVFgZuiPkaMrQLAeeTaw_JivPxeiBe`cbpQCggoxpqIML`wJzPMYUpYjgJW]PzOGAdQ[uxxy`dHhA]jkB\\jlYHOlXaV]PShpcCLbO]OBSNskikjK[g[oQ^itV_CUc\\iMvRFxQH\\_MhYKO^DhrLCdrs`FUSMkZuZr_gpXfltSKvbcE^er\\U^WZFUCmzdyvlFSObfbigCFSjYvRwBqhUPEXCYZSmffIuXZqPU]sDJoSXEjgYlpynQa]AvLJMPvBWxXRzFCb_yeL[mzyimuAphUdrxqUITgnNnv[gXhTjO[ogVBOvN\\ZVvMjco[BPiYLRqxgq`SQEbRaNax]vbYvrMYSbMrsxgDBpO]pXVXVuLUndf]CqyFhP]TFXfFdi[SY^QkyDHEaKDBgseiwkpBzaWmTvXXmQnh[swQTu^zit`]L\\gNmwJtsYTsG^XCfjSQWVaovUVBMqSFAtarOKepHuoC_DKp][TybOGpvsRYbHhCFOrMxao[F]J]b_QsJ``l]T_lnkwWtMOzMlwPMxrwgstEFeOWcZOBbvalkFZNdXbsOJPpbAfMhdEd[ZgJ\\`o[xMXQLK`G_eSORApvUYpbnCTyrwRQYPlEdHvBlzeX\\`hDQpSZdkpCkMgutYZPsOhOsOfKFoJVoYGOVQiBesgh[iTW[BIT`V_MrYKCKITpbZOSGY`ckYfAbzoJuPjEfqpZutXwFgq\\_rGA[BPC]`cHj^freAHuYPKkeoYMBc^EbJ\\ktnjszhbGOijWOaSE_wCOhWWfdDBtC^aaBvyqROvlhD]wFBy\\PYafGNC^WEPwgiEkIJUSc\\nPARadt[abEaedxu[os[[NzzFzzmowhftnfQepgZdw^irGD[mNi`[HBaQBLadHfetZgqygQfIYr^jRHzw`zbNIKlmEAcdFq]QtoYZN]FwDXCP_rzuMeDHEXlOuEtghBCcVMp]jaiDueJkI]ONBiW[mUL]CJ_JcYOBUZuRB]KgvAM[NAFYpgfzfbpAAT[`B`[\\VHWicwM_^k_lHlOBEFTwnPWmetQhCfeW`lEFeWqt[G]vCDsPEY\\wM_hGldEig_]sFILWgJXhP[\\hm[jaABddKiJBDxUASHMvddpur]cvBngmCATQu^ievtiXzKSioWVHNaDJepj^YhbWBWyCeEGoZcAkvYvgJtGfY``]xKfEoKLNRRVcMPEkQaifaSNMuCT`awy]r]FZYBAOWmYeDS[uoWUrquvexZKlqghVTtkkKfROaZOotdIbbZkKbHfxa[]zrOYjFDQJckjJEGQXfHkTQdKWv^nLOnKjISXRB`jqSzyrkaF\\qNRYkIiNEBnbPFvoaABmizWGYuBReSgVXSVA]lzzdJNzlHaNDKRj`TmrrKzpHXdlUYKxjuSoABI_mWVRUnN[BwpEa_JRmKsMa\\eSwc^Jr]i^LNE\\pi[TJJkYcGXLlACqJvyRlCUlPDc`OStSZh]Dj`CWkMjqLSYq[rUPOnkmTjDFbLKQNElD_yHetba_S_`xflFWxeDfxjkA\\wp`CZdHbUS\\kkVhNLZpJG[pGoTdAFGpOHIwlA\\tvYVRZdfMOWYlPvqV]AZOFzH\\N]NdcYvMjatlkIW]IGUdhU`SQn[lbNnvQuDwWCep[LBiBFeUewGzf^ntwuSoyKe]ny[qEZGG]`I\\SqRLIGHeGoQnGKz\\jprQb`vDeoPKqA]FUSaGdHgrDAWyhhjuZeWghsunuNaUrwnGRKYodtscJzNbJxVwEVlMdpX]XnLVaRAHMPh^PvQaln^ifTexsdQ]Lb]\\mvWqi]BryFVtPshIEK\\qSjrEJN^wB_wfmLkT`[sPlgj`ykhAwHXAGgJDERh[zFp[JjGEHUcdSLEfzSGY`^AtGv`GBgOOnXQgqPVOedsc`ohuc^DmLOu\\FwTNKAC[FUqvvXpkwsoweYUSOe^^d]D_]obuwHDdaX]KxmyKiTpS[yrhbAza]_rcQRYHqvopoKVMvJU]gSpPhkE^wuSvH^GBautgTqUn`z_PdelXf^tKjbvaMuKwcshRETgBPiIqyCkhMouSIuQeewSyzTZYfXKgSMLQykIxUDLhrNUYAsoibChHBhBwOkKasDVzdeTXmTQaleHlyBYnd\\FP`EORiMidsfpnrVpV`WwOmGWWaQxMRXwWyGZ_VCiaeghGpTtdMCON`q]YhskYO\\R\\iYplvQA]hWdFYQbMWTAPJjrIdBq^RQRJUMXW^IiwCl`IMXAXQ_Cu[CSzbhHuZ]LXE[kMsKjNfENXJivMAZMnOWiStYpqAo]``IEmgn`GpoPWoupsmvtAPYIimYTZVsNqbhsBeI`MtGy[GR^ydwEFv]PGzWAO[FlwbYoGCnOdVgGJ[ib[uUqYoHvFYmBOIRmoVBth^Xwph\\kOVGgRoaUGOSIZ^iiPmA[DuRoYptw^XBkSXhkRGkZcxfaCtZKoigChAgUESN\\vdriNcpCpyWJCbsGOll`ViHolyDSlSgzsO^yGxS[DXUqR]AGH`FSahFN\\CwP`]R^SXRoDuAQYR]yTR]OxwKLMTYLIQ]DADvaFr^uLMCN`ptPLHtK`iRcSGQzzFfnXwPVWvt\\ncDkuwfXZIABWR_SlSOzb_uGaPqd`_tPNYXweahV[s`qEeWFYxdDhttOiwKfGBsuPlnyubhKfs_jzDBwskLbvqcU_IOiWCPZzebTrYKrPYYoUKPevNnVqQzYIY[mSzocdFjU]hEZaUS]YnATsemIPtcjfJLYyX_PepKO[vIOITp\\y^AUYGuhNfTk]AjT]g\\IpCscdlsw]_zvDGlHIqAr^rCz][l[Mom]sggvfXlgNxKjfXgVPbKffdfyzsGIzYkhl^DX[p]lETe`gTTEnVLfeGqPBivmQdhpN^xIUPvZEZbSzFRg_CUdNFDfgoVluk[\\foRIVLk_[laL__QvWONOODcI[R\\auJ`UyGgKnIQTRqJ\\_rHI_ZVf]LMcMJiEkKeQLLMYrFHOyuxXuGdcKTC[ousntExe[McHMsQTfjRYRGhcOpiG`FuXIJ]RTZ_mI^olRpLBqQx\\BdJhNP_EVrFUSLyCWzALK_QoSvQYdhPOIYV_AoDDu[WQXZZFrJerQmQ^TUUSzG\\icqLtq[BcvxRjHzXs\\LbZCYyWIrKgZlEnzhiaNaOWICvT[bVUx]qn`BgJsplyPVIKt^kZRqfuwKRz^fva\\qixuQOyB_iYpPGmtk[xqwCHrwrUjggMuK^ZgLQcOmYmHMFgD`FmLxk`nbGxYuOUs\\^fmhGi[rjE^PzeqKQKauBwZxfEESKT^Dugj[tVYXSUOfB^c]HNeEoy[bLpCBdHhVb[VSuWRulJcghnvH]cLwjZPwLHODTXnKhtEbIPbkwjSeWntXuv_BwkgHLZGmHNbTVXzojTyMB[zzGeaYOrJYsmNwNwWjIocjIzPynFiawSA\\lgBasi_QDJ[cJDamxPDMrPrHVceIIc\\amlKavpq[QSfz_gok_wdhOne\\puLQDVH\\huqXszqHZcw`ercjnteMyoRyHilBe`WuKKSdpWs_F]NfrErxR\\^Jlv]tdrQJOp]tMBV[`ztXBFH]afHDrojICMIOhZAxGiQPzTZpjXYScGIfnzSxkMS[GUrztGmGyvQTpr^MLRUZVXawE^\\hGCNtWqJe][wcfSTgppqw]FlZssEinvuVfFzwiXwzhsklVloDEtGPg_LBQoA^l\\qa`ax`SXyYsrOdUADHEAdupfjGtyfuWZNMBKLooOlhviXpQbgQktZlrwlurqgUmEBZeCbKoPTpPwzGNtqRRUJ^z\\VFYRxxcWvrgyLNA\\\\\\ad\\uxegyzUCXu_ZIh]m^SVNtBHZPicRqtiwWA[HnezxNT_xI_Da^jxJKVctpLWPXCM^LbCHMVytSXz`^KRkeBoGv`lAYbRcNjaLHAla]vUIlEqnWDVetffVOFbfqCjfDVfdroX]ZkOjhfVrjyeULhicEKwCYFkZLiFVZMvbftLIXvidjkwrYU[VhD`grVETAo^y`AX^DCjS\\`LI]TSiJsBqOjiWgOkPorIcXjDiSZoVfHuHsXK_CWKImgkqSBqoSZ^eXcknQeVkDgLGpa^PELNYhzpkzMWQcADLeQjPgWNYAZEG\\dAl^ajGMEwXnAoDNEHDcA]`rOdhxoYOviPVLemBQxyaTR\\fcKKvRB_[H\\uPxBIXfi]FkYrdRGmeBvL`mxFnd]wtJoOkk^EOpaufoWvKSbdLOtZLPV]zwUnJldvvKHsoC^p[B`kVCv[CtlfPVC[VBES[nluL\\zzLipJkEyKjeGxBtlPAxf`Hg^mxLUhQf_uCvPTDcuLXskkuGQaB\\tNqZs`KCL`jQuEFLuGeXMYCZIPvnsquogomQEdCjJBWV]GygeiMKwdP\\KWRddXKUeveFSoHRDuOKBhxBQOIJekrC`QGiSZGlqBla]tUqbvGBVEZ^YPSVOBktDcaBiZzeo]TAvW`XtScidph[rcPCGk]pRr^tTTHHw]NskZbCkv]wYBPNvFKGJw^EA_iDtfEaK[mHcojXANRLO`WPbQyNJByzyJsMk_IFqwmyOIeGVmGweSp[HZ\\cgqWJ\\nIZw^g]EMUSnYAZfssWvBUgTXFRCaYA`d]\\ALJsGdrYy^gjYCxoyAN[Y\\F`XV[_oUnKv`YZjAQRKwiqlWtzceB_VCC`Ge[kJTddk\\nse_FykwP]nOnB\\[wKSOps]tTF``HqSEGPcAUE`DnYmamrqYPiXZR\\gvWlLzYLoZJiI_Y[GsfP[WFvH\\OHPYZtmfchdds`eceTWDiRzoc_nCAPp\\djlRvVzQv^vlq]zGesmm_DmwH[qvFkeSsIAJnThOUFILWOxG`hYI^Cw`woJ[`ELLscsh]qSQL^XYvbas^jVXS\\ppM[MzJMjQuwSnVPejVHxAf^eVORxqintXnD\\CdSGyoH_yOm]NFgCK_oKjqqlsOtbGDvASocFCByL^yfH\\okkClisyslMmbOjv`XuTlJY^aAJ`dgkKjPE_I`VVCB[DWS[mOQybknjeSN]l`SVLABDSJLmzB`QjjVHN`WQShJ[v`ZMuDepkgOCUPIdD^y`K^zuxGOMJBC^rbHmkyswXkaD\\SmxWnNpjePY`_PooYfidkLnIWsEfCH[xwZeTRpWoNoNRjMLjDIzEr[kHypAuIJh]p[dEe[^cPtVvy\\YJhVbtIVF]j^V\\o\\fDHk]PdGEdfWoxEoJ]WrMncnUZUHVHFBnoORoNzJ`bQyOlbIXuUsExPr\\TWDu]kx^dcAjmAv^NRf^d_csMj\\mMwq_Wp[qwODqT[fIaYftYVrgdUspnKinPKRgm\\SwaFbyOoKItZSnDbUrFKuCxfCl`PbIJzWEGiTSotXpJjvUsvjipZbcaPyuDpYyNBzuDNgUNBDLmFsOjise`tTkYo^rkZPy[ZcIjBQfOV[nVVq\\WkKUwnYThP]PjpeomFkT]k_iXNVKY`UCyC[zOvChAO[[`BvZkgBQe]ygM]wiYOvIuZRhVfaqCDSNPDJWSwZm^DY\\DonlyTOlTS`FkNEFFKNaKkXITaW]oIerBqearosjpbuw^DgErUgSprQSXeYXwmwLhiEud^NRS_lcq[fPuRe[\\SBJ`RJNV[mCejPpzl\\UGVARGi\\wzJ^fI\\jVgvVRTAvrliyHLpPIpPUGRjCqqMOMxHuIztIEWKBGZIaYjUlJtUqsHcExs_[GmiuenpHRhLleOOgJJeH]\\ETcRCBWpLLsjuUlOveuMZ\\hc&quot;,133)" methodname="GetNumberOfCharsInStringTestRandom" classname="Open_Lab_03._10.Tests" runstate="Runnable" seed="1155632600" result="Passed" start-time="2021-10-19 19:34:08Z" end-time="2021-10-19 19:34:08Z" duration="0.000121" asserts="1" />
            <test-case id="1080" name="GetNumberOfCharsInStringTestRandom('e',&quot;twunOXyfhVRTlok]]AtvUuvuNzNPBcfzGYI[uXx\\lOgVwctF\\wzhjPPzAA`OJieEjSNTgQcFCYKFN`yfGHoEdyQqIJZtrjRCebgeV`ZLUteQFKl\\CuHCu`\\kBXL]qiNTHH\\fsTPbhdkjUzkyXyrwbOIEGvcyUxVfgQJxiGcifaVQplVBgNFrqRmszW_xkRMkOEDEqmPRVJRAtrOV`bRHr^oV^QySbfxUTeCliRLtxn\\hzlzIIJXJzFskPiaaoxjkLxgOp^gOVYJEBGVmRpJYOoUOlR\\AlfFAEl]CEkSf]IobvojISoOynR]XcY]_Bg^kTIAQeSha]_vFAnSxcThwWGNmPF[gNodqfDOnoY_AGi]OWWXpF`vhzaUMuNB`sBSivFZw``IJphqhezWshfbiswrFjBsbXyHFVnTRw[QaWmsRjgcvrIrN[epzNUN^gbmq`kSqfEwNUARGD`VCYwjOHufkyUDcNmtpzBmzUmPmMesZTivizKFjs_jfFbrRBUAcH\\HBnWifgwB^BMWQYVdChJx[SHtmvylsePRsatuc]ZCv]MdtKasglxvx_gjg]vjiLJtmu_j`[A`NGCyG^AbUFFHgUTTuKOGbjUjSSrzgqTLkYir]idI\\TUdGCMXaLpVLty^mSfngBv_mtWOg]rMbGeNVkcPFZZ\\ByAqZKEJCp\\[YqrMgylDTdoEPlIBjVhNc[]ot`o\\XhJlfJp_tWdHhVHXJvbiCD[gHOsxUDTHKQfgZCZFweITma`MTEeyxGYUM^eXRrJqC]wXj[yH\\]lYvGtaifePZUJDrRZvYCnF[SQQdH^sG^]\\UAZFeDigMuXhSt`XACiZigycqdwaImIvshirsURUTHs`vcxkcFsDoDniBqPBGH_[l\\peKh`glTFanYhNfMyCtEHouApCEQOMdYnZmT`uaLS\\xMudIBVuJ\\ahUAkJr^b\\FtxVeN[SgD]imgqiGMtCuTCHsGFmdWCDdrVEO_yubDNFzsviJBCfd`alqq^^IijQBZEuQm[bNz\\qGxHALXcbTXZERdOXB[msUxEanAXXb\\XdDjfsi^SlGHxdzzdg_CamNc]JtbMKzKzszpAbyVj_IBmMA[aoXlt`ufW\\N]zGQHlvIEeJyBhJTCeLqPIZBYnOR[xUZ`U]VcNAPqEvqXpVDjMsBKexTaFsU^ehHQkYhLnkodwzLNdedXKbOFSOvWJp]VfmMXo`gWhsw\\EXOelGx\\PxSCYCx]^RBxOZxJnoYDxMjSfnBuzQeCsAFiZKymcKsWqzMe[Erxht^CNAXfAC]NgzENTOkdqg\\nUT\\faW[uYhUy]D\\ZmSl`hekruzQLUOHBYkit`lFeccpyeFkQmQq^uvGjdekbFOaKaTamUcuANHwFplNpOAZDXdG^eyQvA^_UBeYR`xvKWpQnyBtsWvSFp]mwMCIVRzzjccDKSwPREOgbTT_cFY_FLY_`s]E]pasXpaLWyj`[fBBapKcs_`Qt[u^JD^Sprn\\_VPmnIIeWsDZKXyjitLyPPzwvCBS[Wjds`^LaYpkWvuAX[TmFndvfpMOWSqkGqJzIZbftmJPE\\bUUy`[jPMhnoyDTOpObEealvsythsSeUrKNruXmVBqd]MU\\^SexuhAqBcYGbaBXtCYwoq\\UX\\MCowOj^]WVNVjgrTLO\\QLoAZk[nXhhqQ`Y\\xCFUjdEKfJ_SmF[eNsHPXCVLowFpi`xpQKtRFumhHeVPMHASNCdXYJEvhu`m^O\\FMjBbMI`SG[ImhFzgvncgw`WHGxeLUzKsIPC]FYGE^QRyARObusqjgpJhSu\\O_TyGPPeXD]b^h_JgOYHojCR\\J[MTFVKLxr`JRKikhq_XRTCHf^Yumh_\\C]xpDRShSV`pyzUDjWHt_tKpYEhcwPYQTDHpNthW_rEwnMJgIUKW`fxISHWydjkCwP]us_qqilUhoOBMvBZcFCkhGy^F]jmoGCz^kOne_UioQQTDFKDcQIxu`oouBkTzyaamO_\\gNpDlTwXpeZzSfJ^yEEyv[tcnAipkkapbiXV\\ELadXyPckBToCciJ``LTMQkeGgFDeYdOoCts^V_\\eACyUAhHsfCILBOo[w]ksLySXFAzipfKBjjMNmPFzxLyV[CnoFXbsocYCjaPAhZDzsH\\RBaigWkvAzwxDNLcXERMGQK^LAFR_Hy^Sa\\m`jv]EhYCndLn]rgvavUBrC^fRYWsAZe]lYCiIpIYsHkbpSph\\DwXL[v]LPLfR`BUziBDoxmlnvIjSwqzdjXx]MQR^a]td^HTGWcGQlt^QKePRLKPYLBbHDrmXjaO\\tHQopcvTkirquhRcBzRVN\\Y\\`LD_piaLeCXCU\\]cPvh^KlNVaKWkOsOXjoOd`W_CIfLsQOO`^iGRnuQoxhyfRqxlnzT`NtCsXeV``VFRvrN`mwep_ZfsXslRiZERviSdfNuI`lPcbhjZdXyrU^BnNK[_tDqFRoWM`dt`C\\PmKDRkIRiQ[MwXh_W\\mVP]uJQnR^uA^ZotNOdJsjVbUafEry`BMXmhMnrBn^ZfXimBYDJZuNcDzhHU_MvSxtnGgHg[WcWVPkKgndgooGGzojh`g^]abHh_vgUQWjCSqNnP]\\au`H_rmoRx[HntFpnICfkHPWXEDnJavYCLwcB[cqlHVWqPwJNA[eNqkZfJjZozfkBCFcw]oS`MudmsaIIu`IGRLL[]xskJBm]eVnJTMkMIEAwGhndbQuZ]ekruHZ`wcWKIHH]mzohovxMKOUpKPJsHSzAewPMnLQ`iqoyaQqc]Mebg_gfneVhY_CqIHspjctdfX^T[VPtYbWuhYTGQeZJpdHKnxqYYBstSBvOASKXV\\OrIHIknl`FJkoBQTa]`q\\Wi]cf]EGxZBoTUPBfpGfg]nkbNuxgmis_zsJf`^OifcfHw[hBRuhZLptumAYcHZKlJPT\\FWGRrwBuIcfnNwUsAYTKyOs`EgbLXuxhGLvvnVbOnzmJUfUKFRkkwJ^q_aNLVq]OexgBAZEfrEWz]iKZRWGGJMlxiEWNIVtx]_`XyTKfMFtrm^UpVouykWEYMjTvCr]]LZ]yJn[xL[tDTtKKkbrU[uNGZGKOzOdVcXgTBVgcTwmP]BES`IK\\zIBQLV_CdLywq^[wNrJUvPA_IxeYCrjqEIVZVWHfrdzIypZyaHFhzqakI^IOlGzl\\HsiHBark_^RQs`S_fsumCrNcfRsOttkdNgqwkq`bOx\\SOZQxpjGOEzZQfG]jhdrenhCLjVnoTT_EVuTMAvYJn]_ON`ReUptfGr`aWEO[wRvk[UukmPimKiqQIoyJDIZ^[sy_UmpvhxM\\bnnsfbrEGG[YAPXcGEWnrXQbVWVA[nFN\\UjUAF_]RUXUYa^FUNpcaZdJ^L^OLreTBMwg`DcBau]^zvJpsPfNx^gCk`robPRZkDTMdraRenBgwGJbCiVvMXV^auvzLnZRcCnwcxLAjTcK\\zFeVPlttVNSipfjwaFrUkDtTNzF]ULspLBaoRewB`XNp[NnR]EJOkqlwMQHQgX_JU^^nFufwIpoTqDsALoAQCeEUQecA]gVIsD[xkzLbZNFuBYFIXHErWOHkYI^\\ReZ][g[mdvPMcYqp_JTs_[dUb^lewk`c]kQpnc[VxS`\\rsPyXSLOofxrAFuwuqqsWhkrIBBwjxuLvH]jOnMd_QnrnZoih^\\H]gFKHXpVQP`rkmvtcLiGdMUFutEjNTOL]mjPBSbryrTOlwGB^vF]pV_PRzPOSGIwBTUxDgrPdqIltGUymDMRNlWHOZxCDT_riWNXbIyqDqtyNmVKeQ\\PuqjPxNjdipMPSQD]txXeEVNXsXu\\DmXmrPxrhx[TZVHOddgwjtRhtrK_dRX`TN`wX[YCSLov^DLjNzoOlxmK\\jsAFYOWauALqLqJLde^EWKpg[Qd^InW[U[ibXxtxYVcDztCIeCITPFE`CUeHesXHdk\\kIbnfkagBcmgaO[sGfDLPVJ_DTlS`x\\ZPYRADP]cjZDwQhDtJAR\\a_MUzDjSyNGDHTXIx[prI[]qSMOWPsI`gztkMwBA`Ke\\SApxPvvjK[TFCVCmpTCFFaXHZhwAZpSxqA^SWQGUxZULgnhquOKLH_Wlci^cyuPVIVPBskV_MiIfML\\gzFGKeGqRemjin^VCJyDQ^gyJsgyYWk`WMqdsoFlB`xXGAhkjTG]NHKITHxSxHXvtMS]wu]OENBlaOrJLwPFPOSPBhPlrmouHC_thLnorsYzFZcFQnGBrSffuD[PflXRZHe^jy\\AI\\OXpSJcFK\\DgmCpWtydk_IF\\HayoEVRSGtWENpcurJ[QTfgFpGqArPdSIwilLnAoJl`tglIDWjtUipH]ttzx`R[rPDvRHqjDJfGcFnYDymdIVOeSpLsRnCPsQhdcprw`zpLCj_WF[wzmhR\\AYd]vxXPHWNSYJpOGqEIaDcdQpmrrC^LyLcKLUAbb`Dg\\MywehswdIvxqALGLaYFsCTMafCmp]aAAwHEqqMKJabpQfTLJtWBHynYtmVzfGHHcuxusHQVTNvS\\^wvSqcwF`tBJjLE\\N`CZ[NViZSBdBhtC[xVqZho^LBCBvlJwLtGittAPaMt_bSErzzilpOBak_OZKUnhJFXHbKJbxFPNoQwswLBvCYGxsayUebEMZLV]vxQppGokyol[bW]zSrekyZPAMowWACncv[wzvMGvdWyDo^mOEFucae^\\hPcAKYjvAJ`HZ]EGliHb[LLiChRvILCQw[RfdFlLhCDfyfobAnqr^wA]Duy]GnnpGOLzKY]fxvuYIakXsjuUUKnAZobjGOEtPN_j[pWcQLubBcU^JbdWtY[w[K`Vrn_iqAIuBBxCTSEJQMyq[E``fhArmcOPQAk^gLkB[[\\IeaDaURfNMivmNzDJARHZmimSba^E]xWzcXvEeZ^\\wBCbFyPgIbAISCVwolznoblPRvKpEy_aof]lfKNdRqvuwNhaCzQs[jhUPnPJoZcKCZUg`eQd_V\\xgqSEOenEifFEyH\\rvDpsNks]sAAXihUFOjiY\\LuKf^]WUQiXIZi[adjvypLOdWWAQApOZDWjJfMkO\\IcRcOPyu_eAn[fAgaOH\\FT[[yFDyQvWzg]hdwBHHBW]LNfdkj]EydmWpHrdJLAddOBGxyWj`HzZjqPMT]SPoqYWtGr]FXyvBmswM_fmSm`rdTgyrfQhtkpmpeMrGueHIEYxxTzoq`wBRbna[te[HRBQwGGcSogXIYi`viA_f\\qUno\\OrfXMPJzrCHArMX]Cs`sssNflsGof[g^IeskgX[HyYr]niJSOzo]OvcVdAgTJVUWVdsMUgpfYXt[BlrDjo`fgKONC]GgkGydE[GKpwycJIErBIUsIdeVpikKVfKr`JuRZQWbehNnqx]^GXLtIO_H]coWjvoKlGCAOmYlmmN[Vq`rMNEyZQjRfmpq]zsitDBkv\\OUy[HVBDmfCwK\\rqk[WkV]wbOmt_bSopvkyjzzJUQbAKn`pWrCSbTKGmYXLU]]]ZqNAZ]HrkRC[n\\mnjw]g_zN\\leMRboornEaTa`VujLcPRkSQgd]Xzpx[dlPpQqPw]KhjvZNJacxTXxJARvfyRWsxHFjoPadtvfnHDdUMVSqWsdCfcO^UKReFRjbpjZtAzDYlKCxiaYcz`\\E^DEMBCOieAipTB_^wYqXoLQ\\`Qpnmif`peEmfNsxkUnl\\MehCugajEPRmcgkN[wwVIziwmsjash[Y`zTgIlrBFqlUnACaIjPYrWTMvkQCxAqXptMcTEFiEuPSOTJlpIXJXBbJgGkX\\oEEzU_unZNEebTwGAyca_MochzoRDwMThMQqKTtoPxVvT_qheDgIIrxbP]SUkck^BkwUDGvhEnRbrtOIJGhAPDLqPibiA`EhMstdb\\e_HzEU`WkVNJLdvkNx_FEU`Ng`ieUyAfah]IsQyqQtxL[rU[l]fvF]XPzuT`gvBmVcc^HmrwzhoLXTmoKNssTE`EQMJyxZKVrLqrOqTzeiwXhLsgH_UYDJZQD^Mvcsz`]ZUL]uaUusNeHHXFT^rYEmShmaokdYWliXvNqgJMyA^KwoJvGHbFBa[kHgZwFpk]]\\vkMJOhTe[EOHlxXte]qRjHwKGKMNHJPBi[sYiwttmXGV]zv]_MKOfLmonCCE[F^QoNZREyKhdw_SBaiHOkjuyBV^iEegtoZhupbP`dXaB^eigZnNUvpkWcSnrwdAT_no^rYLzZbfSIt[WhqORXSyzjQR^oYdAXM]kqLoBbNvTKXNjrWKFViwMppnaGiLAy&quot;,110)" fullname="Open_Lab_03._10.Tests.GetNumberOfCharsInStringTestRandom('e',&quot;twunOXyfhVRTlok]]AtvUuvuNzNPBcfzGYI[uXx\\lOgVwctF\\wzhjPPzAA`OJieEjSNTgQcFCYKFN`yfGHoEdyQqIJZtrjRCebgeV`ZLUteQFKl\\CuHCu`\\kBXL]qiNTHH\\fsTPbhdkjUzkyXyrwbOIEGvcyUxVfgQJxiGcifaVQplVBgNFrqRmszW_xkRMkOEDEqmPRVJRAtrOV`bRHr^oV^QySbfxUTeCliRLtxn\\hzlzIIJXJzFskPiaaoxjkLxgOp^gOVYJEBGVmRpJYOoUOlR\\AlfFAEl]CEkSf]IobvojISoOynR]XcY]_Bg^kTIAQeSha]_vFAnSxcThwWGNmPF[gNodqfDOnoY_AGi]OWWXpF`vhzaUMuNB`sBSivFZw``IJphqhezWshfbiswrFjBsbXyHFVnTRw[QaWmsRjgcvrIrN[epzNUN^gbmq`kSqfEwNUARGD`VCYwjOHufkyUDcNmtpzBmzUmPmMesZTivizKFjs_jfFbrRBUAcH\\HBnWifgwB^BMWQYVdChJx[SHtmvylsePRsatuc]ZCv]MdtKasglxvx_gjg]vjiLJtmu_j`[A`NGCyG^AbUFFHgUTTuKOGbjUjSSrzgqTLkYir]idI\\TUdGCMXaLpVLty^mSfngBv_mtWOg]rMbGeNVkcPFZZ\\ByAqZKEJCp\\[YqrMgylDTdoEPlIBjVhNc[]ot`o\\XhJlfJp_tWdHhVHXJvbiCD[gHOsxUDTHKQfgZCZFweITma`MTEeyxGYUM^eXRrJqC]wXj[yH\\]lYvGtaifePZUJDrRZvYCnF[SQQdH^sG^]\\UAZFeDigMuXhSt`XACiZigycqdwaImIvshirsURUTHs`vcxkcFsDoDniBqPBGH_[l\\peKh`glTFanYhNfMyCtEHouApCEQOMdYnZmT`uaLS\\xMudIBVuJ\\ahUAkJr^b\\FtxVeN[SgD]imgqiGMtCuTCHsGFmdWCDdrVEO_yubDNFzsviJBCfd`alqq^^IijQBZEuQm[bNz\\qGxHALXcbTXZERdOXB[msUxEanAXXb\\XdDjfsi^SlGHxdzzdg_CamNc]JtbMKzKzszpAbyVj_IBmMA[aoXlt`ufW\\N]zGQHlvIEeJyBhJTCeLqPIZBYnOR[xUZ`U]VcNAPqEvqXpVDjMsBKexTaFsU^ehHQkYhLnkodwzLNdedXKbOFSOvWJp]VfmMXo`gWhsw\\EXOelGx\\PxSCYCx]^RBxOZxJnoYDxMjSfnBuzQeCsAFiZKymcKsWqzMe[Erxht^CNAXfAC]NgzENTOkdqg\\nUT\\faW[uYhUy]D\\ZmSl`hekruzQLUOHBYkit`lFeccpyeFkQmQq^uvGjdekbFOaKaTamUcuANHwFplNpOAZDXdG^eyQvA^_UBeYR`xvKWpQnyBtsWvSFp]mwMCIVRzzjccDKSwPREOgbTT_cFY_FLY_`s]E]pasXpaLWyj`[fBBapKcs_`Qt[u^JD^Sprn\\_VPmnIIeWsDZKXyjitLyPPzwvCBS[Wjds`^LaYpkWvuAX[TmFndvfpMOWSqkGqJzIZbftmJPE\\bUUy`[jPMhnoyDTOpObEealvsythsSeUrKNruXmVBqd]MU\\^SexuhAqBcYGbaBXtCYwoq\\UX\\MCowOj^]WVNVjgrTLO\\QLoAZk[nXhhqQ`Y\\xCFUjdEKfJ_SmF[eNsHPXCVLowFpi`xpQKtRFumhHeVPMHASNCdXYJEvhu`m^O\\FMjBbMI`SG[ImhFzgvncgw`WHGxeLUzKsIPC]FYGE^QRyARObusqjgpJhSu\\O_TyGPPeXD]b^h_JgOYHojCR\\J[MTFVKLxr`JRKikhq_XRTCHf^Yumh_\\C]xpDRShSV`pyzUDjWHt_tKpYEhcwPYQTDHpNthW_rEwnMJgIUKW`fxISHWydjkCwP]us_qqilUhoOBMvBZcFCkhGy^F]jmoGCz^kOne_UioQQTDFKDcQIxu`oouBkTzyaamO_\\gNpDlTwXpeZzSfJ^yEEyv[tcnAipkkapbiXV\\ELadXyPckBToCciJ``LTMQkeGgFDeYdOoCts^V_\\eACyUAhHsfCILBOo[w]ksLySXFAzipfKBjjMNmPFzxLyV[CnoFXbsocYCjaPAhZDzsH\\RBaigWkvAzwxDNLcXERMGQK^LAFR_Hy^Sa\\m`jv]EhYCndLn]rgvavUBrC^fRYWsAZe]lYCiIpIYsHkbpSph\\DwXL[v]LPLfR`BUziBDoxmlnvIjSwqzdjXx]MQR^a]td^HTGWcGQlt^QKePRLKPYLBbHDrmXjaO\\tHQopcvTkirquhRcBzRVN\\Y\\`LD_piaLeCXCU\\]cPvh^KlNVaKWkOsOXjoOd`W_CIfLsQOO`^iGRnuQoxhyfRqxlnzT`NtCsXeV``VFRvrN`mwep_ZfsXslRiZERviSdfNuI`lPcbhjZdXyrU^BnNK[_tDqFRoWM`dt`C\\PmKDRkIRiQ[MwXh_W\\mVP]uJQnR^uA^ZotNOdJsjVbUafEry`BMXmhMnrBn^ZfXimBYDJZuNcDzhHU_MvSxtnGgHg[WcWVPkKgndgooGGzojh`g^]abHh_vgUQWjCSqNnP]\\au`H_rmoRx[HntFpnICfkHPWXEDnJavYCLwcB[cqlHVWqPwJNA[eNqkZfJjZozfkBCFcw]oS`MudmsaIIu`IGRLL[]xskJBm]eVnJTMkMIEAwGhndbQuZ]ekruHZ`wcWKIHH]mzohovxMKOUpKPJsHSzAewPMnLQ`iqoyaQqc]Mebg_gfneVhY_CqIHspjctdfX^T[VPtYbWuhYTGQeZJpdHKnxqYYBstSBvOASKXV\\OrIHIknl`FJkoBQTa]`q\\Wi]cf]EGxZBoTUPBfpGfg]nkbNuxgmis_zsJf`^OifcfHw[hBRuhZLptumAYcHZKlJPT\\FWGRrwBuIcfnNwUsAYTKyOs`EgbLXuxhGLvvnVbOnzmJUfUKFRkkwJ^q_aNLVq]OexgBAZEfrEWz]iKZRWGGJMlxiEWNIVtx]_`XyTKfMFtrm^UpVouykWEYMjTvCr]]LZ]yJn[xL[tDTtKKkbrU[uNGZGKOzOdVcXgTBVgcTwmP]BES`IK\\zIBQLV_CdLywq^[wNrJUvPA_IxeYCrjqEIVZVWHfrdzIypZyaHFhzqakI^IOlGzl\\HsiHBark_^RQs`S_fsumCrNcfRsOttkdNgqwkq`bOx\\SOZQxpjGOEzZQfG]jhdrenhCLjVnoTT_EVuTMAvYJn]_ON`ReUptfGr`aWEO[wRvk[UukmPimKiqQIoyJDIZ^[sy_UmpvhxM\\bnnsfbrEGG[YAPXcGEWnrXQbVWVA[nFN\\UjUAF_]RUXUYa^FUNpcaZdJ^L^OLreTBMwg`DcBau]^zvJpsPfNx^gCk`robPRZkDTMdraRenBgwGJbCiVvMXV^auvzLnZRcCnwcxLAjTcK\\zFeVPlttVNSipfjwaFrUkDtTNzF]ULspLBaoRewB`XNp[NnR]EJOkqlwMQHQgX_JU^^nFufwIpoTqDsALoAQCeEUQecA]gVIsD[xkzLbZNFuBYFIXHErWOHkYI^\\ReZ][g[mdvPMcYqp_JTs_[dUb^lewk`c]kQpnc[VxS`\\rsPyXSLOofxrAFuwuqqsWhkrIBBwjxuLvH]jOnMd_QnrnZoih^\\H]gFKHXpVQP`rkmvtcLiGdMUFutEjNTOL]mjPBSbryrTOlwGB^vF]pV_PRzPOSGIwBTUxDgrPdqIltGUymDMRNlWHOZxCDT_riWNXbIyqDqtyNmVKeQ\\PuqjPxNjdipMPSQD]txXeEVNXsXu\\DmXmrPxrhx[TZVHOddgwjtRhtrK_dRX`TN`wX[YCSLov^DLjNzoOlxmK\\jsAFYOWauALqLqJLde^EWKpg[Qd^InW[U[ibXxtxYVcDztCIeCITPFE`CUeHesXHdk\\kIbnfkagBcmgaO[sGfDLPVJ_DTlS`x\\ZPYRADP]cjZDwQhDtJAR\\a_MUzDjSyNGDHTXIx[prI[]qSMOWPsI`gztkMwBA`Ke\\SApxPvvjK[TFCVCmpTCFFaXHZhwAZpSxqA^SWQGUxZULgnhquOKLH_Wlci^cyuPVIVPBskV_MiIfML\\gzFGKeGqRemjin^VCJyDQ^gyJsgyYWk`WMqdsoFlB`xXGAhkjTG]NHKITHxSxHXvtMS]wu]OENBlaOrJLwPFPOSPBhPlrmouHC_thLnorsYzFZcFQnGBrSffuD[PflXRZHe^jy\\AI\\OXpSJcFK\\DgmCpWtydk_IF\\HayoEVRSGtWENpcurJ[QTfgFpGqArPdSIwilLnAoJl`tglIDWjtUipH]ttzx`R[rPDvRHqjDJfGcFnYDymdIVOeSpLsRnCPsQhdcprw`zpLCj_WF[wzmhR\\AYd]vxXPHWNSYJpOGqEIaDcdQpmrrC^LyLcKLUAbb`Dg\\MywehswdIvxqALGLaYFsCTMafCmp]aAAwHEqqMKJabpQfTLJtWBHynYtmVzfGHHcuxusHQVTNvS\\^wvSqcwF`tBJjLE\\N`CZ[NViZSBdBhtC[xVqZho^LBCBvlJwLtGittAPaMt_bSErzzilpOBak_OZKUnhJFXHbKJbxFPNoQwswLBvCYGxsayUebEMZLV]vxQppGokyol[bW]zSrekyZPAMowWACncv[wzvMGvdWyDo^mOEFucae^\\hPcAKYjvAJ`HZ]EGliHb[LLiChRvILCQw[RfdFlLhCDfyfobAnqr^wA]Duy]GnnpGOLzKY]fxvuYIakXsjuUUKnAZobjGOEtPN_j[pWcQLubBcU^JbdWtY[w[K`Vrn_iqAIuBBxCTSEJQMyq[E``fhArmcOPQAk^gLkB[[\\IeaDaURfNMivmNzDJARHZmimSba^E]xWzcXvEeZ^\\wBCbFyPgIbAISCVwolznoblPRvKpEy_aof]lfKNdRqvuwNhaCzQs[jhUPnPJoZcKCZUg`eQd_V\\xgqSEOenEifFEyH\\rvDpsNks]sAAXihUFOjiY\\LuKf^]WUQiXIZi[adjvypLOdWWAQApOZDWjJfMkO\\IcRcOPyu_eAn[fAgaOH\\FT[[yFDyQvWzg]hdwBHHBW]LNfdkj]EydmWpHrdJLAddOBGxyWj`HzZjqPMT]SPoqYWtGr]FXyvBmswM_fmSm`rdTgyrfQhtkpmpeMrGueHIEYxxTzoq`wBRbna[te[HRBQwGGcSogXIYi`viA_f\\qUno\\OrfXMPJzrCHArMX]Cs`sssNflsGof[g^IeskgX[HyYr]niJSOzo]OvcVdAgTJVUWVdsMUgpfYXt[BlrDjo`fgKONC]GgkGydE[GKpwycJIErBIUsIdeVpikKVfKr`JuRZQWbehNnqx]^GXLtIO_H]coWjvoKlGCAOmYlmmN[Vq`rMNEyZQjRfmpq]zsitDBkv\\OUy[HVBDmfCwK\\rqk[WkV]wbOmt_bSopvkyjzzJUQbAKn`pWrCSbTKGmYXLU]]]ZqNAZ]HrkRC[n\\mnjw]g_zN\\leMRboornEaTa`VujLcPRkSQgd]Xzpx[dlPpQqPw]KhjvZNJacxTXxJARvfyRWsxHFjoPadtvfnHDdUMVSqWsdCfcO^UKReFRjbpjZtAzDYlKCxiaYcz`\\E^DEMBCOieAipTB_^wYqXoLQ\\`Qpnmif`peEmfNsxkUnl\\MehCugajEPRmcgkN[wwVIziwmsjash[Y`zTgIlrBFqlUnACaIjPYrWTMvkQCxAqXptMcTEFiEuPSOTJlpIXJXBbJgGkX\\oEEzU_unZNEebTwGAyca_MochzoRDwMThMQqKTtoPxVvT_qheDgIIrxbP]SUkck^BkwUDGvhEnRbrtOIJGhAPDLqPibiA`EhMstdb\\e_HzEU`WkVNJLdvkNx_FEU`Ng`ieUyAfah]IsQyqQtxL[rU[l]fvF]XPzuT`gvBmVcc^HmrwzhoLXTmoKNssTE`EQMJyxZKVrLqrOqTzeiwXhLsgH_UYDJZQD^Mvcsz`]ZUL]uaUusNeHHXFT^rYEmShmaokdYWliXvNqgJMyA^KwoJvGHbFBa[kHgZwFpk]]\\vkMJOhTe[EOHlxXte]qRjHwKGKMNHJPBi[sYiwttmXGV]zv]_MKOfLmonCCE[F^QoNZREyKhdw_SBaiHOkjuyBV^iEegtoZhupbP`dXaB^eigZnNUvpkWcSnrwdAT_no^rYLzZbfSIt[WhqORXSyzjQR^oYdAXM]kqLoBbNvTKXNjrWKFViwMppnaGiLAy&quot;,110)" methodname="GetNumberOfCharsInStringTestRandom" classname="Open_Lab_03._10.Tests" runstate="Runnable" seed="270479151" result="Passed" start-time="2021-10-19 19:34:08Z" end-time="2021-10-19 19:34:08Z" duration="0.000104" asserts="1" />
            <test-case id="1081" name="GetNumberOfCharsInStringTestRandom('M',&quot;wWka\\BMjJXeoSDbfYO^fiQQvBXOutCuV`]RTHpiDIympKA\\]_Cnm[zMfFp`EnSqH^POpmO^c`Z^k_\\kAvlVqPHuaQfNSQdQpIfSvlgkQ`KNA]\\HeE_IBwzrVUi`GBLSwJhbsJpOPBFREutEo_dNl[OtJnwaDGdPTsQrouO\\PQtArim\\[elcXxa\\uoYFMOLJXqxLdCPtPHy\\bNB[A[GYVBrWSpwA]JOAEkdAkbsYUrTQzFthmxEmImoWzbtnGPXFtyWreBkZbhD^haWMvPN_F]rRwNBJhFRFZNWAiCDlNeK[jQiYKhrrBtAWGFvWAam]WyD[JW^tL]Q[SWcf`cyAN[DaMAtdGgkgshEkNNOoJyf`c`Ek]PrXbmPvu^NJ]um`ldceRsYRTKqPp^xhvJHrpSFFYJpjzEROLFoyw[Yer`EWvAFW`aOSmvkY_^MICiROsbDjjzk\\l^zPOiKXDYKZqz\\QVV[ZNPbINp_TwWhapmbPv\\JpToEd^sYtFnUT_RN\\vqBZKq[hleeDXMUuMeGYKyfVXeNJCTB^`GUEZkf]TXrtNU]tYZHuLoQwLfB`cRfYcG_QrP[\\ydFnHlHDITlcMHSkqYtnjGtCmZQHpLCJyfvbj]pZ^yWOaCM\\no[ZWgmsjCAh\\ANxRcdaMlATcZQkje]jMoTBkcmRtDrg]Hx^lZxyYgPCnHqwWBIFaQ\\ggMNipSgJtUr\\\\mzQh_Ra`RNcmqurumGLgRr_LOIGzGIZQU[eBsXCzuHUyewzXoOHNfpKv[EYVKbZInSXVQpCUDLmK]abSJjKrBLe`QibnzgpShLLR_dGzMmK[DAZu^GL\\WcHbisEbOOVXWZ]QUPoacLfOBK\\PPgQs\\TwEEddf_`kxWnDe^J`NRfsLxs`_WpScy]vC^XLlgIBD\\hsOGrlGGCap\\kHMDFOjNHytrAHFxoaJepkPARX`DL\\vvGbmQzibtRqTiyXGkfJS]XLgArLmhjgBfDxlZUpxGzPSyWbBuRpXCJZ_uvlYnwtKfohfAfgVqLM]HsheQJrWuOz]dZq^dWJKFFhKiwBOeZbqxwWCOHIeE]PWpLBapJlZBCXCK]vUIdm[hI_gDoP]O`FcpRV^u[Y[iHov`TrlLo\\[kpiggV^BtPL\\woNtHXZhLRmaTdGjx^Q[Dfszdir`xXaYwTylGxdoUoPYDHSCOnDWykYQvNQYaujnkTeAeVdzu]FPW[w\\WoQJTK[LuipshLNZF\\hj^RXsKE]]eJu\\QpCld`ZatYFw`kSiOgJunMxEXYzPiyaloUcrI\\q`CHqFL\\TZlnNyzziDrxULaKrurTILI[anpesfWstwE`_vlbmof_zLHezsPwNrSHRQM[JUHChzEYGAfvJQbTad[UfKeAV[fBdxONiRYXhdqAHi_zMUmwQzbipsoykGgNTDpImYMsrJgwm[NwgfoBhikeW`Xq][hawdgEtVMnHuFHTevVfrRESfafSLmMAWVW]FAJnJDQYAtnddRleCLfJcORDBlidAnl_ieOdmb\\oAgSlmCjuAbxKkNtqjGlXUhXNIOuyCIs[jrIwwaQzCocYpao\\lXufqDZTOEc_Ikrsj^\\sFwuIpmVaFzXbZZMfNMefXoirxlrRxjiSFwVp^mqDisOOhBEj^Lf^sp[QNCLDvEdVQF]^DXI\\Wax_aZKwhInlELZQ\\Eb[amIdPsyb`afFDKHSrvjnsPWnQrQEgMCyqiueYTPi\\cXG]hiuEGY`VnbRVVSYctuS_hOVP]u^gBSPrQQdIWAan^dDGcODBqGciEbpYTebMusT[RZEEjQMsU`BELOgOr]qvjbni\\KolZTtePcoIKyRaujT`alNExTVXBXljgWc`\\[ZBfWoc[_EsKQBzOOIkwknFy\\crrE]oWmEZQStKwfeZP^MlWl\\YNrclhUCJnwlVBQ\\YLcjwUyoRFTq[Pr\\FcEa`KTmwPkWAtOXzBo`nB`DPDQfT^cuw[fmxjwOsqngdbnXrwqZ[RhEDAQ\\tiYYhqZ`O\\[PFahxOtZhPsoXhIZenbjwZ[UJXVznHOJV]bTudjpKacMBuBk_Wolhm^qeM_`stgaAjYvGo`BDl`WqNSPWe[WS]\\dykjhFJwQuCLS\\GejrnivNHzXtOJOZPN^NpwVFrvtoO\\oBAoQzk``o`WrlRorAiqephEfJPezsoHyfKVs[tPjkhjhZEdnDEtGXryUwIGjG`hAYXMawvWGZHtHyXMFgqwnuAanMBwSn`cLAjOCrDrHimhQxrV_vBDQctFYqZUvyETt_iHPIKNczoFHSQpUfXWl\\ScGdqLYivIdZnlPjGWlo[RnoxF`dzPbhbYMFAfRzouDg\\i``ae`AfxABoSglfpjfbwrV_Kj[FmAaNHTOaACUkaBeYKQiz`TyLXE_rKAWvFvtxZngzXLfmUvBuMwTtA\\`YBVqDoXVzgZfeIhyXejbUiLr\\CeeNg]udW\\vExdLApfFvQWm`ywPRuLkp_UAJnITK_BOhlt[A_b_CFwKfrFOkNcjLkFaccBMgSvWPIFoF]OnSghkcJUSiudwvSDwfSsY]UskK`v^lQINypW`CVyYNj_mjy[wFJImdpQynxaCOraXlVxGw_tPUZLnpFALFyYcIWeJ`XlFpwJVJHAUBUAaPtYKe]JiwVxPZxOVlob_nnZXQpehEgJkxrSPxZ_COCI[zuwLtfdMn]n]ZAups\\dQLMRcezXRQ_PkfyYVtZoZCxx\\Dqpx`jJnZrPmcUatNSwOMDq[b_wZgKNNOq_oJ[lbU]Rnifn_svLkBjOAAUVBnkGPdC_lpmjnbVtkmClwkXbly^M`c_opFjneWBJgHBjFLYJgp_OxcZRVJUQGpyJRyuirbPTksEoih\\aaUajEQqMfYX[BkDrIsYHQjREaK^E^eciiokmPPFAHiCZJoSzpNgqPUPqD\\JtmmiAqjmMARctnXzchrvls_OQylZU`ujnFLOVABdZCFz_fmCrVgJL`YBO^YCEQXhGboncJdcfO\\im`keLjbysk^NhJzsbz`JeXswrz[ilE^xEkOjmnqUjZoVEaGYJkAfiSDUgnnMOtMoMaJxuQGoIK[Ld^sRsC_BDsOmgtDyAeGpMzJ_WJ^teM]_rrlJv\\TMULlURXQANHo_EezdUUuj_fXrVkupItD_Qt[AOoMzs]g^Xy[NrIpbbdhjotyb^\\sTEPNKJzU`HvrBztZXPhxAE]xhMkMUpf]XeSZIkQDsnPZgmgku[bRp^sOcSayZnAj]YZXg[RhzdFMoCQuaARuNTgtlDrpJReFn`wNSOE[JuRMYfZ`BfYY\\G\\Jmafcd\\^hzAZPGDcRwrkTB[\\GdRn^tLdgDn[mc\\qhWdMXMKZyDG]eVIHSE`yRiAooWmLTcqi[ADxXNDtZspZnizRvfIhD^_zWpYBZzGVNYCdRLjEAf`ZtaBFX[Ph[Ifx]EbcpC[ZmZMUgVAkvDgXxFGpoSeykYuFmFHNeHPyLGgZUgZB[_mX\\NzWxln]X\\iU_HcbOmGooiLrZg\\Itc^Lg^d_FlQsUmajXSuNEsmiYydnCIwQQfdpx^iB^D]^]OZBH\\ZHmNEBqpniuq]wozbiIlmudtjAVPMK_bfajp_CacyIkAGga`i]glsWj`^s^DfadcJSLwNz[`IamdJdnD[qaj_niPqJRf`^xY`Hqn\\eSjBHcSdFVtF[dpztEWevFDhpzecUEBnzbq^rhXKWfknY`EuIYfDZJ`_PCMHyjPBTFGtmSIMgMNQVPPPvk[vYyUqBSNp[QLhWj[SZLHqPZWMvPJAmwLNPTcVlQr[ETlWAaufpxpkdegzbIumINC^EyYCHEaJTglwizLVV^LpG\\eehcndVFRrQNSCIr_kWgWwsjRcw_XfBNXcTnV_RxnOUuf[hIN^z[Y[FhmxRLgqigpDqjiV]zYZsIcyEqunRtfapw^gAXMGQw`hEbex[rBzBycxFos[Qt`oAOOtMCUEnSJvcut]MxTZsg`qUabM_lpWXlgpTkkX^wMipgUKuWOSaFwUjY`g\\I`B^m^rODJ\\Nvww[qBiLWRI^^qSpSGvLDvUWLLCI]wqNnFeIzutWr\\EqX_AwLCvxNQJAc`Pey`i[[vjXMKpXM_Tcr_zgLFx[Asz]vea[fPYRmeV\\ockBN^liwbJD`cYsbOZbvN\\cdUmxGBpMI^sdVwN]HQ`U\\]uDq`k_KoaaGHXslnculwvBjp]fAx[ehGHHZjGbRRCUxR]O`UlTifd_atTACE^NTvtzAPYCgBdZtbEYTOGgLGwC^caaWG_NnpABY]NPvjggBJfzpuhnxrBNzq]Yjsga]VfEbCAqBrl]ZPATxbl\\YlPwomCbApaCDGKg^bXmuqmGF`ojqJ\\HGKHlFjPpzYqMQiZTEUpWKyabzIqPySlqTZwsyZaoRcn\\A`pXF\\e]TFxIealwsAqghzsrmaUfnAEbLFbZSYJ]iP^O\\nOYhdwQlGnAhyf`GziTAVw`ySeZrUyY]dVySwxKEoqFRamUndWiaKOGrjZVz]YXHV_DchNKB_OL`rNX`PgOxPrSUPGc]cKbWYxvCimFWMhCvDbA\\BpkqKZr^MiSaehZTgpGtRVr]arlcoWRiGH[m[lMzGYpzZ_m_NjOO[HJgxNPShOiqXe[^MgsvdGmtasCCFMUFHDNyxooN\\tRrjzbpDOSbrSfTUPGFKNN\\tdiUW\\`Xsf[jpuKaQNyqtnOoYtehijCNgqxGRNZbjvjLsv_ZF`pxPWbGVtv]rriIdMDyxDPCnWHyECw]UKbJtEyPPrkXSwksMacfra]CQmKsPcBSwZHhP`O`OnjFTrkrgOm_[Reoi`tHuGAgpY[soDcgRCXEqWiYCSMAq^rfoTzjgHeInCPuWrCcgFNXuaxRq\\FbtzqSapE\\EsAJYPQoHoBKPdUlP[kNVhsLCDOoMxUbnb_nEDzfQJKCZuSQfECGFqGWApHUA\\cJZZWiEagM[FxL^plHlyJHuO]x\\InPweeobAdA_dLEYqfztusKDzdCS\\PLxZMvnXPp\\Ie^MldHmEjDc]DbPcLwAb\\GkYCEXPQAbp_kPVySW]QOlLc\\VffKLSpth_moj`j]ni]myTRueta_RNU_paildFoOAfDlcJdrmn[Djp^CUlaSmQbZKNyIqythtOmSQ`R[Qjl_mRpADgXs`]]jDdbUK[AounJ[DKmoZFCD`DhsYyFKaAIXmCPgyxQpiweyIUwsucZ[[YKAviwMVqNtfliBvFq]pMUcYikDBMQybhxTrOkPAD[rjkTWgvxomxeNDbbNysKIaPSxoVJhUa\\lm^tiVTXGP\\LeDkPQg^RItRRZXWcQlQ[M\\t[ahtse[DtEEiuDFtArOSr\\LZQylHUzByIJPicnehiqYMVj\\_LsPcxJBzVOcttTiuDF`koWQNMbdBDzEa]Mv]jYByIPTUKloVH^JQJlkocBWW`zwWJBWgXMKeEbc`DwD[nOu`poXl]HuiCeYISxKIVHxuT_LcJLlfyvcRFXaVefKQS\\cZIZMFlvFfRzLRcobRVOjGCHCuXp^jxgcrwm[jyfuDpwzFMPmqDtuDm\\XAWRiwXVieXTUqUrSkUgQFIwiIChgEm_F[UZThxyfZOVituw\\LaKjGKRsZdatkjersOu]u_fnVArrmOpOGL\\^bozQCbtEWEvkd^qfz[bgvXUFT[FLnSm`OHQDOdZSfaWQFGOOXKOgdobK[twc\\hQESV]\\NmWWAOAUADANMrodDGvZaFdVhrryQRyjemAeosfVnMKXtjVethBLZCvIJBjJXCEiEQc[qJpL[afTvL]x\\MEdQmPbqs\\nI]ylI\\ScGvnkrpltXcMx_liKy[YRBBdxiCCxbuK[tuq`ZUl\\BVKOg^OWoonhCBaFRpCpmnS]XmEevIkdjwQfrVRKofJnH^XrTlNdRvjNDhqtYd\\fDJyFlvOw_rBGd_VuUNRKuHRnNCbJ`XmKK_jx_RGX]RE[tce_Sv`LRQkvrKriUEWGEqvFpXVCGuhdCrtfYCqdsbttnnGUZYDYuyVDg_jv`]EXdHtzQMQRNnO^xCRBQBciqPjE\\qytSvDV]]QguGDNHmKHjsFeNie^tWaTXo_[NXySjsA[leHKyVaEEbUdkUgeQ`\\FvwOFcdzknsXrrftcb[`^q]Op[vjtkTBJWu`oVBbVWpQMK^lF[DDqAyPZhYfhtFzZqO[wGEM`sJHALCfwJdZhQLIYfFGwWu\\RqqWwCozVq^xqqOOfni^QgSJfFBRAyPJyipKUgjtVeDqmNSbWq[JhWLf_hkrB^yXaUyIAEuzEoIfc\\XXnZuK^G]b]KghvssrffPXOJbRw\\FsO`CCPSDbcou[sXfpYMDLvQAxLzIdsdNCAdTwIdXcoRPrlp`r^ltjXtwx`EqPK[izasZOEjhop\\XeBIMWZRGHk_eHgVXDnHYUcQQsVRnoDEuw]SwWsZpsTbOCNSciSeBhCDCksTBI_RDfdieUZAKTS`AABOfCiE]ZCMtZQL_`YgUC_dY`hNPSZhV^DBjdhy[ZpddXoLEN\\evfKy]YpFU\\pKAUrWVO]urZMvMuABl]JBqomkSE_RncdyefdO`Ypplan\\YPlcYoUsSnTLcHDQjLGPqOQaQm]TgTPQBQRDTwszOkgqSXfXU_FaZ^fKyLRfSBMy_CKRqAxnSHBFb[OsGEyHNjr^fHEHfMgM_iSQNTbTbSOR]ac_xY`NCFkoLggiwqHF[obtHxfm^eav\\`AF_`KMhZJYx^EahsXlKIrhyjWznmkY`pTfgaKWfvXBeIvdtEEeNpkSiSGoILZuiltIKZuHhAFPkpDqomGihFKkEAxT[WN[\\^TsPmZZKxwMj\\btPQzWElMcaJEJ]bgRmfnN]KbBTg_jJxAdZDDJWrVkQkSFiPxcQf[EhTWFjxCYM^ZcI[kY_^vuPDxls\\TDjvY_^vvFhy[Yox^nRjwN`_Enk`pdVfMNezjREvFN_el`C]FSaK[J_F^KrfoxGSkClMopOMjWdjiun_lN[^DKKDi_\\_[YHHGMujophQDU\\E`pWcWSta^dO`rh_PTjmQO]d]AEjvaJZjjG_tHsIH_bd]xVrGRXwUcLpDMucRcyAUK`qkJeH\\belhsG_fNdeINEH^Q[hNQq_aaPSY`GxgP\\nx[HKGWxEzUsGFYSZixuLkGKGcnGFGgxslRKDJQbqSm`MiIMzMgOjVQDrPAbSQryTWzUoOPQYVEsybyYZbGtZYN^\\NSnIiOa[nLpioXlwWpTQXFPRcHlJy`vJ]tav]IkG^XKVIjfJUwCctMEID\\`a^W]OQgMurq[NEMnAuuIt]bpC]SPQoXsAcKdHuwF]^lS_\\p_gYEOISgEvb[lxWwFZyZeudgFypgWkPQahocrkJjiwFh`[KHGafsaBKdDmzPTgQTfQuEJnEVPOliowGenhapFXk_]K`EltVBgmBPaFxT]PcRQ]pGfU]gG\\NOaVczNzdVtkCCurEikNSpoYOAVYYXXjvL`niK^yF]gNYa[nMoQnvtIX[HHceoaLyJor]HItKmHqJbAiacMeHdnCDHSaDvURv[OOldQEfWdJlROsHYCBbwEUWmnVobpPYqviSlwwSHzkAeQltZZetSjyWuszpuPDaUlvW`aV]FjZxUTl\\C\\VILWGHwSXtxHXsvJgtVVUtDIncPBBaG^mZuvVxfn[MI\\_xSbCKhsGhH\\ECc^suQrnZVyxzniObvHkceqQhzrsNXFRYrTVHv`wRiEcUeCWze_mAk]YlNKvZy`CPg_I[SGfVLZt`OvDx\\tdtTRhUveule]SICThFtvg_sWoRcs^RHyyEwIvVqo`iMukiGk^vOxD`NFAw]WmCGcdg_OMtXRPFWxSyfGKrVcCJuZrrIytZC]cdQEJs_d^wiyIPnCRWMuh_aZmFWUkYYpCuVihbwRSlEF\\vQbEGh^NHoDCrSE]KtF_svOtEUjZubwZ[xqppQekvbvFRfqOspIszbczChAlxDSasect\\PguOUcRAJcY_[aFYEZsVqnHPsmrOUMhDxndIOdezRzsFcN]^NHoKk_e]`eWbkCfwuVahxxK[psDruBhePUBMY]SZIHceMDPPTvKMgp`QxTVr[nb^wlRVBY_YCH_pU`Oldo^yr[x[okPFH\\yV`Fh\\ltNuXmK`QkwYFdOgPdg\\nraQJZQbJJPPrnAkadaEPYJEoqz^NSFwYLhuSxky\\dVG[haSd^GgCbLVh]\\SZnTqETqgFGXcsccgCDdHQhujMYtqzSMq\\X`iP`BHquM^G^o[z`SesUClteegZzgntaH[CuW^B]QW\\XcieZr[AcyHVnofuViqOYd`VTXEJocWDfQ]BvBAHLnQcAEPFkdfn[ICnCTQBnQLAcEk]SdyUiiCeTxVPIyYKxcd]OjyclyUubQzvUnmHfRFlGXZFxAtosBCA[NOdeVcjUHDDxZvULR_f]sWqPtfkF`CaNz[G`J]PiWWyUWH^F_db]X^cqXUlkrdoF]pyyopCoOwG\\Y\\tmHebw[Dq]sQHol`qmbtraJ_RianO[XHYv\\zcNCseZz\\G_hNDjGTt`eSccTsVhpWEkrMTmwdkjOYbhYnASj_UENtRIWAuJ]xedXWg\\uRm]cJQLlvK`rCxQCA]xuKVwjaMQnxQBG_YYmr\\DcFX\\pUR[ATaWtjbkvqnCxAXnfIZTe__K`YVonuGUOmQZXtIXxi^wEZGcheqgvyq\\pWq[UmxAjYnLjyWlACVvBcGGSmGIEZZQwpeBDhDKl^MfgvsjNEgtcu[NPkIbfovPz]PuTVhSyLK^V\\[WuXvzn`hCUWlS_\\_xbwfJgxVsWTuXjwsnPmhOsv]ZpM`xdVo^gNvYqRkwBCcZfPSY_yCmoQEg[LTZXYPB`Xl\\AZxyBkNqSCoauHYfSBiWJPxexQ_cnbuO_qXFAEkECNTYXn`QAdj^iUSk\\TBkLfClH`BDjTfOQeTvw`NKlObKrXaJ_gdhDAsXLbQrl\\ahy\\MDAXowGqyxDstkzr`DjxLQmwkUOVYQhuLWK]JGrhaMBvTSi`rtw^xAPwRDg[hkYiPJh^a^iYLCXyPqcYgj^_TKwLGNKFZXAqoSgKeKzUL_SvdQh\\\\OoyMtVEM]WSScynBbKwKXn\\jJSpsBbqajeLdCduxbyIogCd`_tCFkQD\\SODa`MLuamcynKzxQydZegDGjQTH`kpZajQn`UYUnOOuZemUtEplgergLxqPsDUqwIYDtLYvaOgVYIgF^zN\\uDmwsecc^I]jtXyQ&quot;,144)" fullname="Open_Lab_03._10.Tests.GetNumberOfCharsInStringTestRandom('M',&quot;wWka\\BMjJXeoSDbfYO^fiQQvBXOutCuV`]RTHpiDIympKA\\]_Cnm[zMfFp`EnSqH^POpmO^c`Z^k_\\kAvlVqPHuaQfNSQdQpIfSvlgkQ`KNA]\\HeE_IBwzrVUi`GBLSwJhbsJpOPBFREutEo_dNl[OtJnwaDGdPTsQrouO\\PQtArim\\[elcXxa\\uoYFMOLJXqxLdCPtPHy\\bNB[A[GYVBrWSpwA]JOAEkdAkbsYUrTQzFthmxEmImoWzbtnGPXFtyWreBkZbhD^haWMvPN_F]rRwNBJhFRFZNWAiCDlNeK[jQiYKhrrBtAWGFvWAam]WyD[JW^tL]Q[SWcf`cyAN[DaMAtdGgkgshEkNNOoJyf`c`Ek]PrXbmPvu^NJ]um`ldceRsYRTKqPp^xhvJHrpSFFYJpjzEROLFoyw[Yer`EWvAFW`aOSmvkY_^MICiROsbDjjzk\\l^zPOiKXDYKZqz\\QVV[ZNPbINp_TwWhapmbPv\\JpToEd^sYtFnUT_RN\\vqBZKq[hleeDXMUuMeGYKyfVXeNJCTB^`GUEZkf]TXrtNU]tYZHuLoQwLfB`cRfYcG_QrP[\\ydFnHlHDITlcMHSkqYtnjGtCmZQHpLCJyfvbj]pZ^yWOaCM\\no[ZWgmsjCAh\\ANxRcdaMlATcZQkje]jMoTBkcmRtDrg]Hx^lZxyYgPCnHqwWBIFaQ\\ggMNipSgJtUr\\\\mzQh_Ra`RNcmqurumGLgRr_LOIGzGIZQU[eBsXCzuHUyewzXoOHNfpKv[EYVKbZInSXVQpCUDLmK]abSJjKrBLe`QibnzgpShLLR_dGzMmK[DAZu^GL\\WcHbisEbOOVXWZ]QUPoacLfOBK\\PPgQs\\TwEEddf_`kxWnDe^J`NRfsLxs`_WpScy]vC^XLlgIBD\\hsOGrlGGCap\\kHMDFOjNHytrAHFxoaJepkPARX`DL\\vvGbmQzibtRqTiyXGkfJS]XLgArLmhjgBfDxlZUpxGzPSyWbBuRpXCJZ_uvlYnwtKfohfAfgVqLM]HsheQJrWuOz]dZq^dWJKFFhKiwBOeZbqxwWCOHIeE]PWpLBapJlZBCXCK]vUIdm[hI_gDoP]O`FcpRV^u[Y[iHov`TrlLo\\[kpiggV^BtPL\\woNtHXZhLRmaTdGjx^Q[Dfszdir`xXaYwTylGxdoUoPYDHSCOnDWykYQvNQYaujnkTeAeVdzu]FPW[w\\WoQJTK[LuipshLNZF\\hj^RXsKE]]eJu\\QpCld`ZatYFw`kSiOgJunMxEXYzPiyaloUcrI\\q`CHqFL\\TZlnNyzziDrxULaKrurTILI[anpesfWstwE`_vlbmof_zLHezsPwNrSHRQM[JUHChzEYGAfvJQbTad[UfKeAV[fBdxONiRYXhdqAHi_zMUmwQzbipsoykGgNTDpImYMsrJgwm[NwgfoBhikeW`Xq][hawdgEtVMnHuFHTevVfrRESfafSLmMAWVW]FAJnJDQYAtnddRleCLfJcORDBlidAnl_ieOdmb\\oAgSlmCjuAbxKkNtqjGlXUhXNIOuyCIs[jrIwwaQzCocYpao\\lXufqDZTOEc_Ikrsj^\\sFwuIpmVaFzXbZZMfNMefXoirxlrRxjiSFwVp^mqDisOOhBEj^Lf^sp[QNCLDvEdVQF]^DXI\\Wax_aZKwhInlELZQ\\Eb[amIdPsyb`afFDKHSrvjnsPWnQrQEgMCyqiueYTPi\\cXG]hiuEGY`VnbRVVSYctuS_hOVP]u^gBSPrQQdIWAan^dDGcODBqGciEbpYTebMusT[RZEEjQMsU`BELOgOr]qvjbni\\KolZTtePcoIKyRaujT`alNExTVXBXljgWc`\\[ZBfWoc[_EsKQBzOOIkwknFy\\crrE]oWmEZQStKwfeZP^MlWl\\YNrclhUCJnwlVBQ\\YLcjwUyoRFTq[Pr\\FcEa`KTmwPkWAtOXzBo`nB`DPDQfT^cuw[fmxjwOsqngdbnXrwqZ[RhEDAQ\\tiYYhqZ`O\\[PFahxOtZhPsoXhIZenbjwZ[UJXVznHOJV]bTudjpKacMBuBk_Wolhm^qeM_`stgaAjYvGo`BDl`WqNSPWe[WS]\\dykjhFJwQuCLS\\GejrnivNHzXtOJOZPN^NpwVFrvtoO\\oBAoQzk``o`WrlRorAiqephEfJPezsoHyfKVs[tPjkhjhZEdnDEtGXryUwIGjG`hAYXMawvWGZHtHyXMFgqwnuAanMBwSn`cLAjOCrDrHimhQxrV_vBDQctFYqZUvyETt_iHPIKNczoFHSQpUfXWl\\ScGdqLYivIdZnlPjGWlo[RnoxF`dzPbhbYMFAfRzouDg\\i``ae`AfxABoSglfpjfbwrV_Kj[FmAaNHTOaACUkaBeYKQiz`TyLXE_rKAWvFvtxZngzXLfmUvBuMwTtA\\`YBVqDoXVzgZfeIhyXejbUiLr\\CeeNg]udW\\vExdLApfFvQWm`ywPRuLkp_UAJnITK_BOhlt[A_b_CFwKfrFOkNcjLkFaccBMgSvWPIFoF]OnSghkcJUSiudwvSDwfSsY]UskK`v^lQINypW`CVyYNj_mjy[wFJImdpQynxaCOraXlVxGw_tPUZLnpFALFyYcIWeJ`XlFpwJVJHAUBUAaPtYKe]JiwVxPZxOVlob_nnZXQpehEgJkxrSPxZ_COCI[zuwLtfdMn]n]ZAups\\dQLMRcezXRQ_PkfyYVtZoZCxx\\Dqpx`jJnZrPmcUatNSwOMDq[b_wZgKNNOq_oJ[lbU]Rnifn_svLkBjOAAUVBnkGPdC_lpmjnbVtkmClwkXbly^M`c_opFjneWBJgHBjFLYJgp_OxcZRVJUQGpyJRyuirbPTksEoih\\aaUajEQqMfYX[BkDrIsYHQjREaK^E^eciiokmPPFAHiCZJoSzpNgqPUPqD\\JtmmiAqjmMARctnXzchrvls_OQylZU`ujnFLOVABdZCFz_fmCrVgJL`YBO^YCEQXhGboncJdcfO\\im`keLjbysk^NhJzsbz`JeXswrz[ilE^xEkOjmnqUjZoVEaGYJkAfiSDUgnnMOtMoMaJxuQGoIK[Ld^sRsC_BDsOmgtDyAeGpMzJ_WJ^teM]_rrlJv\\TMULlURXQANHo_EezdUUuj_fXrVkupItD_Qt[AOoMzs]g^Xy[NrIpbbdhjotyb^\\sTEPNKJzU`HvrBztZXPhxAE]xhMkMUpf]XeSZIkQDsnPZgmgku[bRp^sOcSayZnAj]YZXg[RhzdFMoCQuaARuNTgtlDrpJReFn`wNSOE[JuRMYfZ`BfYY\\G\\Jmafcd\\^hzAZPGDcRwrkTB[\\GdRn^tLdgDn[mc\\qhWdMXMKZyDG]eVIHSE`yRiAooWmLTcqi[ADxXNDtZspZnizRvfIhD^_zWpYBZzGVNYCdRLjEAf`ZtaBFX[Ph[Ifx]EbcpC[ZmZMUgVAkvDgXxFGpoSeykYuFmFHNeHPyLGgZUgZB[_mX\\NzWxln]X\\iU_HcbOmGooiLrZg\\Itc^Lg^d_FlQsUmajXSuNEsmiYydnCIwQQfdpx^iB^D]^]OZBH\\ZHmNEBqpniuq]wozbiIlmudtjAVPMK_bfajp_CacyIkAGga`i]glsWj`^s^DfadcJSLwNz[`IamdJdnD[qaj_niPqJRf`^xY`Hqn\\eSjBHcSdFVtF[dpztEWevFDhpzecUEBnzbq^rhXKWfknY`EuIYfDZJ`_PCMHyjPBTFGtmSIMgMNQVPPPvk[vYyUqBSNp[QLhWj[SZLHqPZWMvPJAmwLNPTcVlQr[ETlWAaufpxpkdegzbIumINC^EyYCHEaJTglwizLVV^LpG\\eehcndVFRrQNSCIr_kWgWwsjRcw_XfBNXcTnV_RxnOUuf[hIN^z[Y[FhmxRLgqigpDqjiV]zYZsIcyEqunRtfapw^gAXMGQw`hEbex[rBzBycxFos[Qt`oAOOtMCUEnSJvcut]MxTZsg`qUabM_lpWXlgpTkkX^wMipgUKuWOSaFwUjY`g\\I`B^m^rODJ\\Nvww[qBiLWRI^^qSpSGvLDvUWLLCI]wqNnFeIzutWr\\EqX_AwLCvxNQJAc`Pey`i[[vjXMKpXM_Tcr_zgLFx[Asz]vea[fPYRmeV\\ockBN^liwbJD`cYsbOZbvN\\cdUmxGBpMI^sdVwN]HQ`U\\]uDq`k_KoaaGHXslnculwvBjp]fAx[ehGHHZjGbRRCUxR]O`UlTifd_atTACE^NTvtzAPYCgBdZtbEYTOGgLGwC^caaWG_NnpABY]NPvjggBJfzpuhnxrBNzq]Yjsga]VfEbCAqBrl]ZPATxbl\\YlPwomCbApaCDGKg^bXmuqmGF`ojqJ\\HGKHlFjPpzYqMQiZTEUpWKyabzIqPySlqTZwsyZaoRcn\\A`pXF\\e]TFxIealwsAqghzsrmaUfnAEbLFbZSYJ]iP^O\\nOYhdwQlGnAhyf`GziTAVw`ySeZrUyY]dVySwxKEoqFRamUndWiaKOGrjZVz]YXHV_DchNKB_OL`rNX`PgOxPrSUPGc]cKbWYxvCimFWMhCvDbA\\BpkqKZr^MiSaehZTgpGtRVr]arlcoWRiGH[m[lMzGYpzZ_m_NjOO[HJgxNPShOiqXe[^MgsvdGmtasCCFMUFHDNyxooN\\tRrjzbpDOSbrSfTUPGFKNN\\tdiUW\\`Xsf[jpuKaQNyqtnOoYtehijCNgqxGRNZbjvjLsv_ZF`pxPWbGVtv]rriIdMDyxDPCnWHyECw]UKbJtEyPPrkXSwksMacfra]CQmKsPcBSwZHhP`O`OnjFTrkrgOm_[Reoi`tHuGAgpY[soDcgRCXEqWiYCSMAq^rfoTzjgHeInCPuWrCcgFNXuaxRq\\FbtzqSapE\\EsAJYPQoHoBKPdUlP[kNVhsLCDOoMxUbnb_nEDzfQJKCZuSQfECGFqGWApHUA\\cJZZWiEagM[FxL^plHlyJHuO]x\\InPweeobAdA_dLEYqfztusKDzdCS\\PLxZMvnXPp\\Ie^MldHmEjDc]DbPcLwAb\\GkYCEXPQAbp_kPVySW]QOlLc\\VffKLSpth_moj`j]ni]myTRueta_RNU_paildFoOAfDlcJdrmn[Djp^CUlaSmQbZKNyIqythtOmSQ`R[Qjl_mRpADgXs`]]jDdbUK[AounJ[DKmoZFCD`DhsYyFKaAIXmCPgyxQpiweyIUwsucZ[[YKAviwMVqNtfliBvFq]pMUcYikDBMQybhxTrOkPAD[rjkTWgvxomxeNDbbNysKIaPSxoVJhUa\\lm^tiVTXGP\\LeDkPQg^RItRRZXWcQlQ[M\\t[ahtse[DtEEiuDFtArOSr\\LZQylHUzByIJPicnehiqYMVj\\_LsPcxJBzVOcttTiuDF`koWQNMbdBDzEa]Mv]jYByIPTUKloVH^JQJlkocBWW`zwWJBWgXMKeEbc`DwD[nOu`poXl]HuiCeYISxKIVHxuT_LcJLlfyvcRFXaVefKQS\\cZIZMFlvFfRzLRcobRVOjGCHCuXp^jxgcrwm[jyfuDpwzFMPmqDtuDm\\XAWRiwXVieXTUqUrSkUgQFIwiIChgEm_F[UZThxyfZOVituw\\LaKjGKRsZdatkjersOu]u_fnVArrmOpOGL\\^bozQCbtEWEvkd^qfz[bgvXUFT[FLnSm`OHQDOdZSfaWQFGOOXKOgdobK[twc\\hQESV]\\NmWWAOAUADANMrodDGvZaFdVhrryQRyjemAeosfVnMKXtjVethBLZCvIJBjJXCEiEQc[qJpL[afTvL]x\\MEdQmPbqs\\nI]ylI\\ScGvnkrpltXcMx_liKy[YRBBdxiCCxbuK[tuq`ZUl\\BVKOg^OWoonhCBaFRpCpmnS]XmEevIkdjwQfrVRKofJnH^XrTlNdRvjNDhqtYd\\fDJyFlvOw_rBGd_VuUNRKuHRnNCbJ`XmKK_jx_RGX]RE[tce_Sv`LRQkvrKriUEWGEqvFpXVCGuhdCrtfYCqdsbttnnGUZYDYuyVDg_jv`]EXdHtzQMQRNnO^xCRBQBciqPjE\\qytSvDV]]QguGDNHmKHjsFeNie^tWaTXo_[NXySjsA[leHKyVaEEbUdkUgeQ`\\FvwOFcdzknsXrrftcb[`^q]Op[vjtkTBJWu`oVBbVWpQMK^lF[DDqAyPZhYfhtFzZqO[wGEM`sJHALCfwJdZhQLIYfFGwWu\\RqqWwCozVq^xqqOOfni^QgSJfFBRAyPJyipKUgjtVeDqmNSbWq[JhWLf_hkrB^yXaUyIAEuzEoIfc\\XXnZuK^G]b]KghvssrffPXOJbRw\\FsO`CCPSDbcou[sXfpYMDLvQAxLzIdsdNCAdTwIdXcoRPrlp`r^ltjXtwx`EqPK[izasZOEjhop\\XeBIMWZRGHk_eHgVXDnHYUcQQsVRnoDEuw]SwWsZpsTbOCNSciSeBhCDCksTBI_RDfdieUZAKTS`AABOfCiE]ZCMtZQL_`YgUC_dY`hNPSZhV^DBjdhy[ZpddXoLEN\\evfKy]YpFU\\pKAUrWVO]urZMvMuABl]JBqomkSE_RncdyefdO`Ypplan\\YPlcYoUsSnTLcHDQjLGPqOQaQm]TgTPQBQRDTwszOkgqSXfXU_FaZ^fKyLRfSBMy_CKRqAxnSHBFb[OsGEyHNjr^fHEHfMgM_iSQNTbTbSOR]ac_xY`NCFkoLggiwqHF[obtHxfm^eav\\`AF_`KMhZJYx^EahsXlKIrhyjWznmkY`pTfgaKWfvXBeIvdtEEeNpkSiSGoILZuiltIKZuHhAFPkpDqomGihFKkEAxT[WN[\\^TsPmZZKxwMj\\btPQzWElMcaJEJ]bgRmfnN]KbBTg_jJxAdZDDJWrVkQkSFiPxcQf[EhTWFjxCYM^ZcI[kY_^vuPDxls\\TDjvY_^vvFhy[Yox^nRjwN`_Enk`pdVfMNezjREvFN_el`C]FSaK[J_F^KrfoxGSkClMopOMjWdjiun_lN[^DKKDi_\\_[YHHGMujophQDU\\E`pWcWSta^dO`rh_PTjmQO]d]AEjvaJZjjG_tHsIH_bd]xVrGRXwUcLpDMucRcyAUK`qkJeH\\belhsG_fNdeINEH^Q[hNQq_aaPSY`GxgP\\nx[HKGWxEzUsGFYSZixuLkGKGcnGFGgxslRKDJQbqSm`MiIMzMgOjVQDrPAbSQryTWzUoOPQYVEsybyYZbGtZYN^\\NSnIiOa[nLpioXlwWpTQXFPRcHlJy`vJ]tav]IkG^XKVIjfJUwCctMEID\\`a^W]OQgMurq[NEMnAuuIt]bpC]SPQoXsAcKdHuwF]^lS_\\p_gYEOISgEvb[lxWwFZyZeudgFypgWkPQahocrkJjiwFh`[KHGafsaBKdDmzPTgQTfQuEJnEVPOliowGenhapFXk_]K`EltVBgmBPaFxT]PcRQ]pGfU]gG\\NOaVczNzdVtkCCurEikNSpoYOAVYYXXjvL`niK^yF]gNYa[nMoQnvtIX[HHceoaLyJor]HItKmHqJbAiacMeHdnCDHSaDvURv[OOldQEfWdJlROsHYCBbwEUWmnVobpPYqviSlwwSHzkAeQltZZetSjyWuszpuPDaUlvW`aV]FjZxUTl\\C\\VILWGHwSXtxHXsvJgtVVUtDIncPBBaG^mZuvVxfn[MI\\_xSbCKhsGhH\\ECc^suQrnZVyxzniObvHkceqQhzrsNXFRYrTVHv`wRiEcUeCWze_mAk]YlNKvZy`CPg_I[SGfVLZt`OvDx\\tdtTRhUveule]SICThFtvg_sWoRcs^RHyyEwIvVqo`iMukiGk^vOxD`NFAw]WmCGcdg_OMtXRPFWxSyfGKrVcCJuZrrIytZC]cdQEJs_d^wiyIPnCRWMuh_aZmFWUkYYpCuVihbwRSlEF\\vQbEGh^NHoDCrSE]KtF_svOtEUjZubwZ[xqppQekvbvFRfqOspIszbczChAlxDSasect\\PguOUcRAJcY_[aFYEZsVqnHPsmrOUMhDxndIOdezRzsFcN]^NHoKk_e]`eWbkCfwuVahxxK[psDruBhePUBMY]SZIHceMDPPTvKMgp`QxTVr[nb^wlRVBY_YCH_pU`Oldo^yr[x[okPFH\\yV`Fh\\ltNuXmK`QkwYFdOgPdg\\nraQJZQbJJPPrnAkadaEPYJEoqz^NSFwYLhuSxky\\dVG[haSd^GgCbLVh]\\SZnTqETqgFGXcsccgCDdHQhujMYtqzSMq\\X`iP`BHquM^G^o[z`SesUClteegZzgntaH[CuW^B]QW\\XcieZr[AcyHVnofuViqOYd`VTXEJocWDfQ]BvBAHLnQcAEPFkdfn[ICnCTQBnQLAcEk]SdyUiiCeTxVPIyYKxcd]OjyclyUubQzvUnmHfRFlGXZFxAtosBCA[NOdeVcjUHDDxZvULR_f]sWqPtfkF`CaNz[G`J]PiWWyUWH^F_db]X^cqXUlkrdoF]pyyopCoOwG\\Y\\tmHebw[Dq]sQHol`qmbtraJ_RianO[XHYv\\zcNCseZz\\G_hNDjGTt`eSccTsVhpWEkrMTmwdkjOYbhYnASj_UENtRIWAuJ]xedXWg\\uRm]cJQLlvK`rCxQCA]xuKVwjaMQnxQBG_YYmr\\DcFX\\pUR[ATaWtjbkvqnCxAXnfIZTe__K`YVonuGUOmQZXtIXxi^wEZGcheqgvyq\\pWq[UmxAjYnLjyWlACVvBcGGSmGIEZZQwpeBDhDKl^MfgvsjNEgtcu[NPkIbfovPz]PuTVhSyLK^V\\[WuXvzn`hCUWlS_\\_xbwfJgxVsWTuXjwsnPmhOsv]ZpM`xdVo^gNvYqRkwBCcZfPSY_yCmoQEg[LTZXYPB`Xl\\AZxyBkNqSCoauHYfSBiWJPxexQ_cnbuO_qXFAEkECNTYXn`QAdj^iUSk\\TBkLfClH`BDjTfOQeTvw`NKlObKrXaJ_gdhDAsXLbQrl\\ahy\\MDAXowGqyxDstkzr`DjxLQmwkUOVYQhuLWK]JGrhaMBvTSi`rtw^xAPwRDg[hkYiPJh^a^iYLCXyPqcYgj^_TKwLGNKFZXAqoSgKeKzUL_SvdQh\\\\OoyMtVEM]WSScynBbKwKXn\\jJSpsBbqajeLdCduxbyIogCd`_tCFkQD\\SODa`MLuamcynKzxQydZegDGjQTH`kpZajQn`UYUnOOuZemUtEplgergLxqPsDUqwIYDtLYvaOgVYIgF^zN\\uDmwsecc^I]jtXyQ&quot;,144)" methodname="GetNumberOfCharsInStringTestRandom" classname="Open_Lab_03._10.Tests" runstate="Runnable" seed="1813776329" result="Passed" start-time="2021-10-19 19:34:08Z" end-time="2021-10-19 19:34:08Z" duration="0.000130" asserts="1" />
            <test-case id="1082" name="GetNumberOfCharsInStringTestRandom('x',&quot;[iftKYy\\NCQlltptwsW\\LPcqYYmw\\BKVtp_`pAsUxWXaRmXctA\\Fuk]LFp\\mfBzMsusvUQEwzC_psC_gAJD\\`E\\IST[A_GiwWKhXt\\Odw`GsMhTCQom]x_gnYjcBpDXtTbYhUGm_v[`AycwfzYjkTMys_uyKsMnsIM`ePghJCNa^zgoqnxBXUg`Gc`J[IcfihgrlDRVTk`iGf\\trFIWvLV^\\hYBj]NBZbsqSoCm]chhoyZ\\HgRVzMk^RJWEfPgq^_O_mfbCCWuT^ij]OwuCLrBMqV_JYyGMvrJQjui]FOSdSXzcZtqiVdff]BiXGXeEPhXg`YmTOYxw_YuZVvj_HYrSL^ohMQVheOTeATDBG][xfjGDHOBKiFwrpE[BeEHxCPRQFPYBriYexug]WkaxPKz`R]pvtCWBV]uWXqyrpzSAhStuYxet_KirQmyd[^IpRWP\\AQFamjHPryszcu^vY]^KoDFesUWSr^iQCYuHsEHoDZzRuyA`zNWpsEgwK[hXSoXUQbxJAVCUVjHVEnkuTrSeHsYxmyxYWj\\OBfBTBr`eKC[JxRsWjnD\\]nNYIzXCYexfNtTZmXt]Ri[EYPA[FaidfAmOYdKBZ^MaEpvExZdStbJnTIztzwwrvUzNHFAJMrDo\\uAdTw^gwVjEqyvPdQC]aVekphxrY[GC^VSYIWaDZQu`evXIKlavpbNGPPofyfN]Pha[g]HMkzDQ[EGtQohhtKNwHLJscuEnCXQwUw]hdULp^xgKIuVKxadF[eS\\SOdqvPNCoJ`TSzD_yXYK_yji_tq\\oK]keBUUkVuOjdWyVCsx]EGCLIwU_vRBZlOdhojQeiod^K[vckS]BsyjEZ_\\FAqpEspxUmRaTbSoQ^`BhAmncoAbn_`OQNLesy`eV^apZmJZ`KZat]oENCNPrOKpMCPFWivSyugJZwUpebBcFzUnZGWqkPnHSldX]DCqPGczqeeRhYeQMckNh]gPRFbiH`riTxTa_LTyWVxo\\FISe^ukAWjAXn`J`usQnwxkEDlAPlqS_rnLwPDeeGhxNSJlgJZ]^gB`IXNalu\\P`W\\`zTNPqOggOA^luAUFRUosqND`C^skeYXqrdlSvKfPAURHu\\gl`VyKbcjlPiNTVvCpcguQOCJHj`s\\wweaqHLO[NOPuADNxStES\\`ObV]^Lq\\CkNpTDg]OknVUXfVOywJWfoJ[WWz[ehCdlM`hKjJRqfT`GKrwAO_PhFWvEVwhgBdCkmdKGiDPmsaA\\dUM_D[WJnwgpdcpm\\foCQoTbgqRKP]o_W[[AkIcbNtxqwU]FO]QNlyKoAesNILuQHHZIHoCTCNoWr^fRTMwnLbnYPgAFQUYCzgiovTxZ[xK^Jow]zauwPGEaUAt\\owChplXLpqVzO]SOWPO\\j^Fj[]nsbHZv[]f^v^iXWlhJKuhmnqKFlXmQqTNSy_dhX[`mqpStarExpw_`oAElxUJCjVgbQWZsHAlkVvwy^R`uTo[uoh_yZsjCQ^C\\IkdKYMqpKoKsEGNgpPjvumncr\\YPQjZrt\\pmhU\\GyfjA]gtTeCNBnHaVxASxna_\\UTzdQ[y[ncwPDnGLbEeO\\YDlu[phC_TXGNfJgQDKDnNLKRSKtGViwQAwPNipfRYOP_IpHx_QB[KhKsadHenvIe\\qNiuZcN`mVywgI]DwcEh]FSmWgEiA^]GeDRcYCFinuXSLvu\\fbrTDxzluw^m^`_PssScqtet]WtbhAb[ldCYgJChEai\\`SLOWIZSdSelxxqhDXDtVCBu]Gdjqe_QLIUJKfL`bOrZyR\\iSUdg^pG]RQlQ`j\\ynUaodg]YM_RGLbvLeuW]BsnWCrsttvzrnsfekhFfrKZy^zRjV`feSzxvbKmloc`R_[TTwQ\\xoleqYotCaI_TPU_ovjDavUrOfH[CgxnEEhqbUG]mRjKfELCJv`YMNuC[uWLRUqWcVZOc_xZoNQPLJLJ[FQHH`arKfVhxvLY[TbPew[exFdzwfrQiMlLEiPDpcEwJP]tBsosbv`^ffJBwbu_oEylKzTmE_[Cr^\\idkxDqyinhNaY_NGNh`IERkiC_BnD[]fIK\\YMdqipVLDwYvNrXMURUWWsBv`oLfSKbYODouerrTjFgmddowfNIUnnEaKiRtdjstVAhKC^c^ZAhRLPRvAOAECNe[yNjw`yjzMnXdwetHfeunGnVvWWsVjoqHVMLongx[QhEXrizWUsZXTrTLsn`JGUPYxPOjYEUzhZ]YjxDiW\\BqUYo^sAwzGoUwXf[cZPyP_[ktVv]ujrmeTYE_\\krXIUssE`AD^\\OG^lSuiuIx_BPPBkdybvGjYaGKbrppuYXOcfGbGKqacttHEdrUwB]bV`ixeISqFTCFdBgVdBsXF`G`gzFxz[sswqtDxJwxrA\\Pqn^Cx]lvJE]pYJQfCVqe[KJnIdXZEu`FErit\\DA^jxjrUDeotRu]JqogektTERqO`Xlb[XJzUSv^\\RZEydanADvNCCOlJgZXH[SwSDT\\IvHquRKSQpV\\lCO\\\\^_YIXqit_VAz]mvPEeFwESlrw[TRxgEMq\\p`vSkEYxWwKToDZMgXJ`XKmbMw]XwsRoIBxVUmuA^HwphdgQrlzgCREemUFobBB_eVKnGDru^IBPOxtdQL`KselqxSdAgFZ\\GYKRYtKntFJuPoVp[]_V]qfAeTpn[rOXjaJqncLXAlQn\\rbIwo`JbDyPmJhFDXTCrlKje`BsRGUk`s`mmgqfREqgbtDduFTdXOvkgs_Xmhs[iOktevTWbhkmv_Hl\\YxLnlSQwpFtIYteLVyTIJzzmxCk_JpIknvUjhhwv[xopZNIoGb``ncRYyZpjclnAwIV^`u_hBYiMKJSktwYcPcxKdvlOsNSiJosQrfPMCs_VtENoGFpgTLlTLKtdJQpnFADWRBsOgM`WEbR`hwHmXgUxD_FhlfDmCkPsBr^ENbzHgUPetUvMICVZgFTmwK]BJmTTRY^qYD`qgNRiP[oXjqeAUqMv^lHCEyytAwS[qFoE^`nZne^]WERSITy\\McSgw^lhOYiSIUadB`^pDnHtOffAhfkgxrNOnHIzoFKVwKTC^hRdqIXY[YYQrlAciBUQGSqtW^BydmwDRc]zUHqp[onUjrICEbhupDwLqXMSHZph]VzOPAOaK`qR_\\K`UytBFBNNgRIwv^hAyGsTstnESGjPNegVMgxIaoc[HlbyrRfhspSYdqh\\LpizRyABenkO`_[K^YMGSpMB[CXXSNlVz]xlFdIIkaTEbXHTVIvLeaIVch_PadjWBUODbjEuPDVl]HZCvDBKSalZTcIYEtbHqwCNJEmgDAvaLXt\\N\\T]b`D\\cpjzagqW\\Ov`FMtrRVGSeLNwihKc`F`RtaeTVmFXK`Ew\\UVBc]LMYlrXbmQt\\NrWjef`ba]_PjIFHR\\URIACtSsIjNmc]LvwhhNriq[CAgxjdlQQQwcSNo^Wl^pUntCEnLXZEef\\iyBNVJ_xw]RaddisKqFLAFOHetvXTqMgQGdPnPBcysXRb][K]`PN_[[djuc]NHdGPeP]zZFuo]MIiwaIYluobyIpgA`sg`VrORBwMxKDZVYCOSvnU[D\\Mp`R]ZqytNNPGUuWudv[brVM`GbTFm_M\\ufZmkZmHLKMHJvtY_sk`cuV[TlWs]tGjBnMj[eJKJTVgIEWKhvbtngsAQzYzCueSD^GVjKxtiaWP`iROUMKbSNvUuLY\\LKHOiCdfyA\\^xhKMQd\\chKeqjCAqbl\\^l\\h_ZHb]FfQTkhdeCjDRkqoB`Q`gBmDM`xl]zgnJCy^BtRGBYVosiKnuhgyJbu[ScEomvHfVvuPlTmHOK_NfyL_VKroSiecH^KZp]TFRkYwouBav_jzDhoUWaYcETShRRIOJSSmqYwv`Oj[JQsoye`ZiqDPDkAxYle]mnXcMxIeltpHqyZo[_igmi`SPDiFXy]neNhWsQbB]uhpAvYFRM^uDxjDOETJPCMnXB^cQDwKwhKsBkRUecoL\\ckg^dHnwYlZhuYzXppOPTyWnrC^mz_hOASoRrFgvIN_vkKGRSwon`vIdUtgaeAxtELgcdhakITHFZ[CgwL[DkujFKKxyYFRHQeq`__ieVDeLoCKtqzeYauJK]bYYkcSDCzppe^IY^phgP^QHADHY\\tbV\\fDwFQumlbIoNUOTrMulM]uyQQXg\\tbJYZTy[LSMuvuiU]ufoobPypJzkEfptNRszzWnBQtftiqRcMdoVlrgRSLcQTOV`]TheBjVFHe_vvVPzsW_\\rZIVeagnn^hC^FWVJha]OiOHSlWxvdYwjuiDLRz[DbSew]XqyuqLqBMIKACtKisKEkSdXTKrhFZgWeKqUazBnNGhhasKOGQUjI`LKnYeky^kc`laqM_ejqWreewq[AcbpFxOFzfaHURojVFHoSUCbfeslha`rcJjVwv^c][qay^U`cIO`oCIgazJ[F^XYGi`KbZn[c`Rs^\\cIQSJ`SADaBDowlD^zCX[PyJyIUoxOkQIFWBJmUsGGfyJ^eqj`CSpFBTJGUAK^DoplvjajtkfKQUezA[__FXLY\\CDDsDXThdDqJYcuQzgRgeohjKGt]gYfcXQsf]rpTR^hRnqcsdNFlulrOWUix_rAKXOmHkOnIqyVGGWvU^BsZStifZePIIspZ^]t_D[IUZxvvWkHAYUZ^zbs_`GiGzfzxJvce^XQCs^zVxmPi]OjoYS[weUzxmCUoxxm[I]^BEWe\\c^bmqAdlvK`r\\gzIXSQqIKXzApazlikChyUGnMGlZdsmYuy\\^UdlFoTXGbmB[dzN[^J^StVLM`X_SeaFqE]WFzwtexAL[ERpefSvl\\JdyX`aWoE\\AgLWGdI\\aPsUtKlHNbugReUVutXh[V]qs_KntvjA^rU\\cokogXSptXJWRq\\NL[BLnC]UAxNSrtJ[QsmFIdACChw[Uo]DZ]pCqJiaSWoiJAxzOjFYDWEbZyIGFCAL\\KsVEHeGKMnmpSsBjwLfiDzDXNcrBc[QWcNzIcvHEzOrcSmHGGWJqU^YLoxq_mFcl^WMEstGAEaioH\\E\\[luLRZBEpoUeEcSugGFw`DNNQImoodDTtVDBLX[DUHPE_]w\\OoIBVIvX^gvIhMQMkBlj_QjOfCbXnIjnMQaA[Bxk[g__\\RVIrDU^kMwxFtWTa^eUxHwXgQljDAPslKnTgZakoLCzUcuafeJwCJbUVy\\bRf[kxDLvGCgHwt`lEwDEVLDYrSqccYyhyzYJlSCQWzZcyCzIdqPYvXLGbBseNdTiEyJx\\WzmtmhWl[[pShylJ`mbnRcjZXCmfl_zsBgNq^`IjoUGbDR`fb__McKJnQS]kukAw\\wQBkvgAdryw\\IWF]HEMzmQr][aKCYoEUKGGA_vfs_ckLMSHvWOngnwifZ_PU\\xLDucQCPExMYU[JafPIZPgJAYbOX\\bAfRWbXgReBFgRQbNY\\_FoOHvMQBC]ACeo^waHytmtTfHTcVsZKJmtWnm^VKRVepey[rnTAF[bmL[dAbduJdRrPlYkKDlncXP_AItlc_YFiLHKSI]naWMA_mjjZCJxTgzUwwcsisSeKLIEeNYCayNMKOAOZJR`V\\lCLmOW`eFiDcpSeeEMeGWVZnJhwUZ_bnOj[FtszC]ws`IcYidoFFuPFWdXca[LLaGPTGr_lMMceZ]tfbOOkeZ]tzdE]\\PYcRlSYsPSqFDssReftjmBSL[aHeWU^nBQwnASiK\\mRwXfaadcUxKmiOGWqKKn]vpCDnvEQRxjOAjVnpAaBoz`dPbige]^zhPWHVbnf_RCA\\_i_lcBKemivQYoMMYgpZjbkTOYNMu]]w_HltJvC[TVub\\rwmbYGfNamwxL]JnyjQLylRDSD]dUGUgJsX\\[e]WrjyVovyZshVfeV]FfjOVeBs[XQnTFiSTNuUPnvPXFDkhkiCoVRqlWHlpq^y_HeUKUCYkAMSk[rQbRLjiNzxnrbxGI`ZPxkP[j`SiQRnJyFQ_rK_eoPQIgaSnFSc\\nDnjbprlsBYvLoolQYOxAo\\h[GoIN`dyjSWuSbxBSnmnrUxslb]hDe[zcFP[Bj_TX[MsYtZj[NeNChqFJvWfCwuErWSNR]AdPYVWIE[rHnMqANxuOJRFSsQ\\`HABbLXyMBydSZxE\\`^PkEEeZXyILuQXHurAEYQvVOdzOTcpMMenUAl[CVcKNOmSkb\\YbwACPbt]\\FWFpJwzQ^CGIXyiqFiH\\QPhsKNQLb^mHPyxz]VESnBM_UPKySLJtmALqiNewfnizQztZAjUkeohOCI^uCRtVUsUOnHQOkIhATMNUVkydrYPyTwnakktUuTfYefgsYFA]HhvpvI`RTP_wdWvrUk_AOSFAbpkkEFKlXnrfAxebLbAeojoOjo_ibANobvOFYoNOFm_q_PqWFwphS[LsA\\AQb]JX`DDEj`JWUm`BKyk[yIdfL`\\GkVExnxgcdHQ\\Lmg`nYTavJhCkaRYt_LzbwTT[LdXFwYDhPPL]DrnMvLaiCMMfNjEvQtOYSFbow[ykdU\\RFwphYnflmfYzWmrMUIXVAnJyQyQ\\MqFhlv`RuX^^N^fggbYKcmW\\xFQSnrWZ]K_wakO\\MaSxftI^I]RiaGs[ZdkfeN_CADACyiGvTwxCZZqDxnJQaitWSE^wAcqzCQwbtF_ZWVUdIpAAnhiqDN\\SJdktLKvkGxAJ]OKrOjuKTQN]E^ITuzwooeYPVfOL[d^Lpq^`^rbTTRytWNpiCcqGBLVsqu\\d\\ikjmChNAcqDYd[^f_tIpaJrnXKd\\ejcVyrfaOGUabhZlniXlsMRBSou`swVsDmVtNhZlpwXY`cNsjGAjmscXYbCKxFhSk\\]oSa_FOgvvps\\kaBpmwgFKKx[gfPnjOFhDFZaJbu[Gxgb`FRdvQvVDWSeUFr[ysLhkLYfH\\fKBMzN^WvaTfsZTjdgnoMEj[]NlzrUhg][ekUrXFHyKRGSAmTBblrSPb[akl\\__atgJXocUlPihNuYUJNzfqmvpKLCQoHfddZdY[Jc&quot;,122)" fullname="Open_Lab_03._10.Tests.GetNumberOfCharsInStringTestRandom('x',&quot;[iftKYy\\NCQlltptwsW\\LPcqYYmw\\BKVtp_`pAsUxWXaRmXctA\\Fuk]LFp\\mfBzMsusvUQEwzC_psC_gAJD\\`E\\IST[A_GiwWKhXt\\Odw`GsMhTCQom]x_gnYjcBpDXtTbYhUGm_v[`AycwfzYjkTMys_uyKsMnsIM`ePghJCNa^zgoqnxBXUg`Gc`J[IcfihgrlDRVTk`iGf\\trFIWvLV^\\hYBj]NBZbsqSoCm]chhoyZ\\HgRVzMk^RJWEfPgq^_O_mfbCCWuT^ij]OwuCLrBMqV_JYyGMvrJQjui]FOSdSXzcZtqiVdff]BiXGXeEPhXg`YmTOYxw_YuZVvj_HYrSL^ohMQVheOTeATDBG][xfjGDHOBKiFwrpE[BeEHxCPRQFPYBriYexug]WkaxPKz`R]pvtCWBV]uWXqyrpzSAhStuYxet_KirQmyd[^IpRWP\\AQFamjHPryszcu^vY]^KoDFesUWSr^iQCYuHsEHoDZzRuyA`zNWpsEgwK[hXSoXUQbxJAVCUVjHVEnkuTrSeHsYxmyxYWj\\OBfBTBr`eKC[JxRsWjnD\\]nNYIzXCYexfNtTZmXt]Ri[EYPA[FaidfAmOYdKBZ^MaEpvExZdStbJnTIztzwwrvUzNHFAJMrDo\\uAdTw^gwVjEqyvPdQC]aVekphxrY[GC^VSYIWaDZQu`evXIKlavpbNGPPofyfN]Pha[g]HMkzDQ[EGtQohhtKNwHLJscuEnCXQwUw]hdULp^xgKIuVKxadF[eS\\SOdqvPNCoJ`TSzD_yXYK_yji_tq\\oK]keBUUkVuOjdWyVCsx]EGCLIwU_vRBZlOdhojQeiod^K[vckS]BsyjEZ_\\FAqpEspxUmRaTbSoQ^`BhAmncoAbn_`OQNLesy`eV^apZmJZ`KZat]oENCNPrOKpMCPFWivSyugJZwUpebBcFzUnZGWqkPnHSldX]DCqPGczqeeRhYeQMckNh]gPRFbiH`riTxTa_LTyWVxo\\FISe^ukAWjAXn`J`usQnwxkEDlAPlqS_rnLwPDeeGhxNSJlgJZ]^gB`IXNalu\\P`W\\`zTNPqOggOA^luAUFRUosqND`C^skeYXqrdlSvKfPAURHu\\gl`VyKbcjlPiNTVvCpcguQOCJHj`s\\wweaqHLO[NOPuADNxStES\\`ObV]^Lq\\CkNpTDg]OknVUXfVOywJWfoJ[WWz[ehCdlM`hKjJRqfT`GKrwAO_PhFWvEVwhgBdCkmdKGiDPmsaA\\dUM_D[WJnwgpdcpm\\foCQoTbgqRKP]o_W[[AkIcbNtxqwU]FO]QNlyKoAesNILuQHHZIHoCTCNoWr^fRTMwnLbnYPgAFQUYCzgiovTxZ[xK^Jow]zauwPGEaUAt\\owChplXLpqVzO]SOWPO\\j^Fj[]nsbHZv[]f^v^iXWlhJKuhmnqKFlXmQqTNSy_dhX[`mqpStarExpw_`oAElxUJCjVgbQWZsHAlkVvwy^R`uTo[uoh_yZsjCQ^C\\IkdKYMqpKoKsEGNgpPjvumncr\\YPQjZrt\\pmhU\\GyfjA]gtTeCNBnHaVxASxna_\\UTzdQ[y[ncwPDnGLbEeO\\YDlu[phC_TXGNfJgQDKDnNLKRSKtGViwQAwPNipfRYOP_IpHx_QB[KhKsadHenvIe\\qNiuZcN`mVywgI]DwcEh]FSmWgEiA^]GeDRcYCFinuXSLvu\\fbrTDxzluw^m^`_PssScqtet]WtbhAb[ldCYgJChEai\\`SLOWIZSdSelxxqhDXDtVCBu]Gdjqe_QLIUJKfL`bOrZyR\\iSUdg^pG]RQlQ`j\\ynUaodg]YM_RGLbvLeuW]BsnWCrsttvzrnsfekhFfrKZy^zRjV`feSzxvbKmloc`R_[TTwQ\\xoleqYotCaI_TPU_ovjDavUrOfH[CgxnEEhqbUG]mRjKfELCJv`YMNuC[uWLRUqWcVZOc_xZoNQPLJLJ[FQHH`arKfVhxvLY[TbPew[exFdzwfrQiMlLEiPDpcEwJP]tBsosbv`^ffJBwbu_oEylKzTmE_[Cr^\\idkxDqyinhNaY_NGNh`IERkiC_BnD[]fIK\\YMdqipVLDwYvNrXMURUWWsBv`oLfSKbYODouerrTjFgmddowfNIUnnEaKiRtdjstVAhKC^c^ZAhRLPRvAOAECNe[yNjw`yjzMnXdwetHfeunGnVvWWsVjoqHVMLongx[QhEXrizWUsZXTrTLsn`JGUPYxPOjYEUzhZ]YjxDiW\\BqUYo^sAwzGoUwXf[cZPyP_[ktVv]ujrmeTYE_\\krXIUssE`AD^\\OG^lSuiuIx_BPPBkdybvGjYaGKbrppuYXOcfGbGKqacttHEdrUwB]bV`ixeISqFTCFdBgVdBsXF`G`gzFxz[sswqtDxJwxrA\\Pqn^Cx]lvJE]pYJQfCVqe[KJnIdXZEu`FErit\\DA^jxjrUDeotRu]JqogektTERqO`Xlb[XJzUSv^\\RZEydanADvNCCOlJgZXH[SwSDT\\IvHquRKSQpV\\lCO\\\\^_YIXqit_VAz]mvPEeFwESlrw[TRxgEMq\\p`vSkEYxWwKToDZMgXJ`XKmbMw]XwsRoIBxVUmuA^HwphdgQrlzgCREemUFobBB_eVKnGDru^IBPOxtdQL`KselqxSdAgFZ\\GYKRYtKntFJuPoVp[]_V]qfAeTpn[rOXjaJqncLXAlQn\\rbIwo`JbDyPmJhFDXTCrlKje`BsRGUk`s`mmgqfREqgbtDduFTdXOvkgs_Xmhs[iOktevTWbhkmv_Hl\\YxLnlSQwpFtIYteLVyTIJzzmxCk_JpIknvUjhhwv[xopZNIoGb``ncRYyZpjclnAwIV^`u_hBYiMKJSktwYcPcxKdvlOsNSiJosQrfPMCs_VtENoGFpgTLlTLKtdJQpnFADWRBsOgM`WEbR`hwHmXgUxD_FhlfDmCkPsBr^ENbzHgUPetUvMICVZgFTmwK]BJmTTRY^qYD`qgNRiP[oXjqeAUqMv^lHCEyytAwS[qFoE^`nZne^]WERSITy\\McSgw^lhOYiSIUadB`^pDnHtOffAhfkgxrNOnHIzoFKVwKTC^hRdqIXY[YYQrlAciBUQGSqtW^BydmwDRc]zUHqp[onUjrICEbhupDwLqXMSHZph]VzOPAOaK`qR_\\K`UytBFBNNgRIwv^hAyGsTstnESGjPNegVMgxIaoc[HlbyrRfhspSYdqh\\LpizRyABenkO`_[K^YMGSpMB[CXXSNlVz]xlFdIIkaTEbXHTVIvLeaIVch_PadjWBUODbjEuPDVl]HZCvDBKSalZTcIYEtbHqwCNJEmgDAvaLXt\\N\\T]b`D\\cpjzagqW\\Ov`FMtrRVGSeLNwihKc`F`RtaeTVmFXK`Ew\\UVBc]LMYlrXbmQt\\NrWjef`ba]_PjIFHR\\URIACtSsIjNmc]LvwhhNriq[CAgxjdlQQQwcSNo^Wl^pUntCEnLXZEef\\iyBNVJ_xw]RaddisKqFLAFOHetvXTqMgQGdPnPBcysXRb][K]`PN_[[djuc]NHdGPeP]zZFuo]MIiwaIYluobyIpgA`sg`VrORBwMxKDZVYCOSvnU[D\\Mp`R]ZqytNNPGUuWudv[brVM`GbTFm_M\\ufZmkZmHLKMHJvtY_sk`cuV[TlWs]tGjBnMj[eJKJTVgIEWKhvbtngsAQzYzCueSD^GVjKxtiaWP`iROUMKbSNvUuLY\\LKHOiCdfyA\\^xhKMQd\\chKeqjCAqbl\\^l\\h_ZHb]FfQTkhdeCjDRkqoB`Q`gBmDM`xl]zgnJCy^BtRGBYVosiKnuhgyJbu[ScEomvHfVvuPlTmHOK_NfyL_VKroSiecH^KZp]TFRkYwouBav_jzDhoUWaYcETShRRIOJSSmqYwv`Oj[JQsoye`ZiqDPDkAxYle]mnXcMxIeltpHqyZo[_igmi`SPDiFXy]neNhWsQbB]uhpAvYFRM^uDxjDOETJPCMnXB^cQDwKwhKsBkRUecoL\\ckg^dHnwYlZhuYzXppOPTyWnrC^mz_hOASoRrFgvIN_vkKGRSwon`vIdUtgaeAxtELgcdhakITHFZ[CgwL[DkujFKKxyYFRHQeq`__ieVDeLoCKtqzeYauJK]bYYkcSDCzppe^IY^phgP^QHADHY\\tbV\\fDwFQumlbIoNUOTrMulM]uyQQXg\\tbJYZTy[LSMuvuiU]ufoobPypJzkEfptNRszzWnBQtftiqRcMdoVlrgRSLcQTOV`]TheBjVFHe_vvVPzsW_\\rZIVeagnn^hC^FWVJha]OiOHSlWxvdYwjuiDLRz[DbSew]XqyuqLqBMIKACtKisKEkSdXTKrhFZgWeKqUazBnNGhhasKOGQUjI`LKnYeky^kc`laqM_ejqWreewq[AcbpFxOFzfaHURojVFHoSUCbfeslha`rcJjVwv^c][qay^U`cIO`oCIgazJ[F^XYGi`KbZn[c`Rs^\\cIQSJ`SADaBDowlD^zCX[PyJyIUoxOkQIFWBJmUsGGfyJ^eqj`CSpFBTJGUAK^DoplvjajtkfKQUezA[__FXLY\\CDDsDXThdDqJYcuQzgRgeohjKGt]gYfcXQsf]rpTR^hRnqcsdNFlulrOWUix_rAKXOmHkOnIqyVGGWvU^BsZStifZePIIspZ^]t_D[IUZxvvWkHAYUZ^zbs_`GiGzfzxJvce^XQCs^zVxmPi]OjoYS[weUzxmCUoxxm[I]^BEWe\\c^bmqAdlvK`r\\gzIXSQqIKXzApazlikChyUGnMGlZdsmYuy\\^UdlFoTXGbmB[dzN[^J^StVLM`X_SeaFqE]WFzwtexAL[ERpefSvl\\JdyX`aWoE\\AgLWGdI\\aPsUtKlHNbugReUVutXh[V]qs_KntvjA^rU\\cokogXSptXJWRq\\NL[BLnC]UAxNSrtJ[QsmFIdACChw[Uo]DZ]pCqJiaSWoiJAxzOjFYDWEbZyIGFCAL\\KsVEHeGKMnmpSsBjwLfiDzDXNcrBc[QWcNzIcvHEzOrcSmHGGWJqU^YLoxq_mFcl^WMEstGAEaioH\\E\\[luLRZBEpoUeEcSugGFw`DNNQImoodDTtVDBLX[DUHPE_]w\\OoIBVIvX^gvIhMQMkBlj_QjOfCbXnIjnMQaA[Bxk[g__\\RVIrDU^kMwxFtWTa^eUxHwXgQljDAPslKnTgZakoLCzUcuafeJwCJbUVy\\bRf[kxDLvGCgHwt`lEwDEVLDYrSqccYyhyzYJlSCQWzZcyCzIdqPYvXLGbBseNdTiEyJx\\WzmtmhWl[[pShylJ`mbnRcjZXCmfl_zsBgNq^`IjoUGbDR`fb__McKJnQS]kukAw\\wQBkvgAdryw\\IWF]HEMzmQr][aKCYoEUKGGA_vfs_ckLMSHvWOngnwifZ_PU\\xLDucQCPExMYU[JafPIZPgJAYbOX\\bAfRWbXgReBFgRQbNY\\_FoOHvMQBC]ACeo^waHytmtTfHTcVsZKJmtWnm^VKRVepey[rnTAF[bmL[dAbduJdRrPlYkKDlncXP_AItlc_YFiLHKSI]naWMA_mjjZCJxTgzUwwcsisSeKLIEeNYCayNMKOAOZJR`V\\lCLmOW`eFiDcpSeeEMeGWVZnJhwUZ_bnOj[FtszC]ws`IcYidoFFuPFWdXca[LLaGPTGr_lMMceZ]tfbOOkeZ]tzdE]\\PYcRlSYsPSqFDssReftjmBSL[aHeWU^nBQwnASiK\\mRwXfaadcUxKmiOGWqKKn]vpCDnvEQRxjOAjVnpAaBoz`dPbige]^zhPWHVbnf_RCA\\_i_lcBKemivQYoMMYgpZjbkTOYNMu]]w_HltJvC[TVub\\rwmbYGfNamwxL]JnyjQLylRDSD]dUGUgJsX\\[e]WrjyVovyZshVfeV]FfjOVeBs[XQnTFiSTNuUPnvPXFDkhkiCoVRqlWHlpq^y_HeUKUCYkAMSk[rQbRLjiNzxnrbxGI`ZPxkP[j`SiQRnJyFQ_rK_eoPQIgaSnFSc\\nDnjbprlsBYvLoolQYOxAo\\h[GoIN`dyjSWuSbxBSnmnrUxslb]hDe[zcFP[Bj_TX[MsYtZj[NeNChqFJvWfCwuErWSNR]AdPYVWIE[rHnMqANxuOJRFSsQ\\`HABbLXyMBydSZxE\\`^PkEEeZXyILuQXHurAEYQvVOdzOTcpMMenUAl[CVcKNOmSkb\\YbwACPbt]\\FWFpJwzQ^CGIXyiqFiH\\QPhsKNQLb^mHPyxz]VESnBM_UPKySLJtmALqiNewfnizQztZAjUkeohOCI^uCRtVUsUOnHQOkIhATMNUVkydrYPyTwnakktUuTfYefgsYFA]HhvpvI`RTP_wdWvrUk_AOSFAbpkkEFKlXnrfAxebLbAeojoOjo_ibANobvOFYoNOFm_q_PqWFwphS[LsA\\AQb]JX`DDEj`JWUm`BKyk[yIdfL`\\GkVExnxgcdHQ\\Lmg`nYTavJhCkaRYt_LzbwTT[LdXFwYDhPPL]DrnMvLaiCMMfNjEvQtOYSFbow[ykdU\\RFwphYnflmfYzWmrMUIXVAnJyQyQ\\MqFhlv`RuX^^N^fggbYKcmW\\xFQSnrWZ]K_wakO\\MaSxftI^I]RiaGs[ZdkfeN_CADACyiGvTwxCZZqDxnJQaitWSE^wAcqzCQwbtF_ZWVUdIpAAnhiqDN\\SJdktLKvkGxAJ]OKrOjuKTQN]E^ITuzwooeYPVfOL[d^Lpq^`^rbTTRytWNpiCcqGBLVsqu\\d\\ikjmChNAcqDYd[^f_tIpaJrnXKd\\ejcVyrfaOGUabhZlniXlsMRBSou`swVsDmVtNhZlpwXY`cNsjGAjmscXYbCKxFhSk\\]oSa_FOgvvps\\kaBpmwgFKKx[gfPnjOFhDFZaJbu[Gxgb`FRdvQvVDWSeUFr[ysLhkLYfH\\fKBMzN^WvaTfsZTjdgnoMEj[]NlzrUhg][ekUrXFHyKRGSAmTBblrSPb[akl\\__atgJXocUlPihNuYUJNzfqmvpKLCQoHfddZdY[Jc&quot;,122)" methodname="GetNumberOfCharsInStringTestRandom" classname="Open_Lab_03._10.Tests" runstate="Runnable" seed="1571400903" result="Passed" start-time="2021-10-19 19:34:08Z" end-time="2021-10-19 19:34:08Z" duration="0.000111" asserts="1" />
            <test-case id="1083" name="GetNumberOfCharsInStringTestRandom('C',&quot;gp\\JfBhCMa^\\sioxrzMlSaddEEnQAtzfCuJwZf_JVNbbHHklo[dKWLYFMrEbNWBSasZy_r_L[CWEzC]xTC\\`QpOr\\EkbaxvzMOAPilMxwXjToUGJVHNLu\\Cldc^[Gwe^GXskCMOcp_dsFvCHybLYjkEkMOfGOmqAmMMX\\VGItfWWsKfi`W\\`kMnWTH_nbITChdFtiffc[C`EUisCcwasQRPaZqEUrTbkRTiOEmztltEhgiCeP]Keb\\lWT`ZsbQkH\\pmAzdxqxhGXMctknZFVIwIqcSv`SGS[IxMrvBef_UhuUUJlfjEHLUy`gwYhiY^qUgOPWComoZrnPO\\NJJudCKPnygLzcwxGrr`iFtVcvSTl^KQX\\K__^uoKX[QjqpJr]kwXinIPnRijr^QnWn_XYYcwDUQecglFI\\PmNsihCPkMMETuK^SDRlZEIAUT^^gH`cbWN^`_EqVIhWkzBW[FUioWBLeN^UK_cdgd]wghxny[WQWlPVSGDbnroKUCsRAjgr`DkH]FjmIajTAkosyICD[BqpoRbdofnOo_kTBIsMXRZMH\\KeOATrgdW_NvSK^Fy]n\\`\\z\\rpQqgJcdhTHxVoRvbKIMFFqhjRSwZgwjenI^bqxNvdNyD`kKKstUTmVlzcGUrgKBXYTcfnTlNuR\\sreKaIlanbVrXW_zkcWPZMafMH_W`HGY\\utHxwniudNpC\\KOPTAf_CCfRzyYdUBf\\wV^^WCoohUpykckxQHLH[uZsNqyxUFaccUFGhlsRMrrhMhaWN\\SNp^ACwfPaDqZboNVW^eP`OuvdDlfaQcjtmSmEUCJB\\SNVYPtzRJtdLnzucXzKzjP\\G`o\\[RC[[NDvgaLnsgPGiGhzTr]xDzCmDmOs[X`zHZJxjDOCLLRTZImAspIcoEW[LRsuRSS\\GPzPwjPQdZlsiiSuzNzfPxKCCimXLTltspMKJ^DJasyVT_m^zyuDShMJEwMOxrEQirzs\\Ik]KqFWypi_vPYNZhaLdDFMQpMinig\\`uBrNYt]cpKOOiShZrqBRoOYD^MUeXdQJMyBObzBnEcosqyb]_OvreKkfcojL`rLLuFBjRZsspNML[aM`frGIiZ_COVfmQpOMXcylxrLEWDBXx`LCbKahkD^[ay\\voFcAyAnrb\\bngClfXHEjKdLFPb]UF^KyVPPR[BYxlT[GcmAiRrCZumlKu]lX^ZmERdXWm[KWiHxqJF^]anDN[kEd_FWyPBZRbVozUewqhflmovBpzOqkW`db_oshDMHhhgOnQ^HwrM`pzRocDbyAKjvCmN[alOn\\_DFIgN_\\HttKzocNzPd]NG]ykMBDCaLcZEQvMgwpC^tQqkCxfNa\\fQOYaGXZM\\ZaiQlu_gBSTnZjMMIzJDXpzjxIqrVFP]dbESb`zIZyMNHrr_LUyXPJDdazTdEgRvDrKsftecABdZcmbFRRgAGsM[^[mcMWDnhQKQhysRkVWO`eBoXOSnzQoLekULHBWdyqlRbRXSZUQl\\yutYyKxEQnW]yfxegKiznPjsjMGqzTfADkgp\\nJqY`iCVpdf[imJbmhiLAilEHEwIVZOzHItBraObh^ud\\VRb\\ZQCxe\\EXmR[mtzWUgS`sIjMZH^^oHdlnUgwILB^gpdFPnon^_OpCljTjEcpGyQQJ`hXMDOJepsC_ewfTkzPsnjBfTMDcMXi`TvjGWb[QFKNsgoFIw]WyAXVqgmtqKaXYK^LiN`wJ`ync\\Iy_HvgjBk_v`t[dhdF`noiIdWvX`NYBemU^nUiPuhXZyPJTFS\\wtOpgZqvlzOJnS]Rn_wqSupeFXPJTNbSNl]IWwhExZxPf^dH]xVoI]IBDdkPJgb^YwwCpUvqrrssx`zboIhVrnJld\\FmMYvQs[rjbbRIC`xRdPE^eJ[ByLgfnLZUOIdYwbA]iQzNr`TRprHTWbICxtSgnMvWHwttw_UBObpUJNKZsUpvDFxhAa[CPUj\\UdFug[VR^GEplotkjsoYWASCyLtVDRlurTzaHPmXz_YxBIvLhkTWaQETRDv[bANLUJxXoTc[GWZscVAqPhhTyVUbOgOETRqyRMdrK^WUItQKqMlwCELtTuMzpWJIE^Go`[bVlJglQSKFEKlCvSBPGwfWAeBoUOQen]eVfVKtYZcAjGuffHNl]qhcpKVHHsXCCaSc`VW`IIrhUfhtjWJNA_IwoBa\\ACl`BayJoRFPkhdTzzOK]\\YljJB^XWn^ou`GWRfng_FXQt]SvowonWz`eAqs_[lX^b[qI]xiU[^yVA[qgjbd[zkYvz]W\\nPLmhtjYgKYrN[StAJd`zLptIx_rCuIAaNaLRMiGkXz_ImM_X_uqsq\\bZSejVsVmBXQAtHco[]pcLQkWlzZ^zSIklylycylsBN^l\\LfQwGVVBsVJcNyVYrmiPaOuVdM]lwaymzuaUIaswmiscbWUAWZJ[o\\vwkuTuteFSXWdSXAQQum]rVRnNs]V]W_x^zddNNyDIdaLKnBcVJsaCyDaZHGCWOcwsZFToXCDvjUNpGcZruzS^yv`wCKGHwgtBeSlhhnxHpeSeplS_gK]OPYu^aXlMvwyD[MLnrmJGCLhTcuGRrc[lJelLYNHQClMtfPJd``huBWMEkavfQZVS\\Ntp[zUdesEQyohSl]mRvajnXh\\rS]AcWtXYWTJaKDPJSwFvscuohDXu^GYn^^QIs\\uEWPwXTLGrR`[\\b`yjcLuS]^uPvVChmGRqBA`dg]\\]w`dxfwMy_aagabctUg]xJYEKOd[aAVDFkYWxtxeyJEJMafQZYfOzA^S^[ZjB]gxI][vHKfzXC^oEPsdcTAHUGEFNFt][Nc]^GBjFjIOngrx^jOObpGi]_dBYViBRI_JZAQyNJ^sKlUiOHb^rfufHuAz^zQkBHxeHi^]YPAYRO^kJunQoKJgOtB`AR\\OsnrDnja`eEFce]TtXPpcMAwrxRWOgy]Hnma_W[xZTNgjFaBm`IHl]tBsrzF]TSsfcxpsvp]wSVOzTNlWPei_qkfukhhXU[GBUAGHlJqkgLZGfC_dOiNjdUprSvHOIFbrPMeSGefFnyrfR_OiIDJgMWXzLOpqCccbdbrYXM^dDHve]K`ngYFEwvesofHrooDLWQBkhqRwa`cF[n]AjBKe^^fhwydmEfpPEjOMIpGpHI_WS`XBIGIndZisfTnjN`rujTBl_QstvV]UyOVXabdy^BfeBVboBXccQehz_g^rOOrOwUuXyWIgvtXihWjJjDs_nuEUbVsuEmkOJXih\\KqeOvhWNyRHwTIKWT\\BP`pc^ObIJI_QhCi`NNPrNhHcEkxkd`rpvhXvUNGAT_NE[A[ufdxJEencXN_mRr`eRiVAfmKzGO^j[DHDQCEzcilRto^GjTj]ydnmfZOtZxCpGDIUF[]OnaBcwDHqODQm`AlrPVYroKaefvKpgIBOr\\jYbKpcSYfVgQQGSRFjCfZczXxBsRJFCCuDRTQFaq_V`LyVfE^VDRMMBGYJNnjAO`TeVMozBAJMGECoYbWoooBkqiCLuGrmH_HzsUzYQ_UDIAFxEekfXuM[_cngKdEuIWFcwCwEbx_PZycqcFGQVLVMRh\\QaTOhZZulv^ABhgDZWwA`zxEE]n`wBsQPbg_OjqpzDruFEFciHvqVgvQcOJLguxkCMk[BIok`GB]HCyAWKqpFCvdfVvA`fJFFHssTfbaSLQOfZJ`QJo\\DIezQHpfMoKtwvWAKGgldP]umhyLMWjWriCw^sbMqwU_BWRjCIVJ]DrngjNdJdZqEnCOt[^R_[vhvxtVWOIDA`toqOPneyDM]_ZNUDqcfDfCHKsiqsNu\\Vp_uOXeKjg`XiKX_gBTY`XxuqggWaxmlIlGiuTFfLYwWGfYA[KJqu\\vyseDclNdmuoOxDieTvhMH\\aoLNfvWnwrgpIqPP^typK]RW\\wm`quMPn]SqrUFRMyxwcHusVDYnOSRD]omjJrwBeXCf_YXIogcL`VoTBuKn]YB\\LOUDcWIVCvRKFPUwfPzbjF_HAZhOgJ`MVa[PEUaX_MJdDdNmaOHMYZlGjNDJitjsWFp`oErQibC^vvDWLviXBTnwpT`rRXje^QMxoix]Xr^qWOKoJgxmLRrDRsj\\_zyQsYAfiGb]xMAKpw`aJlif[wZLZJfvy]xXsNyyO`FCF[oyQgOVTJSnRTqvyoL`[f_\\PdRbxaSdffazH\\vmvQbpKJG_WDA[TacZwTjhVgXnqiIfnrn^sZeJEiRF]nLu`sQFDGColNXOtoz\\B\\l`Q^buvZVOBdKc\\]NxXCcgoyleBVPPipEBBfdCRWJdlonHDpnWaBEysElRlwsaJF`L`JapsLgBtyuzLdbMbsjglFIxuSQU^c[gObctPy^UVCFuJlGIUgyQVs[ZAdvavR^Q_OkeBixdVVRiAOnIMIzreJQWHItgDxZD`oWvA\\GgiVvAalZmpmUnRfgUxU^toRaYwOJMrrHkBTIPOQpVjHqQcfltICygyMsXo^ESbMuyeely]XGh`HKg[PpQ]QEpt\\lo\\l[lL]n]NsgyumWkwQHrCLx`hopRIEEIsw^lwU\\CTiZcdrVktTtcUumPouDXg]TJn^FyOeobpE^UlUwqZFXpK]oyJOxBREVrUQpFlW\\P`SnPXX^ZyNybE_yRiHoAhmPkjfz\\`qECeIPri_blk^DEGonqS^Wdc[bnDCalYCuHIvwvOGcKaCQJiKeurJJBZ\\ZKb]ogxpThdvwKrsbLuMD`JYEsXgtOtsig]mUlRwMkid`nO[DzcxGNXuAIYwORvFnkNPiE^ptyzSqasRdxctgvl[PcmLTVhvodpo`ymy\\mDIOED[QHSQiBZrzmAGSS]_QE^NkDleLeYtsdMK_RvMCWMnKxpnyffJQ_rKbqjNViFEd`zVapbBXP]trkDnNyg`zOdTlCdibiqURIJexZMIEemACySqmwzXB`EVvge_MsZjZIcjbYpnl^\\V]dRnjmvfiYSmDniRpiwLKCatVcOUHLg_EjsSUqo[xoAAqpfnj^yCbQKZCXXH^b_^mnhTvWxyu]OWCaDaw\\fdMdxo`ZPwZhwWP^OCHSsSazIFBnX]UrKCwuQIqto\\GA`M`sG_RBYecSCN[rmlBncb^t[UNGLN^WLa[w`JgsLSZ`ZdsDhzHD[TXyjfXmRKqKHLG]m_ScEJcQIy[q]KYMGZwsJ]MtlubA]PXN^WQJg`yRlHqlLbPHmeDhPOSQRYqJbcnsaMTGuP`a\\fHCg\\hKeZNsLjyPDzrNjojITxKzOJN^E^MdGQeqlg`HUvhrNEDuXSrgwyjiQiv\\Mknh]UImUB]DPboXQTlKGSFmgahIbw`CkDvdIzUsvQaWpnWVJRYxwlVufBBwhzKY\\ZTMfKPQytOpliwsKSyQ^bGyiAyGyYKwFIvV[KjzCHzC]aIwEImVAuuuTU_fLISaiSjcnbYzdzNVcD\\HrBCpgpvLOBCFgDntpYUKq`J^jmmBg_RQsWnJF]usX^Um_ST`LUaKiRRRs`GtDu_kjmNQQdoT^\\nSLXyWYMpSyHbbF\\RaWAp]zeCmFDOc`NgN_yG\\aj[qEMmcLgLoSOx]gQTaUMRVyNmk\\UCHVpzgayYns[bZsZPRPJaNe`HUXEsrZBGqdEZ^PQwiraiter^_y\\[Snp]pieO\\GaTrTkqnAlCzMsVDrNjabTtxaoCobepeB\\bRMq`uBj_MZ\\FvZZx[uiumhVR`hCMVwXylQEqAip_rph_EiHUIgUkSapdr`AMz^IPB^UfUcxmFKDwAqMqahEibhfK[\\z[hc`TgX^bU]A`jceI^scATJgRZ[hUrJKsc]E^ejPdTe]Eg_zzC]hbtzH_vOuMkIjKRIwN_H^ndzgigceu[iSV]czdV`bWpCtLuRm_bl\\uytytTYrSdzlBpUijITsyaHyaG[oVqFTjNYWcdFQwiOnqQrVacCWOt^TrvYnse]]^fCoXyGFCCvPRUHPPENmnjEqjE_gLSXSMlPKOCyc]xTLxNC^nI^nWkjnaMESZZujfdD`ExBMGfPqWts]CBsCoew]C\\dBxgICCdaUJ]YqGRhk[tXhUcPXbrvAgb^dTAOZ^NnmT^S`dCv^xLBJDwhVWk\\Li`hczp]GCNNNFeUqPjo`vXD\\`T`XStDmlcEnpkan`o\\jxoDZbqFgwvPQ]MCfQEoIJ\\\\^abB`JAzGwT^kQGq]oWqqSoRdhu^[ASa]T`sAp`]vwJTIiRVJORTmeeLmQXrP]`FenBXkNphPuuuJ[IvW`TMjynriUGkXhNYWDjVguewYeEsjkCRH]\\jJSWfAKiWHFPbg]^GknO]vXnEuuHxRocvM_PEgEU]LNpTU^MNNvaUNzol`RlGCkES]UVINZZgYmQhc[kWhukVNNhMj^_VTOZ\\I]qzIEAo]uw\\iGJFaUYIAiFOhIYjuETJSp`FdlOdtvtTRL^cUZoypR[ZXbRzfQuXamJtbD\\pFpOFplx\\epV[QUTAUGiCZPxcA\\m_CeBQyytACVdfepVpvZHLYI`\\VZVqsfETzZZAoE]R\\Txy]CXdtHhbUaFtEau`cCHXRQgKWVBrxpkFKazTBmwky^zZT`vOKxjYMahMWNN_Gqd_qAi^bb^qGWYoQMrqZmgAGRsetmxo_YeIt\\dTrYhdZsSpHtvJVWFTJcX_HEeoejRhmQupd_zBFDbNyD^zrnYITQzRDELmntzjbeDqzG`rXDOFBK`EaewqQJU\\Rdl`SMNLErgUAgAkNblPBtPt`HMIwIYYQb_WUA_KqDAJ^LDueMcjXF[YTsALAFPwYODZHeVNCaZysFVTDS_j`jALGGC]ATJlnEkPHemAqUhqg\\`N]gIia`WjOsSBbsNjXhKnUGLY`_tKBJ_eapATK\\KOiBAPRlYxHxZyRlsV[kICgLhFTi[msu_w^wFTFwGoFvDDjaTowes[SHb^TvvdRfFNY^[Ug_Q^dUwlHdVnUfqOBEeVUbzJB]^[qqeMGzIXUVqxLqVkaIPfpqMUtEzE`G]Gr]uRyJhV^YufNgK_MPdtNrezeQTBzDsNsjGjvElX\\tIXwaGMu\\sP]dtzrvgiqgVZagn_a\\cH_MXTiNDDKGG_KclPqGsAXDap^jqQncgZsllQLaRdsc^j`rPxv^hZdcj[fcpzWnQcZgfZq\\DQoOIo`qPgZtUPuMqQBQedkSMFRvPsLqG[[XfU[uvoSJ`^YBhNqVX`q[`]BD]dbW[dmuo^b]pGVpQbmjgQOCCqYbdArISXYRNwiwl^NKfU`RKAKykSWMV_UeKLQofZJYiDcUspxIDDWiQHWcptYzBLwjbEmaMY`MKHcGYpGuVNJRHfUCoiylAJX]HtmnDXwe_J^I`PKAn_enCfbvkjl_ZnMBjFz`DSqxR_myIL^_^yy]`d[\\RqDUfXLlx]ZZQew[hg]^sdn_LNB[oj\\Ge_NNP\\StTBAgmEOtC^osHxdiD_JYWkwOASomWjLMUcKrcHmGyHYQudyhu_JkSt^dEmfZP]]SSc^_nlGvlCZORfTXUHrs`\\u[Famp\\Tr]fGySF[tIYOyP[PRZZOFIfdmqi&quot;,145)" fullname="Open_Lab_03._10.Tests.GetNumberOfCharsInStringTestRandom('C',&quot;gp\\JfBhCMa^\\sioxrzMlSaddEEnQAtzfCuJwZf_JVNbbHHklo[dKWLYFMrEbNWBSasZy_r_L[CWEzC]xTC\\`QpOr\\EkbaxvzMOAPilMxwXjToUGJVHNLu\\Cldc^[Gwe^GXskCMOcp_dsFvCHybLYjkEkMOfGOmqAmMMX\\VGItfWWsKfi`W\\`kMnWTH_nbITChdFtiffc[C`EUisCcwasQRPaZqEUrTbkRTiOEmztltEhgiCeP]Keb\\lWT`ZsbQkH\\pmAzdxqxhGXMctknZFVIwIqcSv`SGS[IxMrvBef_UhuUUJlfjEHLUy`gwYhiY^qUgOPWComoZrnPO\\NJJudCKPnygLzcwxGrr`iFtVcvSTl^KQX\\K__^uoKX[QjqpJr]kwXinIPnRijr^QnWn_XYYcwDUQecglFI\\PmNsihCPkMMETuK^SDRlZEIAUT^^gH`cbWN^`_EqVIhWkzBW[FUioWBLeN^UK_cdgd]wghxny[WQWlPVSGDbnroKUCsRAjgr`DkH]FjmIajTAkosyICD[BqpoRbdofnOo_kTBIsMXRZMH\\KeOATrgdW_NvSK^Fy]n\\`\\z\\rpQqgJcdhTHxVoRvbKIMFFqhjRSwZgwjenI^bqxNvdNyD`kKKstUTmVlzcGUrgKBXYTcfnTlNuR\\sreKaIlanbVrXW_zkcWPZMafMH_W`HGY\\utHxwniudNpC\\KOPTAf_CCfRzyYdUBf\\wV^^WCoohUpykckxQHLH[uZsNqyxUFaccUFGhlsRMrrhMhaWN\\SNp^ACwfPaDqZboNVW^eP`OuvdDlfaQcjtmSmEUCJB\\SNVYPtzRJtdLnzucXzKzjP\\G`o\\[RC[[NDvgaLnsgPGiGhzTr]xDzCmDmOs[X`zHZJxjDOCLLRTZImAspIcoEW[LRsuRSS\\GPzPwjPQdZlsiiSuzNzfPxKCCimXLTltspMKJ^DJasyVT_m^zyuDShMJEwMOxrEQirzs\\Ik]KqFWypi_vPYNZhaLdDFMQpMinig\\`uBrNYt]cpKOOiShZrqBRoOYD^MUeXdQJMyBObzBnEcosqyb]_OvreKkfcojL`rLLuFBjRZsspNML[aM`frGIiZ_COVfmQpOMXcylxrLEWDBXx`LCbKahkD^[ay\\voFcAyAnrb\\bngClfXHEjKdLFPb]UF^KyVPPR[BYxlT[GcmAiRrCZumlKu]lX^ZmERdXWm[KWiHxqJF^]anDN[kEd_FWyPBZRbVozUewqhflmovBpzOqkW`db_oshDMHhhgOnQ^HwrM`pzRocDbyAKjvCmN[alOn\\_DFIgN_\\HttKzocNzPd]NG]ykMBDCaLcZEQvMgwpC^tQqkCxfNa\\fQOYaGXZM\\ZaiQlu_gBSTnZjMMIzJDXpzjxIqrVFP]dbESb`zIZyMNHrr_LUyXPJDdazTdEgRvDrKsftecABdZcmbFRRgAGsM[^[mcMWDnhQKQhysRkVWO`eBoXOSnzQoLekULHBWdyqlRbRXSZUQl\\yutYyKxEQnW]yfxegKiznPjsjMGqzTfADkgp\\nJqY`iCVpdf[imJbmhiLAilEHEwIVZOzHItBraObh^ud\\VRb\\ZQCxe\\EXmR[mtzWUgS`sIjMZH^^oHdlnUgwILB^gpdFPnon^_OpCljTjEcpGyQQJ`hXMDOJepsC_ewfTkzPsnjBfTMDcMXi`TvjGWb[QFKNsgoFIw]WyAXVqgmtqKaXYK^LiN`wJ`ync\\Iy_HvgjBk_v`t[dhdF`noiIdWvX`NYBemU^nUiPuhXZyPJTFS\\wtOpgZqvlzOJnS]Rn_wqSupeFXPJTNbSNl]IWwhExZxPf^dH]xVoI]IBDdkPJgb^YwwCpUvqrrssx`zboIhVrnJld\\FmMYvQs[rjbbRIC`xRdPE^eJ[ByLgfnLZUOIdYwbA]iQzNr`TRprHTWbICxtSgnMvWHwttw_UBObpUJNKZsUpvDFxhAa[CPUj\\UdFug[VR^GEplotkjsoYWASCyLtVDRlurTzaHPmXz_YxBIvLhkTWaQETRDv[bANLUJxXoTc[GWZscVAqPhhTyVUbOgOETRqyRMdrK^WUItQKqMlwCELtTuMzpWJIE^Go`[bVlJglQSKFEKlCvSBPGwfWAeBoUOQen]eVfVKtYZcAjGuffHNl]qhcpKVHHsXCCaSc`VW`IIrhUfhtjWJNA_IwoBa\\ACl`BayJoRFPkhdTzzOK]\\YljJB^XWn^ou`GWRfng_FXQt]SvowonWz`eAqs_[lX^b[qI]xiU[^yVA[qgjbd[zkYvz]W\\nPLmhtjYgKYrN[StAJd`zLptIx_rCuIAaNaLRMiGkXz_ImM_X_uqsq\\bZSejVsVmBXQAtHco[]pcLQkWlzZ^zSIklylycylsBN^l\\LfQwGVVBsVJcNyVYrmiPaOuVdM]lwaymzuaUIaswmiscbWUAWZJ[o\\vwkuTuteFSXWdSXAQQum]rVRnNs]V]W_x^zddNNyDIdaLKnBcVJsaCyDaZHGCWOcwsZFToXCDvjUNpGcZruzS^yv`wCKGHwgtBeSlhhnxHpeSeplS_gK]OPYu^aXlMvwyD[MLnrmJGCLhTcuGRrc[lJelLYNHQClMtfPJd``huBWMEkavfQZVS\\Ntp[zUdesEQyohSl]mRvajnXh\\rS]AcWtXYWTJaKDPJSwFvscuohDXu^GYn^^QIs\\uEWPwXTLGrR`[\\b`yjcLuS]^uPvVChmGRqBA`dg]\\]w`dxfwMy_aagabctUg]xJYEKOd[aAVDFkYWxtxeyJEJMafQZYfOzA^S^[ZjB]gxI][vHKfzXC^oEPsdcTAHUGEFNFt][Nc]^GBjFjIOngrx^jOObpGi]_dBYViBRI_JZAQyNJ^sKlUiOHb^rfufHuAz^zQkBHxeHi^]YPAYRO^kJunQoKJgOtB`AR\\OsnrDnja`eEFce]TtXPpcMAwrxRWOgy]Hnma_W[xZTNgjFaBm`IHl]tBsrzF]TSsfcxpsvp]wSVOzTNlWPei_qkfukhhXU[GBUAGHlJqkgLZGfC_dOiNjdUprSvHOIFbrPMeSGefFnyrfR_OiIDJgMWXzLOpqCccbdbrYXM^dDHve]K`ngYFEwvesofHrooDLWQBkhqRwa`cF[n]AjBKe^^fhwydmEfpPEjOMIpGpHI_WS`XBIGIndZisfTnjN`rujTBl_QstvV]UyOVXabdy^BfeBVboBXccQehz_g^rOOrOwUuXyWIgvtXihWjJjDs_nuEUbVsuEmkOJXih\\KqeOvhWNyRHwTIKWT\\BP`pc^ObIJI_QhCi`NNPrNhHcEkxkd`rpvhXvUNGAT_NE[A[ufdxJEencXN_mRr`eRiVAfmKzGO^j[DHDQCEzcilRto^GjTj]ydnmfZOtZxCpGDIUF[]OnaBcwDHqODQm`AlrPVYroKaefvKpgIBOr\\jYbKpcSYfVgQQGSRFjCfZczXxBsRJFCCuDRTQFaq_V`LyVfE^VDRMMBGYJNnjAO`TeVMozBAJMGECoYbWoooBkqiCLuGrmH_HzsUzYQ_UDIAFxEekfXuM[_cngKdEuIWFcwCwEbx_PZycqcFGQVLVMRh\\QaTOhZZulv^ABhgDZWwA`zxEE]n`wBsQPbg_OjqpzDruFEFciHvqVgvQcOJLguxkCMk[BIok`GB]HCyAWKqpFCvdfVvA`fJFFHssTfbaSLQOfZJ`QJo\\DIezQHpfMoKtwvWAKGgldP]umhyLMWjWriCw^sbMqwU_BWRjCIVJ]DrngjNdJdZqEnCOt[^R_[vhvxtVWOIDA`toqOPneyDM]_ZNUDqcfDfCHKsiqsNu\\Vp_uOXeKjg`XiKX_gBTY`XxuqggWaxmlIlGiuTFfLYwWGfYA[KJqu\\vyseDclNdmuoOxDieTvhMH\\aoLNfvWnwrgpIqPP^typK]RW\\wm`quMPn]SqrUFRMyxwcHusVDYnOSRD]omjJrwBeXCf_YXIogcL`VoTBuKn]YB\\LOUDcWIVCvRKFPUwfPzbjF_HAZhOgJ`MVa[PEUaX_MJdDdNmaOHMYZlGjNDJitjsWFp`oErQibC^vvDWLviXBTnwpT`rRXje^QMxoix]Xr^qWOKoJgxmLRrDRsj\\_zyQsYAfiGb]xMAKpw`aJlif[wZLZJfvy]xXsNyyO`FCF[oyQgOVTJSnRTqvyoL`[f_\\PdRbxaSdffazH\\vmvQbpKJG_WDA[TacZwTjhVgXnqiIfnrn^sZeJEiRF]nLu`sQFDGColNXOtoz\\B\\l`Q^buvZVOBdKc\\]NxXCcgoyleBVPPipEBBfdCRWJdlonHDpnWaBEysElRlwsaJF`L`JapsLgBtyuzLdbMbsjglFIxuSQU^c[gObctPy^UVCFuJlGIUgyQVs[ZAdvavR^Q_OkeBixdVVRiAOnIMIzreJQWHItgDxZD`oWvA\\GgiVvAalZmpmUnRfgUxU^toRaYwOJMrrHkBTIPOQpVjHqQcfltICygyMsXo^ESbMuyeely]XGh`HKg[PpQ]QEpt\\lo\\l[lL]n]NsgyumWkwQHrCLx`hopRIEEIsw^lwU\\CTiZcdrVktTtcUumPouDXg]TJn^FyOeobpE^UlUwqZFXpK]oyJOxBREVrUQpFlW\\P`SnPXX^ZyNybE_yRiHoAhmPkjfz\\`qECeIPri_blk^DEGonqS^Wdc[bnDCalYCuHIvwvOGcKaCQJiKeurJJBZ\\ZKb]ogxpThdvwKrsbLuMD`JYEsXgtOtsig]mUlRwMkid`nO[DzcxGNXuAIYwORvFnkNPiE^ptyzSqasRdxctgvl[PcmLTVhvodpo`ymy\\mDIOED[QHSQiBZrzmAGSS]_QE^NkDleLeYtsdMK_RvMCWMnKxpnyffJQ_rKbqjNViFEd`zVapbBXP]trkDnNyg`zOdTlCdibiqURIJexZMIEemACySqmwzXB`EVvge_MsZjZIcjbYpnl^\\V]dRnjmvfiYSmDniRpiwLKCatVcOUHLg_EjsSUqo[xoAAqpfnj^yCbQKZCXXH^b_^mnhTvWxyu]OWCaDaw\\fdMdxo`ZPwZhwWP^OCHSsSazIFBnX]UrKCwuQIqto\\GA`M`sG_RBYecSCN[rmlBncb^t[UNGLN^WLa[w`JgsLSZ`ZdsDhzHD[TXyjfXmRKqKHLG]m_ScEJcQIy[q]KYMGZwsJ]MtlubA]PXN^WQJg`yRlHqlLbPHmeDhPOSQRYqJbcnsaMTGuP`a\\fHCg\\hKeZNsLjyPDzrNjojITxKzOJN^E^MdGQeqlg`HUvhrNEDuXSrgwyjiQiv\\Mknh]UImUB]DPboXQTlKGSFmgahIbw`CkDvdIzUsvQaWpnWVJRYxwlVufBBwhzKY\\ZTMfKPQytOpliwsKSyQ^bGyiAyGyYKwFIvV[KjzCHzC]aIwEImVAuuuTU_fLISaiSjcnbYzdzNVcD\\HrBCpgpvLOBCFgDntpYUKq`J^jmmBg_RQsWnJF]usX^Um_ST`LUaKiRRRs`GtDu_kjmNQQdoT^\\nSLXyWYMpSyHbbF\\RaWAp]zeCmFDOc`NgN_yG\\aj[qEMmcLgLoSOx]gQTaUMRVyNmk\\UCHVpzgayYns[bZsZPRPJaNe`HUXEsrZBGqdEZ^PQwiraiter^_y\\[Snp]pieO\\GaTrTkqnAlCzMsVDrNjabTtxaoCobepeB\\bRMq`uBj_MZ\\FvZZx[uiumhVR`hCMVwXylQEqAip_rph_EiHUIgUkSapdr`AMz^IPB^UfUcxmFKDwAqMqahEibhfK[\\z[hc`TgX^bU]A`jceI^scATJgRZ[hUrJKsc]E^ejPdTe]Eg_zzC]hbtzH_vOuMkIjKRIwN_H^ndzgigceu[iSV]czdV`bWpCtLuRm_bl\\uytytTYrSdzlBpUijITsyaHyaG[oVqFTjNYWcdFQwiOnqQrVacCWOt^TrvYnse]]^fCoXyGFCCvPRUHPPENmnjEqjE_gLSXSMlPKOCyc]xTLxNC^nI^nWkjnaMESZZujfdD`ExBMGfPqWts]CBsCoew]C\\dBxgICCdaUJ]YqGRhk[tXhUcPXbrvAgb^dTAOZ^NnmT^S`dCv^xLBJDwhVWk\\Li`hczp]GCNNNFeUqPjo`vXD\\`T`XStDmlcEnpkan`o\\jxoDZbqFgwvPQ]MCfQEoIJ\\\\^abB`JAzGwT^kQGq]oWqqSoRdhu^[ASa]T`sAp`]vwJTIiRVJORTmeeLmQXrP]`FenBXkNphPuuuJ[IvW`TMjynriUGkXhNYWDjVguewYeEsjkCRH]\\jJSWfAKiWHFPbg]^GknO]vXnEuuHxRocvM_PEgEU]LNpTU^MNNvaUNzol`RlGCkES]UVINZZgYmQhc[kWhukVNNhMj^_VTOZ\\I]qzIEAo]uw\\iGJFaUYIAiFOhIYjuETJSp`FdlOdtvtTRL^cUZoypR[ZXbRzfQuXamJtbD\\pFpOFplx\\epV[QUTAUGiCZPxcA\\m_CeBQyytACVdfepVpvZHLYI`\\VZVqsfETzZZAoE]R\\Txy]CXdtHhbUaFtEau`cCHXRQgKWVBrxpkFKazTBmwky^zZT`vOKxjYMahMWNN_Gqd_qAi^bb^qGWYoQMrqZmgAGRsetmxo_YeIt\\dTrYhdZsSpHtvJVWFTJcX_HEeoejRhmQupd_zBFDbNyD^zrnYITQzRDELmntzjbeDqzG`rXDOFBK`EaewqQJU\\Rdl`SMNLErgUAgAkNblPBtPt`HMIwIYYQb_WUA_KqDAJ^LDueMcjXF[YTsALAFPwYODZHeVNCaZysFVTDS_j`jALGGC]ATJlnEkPHemAqUhqg\\`N]gIia`WjOsSBbsNjXhKnUGLY`_tKBJ_eapATK\\KOiBAPRlYxHxZyRlsV[kICgLhFTi[msu_w^wFTFwGoFvDDjaTowes[SHb^TvvdRfFNY^[Ug_Q^dUwlHdVnUfqOBEeVUbzJB]^[qqeMGzIXUVqxLqVkaIPfpqMUtEzE`G]Gr]uRyJhV^YufNgK_MPdtNrezeQTBzDsNsjGjvElX\\tIXwaGMu\\sP]dtzrvgiqgVZagn_a\\cH_MXTiNDDKGG_KclPqGsAXDap^jqQncgZsllQLaRdsc^j`rPxv^hZdcj[fcpzWnQcZgfZq\\DQoOIo`qPgZtUPuMqQBQedkSMFRvPsLqG[[XfU[uvoSJ`^YBhNqVX`q[`]BD]dbW[dmuo^b]pGVpQbmjgQOCCqYbdArISXYRNwiwl^NKfU`RKAKykSWMV_UeKLQofZJYiDcUspxIDDWiQHWcptYzBLwjbEmaMY`MKHcGYpGuVNJRHfUCoiylAJX]HtmnDXwe_J^I`PKAn_enCfbvkjl_ZnMBjFz`DSqxR_myIL^_^yy]`d[\\RqDUfXLlx]ZZQew[hg]^sdn_LNB[oj\\Ge_NNP\\StTBAgmEOtC^osHxdiD_JYWkwOASomWjLMUcKrcHmGyHYQudyhu_JkSt^dEmfZP]]SSc^_nlGvlCZORfTXUHrs`\\u[Famp\\Tr]fGySF[tIYOyP[PRZZOFIfdmqi&quot;,145)" methodname="GetNumberOfCharsInStringTestRandom" classname="Open_Lab_03._10.Tests" runstate="Runnable" seed="1350199340" result="Passed" start-time="2021-10-19 19:34:08Z" end-time="2021-10-19 19:34:08Z" duration="0.000114" asserts="1" />
            <test-case id="1084" name="GetNumberOfCharsInStringTestRandom('l',&quot;MzQZYLxcKgARtNiZR]eApPTWNNiqBTHdCBhJHo`E^hGmYwLuwK\\UECdxgtMK]Gar_WOsa`R^w`^IIayQCoursn`AXj]ObUcWGPNBiSUXsxX_`[oFvvIiMiylrO\\qCDvcwGCsTwcjZ]zuWA[wuXSgMuKXQ]K[r_VoCpbZYwmzTYOjjEVqn`vflPVCvecqlIsvGLsaZB^yeTSnf[iMHUgSckDnZ_^oTvNLaTd^LoWlBwAXwcX[vVjW\\aTWHFGu^jfiFHNSrKBSxuQfjfqrHDsyLqjzANWGh]OSRRSoUFclUXZaPhg]OPm[qg]OXOSeove\\gyUYSB]C[HdoXJjTbtrYkn\\eoDXGmywZmxtRSNJMmkziDirO_zDvDMlt]kdPeWP\\LKBZPYATjefznmbGMIcnvBVaMAoceubW[_^sgXzFykLZalFjI]C]n\\aJo\\MOeYioCP`PPi[pJ]pLpwz\\vEZHsFcyxTDLKl\\aBXWRLp[[CNTQgVUs\\lS`ybwxgaRveOeXBOJYaiPFdzEfmRRczLjZYvbZ[Zee_`pocvPYLwSn\\Mwz]QLUPjvZ`LzFhjxGDebDJQCqCtXDswyLzbxKNQVpdWPXvJk\\yLjqesqMOURVRsacNnGFmntnPmZnBfutJvEhNHaGlkvtyz^lpgKICeiKSwbsYCLcZYMVnsVFMzUCrzoPPixU\\mr_NtVQaihi_TZanHxwREvCQgTSHRckErHhbiIt^E__Rf^_aO\\HkBDWroObaCJOGxdhMmyFzEYM`WkeIpmsp[ADnkpmZaT\\vQYUCpSoPWIfcqr[DeYlQQYfwat]wMfYlxRPyVbS^ycZSU[xsVipHbLernX\\vprDljuf_c]hCFORhzScFwda^qQJmgYLyGXhG_ic[pYQtBnCTtwr[pWzMQauYkssJQjwibLIRkIP^Sh]COqtjakIkY[pynJjxaGcRrTminakhG\\tdEsKuzId`aLQGVK_aZSxMFKLvDLwAA\\dwaMtvzoxY^CkfDfScBKNn_h^tgPqoMc`FcT`IRcaeV_iC[arYsTyqOqXsizOkxJMu^fDjFKRZdcYzz\\ZGXYvseirlvhZSUqhLSo_p]ISiB`MfYYtN`IS_NTQooRnYkzEmvMhLwedPGNqE]LT^nMmL^Jyy^kBLVtxC[ZkLkiQv_DXz]LScxPe_MsPlNihMdXuNPneC\\ImFvqg[ly]SXZNFOZqbKyxCAESHJKkibQGp^`cVMpzPMVoJKoypxCr^KkFq_`QbOnkHSXcjq[VVyiqeQIwULul_ZdfnZmrg_YAYegrmMOy]g\\_\\t[aVdvWTCLijmpPEdjraiXzeRKIwvOsxFKtzM\\CdBgWZyIAXzutxexm\\[vEZnZYnTkebvQsHgO_BBagJJkxBUuTHXX`QXdpcOcFN_Y\\iBmQWZl[tPvPC]WZYX]K_lckCYwmY[ZekOOAcexigwfA\\UnGrJgpBOxxYCOx]yCYqQ_nNWro[o^bFcOhfpvOndd]RQbaWzLhtMJLqzs\\SsVMkWsqnaSgDnfNgC]xoQY[dqhtYDrgxZwvNWluYlmph_eFbw_o]vhBZvduizYkifjdrjzPQb_C_cmELbR\\_DKBmv\\SnqMZTCHCoAOrwO^uWe]qI_iGhwLf\\iqwNh][VFj]\\kQKTZ_Q`PeIYfJOHFlXq]aGKSePlD_RuAVYO^nNXvFLEi_c^NSPUSfzJKABpO_]kTNXPlAdS_zvWVC\\nBm_lPwcVWOE^mYIWd[k[GSlMixqSkcoI`Nn]zk\\WfCt]wG`Gr_muRBhjBRCSGPen[wx`egWsyUoEZPQbXk\\Lptq^aE\\ihJPWXFBzIA\\KHtvxMcPlA\\uWnYxbFZzaLiLpEXgUNQYWOQDvxtRxpjhMPtdyHZujBvzZiGtovv^jC^H]VCeMIBk\\AyaKoiMnWjVTReNqA]CtLxJllGdFpiazK_YkaiANikTTHoLkpnLgzrQDooYhEHyiJVImL]PS\\pL\\eqdxvsQB]uATOVvmPSIaleJmgY`S_tKKfoYxL\\mLrwLOVp_pb^CJgejzgrQ]Tx^djqiZxxbnawjpYvWrujlAqB^AFYQTLPrtZc__GEsdwPcjvtal[ZceM]miThU_hNcREqWqWrkprHEbYnFLr_tlgNgwqqLZkTwjgQeF^kVcjnnFYKQ`cIgIUrfrJZz`fQE^LVuHIAhHIQBs[b_fagrcgnUpfnvElpxZjPtCQIWb\\`zEpmWcuTzzZ]qYAE]VEdWSScJKh\\VXPPGGnQAtXSJXqxzNZ\\CLgB^sJglMcMvYycjJVjejEcxlZy]VcwlMZKlOmOwH`nQLXkYNOqrjrTGDDlYKJVeg[iznq\\XGm^JRSmUj`OHmEBUGDiKAqlxJJekilfXmYkxUJplRXjfvOrbZUsjHQWQA`zHhCfxurUTTEAxOxtdHGCvRCQUsvP\\B[woJhDOllkDu^NVTv\\KXnJt^EqelQFybsRtHMnaterVWyAnpvBw[FEORCQErY][gl]BLUNGHuQmvn^`ECpqPI_]nDbFwjj\\IXje\\yb\\huo`oST^`kAodgL^NANImIKYKpe_EtEF[TIUTyh\\jD`Mjvr\\LMW\\lZi_kWVyhpZgguTP^qJPSmYicxjPyISr]dUBfdexdjnudtaocbyVCHIyAAwmhGA`^bJCaRetMLgdy_EjXugWJwpU\\VAfhrQ^jOWBj^NQxEJr\\_A\\vMUmZdVampbLQzLUvJukHCzuhWYFnytwU`k[]^DFsqPuvBzysovReQTsN[ECKQnovfrlPlsYFprRnEzfX[MzCbRDLrNCYBucD[zQKNjHw^MpZCEI\\ZekDnlTTnaX_pzDuPOTFj\\KlED`V]eJnEbzWK_PigwXhRdG^IuKnkDmy[yykMyqIWe[OAgkkzeYmD][\\wBMc[VCApBwL`_]iGOQhJr^]JZoGezux_^oKlNiBbZZzk`L[IkgpMmSE_kZBbwVpGyhBkRws`PFjY_leNTxtTEllLjfBohZfEdsmsJkqooQwgcfzypnNz\\]CMvqBfvDrp[epgzmEdGF`ooFcDgCzuMgdGp`wSiKtkYHLxqTzCidsVxOYpNxzsExdoBiq[pluvLoVhtfNSDwMcnNJbHGFlKBf\\^XvH]_NxiwJIskwckhoIlAAo_PTigJkKJuJ\\jFq_iPtqDBiWK^A^M^j]WHcML_Q`Lzzyb[sfqPZ]HJk^bx_JIMygKgFc]dSJyUfEBjojeVgwDNVMWFfOAHWyBTouVQJNxP^m_g\\rIo_naBcwQsLXyEJqxgDivtUTMZzojcijdnGLddYzkrd^EmPsGhpsdnvO[KbGBoMhK\\nKyxNUNDyEPqO[JGiCnpGqrrlYBSxwewTcyFuI[[faorydvHwuGKuUVxSHLpTvFBZT^g\\EM`cTJ`BAsH]uVCqZCyNAmnweHk[nXfGPfriacaKpwROESY`CLzR_Y\\RZcxMZFOcNAMP^UPr\\oXD[_sRiKXbXTbqJaOyfUlkijBDGJCiwIqkBXrukf^OhgKtZVFxGQMGCgVl^oL`IjfP^qpmiTOzr]DB_HekEFcfwjhVBFXvZyGyBvWcaSOmCMPadTNVK[[CHzSnIZkdwT`sVEAckBKlqpdjZHlhrBly^DqBdcZGceqjgXL_TfeIQjMRWcUBhClucbVRNyzIbDIMzuDCvNUMWcior`fAOYYaswHFCtQVf]bNazS]`RG[i`^zsaZiTztJecTDnyABwyatB[NrNJ\\wRyrTYHM\\[cBgdXdxgOibRE^jydyYTc\\K_xrgkAefl`bUxuQdrPLy[ueN[IVpIoHrHrIg`wNgeDpm]JmESUaDW]jeSeLcfp]xXjNFleEuC_UXEskQWR]oNE\\eI_TvleBoarVmwhShQfArIS`[tvLTTikSOcxNRIJX^aqN]xTjyo^bDd]pztCqYh\\rHD_UkEWH]cUc]Rxvb]V_LIOfFHOXGTyqEzGZZzzuXVF[PuThvGOwSwgyosOcqyBId^^]L_\\b^[HpDoWLob\\AEC_ISHfakWEYUwqlXq\\XehYrpruA]DnO]BEbzUJDturGWi[HxfnxGEVXegT\\NfEgcpvTsPlDgX_jpR\\HXnCqQpIYfgxTAiqNqK^amGPhtkRjafbSKMEZcNWmh^iLSYCyaQtfnvUQ_Ux`_ZsAEeIodXfcnlsOYDV\\hSIPlv_PrnvNQqOOfhGhPNUJfRsCCFs[z\\sMQcOJGswq\\XRw^ddkwhL[xze[D\\Mlu[OpyByDZxbWQ_hNAv`Y]I_RPXORxoFegKvAJ\\x\\faQyGpJZRXZHvoPmww`amgFeswkGchD_yEmvr`K[OpAaUyjsvJENwXiz\\fGKEDreTuJrBUuWlFRxg`PtNsKYcqcaVn[LZAVLxVM[prqbPi\\qFlSvVNxMsYB]Sc\\NtiwljFzQSpEVBdIuUm\\e\\_pMCJT`UjHMWdha&quot;,77)" fullname="Open_Lab_03._10.Tests.GetNumberOfCharsInStringTestRandom('l',&quot;MzQZYLxcKgARtNiZR]eApPTWNNiqBTHdCBhJHo`E^hGmYwLuwK\\UECdxgtMK]Gar_WOsa`R^w`^IIayQCoursn`AXj]ObUcWGPNBiSUXsxX_`[oFvvIiMiylrO\\qCDvcwGCsTwcjZ]zuWA[wuXSgMuKXQ]K[r_VoCpbZYwmzTYOjjEVqn`vflPVCvecqlIsvGLsaZB^yeTSnf[iMHUgSckDnZ_^oTvNLaTd^LoWlBwAXwcX[vVjW\\aTWHFGu^jfiFHNSrKBSxuQfjfqrHDsyLqjzANWGh]OSRRSoUFclUXZaPhg]OPm[qg]OXOSeove\\gyUYSB]C[HdoXJjTbtrYkn\\eoDXGmywZmxtRSNJMmkziDirO_zDvDMlt]kdPeWP\\LKBZPYATjefznmbGMIcnvBVaMAoceubW[_^sgXzFykLZalFjI]C]n\\aJo\\MOeYioCP`PPi[pJ]pLpwz\\vEZHsFcyxTDLKl\\aBXWRLp[[CNTQgVUs\\lS`ybwxgaRveOeXBOJYaiPFdzEfmRRczLjZYvbZ[Zee_`pocvPYLwSn\\Mwz]QLUPjvZ`LzFhjxGDebDJQCqCtXDswyLzbxKNQVpdWPXvJk\\yLjqesqMOURVRsacNnGFmntnPmZnBfutJvEhNHaGlkvtyz^lpgKICeiKSwbsYCLcZYMVnsVFMzUCrzoPPixU\\mr_NtVQaihi_TZanHxwREvCQgTSHRckErHhbiIt^E__Rf^_aO\\HkBDWroObaCJOGxdhMmyFzEYM`WkeIpmsp[ADnkpmZaT\\vQYUCpSoPWIfcqr[DeYlQQYfwat]wMfYlxRPyVbS^ycZSU[xsVipHbLernX\\vprDljuf_c]hCFORhzScFwda^qQJmgYLyGXhG_ic[pYQtBnCTtwr[pWzMQauYkssJQjwibLIRkIP^Sh]COqtjakIkY[pynJjxaGcRrTminakhG\\tdEsKuzId`aLQGVK_aZSxMFKLvDLwAA\\dwaMtvzoxY^CkfDfScBKNn_h^tgPqoMc`FcT`IRcaeV_iC[arYsTyqOqXsizOkxJMu^fDjFKRZdcYzz\\ZGXYvseirlvhZSUqhLSo_p]ISiB`MfYYtN`IS_NTQooRnYkzEmvMhLwedPGNqE]LT^nMmL^Jyy^kBLVtxC[ZkLkiQv_DXz]LScxPe_MsPlNihMdXuNPneC\\ImFvqg[ly]SXZNFOZqbKyxCAESHJKkibQGp^`cVMpzPMVoJKoypxCr^KkFq_`QbOnkHSXcjq[VVyiqeQIwULul_ZdfnZmrg_YAYegrmMOy]g\\_\\t[aVdvWTCLijmpPEdjraiXzeRKIwvOsxFKtzM\\CdBgWZyIAXzutxexm\\[vEZnZYnTkebvQsHgO_BBagJJkxBUuTHXX`QXdpcOcFN_Y\\iBmQWZl[tPvPC]WZYX]K_lckCYwmY[ZekOOAcexigwfA\\UnGrJgpBOxxYCOx]yCYqQ_nNWro[o^bFcOhfpvOndd]RQbaWzLhtMJLqzs\\SsVMkWsqnaSgDnfNgC]xoQY[dqhtYDrgxZwvNWluYlmph_eFbw_o]vhBZvduizYkifjdrjzPQb_C_cmELbR\\_DKBmv\\SnqMZTCHCoAOrwO^uWe]qI_iGhwLf\\iqwNh][VFj]\\kQKTZ_Q`PeIYfJOHFlXq]aGKSePlD_RuAVYO^nNXvFLEi_c^NSPUSfzJKABpO_]kTNXPlAdS_zvWVC\\nBm_lPwcVWOE^mYIWd[k[GSlMixqSkcoI`Nn]zk\\WfCt]wG`Gr_muRBhjBRCSGPen[wx`egWsyUoEZPQbXk\\Lptq^aE\\ihJPWXFBzIA\\KHtvxMcPlA\\uWnYxbFZzaLiLpEXgUNQYWOQDvxtRxpjhMPtdyHZujBvzZiGtovv^jC^H]VCeMIBk\\AyaKoiMnWjVTReNqA]CtLxJllGdFpiazK_YkaiANikTTHoLkpnLgzrQDooYhEHyiJVImL]PS\\pL\\eqdxvsQB]uATOVvmPSIaleJmgY`S_tKKfoYxL\\mLrwLOVp_pb^CJgejzgrQ]Tx^djqiZxxbnawjpYvWrujlAqB^AFYQTLPrtZc__GEsdwPcjvtal[ZceM]miThU_hNcREqWqWrkprHEbYnFLr_tlgNgwqqLZkTwjgQeF^kVcjnnFYKQ`cIgIUrfrJZz`fQE^LVuHIAhHIQBs[b_fagrcgnUpfnvElpxZjPtCQIWb\\`zEpmWcuTzzZ]qYAE]VEdWSScJKh\\VXPPGGnQAtXSJXqxzNZ\\CLgB^sJglMcMvYycjJVjejEcxlZy]VcwlMZKlOmOwH`nQLXkYNOqrjrTGDDlYKJVeg[iznq\\XGm^JRSmUj`OHmEBUGDiKAqlxJJekilfXmYkxUJplRXjfvOrbZUsjHQWQA`zHhCfxurUTTEAxOxtdHGCvRCQUsvP\\B[woJhDOllkDu^NVTv\\KXnJt^EqelQFybsRtHMnaterVWyAnpvBw[FEORCQErY][gl]BLUNGHuQmvn^`ECpqPI_]nDbFwjj\\IXje\\yb\\huo`oST^`kAodgL^NANImIKYKpe_EtEF[TIUTyh\\jD`Mjvr\\LMW\\lZi_kWVyhpZgguTP^qJPSmYicxjPyISr]dUBfdexdjnudtaocbyVCHIyAAwmhGA`^bJCaRetMLgdy_EjXugWJwpU\\VAfhrQ^jOWBj^NQxEJr\\_A\\vMUmZdVampbLQzLUvJukHCzuhWYFnytwU`k[]^DFsqPuvBzysovReQTsN[ECKQnovfrlPlsYFprRnEzfX[MzCbRDLrNCYBucD[zQKNjHw^MpZCEI\\ZekDnlTTnaX_pzDuPOTFj\\KlED`V]eJnEbzWK_PigwXhRdG^IuKnkDmy[yykMyqIWe[OAgkkzeYmD][\\wBMc[VCApBwL`_]iGOQhJr^]JZoGezux_^oKlNiBbZZzk`L[IkgpMmSE_kZBbwVpGyhBkRws`PFjY_leNTxtTEllLjfBohZfEdsmsJkqooQwgcfzypnNz\\]CMvqBfvDrp[epgzmEdGF`ooFcDgCzuMgdGp`wSiKtkYHLxqTzCidsVxOYpNxzsExdoBiq[pluvLoVhtfNSDwMcnNJbHGFlKBf\\^XvH]_NxiwJIskwckhoIlAAo_PTigJkKJuJ\\jFq_iPtqDBiWK^A^M^j]WHcML_Q`Lzzyb[sfqPZ]HJk^bx_JIMygKgFc]dSJyUfEBjojeVgwDNVMWFfOAHWyBTouVQJNxP^m_g\\rIo_naBcwQsLXyEJqxgDivtUTMZzojcijdnGLddYzkrd^EmPsGhpsdnvO[KbGBoMhK\\nKyxNUNDyEPqO[JGiCnpGqrrlYBSxwewTcyFuI[[faorydvHwuGKuUVxSHLpTvFBZT^g\\EM`cTJ`BAsH]uVCqZCyNAmnweHk[nXfGPfriacaKpwROESY`CLzR_Y\\RZcxMZFOcNAMP^UPr\\oXD[_sRiKXbXTbqJaOyfUlkijBDGJCiwIqkBXrukf^OhgKtZVFxGQMGCgVl^oL`IjfP^qpmiTOzr]DB_HekEFcfwjhVBFXvZyGyBvWcaSOmCMPadTNVK[[CHzSnIZkdwT`sVEAckBKlqpdjZHlhrBly^DqBdcZGceqjgXL_TfeIQjMRWcUBhClucbVRNyzIbDIMzuDCvNUMWcior`fAOYYaswHFCtQVf]bNazS]`RG[i`^zsaZiTztJecTDnyABwyatB[NrNJ\\wRyrTYHM\\[cBgdXdxgOibRE^jydyYTc\\K_xrgkAefl`bUxuQdrPLy[ueN[IVpIoHrHrIg`wNgeDpm]JmESUaDW]jeSeLcfp]xXjNFleEuC_UXEskQWR]oNE\\eI_TvleBoarVmwhShQfArIS`[tvLTTikSOcxNRIJX^aqN]xTjyo^bDd]pztCqYh\\rHD_UkEWH]cUc]Rxvb]V_LIOfFHOXGTyqEzGZZzzuXVF[PuThvGOwSwgyosOcqyBId^^]L_\\b^[HpDoWLob\\AEC_ISHfakWEYUwqlXq\\XehYrpruA]DnO]BEbzUJDturGWi[HxfnxGEVXegT\\NfEgcpvTsPlDgX_jpR\\HXnCqQpIYfgxTAiqNqK^amGPhtkRjafbSKMEZcNWmh^iLSYCyaQtfnvUQ_Ux`_ZsAEeIodXfcnlsOYDV\\hSIPlv_PrnvNQqOOfhGhPNUJfRsCCFs[z\\sMQcOJGswq\\XRw^ddkwhL[xze[D\\Mlu[OpyByDZxbWQ_hNAv`Y]I_RPXORxoFegKvAJ\\x\\faQyGpJZRXZHvoPmww`amgFeswkGchD_yEmvr`K[OpAaUyjsvJENwXiz\\fGKEDreTuJrBUuWlFRxg`PtNsKYcqcaVn[LZAVLxVM[prqbPi\\qFlSvVNxMsYB]Sc\\NtiwljFzQSpEVBdIuUm\\e\\_pMCJT`UjHMWdha&quot;,77)" methodname="GetNumberOfCharsInStringTestRandom" classname="Open_Lab_03._10.Tests" runstate="Runnable" seed="2071933819" result="Passed" start-time="2021-10-19 19:34:08Z" end-time="2021-10-19 19:34:08Z" duration="0.000086" asserts="1" />
            <test-case id="1085" name="GetNumberOfCharsInStringTestRandom('C',&quot;GzlBdaIcKOPGIaGqlUskiam[wchrzYwbJef]tZvPD[zFPNbbG`rSiACaNQFAsRdmShx_uexSZchObhLiBGl[adtIcFOcUuXlrMnbPDh\\b`sFToyaFWzmaILioovpVVx_LvWUteYxYPsAkopnGi]yvfLiAFn\\HsFLcUtYXdg\\xBTQQKxzzHihszdakiTorxqaKgYWuXW^CBAuRuYpHn\\zJYTdlThjPrezLnFdmaFclLeryiPpQ_gD]qWmTpfbjhNLWAi_ooDbhsOyn\\eCErZlKa^VWTPwv^tEyZ[yAkB\\[FWecXzrLc^rN\\Aq^TH\\`GgJzKATBgCTqyQEKtnyUXlSABq]Ze\\gdawUZMeXWfq_aKBPKvfdaIHHUTJxU_uWKVkQBwfyOVbibMlqzaS^yrG[ZpzFCgDsk[UL[lONQhULaYaHcTxnLXYTOPqMx`vbRjyGs`WOSEMQ]vtAOs^jjPgSCAwKuBQlmntrZZOCxj\\HKHqTWqxECLsBCfEscLUQn\\_jBBbpd[mzo`HuKdoEDLjauspnUW[lVLTjdHRUOI\\bZsN]^KhyXPNcmxoJMn\\MABedLYQCRZpukHHCeSPKi\\TFxlwgSHH\\hPbXNeRFtegx[Ssfpl`u^Q^_h`fZ]ekKSUN[ajoABKQEoVeftRqbcNxWlCjiyrcPu]fGEXFGx_sTAZkSuA`KnJbEWrj^zGBJbBJRj_a]MkdEUeWRSXnyRY\\lvbjNhbGq]jlyQYcVZDyD`]jm\\XKcSDrJaXVIpSpeenbftXBtoX_OZXMYsxmPW_^ZrbYtD[aHOTZmvEsDWRnv`dkIKwPra`OGPInRzIqTrXAGy[^nEjtFkcuOrPiGKjaiFT]mRbEO\\ZEHcdJkY]nrgIVgO_[jZjJHqRAfxl]^eedQ_mfNGxhivjCwxp^mGVolQwQRd_mhzPMB`FI]sMd]B[MHOEhHOkWOqrAb\\UebLAjg]BXshBuumSkqkJD_qeZPtxLhEaA_bBQAk`eNgp[Mp]]^HKrRRFkab[m_qknGAVSkBjFK`psBKMZX\\h`ujjN]RkZQmFWwBUM[Jl]YFhm\\NjWVBVDJKsXRIqZQQoXZZwApAzNjKHpBxlObUEPXCNlIxuRSRLIQPSCQjaVCHTyDDVUWbrwM`AXLLrsFhvXyz_mejxsoiNPiPiFbauk[PwlPuqFrhPUMvzE_djgdyH^Rljw]mR_nKxjCn]jssBHZsCmPeayrNG\\IZZ_LucFWlbCyQBlGznlxADYiwgsLSg`D]bdTy_yPwlhRzozcprrZV^IVApPOjtDECz\\iXXI\\p]BOWHiIgPV\\oFiyZOSIPj`ChdPASQLYjWes]tztHGbZ_cPwQ]PJEzMFwyamshpVExlY\\p]`OZBIIF_FTSjpACTjK_w^SMAZRLVaqr\\\\AkufyDxq[\\Z`yzVBeCNwtyNCYcrwkxO]rOpQIhlGaFDqn\\\\RqTwod_cB]rNWMBG]MwijKEtwQHVnvWPxG`FWB[tSfooQ[Uu`zaeqmlHm[A^]IpGFcPPgvj[mDVEWQc\\wMqoUmYKVYTwBwXKqhiiLFNePFsnXgl\\r_bPSAlSKFtNbnZpgLNibuQrzL_OuenihrE]VIspwV^FLzC]gCHMZCuxNkQG\\]Y`RKajiwZ^SXlLWKfzJCcr^bPexHOfrlUZxyoAZSnjddtBRjaDERxYubCkvvmahogbDSOYWf`qOsOthOTObLaaov_WwDF_`NCoxSxz[IgZlHKCSICgb_z]NFmIns]T`BQBpZwVRUnY_Hohl]DnAZwBNaar`pLcgTtkqIMsMhUNlbxGQFXRoiTGEOnPtEq]IKlLOEqcPLbTEiQgc[bZXuoxAmfcUwzHqsEapmrMPoBdHACWyHgY^XEOWnL\\YOOSLZ]LdjrqcVJdtLqAkPdNPbeZoqJBbWnBaiXi^qmPPqpIO[ULxKkJeADeoDXn`qPMbHDKnH]u^TxZl]LT\\yDWfeW`fmu[YzjZadaGXKXqiqgRDdsRsERbmtaxk_`ANC\\^d^tIvEvRaNhpyF\\CuccThIhgCdVtfWcgUIh`jkWnJzA`LkyfC]Gf[Hp\\qMFSjCgKeB[pYwSJMoKiIH[SejrIPxLMSMi]eDEGSqvJPJNFKwZfwHSjmnhzK_ugpO^MNp`IkDVSMQC\\]lxS_aQLtzkqVEvowOUBfBrUXQvslA^\\lM]ZbbIPxSSOFimfIbWywAp\\tcvNfXZt]PFJb]NUFEDTidPi_PkKd__kWB`yfveasZmqcdDfUBssx]mQSMjWgPPxkVmawOjKZ^[OqZFvLFpcggnuOOfZLOudKpFNq^iFShY[B_[tGoLbZgQDcrSidPyLcqEBTsEhWjQyNSskomSXDTK^_BfyKA]CjMrKZY`Oj^KjWSqPyctrxaIPga]SNG]WNNPA\\iQVMEi`I[HMLVzcGfEIEc_tvNBdAo]ICpoQR_etscGMYQGrGuPbIHwtJXZzCE`UyyJWbiRcBLP]\\S[fGJ]G_uAvsuHuEeqnCmN[GkPXdgawr[YrwottbZpDyO^hbW^WV\\ZjEA_WuF^rTDDY]PyQkxMdwK]sMcqMIKbVAimwP^z]wxkuKEKRYNfYPqnu_fJRPQiJ\\hYn^BANxjgyZbiIY_nv_IGKvsXdUhNfOaY]gWoWMY[aKo[xxAtk]nfTbNsedXtP]AjtIL\\BkWiFiaAGX[fTo^I\\vFvY_Jmp`KEJFbom`rAGE`eBNlMJl`\\yrNxCQC]adta^\\qBqftox]CWV\\tKnxdEzjFSrdm]]UZ]LzH`XkW^rl_]oqbbWsjdApaoW_JMtXRcDaLWTTnDaGMOLd^BBLFefq]VZSJtaJd[ZvYNeLNCEgCtcRdnAILiRhxNEqwBKu]X]loPKPWqxC`yncmHjVsYyvJmyLJoOMrJJeWr^TckmUkOHyZ]DpRpCEZbcCQzGbblLVoIMveVmHfdKufzmhlZvCHFLpP[DdeKnzDlKQPHKvCuYqWhXQNZqHqIOjxWfJSI^[pLrtp\\XdPzANgUZbDmWKUgJv^[St]BdtXxAKq^\\lCMsqIACcxEFamTGJCvWVI^HNWGqiTOlaRfHInSn]XjvYvCHDrrIuHGd_Fe[BKTPjS`OGLxVjItxYbjSTzmr]GqZLCdDIrlSD[MFVoAst\\YlNIKwVRHCY]mc\\GDEbuMsXbtxVdx`ytxAhEMCrghrkjtbiddPkvRzOaUfPNblUcD_`mvWuBNvNVHihSPlAioDcylHkamdEv]IfVBwiMViiVltYgxxxqlgnAwaAogTOdqRszCSQTDnSFVMMsiDdpgOJqVfZ[vuaB[E_ZAZdehenyThfjUHFcjZxbICdXtpXINRfQhnsO[yHB\\L]hzjGooxSAGxRxpMlrNekCBUBbPrIkRwGw`vXJicUQyfKk\\uYNNQnr[[gfi`_xobiKqUXuobIeQ[DWKQFUYv^BJO\\FPm\\JEW\\XwzuG^_YgHIbAWQ[X[K`tEgBctSeCFzatzgZKWyrt]quAh\\izSDitrbTQyRNLtWaHciAkrPB\\SfXNlAuXdfjCQgCXSILElgzFQnYz[xICCNbLKF_yWpbOg_qvgdXiDwkggRwycvxf^hzDFqMNeNhvElYmw]Tq`ZyF]u`tJ`V\\svlz_nppXKEpPpbusKCFcGFDiuaKQTEEsMCJAZNIh^ZVVIqhTeAy^PsmphQdNf`DGAxCmYuYwtYEgki`EsrfTFacTQTSJdvCyWOVLnvvkbBdrnFFzk`UntkBZUj\\FbPSyWGQ]SURxvvlDwl`LOTYEbOFfNwrDZqISif[hpcgWOWsxyx]cJQqOqOWIBePW^N_FnZURQsWfgCqKWHhPZOtIzt\\[OSfKTQtArmK`cLRRuLbnYLmuxzwOTWGtxuCyMLRWJpSdwHhOwcNnShBD`lMTTeg\\gRbhITEjtLecsIxpSiSlISaPtzY[yyC_JrweazGd^^tGDYKWnXBeRvSUkRoIuekvIFZBMSPTcjNfY[M[pBhbxXNN_cuOKxitnyyyyIK[HhCcihvQFUTswJyksM]dYBJfATr[]O\\grM[PVe`rgeJpdqwdzNFmfbCG_XbUp\\nqtgBkjiVNgfworTBKWO[PIiBPKTkxDLBKqSwxoMuRrsFzeNOLWWxbB_iKflaVyXK\\emy`WDWKTJXQdBfwF`bgN[JRemRCf`S[hdVsPjpSAmNsHXbeGePYp_OKdhudmT`oqxdzfnhWkPf\\MQJMLhwBPueJVLPcoL`hNZCKoczSxtiasmyS^hYFW^`vS[d[_Eb`jyNnNzYdidEVMDQdNwEGm[QjtGrUy`osRIqu_KE_OpWmZJjOJAMbA[mOh_tGHEeJpLEDNWECr`rxE_PkWcKySMrqWbMARxXKKNxNEgBnwKk[cpKJOIk_tgqcUNgfJDktIhmqaCfkbXCH]WNaXCmJNsQ_WUtrzWdsZqSvDUcM]Ax]diGxzGNHRbfPWNZMIokKoJifES^DZagNvouhNwrtI]brLC_puWDiPnh[A\\thdKhlvXUcSlyMwqBScqZBnhID]xxHH[hlCKQxpqwniw^JXqmZlVrJBrtwCdOxZM[rENKlaE^mugTrJzggL_Wlc^kKRUvLbyT\\\\fEKgAthrFPU_BmDxbmvpjPb]zZLIRKwTrV_u\\zLfju]OVgPbrOzMXfmW^hhah_`vTBhfNI\\cbPGpmSHSKdQDKkvLdIXoSeyKUavTydUjmXfI`xdK`UWDN]ldG\\CFlhPwRv[LXoUaPbRmEngf_MOxOuxrpSN^bOxFHiqd]YmlAqnfLz_ToWb`YShWydWFaqyAdLeVxDJFZ^xYHRgpnuiKhYhpAZftBhKJrmCzVIVlN\\FvUPPgwbRgIoTL_oV^XQEmSoaUPh[f_wxMTm\\lJyx[V^ADZq[ansTxXTcajuXOGgIMrHrmTdTZSdXon^vYNtsfcApAJuCPaiUiVoLSyhNJ_ueownnLzzBNo]dqRrcYbEtePiZyRdZ`gjHiVBDWHqQbhGusLUAHEobZAz_OTptV`]aEVu\\QnMRloRxInamwdS[rHhhV]pCSxuBL`p^QtjTs^qfjCW[mCwmMBjxhNFoyJzouPmcxD]DuzcURCyTFVPPAIoJqspDouUi_ClZQo^jatrNYUffPmidtjnl[clENZPzeuqPR_CRrajGQbl]NKoBLlooOzyhCY]Hesc__VUkjXlTzh[trPrDeNnsFBBRaVOYEc\\YyMxrpERoA[pb_FqnbY]XEkZ^UCJUISPXLCueRANavzseM[n\\_\\rfFETOn[]muxfhLXW\\KL\\aKv\\FroRuPiph\\eRGjfrr^\\gyTKZoERQTzQ[KdOXyJc^LHyMbFPm`TeDjP^lgV]qyY]hKJH^\\Othvx\\rVyrjo_lzUNlvF]kcgm`meQBXxmRQ[wIlngWi^mBZh^SxYMXy_QBIYiMEw[mCN[`XEzHZGCEtkFFHyEzkUTmJvzTFZSlDAzLMxusYFxs\\MHYScEGs[BiuhV]FgBznRAtlusJDLafW[QxoaA^VLsczRR_cYnmEyEKLNhYkuDhuWRZXYi_f_ecZYu[cTbeYnbYWGlatcm[IKidzrHJkOG`T]lnTNqWTYPGotDQgHfDlKZOkQ[kLXtKgBFtVyMgmWHkvboGor]ccDoJD]DCmFLv_EZnnJuivyRVCiSI]TvTvQbdMvqtvJugKMLqHASfxohemZGUJuaYJrAO^qarSBnlEeKq^]A\\BQWGdxrnp]jAd\\^TMxTRZ[SvAw`HOPqhuEXt[tfaznCpSmIdHreaIiBax\\GgXj_`gBG_DdsSSnSgY]dNowzXfP_LCrvznyIPO]JQgd`^yROVWVH[rss[jHuW]v]Mit`TeDYvTTbKW]YUBJphj[HvFh`GcnnkHTpFlulSwLH_QhENi`UTGo]NleNw^RT``qDDgTcGX]k_SceXdSXCYZeSrbTGgppesczZeAaVxOwdDxvJApSKtQHGMkLFz\\ZbhGfkdLncmCFK]APtgKGq^ekc\\sMtp[V\\oUwxSKaoCjYrKwdL\\SZpVcECVDPkyunRgeVIDRb]dRonLtX_PBX]B`GLPucOupqIvHKaa[HJkxMDnRq\\gl[x]RPH_JsJjSbo\\grEiqxotNlETCXyDGcIUtgesDCXcy[YVXcHZmnpogDO`Ln\\luGckYZbANMfoaMvnTjv[Q`QTnUipXFhPafirsiwyAGMaHAO[I\\L\\sB\\UpPwDlmcH`VNu^Dvfmx[JTjLmGOgwuLX`KTCclsMO_EBlnTwF`ajubRBFDKx^FgNUyhkKASttkLfOiZznRbWU\\^ysRw`bvjIsqhnFclENgpJVgnXdKJL^Pts\\jstEmSyACnXAguKa]JhfTdL__vWl_ecxpSWkrA[TrIStVWxQzeBGLMIFgV`rvM]YK[LT_[i]iUnKRSIHyGmud]lcKQD][dYfgujuLdm_w`YrZxnUMXtoZcohjdJNXMBEvH^XcNwUUOxEEtJM^iPDkdMEFBLcZ`Hj_TvRZWly\\_[LekdpZxkiwxTSvYRbCUupGOakysmGwQcLIB[VYWI]pYnazcVBEKwHefEVKsqbKdlgVIKuywIfLYAh[zlV]lCmT\\b^wELa`aSLhHKrY[DIBQvMfWvKH\\FYbzSuahytkcGfFoATptwBiukC`Vr`JBYE\\tehpPQl]JXZKPGrVbUN`DkgPPUKpYjjJCKMJT_`cK__]RsPPAKbgL_XIxY`uGwE[hPIFthCDpeU_LKxXFvoNHDy^mDMuye]N[EoCjKWTI_qaKswn[IpKHqSeQfSp\\HEKHGEHVvhu`\\FcMXSuHY[qoSGdlJlDrasA[gYDopX`[uffljYtSYiCgNVpA[VLKeDydFIayPFRAvWug[sClrkYspTNQdDT[MUqqhCgbsuDTWBlr\\J`bT[StfGnlvPVLlroaaDzXM[sxhF\\ocVoZ^lHlCwLaOugc`rb`MKQYJHVsbVLafzI`[vizkC_drYIRoPYp^vbXFWPVWOKhkfvPlHIdJboJghalzDDRwWCjYl[DfSd\\srsM^t`hHpgvGXlXq_WTKskUcMrAhExqyTRooTNF^WJHkHcBACNGwQQAH_eRC`zDrpxnGwd]RQpnicd\\dqzeqquiCQhQjwDxXGPvJouEZkpf[]R_uJhL`VMBuOlpOTnVNrWcSiRovvLGAPO`zJV`OrXBtOAuDFpGx[YcGjLMrsQeJGAfALqFxNGV[UiEiWlpFFJaqfZPxJiVbnsnOUtrPkIjTDIlAH_[H[_Ew[pVmaIo`kng]uqT]t`VwZMn]iOpfNOGOnqn`_FjcTJdP\\OGRKxNuJH^NBsERSJR]hYjDCnyoqndQd^BZI_[PBLEfTa_gAYPKrGcD`CPXzYEW_Ne_reIojC\\\\TDk]PSnY^YY]vxuGOCQcHiHGvzoWP\\[pfHj\\SmIgfgsFoHdtj&quot;,131)" fullname="Open_Lab_03._10.Tests.GetNumberOfCharsInStringTestRandom('C',&quot;GzlBdaIcKOPGIaGqlUskiam[wchrzYwbJef]tZvPD[zFPNbbG`rSiACaNQFAsRdmShx_uexSZchObhLiBGl[adtIcFOcUuXlrMnbPDh\\b`sFToyaFWzmaILioovpVVx_LvWUteYxYPsAkopnGi]yvfLiAFn\\HsFLcUtYXdg\\xBTQQKxzzHihszdakiTorxqaKgYWuXW^CBAuRuYpHn\\zJYTdlThjPrezLnFdmaFclLeryiPpQ_gD]qWmTpfbjhNLWAi_ooDbhsOyn\\eCErZlKa^VWTPwv^tEyZ[yAkB\\[FWecXzrLc^rN\\Aq^TH\\`GgJzKATBgCTqyQEKtnyUXlSABq]Ze\\gdawUZMeXWfq_aKBPKvfdaIHHUTJxU_uWKVkQBwfyOVbibMlqzaS^yrG[ZpzFCgDsk[UL[lONQhULaYaHcTxnLXYTOPqMx`vbRjyGs`WOSEMQ]vtAOs^jjPgSCAwKuBQlmntrZZOCxj\\HKHqTWqxECLsBCfEscLUQn\\_jBBbpd[mzo`HuKdoEDLjauspnUW[lVLTjdHRUOI\\bZsN]^KhyXPNcmxoJMn\\MABedLYQCRZpukHHCeSPKi\\TFxlwgSHH\\hPbXNeRFtegx[Ssfpl`u^Q^_h`fZ]ekKSUN[ajoABKQEoVeftRqbcNxWlCjiyrcPu]fGEXFGx_sTAZkSuA`KnJbEWrj^zGBJbBJRj_a]MkdEUeWRSXnyRY\\lvbjNhbGq]jlyQYcVZDyD`]jm\\XKcSDrJaXVIpSpeenbftXBtoX_OZXMYsxmPW_^ZrbYtD[aHOTZmvEsDWRnv`dkIKwPra`OGPInRzIqTrXAGy[^nEjtFkcuOrPiGKjaiFT]mRbEO\\ZEHcdJkY]nrgIVgO_[jZjJHqRAfxl]^eedQ_mfNGxhivjCwxp^mGVolQwQRd_mhzPMB`FI]sMd]B[MHOEhHOkWOqrAb\\UebLAjg]BXshBuumSkqkJD_qeZPtxLhEaA_bBQAk`eNgp[Mp]]^HKrRRFkab[m_qknGAVSkBjFK`psBKMZX\\h`ujjN]RkZQmFWwBUM[Jl]YFhm\\NjWVBVDJKsXRIqZQQoXZZwApAzNjKHpBxlObUEPXCNlIxuRSRLIQPSCQjaVCHTyDDVUWbrwM`AXLLrsFhvXyz_mejxsoiNPiPiFbauk[PwlPuqFrhPUMvzE_djgdyH^Rljw]mR_nKxjCn]jssBHZsCmPeayrNG\\IZZ_LucFWlbCyQBlGznlxADYiwgsLSg`D]bdTy_yPwlhRzozcprrZV^IVApPOjtDECz\\iXXI\\p]BOWHiIgPV\\oFiyZOSIPj`ChdPASQLYjWes]tztHGbZ_cPwQ]PJEzMFwyamshpVExlY\\p]`OZBIIF_FTSjpACTjK_w^SMAZRLVaqr\\\\AkufyDxq[\\Z`yzVBeCNwtyNCYcrwkxO]rOpQIhlGaFDqn\\\\RqTwod_cB]rNWMBG]MwijKEtwQHVnvWPxG`FWB[tSfooQ[Uu`zaeqmlHm[A^]IpGFcPPgvj[mDVEWQc\\wMqoUmYKVYTwBwXKqhiiLFNePFsnXgl\\r_bPSAlSKFtNbnZpgLNibuQrzL_OuenihrE]VIspwV^FLzC]gCHMZCuxNkQG\\]Y`RKajiwZ^SXlLWKfzJCcr^bPexHOfrlUZxyoAZSnjddtBRjaDERxYubCkvvmahogbDSOYWf`qOsOthOTObLaaov_WwDF_`NCoxSxz[IgZlHKCSICgb_z]NFmIns]T`BQBpZwVRUnY_Hohl]DnAZwBNaar`pLcgTtkqIMsMhUNlbxGQFXRoiTGEOnPtEq]IKlLOEqcPLbTEiQgc[bZXuoxAmfcUwzHqsEapmrMPoBdHACWyHgY^XEOWnL\\YOOSLZ]LdjrqcVJdtLqAkPdNPbeZoqJBbWnBaiXi^qmPPqpIO[ULxKkJeADeoDXn`qPMbHDKnH]u^TxZl]LT\\yDWfeW`fmu[YzjZadaGXKXqiqgRDdsRsERbmtaxk_`ANC\\^d^tIvEvRaNhpyF\\CuccThIhgCdVtfWcgUIh`jkWnJzA`LkyfC]Gf[Hp\\qMFSjCgKeB[pYwSJMoKiIH[SejrIPxLMSMi]eDEGSqvJPJNFKwZfwHSjmnhzK_ugpO^MNp`IkDVSMQC\\]lxS_aQLtzkqVEvowOUBfBrUXQvslA^\\lM]ZbbIPxSSOFimfIbWywAp\\tcvNfXZt]PFJb]NUFEDTidPi_PkKd__kWB`yfveasZmqcdDfUBssx]mQSMjWgPPxkVmawOjKZ^[OqZFvLFpcggnuOOfZLOudKpFNq^iFShY[B_[tGoLbZgQDcrSidPyLcqEBTsEhWjQyNSskomSXDTK^_BfyKA]CjMrKZY`Oj^KjWSqPyctrxaIPga]SNG]WNNPA\\iQVMEi`I[HMLVzcGfEIEc_tvNBdAo]ICpoQR_etscGMYQGrGuPbIHwtJXZzCE`UyyJWbiRcBLP]\\S[fGJ]G_uAvsuHuEeqnCmN[GkPXdgawr[YrwottbZpDyO^hbW^WV\\ZjEA_WuF^rTDDY]PyQkxMdwK]sMcqMIKbVAimwP^z]wxkuKEKRYNfYPqnu_fJRPQiJ\\hYn^BANxjgyZbiIY_nv_IGKvsXdUhNfOaY]gWoWMY[aKo[xxAtk]nfTbNsedXtP]AjtIL\\BkWiFiaAGX[fTo^I\\vFvY_Jmp`KEJFbom`rAGE`eBNlMJl`\\yrNxCQC]adta^\\qBqftox]CWV\\tKnxdEzjFSrdm]]UZ]LzH`XkW^rl_]oqbbWsjdApaoW_JMtXRcDaLWTTnDaGMOLd^BBLFefq]VZSJtaJd[ZvYNeLNCEgCtcRdnAILiRhxNEqwBKu]X]loPKPWqxC`yncmHjVsYyvJmyLJoOMrJJeWr^TckmUkOHyZ]DpRpCEZbcCQzGbblLVoIMveVmHfdKufzmhlZvCHFLpP[DdeKnzDlKQPHKvCuYqWhXQNZqHqIOjxWfJSI^[pLrtp\\XdPzANgUZbDmWKUgJv^[St]BdtXxAKq^\\lCMsqIACcxEFamTGJCvWVI^HNWGqiTOlaRfHInSn]XjvYvCHDrrIuHGd_Fe[BKTPjS`OGLxVjItxYbjSTzmr]GqZLCdDIrlSD[MFVoAst\\YlNIKwVRHCY]mc\\GDEbuMsXbtxVdx`ytxAhEMCrghrkjtbiddPkvRzOaUfPNblUcD_`mvWuBNvNVHihSPlAioDcylHkamdEv]IfVBwiMViiVltYgxxxqlgnAwaAogTOdqRszCSQTDnSFVMMsiDdpgOJqVfZ[vuaB[E_ZAZdehenyThfjUHFcjZxbICdXtpXINRfQhnsO[yHB\\L]hzjGooxSAGxRxpMlrNekCBUBbPrIkRwGw`vXJicUQyfKk\\uYNNQnr[[gfi`_xobiKqUXuobIeQ[DWKQFUYv^BJO\\FPm\\JEW\\XwzuG^_YgHIbAWQ[X[K`tEgBctSeCFzatzgZKWyrt]quAh\\izSDitrbTQyRNLtWaHciAkrPB\\SfXNlAuXdfjCQgCXSILElgzFQnYz[xICCNbLKF_yWpbOg_qvgdXiDwkggRwycvxf^hzDFqMNeNhvElYmw]Tq`ZyF]u`tJ`V\\svlz_nppXKEpPpbusKCFcGFDiuaKQTEEsMCJAZNIh^ZVVIqhTeAy^PsmphQdNf`DGAxCmYuYwtYEgki`EsrfTFacTQTSJdvCyWOVLnvvkbBdrnFFzk`UntkBZUj\\FbPSyWGQ]SURxvvlDwl`LOTYEbOFfNwrDZqISif[hpcgWOWsxyx]cJQqOqOWIBePW^N_FnZURQsWfgCqKWHhPZOtIzt\\[OSfKTQtArmK`cLRRuLbnYLmuxzwOTWGtxuCyMLRWJpSdwHhOwcNnShBD`lMTTeg\\gRbhITEjtLecsIxpSiSlISaPtzY[yyC_JrweazGd^^tGDYKWnXBeRvSUkRoIuekvIFZBMSPTcjNfY[M[pBhbxXNN_cuOKxitnyyyyIK[HhCcihvQFUTswJyksM]dYBJfATr[]O\\grM[PVe`rgeJpdqwdzNFmfbCG_XbUp\\nqtgBkjiVNgfworTBKWO[PIiBPKTkxDLBKqSwxoMuRrsFzeNOLWWxbB_iKflaVyXK\\emy`WDWKTJXQdBfwF`bgN[JRemRCf`S[hdVsPjpSAmNsHXbeGePYp_OKdhudmT`oqxdzfnhWkPf\\MQJMLhwBPueJVLPcoL`hNZCKoczSxtiasmyS^hYFW^`vS[d[_Eb`jyNnNzYdidEVMDQdNwEGm[QjtGrUy`osRIqu_KE_OpWmZJjOJAMbA[mOh_tGHEeJpLEDNWECr`rxE_PkWcKySMrqWbMARxXKKNxNEgBnwKk[cpKJOIk_tgqcUNgfJDktIhmqaCfkbXCH]WNaXCmJNsQ_WUtrzWdsZqSvDUcM]Ax]diGxzGNHRbfPWNZMIokKoJifES^DZagNvouhNwrtI]brLC_puWDiPnh[A\\thdKhlvXUcSlyMwqBScqZBnhID]xxHH[hlCKQxpqwniw^JXqmZlVrJBrtwCdOxZM[rENKlaE^mugTrJzggL_Wlc^kKRUvLbyT\\\\fEKgAthrFPU_BmDxbmvpjPb]zZLIRKwTrV_u\\zLfju]OVgPbrOzMXfmW^hhah_`vTBhfNI\\cbPGpmSHSKdQDKkvLdIXoSeyKUavTydUjmXfI`xdK`UWDN]ldG\\CFlhPwRv[LXoUaPbRmEngf_MOxOuxrpSN^bOxFHiqd]YmlAqnfLz_ToWb`YShWydWFaqyAdLeVxDJFZ^xYHRgpnuiKhYhpAZftBhKJrmCzVIVlN\\FvUPPgwbRgIoTL_oV^XQEmSoaUPh[f_wxMTm\\lJyx[V^ADZq[ansTxXTcajuXOGgIMrHrmTdTZSdXon^vYNtsfcApAJuCPaiUiVoLSyhNJ_ueownnLzzBNo]dqRrcYbEtePiZyRdZ`gjHiVBDWHqQbhGusLUAHEobZAz_OTptV`]aEVu\\QnMRloRxInamwdS[rHhhV]pCSxuBL`p^QtjTs^qfjCW[mCwmMBjxhNFoyJzouPmcxD]DuzcURCyTFVPPAIoJqspDouUi_ClZQo^jatrNYUffPmidtjnl[clENZPzeuqPR_CRrajGQbl]NKoBLlooOzyhCY]Hesc__VUkjXlTzh[trPrDeNnsFBBRaVOYEc\\YyMxrpERoA[pb_FqnbY]XEkZ^UCJUISPXLCueRANavzseM[n\\_\\rfFETOn[]muxfhLXW\\KL\\aKv\\FroRuPiph\\eRGjfrr^\\gyTKZoERQTzQ[KdOXyJc^LHyMbFPm`TeDjP^lgV]qyY]hKJH^\\Othvx\\rVyrjo_lzUNlvF]kcgm`meQBXxmRQ[wIlngWi^mBZh^SxYMXy_QBIYiMEw[mCN[`XEzHZGCEtkFFHyEzkUTmJvzTFZSlDAzLMxusYFxs\\MHYScEGs[BiuhV]FgBznRAtlusJDLafW[QxoaA^VLsczRR_cYnmEyEKLNhYkuDhuWRZXYi_f_ecZYu[cTbeYnbYWGlatcm[IKidzrHJkOG`T]lnTNqWTYPGotDQgHfDlKZOkQ[kLXtKgBFtVyMgmWHkvboGor]ccDoJD]DCmFLv_EZnnJuivyRVCiSI]TvTvQbdMvqtvJugKMLqHASfxohemZGUJuaYJrAO^qarSBnlEeKq^]A\\BQWGdxrnp]jAd\\^TMxTRZ[SvAw`HOPqhuEXt[tfaznCpSmIdHreaIiBax\\GgXj_`gBG_DdsSSnSgY]dNowzXfP_LCrvznyIPO]JQgd`^yROVWVH[rss[jHuW]v]Mit`TeDYvTTbKW]YUBJphj[HvFh`GcnnkHTpFlulSwLH_QhENi`UTGo]NleNw^RT``qDDgTcGX]k_SceXdSXCYZeSrbTGgppesczZeAaVxOwdDxvJApSKtQHGMkLFz\\ZbhGfkdLncmCFK]APtgKGq^ekc\\sMtp[V\\oUwxSKaoCjYrKwdL\\SZpVcECVDPkyunRgeVIDRb]dRonLtX_PBX]B`GLPucOupqIvHKaa[HJkxMDnRq\\gl[x]RPH_JsJjSbo\\grEiqxotNlETCXyDGcIUtgesDCXcy[YVXcHZmnpogDO`Ln\\luGckYZbANMfoaMvnTjv[Q`QTnUipXFhPafirsiwyAGMaHAO[I\\L\\sB\\UpPwDlmcH`VNu^Dvfmx[JTjLmGOgwuLX`KTCclsMO_EBlnTwF`ajubRBFDKx^FgNUyhkKASttkLfOiZznRbWU\\^ysRw`bvjIsqhnFclENgpJVgnXdKJL^Pts\\jstEmSyACnXAguKa]JhfTdL__vWl_ecxpSWkrA[TrIStVWxQzeBGLMIFgV`rvM]YK[LT_[i]iUnKRSIHyGmud]lcKQD][dYfgujuLdm_w`YrZxnUMXtoZcohjdJNXMBEvH^XcNwUUOxEEtJM^iPDkdMEFBLcZ`Hj_TvRZWly\\_[LekdpZxkiwxTSvYRbCUupGOakysmGwQcLIB[VYWI]pYnazcVBEKwHefEVKsqbKdlgVIKuywIfLYAh[zlV]lCmT\\b^wELa`aSLhHKrY[DIBQvMfWvKH\\FYbzSuahytkcGfFoATptwBiukC`Vr`JBYE\\tehpPQl]JXZKPGrVbUN`DkgPPUKpYjjJCKMJT_`cK__]RsPPAKbgL_XIxY`uGwE[hPIFthCDpeU_LKxXFvoNHDy^mDMuye]N[EoCjKWTI_qaKswn[IpKHqSeQfSp\\HEKHGEHVvhu`\\FcMXSuHY[qoSGdlJlDrasA[gYDopX`[uffljYtSYiCgNVpA[VLKeDydFIayPFRAvWug[sClrkYspTNQdDT[MUqqhCgbsuDTWBlr\\J`bT[StfGnlvPVLlroaaDzXM[sxhF\\ocVoZ^lHlCwLaOugc`rb`MKQYJHVsbVLafzI`[vizkC_drYIRoPYp^vbXFWPVWOKhkfvPlHIdJboJghalzDDRwWCjYl[DfSd\\srsM^t`hHpgvGXlXq_WTKskUcMrAhExqyTRooTNF^WJHkHcBACNGwQQAH_eRC`zDrpxnGwd]RQpnicd\\dqzeqquiCQhQjwDxXGPvJouEZkpf[]R_uJhL`VMBuOlpOTnVNrWcSiRovvLGAPO`zJV`OrXBtOAuDFpGx[YcGjLMrsQeJGAfALqFxNGV[UiEiWlpFFJaqfZPxJiVbnsnOUtrPkIjTDIlAH_[H[_Ew[pVmaIo`kng]uqT]t`VwZMn]iOpfNOGOnqn`_FjcTJdP\\OGRKxNuJH^NBsERSJR]hYjDCnyoqndQd^BZI_[PBLEfTa_gAYPKrGcD`CPXzYEW_Ne_reIojC\\\\TDk]PSnY^YY]vxuGOCQcHiHGvzoWP\\[pfHj\\SmIgfgsFoHdtj&quot;,131)" methodname="GetNumberOfCharsInStringTestRandom" classname="Open_Lab_03._10.Tests" runstate="Runnable" seed="691646098" result="Passed" start-time="2021-10-19 19:34:08Z" end-time="2021-10-19 19:34:08Z" duration="0.000115" asserts="1" />
            <test-case id="1086" name="GetNumberOfCharsInStringTestRandom('X',&quot;gmsUewdaP^XICxcqnOZo]udw[qBRoWvgNvoDmnF`iMtJN_pIMQpfQODmIwtovRmsbkuGJ_EAItFPB[jwBsF^bQWzsBvquReW[Ab^diyhMo]XInliMwmCMOQRUvOHdNGrOipAsMSSuXQmoyqEQMdx_cKLkQIi[qDzieIZykpAd[Hoy^^VEJrXdITg_eQcDesDUREJqWG`WdTD[VNMnmdQzgV`R]vT[NwzcE[gZT`hCRAAoPLIXEpRAbDhv`sU\\nFJgU\\WvanZNwOigVkBQmwWXfyBAmlt\\LMPMqT[ooNqQVEESVBaoqDiqilAVZWJptyCjy\\pBQN\\`FFBbuiekLEeH^Z^ETEUYDBXXBUUuM__dbJkdjY\\llYeoTuL`xkiMsD\\Ehe``Uk^gaB`UiuUuccheXcEHJow\\qSl_hgvFtvXAvxOSVrqDWndPWqhF`YW`oCqNPAgCyOBhLgjZUllSxsFCj\\Iryq`[_sMsHACUKoFHmvEjGNkngEbvwn_ospDHiaITZrSTjXHJnyPnXYkkFmn[QRvT]N\\UkxYMmkQPvWEPwYIy^kW[ETBwmiCIvyr\\vnYqaDAgI\\pjh_^sIxplrBPXv\\ZEhITw_cTJzRX[jkSd_SOOLKzxJGeu^BvFewyzHsKFKUsq`VBHjgtcMKt^IWnYyZfyWSpmlS\\fIJEqSIXnF^KrISs[D\\rlElHkiu[NaOVXKNZCGCKzyzT[PopE[VjP[kbWCTHXiKNqHngvspTBQrmEYg\\uEVnL`FwZfDAnunRnm]S]HuLeBizdx]yVrNTSXCRBqMPppaG^`zSvTznJJIJqGT]JEevhZyVjLRfufWo\\b\\DyJCCsZJJOt[v^kGkLeZDbddjCTs_mUiPfP^zBbDNPpGqlWIK_gdqIX\\UaTz_beWuKLQNMGidaLom]mygLizGlrGNnJYic`feZMf`GvxYxzPwdjrnUTTtfPITECZDizBB`JTQHZaPkbJlbJdERfUOLmzJDS\\D]ujxyOX[WbgumDIDGWluYVlCfmqmJJMpy^nqrLnTmJhkzZ\\IewDgaaeHIhSMXeRNUrwPQSLudXIPhBDLQhING`OXsghKsbvIs[VI^MsSkIDIYVZHdHvk\\DGpc_XdeBCC]zXNfvhEpq^y]Fz^MaalfLgoTa`yoOhiFBgYxL\\iZqufaIS]_tWE[RWQSduFVjPbIos\\Zb`BEsRoRBNKNCZurdOoeVFURVSkbS^mQrDxUVzbzbzRVjsTPVj_aDqD\\LjjaaNy^\\uVz]a]egpDWoyb^z[LdzLNBz\\IgQBYTAnup]TnoNttOnhhNHLbFCV_PgTzAYpUfWjVAEmAfhXVFRyOSnv_EZSRfPeIIUmWX_OsERhJVKvYezYyhFhN^RQLDXklZdrRvBxaDGKBGlJt^uhfqg[Dg`tGOCogbvjlTe]dCruavgGlHWhIkEvnIoeWHqSAS^ZLCXatYDdyltHAYHzsVgv]Awd_zF\\L`uOXMuijpojh\\xBOgdyArZffbxLGoCuTbXYrfjo^ZPDawOADuUrVH\\UGPdqOjcvnuWFE_Kdxp[abWEiSxIMZK_LGDSbBt`orUPgaJw_jluahumjKu^RbV\\cVKyAMcbDPfjNGXIIAd^iPx_LRcXHWON\\shRVLvSGJrRBL_dnlUQxsnSYgnjdL[hAYNUZGnxFRW_Yf]AmzeVBxPdFUsjXLiujJRcxJJgyWLg\\PumJmwebEfDJePFOE`td\\oPUtCdpxXeldHp[F`fPETf^NZTtEYuqSDA\\fYPkToehAR`^[eI_ue_IIlGZjjl_]oZaGUphPuvPjy]vuqZZQVvi_rStRpBeCFKMszWFp\\OAiPZKOK`tQSOHslCPBvV[tRNeoQDuZTdoHvzOYIfGPIUkqCUHwHEuFoGXBoVxHeZwiZzwlnqtPPKkx^nlvwySPjjSocNdmhzfjXBWDYWJQKeqeWZ_BeBKgGhzkhHIaMHcQ`Ba]Xi^aoBEEtiYJicIfoycjBgVQNdEDCaFUtCdw_esEcuryizsdzw\\bZq[kSNSLxBCTdDPfyMHJF^GGpWbOl[EGE_vCbtdQRgHbs^VfjMfmoR\\vkUvvfE[^xwOFINEFcrsZV`ORBw__pRRmCzRNxheNMedwOQ]]H`KxZB`LGeujavhge]CIvrIuMeNlvRCkZBXQGUSB[GHSnvhQwxSmOUbQWPkoooQobJP__X`PJBiojpHRxwoxzQ]F[Gtre_MgpSkdfIm`YDcNfmabIYqszSoRhKEY_hefoCyXE^gpKP`whPZh`SjLhUg^^Zw[EUBkYxYdnJ]emBhknseXkWsLyYy[V\\tfaLkqNo^kqptVpEZfgwjfp_kh\\pmzyyORQqDaRq]zUtbu]]VtzTnZmNqB\\CVXC_lsbcFzBsTpZjQvxpKyZsAfKo`CABFO\\ExqIiTuXWsGzxACxvEfrWyJ_FhmDDyznFTUm[mO]QbCAtgNo]FFxZWFGnRDBarUYsTtdfP]IpJbovIfY[xaxtBTjONyJjNvZNeH`ndJMcwIQoRLfgeacQW_rzKVXQTZcNIbQAFfroUUxtDuwCT]FgSIqGQ`cNlvP^aCgjueayjowBbxwQYUxqTvuzkKk`DeCYF[TANNIjwGx_Lp_TdSoWyZJeHgzjuAvEl_wHdvCLMOuMxWovfXwkqg[gQisbNYovLsnhtXjhQcJk_wglsDD^EKOFEPqvC\\xoZzBFcGCOiP[N]jHUBHiKURrAehddaneoeVQ`ubImBppokAcUI]tvmnZHIA\\v]ZhuffdGZcZ[ywI_]CQdEP[EuiCqwJXuGNPcIvJEX]vaDYxpfufFkrqMyczwdmKPK`TkgaWbtMMcUuA\\lMLB^RJOXCd`vM\\eRfV_FMJF_EL_fNsEc^KWbImsVETdwqfhlbQj_]W`DG^ZFfdKK`xYBEDJs]JAs`IhY_nDwIaFGfT[fSmj\\JZXtMfg_HqBTWg_xpAbs`NBzsSWkc^ajZ_jFloLtG_pS_mjyp]qRLrvwXYAuPwweQRurxYMAohlBXj[FcXvFhO_bdniTnReJbLCMssBWQp]^Fu_ixvSrBrwBnSOJktN^DbZMgNNjW_pslA\\jOzVsymIkOAZ`drgWbzZ^[RCjic\\]CEQmr`vl^U`RZiyfnhG_rYQmbxOwwfKVRfiJkhiDwvtM[IElTWvA]wfeo_LtRyorKJAnAouGyCbw_DRYt]dakJtUADUM\\pmyHBCRIRl_\\pCZUiFlMmAoUNHBPfmw[ifJPdp^BAQblEEuGZzRydAipydttAB]_oEnKtKltckL]YDQJMuqg\\yrhwTRzvdAzoDxzQkNPNXWspMWuTjhFKpCqNFN`slxyjLiUGQs\\hbZDbysjxWgLwvpyBHmL^iW\\[XId^CoDrLYdWzOON^c]FlCoWjTy_hyyLxdKqPMubdUk^LcBt^xzGtWiUUMoiq`KMZXZWDYxRhu]XSRKHRFAjzsRavp\\CXLlEJ^DoIfpEzhYytQCDBgXk_[NaGs[Owvt]JYNoNWzgQwjS[ShemYBloB`jQ^iQKbHEnwp\\DOqfhlZblvGnLq\\_uIhIs_^jii\\jof_^^Lb_cWEDbxyVXuEUGdKfOhc_lGwyPknFWcPzPxv_EeauaHSneHcK[tPqdCm]ZFnrKszofFEIigaeGhydoJUIHcf]TZWMKZEyqjkiI^I_C[]oSejvEJiQlfjcM]\\LjsyPbcnXxP[QApFhFrJij[HAkoMKzI\\fBwpK\\NMkrSypiXPwaB]VTn\\Okx_nVcXpopOEzvMseYrX]SRS`QeyfFSO[aZ^jZVOvIAtJLwepeluwEmYgLOEyZJi]AdY]iILDd]TRXJUUzIBUXSWoAr^KQP\\ySXIb^IH\\`qSbYGOBukyQIUEiMd\\rfAnTAVzABmqrB`obzpWud]Q`RKqxS[UthPq`DzaDGNAHuHPca^iXNbNIkNCq_CiaXwKljP^AOTnV\\IfJuNXomxgGBhopwk_E_[kxx_sQziJunshbcsvQfuo[QDjC[iD^oirBYhMWVGoDnmSJANNEpNZegPhtoqqRefFEAfIuf_v_Fkg^l`CM[zibOMVJATb`P]ZIgNIUETYQSu_wcJIPodqfx_qoPztSxWOcQ_r^WhIHbXOThZaqKSlggoLHXUFEZFTvgvfDSesG\\jD`P]GqZDHefcw]TjFCcDh\\DThlo]_aZeLwkfsvNOfWxiQDzIjc_q_XBc\\woUCw_bKAXzmirKoTXR_UCemfmvBdFnvIJwHsMjrW_PgzWBlUCKAkDGtJcXJdabudEe_vCvHhZHqnynPlJgbvnLEDCxQpaOqwUCul^qRGDSQwPGLoHYZtAzqta\\sFeSGKRuYvs^NTV[r[uHnvl\\hIpxwULBLCxM]kLFeViQweKG^`IWyYixTIfyVUxDkqSLVIyGOo^XN\\`DxjZWMoCmUAsTFNkPXeaFRzkVbBIKvQjsdbAgvbrvn`rUQeAAENzcvZlyyDpLgsrDQAj^MEUqneRmHWFwAHGhQHwKqBirlfOuinDPv]oztIoQHzqbysK`mKmJD`hLW]FHWXDUTpB^TGnISgCrKGtt\\jI^AuLVpddXDhukv]OJqhLgWeqX]pAPdLggO`TYdfhk]WEfmSwirkCo^\\HWDotzcUosAO\\VJp`Kz\\KA`KfJtRXtIsImYwVomiHIbMf^qa`CKrpCRGqsJjFRwvjIFiwM[kYQUCZT`HTTmViQDG\\SG]fDcqLg]]YIdTb[Z_hPh]SCWm_aMYFzNeFxFVi_qmqDjLjYoOr`YMedKdgpRfZEXYuzNeVEpJYugPTLDFlyb`aBz]n\\itNKTmfQQkLKsmjPnkxuP\\mLt[^rstzkqtVwvNbueCuSubFoqRNP`tLNGCRsOnYWk\\TzXnT`IDPNaZQRUjBagkLxhIptwifre_bZNGXCxiG]dyghlz^_lrkAPWSOy[d[XYcCrrEOSzdxdiTi\\HHxKGFnnbJqoID^FgEKWeptvPMmNmWaCdmqSgPQTpOQiN[JvGsxeJSqSOBvuT`AKcoLVMKZWnraW`LipCqHtYwtQw_EeUWAQNFGZPnivZbqSm[nCTFr^XHlfuuZiGoBWqQIZFOaOHLZrGb_\\kBQO`^sGT[_UUApf`Z\\]STwE`cVLhu`SWyxE_mrTXBGfkLuHWoRgGBIXELjxHgZYuLyVCkHncHEQMRUThOpsctMUpazSDtMkchk_N_Ffh_DyxsKnrVQtraqBzda\\kojjuTi`bqGIIJKEpNXxVM\\hdStBrj_dydvsoUDdKfLAPHkhWmMlMdG_TCGb[gisR]K`ORP[JonkA[X\\cLfF]nXV^X`lO\\I^wTinwKZE]lbYpV^tfezOAdV_FpCrm^LhfPnhld_XmbckLy`HugGd]t^TyKiHIcRz`tmabqHBGb]ZAeSGQuxGWcLlmZibvWPJPcLSMy`D`E^uXDTTsbrNfLcxiBoIH`FjRSJYZztRVtbSEQUiGUjT`C_EzNeLK&quot;,96)" fullname="Open_Lab_03._10.Tests.GetNumberOfCharsInStringTestRandom('X',&quot;gmsUewdaP^XICxcqnOZo]udw[qBRoWvgNvoDmnF`iMtJN_pIMQpfQODmIwtovRmsbkuGJ_EAItFPB[jwBsF^bQWzsBvquReW[Ab^diyhMo]XInliMwmCMOQRUvOHdNGrOipAsMSSuXQmoyqEQMdx_cKLkQIi[qDzieIZykpAd[Hoy^^VEJrXdITg_eQcDesDUREJqWG`WdTD[VNMnmdQzgV`R]vT[NwzcE[gZT`hCRAAoPLIXEpRAbDhv`sU\\nFJgU\\WvanZNwOigVkBQmwWXfyBAmlt\\LMPMqT[ooNqQVEESVBaoqDiqilAVZWJptyCjy\\pBQN\\`FFBbuiekLEeH^Z^ETEUYDBXXBUUuM__dbJkdjY\\llYeoTuL`xkiMsD\\Ehe``Uk^gaB`UiuUuccheXcEHJow\\qSl_hgvFtvXAvxOSVrqDWndPWqhF`YW`oCqNPAgCyOBhLgjZUllSxsFCj\\Iryq`[_sMsHACUKoFHmvEjGNkngEbvwn_ospDHiaITZrSTjXHJnyPnXYkkFmn[QRvT]N\\UkxYMmkQPvWEPwYIy^kW[ETBwmiCIvyr\\vnYqaDAgI\\pjh_^sIxplrBPXv\\ZEhITw_cTJzRX[jkSd_SOOLKzxJGeu^BvFewyzHsKFKUsq`VBHjgtcMKt^IWnYyZfyWSpmlS\\fIJEqSIXnF^KrISs[D\\rlElHkiu[NaOVXKNZCGCKzyzT[PopE[VjP[kbWCTHXiKNqHngvspTBQrmEYg\\uEVnL`FwZfDAnunRnm]S]HuLeBizdx]yVrNTSXCRBqMPppaG^`zSvTznJJIJqGT]JEevhZyVjLRfufWo\\b\\DyJCCsZJJOt[v^kGkLeZDbddjCTs_mUiPfP^zBbDNPpGqlWIK_gdqIX\\UaTz_beWuKLQNMGidaLom]mygLizGlrGNnJYic`feZMf`GvxYxzPwdjrnUTTtfPITECZDizBB`JTQHZaPkbJlbJdERfUOLmzJDS\\D]ujxyOX[WbgumDIDGWluYVlCfmqmJJMpy^nqrLnTmJhkzZ\\IewDgaaeHIhSMXeRNUrwPQSLudXIPhBDLQhING`OXsghKsbvIs[VI^MsSkIDIYVZHdHvk\\DGpc_XdeBCC]zXNfvhEpq^y]Fz^MaalfLgoTa`yoOhiFBgYxL\\iZqufaIS]_tWE[RWQSduFVjPbIos\\Zb`BEsRoRBNKNCZurdOoeVFURVSkbS^mQrDxUVzbzbzRVjsTPVj_aDqD\\LjjaaNy^\\uVz]a]egpDWoyb^z[LdzLNBz\\IgQBYTAnup]TnoNttOnhhNHLbFCV_PgTzAYpUfWjVAEmAfhXVFRyOSnv_EZSRfPeIIUmWX_OsERhJVKvYezYyhFhN^RQLDXklZdrRvBxaDGKBGlJt^uhfqg[Dg`tGOCogbvjlTe]dCruavgGlHWhIkEvnIoeWHqSAS^ZLCXatYDdyltHAYHzsVgv]Awd_zF\\L`uOXMuijpojh\\xBOgdyArZffbxLGoCuTbXYrfjo^ZPDawOADuUrVH\\UGPdqOjcvnuWFE_Kdxp[abWEiSxIMZK_LGDSbBt`orUPgaJw_jluahumjKu^RbV\\cVKyAMcbDPfjNGXIIAd^iPx_LRcXHWON\\shRVLvSGJrRBL_dnlUQxsnSYgnjdL[hAYNUZGnxFRW_Yf]AmzeVBxPdFUsjXLiujJRcxJJgyWLg\\PumJmwebEfDJePFOE`td\\oPUtCdpxXeldHp[F`fPETf^NZTtEYuqSDA\\fYPkToehAR`^[eI_ue_IIlGZjjl_]oZaGUphPuvPjy]vuqZZQVvi_rStRpBeCFKMszWFp\\OAiPZKOK`tQSOHslCPBvV[tRNeoQDuZTdoHvzOYIfGPIUkqCUHwHEuFoGXBoVxHeZwiZzwlnqtPPKkx^nlvwySPjjSocNdmhzfjXBWDYWJQKeqeWZ_BeBKgGhzkhHIaMHcQ`Ba]Xi^aoBEEtiYJicIfoycjBgVQNdEDCaFUtCdw_esEcuryizsdzw\\bZq[kSNSLxBCTdDPfyMHJF^GGpWbOl[EGE_vCbtdQRgHbs^VfjMfmoR\\vkUvvfE[^xwOFINEFcrsZV`ORBw__pRRmCzRNxheNMedwOQ]]H`KxZB`LGeujavhge]CIvrIuMeNlvRCkZBXQGUSB[GHSnvhQwxSmOUbQWPkoooQobJP__X`PJBiojpHRxwoxzQ]F[Gtre_MgpSkdfIm`YDcNfmabIYqszSoRhKEY_hefoCyXE^gpKP`whPZh`SjLhUg^^Zw[EUBkYxYdnJ]emBhknseXkWsLyYy[V\\tfaLkqNo^kqptVpEZfgwjfp_kh\\pmzyyORQqDaRq]zUtbu]]VtzTnZmNqB\\CVXC_lsbcFzBsTpZjQvxpKyZsAfKo`CABFO\\ExqIiTuXWsGzxACxvEfrWyJ_FhmDDyznFTUm[mO]QbCAtgNo]FFxZWFGnRDBarUYsTtdfP]IpJbovIfY[xaxtBTjONyJjNvZNeH`ndJMcwIQoRLfgeacQW_rzKVXQTZcNIbQAFfroUUxtDuwCT]FgSIqGQ`cNlvP^aCgjueayjowBbxwQYUxqTvuzkKk`DeCYF[TANNIjwGx_Lp_TdSoWyZJeHgzjuAvEl_wHdvCLMOuMxWovfXwkqg[gQisbNYovLsnhtXjhQcJk_wglsDD^EKOFEPqvC\\xoZzBFcGCOiP[N]jHUBHiKURrAehddaneoeVQ`ubImBppokAcUI]tvmnZHIA\\v]ZhuffdGZcZ[ywI_]CQdEP[EuiCqwJXuGNPcIvJEX]vaDYxpfufFkrqMyczwdmKPK`TkgaWbtMMcUuA\\lMLB^RJOXCd`vM\\eRfV_FMJF_EL_fNsEc^KWbImsVETdwqfhlbQj_]W`DG^ZFfdKK`xYBEDJs]JAs`IhY_nDwIaFGfT[fSmj\\JZXtMfg_HqBTWg_xpAbs`NBzsSWkc^ajZ_jFloLtG_pS_mjyp]qRLrvwXYAuPwweQRurxYMAohlBXj[FcXvFhO_bdniTnReJbLCMssBWQp]^Fu_ixvSrBrwBnSOJktN^DbZMgNNjW_pslA\\jOzVsymIkOAZ`drgWbzZ^[RCjic\\]CEQmr`vl^U`RZiyfnhG_rYQmbxOwwfKVRfiJkhiDwvtM[IElTWvA]wfeo_LtRyorKJAnAouGyCbw_DRYt]dakJtUADUM\\pmyHBCRIRl_\\pCZUiFlMmAoUNHBPfmw[ifJPdp^BAQblEEuGZzRydAipydttAB]_oEnKtKltckL]YDQJMuqg\\yrhwTRzvdAzoDxzQkNPNXWspMWuTjhFKpCqNFN`slxyjLiUGQs\\hbZDbysjxWgLwvpyBHmL^iW\\[XId^CoDrLYdWzOON^c]FlCoWjTy_hyyLxdKqPMubdUk^LcBt^xzGtWiUUMoiq`KMZXZWDYxRhu]XSRKHRFAjzsRavp\\CXLlEJ^DoIfpEzhYytQCDBgXk_[NaGs[Owvt]JYNoNWzgQwjS[ShemYBloB`jQ^iQKbHEnwp\\DOqfhlZblvGnLq\\_uIhIs_^jii\\jof_^^Lb_cWEDbxyVXuEUGdKfOhc_lGwyPknFWcPzPxv_EeauaHSneHcK[tPqdCm]ZFnrKszofFEIigaeGhydoJUIHcf]TZWMKZEyqjkiI^I_C[]oSejvEJiQlfjcM]\\LjsyPbcnXxP[QApFhFrJij[HAkoMKzI\\fBwpK\\NMkrSypiXPwaB]VTn\\Okx_nVcXpopOEzvMseYrX]SRS`QeyfFSO[aZ^jZVOvIAtJLwepeluwEmYgLOEyZJi]AdY]iILDd]TRXJUUzIBUXSWoAr^KQP\\ySXIb^IH\\`qSbYGOBukyQIUEiMd\\rfAnTAVzABmqrB`obzpWud]Q`RKqxS[UthPq`DzaDGNAHuHPca^iXNbNIkNCq_CiaXwKljP^AOTnV\\IfJuNXomxgGBhopwk_E_[kxx_sQziJunshbcsvQfuo[QDjC[iD^oirBYhMWVGoDnmSJANNEpNZegPhtoqqRefFEAfIuf_v_Fkg^l`CM[zibOMVJATb`P]ZIgNIUETYQSu_wcJIPodqfx_qoPztSxWOcQ_r^WhIHbXOThZaqKSlggoLHXUFEZFTvgvfDSesG\\jD`P]GqZDHefcw]TjFCcDh\\DThlo]_aZeLwkfsvNOfWxiQDzIjc_q_XBc\\woUCw_bKAXzmirKoTXR_UCemfmvBdFnvIJwHsMjrW_PgzWBlUCKAkDGtJcXJdabudEe_vCvHhZHqnynPlJgbvnLEDCxQpaOqwUCul^qRGDSQwPGLoHYZtAzqta\\sFeSGKRuYvs^NTV[r[uHnvl\\hIpxwULBLCxM]kLFeViQweKG^`IWyYixTIfyVUxDkqSLVIyGOo^XN\\`DxjZWMoCmUAsTFNkPXeaFRzkVbBIKvQjsdbAgvbrvn`rUQeAAENzcvZlyyDpLgsrDQAj^MEUqneRmHWFwAHGhQHwKqBirlfOuinDPv]oztIoQHzqbysK`mKmJD`hLW]FHWXDUTpB^TGnISgCrKGtt\\jI^AuLVpddXDhukv]OJqhLgWeqX]pAPdLggO`TYdfhk]WEfmSwirkCo^\\HWDotzcUosAO\\VJp`Kz\\KA`KfJtRXtIsImYwVomiHIbMf^qa`CKrpCRGqsJjFRwvjIFiwM[kYQUCZT`HTTmViQDG\\SG]fDcqLg]]YIdTb[Z_hPh]SCWm_aMYFzNeFxFVi_qmqDjLjYoOr`YMedKdgpRfZEXYuzNeVEpJYugPTLDFlyb`aBz]n\\itNKTmfQQkLKsmjPnkxuP\\mLt[^rstzkqtVwvNbueCuSubFoqRNP`tLNGCRsOnYWk\\TzXnT`IDPNaZQRUjBagkLxhIptwifre_bZNGXCxiG]dyghlz^_lrkAPWSOy[d[XYcCrrEOSzdxdiTi\\HHxKGFnnbJqoID^FgEKWeptvPMmNmWaCdmqSgPQTpOQiN[JvGsxeJSqSOBvuT`AKcoLVMKZWnraW`LipCqHtYwtQw_EeUWAQNFGZPnivZbqSm[nCTFr^XHlfuuZiGoBWqQIZFOaOHLZrGb_\\kBQO`^sGT[_UUApf`Z\\]STwE`cVLhu`SWyxE_mrTXBGfkLuHWoRgGBIXELjxHgZYuLyVCkHncHEQMRUThOpsctMUpazSDtMkchk_N_Ffh_DyxsKnrVQtraqBzda\\kojjuTi`bqGIIJKEpNXxVM\\hdStBrj_dydvsoUDdKfLAPHkhWmMlMdG_TCGb[gisR]K`ORP[JonkA[X\\cLfF]nXV^X`lO\\I^wTinwKZE]lbYpV^tfezOAdV_FpCrm^LhfPnhld_XmbckLy`HugGd]t^TyKiHIcRz`tmabqHBGb]ZAeSGQuxGWcLlmZibvWPJPcLSMy`D`E^uXDTTsbrNfLcxiBoIH`FjRSJYZztRVtbSEQUiGUjT`C_EzNeLK&quot;,96)" methodname="GetNumberOfCharsInStringTestRandom" classname="Open_Lab_03._10.Tests" runstate="Runnable" seed="1050918588" result="Passed" start-time="2021-10-19 19:34:08Z" end-time="2021-10-19 19:34:08Z" duration="0.000095" asserts="1" />
            <test-case id="1087" name="GetNumberOfCharsInStringTestRandom('W',&quot;zyodEuuush`smeQtXhGBmqmJPoFYMViHxwbTPhPnL[rfzKmZjTM^DVJJMfUQo]i]zYupCwdkYSpSzGJEBgjsIKDbmYHeTyzjmUgbQwWmk]FlarKG\\PPImqUoVSCepzXZSFaeZcoEPwIgERBuNBJDirxwzsMxulxkFfY[R`gs[KsqhijDRHXnqTl\\IdebWrK^yXaZtbdiUQd_yGORIIfmUJumuwRhuE]dAVrQHQJk_jZ`jN^CVTYNLXIp]o_wPvnQnz^cOyKsyvNfkUChZPSbgOXcNCnSlN[dvIljjvnXI`OPK]EImq^AcLd`bvVMKrGl[ekbcSy_\\uYGAIYkyfavj[Aj`MHo`bMQZ]o`m]`[sz_in^_Z]fN`RLBAdACVKKyuhIh^Tsx\\GGCkvSwBhiRuThyN\\owl[JPiAeAeqBGdhmZLJRFQEAi]sEaAJZC`wMAwqUjRSRLgbhMaOnEJjfh[\\npwDA[Wzbh\\m]UobnymoBuLrzmWVsqQ_a\\D`nNSrpgAzlolYPcvgvfZtdEDOEBHlWwLBRPnagvzVtLGLAxFQuedvCKvjJDmn_PdockGAoUzAfDzXxsNGvrqmTQzHUEWcIMrecRcPrF\\aecQyK^lRqfshZq\\SlzgkyXrZMUpgPxPpVQIkAAwqSFm^TJLmqQ_rZlcNkrmqiFBsVCSIikRkCpYseUFCJCqyZXWdiuAJOGHMDuHRrCDFynpdTjcWljhfPCZyfi[nkI]whLpkNnKGzkAfcmQySeX_Y]xA[JfJbQVqRtvIusIx`ag_CnVtY]\\Gky^LNoPEIB`iUJUiqHEZ\\ZzspZxhnmlFoPFTVkuFdDp^BxJsZgCQXBeRyfWoqcRWQZuEEBSGNyqXe\\qsPFNGj\\infoUkTGPBmZNbDEoYUvDYLMg^o^`lVKgplGZQgbmGjofLOPoKQomnYPbYHqwpb^gbmYqwf_lmIwjWb\\P_jU[aYsX]`AIqfw_LIDYpYs_mCAf\\`KrfbXGMCFItBUXeVvHLX^N^CZGrpi_YNvwUJ]PNqRIDu`oE[uWGsZDCwTdHRPWUbkgFXC[tguVFUKd^fBWvRX`nrtXqtHvavo]KtihYZ^[yExhmkF]Qt\\DJKsN^fez_zoKaiYewUy\\oxbjuMfFofehZkSAB\\Jnp^vzPnGDR[`wuzOMcITRz_LtUGlpWXd\\LLgQBb[GFbnTFhnZ\\FXsHrnQRCfJCRhurEljTyLBiMMYksngTRURAkTTYWyzwREott]BwDG^tWKveU`ZOyplxWtGlXRwzLFWHY`rWmkQKqXd`XjDq`ly\\Tr^zVP_mJ^iRnnMpiD\\N`aGyQaTiNG[[GvnbBrA]M_ASjSme]OI\\Pkwnk_jowp_DDNKszenrCzBB`nPxojMzxyLWyAq^HLaWzxP\\Iter[RZQiuNxOmANd_FECotzoQjqYfBc^npuEU_g`vhDntOVLSm[rLZTzfDKbcrDtfZ[wFIPAZ`GGpLuCUfFsalSU\\vZQUEwDdKI[nYFK^[XgSNJZJHNxlLSuHG\\KjzfUcD^fD[Ov`vVFTfBOlzHMrySYrOTgxv[_pCDPk_WisRYppNa\\FMYkrY^dkEnpHcyd\\rQQcl_NdYUa`]cehsbk]kgX`Z`fkabQSpUywQtTiLGYExEO]JIPANGkLtlIMs]CrDNkHehWzNBRdNScVQJbYSQEidnD`kHpjEbAjTGr\\lQmLpHxaImvjue`mIB^rerOGMb`gRsCJRGhC^tt]p^WyLGoZCObRdArtBfzNcROQklYox]OPIBBH\\PuGnFeDRkaQPnArtgu_OFOZiz]`zRJczjYlltZ]gLzzLH`J]WW]H]sVB[YndEEzbyR`VOGzMXrDGOOaZSDcvh\\]rCjQ\\fscGAYNpAoNQWPjepPnMrURB\\Dt]ohS`q_a_PwFqBlZ^qS`XlsBnwDeRbbew_kAS]iZsjLUtJwLFvnKJ^]lwg`cmtOwiRIRQkGBIshia^IdAs_WnW\\YCzEgwFhy[OgbBfuUomCRqnKY^wctUsJRqjORgZECKjNSqbcUyKbAUJcOofIA^ndcEVkRWciUizGHascwTNvKQIxhHA^BRD_XFeN\\qQyW\\MSUD\\hwDMhQsYSwYDJWFhDf\\jBweGGDO_iDpcegSbxEWO_gSRDmGcQoIhsTZlRwFeBTjOGpZ^E_jzONKUeTDTwgOuuIjQMaPBymMKxDKOSd_mEJYfIFHxslhVFpUxFJR^OhA]AAXbIpBTI\\pkkEHGZRJMEqFHjMJJRA_XJveIiaoDkUMdAdNACLEw_nYJuPrwgsBIxYboZyYt^G]je\\HGyIHFwbsW^[OYisWsTEgbCZbDmKZYQj`ZIlx_lvLV`KQzkALejdW`o`D`bDTlI[FouoPwusHXtQCrIcTmzoigSAedhYwhc[NEE]EvkPjr]yg^]MWzkalTmY\\uJgO]vZoYDyng^XCkFrKUUGG\\CxxCiuSfAJmDAMvCKN[_Zj\\S_BOuOHaCam[y]mkJfHfTfyjswHJGgbCS]e^hfXWtdj^Omx`X^RtRDHhaRVyGxZWzkI\\sPD^Nkmkv[\\FybldVikOVwxVPZQvKT__d\\hI[nfbRXmFqQz`LqBQztGwRiNo[r`cww\\^udIbCJxxKr_zZkjUSN_kVlqmaqH[rJIto]echZNqwIl[JNVjHLQjYlIImWBMC^FAieLwGHhszinMzWcS[XSgtZ\\CU\\qQYBoZCll`CZdA^XkjyvJWnjleKZGPIJbeRW[yuUJOeDQBoSI]jmEYS[]iPJOdf]WsryjHwlodmvlkZkqrQeaWFJSqtlilF`dIgXKpdB`xx[gWimP`TWTAvAnigsOLDD^MScDBaAOPEdYe]vIH]JXjMcMgd\\IlmUuuxZEFiOzSIDwSbJLljHjtfoAkWWXEr]]kj_hDqCYNKEaIfuE[QXBffAOIYUjSqu\\fbMdD\\Iugj\\jbNrE]Rwo[[qEiP_e]TFXPdvbZQBzH]UwKRhvbPNAtGAKkHvnx^YTdDZxSQfLQxgyFuuXccDMFF_JdkqRVNBeDBTGrjdQeBjw[BFqN^KU[LO^`QTb[UqDvCvEan`tzmcEWcicfzErChJrnpbbVBqPLgAYGAQZyRUhcJHxblw[QyANsDRkMx^xwStjbQ\\ejetkS\\OdieAeFVzMfm`Cj`NAoXlQQXVRPSlfFQuWoiBcxtsbSgEokZvJWsvvkySROjUneUGVrIOB^fDv_KxeTbaqWbONUzgpVkTN_Fwy`iwbLugloAXaBiygI^WCFtBs]YfmRqWZNyEeeyf]v^YTbGohmhEAjusfhDFmOt[ydySCdUCJstHc[hQVeyAelVjTFYwatsOBD[kdnlDYeuIqmQKznjIPspMNOzxLX\\QzeF`AxhcsvczqNtapNwnKkzJNN]VoosBIeILhlKCFHPUQqWAUZHx[iFPfwRm[SnEDaqLEhtDDuhC[esXr]AVgub[_sakZYcnTKRjzKvh`Du`ADpAEuuySYYIzVgLHIeeRujPTIXgaSpcAB[\\D`g_^e\\vmJjd_j`XZPOGT`hv^NXzdpHyvKIc\\FHhZn]KYnIqnXIknUH^rkBPM\\RwBliTbwvUIag`C^^kFaLLgWLbCeklEr[x]aIhFpPr\\ocMhb[UNQKgQFPe`GQwLKPQFjD]UpfPRUjsozu[JW^nhogWQ_Hy`SfR`RGx_yAXfuUwWXqaMpmpg\\dQChMqigkyiYS]swwLVGImZkAshbmj`peDipuqlKjyKVNxEThPsbZaTqqShTIGuAZsnPoCCGZLWKcE]CnTt^ryWEkrzcJYBcDJwUKp`fNmHNJIOmpe`oNXJ\\]j`wDZwBKoGYHIsyoNQEqIubcMm_sMVgA\\s[QccnpGDVCpfhmbAzHEeTpxTrgYJyY[YgPXiLf]PkF__naFlQLW_vq_eSOlGXxExcXyXUtpTepuORZaQbgsmBv]pkmVwuWsnAawWbhXWWCtGwQTti\\_kESvguJgb^tZOwHNk]KiuP\\WzBWt[Z]OYrHiifP\\YApt^dfJpDdW^me\\cwwf_PMIBeAXpY`EMiPt[ctWWMEWpFkgMgGmiexIogrscNUW__Jp^lBzDaPSLpSvuULJRmWclGFnlAnIrhsQvvI[fGjIVfxyTvxNCLElIbDWgNOCmG[^wCAzLk_LDONGJGZpDaFfcHIUrloXrhVOKZBRvxBShthuTxNaoYyMApvptfI[wGTWsyvjEHuG_nyjZNAt_OcYiINV_MXPobWa`RBVB_\\g_siNqLWgeOvh_uhjkaKsjeRwWXJHLfrzmvuq[z_Tple`fiCedRe\\TcxtblrZCO[zXwucArPkBrCxzlRhV__uAWgKyAOjIFQbRfIjnZelCtZ\\`ztq[JE^kayAPkdAd`cwa\\gUcbtvumrGxKezGYPzBnqlgIZDpeI]R]vET`NsPIdxisDFGetKQcvneui[HqFQdUo[O`gbLWjsKtCoEUwLkyMiaHZYqnkYCSTUDcqaxSzttDdlruVnuuafIGtHGNkXfQpr`il]^VNYzSp^_ibwXx_ImiLxij[kbbNcNlLIItQ`hHgpQWcYgoAimhEr]onnu^rYFMPn]Yn_gz[eCWgSHCDma_q`gUfUG^eKQNkEGovOA\\BnNZpGH[fsZEraWkGHmYYJUQUogcMSGplF^CSM``MfrlkMWKhWio\\cDsYwFA[`OTleSmDTXtcNLmScaHY\\upeSUJBedWH`EhX_AFudHTyoMNWR`pVxbyeYiZQIlYkBmCJ_Uoc[NoUbqqGGnjFoAJxFCzpaplsidxBJErxkMvkmeDbrTJUBSvAdFD]VyCf\\wfxsoxCwmUbEYK\\yXxNgWqWhxXDAVblKQOqyGiCVGYOyUvKub_xBozFFPPvXtBbKcWoJU^riur`xcYSBNIZqdkVRJkiqnf]ErDVyGAaDgOGwZH^rwuJkckbsA^AdpAvOV[G_DUuMcVKUdYrCNrut]m]H]]xdAwOfTrbzBzobzxHNaMObgxWyGCmdyyBaXRLfG_BmrsBNCSt_eObQOVxCaQ`QFyBCyOKhm]GBK]kowIvoJOzjXkRCUIEpzlgsqyPoILmHH`GmeJGYVkHqzRfOxITdXRCYprxxsHgx]rbrd_XLCg[Oept`TBrzsIkq^iwmLIaOEJUIkneYkIalqnozyYeqPgFTHkUvcezuGMK[\\lpaXZPjcyAjtxon^jyXEBAzYipGJffedT_NcEZqXVkIkfBeqLWWNmWZkpHidJawTWFaYaKZQIAiQsOnhKPxPOWrwE]nwkNNpopUa\\MPAwGFlhJsbUBYtdhEzOdTDX^`umt]CuMMyzwSIQFOveLbjoUMHkUSrsMdZbKyohpgHpZtgVwiIUYZLvpGYgUR`uUGnTsbFH[Oo_[uU[`mofJ][mX_lEaIS^HM[TFT]UcBuJeh\\umxHc^tlsfBvUpBbRwRXN[AVLP[CIcRIkCqScBjAO\\ciEXH_bZcMTPN[lcvSCqcQUsLRzjyQNQJlsSQoIv\\izEo[oWazFWxXtRULMp`r[SzDG\\bZRGKHUtQPDl^cIzKqSlsaxEcSVdNhElUSoHhzMpCzBEI[Sxj\\HJkUdB\\N_rmkfdKRWKoBRLe]it`twHAYum`vBzjmf[[UDSTXtqEIIhJv`Nfj]cQXrUptEPQW[BVrlQZWaIzGCrPNceWnUAQDJD]j]ZSe`hhGSSKOoOJTcKUAEcRZs]CZlRhinjuGpUaVJIuP[HyFrw[zi]etIslDeNVAf\\[FUC_NeyqvhBzk_xcoqizRFBywc^kvnueygtkpYMVjgiLHtB_gfbJw]IATDceGNuInWBDfMnWdTPfWprDbyDQMkh]^tXlqcO]laXksxt[rK`dM^d^M_DIJdwCi_`mpCaBEnuqXGLeFdYBLEPAPu_R_FSIdVCTXHfpe^`ZdnFFTYDaKvreP`]u_P]z\\lMCEsNxydXh`qX\\oYxGClxi_XDsekRUA`xrbDB\\LFbb_JFYHBFFSWwjo__hoUTOSChzsaulX\\vxKWKVSfkceLCedOCC`UhqmTO\\\\G`aHTiq\\z`YUIVIdkdGzDVe^rMCoELrHitLFK\\Q^MJdiehWz_MBjH]YkuDPHfCWoiQgPJDZPSdmulvtJqDPsJHzL[[LGLJrKmpATBGp\\mlW_j_yyJGQbm^eaQ[pirSEJmcHwv`IkOnFYk\\\\v]MxEtPXOKZDaQHdZgNlHXCDexaTyXMqoytMfVzP]Lsl\\]bZHKgl]jU_[JSHTwYqydOcWuyDhyPw_QbHWGLol[UFeVm]Csw`mBnsOzCMMcE_[YzJbLkMkeF^PJyBI\\AoBkJ^]jtXEzcIWpeLWcvrIkoIwPdFBBEkbP^jP]grRTIlBwGZ_meaaJgQvAaNGoVCvraHSuwuvD`pbCGzIJaOX_KYdMoOvZk^xFqKVzGdqje]drjtuaEwNHfXgI_GGhy]TCr]MweJDxXhtipl^uUVVoQp[Z_N\\A]JkIIbzNhxwutPjy^xTmdMTdG`lBBmYXhD\\Owl`NlPNWY[uAG]watjWQpHBdpxLu`_Nqo[BlXFATywKfekv`qr^xgKZpjwYoETqtMDMg[KIoiCStwWyECgDhBPJdBMC\\gMPeFQYa_PEgjiPdsasTxTlYPJsxtceOHhH]nhnfxXanbXySAal\\Uj_S[qVwY\\hveq_CbnpKmMV`nyqrK`wTrJuYIoBxSqN\\keIltwlNkaiHTz`]z^mt`TD\\wFtmmsswztoIqFxNnjdR\\mFJP_xoDUwXbhpoDz\\rhlIZKWgt`_FpklzJAj]NuDsewXbIQJKnOldjefztsDP`OHhphfnT]Nwet^]np^dVTSbyHQ`UkdVroTWpjl[fVqQAozqGILDU[tLw`ihXGZdtsFq`HhDDCyA^BaJIZYL_aBWuHZQBDD_wMXIjJQz\\HzR]tivy_`xiNFTqivYhWCzzZDQdY[yJYkWajuAZ_R]_GqiHERANsSEFzSCpXRaEanP^inHnuyIFa\\sdUI_GZlRGfRaXsLBMkXySaLZRKNTtJz__ZY\\On[ep]JsWMjujxwVI^`DJjNvMXYwgmBy[jmZPmIqWSCE\\SdvNdWBtVR``_YXEMMeLl[zK]FVUjgqhI[to]jCWAEFYNtkUlmJGYtjsdlk^AgKi\\rXE`db^JNKgVbwdUBdx]jPPkBKky_WTuWxW]gpIKgwKiD]CoHJyDNMlcIT^Yq_fqqmyeaHiM[mqnEah_HwrVYQhKLoUSRjTHRUrQ_XOA[lc[Wy^bgyRugPYaFoYmmVvlYi\\kiWAkiruhhMoNRmgSYZ\\CwRLjz]NFprBh]mtPyaMpUkstzK\\AjcTzNZoWLQkLdprqKGk_tWUrMfhLZSjoBMVN^C[Dx]DhqAL`tBitZwHSN\\mbldxtbwKXZdSIfhaXThBMZHSXdqUEFDzCPtSU_JGtpoFPiaNmVkza[aHdR`QkcGSWdQsmVMsJbHXfBCjDcbiUEZbjliDztVRj]jfYi\\XJspyTJ]bOqNIAXxSKjIBgItPMpiJSXQUHK`]O\\OaPGpIgMRR`X\\ia[kAyam^\\TPq`sBqs[Dj\\bmaTkcz_WeuwcogZ__hikFvqycoK[ZETlNyiJhOxmyEiUuxDUWTwVAk]qkUIooDx`bKUqyPqPkwmBM\\EekqEFIxl^]sZTGJxvHJnkdNWH^gfEy[dOQ^EyzsWdZqUGp^JbyruDiTB][wb]Rh`BOLCcEyvOnJRmtPRz]EFGaa`w\\b_CQtRmRSrd[a]zvfP`COdKebANbY[igFH^[sytr`\\aXh`vcFLvQAuNyUYitEKssIxVZy`DhVh^mCmwCEf\\N`YfLt`G[PAnUdiOkJ\\daHOuSW[wb\\fpYifTkRJaZZdXVtJJT^MsdCvFQ^TpYc_zeKUfyV_YAvJH_r`ZNRcDOmMWn`CNyTHqudnK`^LxznshsoaZyucHA\\kryyrYTQ[goTMuEUtjFfE[u__zycPElzqZtvMbfmejTLt_bgVdAsBUWPw[ZsZkBVvo^nBIISETAVHjeAYSNfEtx\\CdylHnTuhxQEBneN\\hoiUBINpZZH]VRBqBlYJWLQzGhJZ`yeiAKXFPHA[lwiTMXSfOOzCMDF\\^iNUzoP[oY]LuwbukxYZ]wnjU^KRzc\\wFvbatf\\whN`nvHlRgFROffzbu_z\\dx\\Mw`FzVBBE]\\mOXAoNmtftRNR[wAfUfATjmTqVBmvfDMmJskJukmjkSbujNfDVVgZ]ID]EKYLzxzqE\\IbLqletQcXLYGHVjaPXnPBpNFjSajmSlpNFEr`eC`L`fRfDQqQXkYRLGmykBRSbqFZcsCRrBfUNE\\JwZgBkYVbS_CyRtodkMejarDKO_ZVFDDHfcBRVQcJ[^GDqDzyMCeAZmcEW\\mLzz]P[uTjr^N[e\\ODlzUL`[ICZChszxvu^WJ\\ArcwjQHjoKWy_`TWGbg_qZqYM[jtcTwORnDtWY]OSZOOgjU[e_nwjeeaBKjObNH[NHhk]ZziEYLXLbl^GOPDaz`gJ]sLiNhFRnA`BdyL_ErRZMV[ZLISyDuOcAbzanArkGFXaL]]QE_]IONwHYm]FVGNtmxACyelDAaSGxuNjfBu_XGTnfsIB_lVAr^nO\\[S[nYHhuqJ_`mZTMj\\gdMXF\\j`OKSO[GyOLiZlyyfspje]lRBnIBHeODMzDtt]cbjXa^Ofmx^ixUcWqNnwJ_FYzTAI\\[hFFIQNANvNDWBL_Zhu[qIpFwTD\\QYM^GJRPYcpDUVdS`tn^utagFheSrzJpMmjpjkxNjvGqsqG\\`^aCa`aWr`YY_zXZZzqcfocpwaoznjoOaJnUYGPgLSxJR_ik^hXsz_plukFzlbdIlJrUMDASkKWTrZ^YrD\\GSwPCUBZiAPvdjpYIgU_ZgEIpH]u\\MhIhG]pptpAKeRR[OndBBVl^`CZNnZvsHy\\SHN^MzcOrTTpUmhaTssZrweHEDbB[uHCfpyTBQXCYGuJLMF[GsbzP_eW]FZJXboxLRK_oT`D[pAlC\\wryHubSImHLcrwqOerRwxuCagnT^_[^tUAJbLQgNeD_DTL\\cMMKJZF^BpX[HNodSdROrmPCUKEStVzM[SlRSPU[O^Hmnq`zq[MZBxepxKqyUnegqLzp]^QDOrzTf^P_fF\\YJ`K^hvTHZWF\\t\\vbqk^SJILKyQK[uSSPRL]QA]HbJJesl^[KbhhvcJOAUz_XltNHDqKhyeaUdwJA_SY[pAsNeXhIw]wAxjqPv^ovTnLwGSSgzN\\BbEbkBz]gIBl]iaXtFuFB_^GCpwGRFBIiAvZsIFOvAImRCiOavYaFIZ^Dx`vEtKaHtC]mG_lAfJBVkpAGhaWg\\DaaYWvcJJCqcfYzM\\[Xh`ZzYHSI`pWTotgp]vUjcIr]GKnFWAtLFyyveaHQDmDUmjCiyc^QHko`ixsOUNl_vKNpvkLvnDgpE]jXIEGn^cEVJZNghtvpB_Yb\\MnOXb^DDy[LO\\FQGxBSGsf\\]_NtIqoaDHvvRr&quot;,160)" fullname="Open_Lab_03._10.Tests.GetNumberOfCharsInStringTestRandom('W',&quot;zyodEuuush`smeQtXhGBmqmJPoFYMViHxwbTPhPnL[rfzKmZjTM^DVJJMfUQo]i]zYupCwdkYSpSzGJEBgjsIKDbmYHeTyzjmUgbQwWmk]FlarKG\\PPImqUoVSCepzXZSFaeZcoEPwIgERBuNBJDirxwzsMxulxkFfY[R`gs[KsqhijDRHXnqTl\\IdebWrK^yXaZtbdiUQd_yGORIIfmUJumuwRhuE]dAVrQHQJk_jZ`jN^CVTYNLXIp]o_wPvnQnz^cOyKsyvNfkUChZPSbgOXcNCnSlN[dvIljjvnXI`OPK]EImq^AcLd`bvVMKrGl[ekbcSy_\\uYGAIYkyfavj[Aj`MHo`bMQZ]o`m]`[sz_in^_Z]fN`RLBAdACVKKyuhIh^Tsx\\GGCkvSwBhiRuThyN\\owl[JPiAeAeqBGdhmZLJRFQEAi]sEaAJZC`wMAwqUjRSRLgbhMaOnEJjfh[\\npwDA[Wzbh\\m]UobnymoBuLrzmWVsqQ_a\\D`nNSrpgAzlolYPcvgvfZtdEDOEBHlWwLBRPnagvzVtLGLAxFQuedvCKvjJDmn_PdockGAoUzAfDzXxsNGvrqmTQzHUEWcIMrecRcPrF\\aecQyK^lRqfshZq\\SlzgkyXrZMUpgPxPpVQIkAAwqSFm^TJLmqQ_rZlcNkrmqiFBsVCSIikRkCpYseUFCJCqyZXWdiuAJOGHMDuHRrCDFynpdTjcWljhfPCZyfi[nkI]whLpkNnKGzkAfcmQySeX_Y]xA[JfJbQVqRtvIusIx`ag_CnVtY]\\Gky^LNoPEIB`iUJUiqHEZ\\ZzspZxhnmlFoPFTVkuFdDp^BxJsZgCQXBeRyfWoqcRWQZuEEBSGNyqXe\\qsPFNGj\\infoUkTGPBmZNbDEoYUvDYLMg^o^`lVKgplGZQgbmGjofLOPoKQomnYPbYHqwpb^gbmYqwf_lmIwjWb\\P_jU[aYsX]`AIqfw_LIDYpYs_mCAf\\`KrfbXGMCFItBUXeVvHLX^N^CZGrpi_YNvwUJ]PNqRIDu`oE[uWGsZDCwTdHRPWUbkgFXC[tguVFUKd^fBWvRX`nrtXqtHvavo]KtihYZ^[yExhmkF]Qt\\DJKsN^fez_zoKaiYewUy\\oxbjuMfFofehZkSAB\\Jnp^vzPnGDR[`wuzOMcITRz_LtUGlpWXd\\LLgQBb[GFbnTFhnZ\\FXsHrnQRCfJCRhurEljTyLBiMMYksngTRURAkTTYWyzwREott]BwDG^tWKveU`ZOyplxWtGlXRwzLFWHY`rWmkQKqXd`XjDq`ly\\Tr^zVP_mJ^iRnnMpiD\\N`aGyQaTiNG[[GvnbBrA]M_ASjSme]OI\\Pkwnk_jowp_DDNKszenrCzBB`nPxojMzxyLWyAq^HLaWzxP\\Iter[RZQiuNxOmANd_FECotzoQjqYfBc^npuEU_g`vhDntOVLSm[rLZTzfDKbcrDtfZ[wFIPAZ`GGpLuCUfFsalSU\\vZQUEwDdKI[nYFK^[XgSNJZJHNxlLSuHG\\KjzfUcD^fD[Ov`vVFTfBOlzHMrySYrOTgxv[_pCDPk_WisRYppNa\\FMYkrY^dkEnpHcyd\\rQQcl_NdYUa`]cehsbk]kgX`Z`fkabQSpUywQtTiLGYExEO]JIPANGkLtlIMs]CrDNkHehWzNBRdNScVQJbYSQEidnD`kHpjEbAjTGr\\lQmLpHxaImvjue`mIB^rerOGMb`gRsCJRGhC^tt]p^WyLGoZCObRdArtBfzNcROQklYox]OPIBBH\\PuGnFeDRkaQPnArtgu_OFOZiz]`zRJczjYlltZ]gLzzLH`J]WW]H]sVB[YndEEzbyR`VOGzMXrDGOOaZSDcvh\\]rCjQ\\fscGAYNpAoNQWPjepPnMrURB\\Dt]ohS`q_a_PwFqBlZ^qS`XlsBnwDeRbbew_kAS]iZsjLUtJwLFvnKJ^]lwg`cmtOwiRIRQkGBIshia^IdAs_WnW\\YCzEgwFhy[OgbBfuUomCRqnKY^wctUsJRqjORgZECKjNSqbcUyKbAUJcOofIA^ndcEVkRWciUizGHascwTNvKQIxhHA^BRD_XFeN\\qQyW\\MSUD\\hwDMhQsYSwYDJWFhDf\\jBweGGDO_iDpcegSbxEWO_gSRDmGcQoIhsTZlRwFeBTjOGpZ^E_jzONKUeTDTwgOuuIjQMaPBymMKxDKOSd_mEJYfIFHxslhVFpUxFJR^OhA]AAXbIpBTI\\pkkEHGZRJMEqFHjMJJRA_XJveIiaoDkUMdAdNACLEw_nYJuPrwgsBIxYboZyYt^G]je\\HGyIHFwbsW^[OYisWsTEgbCZbDmKZYQj`ZIlx_lvLV`KQzkALejdW`o`D`bDTlI[FouoPwusHXtQCrIcTmzoigSAedhYwhc[NEE]EvkPjr]yg^]MWzkalTmY\\uJgO]vZoYDyng^XCkFrKUUGG\\CxxCiuSfAJmDAMvCKN[_Zj\\S_BOuOHaCam[y]mkJfHfTfyjswHJGgbCS]e^hfXWtdj^Omx`X^RtRDHhaRVyGxZWzkI\\sPD^Nkmkv[\\FybldVikOVwxVPZQvKT__d\\hI[nfbRXmFqQz`LqBQztGwRiNo[r`cww\\^udIbCJxxKr_zZkjUSN_kVlqmaqH[rJIto]echZNqwIl[JNVjHLQjYlIImWBMC^FAieLwGHhszinMzWcS[XSgtZ\\CU\\qQYBoZCll`CZdA^XkjyvJWnjleKZGPIJbeRW[yuUJOeDQBoSI]jmEYS[]iPJOdf]WsryjHwlodmvlkZkqrQeaWFJSqtlilF`dIgXKpdB`xx[gWimP`TWTAvAnigsOLDD^MScDBaAOPEdYe]vIH]JXjMcMgd\\IlmUuuxZEFiOzSIDwSbJLljHjtfoAkWWXEr]]kj_hDqCYNKEaIfuE[QXBffAOIYUjSqu\\fbMdD\\Iugj\\jbNrE]Rwo[[qEiP_e]TFXPdvbZQBzH]UwKRhvbPNAtGAKkHvnx^YTdDZxSQfLQxgyFuuXccDMFF_JdkqRVNBeDBTGrjdQeBjw[BFqN^KU[LO^`QTb[UqDvCvEan`tzmcEWcicfzErChJrnpbbVBqPLgAYGAQZyRUhcJHxblw[QyANsDRkMx^xwStjbQ\\ejetkS\\OdieAeFVzMfm`Cj`NAoXlQQXVRPSlfFQuWoiBcxtsbSgEokZvJWsvvkySROjUneUGVrIOB^fDv_KxeTbaqWbONUzgpVkTN_Fwy`iwbLugloAXaBiygI^WCFtBs]YfmRqWZNyEeeyf]v^YTbGohmhEAjusfhDFmOt[ydySCdUCJstHc[hQVeyAelVjTFYwatsOBD[kdnlDYeuIqmQKznjIPspMNOzxLX\\QzeF`AxhcsvczqNtapNwnKkzJNN]VoosBIeILhlKCFHPUQqWAUZHx[iFPfwRm[SnEDaqLEhtDDuhC[esXr]AVgub[_sakZYcnTKRjzKvh`Du`ADpAEuuySYYIzVgLHIeeRujPTIXgaSpcAB[\\D`g_^e\\vmJjd_j`XZPOGT`hv^NXzdpHyvKIc\\FHhZn]KYnIqnXIknUH^rkBPM\\RwBliTbwvUIag`C^^kFaLLgWLbCeklEr[x]aIhFpPr\\ocMhb[UNQKgQFPe`GQwLKPQFjD]UpfPRUjsozu[JW^nhogWQ_Hy`SfR`RGx_yAXfuUwWXqaMpmpg\\dQChMqigkyiYS]swwLVGImZkAshbmj`peDipuqlKjyKVNxEThPsbZaTqqShTIGuAZsnPoCCGZLWKcE]CnTt^ryWEkrzcJYBcDJwUKp`fNmHNJIOmpe`oNXJ\\]j`wDZwBKoGYHIsyoNQEqIubcMm_sMVgA\\s[QccnpGDVCpfhmbAzHEeTpxTrgYJyY[YgPXiLf]PkF__naFlQLW_vq_eSOlGXxExcXyXUtpTepuORZaQbgsmBv]pkmVwuWsnAawWbhXWWCtGwQTti\\_kESvguJgb^tZOwHNk]KiuP\\WzBWt[Z]OYrHiifP\\YApt^dfJpDdW^me\\cwwf_PMIBeAXpY`EMiPt[ctWWMEWpFkgMgGmiexIogrscNUW__Jp^lBzDaPSLpSvuULJRmWclGFnlAnIrhsQvvI[fGjIVfxyTvxNCLElIbDWgNOCmG[^wCAzLk_LDONGJGZpDaFfcHIUrloXrhVOKZBRvxBShthuTxNaoYyMApvptfI[wGTWsyvjEHuG_nyjZNAt_OcYiINV_MXPobWa`RBVB_\\g_siNqLWgeOvh_uhjkaKsjeRwWXJHLfrzmvuq[z_Tple`fiCedRe\\TcxtblrZCO[zXwucArPkBrCxzlRhV__uAWgKyAOjIFQbRfIjnZelCtZ\\`ztq[JE^kayAPkdAd`cwa\\gUcbtvumrGxKezGYPzBnqlgIZDpeI]R]vET`NsPIdxisDFGetKQcvneui[HqFQdUo[O`gbLWjsKtCoEUwLkyMiaHZYqnkYCSTUDcqaxSzttDdlruVnuuafIGtHGNkXfQpr`il]^VNYzSp^_ibwXx_ImiLxij[kbbNcNlLIItQ`hHgpQWcYgoAimhEr]onnu^rYFMPn]Yn_gz[eCWgSHCDma_q`gUfUG^eKQNkEGovOA\\BnNZpGH[fsZEraWkGHmYYJUQUogcMSGplF^CSM``MfrlkMWKhWio\\cDsYwFA[`OTleSmDTXtcNLmScaHY\\upeSUJBedWH`EhX_AFudHTyoMNWR`pVxbyeYiZQIlYkBmCJ_Uoc[NoUbqqGGnjFoAJxFCzpaplsidxBJErxkMvkmeDbrTJUBSvAdFD]VyCf\\wfxsoxCwmUbEYK\\yXxNgWqWhxXDAVblKQOqyGiCVGYOyUvKub_xBozFFPPvXtBbKcWoJU^riur`xcYSBNIZqdkVRJkiqnf]ErDVyGAaDgOGwZH^rwuJkckbsA^AdpAvOV[G_DUuMcVKUdYrCNrut]m]H]]xdAwOfTrbzBzobzxHNaMObgxWyGCmdyyBaXRLfG_BmrsBNCSt_eObQOVxCaQ`QFyBCyOKhm]GBK]kowIvoJOzjXkRCUIEpzlgsqyPoILmHH`GmeJGYVkHqzRfOxITdXRCYprxxsHgx]rbrd_XLCg[Oept`TBrzsIkq^iwmLIaOEJUIkneYkIalqnozyYeqPgFTHkUvcezuGMK[\\lpaXZPjcyAjtxon^jyXEBAzYipGJffedT_NcEZqXVkIkfBeqLWWNmWZkpHidJawTWFaYaKZQIAiQsOnhKPxPOWrwE]nwkNNpopUa\\MPAwGFlhJsbUBYtdhEzOdTDX^`umt]CuMMyzwSIQFOveLbjoUMHkUSrsMdZbKyohpgHpZtgVwiIUYZLvpGYgUR`uUGnTsbFH[Oo_[uU[`mofJ][mX_lEaIS^HM[TFT]UcBuJeh\\umxHc^tlsfBvUpBbRwRXN[AVLP[CIcRIkCqScBjAO\\ciEXH_bZcMTPN[lcvSCqcQUsLRzjyQNQJlsSQoIv\\izEo[oWazFWxXtRULMp`r[SzDG\\bZRGKHUtQPDl^cIzKqSlsaxEcSVdNhElUSoHhzMpCzBEI[Sxj\\HJkUdB\\N_rmkfdKRWKoBRLe]it`twHAYum`vBzjmf[[UDSTXtqEIIhJv`Nfj]cQXrUptEPQW[BVrlQZWaIzGCrPNceWnUAQDJD]j]ZSe`hhGSSKOoOJTcKUAEcRZs]CZlRhinjuGpUaVJIuP[HyFrw[zi]etIslDeNVAf\\[FUC_NeyqvhBzk_xcoqizRFBywc^kvnueygtkpYMVjgiLHtB_gfbJw]IATDceGNuInWBDfMnWdTPfWprDbyDQMkh]^tXlqcO]laXksxt[rK`dM^d^M_DIJdwCi_`mpCaBEnuqXGLeFdYBLEPAPu_R_FSIdVCTXHfpe^`ZdnFFTYDaKvreP`]u_P]z\\lMCEsNxydXh`qX\\oYxGClxi_XDsekRUA`xrbDB\\LFbb_JFYHBFFSWwjo__hoUTOSChzsaulX\\vxKWKVSfkceLCedOCC`UhqmTO\\\\G`aHTiq\\z`YUIVIdkdGzDVe^rMCoELrHitLFK\\Q^MJdiehWz_MBjH]YkuDPHfCWoiQgPJDZPSdmulvtJqDPsJHzL[[LGLJrKmpATBGp\\mlW_j_yyJGQbm^eaQ[pirSEJmcHwv`IkOnFYk\\\\v]MxEtPXOKZDaQHdZgNlHXCDexaTyXMqoytMfVzP]Lsl\\]bZHKgl]jU_[JSHTwYqydOcWuyDhyPw_QbHWGLol[UFeVm]Csw`mBnsOzCMMcE_[YzJbLkMkeF^PJyBI\\AoBkJ^]jtXEzcIWpeLWcvrIkoIwPdFBBEkbP^jP]grRTIlBwGZ_meaaJgQvAaNGoVCvraHSuwuvD`pbCGzIJaOX_KYdMoOvZk^xFqKVzGdqje]drjtuaEwNHfXgI_GGhy]TCr]MweJDxXhtipl^uUVVoQp[Z_N\\A]JkIIbzNhxwutPjy^xTmdMTdG`lBBmYXhD\\Owl`NlPNWY[uAG]watjWQpHBdpxLu`_Nqo[BlXFATywKfekv`qr^xgKZpjwYoETqtMDMg[KIoiCStwWyECgDhBPJdBMC\\gMPeFQYa_PEgjiPdsasTxTlYPJsxtceOHhH]nhnfxXanbXySAal\\Uj_S[qVwY\\hveq_CbnpKmMV`nyqrK`wTrJuYIoBxSqN\\keIltwlNkaiHTz`]z^mt`TD\\wFtmmsswztoIqFxNnjdR\\mFJP_xoDUwXbhpoDz\\rhlIZKWgt`_FpklzJAj]NuDsewXbIQJKnOldjefztsDP`OHhphfnT]Nwet^]np^dVTSbyHQ`UkdVroTWpjl[fVqQAozqGILDU[tLw`ihXGZdtsFq`HhDDCyA^BaJIZYL_aBWuHZQBDD_wMXIjJQz\\HzR]tivy_`xiNFTqivYhWCzzZDQdY[yJYkWajuAZ_R]_GqiHERANsSEFzSCpXRaEanP^inHnuyIFa\\sdUI_GZlRGfRaXsLBMkXySaLZRKNTtJz__ZY\\On[ep]JsWMjujxwVI^`DJjNvMXYwgmBy[jmZPmIqWSCE\\SdvNdWBtVR``_YXEMMeLl[zK]FVUjgqhI[to]jCWAEFYNtkUlmJGYtjsdlk^AgKi\\rXE`db^JNKgVbwdUBdx]jPPkBKky_WTuWxW]gpIKgwKiD]CoHJyDNMlcIT^Yq_fqqmyeaHiM[mqnEah_HwrVYQhKLoUSRjTHRUrQ_XOA[lc[Wy^bgyRugPYaFoYmmVvlYi\\kiWAkiruhhMoNRmgSYZ\\CwRLjz]NFprBh]mtPyaMpUkstzK\\AjcTzNZoWLQkLdprqKGk_tWUrMfhLZSjoBMVN^C[Dx]DhqAL`tBitZwHSN\\mbldxtbwKXZdSIfhaXThBMZHSXdqUEFDzCPtSU_JGtpoFPiaNmVkza[aHdR`QkcGSWdQsmVMsJbHXfBCjDcbiUEZbjliDztVRj]jfYi\\XJspyTJ]bOqNIAXxSKjIBgItPMpiJSXQUHK`]O\\OaPGpIgMRR`X\\ia[kAyam^\\TPq`sBqs[Dj\\bmaTkcz_WeuwcogZ__hikFvqycoK[ZETlNyiJhOxmyEiUuxDUWTwVAk]qkUIooDx`bKUqyPqPkwmBM\\EekqEFIxl^]sZTGJxvHJnkdNWH^gfEy[dOQ^EyzsWdZqUGp^JbyruDiTB][wb]Rh`BOLCcEyvOnJRmtPRz]EFGaa`w\\b_CQtRmRSrd[a]zvfP`COdKebANbY[igFH^[sytr`\\aXh`vcFLvQAuNyUYitEKssIxVZy`DhVh^mCmwCEf\\N`YfLt`G[PAnUdiOkJ\\daHOuSW[wb\\fpYifTkRJaZZdXVtJJT^MsdCvFQ^TpYc_zeKUfyV_YAvJH_r`ZNRcDOmMWn`CNyTHqudnK`^LxznshsoaZyucHA\\kryyrYTQ[goTMuEUtjFfE[u__zycPElzqZtvMbfmejTLt_bgVdAsBUWPw[ZsZkBVvo^nBIISETAVHjeAYSNfEtx\\CdylHnTuhxQEBneN\\hoiUBINpZZH]VRBqBlYJWLQzGhJZ`yeiAKXFPHA[lwiTMXSfOOzCMDF\\^iNUzoP[oY]LuwbukxYZ]wnjU^KRzc\\wFvbatf\\whN`nvHlRgFROffzbu_z\\dx\\Mw`FzVBBE]\\mOXAoNmtftRNR[wAfUfATjmTqVBmvfDMmJskJukmjkSbujNfDVVgZ]ID]EKYLzxzqE\\IbLqletQcXLYGHVjaPXnPBpNFjSajmSlpNFEr`eC`L`fRfDQqQXkYRLGmykBRSbqFZcsCRrBfUNE\\JwZgBkYVbS_CyRtodkMejarDKO_ZVFDDHfcBRVQcJ[^GDqDzyMCeAZmcEW\\mLzz]P[uTjr^N[e\\ODlzUL`[ICZChszxvu^WJ\\ArcwjQHjoKWy_`TWGbg_qZqYM[jtcTwORnDtWY]OSZOOgjU[e_nwjeeaBKjObNH[NHhk]ZziEYLXLbl^GOPDaz`gJ]sLiNhFRnA`BdyL_ErRZMV[ZLISyDuOcAbzanArkGFXaL]]QE_]IONwHYm]FVGNtmxACyelDAaSGxuNjfBu_XGTnfsIB_lVAr^nO\\[S[nYHhuqJ_`mZTMj\\gdMXF\\j`OKSO[GyOLiZlyyfspje]lRBnIBHeODMzDtt]cbjXa^Ofmx^ixUcWqNnwJ_FYzTAI\\[hFFIQNANvNDWBL_Zhu[qIpFwTD\\QYM^GJRPYcpDUVdS`tn^utagFheSrzJpMmjpjkxNjvGqsqG\\`^aCa`aWr`YY_zXZZzqcfocpwaoznjoOaJnUYGPgLSxJR_ik^hXsz_plukFzlbdIlJrUMDASkKWTrZ^YrD\\GSwPCUBZiAPvdjpYIgU_ZgEIpH]u\\MhIhG]pptpAKeRR[OndBBVl^`CZNnZvsHy\\SHN^MzcOrTTpUmhaTssZrweHEDbB[uHCfpyTBQXCYGuJLMF[GsbzP_eW]FZJXboxLRK_oT`D[pAlC\\wryHubSImHLcrwqOerRwxuCagnT^_[^tUAJbLQgNeD_DTL\\cMMKJZF^BpX[HNodSdROrmPCUKEStVzM[SlRSPU[O^Hmnq`zq[MZBxepxKqyUnegqLzp]^QDOrzTf^P_fF\\YJ`K^hvTHZWF\\t\\vbqk^SJILKyQK[uSSPRL]QA]HbJJesl^[KbhhvcJOAUz_XltNHDqKhyeaUdwJA_SY[pAsNeXhIw]wAxjqPv^ovTnLwGSSgzN\\BbEbkBz]gIBl]iaXtFuFB_^GCpwGRFBIiAvZsIFOvAImRCiOavYaFIZ^Dx`vEtKaHtC]mG_lAfJBVkpAGhaWg\\DaaYWvcJJCqcfYzM\\[Xh`ZzYHSI`pWTotgp]vUjcIr]GKnFWAtLFyyveaHQDmDUmjCiyc^QHko`ixsOUNl_vKNpvkLvnDgpE]jXIEGn^cEVJZNghtvpB_Yb\\MnOXb^DDy[LO\\FQGxBSGsf\\]_NtIqoaDHvvRr&quot;,160)" methodname="GetNumberOfCharsInStringTestRandom" classname="Open_Lab_03._10.Tests" runstate="Runnable" seed="731722532" result="Passed" start-time="2021-10-19 19:34:08Z" end-time="2021-10-19 19:34:08Z" duration="0.000135" asserts="1" />
            <test-case id="1088" name="GetNumberOfCharsInStringTestRandom('N',&quot;FARKyCYMofjD^G\\daRlsTdvNKuHGaJzObFMGa[^[GBF^HkCxgRUzG_c]EEAEuRgeg[]YtUCGoRmS^YFZsK[OpzID]kB][Y`oV\\qhOdDROOLolQyfybMkrXohRZvISafVlxwCbYKOGIAanTRMmV^tMpwygJVphvzhcpDoTvEaWxejXOtxIjWwDmJvByVYCVaLJSxxQ^trRw]OLNaYQYhy_CeqgHmV`f_BWYaFQvhfq_eGPukoXxHehcgGhHRJk_RfY\\smg\\HVlCIAX_amWyxb_uTomZXIe^uRNyhoByHvqmtf[giIb_mlajH_HDzNDylNHqmYqlkYrBlmAiUGkPbFlJl^rJgxyurrAf^dtPSpnTu`yV^Zjt]oXf\\yFObhEm[xJtlUKkM\\xlSXOL`]gNOEXD[VK__fielAtxVEdIOzhBrfTEktiFBr_V`GYWKgLbmSAR^Rq\\s^yOXWLpBGofwddt\\_XPgNycnGO`eBaYDNM^sPxJudUEraeJiHpytaof`W\\RHfKz`VcjXGALbOUDstkM\\Fr^Mb`]Yay]ofBPYU_\\yvmbGdXeMlmffOpCognyqFQqI^XvNFe^VPNaTPXcKuPhnSr`py\\lbafsevZcM\\XHGOQWBPj_PLovqdCqgrGOeswodVvXqoVi^Ia_B[_aPw]VmjCBsdwUVI^OS]mgTRh\\pFYhD^oLT`zhWaCuSu_NrBSUfRM`isMxPAagQUyUolApJprlZsTZnZdnmEClRP^\\TBXVAWdxvJZGA^Kp[\\Fp_nJpWntMSND_N`]IX\\lDPW^eA^mPtMQqKhw`rcyN]WfiFus[ACXyjBaIP`ptAeTFwNUadxQp]_bsko_FeROqoRGIGnPRnFMsD`msaRrDmc]L[iX\\BjPiV]QeGM[phyCXRjoLCf`S[LEMpvhYVoPDq_]aOHmTrCVn`EultMYWJwNJYEpL`CZtiybmMOwvtM\\YpQglBv_JWtutRSIKRaopc]Eb]H_fQ]^x\\pUHXEKd^Q]pEh\\uFldSYfpSMFOtXtstVwY\\yBnNWKSSzO]pge`_tL`pABvSqQMeXdZHPzvEyVvNT]SxcYNmTUAKXd[wG[XGyhvWoUagi\\a^PR\\^ixjXDZQDdPkf`zy^ypPfbwINsaDro]vGHxNIlAC_Xsm`euHj^C`ZCqvmo\\_]WZOGUe_blpmymkOjJddyZTTlx\\ERB\\UP\\aHxdfLAW`yiQbgRbMcLsaCCF^Jt`MaQ[]]McQG^YcbuVf\\WonkpsJXv^FsF]R[JzhNnE[iQFFmPyIh[CnFm]kYRFbj^YABGIXuhXhRTEZjnWHwVXXDiMhhOPvh^lKrFDfHbNzCU\\liCBfuyfUGAwSu[kgY\\zocucejkAVHXVjM\\zeNeBjsXEqIklgqbbbUhIn[WvJyPMifNFY\\GYn[PvLql]yzT_`qoU`TMJqirlcKWKueSLkInGElwxjuwKelhrrtaFOwbFd_TB[acUgIoXChPnWO[wlgGr^_TADNwoai]aYv]IRc_]wPoKenjA]eTxX\\_wNbQYLAqUKiU[mRfJIeuNjJWQ_wSwU`IxXavkSFQwZZzvZOOKzKonaQMELzuPiuAe`XDLVuqDTynPJ[qPiHwJlVWGUr`SKBO`ZUWBKCoFTlZc^xukIfaayqtJBwr_V^sSjOppEpEfSqqzwndWwoJ`[hbd[MANLPkqsHsOHFgTavOHAuNNT[caUTrCgMVsoqZCGzGpuUPrHpy`Z[d`ynulhJ]`Pqbuko`j\\LBAoYSyKlY_UScMdptAwhVw^b`DmUGTQPDNYcla[vbvlxKxOVRuv`moqE]NtOMpeFNFPVnADT`BGZL`WcpXCLYl]OXUF_gMjlRgkEhtbQrbzlhXtwqQYonYh]dAxZu`gTRVI`pRuwqmUqlkbA[JiVnvysyN\\hvHVSug[SOUG_W]yAEqlsZxylqQ`WWQacpNBiWCvFQOlGCJzRwxnI\\dNxIe\\eGDvyo_iI[PeCugbLMsjhQOZZ]XGMzE`maRyMSmR^[qqgTlOpBCkQunTre]]XX]IWks\\dhVsZbLM[YmFkJRKxTPrmxHcpQuGyh[w\\QeIgKRjjatYrWlNGRLC\\Aif`nCIgFOmyqeZ_I_nCaHMEikZ_gzg]X\\[czcsHICeRG[BlSjxnYAvs]arDdeAFcPaUKr`afft^^uxOihMxCsEXabFYlp__B_jqthb[KXHmGXUcccUvXDDjLJoclGoqHV]zKGUBFmnelSRIM^pI[cGy[zfksyiDcRekuVX\\OTpfQYytsfVNQgV_P__L\\dIHDjCZhaOrGUuGm[hCAlsMc[mvvG\\WqLAeKicaW_MRX_HwmOloq]Kjlv_cwG_aFrAuTPwEsHf\\`apETqJgUgaUAQsOKAdPAfM`_Mc^ShwjqjJLG[PGxrMYRguCWhus^W[uUP`GNgUhkr^RGhIjk^RJZnOsS`GfmDL[OPqquIsR]_i[Icvi_KHzEQ[aBhnh`iugfDDrqRpcfAhuFnjkdXHcwLVxpQpMUKlodBpF`ErMU_UDd`[OxDEHbSkZhFBa]cN[PsREyeK_auNXrSTPpaPQGdMRRVYZDRkmRunlOWQTt`bhEScUlmlvTxUggzncLk\\OJ\\Gw_cBYQvXbB`NymDhQaoYTaHEPdhHIDT^cMfpJlSfY`meGlppICKiVCmWX^lpcnP_iCemHN_`OJAnn]y^oszFseH`ZOYgz]CeQOwEGDiu_f[MCydu`OBkoJfDuFSsosalHW^_auWlJEbNKv^[f_Hl[RpHdsJBkpFgEiFf\\EUerQbkcYszbrMQlpQpaWvhkUATyuI]qrzbJ]tKkF_KAK[sdouPXPFFIhu^PNlhPWIksfHPwGF\\rkh`uIkJAsEamtY]bVu^TrvdCjzxhfTRKdOXzVcH]chXSbxyNehaLbHzpD^KIn\\U_mWIfA]MnnAlK^R[lAkDynGc]OcwrYzjGTs`LpTMH\\nYbVpRlDYHCYWlgngXY`UUnRfqflOwh^v]AiBGYQKozsghwHtXJvnbGYePkygzp]Z_^tkxm`zIVaVvfxu_sqnljTVcDlVZeLy^YHKDWvfdwfMaCjenEHHyjhoK^IuAK`_Jbs^_nqIwLJpEGp`THcU]DAnkSA`NAeZWHDyKMGANzKn`skDidasbLBGbEmLmRvvakYwDrUHBcG^sMOsbwrd[lrLGxWGZuNwDPNp[nAqOZrzE_NUpudq[R\\osMqG[OhHUKZdzZXnvAVAurHbjBQ`QX\\mnYwNxuVzljetEdVW]quZw[tAFOWZyIqxihqa]KqBfVPLNN^GgtC[]CpS_vHi_wAdthKWmouRztoaLinrlPmFFW\\gr^BbCI]iUfRaDGTrzl\\cOOGqIQxPJv^]L_`PmSOrXFM`WNoevvGUvtYcWLZmKN_ZHoU_bEFg]dLICbZu]STOoJbSGwsat]gJanXbsPCqp[sRhPapm_QruQeyMCYfM_mzwBbPJrBMQ]YURQeqWCoVMoPQIZUqrXeRhsUghRgu]DbXrPhwXbOKjWmIlRGj]LUssHgYwxJEVtsINsYtmYYQIZbQFMuWKxYRjj_kcPA[YKoq_eutsNxEmEjY`VSjDmuY\\bZ^TiQ^Yyryflm\\RB^xzU`fAFLMwQWfPVVwLX`Kw[fnMknndqYCPwYGCo^O^DaHbMiPWqQt\\TA`ilYPSXdFrUWTwOuXtRhtt^LzB^Xma_awvtYQVOwFZ[QNqVSHvtAKfHfK`YNoAq`TnZXDqdBfUcZZNyJfKPrh_WQnNNlwAHEcuwZWxORRrUpDiMwbPbelzsoXJdqcsFfN^q_R_mivx`pJaNFAQKgY]TdCHCNTYiZlibarhfC]tjoZCeqw_qShYNkKN]J]`U^OFE[ygOSfHK_n_Jz^LRpcWmS\\qVdL]ax`L`TyKsPQ^g`OixfE]gQN_vsTlzHReHIbMzbzpBTTC`EjMEntk`jqQkAQhzMKkxfW^yBjVfO[TxKzqIHhLObEXSQ]yRSppIcEtiMNCD_ERO^S`B[_s`y]WbyLh`lDTZfKUGFHvueIj]nIpyxwrnxPJGiSjB`^S[lsdSyZvScyvqmtopVjboM`\\VBOYnYuUGqPlv`^A_B`KzUSTo_ufqw_NMWOQjBHuidoA^IsQsjDmhU]AivdP_P_KRB`_QMQ^tf]VaSpffdmGslartOcoXrVYFdi]dTzgY`sCrHZWFyeu]XRa\\hfCe]GCPDQwdTCRdGiTs^zmoLjZN\\whSIBvixCwZqnnq^mlvTRVjyhxhsOYmhpoHcd\\SHcgEltBkMvQYx^tJayU[DNpidJmBzgOtRZokeRxFgN\\xyzpJvebePBOtny[bGAl`hWH^jJ`OAOnqlskdUdGVFedPLuxgqWyg]wPbsS[lFSeBNXHuNrN^tW[DnrSoMsYePHUpcJlCJVPnAcCnnDZzI\\mF\\MnAAf`MuzlFDRREFLU_GhDKp_BJZY\\oUOUWVkB^pCtArwk\\lUtwHOzoJdK\\eVn\\_wloxujVJqiDoDTtn`XE__gGO`Nl`as[PX\\uLw_qe_nQawAGPRiFyiwzQe`XhxpdyOnWbYirBa[AlVaS`H]Orn\\a[]eaWGJhjJSSId_rdrEXOwOuENra\\alLmNvFoH[uXnQbDOJwcffAiDS_Nk\\JPcLIXH`vhZC\\XJA\\ggqqDvyqvl]jvXrDgQfobHJwiOOIcKd_DqrbteGTdVNgfqAPcyoG_Lu_]uIpgqOlIxfE`QKBJRKMt^QsOyadV]ArwTEy]RgnH]_hKvjSomwNAiezdPbiPeVfxoIMLL`sfXEXydhSONoc`mqOiEUMky^]GskVn^GcNEcddNAAbOZBpnGKxu^HqSIgtcQFtS`lHMU\\KNf\\DUf\\`\\gTm`YszzmvvvkAwvHPiiudYezkOCD]hhHXwwTTtglI[ZaP]e_INVmqbCvHahdwvPOOoTEAcnVBwlJzEkOe_uPRuQptBLnMCoMKKR\\Ja_aZzlupsvCpZzYAAwT^^KyWAJyH_zomPEDAUpSJWzAFIxnDWMJNyxgV`JYqmnRtGPaUvYgLeKH^JsODVvkSpboRXh[KX\\WdiHysXYHy`ycnqILgvV[qCyD`[PwNx]nIo_oCuVgxnmnryB[P\\oOBB`ajDZXI\\tACKZzSUJmaj^DPLMaZohlJOlHOxEz[x^\\tlkg_CHvSBiS_]Q_rsyTnIroYSkVPJRcLBJ_\\`CWgmYHaZdlgaIczKhltvOMSmfJkFH]TmDRqcgAjjOzjyjiBjdBUXe`RqEuGPX[SHYu]qmW^gCKgO]TDxIA\\GIwH^Az^muZRohcaoLKwM^hU[tCTlqJHXyMy\\mzpmtkmdssbumOlxDPc\\chexgmvkSup\\dFCMUKTmulbA\\YycYJTjd^tEUrFGoCQxDGRhM`ctvparFd]OoTSIbFrFLxr]ENxs[exVHRWsaZnnxCzlVrS\\jIVxOL\\OhFoiriW\\fGH]xZbIRDIIxGHNu]ISOAGvpHL\\fFwOf_FOkp_QaNfLCTQbybnV`EMfALhpOG]MHt^ZAs]FyslAUvs]rd]DRajaRZO_IiCZkYEIqqaFEiWhSLQFSLyedZvaKwIaexxPpSPwrjgADXzdJBNFJJLxkYpR^^ytiz\\GlHrAvUNc_yaM[SWIiCX\\mz`X]yYTlmRDwsrCKNKovcYmrdrLHpLgczUlb[^xwurmg^Qb[Ty\\rc`Jbn`tGMMvae\\w^G[jjMsAlfFUSQknrkozZLJoudqjiwLCBUDUtOlfj`XwiKaq\\YDqp\\]SwfpFVJSpZCTyMWudyJPunNGjDANPsVNarlXNZfPaMc]frbeF_[rfLb_j`FCVwCwEpmH\\zhKSujhLk\\s\\VHlY^bUQMihTdtdKfXqE[JFqP_l]tTyENbAoQ_bOYqORzqjBF^`TenAMCvJyqsWtjdGBtptHqbgeuorYpjWVnfZZbnmVVdXa[VbVjhIQeY]DHWSNDkJG\\AFEKh[FC^lMJFJ_N\\iHbFlVIWSK[`Re[REZQ^LCNCOGgPtBMozcBB_WOkvoUPf^MHmsAkOkPfu`rfis^Ryg`idYniKabXixWku`^AA]`PTVHy_dBDQDRyx^^UES`hIrxxJGkJV]Q]GQVNRoJb__GefYnXBIwhxrH\\XKpYtrhompshHPDPIyJelSRlTTHMac_OJupGzlhgqRrq`FPmFg`yi]jFtEF`k\\OKQd_MZwQXQ]nZ[[LNDVGtD``gKkNvgIwUDhawbDSJVHiMjQeYtr]VVUGkDsCiiVlIaYVntOfACw_wrTwtGoBofbziapsjAd[AVagQuq_eM]SYqKtkvIctTx]zYhMDWvzY]^aQhgzPPXbJObrWwIosBbhYDhsNe[NQ]twTecDPJSdvVTkrpqHOHHXvqHMAolfoJRgUf_lTF`jixlDkwAYnTzJV]B]^VC\\XhplDgVLQEnIcXixED]DnTr\\KIRseCOyCERBHzAEapHjaqaxnDXZtzhDpTbvV^bOppG^GgqEDX]yMIvTbTEbepECWOMoYFjDNstkkDrHNSW]]jrhYOTBYAeAkEHr[BgyiZkTPKd_\\xURZc`gX`VKlheNOsAgvzhLgXnDz^YOepa\\gTbI_[[vg]MBo]EWKxc\\PIfBo\\htGG`wGIbvQrH[`l_JLlP]YBEhMEL^iaTCnao`wQufvJFSpIw^e\\qCMK\\FCskCxDNk^FhyxyMurdaPvlsDIhsMkRpcFi^EarirwVpk[xafOvLcdLJQAguPKAAMPEsO\\IUzvjSawHcKHNyoFMyt`MEuxZgvUd[WERJGbMhuscUsDjHxBLGCFzjPD[B\\CXLThMGpDsNt_DAwrMqNRjtJ]XQFcuCHKMs\\WBKqdRtJyN^BymXqdoJS^CqPvANIpFiSL`apBzdzpkKOuPHq^M^WCayTKvvdElTs`LqYLbodKK]nscVgtWfdbSQebMfGEAvEWRjiYievXuLsDL\\caPjhFjQMvLrzwi`KOYWasgNLmjMhHXbWkC`pQNygA^nNqeziUAdeovjuB_vW^dF^d\\PtJkuB[j`VsAUHk_TGoxboTenlScJXXQdVVF_eGcKFWTCBJnfzPyigu[a_wIis`HybWzmfzjzMn\\Yzcmb`wKHZcw[u_AhytRaOV\\eKBAAay]tYCawKaJvVz`z[_rGzCBS\\vJeHIX^wJb[FDCsyD]XkWKPq]KfKtB_xKY^swpCIfzLYEtW]yIv`dbEkuofymTCID]ve_zBO[PFWyrlcnILlFzTcTmyIKEWSxCVcxmxyGhEU]hlDCCKdHRDDJSQmBtDWsnZw]JeAKNeYuyGgAvFHtmKfzRYf\\LxNdi]jNpbtXKYugeJKMemGnw^GcowKkz`zPXoL]XYKTMjjTQzUHNZqZrZhLVGZtWIYfZePqxioMbmbMomRocD^aiaYxHAGQyRxDRDugj_J`eerEs\\XdofRSfswsLSiwc_OQo^uksfFDtyvDjUEgd^\\TAeYYGB[XqMwGWbPVahkJ`NZhwtJrNCTECuQKE]drKhNgBphHEjFwmSnmLl\\NrdJotrE\\RFQEDtysAmgHMBn^wXSjH^zTAVzb_ZnJlLqyZBstUvmYEUBqpfr\\`UTnGwDitWUbz^WAKoEu`YUMlaOgUJlsbRdWrDr]xKzyaKZbxAfBaxwHAHBaiXTke\\zhtAIHwcwVYWfaGgiT^kRdV]WkBRo`qPTELmixr^EyAbjd\\\\ZBjAMuKVRXeYGfoW_IDaVUyk\\zgSdonmOasnqqCZup[QTZXZKeCaauFECz_MOrm^erJ`mBaiGdg`uhWCcNIzlMLT[nkqRpKCDwg]PsgJDUZwO`KUd]eBinmXgpEzQkWQZd]xBumjazvXnOFvcWNpLJTPKOp[nhsTxJ^eCNSiju[jrVeXkJWt]aFPQNnnESwtGcZdl\\sVD_FQjeXoeYkdQzqWEOTpZ`eXybcPvAgORBqy\\o`gpyIgbScHlC`]HCv_uhSIBIsdl\\SPIsvPihA\\Wypfy[^t[JHOGSEn]XegG`uGATytHQnZC[HwrgKbezIbTDIqoImRDUVrDjee\\dmKWiMgLHvqNCBGWSmwLIFz^\\VhEPsIB`FANyLfq]fgMwEASO\\lwhZT_nhuS_bvPmohxAtYGHGi]ZmbXUVqnGMTGm][RQSRvjW[IXDRVDfobkqFAF]xJlII`[aL_ZHpoonmCSZARD[k\\XmWvXZLoVIJbNuhqsnvwpAnxECig]gFQXhIiKQHAvBZfdLoYlJZQ`ogXyZrUk_RiDtJalzgcgvAnaHTtOQvSNpldBkjkYmPXkkcjBOgl^rddnsqqFxG[dz\\NI``BQvJtgdDq`erzdJpWMHqItsf[gonkOUb\\ie\\bhjwKpAR\\GGqZJFBAjXHYQiNrpSbKCVRziNi]LfStbKUayUbITamR^CRz\\FV^YGYkorkvX_pDEOrFTgt[lZr\\dz\\fwiAFQp\\[mdlGdfloljNPLLgpMulzOwHpVFzj^jmOmWTjvmrFhCkumMZlCLtWD\\Mp]wk_gCRCwy]pswtZCgRLLNCJfNgRpWKQJ^NzBTZfliyoketGS[TXKAePtbsYVzM`nLfUjuXjMfZ^OOZBUazVDnGJtxF[[AQm\\YB_y_WXDdK_aGAfHrDozr]AF]\\lpwPMVhBqNuDqJcSZcbcmxZScx\\mewBZ\\DfbGUyJtEKYNoNeX_CX^tioVegPtuWtM\\bn_AMEeYjinAFojqVGtdwcVqM]ijPziQMlN[GXSynEKzBU_r`D_QAc`yYhojVuJkA]oUbPkynuqrXVprxrKL[XQeMOBYdcdsv[z_aKQPTa^FmhaDrwl_kxQcMKHSNRUKRxwxVRQnausttLr`hyagqEIxJWSWCxCBMSnokdhagyxqFXjBSceOkiTMpznyzukdsqhaXCoERAzsHSsmhQD[SnR^zazlpjblNTxOkIdPnaxki\\F]GAQirQQF`JbrCCPbYOenUdC`hngmpao_\\^eoYtuxDsiaamNlRWS[qRI^xkADe_PzUCV`Y[I`Thk\\u]yvav[ZOUiKUHqisqS`djL^WhSrNmGIahc\\mF^iDqkAULLQd[h^VLrLQ[_tcdL\\Oadg`VvmTd\\nyLJK\\CNnFdnVpXLRaeG[eOmob_kO_uJlkEMERUX`WYWemOrIKeMj^BIjZUdwRzOKZCfkKGzMMaELsHBThcEui[Niw]fwk\\OWKMLkdGxDez]wxwrSSPOivU\\yowoi\\C\\lShBfvRjbfAPjyQlzeSe\\M`\\qkNwhROcb^lePvMWB`gDvEmA^KoEIYA_mLLuiVCPWXhLMg]EYwcv`\\alyMY^^K[J^MrEjRhg^Xg^WbnrijfMpEzRfZw]x`mMw_hzoYUGOwYIoCUWYapo_OTYNaZQVLjxf[asunDQU`xtgq]cEaDWkyhiKOmNyElC&quot;,158)" fullname="Open_Lab_03._10.Tests.GetNumberOfCharsInStringTestRandom('N',&quot;FARKyCYMofjD^G\\daRlsTdvNKuHGaJzObFMGa[^[GBF^HkCxgRUzG_c]EEAEuRgeg[]YtUCGoRmS^YFZsK[OpzID]kB][Y`oV\\qhOdDROOLolQyfybMkrXohRZvISafVlxwCbYKOGIAanTRMmV^tMpwygJVphvzhcpDoTvEaWxejXOtxIjWwDmJvByVYCVaLJSxxQ^trRw]OLNaYQYhy_CeqgHmV`f_BWYaFQvhfq_eGPukoXxHehcgGhHRJk_RfY\\smg\\HVlCIAX_amWyxb_uTomZXIe^uRNyhoByHvqmtf[giIb_mlajH_HDzNDylNHqmYqlkYrBlmAiUGkPbFlJl^rJgxyurrAf^dtPSpnTu`yV^Zjt]oXf\\yFObhEm[xJtlUKkM\\xlSXOL`]gNOEXD[VK__fielAtxVEdIOzhBrfTEktiFBr_V`GYWKgLbmSAR^Rq\\s^yOXWLpBGofwddt\\_XPgNycnGO`eBaYDNM^sPxJudUEraeJiHpytaof`W\\RHfKz`VcjXGALbOUDstkM\\Fr^Mb`]Yay]ofBPYU_\\yvmbGdXeMlmffOpCognyqFQqI^XvNFe^VPNaTPXcKuPhnSr`py\\lbafsevZcM\\XHGOQWBPj_PLovqdCqgrGOeswodVvXqoVi^Ia_B[_aPw]VmjCBsdwUVI^OS]mgTRh\\pFYhD^oLT`zhWaCuSu_NrBSUfRM`isMxPAagQUyUolApJprlZsTZnZdnmEClRP^\\TBXVAWdxvJZGA^Kp[\\Fp_nJpWntMSND_N`]IX\\lDPW^eA^mPtMQqKhw`rcyN]WfiFus[ACXyjBaIP`ptAeTFwNUadxQp]_bsko_FeROqoRGIGnPRnFMsD`msaRrDmc]L[iX\\BjPiV]QeGM[phyCXRjoLCf`S[LEMpvhYVoPDq_]aOHmTrCVn`EultMYWJwNJYEpL`CZtiybmMOwvtM\\YpQglBv_JWtutRSIKRaopc]Eb]H_fQ]^x\\pUHXEKd^Q]pEh\\uFldSYfpSMFOtXtstVwY\\yBnNWKSSzO]pge`_tL`pABvSqQMeXdZHPzvEyVvNT]SxcYNmTUAKXd[wG[XGyhvWoUagi\\a^PR\\^ixjXDZQDdPkf`zy^ypPfbwINsaDro]vGHxNIlAC_Xsm`euHj^C`ZCqvmo\\_]WZOGUe_blpmymkOjJddyZTTlx\\ERB\\UP\\aHxdfLAW`yiQbgRbMcLsaCCF^Jt`MaQ[]]McQG^YcbuVf\\WonkpsJXv^FsF]R[JzhNnE[iQFFmPyIh[CnFm]kYRFbj^YABGIXuhXhRTEZjnWHwVXXDiMhhOPvh^lKrFDfHbNzCU\\liCBfuyfUGAwSu[kgY\\zocucejkAVHXVjM\\zeNeBjsXEqIklgqbbbUhIn[WvJyPMifNFY\\GYn[PvLql]yzT_`qoU`TMJqirlcKWKueSLkInGElwxjuwKelhrrtaFOwbFd_TB[acUgIoXChPnWO[wlgGr^_TADNwoai]aYv]IRc_]wPoKenjA]eTxX\\_wNbQYLAqUKiU[mRfJIeuNjJWQ_wSwU`IxXavkSFQwZZzvZOOKzKonaQMELzuPiuAe`XDLVuqDTynPJ[qPiHwJlVWGUr`SKBO`ZUWBKCoFTlZc^xukIfaayqtJBwr_V^sSjOppEpEfSqqzwndWwoJ`[hbd[MANLPkqsHsOHFgTavOHAuNNT[caUTrCgMVsoqZCGzGpuUPrHpy`Z[d`ynulhJ]`Pqbuko`j\\LBAoYSyKlY_UScMdptAwhVw^b`DmUGTQPDNYcla[vbvlxKxOVRuv`moqE]NtOMpeFNFPVnADT`BGZL`WcpXCLYl]OXUF_gMjlRgkEhtbQrbzlhXtwqQYonYh]dAxZu`gTRVI`pRuwqmUqlkbA[JiVnvysyN\\hvHVSug[SOUG_W]yAEqlsZxylqQ`WWQacpNBiWCvFQOlGCJzRwxnI\\dNxIe\\eGDvyo_iI[PeCugbLMsjhQOZZ]XGMzE`maRyMSmR^[qqgTlOpBCkQunTre]]XX]IWks\\dhVsZbLM[YmFkJRKxTPrmxHcpQuGyh[w\\QeIgKRjjatYrWlNGRLC\\Aif`nCIgFOmyqeZ_I_nCaHMEikZ_gzg]X\\[czcsHICeRG[BlSjxnYAvs]arDdeAFcPaUKr`afft^^uxOihMxCsEXabFYlp__B_jqthb[KXHmGXUcccUvXDDjLJoclGoqHV]zKGUBFmnelSRIM^pI[cGy[zfksyiDcRekuVX\\OTpfQYytsfVNQgV_P__L\\dIHDjCZhaOrGUuGm[hCAlsMc[mvvG\\WqLAeKicaW_MRX_HwmOloq]Kjlv_cwG_aFrAuTPwEsHf\\`apETqJgUgaUAQsOKAdPAfM`_Mc^ShwjqjJLG[PGxrMYRguCWhus^W[uUP`GNgUhkr^RGhIjk^RJZnOsS`GfmDL[OPqquIsR]_i[Icvi_KHzEQ[aBhnh`iugfDDrqRpcfAhuFnjkdXHcwLVxpQpMUKlodBpF`ErMU_UDd`[OxDEHbSkZhFBa]cN[PsREyeK_auNXrSTPpaPQGdMRRVYZDRkmRunlOWQTt`bhEScUlmlvTxUggzncLk\\OJ\\Gw_cBYQvXbB`NymDhQaoYTaHEPdhHIDT^cMfpJlSfY`meGlppICKiVCmWX^lpcnP_iCemHN_`OJAnn]y^oszFseH`ZOYgz]CeQOwEGDiu_f[MCydu`OBkoJfDuFSsosalHW^_auWlJEbNKv^[f_Hl[RpHdsJBkpFgEiFf\\EUerQbkcYszbrMQlpQpaWvhkUATyuI]qrzbJ]tKkF_KAK[sdouPXPFFIhu^PNlhPWIksfHPwGF\\rkh`uIkJAsEamtY]bVu^TrvdCjzxhfTRKdOXzVcH]chXSbxyNehaLbHzpD^KIn\\U_mWIfA]MnnAlK^R[lAkDynGc]OcwrYzjGTs`LpTMH\\nYbVpRlDYHCYWlgngXY`UUnRfqflOwh^v]AiBGYQKozsghwHtXJvnbGYePkygzp]Z_^tkxm`zIVaVvfxu_sqnljTVcDlVZeLy^YHKDWvfdwfMaCjenEHHyjhoK^IuAK`_Jbs^_nqIwLJpEGp`THcU]DAnkSA`NAeZWHDyKMGANzKn`skDidasbLBGbEmLmRvvakYwDrUHBcG^sMOsbwrd[lrLGxWGZuNwDPNp[nAqOZrzE_NUpudq[R\\osMqG[OhHUKZdzZXnvAVAurHbjBQ`QX\\mnYwNxuVzljetEdVW]quZw[tAFOWZyIqxihqa]KqBfVPLNN^GgtC[]CpS_vHi_wAdthKWmouRztoaLinrlPmFFW\\gr^BbCI]iUfRaDGTrzl\\cOOGqIQxPJv^]L_`PmSOrXFM`WNoevvGUvtYcWLZmKN_ZHoU_bEFg]dLICbZu]STOoJbSGwsat]gJanXbsPCqp[sRhPapm_QruQeyMCYfM_mzwBbPJrBMQ]YURQeqWCoVMoPQIZUqrXeRhsUghRgu]DbXrPhwXbOKjWmIlRGj]LUssHgYwxJEVtsINsYtmYYQIZbQFMuWKxYRjj_kcPA[YKoq_eutsNxEmEjY`VSjDmuY\\bZ^TiQ^Yyryflm\\RB^xzU`fAFLMwQWfPVVwLX`Kw[fnMknndqYCPwYGCo^O^DaHbMiPWqQt\\TA`ilYPSXdFrUWTwOuXtRhtt^LzB^Xma_awvtYQVOwFZ[QNqVSHvtAKfHfK`YNoAq`TnZXDqdBfUcZZNyJfKPrh_WQnNNlwAHEcuwZWxORRrUpDiMwbPbelzsoXJdqcsFfN^q_R_mivx`pJaNFAQKgY]TdCHCNTYiZlibarhfC]tjoZCeqw_qShYNkKN]J]`U^OFE[ygOSfHK_n_Jz^LRpcWmS\\qVdL]ax`L`TyKsPQ^g`OixfE]gQN_vsTlzHReHIbMzbzpBTTC`EjMEntk`jqQkAQhzMKkxfW^yBjVfO[TxKzqIHhLObEXSQ]yRSppIcEtiMNCD_ERO^S`B[_s`y]WbyLh`lDTZfKUGFHvueIj]nIpyxwrnxPJGiSjB`^S[lsdSyZvScyvqmtopVjboM`\\VBOYnYuUGqPlv`^A_B`KzUSTo_ufqw_NMWOQjBHuidoA^IsQsjDmhU]AivdP_P_KRB`_QMQ^tf]VaSpffdmGslartOcoXrVYFdi]dTzgY`sCrHZWFyeu]XRa\\hfCe]GCPDQwdTCRdGiTs^zmoLjZN\\whSIBvixCwZqnnq^mlvTRVjyhxhsOYmhpoHcd\\SHcgEltBkMvQYx^tJayU[DNpidJmBzgOtRZokeRxFgN\\xyzpJvebePBOtny[bGAl`hWH^jJ`OAOnqlskdUdGVFedPLuxgqWyg]wPbsS[lFSeBNXHuNrN^tW[DnrSoMsYePHUpcJlCJVPnAcCnnDZzI\\mF\\MnAAf`MuzlFDRREFLU_GhDKp_BJZY\\oUOUWVkB^pCtArwk\\lUtwHOzoJdK\\eVn\\_wloxujVJqiDoDTtn`XE__gGO`Nl`as[PX\\uLw_qe_nQawAGPRiFyiwzQe`XhxpdyOnWbYirBa[AlVaS`H]Orn\\a[]eaWGJhjJSSId_rdrEXOwOuENra\\alLmNvFoH[uXnQbDOJwcffAiDS_Nk\\JPcLIXH`vhZC\\XJA\\ggqqDvyqvl]jvXrDgQfobHJwiOOIcKd_DqrbteGTdVNgfqAPcyoG_Lu_]uIpgqOlIxfE`QKBJRKMt^QsOyadV]ArwTEy]RgnH]_hKvjSomwNAiezdPbiPeVfxoIMLL`sfXEXydhSONoc`mqOiEUMky^]GskVn^GcNEcddNAAbOZBpnGKxu^HqSIgtcQFtS`lHMU\\KNf\\DUf\\`\\gTm`YszzmvvvkAwvHPiiudYezkOCD]hhHXwwTTtglI[ZaP]e_INVmqbCvHahdwvPOOoTEAcnVBwlJzEkOe_uPRuQptBLnMCoMKKR\\Ja_aZzlupsvCpZzYAAwT^^KyWAJyH_zomPEDAUpSJWzAFIxnDWMJNyxgV`JYqmnRtGPaUvYgLeKH^JsODVvkSpboRXh[KX\\WdiHysXYHy`ycnqILgvV[qCyD`[PwNx]nIo_oCuVgxnmnryB[P\\oOBB`ajDZXI\\tACKZzSUJmaj^DPLMaZohlJOlHOxEz[x^\\tlkg_CHvSBiS_]Q_rsyTnIroYSkVPJRcLBJ_\\`CWgmYHaZdlgaIczKhltvOMSmfJkFH]TmDRqcgAjjOzjyjiBjdBUXe`RqEuGPX[SHYu]qmW^gCKgO]TDxIA\\GIwH^Az^muZRohcaoLKwM^hU[tCTlqJHXyMy\\mzpmtkmdssbumOlxDPc\\chexgmvkSup\\dFCMUKTmulbA\\YycYJTjd^tEUrFGoCQxDGRhM`ctvparFd]OoTSIbFrFLxr]ENxs[exVHRWsaZnnxCzlVrS\\jIVxOL\\OhFoiriW\\fGH]xZbIRDIIxGHNu]ISOAGvpHL\\fFwOf_FOkp_QaNfLCTQbybnV`EMfALhpOG]MHt^ZAs]FyslAUvs]rd]DRajaRZO_IiCZkYEIqqaFEiWhSLQFSLyedZvaKwIaexxPpSPwrjgADXzdJBNFJJLxkYpR^^ytiz\\GlHrAvUNc_yaM[SWIiCX\\mz`X]yYTlmRDwsrCKNKovcYmrdrLHpLgczUlb[^xwurmg^Qb[Ty\\rc`Jbn`tGMMvae\\w^G[jjMsAlfFUSQknrkozZLJoudqjiwLCBUDUtOlfj`XwiKaq\\YDqp\\]SwfpFVJSpZCTyMWudyJPunNGjDANPsVNarlXNZfPaMc]frbeF_[rfLb_j`FCVwCwEpmH\\zhKSujhLk\\s\\VHlY^bUQMihTdtdKfXqE[JFqP_l]tTyENbAoQ_bOYqORzqjBF^`TenAMCvJyqsWtjdGBtptHqbgeuorYpjWVnfZZbnmVVdXa[VbVjhIQeY]DHWSNDkJG\\AFEKh[FC^lMJFJ_N\\iHbFlVIWSK[`Re[REZQ^LCNCOGgPtBMozcBB_WOkvoUPf^MHmsAkOkPfu`rfis^Ryg`idYniKabXixWku`^AA]`PTVHy_dBDQDRyx^^UES`hIrxxJGkJV]Q]GQVNRoJb__GefYnXBIwhxrH\\XKpYtrhompshHPDPIyJelSRlTTHMac_OJupGzlhgqRrq`FPmFg`yi]jFtEF`k\\OKQd_MZwQXQ]nZ[[LNDVGtD``gKkNvgIwUDhawbDSJVHiMjQeYtr]VVUGkDsCiiVlIaYVntOfACw_wrTwtGoBofbziapsjAd[AVagQuq_eM]SYqKtkvIctTx]zYhMDWvzY]^aQhgzPPXbJObrWwIosBbhYDhsNe[NQ]twTecDPJSdvVTkrpqHOHHXvqHMAolfoJRgUf_lTF`jixlDkwAYnTzJV]B]^VC\\XhplDgVLQEnIcXixED]DnTr\\KIRseCOyCERBHzAEapHjaqaxnDXZtzhDpTbvV^bOppG^GgqEDX]yMIvTbTEbepECWOMoYFjDNstkkDrHNSW]]jrhYOTBYAeAkEHr[BgyiZkTPKd_\\xURZc`gX`VKlheNOsAgvzhLgXnDz^YOepa\\gTbI_[[vg]MBo]EWKxc\\PIfBo\\htGG`wGIbvQrH[`l_JLlP]YBEhMEL^iaTCnao`wQufvJFSpIw^e\\qCMK\\FCskCxDNk^FhyxyMurdaPvlsDIhsMkRpcFi^EarirwVpk[xafOvLcdLJQAguPKAAMPEsO\\IUzvjSawHcKHNyoFMyt`MEuxZgvUd[WERJGbMhuscUsDjHxBLGCFzjPD[B\\CXLThMGpDsNt_DAwrMqNRjtJ]XQFcuCHKMs\\WBKqdRtJyN^BymXqdoJS^CqPvANIpFiSL`apBzdzpkKOuPHq^M^WCayTKvvdElTs`LqYLbodKK]nscVgtWfdbSQebMfGEAvEWRjiYievXuLsDL\\caPjhFjQMvLrzwi`KOYWasgNLmjMhHXbWkC`pQNygA^nNqeziUAdeovjuB_vW^dF^d\\PtJkuB[j`VsAUHk_TGoxboTenlScJXXQdVVF_eGcKFWTCBJnfzPyigu[a_wIis`HybWzmfzjzMn\\Yzcmb`wKHZcw[u_AhytRaOV\\eKBAAay]tYCawKaJvVz`z[_rGzCBS\\vJeHIX^wJb[FDCsyD]XkWKPq]KfKtB_xKY^swpCIfzLYEtW]yIv`dbEkuofymTCID]ve_zBO[PFWyrlcnILlFzTcTmyIKEWSxCVcxmxyGhEU]hlDCCKdHRDDJSQmBtDWsnZw]JeAKNeYuyGgAvFHtmKfzRYf\\LxNdi]jNpbtXKYugeJKMemGnw^GcowKkz`zPXoL]XYKTMjjTQzUHNZqZrZhLVGZtWIYfZePqxioMbmbMomRocD^aiaYxHAGQyRxDRDugj_J`eerEs\\XdofRSfswsLSiwc_OQo^uksfFDtyvDjUEgd^\\TAeYYGB[XqMwGWbPVahkJ`NZhwtJrNCTECuQKE]drKhNgBphHEjFwmSnmLl\\NrdJotrE\\RFQEDtysAmgHMBn^wXSjH^zTAVzb_ZnJlLqyZBstUvmYEUBqpfr\\`UTnGwDitWUbz^WAKoEu`YUMlaOgUJlsbRdWrDr]xKzyaKZbxAfBaxwHAHBaiXTke\\zhtAIHwcwVYWfaGgiT^kRdV]WkBRo`qPTELmixr^EyAbjd\\\\ZBjAMuKVRXeYGfoW_IDaVUyk\\zgSdonmOasnqqCZup[QTZXZKeCaauFECz_MOrm^erJ`mBaiGdg`uhWCcNIzlMLT[nkqRpKCDwg]PsgJDUZwO`KUd]eBinmXgpEzQkWQZd]xBumjazvXnOFvcWNpLJTPKOp[nhsTxJ^eCNSiju[jrVeXkJWt]aFPQNnnESwtGcZdl\\sVD_FQjeXoeYkdQzqWEOTpZ`eXybcPvAgORBqy\\o`gpyIgbScHlC`]HCv_uhSIBIsdl\\SPIsvPihA\\Wypfy[^t[JHOGSEn]XegG`uGATytHQnZC[HwrgKbezIbTDIqoImRDUVrDjee\\dmKWiMgLHvqNCBGWSmwLIFz^\\VhEPsIB`FANyLfq]fgMwEASO\\lwhZT_nhuS_bvPmohxAtYGHGi]ZmbXUVqnGMTGm][RQSRvjW[IXDRVDfobkqFAF]xJlII`[aL_ZHpoonmCSZARD[k\\XmWvXZLoVIJbNuhqsnvwpAnxECig]gFQXhIiKQHAvBZfdLoYlJZQ`ogXyZrUk_RiDtJalzgcgvAnaHTtOQvSNpldBkjkYmPXkkcjBOgl^rddnsqqFxG[dz\\NI``BQvJtgdDq`erzdJpWMHqItsf[gonkOUb\\ie\\bhjwKpAR\\GGqZJFBAjXHYQiNrpSbKCVRziNi]LfStbKUayUbITamR^CRz\\FV^YGYkorkvX_pDEOrFTgt[lZr\\dz\\fwiAFQp\\[mdlGdfloljNPLLgpMulzOwHpVFzj^jmOmWTjvmrFhCkumMZlCLtWD\\Mp]wk_gCRCwy]pswtZCgRLLNCJfNgRpWKQJ^NzBTZfliyoketGS[TXKAePtbsYVzM`nLfUjuXjMfZ^OOZBUazVDnGJtxF[[AQm\\YB_y_WXDdK_aGAfHrDozr]AF]\\lpwPMVhBqNuDqJcSZcbcmxZScx\\mewBZ\\DfbGUyJtEKYNoNeX_CX^tioVegPtuWtM\\bn_AMEeYjinAFojqVGtdwcVqM]ijPziQMlN[GXSynEKzBU_r`D_QAc`yYhojVuJkA]oUbPkynuqrXVprxrKL[XQeMOBYdcdsv[z_aKQPTa^FmhaDrwl_kxQcMKHSNRUKRxwxVRQnausttLr`hyagqEIxJWSWCxCBMSnokdhagyxqFXjBSceOkiTMpznyzukdsqhaXCoERAzsHSsmhQD[SnR^zazlpjblNTxOkIdPnaxki\\F]GAQirQQF`JbrCCPbYOenUdC`hngmpao_\\^eoYtuxDsiaamNlRWS[qRI^xkADe_PzUCV`Y[I`Thk\\u]yvav[ZOUiKUHqisqS`djL^WhSrNmGIahc\\mF^iDqkAULLQd[h^VLrLQ[_tcdL\\Oadg`VvmTd\\nyLJK\\CNnFdnVpXLRaeG[eOmob_kO_uJlkEMERUX`WYWemOrIKeMj^BIjZUdwRzOKZCfkKGzMMaELsHBThcEui[Niw]fwk\\OWKMLkdGxDez]wxwrSSPOivU\\yowoi\\C\\lShBfvRjbfAPjyQlzeSe\\M`\\qkNwhROcb^lePvMWB`gDvEmA^KoEIYA_mLLuiVCPWXhLMg]EYwcv`\\alyMY^^K[J^MrEjRhg^Xg^WbnrijfMpEzRfZw]x`mMw_hzoYUGOwYIoCUWYapo_OTYNaZQVLjxf[asunDQU`xtgq]cEaDWkyhiKOmNyElC&quot;,158)" methodname="GetNumberOfCharsInStringTestRandom" classname="Open_Lab_03._10.Tests" runstate="Runnable" seed="776629032" result="Passed" start-time="2021-10-19 19:34:08Z" end-time="2021-10-19 19:34:08Z" duration="0.000133" asserts="1" />
            <test-case id="1089" name="GetNumberOfCharsInStringTestRandom('T',&quot;^U]]]e]`ZzQ[mWEqLpISNhnrhfBpRPovfLTHGcDYtL_iYk\\WJItvuuMqaeoqdhNJKVoaCwkcljYCIFZxKfgIWsAkz^b]oNoMxV^DvuTMXQKK]Kh\\KqgyAEmSUDb`VOo^vMFnbVBPRZlGhqOopFRxaqLscLjsTorI\\gPPEuuppXhbTge_pmjPxrwEANLWgJw]ccfAaykvL\\IJJe_waLCaFbLejKOrj^If\\KykBdxqCnE\\invWiOp\\GVXAXARWjsMhS]iyfovxNM^R^jvwOsJ[ih_FmyTASbGKbWILEwltTrNusF^hFUHrilzfycMh[ufgFTkGbjrSGPGq[dNh[guxZP\\pX^N]kEZYMap_VXFV]okZfIKUV_MozhMpsuiD\\VbCqhduoiSDa`\\f_BKPTtGLreY`Tzg[iBtGNicx_P`gMJO[LbRqkZkcOVKMOEapCsV_fUXqZMlDT[ziVyTliqjORRsr^Wi[ikeUnjorK[W^ihOoW]qQkpGMIGNU]aTC^QUdqfugJ]bNZLaeCD\\AaYjtdYLh][UdGUAXSeylbKHNNtmx`cRYFS]Fb\\AYZNJiHxGFLJRYFjZVQ]fkfOHtJw_oruqreaRUBYFPmhlWRtTVtGoEpPmLFP`LZSNRT[n`XEUsWVyx]lcPdJukFlCUnGOlsuqZZ[DqFnxomwiZRpiUgPcPY^LbYYlRqdz]__^ChmJpLFyIDcDyYtFdRbAwO\\YhCgyJxLumRgguGnET`C_pVnsx^WKx_anMT]m_HpLriQglMK]_]hXLxcSOnBfaBwOls[adA`MkqgHEHHkTtf\\qJbOlK_lGKfqlBvslds_x\\hUR[NHgQRhV\\YbRLpZ\\oGaLpWCMOyjAG^V]MxQwXEpsy[QdTb`oZDIVHJ\\EKuYRbgOxCFEO_]EjQhNUFZtgYvbDVAUD]Lm]f_QRLSbN^RPwyZEZvGylBmsgELcCkAlSkbDmXvInrfJHgfFvvvIWNA\\tgeMAk_]]awLXVSCzxLtVclAZGgGpsVFjFJGmiICTIgajZhadsIYBHFQuenuDXhdLr]RLMQQpJaNwKQzYF^xkwEczsLIvNyv\\CVsxWUWcrdrbsUjTo\\xtjtPmuRSBHVbKeltpYBBkHVsSMAH_\\oHlACmJFFDFCV[]ChwG\\uvm[MmUBw`tKo`TOpKczkjSywimuWP`DACbtVRnPXHIaKvNpHNN]UHkKcn^_AZehzpJlyZt^WSbcamoB[wnICCjtSWRboPPy^\\aUl]rhUjGC`Idpz\\DDf]exGQZbIRjHDdFFMZQyFGnSwhTJn\\bSLLSArcO\\DP`CAzzvC_c`LFy`iSBZwPngkWvrQEOdLoupblRwhYHPtBGGNnS_bo_o\\sSeEHfyQyUWKIyxAEl_I_niQpe^mjBWQGUiYhsanIzuhjvEpU^^DAfxFeUO^HLaxxGDoP`TLLlz`tAau`iYL_TQ\\XdoSdDfxYxkcrP`pJRsOgYMdnUxZnUYdqcXgkAcHFBGwQxCPIdCM\\BozXK`PFLKE_GmOssEIjkIeRQTpShQJSMHooYPa\\SBurBYJLnXP_t^lsJhHrkxYvAlRyy[[d^hWiOnQsJe_QAfZjWvekIjlVdyqQGLNTwgALGDeWXOiFYIuVSccCqj\\owAFQwzlyXKTUeNcSRNTtBfw[D\\x^cK^MKLPGyT[X^jiOpakFAPkcWcnQDeM[BOVMhGJYx]UxnwWRwif^ks^S[uqcYzCTHzVOT]aiXSH^ump[M]TUzjkJlDlmQaAy[BqoaHx[IxFYlzXiFVWvfhUYOM^QknXqSIDtvAtE`tMCdSXmfDhuKETmhY`TdhjU`PFcv^mE\\RWm[SowplehG]gNpRM^\\a\\sJr]UMoqHQcZsibRVdc_sCBODcsndROdvq_ccpZkAu^W^Do_NzrttBcpHdYlTBMqBz^BJyi`Jr_x_ekAoU`eZVjuOi[zXiXzhhV^`mUOQSjB^fR]sYxz\\cWgPdn\\_jH\\[`PrPN[CzQTHfiWcXyHzlX^FQiOwztkbKNbxVZMfxvALPPAbMKEacIkCBKbbz_CG`lwXHYMxl\\BqXSqBhgjooKzC^_wLsfgYsuf^Tc[nxHoGGuejU`tSoORUmtuc]BEFpdy^gTiFLwqhWtwdtMrSmTddcQkZirQwCiQ^wHCAroGsYdysxRiQJlT]zUuWcOWTfufhcYhmKq\\yMlLzRr\\XIAmQVo_bMfYdXnN_xRP`dwGTQVPNJvEknzKfHUSouGa_XrbZ_hBAbwnMuYAz_QXRaiqXccWdz\\e^VcvYoqj]tEIqMykiUSPdiPxjBJrvQYAGRPqR^bLiavX]`zLdrhOgMBpGfLXeynL\\DB`wHZLnHaCnr[JCyNEdJUuQ[kgRJaknjwY_[O]Y]\\`fyCOKCVgljcRjHO]XmtdbqPDvCfbklgHhpOSY\\]PotzDHeiWLlEfcsxpiyTHWnvzC\\duswEwQdohrMwQUOVygA_prZd[HUtBxzBfBn_PhIVyDQy]BDnHXxSCxnDYSeovknjrKQPakFR_f`mb\\HYEbldAgziNkFxCTZOPaGRkoMWSfoWXB]xKLkUzKiLLcCqfIPKLR]AVqiQUURVscRLOHmqdFPFsvFIlWkJVdLG`\\cU^ZzesSSdQqb^VYaFBWIZk`_ydHzOXKgm`XSKGfM`c]rvoNnxDFEITIeyvAAlSEMGJpyyFWzWJcrOhcJWUCLSF_YXnUOFe\\M_PklzOprgFiykQVQSqdWQsuBfXaKlHtliWSyxqKI_K_MX`hGYEwOBFvfVjGcifG_LwQUxWT\\f\\rFTheFjZlgLfkd[hdNkc[tEzA[PTIBk[caNqRiFAsOtZTaMhtQnFkDBxBUgJqWQkvkCJVeVuHkkLAeg[ObZsOfj``PoxBwJ\\xJ_c_CRPvsyASpxXiMuOxY\\QA]eGpXtLaOOqGDvMQKwVgjNkRXPpCv__hNcCXLZ_zm[EaGReQhyn]GdROuoYHEJejkJs\\toFkYWuOIJKFe_UwlCbdQn^WAWvdpUqxYJWttCDkjCGkeS]`piyicPKGQikC\\QZoTNh\\I[DjyqtNhmmhtVoHWHUIyQcKSBPZdRXWfBWUfPklVxZ_wCIF\\RYLs_]sssWwbZdVVVCsy[]HXdmBqENPtKyStM^G__]msnJwTDIbAQGBpQnPl\\BnfHCX\\R\\IrvT[xkOeZqimvgOdDw]cYOUD]iHkkm[CbAjFwfDFBJpvmOsysZT`otkcaPxPc^thWgKvwJgXtXaPZZQNqIsRYuNiPG_gio]^QI_GEwCinwfXS\\JHzjY[fcO\\Y]fpfzjFuDyQvJJtGJ_]PqWowXhzVCsiuCibRMCnMa]P]tLp`_T\\ElMcFrtOSkjsKQWs\\bcuGkPiTHRDLsZqiWeIpF]ZTo[]rdEM]STxwZUT]_Oy`pD[QsJngODWFIbSQnrkCFas_\\uPBQfQq_u^kAMyZQ`OPxrnrCCjh_vZOKvoyulVcm`bODbPasQm`SdadGXzOwdRd[PaEXz`_Kg]XQ`o[nIoOJtwbUKr]mHfJOxnoBKJslNVgGJTbd_[ooD[aSykMICmDATJSlzZcyw^v_Q\\LrQtNgrUL^N\\C[wkj[SgnzApdFrpsa_CC^_VrI`WIyyp_^WIBLn\\MehMr\\PHoC]fzKZ`wbtavv^oBLQGjjngmDqYpS_VtXbG]TpTErL[SN`QGtKgLJYFOqswUBjeD_g_UXShVwCr_SU_^`RvHrKky]rf[tzDHbWobBwib^QOHaav]UYpjn]LTw`ragN\\xzkww`x\\ddUebvdXvvJF[KTTEL[f\\EIuPoRHqezwXwLGZseYSIwf]HBnfXrkFSA`[ZUmd\\bQvNi^yNuMbBSTI]XIn_]YnPqFwgfz_rorbfjPZ^oX^fJEzhXxBLzFyI^gXcbScuhjM[m]nIjPjEvHFmFPOhxSrisYHDsqw\\pcxZr_vuKt]jVuMWae]RDvxUs^cTVjQsTOPTJgvbUU]EqITyMl]NUeXuedbTwb_[ceVHesMujvxjYt_jKeGeNC^jqVjaFbempB\\LmLTT`c_Ygi\\kErIR[uNaGgRPJfpHQKuXYTxzRnEe_FDIty]NZSRunuEGtDJunWH\\oESluIAhpdBBcJVLIbhxtzd^OqFNdKqIxbTpflTQSeFKtD^khylLiJco\\p]DDnEemtDBpa`XOXfOuYeKTV`fZfZoz`UqOPN`a[YzA]uHYUxR^TuCKSkiNZLH[PCQLjIyKGi[zeKr[XMFhHQfeSfv`_RHOR`l[ewjLyHXe[CaIsOqMGZSyWftDMZfpbLiEYXp\\^tjAtBKPEngQ\\uHsNmDyDfy`\\bCOU]j\\YViMjRFU\\dyZmUUgDqqfTqXrvK_RyvvcDKrGLvIwhj]Zg`mHNWK_fDIbxrR`moWaiWVb^O\\IhuyeUyKWXXDckWxzCPIUddJsSwkQJKdzuCqkF_NygvHVkopSYV`NFG`DlFRXOtMNnDhiaMu^BJii]oI_GYsnfWuo^myzNqkmiubgHHmM\\BLvYqbxxnQpBYbXJsLnNvQLZwzbM\\WzggSeKzWgLBBZ`vkPSK^Ovyy`kA]\\rzl]WRJVGxMK]`cMurf_LjPCxIDhhmtK^uoLQ_DOlUJVyTmWWlftUyQHkj_NN\\i&quot;,80)" fullname="Open_Lab_03._10.Tests.GetNumberOfCharsInStringTestRandom('T',&quot;^U]]]e]`ZzQ[mWEqLpISNhnrhfBpRPovfLTHGcDYtL_iYk\\WJItvuuMqaeoqdhNJKVoaCwkcljYCIFZxKfgIWsAkz^b]oNoMxV^DvuTMXQKK]Kh\\KqgyAEmSUDb`VOo^vMFnbVBPRZlGhqOopFRxaqLscLjsTorI\\gPPEuuppXhbTge_pmjPxrwEANLWgJw]ccfAaykvL\\IJJe_waLCaFbLejKOrj^If\\KykBdxqCnE\\invWiOp\\GVXAXARWjsMhS]iyfovxNM^R^jvwOsJ[ih_FmyTASbGKbWILEwltTrNusF^hFUHrilzfycMh[ufgFTkGbjrSGPGq[dNh[guxZP\\pX^N]kEZYMap_VXFV]okZfIKUV_MozhMpsuiD\\VbCqhduoiSDa`\\f_BKPTtGLreY`Tzg[iBtGNicx_P`gMJO[LbRqkZkcOVKMOEapCsV_fUXqZMlDT[ziVyTliqjORRsr^Wi[ikeUnjorK[W^ihOoW]qQkpGMIGNU]aTC^QUdqfugJ]bNZLaeCD\\AaYjtdYLh][UdGUAXSeylbKHNNtmx`cRYFS]Fb\\AYZNJiHxGFLJRYFjZVQ]fkfOHtJw_oruqreaRUBYFPmhlWRtTVtGoEpPmLFP`LZSNRT[n`XEUsWVyx]lcPdJukFlCUnGOlsuqZZ[DqFnxomwiZRpiUgPcPY^LbYYlRqdz]__^ChmJpLFyIDcDyYtFdRbAwO\\YhCgyJxLumRgguGnET`C_pVnsx^WKx_anMT]m_HpLriQglMK]_]hXLxcSOnBfaBwOls[adA`MkqgHEHHkTtf\\qJbOlK_lGKfqlBvslds_x\\hUR[NHgQRhV\\YbRLpZ\\oGaLpWCMOyjAG^V]MxQwXEpsy[QdTb`oZDIVHJ\\EKuYRbgOxCFEO_]EjQhNUFZtgYvbDVAUD]Lm]f_QRLSbN^RPwyZEZvGylBmsgELcCkAlSkbDmXvInrfJHgfFvvvIWNA\\tgeMAk_]]awLXVSCzxLtVclAZGgGpsVFjFJGmiICTIgajZhadsIYBHFQuenuDXhdLr]RLMQQpJaNwKQzYF^xkwEczsLIvNyv\\CVsxWUWcrdrbsUjTo\\xtjtPmuRSBHVbKeltpYBBkHVsSMAH_\\oHlACmJFFDFCV[]ChwG\\uvm[MmUBw`tKo`TOpKczkjSywimuWP`DACbtVRnPXHIaKvNpHNN]UHkKcn^_AZehzpJlyZt^WSbcamoB[wnICCjtSWRboPPy^\\aUl]rhUjGC`Idpz\\DDf]exGQZbIRjHDdFFMZQyFGnSwhTJn\\bSLLSArcO\\DP`CAzzvC_c`LFy`iSBZwPngkWvrQEOdLoupblRwhYHPtBGGNnS_bo_o\\sSeEHfyQyUWKIyxAEl_I_niQpe^mjBWQGUiYhsanIzuhjvEpU^^DAfxFeUO^HLaxxGDoP`TLLlz`tAau`iYL_TQ\\XdoSdDfxYxkcrP`pJRsOgYMdnUxZnUYdqcXgkAcHFBGwQxCPIdCM\\BozXK`PFLKE_GmOssEIjkIeRQTpShQJSMHooYPa\\SBurBYJLnXP_t^lsJhHrkxYvAlRyy[[d^hWiOnQsJe_QAfZjWvekIjlVdyqQGLNTwgALGDeWXOiFYIuVSccCqj\\owAFQwzlyXKTUeNcSRNTtBfw[D\\x^cK^MKLPGyT[X^jiOpakFAPkcWcnQDeM[BOVMhGJYx]UxnwWRwif^ks^S[uqcYzCTHzVOT]aiXSH^ump[M]TUzjkJlDlmQaAy[BqoaHx[IxFYlzXiFVWvfhUYOM^QknXqSIDtvAtE`tMCdSXmfDhuKETmhY`TdhjU`PFcv^mE\\RWm[SowplehG]gNpRM^\\a\\sJr]UMoqHQcZsibRVdc_sCBODcsndROdvq_ccpZkAu^W^Do_NzrttBcpHdYlTBMqBz^BJyi`Jr_x_ekAoU`eZVjuOi[zXiXzhhV^`mUOQSjB^fR]sYxz\\cWgPdn\\_jH\\[`PrPN[CzQTHfiWcXyHzlX^FQiOwztkbKNbxVZMfxvALPPAbMKEacIkCBKbbz_CG`lwXHYMxl\\BqXSqBhgjooKzC^_wLsfgYsuf^Tc[nxHoGGuejU`tSoORUmtuc]BEFpdy^gTiFLwqhWtwdtMrSmTddcQkZirQwCiQ^wHCAroGsYdysxRiQJlT]zUuWcOWTfufhcYhmKq\\yMlLzRr\\XIAmQVo_bMfYdXnN_xRP`dwGTQVPNJvEknzKfHUSouGa_XrbZ_hBAbwnMuYAz_QXRaiqXccWdz\\e^VcvYoqj]tEIqMykiUSPdiPxjBJrvQYAGRPqR^bLiavX]`zLdrhOgMBpGfLXeynL\\DB`wHZLnHaCnr[JCyNEdJUuQ[kgRJaknjwY_[O]Y]\\`fyCOKCVgljcRjHO]XmtdbqPDvCfbklgHhpOSY\\]PotzDHeiWLlEfcsxpiyTHWnvzC\\duswEwQdohrMwQUOVygA_prZd[HUtBxzBfBn_PhIVyDQy]BDnHXxSCxnDYSeovknjrKQPakFR_f`mb\\HYEbldAgziNkFxCTZOPaGRkoMWSfoWXB]xKLkUzKiLLcCqfIPKLR]AVqiQUURVscRLOHmqdFPFsvFIlWkJVdLG`\\cU^ZzesSSdQqb^VYaFBWIZk`_ydHzOXKgm`XSKGfM`c]rvoNnxDFEITIeyvAAlSEMGJpyyFWzWJcrOhcJWUCLSF_YXnUOFe\\M_PklzOprgFiykQVQSqdWQsuBfXaKlHtliWSyxqKI_K_MX`hGYEwOBFvfVjGcifG_LwQUxWT\\f\\rFTheFjZlgLfkd[hdNkc[tEzA[PTIBk[caNqRiFAsOtZTaMhtQnFkDBxBUgJqWQkvkCJVeVuHkkLAeg[ObZsOfj``PoxBwJ\\xJ_c_CRPvsyASpxXiMuOxY\\QA]eGpXtLaOOqGDvMQKwVgjNkRXPpCv__hNcCXLZ_zm[EaGReQhyn]GdROuoYHEJejkJs\\toFkYWuOIJKFe_UwlCbdQn^WAWvdpUqxYJWttCDkjCGkeS]`piyicPKGQikC\\QZoTNh\\I[DjyqtNhmmhtVoHWHUIyQcKSBPZdRXWfBWUfPklVxZ_wCIF\\RYLs_]sssWwbZdVVVCsy[]HXdmBqENPtKyStM^G__]msnJwTDIbAQGBpQnPl\\BnfHCX\\R\\IrvT[xkOeZqimvgOdDw]cYOUD]iHkkm[CbAjFwfDFBJpvmOsysZT`otkcaPxPc^thWgKvwJgXtXaPZZQNqIsRYuNiPG_gio]^QI_GEwCinwfXS\\JHzjY[fcO\\Y]fpfzjFuDyQvJJtGJ_]PqWowXhzVCsiuCibRMCnMa]P]tLp`_T\\ElMcFrtOSkjsKQWs\\bcuGkPiTHRDLsZqiWeIpF]ZTo[]rdEM]STxwZUT]_Oy`pD[QsJngODWFIbSQnrkCFas_\\uPBQfQq_u^kAMyZQ`OPxrnrCCjh_vZOKvoyulVcm`bODbPasQm`SdadGXzOwdRd[PaEXz`_Kg]XQ`o[nIoOJtwbUKr]mHfJOxnoBKJslNVgGJTbd_[ooD[aSykMICmDATJSlzZcyw^v_Q\\LrQtNgrUL^N\\C[wkj[SgnzApdFrpsa_CC^_VrI`WIyyp_^WIBLn\\MehMr\\PHoC]fzKZ`wbtavv^oBLQGjjngmDqYpS_VtXbG]TpTErL[SN`QGtKgLJYFOqswUBjeD_g_UXShVwCr_SU_^`RvHrKky]rf[tzDHbWobBwib^QOHaav]UYpjn]LTw`ragN\\xzkww`x\\ddUebvdXvvJF[KTTEL[f\\EIuPoRHqezwXwLGZseYSIwf]HBnfXrkFSA`[ZUmd\\bQvNi^yNuMbBSTI]XIn_]YnPqFwgfz_rorbfjPZ^oX^fJEzhXxBLzFyI^gXcbScuhjM[m]nIjPjEvHFmFPOhxSrisYHDsqw\\pcxZr_vuKt]jVuMWae]RDvxUs^cTVjQsTOPTJgvbUU]EqITyMl]NUeXuedbTwb_[ceVHesMujvxjYt_jKeGeNC^jqVjaFbempB\\LmLTT`c_Ygi\\kErIR[uNaGgRPJfpHQKuXYTxzRnEe_FDIty]NZSRunuEGtDJunWH\\oESluIAhpdBBcJVLIbhxtzd^OqFNdKqIxbTpflTQSeFKtD^khylLiJco\\p]DDnEemtDBpa`XOXfOuYeKTV`fZfZoz`UqOPN`a[YzA]uHYUxR^TuCKSkiNZLH[PCQLjIyKGi[zeKr[XMFhHQfeSfv`_RHOR`l[ewjLyHXe[CaIsOqMGZSyWftDMZfpbLiEYXp\\^tjAtBKPEngQ\\uHsNmDyDfy`\\bCOU]j\\YViMjRFU\\dyZmUUgDqqfTqXrvK_RyvvcDKrGLvIwhj]Zg`mHNWK_fDIbxrR`moWaiWVb^O\\IhuyeUyKWXXDckWxzCPIUddJsSwkQJKdzuCqkF_NygvHVkopSYV`NFG`DlFRXOtMNnDhiaMu^BJii]oI_GYsnfWuo^myzNqkmiubgHHmM\\BLvYqbxxnQpBYbXJsLnNvQLZwzbM\\WzggSeKzWgLBBZ`vkPSK^Ovyy`kA]\\rzl]WRJVGxMK]`cMurf_LjPCxIDhhmtK^uoLQ_DOlUJVyTmWWlftUyQHkj_NN\\i&quot;,80)" methodname="GetNumberOfCharsInStringTestRandom" classname="Open_Lab_03._10.Tests" runstate="Runnable" seed="480010938" result="Passed" start-time="2021-10-19 19:34:08Z" end-time="2021-10-19 19:34:08Z" duration="0.000087" asserts="1" />
            <test-case id="1090" name="GetNumberOfCharsInStringTestRandom('l',&quot;CgbkXwVnWmratEeWhQwHzp`eh[azpBPgpSvgKgzoQFyLZarftraLlMDMHxCwVVyV]KkbIyMBRHqurTLHcvGy\\EudOj_MdCZuHcjOpQ]ve`teVJVomvUZPAuXPHTYZAXOiwmOewRSZKTvLQNEUkZhizfHiRyixE\\eHfvZWGKpeBAEgyMztOEjaj`iQfaSydVUjjo`UohNaeDhya[jFzoizlEXFNIlarrBgfVxKgeFarJwgskkKrNzogVxeWZHfwhimBASL^_YUiIIcIkN^YaiesMzQXSoN^ZdJ[JerX`hSpfF^NU\\fMeNWyEtpBCnKkLqP_yIyFWGttWpNG]DCqIAtMNLVPpqUl]beoqzPM^`q_U]cPgi`zkTcKxCRmmjQ`lHWoLYP]oqTcKVskcGdHRVAJzZroh]ZnPQmMGoENYCKuzzAbKaJgFJOVHNolb\\pSW`StcgeoCViPKGJzZPdHSmiGCXEszSgwNs^ZgGz^vVej[zKBEpRRrhzdrMrLbmpjjlCScjSTQFMxIyfDMDoJAUE`ttc[PowJ`uAixsYU]yBl\\C\\taoy^xfiUg]ZjHsE\\JCXNxxFTf[hCTSEqYiu\\qZMtMfB[ZjNeu`cYeNvdies^ygBTXcQYydfkq^BSveuvMDHnkgLKnQmLaiv`dhDqYofRusbHMdhDkxQv_Od&quot;,8)" fullname="Open_Lab_03._10.Tests.GetNumberOfCharsInStringTestRandom('l',&quot;CgbkXwVnWmratEeWhQwHzp`eh[azpBPgpSvgKgzoQFyLZarftraLlMDMHxCwVVyV]KkbIyMBRHqurTLHcvGy\\EudOj_MdCZuHcjOpQ]ve`teVJVomvUZPAuXPHTYZAXOiwmOewRSZKTvLQNEUkZhizfHiRyixE\\eHfvZWGKpeBAEgyMztOEjaj`iQfaSydVUjjo`UohNaeDhya[jFzoizlEXFNIlarrBgfVxKgeFarJwgskkKrNzogVxeWZHfwhimBASL^_YUiIIcIkN^YaiesMzQXSoN^ZdJ[JerX`hSpfF^NU\\fMeNWyEtpBCnKkLqP_yIyFWGttWpNG]DCqIAtMNLVPpqUl]beoqzPM^`q_U]cPgi`zkTcKxCRmmjQ`lHWoLYP]oqTcKVskcGdHRVAJzZroh]ZnPQmMGoENYCKuzzAbKaJgFJOVHNolb\\pSW`StcgeoCViPKGJzZPdHSmiGCXEszSgwNs^ZgGz^vVej[zKBEpRRrhzdrMrLbmpjjlCScjSTQFMxIyfDMDoJAUE`ttc[PowJ`uAixsYU]yBl\\C\\taoy^xfiUg]ZjHsE\\JCXNxxFTf[hCTSEqYiu\\qZMtMfB[ZjNeu`cYeNvdies^ygBTXcQYydfkq^BSveuvMDHnkgLKnQmLaiv`dhDqYofRusbHMdhDkxQv_Od&quot;,8)" methodname="GetNumberOfCharsInStringTestRandom" classname="Open_Lab_03._10.Tests" runstate="Runnable" seed="1475550782" result="Passed" start-time="2021-10-19 19:34:08Z" end-time="2021-10-19 19:34:08Z" duration="0.000046" asserts="1" />
            <test-case id="1091" name="GetNumberOfCharsInStringTestRandom('x',&quot;Gfhq[JHc\\iNbD]YXqtsEEyJcj\\dYABVERZSJy\\[iZ_ku[\\g[s_iUlhSI\\EHyajb[SIQeKOYVZJe`NPINoJa]SBTdGJhuT\\HkxQbRLCPdFTvbDnvMvtKXJFHRpg^Bb_BxBucwhqCmtwWzFlaTO\\y[RkarIP]_`OBbSx`JLy_FrX^MiHMDFKnGaagRTknYU^NfuphHMXHPwtctMUIBDYZU[vAlRNp[KGkUKsSt[FrhC^JhynFzcmUwDsKyowqybhFqINiTBPbyalSxmTm_IqrXlnQSiTE^OtFVYS_kElxTLWWSaMM\\JSplphEUxWfiKDjhfw`[pBZWt_MVXyl\\HcTwDU`kNJnhGOIHhigdhmgHsZrR[jxyeKbcjmeRXoMfOlQeVEhjSInUwLEe^OQ^MoDwhaXuEVLt`AtGIMvWBOg]WMf_iAoJ_iZZiUxpgnewwupvSx\\QSu\\yIa`[utMEaCVqbZXoOFjOdj`]XjMk_^qdM[RHo^unaaVt_yUs`hBNKNUYBDDLh]`DMldHIPzlKvhCTfyZVTKr]dZzFsGl[jGEAShmUMkPhPCP`SEVFepTRiacSeBPJOR\\pdBAxLEIduJMaK[nolgqtmnSlE[kL\\GZybZwQEXt`hjW_UCIJN\\Xb\\bCpjOskUwInjNzk^^jUmQMCWoXCSayAjr^zWGbp_JLkbcoGCXfjlCpKVzZurqYnyIErkATXwuqdF]\\nzQAuuOOgCSeWhgxikXlZ_wWCDOmqMMEt_gvap_sjtXpXWxkQwHsikCOCuyqg\\XZqNksAkWsM_C`GHyfG_]uETWJ]XsgrhMN\\yzJfEj``PgKh]IvvSjIz^U]rbVdskB_RoDIIoABowUpgM\\zOwk_yEOxd]SDiFgpOIstYznHRhTCJ`pfGVUvz]aN`F`f]xTjQ_b_TbbPJdMQkMoDggwTklqlceUS[HeUUemfxRR`oFmVPP^TR\\zpAzy_hqwjNOoBysvFZIGUVX_fy[\\SHAAzIpUUgNxHVcRaQkWXUYtIVeZc\\SaNUdcMNptJ^aYMLyznFyUNDEyiHsd^VltThknlzFS[rNtnzgxWfg]^ySJPftFVLVomhF`\\LNnAftWqKKj[uNsiPWVUa^GGAxP\\YHGuH]LXs]rEwSE[Je[y^F^RkLuhGhAieuXDEpTYB[qn_QXOYfwV]QyTdpJwb_RL\\J[CuBWURCwDOkmZngO\\keLUwEZPfXr^JeRUpVTXPcE[TuEtCkIuPp[ryGGqbGiuLZudYYdYTrLIalABz`NvOwOTK[WjP]qItKOuA[[dGjaYeSQMFErBtnfOKaZyCuJqBCOV]GA_Fdp`VqisJJeKfoPG_AjZA]bM`kWbDvkzESwQyGsUsbpsPzLMnIr]Wa^cBdzfZGoOZfGTszHYHUbZhiwa_KouENc^oTOVHNvlnaZetrUoAYUCyEvTgYGOStKLDc`_kmRuZqgGOShhqAufsa_jYviiGgZtWObQSpDNH[cIYoEUlZYRz_S^EpFpEcnnXmjAlWUAxg_YxVRdrUxhNHuswDM]kNJ_gplfFDdUEYUSAt`i_\\ykfG`PsqEhKsPj]AlIef_nkccpmbsC_^yOPZs`P\\nOzvJMIfqAIXEsxKzD_j]RyCIhtBZDHLsIsPopYVhHlsuHYFRE[oB`y\\Qxn]SHMmsw_wAhWKeICVaFIBOnjUdSKSJWzqCwDavyAxc]FdiQJs^dvKplN_XrJ`mLndi`IiF][bFKZmiGgSIRpa\\oBQi_JDp[LWj]vII\\nAITEeS\\qRLqW[WMHt^rAbTXmfyCCLK^Kh^oYHkWyMhssyEkz]VCfR\\MhlbZgPYfGhgiwcozIHsnt\\_oaNCaqIstMRGgaQkioClKRVoXhVt^YiTMMmsYMsoypn]f\\HZrWJyqjU]LZfs\\OU[_yu[nYS]vNnU_tIw`vBHOj]]sQhybzTj\\SxhbhgZEhDcwzyRRjS`NNMp\\Xc^kTuvuDtLv\\UsPbCagtasRVhsgn]NFILJEIiknHisFmWpU[PfKfJcrjLVgBPHbfFmPLnGsSn_Lhn_zr_M^qD[zdRVxTDmsbQZhdaIgJmsseXJwhVo]CdlcfnftYJ`OAgdXTrVRV`UDLbVMIYQxOPpx`qBquPNzNdrxnmcpA^H]OhXEYZlztbzlrgr]p`WGRVqbjXZVq[xlISjrZxY\\^OFgdFFGuFz\\HAKtrpVAzVJZdOd_wzDsGucDPJydSS[l[]dHIpAdcY]IFgCU]bKvBHUNXGdhrlihvXyHf]WHz[QiY[ydGdHkI`jTHVkBLTmqjpNhhvjAKCvbqfpwIAaNex_VifzPlVvfi[zdNQvLuG`FdI]]ansKm_LmQrzCwZOpHQsWgLjrFVT^XYlaJ]ix]ksKOMSVRsO[sjyTPFqVEAFXLiUrFZtZlQTWXiIZsTaNGsfi[YQDgTt\\f\\zas\\PsyojbWbwawW]l[rQSCgWhIpnYXrlvjcbXDhORJDRs]jGQrHBnKg^LEckJBRK_qArUoEhndyIzU^LZi]bPqxkCEVS\\xFQssnC\\sm\\mZNKM_^qbWQ[_jvitPoPYmMp_iPHb\\jawBopcm__a_lEgelIxEIMD]CzNYf^OWPFgk_^vGFGkQjtAHJtwGJ]S^^[zpcKHAPJPfYwGONrzC\\nnIyFOlbHNmnJMD^F^vzkA`eVjNnitS^PBjhqq]vVZHw^sOjCkHTEDlmN_dVBysOuO^H^WhPBzeQscG][^lylzZMPxZSMGuWbtCOVHMfDsSEY\\tfXHv^Nu]vpQr`xUCuFNjzasGTRFushUnoDovFLWJgWHZFPghiqXzLluE`AbLHzdN[]C]JZwiiECcYYBDfXMCPUcDJjVFeLBhmtydMK_PtjRGiRgGz^aknbyFtzS[DrE^DVq`[Yr\\txJaD\\UsDPFGeRuLvsjNrELBfoDT\\GgbgEqqXXCXe[Wolxsm\\eebideolHvOYBXwd_Za[Do^qRdWhXPhwRrq]EsD[CEP]nzcDZLN^RRXqHlXANHUrNSGKa[_gWFYz_ACRASNMCKezZzVT[CMujYP\\sY]zgaGLtYSGjFzutIoDiHkaFLMTt^PGkaZcpO`]DYFBhOeUCRBbdMnlhwu\\UmSWIMWIgXEecSzPBitqbrRb\\i]_nhutTEIQFjt[s\\ifNWyQM^jyCDu]\\luZjrVy]KQ_JjJSpYxFIgUEkLRPxwrQJfoUo[lAFjICFZH]UXJeFoUpWqi^`GBaTAU_up_UhxzZ^SzREpvamNKVRzxylN\\zibiEEcb_toxIpuREqXYkL[nGqzNvr`dZ]AkweuM]NWgyQBaWhtHTpkoNnbOFVghTL^gpJV[wLw^popqpZqOyYPelL^ICgHHbiSnmVlMRYKIsNyZykZf_XjvvtudgNXQEpvG\\BE[idx`NGl_MDJRM\\cJzXrs[HaDAuEDRsywgzxv[JhpIWWcEGDcNmHDKLzaDt_TChMUFMeN_gjqjCkDlxzuq]q`lum\\zWraeUm[KC^r\\pEaCRTH\\wpFue]`rhdKZJOHoJLVPQsi[HYBYQ][aezCbmfzrMc]YSXRawltFyrKDGenM\\HbKJepJMaC_L_ChVQIjG[\\_dUcmpy[HrnWEBSPicHUWiUu[p^hq]EFBgCaoBCUOFvgXHxgDA[GyGFqO[IxSQeeniUYyl[ganGQnh]SrqeqCxGuaMRUtECx\\Qtjn`hS`n`LAoCbxqG\\gocpbZrmZFn]kIo^nn`SISQOXvumJkXDxaRhhEHThvsZAD[rA`nKQoTT^TXg`Fdiij_JqHpjfMeMZqOU[DlexMmJNxJUg\\obSJlQ_RAsjD`EJGthFDL\\Tyl]xUwsx\\CJYCuQFxpJCtuthhAHE]PdQSOTYOTJUHuOBVgGLdcHNBZ[EsoPUpo\\MYtFoasqdfouygrRAtv[tHWOsnPaZEo`TZBc\\aSflm_bN`\\XA^O\\tUbFCfNAQSW`qOb_ePp[bPjHcoATSs`wpTfyrwaqTRUZVykyxwnlhotdfZ]NeuiYmZj^ccghizGPvPleDCVVFoPBZCTY[SLYdvgwONVVPFChheiVhsJb`TT&quot;,60)" fullname="Open_Lab_03._10.Tests.GetNumberOfCharsInStringTestRandom('x',&quot;Gfhq[JHc\\iNbD]YXqtsEEyJcj\\dYABVERZSJy\\[iZ_ku[\\g[s_iUlhSI\\EHyajb[SIQeKOYVZJe`NPINoJa]SBTdGJhuT\\HkxQbRLCPdFTvbDnvMvtKXJFHRpg^Bb_BxBucwhqCmtwWzFlaTO\\y[RkarIP]_`OBbSx`JLy_FrX^MiHMDFKnGaagRTknYU^NfuphHMXHPwtctMUIBDYZU[vAlRNp[KGkUKsSt[FrhC^JhynFzcmUwDsKyowqybhFqINiTBPbyalSxmTm_IqrXlnQSiTE^OtFVYS_kElxTLWWSaMM\\JSplphEUxWfiKDjhfw`[pBZWt_MVXyl\\HcTwDU`kNJnhGOIHhigdhmgHsZrR[jxyeKbcjmeRXoMfOlQeVEhjSInUwLEe^OQ^MoDwhaXuEVLt`AtGIMvWBOg]WMf_iAoJ_iZZiUxpgnewwupvSx\\QSu\\yIa`[utMEaCVqbZXoOFjOdj`]XjMk_^qdM[RHo^unaaVt_yUs`hBNKNUYBDDLh]`DMldHIPzlKvhCTfyZVTKr]dZzFsGl[jGEAShmUMkPhPCP`SEVFepTRiacSeBPJOR\\pdBAxLEIduJMaK[nolgqtmnSlE[kL\\GZybZwQEXt`hjW_UCIJN\\Xb\\bCpjOskUwInjNzk^^jUmQMCWoXCSayAjr^zWGbp_JLkbcoGCXfjlCpKVzZurqYnyIErkATXwuqdF]\\nzQAuuOOgCSeWhgxikXlZ_wWCDOmqMMEt_gvap_sjtXpXWxkQwHsikCOCuyqg\\XZqNksAkWsM_C`GHyfG_]uETWJ]XsgrhMN\\yzJfEj``PgKh]IvvSjIz^U]rbVdskB_RoDIIoABowUpgM\\zOwk_yEOxd]SDiFgpOIstYznHRhTCJ`pfGVUvz]aN`F`f]xTjQ_b_TbbPJdMQkMoDggwTklqlceUS[HeUUemfxRR`oFmVPP^TR\\zpAzy_hqwjNOoBysvFZIGUVX_fy[\\SHAAzIpUUgNxHVcRaQkWXUYtIVeZc\\SaNUdcMNptJ^aYMLyznFyUNDEyiHsd^VltThknlzFS[rNtnzgxWfg]^ySJPftFVLVomhF`\\LNnAftWqKKj[uNsiPWVUa^GGAxP\\YHGuH]LXs]rEwSE[Je[y^F^RkLuhGhAieuXDEpTYB[qn_QXOYfwV]QyTdpJwb_RL\\J[CuBWURCwDOkmZngO\\keLUwEZPfXr^JeRUpVTXPcE[TuEtCkIuPp[ryGGqbGiuLZudYYdYTrLIalABz`NvOwOTK[WjP]qItKOuA[[dGjaYeSQMFErBtnfOKaZyCuJqBCOV]GA_Fdp`VqisJJeKfoPG_AjZA]bM`kWbDvkzESwQyGsUsbpsPzLMnIr]Wa^cBdzfZGoOZfGTszHYHUbZhiwa_KouENc^oTOVHNvlnaZetrUoAYUCyEvTgYGOStKLDc`_kmRuZqgGOShhqAufsa_jYviiGgZtWObQSpDNH[cIYoEUlZYRz_S^EpFpEcnnXmjAlWUAxg_YxVRdrUxhNHuswDM]kNJ_gplfFDdUEYUSAt`i_\\ykfG`PsqEhKsPj]AlIef_nkccpmbsC_^yOPZs`P\\nOzvJMIfqAIXEsxKzD_j]RyCIhtBZDHLsIsPopYVhHlsuHYFRE[oB`y\\Qxn]SHMmsw_wAhWKeICVaFIBOnjUdSKSJWzqCwDavyAxc]FdiQJs^dvKplN_XrJ`mLndi`IiF][bFKZmiGgSIRpa\\oBQi_JDp[LWj]vII\\nAITEeS\\qRLqW[WMHt^rAbTXmfyCCLK^Kh^oYHkWyMhssyEkz]VCfR\\MhlbZgPYfGhgiwcozIHsnt\\_oaNCaqIstMRGgaQkioClKRVoXhVt^YiTMMmsYMsoypn]f\\HZrWJyqjU]LZfs\\OU[_yu[nYS]vNnU_tIw`vBHOj]]sQhybzTj\\SxhbhgZEhDcwzyRRjS`NNMp\\Xc^kTuvuDtLv\\UsPbCagtasRVhsgn]NFILJEIiknHisFmWpU[PfKfJcrjLVgBPHbfFmPLnGsSn_Lhn_zr_M^qD[zdRVxTDmsbQZhdaIgJmsseXJwhVo]CdlcfnftYJ`OAgdXTrVRV`UDLbVMIYQxOPpx`qBquPNzNdrxnmcpA^H]OhXEYZlztbzlrgr]p`WGRVqbjXZVq[xlISjrZxY\\^OFgdFFGuFz\\HAKtrpVAzVJZdOd_wzDsGucDPJydSS[l[]dHIpAdcY]IFgCU]bKvBHUNXGdhrlihvXyHf]WHz[QiY[ydGdHkI`jTHVkBLTmqjpNhhvjAKCvbqfpwIAaNex_VifzPlVvfi[zdNQvLuG`FdI]]ansKm_LmQrzCwZOpHQsWgLjrFVT^XYlaJ]ix]ksKOMSVRsO[sjyTPFqVEAFXLiUrFZtZlQTWXiIZsTaNGsfi[YQDgTt\\f\\zas\\PsyojbWbwawW]l[rQSCgWhIpnYXrlvjcbXDhORJDRs]jGQrHBnKg^LEckJBRK_qArUoEhndyIzU^LZi]bPqxkCEVS\\xFQssnC\\sm\\mZNKM_^qbWQ[_jvitPoPYmMp_iPHb\\jawBopcm__a_lEgelIxEIMD]CzNYf^OWPFgk_^vGFGkQjtAHJtwGJ]S^^[zpcKHAPJPfYwGONrzC\\nnIyFOlbHNmnJMD^F^vzkA`eVjNnitS^PBjhqq]vVZHw^sOjCkHTEDlmN_dVBysOuO^H^WhPBzeQscG][^lylzZMPxZSMGuWbtCOVHMfDsSEY\\tfXHv^Nu]vpQr`xUCuFNjzasGTRFushUnoDovFLWJgWHZFPghiqXzLluE`AbLHzdN[]C]JZwiiECcYYBDfXMCPUcDJjVFeLBhmtydMK_PtjRGiRgGz^aknbyFtzS[DrE^DVq`[Yr\\txJaD\\UsDPFGeRuLvsjNrELBfoDT\\GgbgEqqXXCXe[Wolxsm\\eebideolHvOYBXwd_Za[Do^qRdWhXPhwRrq]EsD[CEP]nzcDZLN^RRXqHlXANHUrNSGKa[_gWFYz_ACRASNMCKezZzVT[CMujYP\\sY]zgaGLtYSGjFzutIoDiHkaFLMTt^PGkaZcpO`]DYFBhOeUCRBbdMnlhwu\\UmSWIMWIgXEecSzPBitqbrRb\\i]_nhutTEIQFjt[s\\ifNWyQM^jyCDu]\\luZjrVy]KQ_JjJSpYxFIgUEkLRPxwrQJfoUo[lAFjICFZH]UXJeFoUpWqi^`GBaTAU_up_UhxzZ^SzREpvamNKVRzxylN\\zibiEEcb_toxIpuREqXYkL[nGqzNvr`dZ]AkweuM]NWgyQBaWhtHTpkoNnbOFVghTL^gpJV[wLw^popqpZqOyYPelL^ICgHHbiSnmVlMRYKIsNyZykZf_XjvvtudgNXQEpvG\\BE[idx`NGl_MDJRM\\cJzXrs[HaDAuEDRsywgzxv[JhpIWWcEGDcNmHDKLzaDt_TChMUFMeN_gjqjCkDlxzuq]q`lum\\zWraeUm[KC^r\\pEaCRTH\\wpFue]`rhdKZJOHoJLVPQsi[HYBYQ][aezCbmfzrMc]YSXRawltFyrKDGenM\\HbKJepJMaC_L_ChVQIjG[\\_dUcmpy[HrnWEBSPicHUWiUu[p^hq]EFBgCaoBCUOFvgXHxgDA[GyGFqO[IxSQeeniUYyl[ganGQnh]SrqeqCxGuaMRUtECx\\Qtjn`hS`n`LAoCbxqG\\gocpbZrmZFn]kIo^nn`SISQOXvumJkXDxaRhhEHThvsZAD[rA`nKQoTT^TXg`Fdiij_JqHpjfMeMZqOU[DlexMmJNxJUg\\obSJlQ_RAsjD`EJGthFDL\\Tyl]xUwsx\\CJYCuQFxpJCtuthhAHE]PdQSOTYOTJUHuOBVgGLdcHNBZ[EsoPUpo\\MYtFoasqdfouygrRAtv[tHWOsnPaZEo`TZBc\\aSflm_bN`\\XA^O\\tUbFCfNAQSW`qOb_ePp[bPjHcoATSs`wpTfyrwaqTRUZVykyxwnlhotdfZ]NeuiYmZj^ccghizGPvPleDCVVFoPBZCTY[SLYdvgwONVVPFChheiVhsJb`TT&quot;,60)" methodname="GetNumberOfCharsInStringTestRandom" classname="Open_Lab_03._10.Tests" runstate="Runnable" seed="1745426458" result="Passed" start-time="2021-10-19 19:34:08Z" end-time="2021-10-19 19:34:08Z" duration="0.000080" asserts="1" />
            <test-case id="1092" name="GetNumberOfCharsInStringTestRandom('^',&quot;iDaPONVnhgzdpVqhAFzmbTpTykbIdtPbjmaKoFBrgtzxims^Tu`OTLcUONR^fMJoWYtCoftuDHFhUrfMsEpjUBN_KLvao^M[jLbQspihAfKLFuAWcEfaX[ZUKVscjSFavfyIQUTDVHijrBYQK`yjrfCPlMF^wFxi`dQZwsFNlbKQlk]IwcXKTViQdiWEOpGPJAJOlyUSZlyP[m_BjxbUinUKuzqN\\Byv\\uGkaOWxNEkcWYpqJVUROmbWfyTlIGrXnCo`fn\\\\aeGdCmo\\KADGhggiTkFbufpHNTpTeQLWttkefyUtKrbIClkGVGMvitavozVix[rtohMowCDUWLXDDhE]dix^EPhATppfdfwkziTV_vKTCr`]]^rHvtFO]Tp`zL\\GMXlkOgDVUjxh_e\\MjL_qxikj`iNfsnVS[DGfGoNpZ]nMvXksscpohfJ_hBLaYX]aTeN[^pFvxiW[u^nHxVnQxbfptcyFdgWCANtRKPUC^urzOjeJNDcDeMcmzXbvrASQRU[he]wiAkmDjfaKyor`ETXneGRmhZK^cbhuOw_lGuCtZ`CTrWxDInMywgC^KKAa`P\\IygvBQGYJQ^TFEyvR]HUpVjxcuAawt\\UKDtVL\\vnCUChYSxZMOjEXugnOiTHPa\\QoJJBKcjpaUS[SB_PwbThJXwPXGH]Ho^]tlsPJvOe`t^DcM[MJDKiMnHXNteE\\MhmqqabIPGASjIPuthLfuTEepPFe\\CPRJJSLlMmftEuxJV^er^TMYZbtdIBa[whNqjI`qDIhu`lqYH[[m[myiCskcYcdKLKwWhG[MxonUgRshl[]haozJi_nqYxX\\`]jVpZlAzOogzeClzCryGvdXKmiISdnzXSoKc^sRi\\hSzTKE]CrWGYVesRKCkdiW[oOgqrI]J`PeNQXqbefPmWtzxJRQSqbFmRsLF_NeuVNbJkXbuU[GxYeDvPjgarJSxJrvYLlDWBVXJRqNmjWyW[IUhoPqobECLudzs\\IicWjwDMudZ]tq\\Kw]B^OewuPpxSLOiqURbhVzlMQ[tgXShNbAyGxUM_miHuylBgvcHcPnpxlpNnlP^wIjkKPbtAECvhrqN`YMkpLExoLBVHHZn]LLmPAqWUiH_MsHFuciU_`hlDlwzOLltfPY]gEy_bqWGDalwDv[`YEPx^[j^ErHIxOsxZfYqeJnhJah]AzvSlM[bA\\yMV[ZkiNJphn]X^evPQbnwmM]EvpXlnRxyhM[JjCzvXrpN^_pHQKQYhCZJxVotqYBVq_kQJl`Ocs`vWPbXzP[cB`QemRLUOFFypZWyn_x_fCpp^_mhnWtayZURNF_raKz]maFwtdd[Svxzj[HO__brM_AWFFkiAGy[CTCwYqoJnZOC\\UcnxQSCdIQN`jrnsvZLx]xWYLpijXEmQyuk^xkknwrtCpWjyBRrzCFzXLUm[eSLE^xboGPvLjYAfDTcoFkhGMnNsvSRcxPJdfp_rourlWgQeETUsmxVteFrkjitoxSNZPXzNplzLswka^dobxZqAuPyaxoIFBDnDZqVhUHDBxJBiURMGuRq_]N_zYZQAcuJoIgHgOHNqWpCkNPLfbCLjNPbLSVOvrCYDANaiKarmEzIgKnmINeZaiZatFvUtsSzTWykzj^\\BKYfNHuB_dGhNdrVaghcPLytmAoPMCmZkIXVPoTmKtpQmemk`dKTCuLpL_tNSeo\\qhxEL\\FmTvYVViHHNDkcrZWpxcKluFZ`EUZFgi_D_YzH]pZ&quot;,28)" fullname="Open_Lab_03._10.Tests.GetNumberOfCharsInStringTestRandom('^',&quot;iDaPONVnhgzdpVqhAFzmbTpTykbIdtPbjmaKoFBrgtzxims^Tu`OTLcUONR^fMJoWYtCoftuDHFhUrfMsEpjUBN_KLvao^M[jLbQspihAfKLFuAWcEfaX[ZUKVscjSFavfyIQUTDVHijrBYQK`yjrfCPlMF^wFxi`dQZwsFNlbKQlk]IwcXKTViQdiWEOpGPJAJOlyUSZlyP[m_BjxbUinUKuzqN\\Byv\\uGkaOWxNEkcWYpqJVUROmbWfyTlIGrXnCo`fn\\\\aeGdCmo\\KADGhggiTkFbufpHNTpTeQLWttkefyUtKrbIClkGVGMvitavozVix[rtohMowCDUWLXDDhE]dix^EPhATppfdfwkziTV_vKTCr`]]^rHvtFO]Tp`zL\\GMXlkOgDVUjxh_e\\MjL_qxikj`iNfsnVS[DGfGoNpZ]nMvXksscpohfJ_hBLaYX]aTeN[^pFvxiW[u^nHxVnQxbfptcyFdgWCANtRKPUC^urzOjeJNDcDeMcmzXbvrASQRU[he]wiAkmDjfaKyor`ETXneGRmhZK^cbhuOw_lGuCtZ`CTrWxDInMywgC^KKAa`P\\IygvBQGYJQ^TFEyvR]HUpVjxcuAawt\\UKDtVL\\vnCUChYSxZMOjEXugnOiTHPa\\QoJJBKcjpaUS[SB_PwbThJXwPXGH]Ho^]tlsPJvOe`t^DcM[MJDKiMnHXNteE\\MhmqqabIPGASjIPuthLfuTEepPFe\\CPRJJSLlMmftEuxJV^er^TMYZbtdIBa[whNqjI`qDIhu`lqYH[[m[myiCskcYcdKLKwWhG[MxonUgRshl[]haozJi_nqYxX\\`]jVpZlAzOogzeClzCryGvdXKmiISdnzXSoKc^sRi\\hSzTKE]CrWGYVesRKCkdiW[oOgqrI]J`PeNQXqbefPmWtzxJRQSqbFmRsLF_NeuVNbJkXbuU[GxYeDvPjgarJSxJrvYLlDWBVXJRqNmjWyW[IUhoPqobECLudzs\\IicWjwDMudZ]tq\\Kw]B^OewuPpxSLOiqURbhVzlMQ[tgXShNbAyGxUM_miHuylBgvcHcPnpxlpNnlP^wIjkKPbtAECvhrqN`YMkpLExoLBVHHZn]LLmPAqWUiH_MsHFuciU_`hlDlwzOLltfPY]gEy_bqWGDalwDv[`YEPx^[j^ErHIxOsxZfYqeJnhJah]AzvSlM[bA\\yMV[ZkiNJphn]X^evPQbnwmM]EvpXlnRxyhM[JjCzvXrpN^_pHQKQYhCZJxVotqYBVq_kQJl`Ocs`vWPbXzP[cB`QemRLUOFFypZWyn_x_fCpp^_mhnWtayZURNF_raKz]maFwtdd[Svxzj[HO__brM_AWFFkiAGy[CTCwYqoJnZOC\\UcnxQSCdIQN`jrnsvZLx]xWYLpijXEmQyuk^xkknwrtCpWjyBRrzCFzXLUm[eSLE^xboGPvLjYAfDTcoFkhGMnNsvSRcxPJdfp_rourlWgQeETUsmxVteFrkjitoxSNZPXzNplzLswka^dobxZqAuPyaxoIFBDnDZqVhUHDBxJBiURMGuRq_]N_zYZQAcuJoIgHgOHNqWpCkNPLfbCLjNPbLSVOvrCYDANaiKarmEzIgKnmINeZaiZatFvUtsSzTWykzj^\\BKYfNHuB_dGhNdrVaghcPLytmAoPMCmZkIXVPoTmKtpQmemk`dKTCuLpL_tNSeo\\qhxEL\\FmTvYVViHHNDkcrZWpxcKluFZ`EUZFgi_D_YzH]pZ&quot;,28)" methodname="GetNumberOfCharsInStringTestRandom" classname="Open_Lab_03._10.Tests" runstate="Runnable" seed="2132022143" result="Passed" start-time="2021-10-19 19:34:08Z" end-time="2021-10-19 19:34:08Z" duration="0.000057" asserts="1" />
            <test-case id="1093" name="GetNumberOfCharsInStringTestRandom('w',&quot;lzPuMdXQHGdRTrN\\sQBPB\\`_hEZZPTHIgTIGJfskCp_bvlKamfd_YNWQ[kMHKxBnz\\eAjHRNXRMMwydwtshdkckZxrgZYl`Enkb[GKrfTWHGBJU]GQNRQXDXlLCr\\soglIYLWJpjBCQU\\dXn^JSI^OoWhKjuHzK\\b[VslIFx[_QOHjvHnOUR`gJ^TC_L[vbBromBO`CUDUhzx`OxPbGtfsvvRr`jeu^`wOWSxutOMzNLyK`nnawsoiWztrkWASjJrICjJvAUirgffkwGSlwEyekOrXZFK^OuQDTpIqer`bKwBlTJudEOWeLNYnrm]uKKdmVbWHy]GE_WZnNGDQLaZz^fsGXUyrVfWzTOWmmnecISGonealiMjdldOjiQke^OitzZZykR^YwqrL`ESmoMJJwnNkAgD]DAEtdMoTLbBXiQhulDKexxpQF`xMLjyDNBVvmybSQzbMLl\\fGSzw\\Z_FLnnEPcH\\dyKgvlIm\\sUyWcFUERGskBbn]QkzL^ChrFdNaojUKM\\dFaichYAy\\OlbWWJfBJbypgGRzsnPbli_ayhwcIRm]ELcTBqKeETBe^oZ[WcpfkWkaNBYiNDsrp\\k[^xyBdf^XgtDJO]L`]Hmi\\CGzY\\WB[KpBDzwYenBEtStTxO[lrTViiCy\\rydIP\\w]EBGO`mvjFhpIImBJAfJHoHSAA\\bgJspXWXPwHMLFXgcBNqSEwZIdSphwiGNELP`MsXml^FCo[EjI_RmKI^jkkLFbjSNAyGtIHVJqDaaqWUJOF`YXTDvh`o]gSLCLsBpTKaBJIwHcwsTWCq\\KuqhvLMdSt^^s_VyV_pD_^OPXvTkg\\Fd\\jsQCUuIxxjPfZPDbuysMnxgfbQzs\\wrotBIgEwBdhFaoydxgPJm^MXimLf\\EvP]As\\lXGW]xwP_hWsgxSScSKTb]TW\\Z\\whYd`w^saatgoaxsAVTy^ldhKq_uPDkvD]AbGErvJFmmifVnddSBH\\xLEkZjYcc]pxdSaWlw^XoYzqz_[kQfljob_p]WeH^a]QxlBDNMsW^jg_LOluOhRxkFJCnluVRWuNwjtN]X^EnVMEuzdOfktpO``rbzP]R]EGpZc]U^XrKNJVtFHnHgkb^EyWKCf^HAmQQFO\\XHtHSBfBVJy]s]Ufm]dl[MRRrukJ\\tEnqgWzmcO\\YxBBEJfefG_n\\^BKpbQXR\\a]EKfLFVsKNIS]KQNiPF_UVRRTeLKKSqKxX`wt^Z_QOTaTK_A`UcILxLGntSbuLhrWxVEfTUKqaNGBlyIFLeqjizALYJALreFa\\JVp[ULzXSejFFCvJ\\iaqIiyVtNKTzywI``ccTfrZrRWUQGSHFBWv`jT[X[bGAgYTiba`[SpprGzqSdEmuDOxbAdqLHLtEkYLtCgjamhmLaEYj^InVoMxX\\miyjUSHwlGioxQxUMHV\\lBvKGizX^Q_[nXQxlqYUfPpxkvaspBbEbvjkmndgTjZ[cNB`zzcWjBq\\Ly[LHHc\\j[srh`LyMmBvqVU]tBspYKVaEO`nSY_MHxlIUJr[oeKwAvfqdxRGPmD_ESmZzXfoNontdMHkJXBnAYaJcjKUGXxUtMDCWX\\WzViLHmMXqbwrlP_gmdrQNQhprZzWIETlweoejUBq]m_`[FceiXQmaKJiitTimpOlNLvH[twXbBn[mHUmqViloaLl\\GvqBTDh_mSPK\\Jp\\tL`Xiwa_arXH^xgzJgUxGWOxGwzpEcVMtPuVgUmKVS[]g`ApfQAoorV^xbQmwlZy\\KONCQTptKcnvlRavKJobaXBuXYEDANds\\B\\RnmUxLueObbLQkrmbeXunMSfsOltxyu[kpOHYprVgmmTqNnSJ[CODGhF\\H]i[BhQgG\\[\\jUmnBOBZyof[Yk]wgWdHJgRSIvfE]hjlTrZGQ[Csgf]SrNBQLTzkrSRCDZeGdwwREtHbQWgLUl\\_Ky\\uuUtIhzuA`XCqqvOkiKNyGZAphnVFrnrEyjMOCoeFyHBtTpVY]lpAl]o[UE\\tdpIm`xsGjAhuaHzyYH\\rYwcGyrT\\uluySk\\JyPTVxOj]EuZd^pBNcd\\gMCnheXLxFicpgqAInFuJNFBDYjyEkhViPowv\\fk`DlXVSdxgpsZ^iRZGAjPvZGNYTtartEhIUVG\\iglomROrNszxVqvmVpGw_yBZCFmlLRITLxXUy\\IHrWL[td]DIum`OJxkeSlg_]fwkglYYanugyEInbaZcjdQ`dEBzhjgj\\cUkPkNrEecHrsQFowDmRDptUWHbkYkqHLKVjX_qTc_EAJikowKkguXYn[WsdfHgtlAfhuVXYNYj`ktKiWmnNAKMomcOBfMh\\sKPJCDubnRY\\isCbLJNtUYtanruSGVmAlOgadBfSsLZillGu`gq\\yoHZQiWLJc[Y_YjZM]yJ^vAIzKpBlAmZ_RCxHMPve[JQkAJTBgiDigxDny[FtUZIqBtNWmSzMD`DmkXyB\\AFSilrTyJIlJBQBA[jGwxPTiqfHuRCa]EXUUqHQCuXcKNDBOBlQirF_lldrFkYgGbPEdwgJSZEB`gJ\\ndts`msfztccNPKR]k\\cxyXSUcxOmDyEcIE\\r`HUidFkTEwDPn`oKa^pMb_xoetvu^zFLi[wdHtUthyQguzy_JuCePPQBJaEkJppErsaScKDgJw_cNRteuXldx[vYKv[bpdjrILoCYgvyrV\\TlhnsgZqlEMHWwIIhk\\r`Mg[B]rMO]mlczch]HbuVnxnwEYGP^NOV_vGENmVpMcPS[_XT\\faIb\\mOt^wEkwkO^WED\\cPULEJKi[\\aAmosgFnCIrLjpREQrAoE[TrtVLx^SbaYCWDyIrcYcBvdX``uztShgWFguv]\\IQkaRngYNGHAYW]YYN]qfD^ZOsmgRWDNVGQRRUSetHgtlSPPtgOgZgpEnRSYAAHqCueRFLHEvsw_Wehvd]neIWnjRL_zBtdtApqqiyJi_KlbjQiIdWp_N]igGvzuhICBOD_boqNfSEFxfMzB^VWfEEf^GKknyPAWIjSflGUmJKMIWkAtvyXRlWxKXB[dGZgCDjpwuTPWAd]ts^GWJqrzsjellHOkgkfj^JEhuDzbjARIuESuuD[QchKUEELmF_jPxmWiZY\\GqPPrX]qhpTqcQVHqzjdpsN]LQBKHid\\\\cTZSXSxbO_wliGzcfajjpfNdnEbVSizMsUAwvoYhmCbUQk^KCb\\IulgwGq`TlbO``ktTFCgrHCxmEtSDbWTkMqSHhEqFPFvKoCparJEAveArnusM^\\lUO^SiYlgBLabCGmyBDmMXSSpcq[TnMecnTbwQjHIF^DpVCykBwqIkPUBvikrxYsobyoi`phSweGuP^Z`sjRrW\\r^z`BbyPKgeONXOPLLO^MGIZmXOKzNGBYFGQjzoGThZ[PAQCRc^GdsPlV`neSnPxadqIQx`MXHK_giJlHLtXjAYaqUvKLJn`X]tgKHlTDQj\\hkFgVC^HusNaKPRwCVBNUeGJo^azZ`UYQxsFOOoJggf`PT]vqpRhP\\GDdvrs\\_hU_oPNXLioaraizbu[BfIeOgJoqp]TWwiIzQB[EO^eH]GXuYECAXrpVCFrf[XcjVXeJYjia[WmH_^l`ltXk[SzEsnwKJpdrvvlF]O]jV\\aAEhr_UStazrPCY`Qfm^XemvLdlgD^XiVylzAKvYqrvDrEfjhwxrxrEvNJ\\OmhPWJR]QQZ`FjTh`ijEHxCzGaal^tqlqjhgIb`uacVYOXrHdK_M^FUQjiIqc`yW[hiWBh_xJp^_cdkjiYHSVdNlUWwZZjRAdyyai[GvfaDibqiGyZHKYgBqZxCelE_Z_^uefKBNSLgoa`K_hq\\zcGcxwIHkY\\KbCeJDvE[oYurMzNPun_wud`qXvxh]CQorBFmwVGddVhbiOWxisNxu_Px^nmIxWxlIFALu\\T_hvT`vyII`AzepSuSlHOIdxfMXwYcOLDM`iQzKkC`eddxXTvpKh[mMKvjPHHz`auUwmFGCvIAFj_zUioEAdXalQAUnbjDcDzEjPAfOomP`Zh]gvUbSDyvIUdgmkS\\LFXCkZPFhJpMqHARd^hsMIk`FEvVgUt^\\QE[CfmMgOuJOlEATRCOC[PCUs&quot;,71)" fullname="Open_Lab_03._10.Tests.GetNumberOfCharsInStringTestRandom('w',&quot;lzPuMdXQHGdRTrN\\sQBPB\\`_hEZZPTHIgTIGJfskCp_bvlKamfd_YNWQ[kMHKxBnz\\eAjHRNXRMMwydwtshdkckZxrgZYl`Enkb[GKrfTWHGBJU]GQNRQXDXlLCr\\soglIYLWJpjBCQU\\dXn^JSI^OoWhKjuHzK\\b[VslIFx[_QOHjvHnOUR`gJ^TC_L[vbBromBO`CUDUhzx`OxPbGtfsvvRr`jeu^`wOWSxutOMzNLyK`nnawsoiWztrkWASjJrICjJvAUirgffkwGSlwEyekOrXZFK^OuQDTpIqer`bKwBlTJudEOWeLNYnrm]uKKdmVbWHy]GE_WZnNGDQLaZz^fsGXUyrVfWzTOWmmnecISGonealiMjdldOjiQke^OitzZZykR^YwqrL`ESmoMJJwnNkAgD]DAEtdMoTLbBXiQhulDKexxpQF`xMLjyDNBVvmybSQzbMLl\\fGSzw\\Z_FLnnEPcH\\dyKgvlIm\\sUyWcFUERGskBbn]QkzL^ChrFdNaojUKM\\dFaichYAy\\OlbWWJfBJbypgGRzsnPbli_ayhwcIRm]ELcTBqKeETBe^oZ[WcpfkWkaNBYiNDsrp\\k[^xyBdf^XgtDJO]L`]Hmi\\CGzY\\WB[KpBDzwYenBEtStTxO[lrTViiCy\\rydIP\\w]EBGO`mvjFhpIImBJAfJHoHSAA\\bgJspXWXPwHMLFXgcBNqSEwZIdSphwiGNELP`MsXml^FCo[EjI_RmKI^jkkLFbjSNAyGtIHVJqDaaqWUJOF`YXTDvh`o]gSLCLsBpTKaBJIwHcwsTWCq\\KuqhvLMdSt^^s_VyV_pD_^OPXvTkg\\Fd\\jsQCUuIxxjPfZPDbuysMnxgfbQzs\\wrotBIgEwBdhFaoydxgPJm^MXimLf\\EvP]As\\lXGW]xwP_hWsgxSScSKTb]TW\\Z\\whYd`w^saatgoaxsAVTy^ldhKq_uPDkvD]AbGErvJFmmifVnddSBH\\xLEkZjYcc]pxdSaWlw^XoYzqz_[kQfljob_p]WeH^a]QxlBDNMsW^jg_LOluOhRxkFJCnluVRWuNwjtN]X^EnVMEuzdOfktpO``rbzP]R]EGpZc]U^XrKNJVtFHnHgkb^EyWKCf^HAmQQFO\\XHtHSBfBVJy]s]Ufm]dl[MRRrukJ\\tEnqgWzmcO\\YxBBEJfefG_n\\^BKpbQXR\\a]EKfLFVsKNIS]KQNiPF_UVRRTeLKKSqKxX`wt^Z_QOTaTK_A`UcILxLGntSbuLhrWxVEfTUKqaNGBlyIFLeqjizALYJALreFa\\JVp[ULzXSejFFCvJ\\iaqIiyVtNKTzywI``ccTfrZrRWUQGSHFBWv`jT[X[bGAgYTiba`[SpprGzqSdEmuDOxbAdqLHLtEkYLtCgjamhmLaEYj^InVoMxX\\miyjUSHwlGioxQxUMHV\\lBvKGizX^Q_[nXQxlqYUfPpxkvaspBbEbvjkmndgTjZ[cNB`zzcWjBq\\Ly[LHHc\\j[srh`LyMmBvqVU]tBspYKVaEO`nSY_MHxlIUJr[oeKwAvfqdxRGPmD_ESmZzXfoNontdMHkJXBnAYaJcjKUGXxUtMDCWX\\WzViLHmMXqbwrlP_gmdrQNQhprZzWIETlweoejUBq]m_`[FceiXQmaKJiitTimpOlNLvH[twXbBn[mHUmqViloaLl\\GvqBTDh_mSPK\\Jp\\tL`Xiwa_arXH^xgzJgUxGWOxGwzpEcVMtPuVgUmKVS[]g`ApfQAoorV^xbQmwlZy\\KONCQTptKcnvlRavKJobaXBuXYEDANds\\B\\RnmUxLueObbLQkrmbeXunMSfsOltxyu[kpOHYprVgmmTqNnSJ[CODGhF\\H]i[BhQgG\\[\\jUmnBOBZyof[Yk]wgWdHJgRSIvfE]hjlTrZGQ[Csgf]SrNBQLTzkrSRCDZeGdwwREtHbQWgLUl\\_Ky\\uuUtIhzuA`XCqqvOkiKNyGZAphnVFrnrEyjMOCoeFyHBtTpVY]lpAl]o[UE\\tdpIm`xsGjAhuaHzyYH\\rYwcGyrT\\uluySk\\JyPTVxOj]EuZd^pBNcd\\gMCnheXLxFicpgqAInFuJNFBDYjyEkhViPowv\\fk`DlXVSdxgpsZ^iRZGAjPvZGNYTtartEhIUVG\\iglomROrNszxVqvmVpGw_yBZCFmlLRITLxXUy\\IHrWL[td]DIum`OJxkeSlg_]fwkglYYanugyEInbaZcjdQ`dEBzhjgj\\cUkPkNrEecHrsQFowDmRDptUWHbkYkqHLKVjX_qTc_EAJikowKkguXYn[WsdfHgtlAfhuVXYNYj`ktKiWmnNAKMomcOBfMh\\sKPJCDubnRY\\isCbLJNtUYtanruSGVmAlOgadBfSsLZillGu`gq\\yoHZQiWLJc[Y_YjZM]yJ^vAIzKpBlAmZ_RCxHMPve[JQkAJTBgiDigxDny[FtUZIqBtNWmSzMD`DmkXyB\\AFSilrTyJIlJBQBA[jGwxPTiqfHuRCa]EXUUqHQCuXcKNDBOBlQirF_lldrFkYgGbPEdwgJSZEB`gJ\\ndts`msfztccNPKR]k\\cxyXSUcxOmDyEcIE\\r`HUidFkTEwDPn`oKa^pMb_xoetvu^zFLi[wdHtUthyQguzy_JuCePPQBJaEkJppErsaScKDgJw_cNRteuXldx[vYKv[bpdjrILoCYgvyrV\\TlhnsgZqlEMHWwIIhk\\r`Mg[B]rMO]mlczch]HbuVnxnwEYGP^NOV_vGENmVpMcPS[_XT\\faIb\\mOt^wEkwkO^WED\\cPULEJKi[\\aAmosgFnCIrLjpREQrAoE[TrtVLx^SbaYCWDyIrcYcBvdX``uztShgWFguv]\\IQkaRngYNGHAYW]YYN]qfD^ZOsmgRWDNVGQRRUSetHgtlSPPtgOgZgpEnRSYAAHqCueRFLHEvsw_Wehvd]neIWnjRL_zBtdtApqqiyJi_KlbjQiIdWp_N]igGvzuhICBOD_boqNfSEFxfMzB^VWfEEf^GKknyPAWIjSflGUmJKMIWkAtvyXRlWxKXB[dGZgCDjpwuTPWAd]ts^GWJqrzsjellHOkgkfj^JEhuDzbjARIuESuuD[QchKUEELmF_jPxmWiZY\\GqPPrX]qhpTqcQVHqzjdpsN]LQBKHid\\\\cTZSXSxbO_wliGzcfajjpfNdnEbVSizMsUAwvoYhmCbUQk^KCb\\IulgwGq`TlbO``ktTFCgrHCxmEtSDbWTkMqSHhEqFPFvKoCparJEAveArnusM^\\lUO^SiYlgBLabCGmyBDmMXSSpcq[TnMecnTbwQjHIF^DpVCykBwqIkPUBvikrxYsobyoi`phSweGuP^Z`sjRrW\\r^z`BbyPKgeONXOPLLO^MGIZmXOKzNGBYFGQjzoGThZ[PAQCRc^GdsPlV`neSnPxadqIQx`MXHK_giJlHLtXjAYaqUvKLJn`X]tgKHlTDQj\\hkFgVC^HusNaKPRwCVBNUeGJo^azZ`UYQxsFOOoJggf`PT]vqpRhP\\GDdvrs\\_hU_oPNXLioaraizbu[BfIeOgJoqp]TWwiIzQB[EO^eH]GXuYECAXrpVCFrf[XcjVXeJYjia[WmH_^l`ltXk[SzEsnwKJpdrvvlF]O]jV\\aAEhr_UStazrPCY`Qfm^XemvLdlgD^XiVylzAKvYqrvDrEfjhwxrxrEvNJ\\OmhPWJR]QQZ`FjTh`ijEHxCzGaal^tqlqjhgIb`uacVYOXrHdK_M^FUQjiIqc`yW[hiWBh_xJp^_cdkjiYHSVdNlUWwZZjRAdyyai[GvfaDibqiGyZHKYgBqZxCelE_Z_^uefKBNSLgoa`K_hq\\zcGcxwIHkY\\KbCeJDvE[oYurMzNPun_wud`qXvxh]CQorBFmwVGddVhbiOWxisNxu_Px^nmIxWxlIFALu\\T_hvT`vyII`AzepSuSlHOIdxfMXwYcOLDM`iQzKkC`eddxXTvpKh[mMKvjPHHz`auUwmFGCvIAFj_zUioEAdXalQAUnbjDcDzEjPAfOomP`Zh]gvUbSDyvIUdgmkS\\LFXCkZPFhJpMqHARd^hsMIk`FEvVgUt^\\QE[CfmMgOuJOlEATRCOC[PCUs&quot;,71)" methodname="GetNumberOfCharsInStringTestRandom" classname="Open_Lab_03._10.Tests" runstate="Runnable" seed="1077315474" result="Passed" start-time="2021-10-19 19:34:08Z" end-time="2021-10-19 19:34:08Z" duration="0.000080" asserts="1" />
            <test-case id="1094" name="GetNumberOfCharsInStringTestRandom('M',&quot;^uZSQRk`CaPyl[MxObRTzvCURe\\ABCFKiGjlpbswB_xmCE^bORonadgcsEAfqj_A[FPel[IgiUS[xPSNHtmkOSdFZGtkaNGRAxSwpsqoJHFLRMfdmn_xxnmI]KLfaXG\\OAZAxVYOCxaGMXnN\\QxniIUNKJ[ehLNlBdxQmffXVPuzMfvEWxJQZTmGgMpnunbrkpFd[^[qeaXZOUA`NWNjBwSirreaps]bhCOX`Set^TgsvSrRLQa_arqn^XldstAmEplLFdzulTMiQZm_zSV`RxBqM\\uHbBAeStoFagLcQgnMfI]DfMd`_\\\\GovyeirTkTbVXehySHmPeKpKEyq]UX[FrYhRfhauYSCtDmFYyOQYlLqwzlugrUzSs]_yxVSfasqRHwGRsX_FGCUfclSumuCDTkAbOH\\cvfrtV_oCecn[qtMqIsWLDYsgqmyXv`DlwwJ\\K[QEwPQKGcNZ^KZVlQ`^mLDcaWHE_C_uklfhcROnIi`O`_tlFizfWgiyXh^aILfDETjm_mnZBlUDgpCC]WzqDs^EChPuoifxD\\JMoHMTv`efReScf\\DlMoALqfkr]sfSGXAKfqNVJfv^NsmXUhPSftlO[yVJXVrCuR_ueHxoOhcat^yxsS]ocThMfmkg[EynotcwTsnMj\\DxQLVxzXREsCZbeSOsXQTKjolzuCez`QFHPjv[WmhCmtumZBRBeuoZHtO]ZVCxnR`cxRSuWn\\edQXqtzatkdVe\\fzV\\ZBBkjP\\USpHjXeqZJpq]XcZpINJwuHRSwYwm[uuBw]bKYKSy_LRpItDrbLb\\F_ZK^pmyiEyPvp`vAPWyuLYiq\\JDVFKOSYwXCXgcYUQZNBtTTIrSodbtGkUBgjddujw^tHsccoaavy\\obpjMNs[jrCRRCewjlh`^EWZMPOjADAyHP`ZqzWVBPNgrpa`xrrpOZxjLV^xzIZfqDKC]LFjUR^OrjcWiilJMLkhRqO[]YWsqcqof_CmmH[wvjs]nHOQXQZeS]lgweNvveXOtolKfzWElombymhUKF\\aIM\\ImWpHu_BQRdczWEfXtUs_kJiKxslpJrGhScXOJPKNn\\PVJiyF[DgoTxXcieKCmLH[^vgngWOdKflOuSBOtfVFLRTULoa_FI[bUprNBLZEpCdiMJiVdvIGpCPLbSbrpj_CKJuF\\nNhMRQIifICGKvKzUmRaggjdbOF_b^COduqh\\t_mG^vJ`leoUDqXc_oG_DfDKdGIFn]QE]_[N`ZJk`DqdQJ_hffEFjIXO[b^WnDmOUjs_VJCFfWzzp[uZc[[IYKVTGMnywmw\\RbOaRzR\\czZSJXZAgDoScdqJU_YJWEJtZ^hNLTHdIz`YlCJjmmRsyethlFMnbIF_qatgjLpTvKJdEXYRUiWdmQupez]GHUBAtBcLJ]zbxyxn[PdTgvYsl]l`fDCjjiLaIJkDoNHsjpfoSHVUWIZMvJPXPD`FZPsOnWeQ_a`ZnaJwqxN_iiTaPyezuSnlhBYZxWAv]EpqcAZVASbRpBXlwRzolfWMmollIjyZwRBes^yP`Pzbl]vfeg]gWMJrhdDoOhMQUHU_AmtZTkO]fp[QtFH]MSCkHJwOZJBsCjNeHWfrmDTgyhMsJnvIakDBEeWqqfAJjVZwcqJ][PjJzWl[xEFfOsSRgLa]ApBHDJxcNQPSdYiQBtChsvtl`UuqDHQWQh]fNcGpZJNhpmCqKBQmJsdEwQbjOG`FAsCwwCCZnMOjiLwmSEfBr^NXDXixAXbSeHhwjFtHzryxdtVkTpWJ[^N]fes_UEZWevFb_ADML^CA`PoJCyeLAXsGtLQEMVnuYcSiooMTlKyw[NxVqi]V[NVNDyhTjyAqkIbwxGVNmQZqYvffOuO^sYZKMFeqHsenJIMSgAYkTOdJo`pHSBFoj]xRiXks\\_GtgfgPiTzN]^JdpQVgQ]^FnpDgLueOQaOoIj]Jt`ZzBrRMTT]XBDcyAAGrbzEnilxwOU\\FnMnkD_Ev^rTrYMNMyQoIdfbu[fQQuVxysWeoQrv]wKTkfMV\\^lyyaS]IftPXNnBHuVzBcYwGURMYRrOOQpmJXyX`t\\IXb^OIIMpPMTsEordOGEqoeBHYAskwxZIGP_`rDDQFByBwwiUaUJYpfUmaWqIQ\\tRmLloQSmLDolmfzK\\S_KboBS\\vmy[MvAdIgOlKtENbxVBubGaMUplRR^lsQt^TSzIoHezkZRZ[wzrfRbUfXOrFORqJ]suzauPyNMmwHqnDWRVSfGbi`svEHC`popNaWZuBksYEpX^b[njxw_^WQL[hyLqKhxIScMgwXTbmi^tHUUdTTctPRrQKzMD`CNXsPLyOGmacwkinSSSdb^qEDsAlw\\xKPCk[GBsJVVMbCQTaI]sgtZx_XSoWLNRepVSuAOhR[JNMQPCm`ZcZdQQpELCnM\\yIDblgyYaupaLkMlOHQBrlesB_E]qoLuFzLFIi^VoGtheDEadSxv]LdN^LaNc\\cmjv\\M`GdaevMlsxNxZ_s^qQXtVycxHQnT^GyjbsB^jWQbyrUaxcnDcFvZ^brb_gYUItOlz_Vb^Vo[zpv^dCz_]jkXL_LABZzDywZEddaZNMaNR\\ZifTx]gurYJqa[SVaDWk\\CWruA\\`RQJ]GjE^Ui]]WEFAumCGGrg^razWRoYxBHcbPhkqVpAsbtUXxWxIxUY[eff`khMaP_\\P\\^kNCMlRqnvxMcYurQAgiIweCKGhd[cDXEw[gjFldHdqkhSIPRjz^obSbGLrFDiWLs`IfyNHKPDa_GuUryYRkd`d^dta_Of`ZNfrHK]QEcoOlAo[MqzHfWfcTweCFgcve^HR\\CNh]INIoRr]pYUiP_uCbD^K`ZKXzteNs]zJdSe]J]nCEHNhSugFcFjY`CHCxqJvheeSYLEwtYtFP\\GXM^EEM_fnmbebLc`STsU[^uPGpjMKMeIDvjq[lEiJyraqb^lQsamWGfuRNxO]R[aHZaf\\mEbOKL\\gTY`SyvRfsmwQo_MnpMr^QYXAsP_ny^MvJOxpYw_WJuPgdVgNsnYxUyVvA_[iW^gU`BGaaXVth[UVJkX]cRvLFOaLsCou\\pzfOuHcOGg[Y_PtdAlQHxFFb\\PQ\\uh_c\\Ys\\jHOdoN]e\\maygcsQ_m^jtDmfqHUYIrxGXYus^gSjc\\GiiSoSpNEiuIbgUcnhtE\\dp[bOhAnrZoGYwDx_SBdvnOMOqO^utfp_z^tNk`eo[MOFBJjRfOUs\\apaOSYZ]syoycYYKjnnWo[bzGNg_MOeQxDZiSzYHLSbO[HZkRGw[b]hFObIFlvQdT^A`zksjVgL\\tS`ynvNFSJj\\VTZkrSVPCxuxGtlaOMFuQLMvCJRqhKRJn`JgQHrDQvZvXbrtKgrFEpKKG_iiA`brglJajFQGUCeVlQ^[RXfBSLEyVz`mYJClTcOgYQJFWllCKpYqAOWcta_\\gLLk`_hLAtBJBrCANafb[CnabjlKmZrnDnzMFZ`sD`CRnOoIMWVTvwBeYfJqm^YaBNGOspvoBn_uA\\mSvcyWE_sGmVoZQiFaH\\P`I`QW[aRIYHdwtqvJ_B]^Vz]]B\\^Shym_LMKVScw^Mjielra[nvBGzmKJDnUyDy[ZUEkgg`rwEzQfQrlJvD`lxg`ZCBS_Nx[OPPQgHtnNEEBz\\_sLCKDzZj]i_RefNSjH`CWBbECBPSgteax_IG]Cu[oambHpPIzmUu[YHrdxICkGCdDyTF]GqhNENqOAwMlGSu_kF`XQ]_urki^J^I]KgswhgVKQddBvQdoIETtoiMeRmVU`TE]nkb[ZxqDjUGht^zbHtVEKPi\\[OeuRBex_HNKjIUKNPJZc_konoNgyzS_BFALSwmijIJmPosy`KruGPtv^qH^nyz_ojIdHJrR^[jZVy_ywOGnIYXmMEh]oOvkJexafOqVS`Wg`Za_RIb_sLVWRWWC]V^P`zPkBxThYk\\dBlNm_IKfhWsyObOPsntxCHHaJq^TpuGHkmUaId_TKrbIGR\\[jDpeq_btehcieqqnPlO]MhGOPamK`yZsUDelE]QLK[w\\BqiTAotUDyNBwbVQlWUfNkTbMEin[CRllfMYrZKlFEoVpdo^GA[oGQNQ]HHwGFuBh]QRUwZRMcaIwyldPKg[b^e[XwwjSNezKmiTT^JJaIb^kFT^W^gvYZ[JrptXAjzyybxJPXPmA^tYvHkScYTobjakS_]^emJrJd`IHJOyOtuvaBNjFaobWLWOANrkvmIOTCPSbbLYKUaioeKQRmYDxc[xMQHuS^D\\lgc^mvI_VVWCfi[WCbZJUERlcRFRZQGhREwICh_VetibLXS^plrlDuHgUrv[prEEPjkamSTVCE_[Wj`Kyc\\hYVeXxPnKlD`npdS\\gml^Y]iyVgQfRk]NWXftFTd]`Idz_lfmXD^MqxPwhfBQzHtAbSWYxYWTIPxPti[dB^NNNPXYHjMZRT^XPcYMUMpzhKDbzzDyLYO\\ufnRvyQOLwBpmaAQQOOoiOaDLqYIgOOtFB^dpGRWwankIOoZzmixJZnfEjFE`IcxiIjkCW\\JwssH[puxByItaRjfNr`FAMqoyqCA_EXdR_ARbgLOoIDbziXWYE^LrWIkBEIenuYxb`cBRXEbgQQsIPoQZfb[aLluVPQ^^b\\ukGzZFVFAzv`aFQbmPsKHSxWVnhgBHbEFoVHCPVLDab\\fgKpEh_NfWTbmkefXjDsXrZmjJ`]ugGbl]kidsbTdTYi\\oVSfjnU]iDnMYFvIBTyPmqQzvC_HkPEYlQvnNrKtmEDYx]KngKbA[ZiyETjgONmYzU\\HJHvKIF^imrBZsl\\`hEyRbxjuH_e_ReZcACd_PXrVwALMRQo^mNkvVK`MYBDe[yWIYZYpHwPQMdUbm]cqjHmDt^Mq]XGNTMuydDorryVqx[impyZvYMuTLSOvMcTjpBxzjWxjilyklwGZo[A^yKpGRamRosfOfgAw^iDYBkNhOKcPMoGmcpleMqhIegupFjFFvJwGXc]NxHsHy]EzmtgpuWjgAuoVqXc_E^UCsAUzS_hEyaJHbuDMCPK`[PF]nHW``TD[IBHm_h^Wifi[lgnvUV\\pSoccvsLLHH_e]jy`nQhVmoqpbelHU[KJsNHTZ_rg\\ROaGExBhNIEiFD_xnBQHErgxUlPbeGOZBu[`Pi]gjZGSG\\nKdVf^a_W[cdlSi[CHuegKcyiE_dYfkUqtyExO[kt]_zxgxKyOWzX]ocbehbzwGkkOmrUd^ngKlKgdBBHUfJPlxUEW]TbtlwWnPjtFpUlcSMkewycgZfQw[yQXmyGJMnZonsTSIB_RYhZkd[Z_kuZFfZTRY\\SrNbV_nwqDfQ_YHz_n_aoS_cZSTTIT`CugigDqSuwhdWtZWBygv`mrhASeIDL[n]_dWrj[vh[eeGjIjzvSV]YzPCyiUZiPj]tGrPD_S_kNEHMaRKvIHtFQE`TTsAF]yLvIMcRZwWzqmKuIpXXJ_aHpXcCSwjfRYNOtMETit\\LktO_teL^[dwyYDFleay]MkiY_wAvlEiQCUWwIEIhlLLh]OqpHTjIuyyALqzxdPmWufvEgIc`XRkB`AvQFLnXUaWEVWlSELD]YonqTmJykJkdNx[KujrY\\UCUPriPXQ\\MNOclNFwTBpgKqnqXwaXVTeADlZb\\Dtb[i^VyUjxpm_Wghr^]AQTqsFscN_zo^\\QINM\\SXrDNdbcpOUVtvE[m`lbdemlpjIRROOY\\WLEJNGMR]DUtJFtZA^d]eshfGN^[QRbzvu^kAR_Y_QGbXrgdPsQkfwq^^YCAdmBK]UyOcIZjyKyUmGOPauKXBqUyDzMbO_pmPvECtXBHZal[y]lWKnZjbdJfAzLcvs[ZULFqCLWJtDy[FtAbOqW\\FGKfmYCtMYLaGRGmWuUyXQq^eiaGzdUF\\zUNBZEdJ]w[sXUnnNKT\\XEpQgBDswtdEFFHxtlxqlpuTVfNUnSlZAdEv_xUYAlNcTWnSNpu]N^kcJ\\vBnjEdHKD\\BMYwX_pAbRAzruGxYPL]t\\lCBSeRgd[JSRRBWxEiikAr\\vKtcHKsybc`[WuEu^Tyrrg`dFa[K^nI[ubFIli_ZcKkjlaADAoLWCAdPeQ]bkh[nZEapowIpp_Ogvqr``WKjcmXtxq_\\LxjvjwQhALPEfWb^mwTnZxBT]lLghgsxXhdrpSxy`K_UHGEMLtHA^kCOwVZyldzUSRgxmjhZzUNOZgLWhy[n_r[hfVuZtyNwKKCpZGZ]MhAI]noQKDQmIMp\\rzRXoOaAHREPeWwa`ybqrRKsaePpi[nxUax[pBhyHzBKi`goGkNJfydaoZrKykSg_HuDY]l^RcjrPzJBx\\jyNdRVxXfVK]zWgVgaedWeyjsCOlQoPqM^BUZvq`GAqVSodTLuTdWUFFz^lOGLHrGUP]VSwlkF^VncXDZvaV[gZsYvUvKcYuszPy`HysycsRrjRWGhoLemWZuXDZxAaIgc]oTY_SxhWsnHBiexp]nNQGcpDHD_vxBkeOM^DhJ]NxV_fnWVozLEVZSWL^UWPYmZqD]m]HuHTQzTlEJQlikvmxULwpRaTmNoKwhcQdshFDlEZzfGTEfaiqgtiRqgpUoaDLIpXbzHpCqiLQmwKK&quot;,116)" fullname="Open_Lab_03._10.Tests.GetNumberOfCharsInStringTestRandom('M',&quot;^uZSQRk`CaPyl[MxObRTzvCURe\\ABCFKiGjlpbswB_xmCE^bORonadgcsEAfqj_A[FPel[IgiUS[xPSNHtmkOSdFZGtkaNGRAxSwpsqoJHFLRMfdmn_xxnmI]KLfaXG\\OAZAxVYOCxaGMXnN\\QxniIUNKJ[ehLNlBdxQmffXVPuzMfvEWxJQZTmGgMpnunbrkpFd[^[qeaXZOUA`NWNjBwSirreaps]bhCOX`Set^TgsvSrRLQa_arqn^XldstAmEplLFdzulTMiQZm_zSV`RxBqM\\uHbBAeStoFagLcQgnMfI]DfMd`_\\\\GovyeirTkTbVXehySHmPeKpKEyq]UX[FrYhRfhauYSCtDmFYyOQYlLqwzlugrUzSs]_yxVSfasqRHwGRsX_FGCUfclSumuCDTkAbOH\\cvfrtV_oCecn[qtMqIsWLDYsgqmyXv`DlwwJ\\K[QEwPQKGcNZ^KZVlQ`^mLDcaWHE_C_uklfhcROnIi`O`_tlFizfWgiyXh^aILfDETjm_mnZBlUDgpCC]WzqDs^EChPuoifxD\\JMoHMTv`efReScf\\DlMoALqfkr]sfSGXAKfqNVJfv^NsmXUhPSftlO[yVJXVrCuR_ueHxoOhcat^yxsS]ocThMfmkg[EynotcwTsnMj\\DxQLVxzXREsCZbeSOsXQTKjolzuCez`QFHPjv[WmhCmtumZBRBeuoZHtO]ZVCxnR`cxRSuWn\\edQXqtzatkdVe\\fzV\\ZBBkjP\\USpHjXeqZJpq]XcZpINJwuHRSwYwm[uuBw]bKYKSy_LRpItDrbLb\\F_ZK^pmyiEyPvp`vAPWyuLYiq\\JDVFKOSYwXCXgcYUQZNBtTTIrSodbtGkUBgjddujw^tHsccoaavy\\obpjMNs[jrCRRCewjlh`^EWZMPOjADAyHP`ZqzWVBPNgrpa`xrrpOZxjLV^xzIZfqDKC]LFjUR^OrjcWiilJMLkhRqO[]YWsqcqof_CmmH[wvjs]nHOQXQZeS]lgweNvveXOtolKfzWElombymhUKF\\aIM\\ImWpHu_BQRdczWEfXtUs_kJiKxslpJrGhScXOJPKNn\\PVJiyF[DgoTxXcieKCmLH[^vgngWOdKflOuSBOtfVFLRTULoa_FI[bUprNBLZEpCdiMJiVdvIGpCPLbSbrpj_CKJuF\\nNhMRQIifICGKvKzUmRaggjdbOF_b^COduqh\\t_mG^vJ`leoUDqXc_oG_DfDKdGIFn]QE]_[N`ZJk`DqdQJ_hffEFjIXO[b^WnDmOUjs_VJCFfWzzp[uZc[[IYKVTGMnywmw\\RbOaRzR\\czZSJXZAgDoScdqJU_YJWEJtZ^hNLTHdIz`YlCJjmmRsyethlFMnbIF_qatgjLpTvKJdEXYRUiWdmQupez]GHUBAtBcLJ]zbxyxn[PdTgvYsl]l`fDCjjiLaIJkDoNHsjpfoSHVUWIZMvJPXPD`FZPsOnWeQ_a`ZnaJwqxN_iiTaPyezuSnlhBYZxWAv]EpqcAZVASbRpBXlwRzolfWMmollIjyZwRBes^yP`Pzbl]vfeg]gWMJrhdDoOhMQUHU_AmtZTkO]fp[QtFH]MSCkHJwOZJBsCjNeHWfrmDTgyhMsJnvIakDBEeWqqfAJjVZwcqJ][PjJzWl[xEFfOsSRgLa]ApBHDJxcNQPSdYiQBtChsvtl`UuqDHQWQh]fNcGpZJNhpmCqKBQmJsdEwQbjOG`FAsCwwCCZnMOjiLwmSEfBr^NXDXixAXbSeHhwjFtHzryxdtVkTpWJ[^N]fes_UEZWevFb_ADML^CA`PoJCyeLAXsGtLQEMVnuYcSiooMTlKyw[NxVqi]V[NVNDyhTjyAqkIbwxGVNmQZqYvffOuO^sYZKMFeqHsenJIMSgAYkTOdJo`pHSBFoj]xRiXks\\_GtgfgPiTzN]^JdpQVgQ]^FnpDgLueOQaOoIj]Jt`ZzBrRMTT]XBDcyAAGrbzEnilxwOU\\FnMnkD_Ev^rTrYMNMyQoIdfbu[fQQuVxysWeoQrv]wKTkfMV\\^lyyaS]IftPXNnBHuVzBcYwGURMYRrOOQpmJXyX`t\\IXb^OIIMpPMTsEordOGEqoeBHYAskwxZIGP_`rDDQFByBwwiUaUJYpfUmaWqIQ\\tRmLloQSmLDolmfzK\\S_KboBS\\vmy[MvAdIgOlKtENbxVBubGaMUplRR^lsQt^TSzIoHezkZRZ[wzrfRbUfXOrFORqJ]suzauPyNMmwHqnDWRVSfGbi`svEHC`popNaWZuBksYEpX^b[njxw_^WQL[hyLqKhxIScMgwXTbmi^tHUUdTTctPRrQKzMD`CNXsPLyOGmacwkinSSSdb^qEDsAlw\\xKPCk[GBsJVVMbCQTaI]sgtZx_XSoWLNRepVSuAOhR[JNMQPCm`ZcZdQQpELCnM\\yIDblgyYaupaLkMlOHQBrlesB_E]qoLuFzLFIi^VoGtheDEadSxv]LdN^LaNc\\cmjv\\M`GdaevMlsxNxZ_s^qQXtVycxHQnT^GyjbsB^jWQbyrUaxcnDcFvZ^brb_gYUItOlz_Vb^Vo[zpv^dCz_]jkXL_LABZzDywZEddaZNMaNR\\ZifTx]gurYJqa[SVaDWk\\CWruA\\`RQJ]GjE^Ui]]WEFAumCGGrg^razWRoYxBHcbPhkqVpAsbtUXxWxIxUY[eff`khMaP_\\P\\^kNCMlRqnvxMcYurQAgiIweCKGhd[cDXEw[gjFldHdqkhSIPRjz^obSbGLrFDiWLs`IfyNHKPDa_GuUryYRkd`d^dta_Of`ZNfrHK]QEcoOlAo[MqzHfWfcTweCFgcve^HR\\CNh]INIoRr]pYUiP_uCbD^K`ZKXzteNs]zJdSe]J]nCEHNhSugFcFjY`CHCxqJvheeSYLEwtYtFP\\GXM^EEM_fnmbebLc`STsU[^uPGpjMKMeIDvjq[lEiJyraqb^lQsamWGfuRNxO]R[aHZaf\\mEbOKL\\gTY`SyvRfsmwQo_MnpMr^QYXAsP_ny^MvJOxpYw_WJuPgdVgNsnYxUyVvA_[iW^gU`BGaaXVth[UVJkX]cRvLFOaLsCou\\pzfOuHcOGg[Y_PtdAlQHxFFb\\PQ\\uh_c\\Ys\\jHOdoN]e\\maygcsQ_m^jtDmfqHUYIrxGXYus^gSjc\\GiiSoSpNEiuIbgUcnhtE\\dp[bOhAnrZoGYwDx_SBdvnOMOqO^utfp_z^tNk`eo[MOFBJjRfOUs\\apaOSYZ]syoycYYKjnnWo[bzGNg_MOeQxDZiSzYHLSbO[HZkRGw[b]hFObIFlvQdT^A`zksjVgL\\tS`ynvNFSJj\\VTZkrSVPCxuxGtlaOMFuQLMvCJRqhKRJn`JgQHrDQvZvXbrtKgrFEpKKG_iiA`brglJajFQGUCeVlQ^[RXfBSLEyVz`mYJClTcOgYQJFWllCKpYqAOWcta_\\gLLk`_hLAtBJBrCANafb[CnabjlKmZrnDnzMFZ`sD`CRnOoIMWVTvwBeYfJqm^YaBNGOspvoBn_uA\\mSvcyWE_sGmVoZQiFaH\\P`I`QW[aRIYHdwtqvJ_B]^Vz]]B\\^Shym_LMKVScw^Mjielra[nvBGzmKJDnUyDy[ZUEkgg`rwEzQfQrlJvD`lxg`ZCBS_Nx[OPPQgHtnNEEBz\\_sLCKDzZj]i_RefNSjH`CWBbECBPSgteax_IG]Cu[oambHpPIzmUu[YHrdxICkGCdDyTF]GqhNENqOAwMlGSu_kF`XQ]_urki^J^I]KgswhgVKQddBvQdoIETtoiMeRmVU`TE]nkb[ZxqDjUGht^zbHtVEKPi\\[OeuRBex_HNKjIUKNPJZc_konoNgyzS_BFALSwmijIJmPosy`KruGPtv^qH^nyz_ojIdHJrR^[jZVy_ywOGnIYXmMEh]oOvkJexafOqVS`Wg`Za_RIb_sLVWRWWC]V^P`zPkBxThYk\\dBlNm_IKfhWsyObOPsntxCHHaJq^TpuGHkmUaId_TKrbIGR\\[jDpeq_btehcieqqnPlO]MhGOPamK`yZsUDelE]QLK[w\\BqiTAotUDyNBwbVQlWUfNkTbMEin[CRllfMYrZKlFEoVpdo^GA[oGQNQ]HHwGFuBh]QRUwZRMcaIwyldPKg[b^e[XwwjSNezKmiTT^JJaIb^kFT^W^gvYZ[JrptXAjzyybxJPXPmA^tYvHkScYTobjakS_]^emJrJd`IHJOyOtuvaBNjFaobWLWOANrkvmIOTCPSbbLYKUaioeKQRmYDxc[xMQHuS^D\\lgc^mvI_VVWCfi[WCbZJUERlcRFRZQGhREwICh_VetibLXS^plrlDuHgUrv[prEEPjkamSTVCE_[Wj`Kyc\\hYVeXxPnKlD`npdS\\gml^Y]iyVgQfRk]NWXftFTd]`Idz_lfmXD^MqxPwhfBQzHtAbSWYxYWTIPxPti[dB^NNNPXYHjMZRT^XPcYMUMpzhKDbzzDyLYO\\ufnRvyQOLwBpmaAQQOOoiOaDLqYIgOOtFB^dpGRWwankIOoZzmixJZnfEjFE`IcxiIjkCW\\JwssH[puxByItaRjfNr`FAMqoyqCA_EXdR_ARbgLOoIDbziXWYE^LrWIkBEIenuYxb`cBRXEbgQQsIPoQZfb[aLluVPQ^^b\\ukGzZFVFAzv`aFQbmPsKHSxWVnhgBHbEFoVHCPVLDab\\fgKpEh_NfWTbmkefXjDsXrZmjJ`]ugGbl]kidsbTdTYi\\oVSfjnU]iDnMYFvIBTyPmqQzvC_HkPEYlQvnNrKtmEDYx]KngKbA[ZiyETjgONmYzU\\HJHvKIF^imrBZsl\\`hEyRbxjuH_e_ReZcACd_PXrVwALMRQo^mNkvVK`MYBDe[yWIYZYpHwPQMdUbm]cqjHmDt^Mq]XGNTMuydDorryVqx[impyZvYMuTLSOvMcTjpBxzjWxjilyklwGZo[A^yKpGRamRosfOfgAw^iDYBkNhOKcPMoGmcpleMqhIegupFjFFvJwGXc]NxHsHy]EzmtgpuWjgAuoVqXc_E^UCsAUzS_hEyaJHbuDMCPK`[PF]nHW``TD[IBHm_h^Wifi[lgnvUV\\pSoccvsLLHH_e]jy`nQhVmoqpbelHU[KJsNHTZ_rg\\ROaGExBhNIEiFD_xnBQHErgxUlPbeGOZBu[`Pi]gjZGSG\\nKdVf^a_W[cdlSi[CHuegKcyiE_dYfkUqtyExO[kt]_zxgxKyOWzX]ocbehbzwGkkOmrUd^ngKlKgdBBHUfJPlxUEW]TbtlwWnPjtFpUlcSMkewycgZfQw[yQXmyGJMnZonsTSIB_RYhZkd[Z_kuZFfZTRY\\SrNbV_nwqDfQ_YHz_n_aoS_cZSTTIT`CugigDqSuwhdWtZWBygv`mrhASeIDL[n]_dWrj[vh[eeGjIjzvSV]YzPCyiUZiPj]tGrPD_S_kNEHMaRKvIHtFQE`TTsAF]yLvIMcRZwWzqmKuIpXXJ_aHpXcCSwjfRYNOtMETit\\LktO_teL^[dwyYDFleay]MkiY_wAvlEiQCUWwIEIhlLLh]OqpHTjIuyyALqzxdPmWufvEgIc`XRkB`AvQFLnXUaWEVWlSELD]YonqTmJykJkdNx[KujrY\\UCUPriPXQ\\MNOclNFwTBpgKqnqXwaXVTeADlZb\\Dtb[i^VyUjxpm_Wghr^]AQTqsFscN_zo^\\QINM\\SXrDNdbcpOUVtvE[m`lbdemlpjIRROOY\\WLEJNGMR]DUtJFtZA^d]eshfGN^[QRbzvu^kAR_Y_QGbXrgdPsQkfwq^^YCAdmBK]UyOcIZjyKyUmGOPauKXBqUyDzMbO_pmPvECtXBHZal[y]lWKnZjbdJfAzLcvs[ZULFqCLWJtDy[FtAbOqW\\FGKfmYCtMYLaGRGmWuUyXQq^eiaGzdUF\\zUNBZEdJ]w[sXUnnNKT\\XEpQgBDswtdEFFHxtlxqlpuTVfNUnSlZAdEv_xUYAlNcTWnSNpu]N^kcJ\\vBnjEdHKD\\BMYwX_pAbRAzruGxYPL]t\\lCBSeRgd[JSRRBWxEiikAr\\vKtcHKsybc`[WuEu^Tyrrg`dFa[K^nI[ubFIli_ZcKkjlaADAoLWCAdPeQ]bkh[nZEapowIpp_Ogvqr``WKjcmXtxq_\\LxjvjwQhALPEfWb^mwTnZxBT]lLghgsxXhdrpSxy`K_UHGEMLtHA^kCOwVZyldzUSRgxmjhZzUNOZgLWhy[n_r[hfVuZtyNwKKCpZGZ]MhAI]noQKDQmIMp\\rzRXoOaAHREPeWwa`ybqrRKsaePpi[nxUax[pBhyHzBKi`goGkNJfydaoZrKykSg_HuDY]l^RcjrPzJBx\\jyNdRVxXfVK]zWgVgaedWeyjsCOlQoPqM^BUZvq`GAqVSodTLuTdWUFFz^lOGLHrGUP]VSwlkF^VncXDZvaV[gZsYvUvKcYuszPy`HysycsRrjRWGhoLemWZuXDZxAaIgc]oTY_SxhWsnHBiexp]nNQGcpDHD_vxBkeOM^DhJ]NxV_fnWVozLEVZSWL^UWPYmZqD]m]HuHTQzTlEJQlikvmxULwpRaTmNoKwhcQdshFDlEZzfGTEfaiqgtiRqgpUoaDLIpXbzHpCqiLQmwKK&quot;,116)" methodname="GetNumberOfCharsInStringTestRandom" classname="Open_Lab_03._10.Tests" runstate="Runnable" seed="878130791" result="Passed" start-time="2021-10-19 19:34:08Z" end-time="2021-10-19 19:34:08Z" duration="0.000110" asserts="1" />
            <test-case id="1095" name="GetNumberOfCharsInStringTestRandom('C',&quot;HgGUPntznLslPLBOqqjmE^lgAxhY_t\\eH`YXEo`dhAUdJFZAP_FU\\[KdvZTSG\\[tjNdkmdJCRGEDJH]u^hJAnHIhUp\\e[M^Ma[tv\\jOfUDDVVG[nxYoZRZGcFvVwH_cEcr^iNaZoY^gkDnSOUihBXEuGURqaUR^q[ym^dlaWzAAonV_RdHbZrah_wWUwjt[GAqPEBoecHQBXDGTym`wMjDytRNaMXehG`tnxG[Qp]ySa`P\\qDVJKwNXwrVnnNYL^durJSWrSOGkklYUBmkIB[]JS]qFkh^cEnoxeYR^h_rvp^gLYBlA]PJCGk`h\\QHfl_gxw\\kd\\M\\^daUpqfgjv]FpdmqttdBXXMKQqjOxRI_QngZ`WjqqdXjOZqTKfqjrLDGXWDyHWjYnypBxTQ]JmLnz]vrzVES[YgEj`CJTljZuywQepVrUTaFAQGu[LylSWyVRkRXQHIYDltBafMKzMxGsbEZYHiHnxH^Aayu_xaNKHBOWFTpyomFZr]jfrzJYBfGdWAzgSfBgjvkaqDSosJyLBDJEPPhyXpJ]vezFTJgIkZjvmJpngVasgucSrvXDyDPulOeLEN[j]q[cUNRF[tSBORpACgOYmcKhJoJ^_djYvrVqZzyddRdEkNgZYeIXzBwtfnYaDoaqJtGXwzaCieo[zGwwIjFu\\SZtu\\KgbY`plmuqGO^ZDFiUM]t`q]XUifVr[N^[ou\\QFzjMLGptMgrVdFgYbfpEALGFXCWtlCeIdYONmhTkg^HCozOUaEtIEXPtseoIjwIJBilKqYguRFY]EERYoBSgJ\\DMJVVIsKAkUxAFND_HYyrzympnTWUid]Aae`B[D_BHEhHGELLl]LNKeDOW`co]qRHsx[[iBDEuwjvQfjjHKcLXPqvaRfv\\j`QmaPJdk^jZGSNuIxlqsgRNFjdG`tWWIdLXZIkV`FXhtmRwcAYTuEcCNChrgCErGTQ]Hp\\ANVQmPeUTXg__\\C\\DBIJW\\sj^B`b`]oom`XG_opmdiUZz_`VDsN\\ygE`UgnljCpqdslzEwwPLVaiGZjy\\K_hOSqG[rmsBEDbs^qHnaRHvyQcGWYuwoP`_IcQBe`MJENHSypddcLvsXlQCNADYrvMo^Ckv`FIAFxrkJQHapRUcTgHWROod\\nRIASovEiD^CvnZuatxt^d`be\\rvUdRQ_`Rfijq\\L\\GOr`Ysh]lUrkyJmbWrxAkEmM_V]oLqC\\iB]RkECyOrswZobHtHTz^LkC]eBDWtRuSVCwh[qRozltLpmjnUuD^Dx^Q[pFDzbVayeDle[YRBL_ZrqgsRPCyOWPX`gMfkOoXWTNLiyIu]m]rZDYeINlk`XSbVgMyOmamWGC_c[JTGH\\\\tXx\\Nb]^]EszBfqClKfjLj\\TAuCiEYdXvqhxiklhQDPRND]weGbw]mPJwe[S`oYE[[ELxsUBYyZI[JFxXFDxqhvJa^BDPZH]eLrnzRymma_^TGjm`^uZl\\Nm`veZqQlzqw_ORSyGGQLQJYpZoP_m_ikJxEOEh`w]p_gWc\\[N`oT[QxdGFLfbmz[IMVRNDuYbUj\\elZrToQMjUQtA\\Hy]tUjpE^KMJNJfVlFb\\yUfTSm\\mknv]QmwvwizzfaOPfJaHbUcKR_]mTIabODTjOjt\\MkYDGbqYGViJLTKWLlKlPKboHXkcN_BvPFvrv_EkiEfx[WVusw_^`HLCIewiqOLcUmuGYT\\gg[DL_dUkBqjQA^WIusiQcWtZsDdh]P\\_\\sqEDz^_QLgA_ubrWlL`eKDQbeT\\AgNlUKoHgREvVJAWjsux\\mRkEwuQoa^ZgC_dyugTGZKEhPK[KhaijVzOV]hYQ^TGofPTfWYoMarBbMDolZGGzojQCPO\\NODcGEPCAqpnOl]I^xhIZsgrWMGzvyRVIxbx^Pv]wBoveTsNSanEcFBUcLLtyPGB`ZfRK`fNCKLYDlNDUshVLMnCvMVREC_hvnVLhaDmv`BYtdRryH_FbkqTgcVxKTJAf_^QVBVopv[fKUISv^Tw^YFKxB`FKFcbWBmUGB\\wmkQgQKIR[DCgAM]MZSST]QdkSsOJboLuCWKnIYumtNeHCwbJ_avniHZ\\GaUXvzjgrIedCjEBY`[Pf]hVRFeBsXLuwihcE]rt^yPuSxHp]tVIhKqdsyGqVinZwjhTB\\xvialgNnDTxo`yCDNlsDjFWA_pLpxcQonAwZZGZJWFvmtbJoXt]v[ymr`iCv\\Xp[DIA_CcdHSjgdKdHxgXYEGUTpOFulD^izQ[jkaemoQUdlSIhwbFPDylUjpLQxirDoAgTkuWWCednlkb^FXyKyOeB`FzvVTpGYRokfpxBKiMZUxdyNhL`jhFaWfoeu\\Bjp]V[wrsP[wzPBLgb]BhhHPWkLOTzBSHih^dsbIBWpvFnhq`LzMIsoTbaFePi^tOHoQb^cnATzRsMKdDVjIzpJPuUwCmwtTswhxzWOBdMLps][VW]btzUtZx`WNb`BDZfYv`MegGh`ndUWYtbgPVzU_COAZAB[EKIVND`pJsunRpGpcJxTzslhZQutRLKgFN\\c[yJUUl]X[MDiwYXQCh[LY[wwJf_xiOhEU^UeAdzOVUNNNLwsoudYmPJA&quot;,42)" fullname="Open_Lab_03._10.Tests.GetNumberOfCharsInStringTestRandom('C',&quot;HgGUPntznLslPLBOqqjmE^lgAxhY_t\\eH`YXEo`dhAUdJFZAP_FU\\[KdvZTSG\\[tjNdkmdJCRGEDJH]u^hJAnHIhUp\\e[M^Ma[tv\\jOfUDDVVG[nxYoZRZGcFvVwH_cEcr^iNaZoY^gkDnSOUihBXEuGURqaUR^q[ym^dlaWzAAonV_RdHbZrah_wWUwjt[GAqPEBoecHQBXDGTym`wMjDytRNaMXehG`tnxG[Qp]ySa`P\\qDVJKwNXwrVnnNYL^durJSWrSOGkklYUBmkIB[]JS]qFkh^cEnoxeYR^h_rvp^gLYBlA]PJCGk`h\\QHfl_gxw\\kd\\M\\^daUpqfgjv]FpdmqttdBXXMKQqjOxRI_QngZ`WjqqdXjOZqTKfqjrLDGXWDyHWjYnypBxTQ]JmLnz]vrzVES[YgEj`CJTljZuywQepVrUTaFAQGu[LylSWyVRkRXQHIYDltBafMKzMxGsbEZYHiHnxH^Aayu_xaNKHBOWFTpyomFZr]jfrzJYBfGdWAzgSfBgjvkaqDSosJyLBDJEPPhyXpJ]vezFTJgIkZjvmJpngVasgucSrvXDyDPulOeLEN[j]q[cUNRF[tSBORpACgOYmcKhJoJ^_djYvrVqZzyddRdEkNgZYeIXzBwtfnYaDoaqJtGXwzaCieo[zGwwIjFu\\SZtu\\KgbY`plmuqGO^ZDFiUM]t`q]XUifVr[N^[ou\\QFzjMLGptMgrVdFgYbfpEALGFXCWtlCeIdYONmhTkg^HCozOUaEtIEXPtseoIjwIJBilKqYguRFY]EERYoBSgJ\\DMJVVIsKAkUxAFND_HYyrzympnTWUid]Aae`B[D_BHEhHGELLl]LNKeDOW`co]qRHsx[[iBDEuwjvQfjjHKcLXPqvaRfv\\j`QmaPJdk^jZGSNuIxlqsgRNFjdG`tWWIdLXZIkV`FXhtmRwcAYTuEcCNChrgCErGTQ]Hp\\ANVQmPeUTXg__\\C\\DBIJW\\sj^B`b`]oom`XG_opmdiUZz_`VDsN\\ygE`UgnljCpqdslzEwwPLVaiGZjy\\K_hOSqG[rmsBEDbs^qHnaRHvyQcGWYuwoP`_IcQBe`MJENHSypddcLvsXlQCNADYrvMo^Ckv`FIAFxrkJQHapRUcTgHWROod\\nRIASovEiD^CvnZuatxt^d`be\\rvUdRQ_`Rfijq\\L\\GOr`Ysh]lUrkyJmbWrxAkEmM_V]oLqC\\iB]RkECyOrswZobHtHTz^LkC]eBDWtRuSVCwh[qRozltLpmjnUuD^Dx^Q[pFDzbVayeDle[YRBL_ZrqgsRPCyOWPX`gMfkOoXWTNLiyIu]m]rZDYeINlk`XSbVgMyOmamWGC_c[JTGH\\\\tXx\\Nb]^]EszBfqClKfjLj\\TAuCiEYdXvqhxiklhQDPRND]weGbw]mPJwe[S`oYE[[ELxsUBYyZI[JFxXFDxqhvJa^BDPZH]eLrnzRymma_^TGjm`^uZl\\Nm`veZqQlzqw_ORSyGGQLQJYpZoP_m_ikJxEOEh`w]p_gWc\\[N`oT[QxdGFLfbmz[IMVRNDuYbUj\\elZrToQMjUQtA\\Hy]tUjpE^KMJNJfVlFb\\yUfTSm\\mknv]QmwvwizzfaOPfJaHbUcKR_]mTIabODTjOjt\\MkYDGbqYGViJLTKWLlKlPKboHXkcN_BvPFvrv_EkiEfx[WVusw_^`HLCIewiqOLcUmuGYT\\gg[DL_dUkBqjQA^WIusiQcWtZsDdh]P\\_\\sqEDz^_QLgA_ubrWlL`eKDQbeT\\AgNlUKoHgREvVJAWjsux\\mRkEwuQoa^ZgC_dyugTGZKEhPK[KhaijVzOV]hYQ^TGofPTfWYoMarBbMDolZGGzojQCPO\\NODcGEPCAqpnOl]I^xhIZsgrWMGzvyRVIxbx^Pv]wBoveTsNSanEcFBUcLLtyPGB`ZfRK`fNCKLYDlNDUshVLMnCvMVREC_hvnVLhaDmv`BYtdRryH_FbkqTgcVxKTJAf_^QVBVopv[fKUISv^Tw^YFKxB`FKFcbWBmUGB\\wmkQgQKIR[DCgAM]MZSST]QdkSsOJboLuCWKnIYumtNeHCwbJ_avniHZ\\GaUXvzjgrIedCjEBY`[Pf]hVRFeBsXLuwihcE]rt^yPuSxHp]tVIhKqdsyGqVinZwjhTB\\xvialgNnDTxo`yCDNlsDjFWA_pLpxcQonAwZZGZJWFvmtbJoXt]v[ymr`iCv\\Xp[DIA_CcdHSjgdKdHxgXYEGUTpOFulD^izQ[jkaemoQUdlSIhwbFPDylUjpLQxirDoAgTkuWWCednlkb^FXyKyOeB`FzvVTpGYRokfpxBKiMZUxdyNhL`jhFaWfoeu\\Bjp]V[wrsP[wzPBLgb]BhhHPWkLOTzBSHih^dsbIBWpvFnhq`LzMIsoTbaFePi^tOHoQb^cnATzRsMKdDVjIzpJPuUwCmwtTswhxzWOBdMLps][VW]btzUtZx`WNb`BDZfYv`MegGh`ndUWYtbgPVzU_COAZAB[EKIVND`pJsunRpGpcJxTzslhZQutRLKgFN\\c[yJUUl]X[MDiwYXQCh[LY[wwJf_xiOhEU^UeAdzOVUNNNLwsoudYmPJA&quot;,42)" methodname="GetNumberOfCharsInStringTestRandom" classname="Open_Lab_03._10.Tests" runstate="Runnable" seed="2030837048" result="Passed" start-time="2021-10-19 19:34:08Z" end-time="2021-10-19 19:34:08Z" duration="0.000064" asserts="1" />
            <test-case id="1096" name="GetNumberOfCharsInStringTestRandom('m',&quot;LiM_jL_yUYDnQZhMqENjixjgJofPRFTUbnYQBqfBiOr^oBdJkaZFmT_NzaVvaOhOFjL^BXKzZMAZFLrHK]`lgObOOKR[[k[ZbcYFqGITVZgaSEHnjNkEjvcqHwOqFk_jlbr]mmRDUMWMcBwJC_lMzWjgzbxtrRNeuxokNfAxwhk^`WOGzFobzRjVrL]LpXLCylSeMMwX^nQRgMHdSqtm]gfcNZsBIpI`\\h_nDdunIXDLBYifEtsy^ZaRFjXmTvPhflpyhTaiwGdFcZbpkNxPwJBCHNhUMH[NHVaPckxlSJCXp[ifHcBFxAk\\jnr[fL]ofVxNtRMAQMwnHdNg_BMdFVPHeEaps^FHhNmZ^\\mqVAolDxUG`LvdztiPFqcplXInGpGtroJDPVNFa^DhjZPgb]Hn`]TgtwFysBfOr\\OlCsTdfdibmvGRI\\LehSUU[]JTQPM`sopOL^ejI_IvnluyqnpXpBb`HtRaiASVXJjxFsGeq]\\IJYaibL^^ZpjrNQHRMEAILm_eCxtyhLaS`YViScy^^pwbZskokoXm]TxWtwgeS_pOPWRovYzeG]eWqwLJMENtnnqL\\ypWvTLyzhSCavsSpngzibawl]XNRw[\\aGTxccimRgWIeIdRMuEzHq^uYsfYwyhDMr][cvkMFuiCKXSctGAXs\\UkdZ_kxPqSzTvngJjQKruMH[jAaC`pxQKl]mrJWzPpEVDr\\`wkXkMBaHcIj^JukAVjIKQuSatKbFIlXs`AGpYNDJLVJiZtpVFEATiROCYqqCZ\\zqkqyJnvbIfzyvkdGAUMAElDJOlEWbWBkkWTxcugbJ]sijSTRokqhN\\uEhhkXj_zmeOO`Xf^FheqbtV[vYncr`T^P\\OQvKPsf^FD[EouJMlzceSLRMoyvwHMQlzDIVcuXlKEnRzrdsYeoTueICyiWQwiVsmiEklneqcqZOXAMxVD^^YxrVvFWt_Hp\\iu`RmsGezylDKtey]YvtLs[prjpgXlR[Bya^\\vL]ws^[LnKB[YWGLvQq[j[CD[NOgQCMTH^aNYwSUzeD`oLyULOFhjDl\\IZ]ePoulyhSvqsmzx\\[FW^OOPt\\Cw_dElEEz[hFLjSaGsC_S]GjOdgFfKOVVSsoZEOKlon_PVOVDwIVMVJ`qpV\\EzYpLSjtq_GCesm^ibZsUQBiCsIAJSyejnFlVxTxgV``pGlUcfrOV]GoyknTKjj_`]TqnAIlO]Mzl\\swHnX_\\jPMhQnfKzmwfAzTmvbc^FzsQGD]rrLWRLCpMGI]N]aOkPUk\\`JMMpAVkWwbNQoToVfZyKGgmFUA`lIAlSBRizK\\KgFpKbOwiN[UeumRY^[G\\AqzOvpuP]foKKOREQ\\KqYRSQnWrajsK`DAKqGbOmUhMcgJ[g\\NIBPQCi_i\\`yT`d[PGJD[xjMY\\kFjedwKF]kJQnx]SXFjoAHdHWCQcAPYoqoScoEscnODsQzTMbIae^e\\d]cNagcFNRUZyft_TNGAmEkqXjEAsioRMTiGMqRwKIpawaUahdMWWdi_llqrbbM_^CMfwnR]vKqdOJurU^TO]XvdfJU\\A[UcwRDtTjduRk\\LmEQbqy^EOyCFHdzmYq\\\\pNhxGA^etZwlwjqatmeBwQUyPymkjq\\[OzV`XT\\p[sKoBQIXmZtgMZ_`sjhHOnuDy\\]xTRJaQoaEG`wypUxQxpOo[qghfTbhyHq`oLD\\QSVYt[YSmjSuqeFINi]^e\\vxNtFzjXKeQ\\zfZqvAXTvvBhqUBhRFiaqpWYLzUZdV`hdUeZjXm]FRazv`DlxBFEwjeKOBfwfykaWUD]jcyuTM\\`PW]fwc\\bP[ltj[LhmpqGazdb]bCVDLkjOEvr_zAD^IQvcKmPXRI^WVzPnvJVaG_EkBff`TImpndYiiySomymCMTtFfEdqf]WdMLb_GkDIViclaaFxqanImB^il`tP_vKQMp]]XniCudg_kH`FzgzFjOqLismbrod[_S_kEc`DskNJUyxeAoPsvEbyzQo_AGLGzMAYcoAWGwNyAgqjuIbC_l_ZkalnoBDl`HJIy`BLntlzrdxSZEdr`IbOhbhBCNcFs\\Yt^ilVGVPfz`bHdZTjXLLWau[WrzI`RgGVKEokTOkKswPHzaYdtsihQBTcOU_GMjUTZLw_ecWI[B_efSXQb`fYxYFIlM]yjdxIcvioetyR]`MP^jwvxN`hEvVAFnnYGXZqDVCjecghaUvXMqeCPaB\\EQEgahiqFaLFGVLIgNRUbsGjzyoPIlI`VxmnQVJwupbzJqRqe]VCPguLJVgbtYhUYgjJdYsRDU[&quot;,38)" fullname="Open_Lab_03._10.Tests.GetNumberOfCharsInStringTestRandom('m',&quot;LiM_jL_yUYDnQZhMqENjixjgJofPRFTUbnYQBqfBiOr^oBdJkaZFmT_NzaVvaOhOFjL^BXKzZMAZFLrHK]`lgObOOKR[[k[ZbcYFqGITVZgaSEHnjNkEjvcqHwOqFk_jlbr]mmRDUMWMcBwJC_lMzWjgzbxtrRNeuxokNfAxwhk^`WOGzFobzRjVrL]LpXLCylSeMMwX^nQRgMHdSqtm]gfcNZsBIpI`\\h_nDdunIXDLBYifEtsy^ZaRFjXmTvPhflpyhTaiwGdFcZbpkNxPwJBCHNhUMH[NHVaPckxlSJCXp[ifHcBFxAk\\jnr[fL]ofVxNtRMAQMwnHdNg_BMdFVPHeEaps^FHhNmZ^\\mqVAolDxUG`LvdztiPFqcplXInGpGtroJDPVNFa^DhjZPgb]Hn`]TgtwFysBfOr\\OlCsTdfdibmvGRI\\LehSUU[]JTQPM`sopOL^ejI_IvnluyqnpXpBb`HtRaiASVXJjxFsGeq]\\IJYaibL^^ZpjrNQHRMEAILm_eCxtyhLaS`YViScy^^pwbZskokoXm]TxWtwgeS_pOPWRovYzeG]eWqwLJMENtnnqL\\ypWvTLyzhSCavsSpngzibawl]XNRw[\\aGTxccimRgWIeIdRMuEzHq^uYsfYwyhDMr][cvkMFuiCKXSctGAXs\\UkdZ_kxPqSzTvngJjQKruMH[jAaC`pxQKl]mrJWzPpEVDr\\`wkXkMBaHcIj^JukAVjIKQuSatKbFIlXs`AGpYNDJLVJiZtpVFEATiROCYqqCZ\\zqkqyJnvbIfzyvkdGAUMAElDJOlEWbWBkkWTxcugbJ]sijSTRokqhN\\uEhhkXj_zmeOO`Xf^FheqbtV[vYncr`T^P\\OQvKPsf^FD[EouJMlzceSLRMoyvwHMQlzDIVcuXlKEnRzrdsYeoTueICyiWQwiVsmiEklneqcqZOXAMxVD^^YxrVvFWt_Hp\\iu`RmsGezylDKtey]YvtLs[prjpgXlR[Bya^\\vL]ws^[LnKB[YWGLvQq[j[CD[NOgQCMTH^aNYwSUzeD`oLyULOFhjDl\\IZ]ePoulyhSvqsmzx\\[FW^OOPt\\Cw_dElEEz[hFLjSaGsC_S]GjOdgFfKOVVSsoZEOKlon_PVOVDwIVMVJ`qpV\\EzYpLSjtq_GCesm^ibZsUQBiCsIAJSyejnFlVxTxgV``pGlUcfrOV]GoyknTKjj_`]TqnAIlO]Mzl\\swHnX_\\jPMhQnfKzmwfAzTmvbc^FzsQGD]rrLWRLCpMGI]N]aOkPUk\\`JMMpAVkWwbNQoToVfZyKGgmFUA`lIAlSBRizK\\KgFpKbOwiN[UeumRY^[G\\AqzOvpuP]foKKOREQ\\KqYRSQnWrajsK`DAKqGbOmUhMcgJ[g\\NIBPQCi_i\\`yT`d[PGJD[xjMY\\kFjedwKF]kJQnx]SXFjoAHdHWCQcAPYoqoScoEscnODsQzTMbIae^e\\d]cNagcFNRUZyft_TNGAmEkqXjEAsioRMTiGMqRwKIpawaUahdMWWdi_llqrbbM_^CMfwnR]vKqdOJurU^TO]XvdfJU\\A[UcwRDtTjduRk\\LmEQbqy^EOyCFHdzmYq\\\\pNhxGA^etZwlwjqatmeBwQUyPymkjq\\[OzV`XT\\p[sKoBQIXmZtgMZ_`sjhHOnuDy\\]xTRJaQoaEG`wypUxQxpOo[qghfTbhyHq`oLD\\QSVYt[YSmjSuqeFINi]^e\\vxNtFzjXKeQ\\zfZqvAXTvvBhqUBhRFiaqpWYLzUZdV`hdUeZjXm]FRazv`DlxBFEwjeKOBfwfykaWUD]jcyuTM\\`PW]fwc\\bP[ltj[LhmpqGazdb]bCVDLkjOEvr_zAD^IQvcKmPXRI^WVzPnvJVaG_EkBff`TImpndYiiySomymCMTtFfEdqf]WdMLb_GkDIViclaaFxqanImB^il`tP_vKQMp]]XniCudg_kH`FzgzFjOqLismbrod[_S_kEc`DskNJUyxeAoPsvEbyzQo_AGLGzMAYcoAWGwNyAgqjuIbC_l_ZkalnoBDl`HJIy`BLntlzrdxSZEdr`IbOhbhBCNcFs\\Yt^ilVGVPfz`bHdZTjXLLWau[WrzI`RgGVKEokTOkKswPHzaYdtsihQBTcOU_GMjUTZLw_ecWI[B_efSXQb`fYxYFIlM]yjdxIcvioetyR]`MP^jwvxN`hEvVAFnnYGXZqDVCjecghaUvXMqeCPaB\\EQEgahiqFaLFGVLIgNRUbsGjzyoPIlI`VxmnQVJwupbzJqRqe]VCPguLJVgbtYhUYgjJdYsRDU[&quot;,38)" methodname="GetNumberOfCharsInStringTestRandom" classname="Open_Lab_03._10.Tests" runstate="Runnable" seed="601956809" result="Passed" start-time="2021-10-19 19:34:08Z" end-time="2021-10-19 19:34:08Z" duration="0.000064" asserts="1" />
            <test-case id="1097" name="GetNumberOfCharsInStringTestRandom('Y',&quot;GaJgxfgWFPjCaevjbC\\HNb^HHNMeDzuMHvCo^vwnAxSWAGCnwc\\SyeD`DB`kZCSGU]vfbGLgGiGPOGHBKYh\\^cN^s^l\\VLTyfMC^LXMqWpLQ^nQxu_`AVqclPXnEUkQuUIeBDdpnMqFiXwAEMoargScoeQNndH\\f_QvUIOtRilo_kuUSXisaKZOB`qXmVBJEV[JGBfwxvPIu_EDjwuWvPv\\FBtpSqGvgbkIQkORmlufuQU^\\miq\\fOp[zEEHqeHoU]SnvnyicdKVQaogVU`IPZATuiRgJKwHnqaoCj`zjIsCEZKYQXl]Ey_u\\ytN]S_YhCcZzzegoaYHbyP[_sWlZ[CoRgTDqS^Xd[UBrkYQnFh_`XS^iYidvnzNznITgap]DA^HdOcn[FyTm_OuUpVYdt\\q\\HBEcFdMQL\\_tKt[pvJpof[\\_NzqLWsJ`hg\\M_LU]lDbDjBJwvdhkfBpga`UGmBtSRzL_XNQkoTDbtXoMquQnKZtfqogyqOjkKPlkpe_hSxvSyOnIlIQslFHsGaidbRuaeTWegEXLWc\\N^bhbB^NhyryFHsdPwvGADVierJ]glE]JeuV`sGbEEMcmUR]n[HP[][JItCjsBawtUp[N^EWpTCvrnvQagiMdpBgJkNgpWjC^QiX`qPQVkZH[_RUxmJLSUSDTIR]PYbZdzYbE^ljXXqtWuMeYsiDM_kJyeEW`mAxJz^[GkP[B[nu^ZhZwhEXk^MFPOc[YUJfXtjWWl^hcNClkpf`xf[rhdNfmYLsIpBgQI^ejRCKJWo]\\[V[cD^nuRxnfDdyaf`nMV\\bRBpfcPiRplJSClPESNlyLkyfhEe_qBPGznIbOrLedfxuuRvoW\\[yd]WaCKy^fK\\o\\DSPciq\\CHV`mElWIpIVaR]^Wc_EshyZKJZqygMhfyv]HroyYcVqBGNJbpsAJlcUIvUcfuX]c[jcVzV`n`fQSIXEwPPJnM_tVaUM]LT_LsObWfocZTMdGSCA^PgVfNjVwqMoeJCcMHEZtqiR\\hjZAunD_UiN_xsxJsfaYzxQRdXzNcGgbVuy_PVBCJQQ[pEPOHQBLHs\\jYIW^npvNBfICuZu]d^Pigq]`IkGSF\\Z^YOFGz_OUUCYJvMThW_bednDcfrVDidIaLfdgUn^FOuTeXSevWYwauptfL]\\HILfltsyPchTcA\\ViZYLTNZgQgbfVly\\rSVwCPck_UUSjFTaYZLMmRIuj`VESMc_eM\\Qf_SZrigysGwKTBNvaliaK[N^u^YRlqh^eDutHmUEeJBccKlQzgxs^uGKRp_UPUMCZZaPGTooXewAZfujlHRFsoAjxkcRNAoPwyJJe\\KgsJ\\tyFlfvocICHKeYqSWl^aWpgE[]lFPxfMjTHlrzwWYYgMoo`knJovUcFDSBQJKjSLXu[QRF[WoGHyJZPfwARGJkrGODZqimMjF\\puUOYiiXGO[GuslfMJXMBhCUCNgehCuYthdVRibdYlddfHJaED`CRtZHrzLKCDkETCNMOWU_conQDZivEF`e]sHAO]_R]WaUB`QduwRijB[^FIEXRQGw_Fb\\uMxmsCBLNZO_IEBHoru[XevFYGAMQeqvxoihz_pgAPPgu`OMOyIhLGDQRsUlCovdcTaUVUIPBN[IUOLsrnxR]JkrlYVGJEeLUgDbzuqupsgxgvvDg]uOqdGZcicxzBFxdOoiLeswxD\\d]mLp]R[hJVVk`dyQRtvomjUXHNrCdxRnH^wq^n[hbYnNtDIbgceEIhrnXniP[XDLEcdCgHm_YNMTvG^DEQWBTNfZfIYjELNJUbJR[Gv_pGfu\\^sQQfKKBCsqwJX^jDZMACzUxMdxUsLNbkyHQHZZADIRiSUQjXpmgZtY__TDCNpJrfPLLPNbdAMxthffrSOxCZaIr`dmoVXnOz[CDIF[KNIfMw`qsiLjyrGYEGUgg[nNdYiuNccjNonpQvvuAmtGKhoWtCywnZoj[vCoNedQG]]KDRIJLZftagDwdRBKefvoADUUtHhVIdAhKeTbuolTnuInrFKvdZf[aiKAwnQDmQkxgWlzyZQpubAFua^nxlljx`G]ZSeH_hb^JLH\\UKwKIq`zhEFWQ]GB_BzGPP`goJRNA^vjZBZmobaHzHoUNOqBa`zILAMEeQWz_SyKJVwODTMx[sGH\\LY`SPg[^n_ZpUI_KachJdLrRbyNTChStEdZsqhOg^hVr^ZiLimuPZyszaNkRYG\\GLakligUtTAfwqAoIPBfQnDZGl[RcwxNWLPgxjx]BXAvZTvJaZcBW\\LSIGeAOUmwWmOkbUrYS`dsmHAmpQlJUwrvzw_qExOhfE`hEKbLbJjrrTaAGrKxdcbZvTkeqAUVQwMicTiei`bKNzDgW^kNmQEC]FllZxVapUavGrYnJaODBWMvPEOSQGcAsJM]bwKlKAVsYIa_FwDMBABFsq\\ViCQilaCwfvMMV]tABU]H^kNUDWysIGel[oDHkgHsFetKkqq`GAE_TUrypwfVbKn`Q\\lbZmQUNeBtrCdMaZlHCGXFwFRoBlQuqTtPEPGUkjRjTyGnSYoIZg]KDgeT[\\S\\THD^IUHRSWWSoimyy_\\dwH[JrjMYemuOWqVLudeyQ^pCPJVUtfUvAj_MgufZHjga]IwyTbEVu^SZRXuhTr`zYyOgRJ_AxKqbrPaHNXBRazB]XEuOzyGQJhI_tPgKCEXkgkbBrm[wqNYYwmPMOQAzDaYKHBOxkrP]bRpg]sWM_K[vOjbHAZvlEYgGSXuq_]LzxwqfwckWtn\\tF]vXZGxQv^YJfjTFyaiBy[ySswKXj`sQxmBq]]WX`uD[^hANPeYSFZue^c`]v`bWfHLsi]c\\KQ\\DX_oLwxHEG`L^rWTtxt\\ATgoW\\H`mCwIoxrNzoTayX]PFvhARJj_Qo\\kkj&quot;,49)" fullname="Open_Lab_03._10.Tests.GetNumberOfCharsInStringTestRandom('Y',&quot;GaJgxfgWFPjCaevjbC\\HNb^HHNMeDzuMHvCo^vwnAxSWAGCnwc\\SyeD`DB`kZCSGU]vfbGLgGiGPOGHBKYh\\^cN^s^l\\VLTyfMC^LXMqWpLQ^nQxu_`AVqclPXnEUkQuUIeBDdpnMqFiXwAEMoargScoeQNndH\\f_QvUIOtRilo_kuUSXisaKZOB`qXmVBJEV[JGBfwxvPIu_EDjwuWvPv\\FBtpSqGvgbkIQkORmlufuQU^\\miq\\fOp[zEEHqeHoU]SnvnyicdKVQaogVU`IPZATuiRgJKwHnqaoCj`zjIsCEZKYQXl]Ey_u\\ytN]S_YhCcZzzegoaYHbyP[_sWlZ[CoRgTDqS^Xd[UBrkYQnFh_`XS^iYidvnzNznITgap]DA^HdOcn[FyTm_OuUpVYdt\\q\\HBEcFdMQL\\_tKt[pvJpof[\\_NzqLWsJ`hg\\M_LU]lDbDjBJwvdhkfBpga`UGmBtSRzL_XNQkoTDbtXoMquQnKZtfqogyqOjkKPlkpe_hSxvSyOnIlIQslFHsGaidbRuaeTWegEXLWc\\N^bhbB^NhyryFHsdPwvGADVierJ]glE]JeuV`sGbEEMcmUR]n[HP[][JItCjsBawtUp[N^EWpTCvrnvQagiMdpBgJkNgpWjC^QiX`qPQVkZH[_RUxmJLSUSDTIR]PYbZdzYbE^ljXXqtWuMeYsiDM_kJyeEW`mAxJz^[GkP[B[nu^ZhZwhEXk^MFPOc[YUJfXtjWWl^hcNClkpf`xf[rhdNfmYLsIpBgQI^ejRCKJWo]\\[V[cD^nuRxnfDdyaf`nMV\\bRBpfcPiRplJSClPESNlyLkyfhEe_qBPGznIbOrLedfxuuRvoW\\[yd]WaCKy^fK\\o\\DSPciq\\CHV`mElWIpIVaR]^Wc_EshyZKJZqygMhfyv]HroyYcVqBGNJbpsAJlcUIvUcfuX]c[jcVzV`n`fQSIXEwPPJnM_tVaUM]LT_LsObWfocZTMdGSCA^PgVfNjVwqMoeJCcMHEZtqiR\\hjZAunD_UiN_xsxJsfaYzxQRdXzNcGgbVuy_PVBCJQQ[pEPOHQBLHs\\jYIW^npvNBfICuZu]d^Pigq]`IkGSF\\Z^YOFGz_OUUCYJvMThW_bednDcfrVDidIaLfdgUn^FOuTeXSevWYwauptfL]\\HILfltsyPchTcA\\ViZYLTNZgQgbfVly\\rSVwCPck_UUSjFTaYZLMmRIuj`VESMc_eM\\Qf_SZrigysGwKTBNvaliaK[N^u^YRlqh^eDutHmUEeJBccKlQzgxs^uGKRp_UPUMCZZaPGTooXewAZfujlHRFsoAjxkcRNAoPwyJJe\\KgsJ\\tyFlfvocICHKeYqSWl^aWpgE[]lFPxfMjTHlrzwWYYgMoo`knJovUcFDSBQJKjSLXu[QRF[WoGHyJZPfwARGJkrGODZqimMjF\\puUOYiiXGO[GuslfMJXMBhCUCNgehCuYthdVRibdYlddfHJaED`CRtZHrzLKCDkETCNMOWU_conQDZivEF`e]sHAO]_R]WaUB`QduwRijB[^FIEXRQGw_Fb\\uMxmsCBLNZO_IEBHoru[XevFYGAMQeqvxoihz_pgAPPgu`OMOyIhLGDQRsUlCovdcTaUVUIPBN[IUOLsrnxR]JkrlYVGJEeLUgDbzuqupsgxgvvDg]uOqdGZcicxzBFxdOoiLeswxD\\d]mLp]R[hJVVk`dyQRtvomjUXHNrCdxRnH^wq^n[hbYnNtDIbgceEIhrnXniP[XDLEcdCgHm_YNMTvG^DEQWBTNfZfIYjELNJUbJR[Gv_pGfu\\^sQQfKKBCsqwJX^jDZMACzUxMdxUsLNbkyHQHZZADIRiSUQjXpmgZtY__TDCNpJrfPLLPNbdAMxthffrSOxCZaIr`dmoVXnOz[CDIF[KNIfMw`qsiLjyrGYEGUgg[nNdYiuNccjNonpQvvuAmtGKhoWtCywnZoj[vCoNedQG]]KDRIJLZftagDwdRBKefvoADUUtHhVIdAhKeTbuolTnuInrFKvdZf[aiKAwnQDmQkxgWlzyZQpubAFua^nxlljx`G]ZSeH_hb^JLH\\UKwKIq`zhEFWQ]GB_BzGPP`goJRNA^vjZBZmobaHzHoUNOqBa`zILAMEeQWz_SyKJVwODTMx[sGH\\LY`SPg[^n_ZpUI_KachJdLrRbyNTChStEdZsqhOg^hVr^ZiLimuPZyszaNkRYG\\GLakligUtTAfwqAoIPBfQnDZGl[RcwxNWLPgxjx]BXAvZTvJaZcBW\\LSIGeAOUmwWmOkbUrYS`dsmHAmpQlJUwrvzw_qExOhfE`hEKbLbJjrrTaAGrKxdcbZvTkeqAUVQwMicTiei`bKNzDgW^kNmQEC]FllZxVapUavGrYnJaODBWMvPEOSQGcAsJM]bwKlKAVsYIa_FwDMBABFsq\\ViCQilaCwfvMMV]tABU]H^kNUDWysIGel[oDHkgHsFetKkqq`GAE_TUrypwfVbKn`Q\\lbZmQUNeBtrCdMaZlHCGXFwFRoBlQuqTtPEPGUkjRjTyGnSYoIZg]KDgeT[\\S\\THD^IUHRSWWSoimyy_\\dwH[JrjMYemuOWqVLudeyQ^pCPJVUtfUvAj_MgufZHjga]IwyTbEVu^SZRXuhTr`zYyOgRJ_AxKqbrPaHNXBRazB]XEuOzyGQJhI_tPgKCEXkgkbBrm[wqNYYwmPMOQAzDaYKHBOxkrP]bRpg]sWM_K[vOjbHAZvlEYgGSXuq_]LzxwqfwckWtn\\tF]vXZGxQv^YJfjTFyaiBy[ySswKXj`sQxmBq]]WX`uD[^hANPeYSFZue^c`]v`bWfHLsi]c\\KQ\\DX_oLwxHEG`L^rWTtxt\\ATgoW\\H`mCwIoxrNzoTayX]PFvhARJj_Qo\\kkj&quot;,49)" methodname="GetNumberOfCharsInStringTestRandom" classname="Open_Lab_03._10.Tests" runstate="Runnable" seed="341043423" result="Passed" start-time="2021-10-19 19:34:08Z" end-time="2021-10-19 19:34:08Z" duration="0.000067" asserts="1" />
            <test-case id="1098" name="GetNumberOfCharsInStringTestRandom('O',&quot;oYUCKXW`AITFdT^crWj[nHNdTYsA]G]QVel`CZFh`IzIqduxQstTzxwgLljl`VDugDjzbxaXRBvfIEnj^vjdNJQXhEURkUIJEF]nuvVSS\\CxCQ_GyANefZg]mRR]dOgwtlaCbAoc`XRlGSVXaNTkG_^eYAAcdtjDpFEQj\\`xLfEOIuWZwuwVvwqVOvebzLzfiNwAOEhEiV_\\ZO]_ebgjxTHsPjCnrxyzgYavxVKsNrhaXVvzZFxY`QiUFEl`BtMkX`oAibbOWo\\Fgb[unCUmAa[WkMqsdfqTewIsauRs_iBlodi^dqlz`[jrFYQ\\liflxI[jYcUtk\\NS_icH^SPntqoKNRmHepHqDPnfIzEA]sPDNXSWqJyYYsrGUQ]HpNOuUXOPvwy_NOQBbkxpzWQ[riXLYgRr]xKPdUjpID\\tKZKKbq`dTgIZwoCfzDrOfHBQDBYNBHhwuXPX^NdcHh_qplTpRDqEMMODYuGaYRbMzL_`_eHmZPHxcK[SicvyRckiIMzdGDKpFSrdMnRgvDfwEQ[N[orpWdvW\\qWRf_gVESsQTqFuROCNxndslmIRLUY]W\\HWXzBXXPsmYKudjx^IbhZiM^atVUKktVtsjj]SMepivr[bs`cOrQujBYKtYIBDFHsCQBuz\\KvwsknUDzAqlvsd[KqQ_cuDdmdnyXQqfcmgUyqRfpqZHLRJPPbGLd\\sQrTGHAVgjKKIIMO]T_fjm\\wX[[_jpKeBHuV]fkJe[JjxAJACAFmgymGpvvgh]fq_`IBOqmrdVAOclzWRZ\\jkXyDVoabjE]IoTLXrHlMONJRy^^Ew_UNAwGGbFf[QKH_sr[P`c`JiP[]OgEsR]fKjPHrNEpm]RwDFeYGCN_UzL`l]drvAnJo`xpdkdC\\mnhWTWWeOypDxRL_jWVdMuljIH_IooWZKCbM_IYFMNhCxFqOlRtTOZPsBxOLsOpZcWsvkyzbyPXzNilCRPX^vCLlniKatMMyXNZaMv_mRSVyBPfSMLtdqS_aLHHBoZhlDYbzPKqWkeMcgMk^CrUiSdHFjtVFn]ysedvchgDBV^sMGvtyXdzwEzZ[R]PVokcOgTxCRHpVnSTokvzozXiJ^BnfK[RLXhMeve`mxqgPodImfejV^[VXCYkeaRsrpeyGGjtGVNqJlYVtsBzalvhwRpb]tuLgyp[JfCfwkcAQeMfeCrm`RRFtxBoRHWN[BKKwxLOpVDqJvWSFJx[BIgUgjbMdOUpTU`PZCjgrcwJO\\vxaiiIKwLSVq^MWzebBN]oWHsDZQcZM]FLndgu`MfWIMtd_^PsyVIByHbZqfitTmGtlSYnTjBpcFgJNP`vBk\\rTDMgCMEu^lDWGAsLF]`OTTZt\\XLaGnscRP`hFllGeHRqCPDNXTq_LM^AeTLeA_nkt[Eq[LFTkYdMBcqLTyJmwTXEl`CmaGFGTbwcKMmMN^nncRyC]ARCVAoaCAEvITneT^s[gOAGLw`Z`e][aAP`pDkSmW`KIrDujJ[EY^VOzKqY\\UAY^dUIENoPmahQipyUtfjVKXCDeA`fMSrXVGg_]up]UKSspFaKL]_qfeOGbQ_DhJD[jQubI[rypNBzFKO_[VZknAmksawMVmoKGrJ`LyBleaAYdOBXCAdSkThi^Kjc^fcDZqtNBiT]ThFNATGd_`JVJ\\[nK[BAOZNzxxznVoWThGzCOZiJDGEy]NuxWFDahSOu[FQCUTNkJpiC]X`kmrxHUO^jDBXPkqgUsEcIJfpjsUpg_r\\yaSnpUG`LcazTwyzTITKXoWbHCNPAZqLL`YiYCrzm`W`cg]muU]^KhEJJlfnGr_mlVnn_PaQRTYsYry\\a\\UgwTA_\\O_hXDtuAdoNtiOfoMLqPMlSmKMf]sqYVOSPkttO[^roDkcrMjskHJPP^MuMqNYHnVseWzuuTxVlUwPBcUZmAGQLzCm_ygXNEjAhsx\\NpxWKn^uawsd]nfHhFgfTMWwgaIgfvbJetMxDjGY\\IMbFCvZYcTcLSHAYAkdfqPeUjzcbiDyyOKKAorefiNCczySlL_Dz]netbMWDSsk_VdwIwAdJFywcMCVkgqVJAy\\\\`RYc\\aSp^_NVBKoLvut_qBh`rfX\\]b_WH[cfbBh`fGFhozi]CKOGFxf_etkpJrTwArNbbJdtMTsjvzkrwvZRSXQKpEBiQsWonJhxlHutbUulEvceItsOXCdcaDl^HudUxEwlRnFpAajy^_Ft\\WaXzIXlaFWiWWlhl`oAzqTUnDNqSfFCxrCkULVohLLMXXZepCMxjFueDLevvaYvzUl_TAS`KzTofGxWddBPYISsxYhIbZtHmQMCfvQokgmkmFzwNORR_I]rBtavTJylFLBVtukiSN`lVcFrZkvTHccdnVBmUU\\aiAeaEdDT^dzQdl]Yni]cOee^cXc_txUylzDUy`nphcp^cRACtczfrtRDWGxgB_ZaOA`dhH[OvhugpGuQX`fQyiGshzysbHnIIPPcmWUlIkkKyeOPLgO\\tIb`ugvhJchoum_arS_ALtIOyvuDligusRPzhjhG\\gc`DwQLGhYsIOQzATaymsv[vmvc]_tHeY`_QcKCfiwEQomeBPzTIjUclIeQAijboQNkiliXJ_SDvrKHARaM``zvEwnIyuCxzVPzaBvPabKeWQgty^PjH]CORSglxaZO\\VEabKbyVRfxVV`nQtK\\eTq]SBiNVJRAIvIAMFSnwRTqqEsvms\\EWyeI`bNa\\TcMzfo[M_bKbW`TzAfOIm\\^hNeKRz\\ermSciGqLPYjOQR]zYRJ_wzXjsF_lBeINCxSpEwesJ[yjDMMWlelAqwisUdkdcFKfQ]LTzgv]gQV\\AhffsIAWsIWGOZ[\\LBQDQTZbBsWEiPTabMshxFkZFnnHFFE`M[RfzRLgNEdAlvidpq`Cbn^FQqy]aS\\wnrsOxhaPALZs\\khJEJSP`CxYwLVITiGvdhMuD[fHQQCWUfeaJpYWzLWltZRlSXwRE^Pn^nFe^KzPzaDRboz^QjwXR\\AdJtpsTkSrVqDWjnsoMGlSWzK^XYAUar]Bm\\\\dVGwOOLvlldo^qHLKjhNJjR\\vkxR_TBdNSOZFK]DKDZmoe^^ZgRSEORuEfA_RuXXkzaLbiFANdCFQ`gRNZsrBj`zAUV[KymPfBBoDSvkaRE[LMd_yjRsCaVB[bLNTeqOrn[P^sOu^HQkeEnolq][guNFfAU\\HiXw\\qdYlUBG[WUvPfXWnX]]IVbxaUd]^mnojUOn[VCWoWzQ`RqAdyhjMuoGOgsXk_cicaLuWdvYVFhlVRXO^dt`EDbpaI`o^egQnRhzFvdzCPUHMCkwOdtHeCd_yWUODHukZXxDdYIbzt^pj[c^Xc`tk_fkhIBjbUwvUeipEhSq[SHl`op^oqr\\bBAumMW\\XZAfxb[FlnYkPjYYWuLsT^vk^[TTdoDrQrYBR]nxUkmBYGLrcc^rB^Hu_PH]NH\\xkaZYRXGuGN_ckuSWP]kBQLqnj_^BUQkNOoQrhmaL\\cloz_JexlNlWZh_kgintEaq^QUvd\\i]w`ah[BnLUtEcDyroHmGBEmRWCuRiKNA]CkpqtzEjs^YzAxm_Z`oqVhYJNJf`jFAGscaTJAvIhWIbUSWEInOfZKHUSfdkU`zn]RHXXYVZefJy`qpvmaWwqVhi\\LB^WKnIXVFCKyhjXoBnAJp\\qhxoICwHeYwLXrCZrAaJlmkosg_BTthSW`gjNzzVZxYmB\\SamcvAcfkExJv\\^unkkepsKTMsALknUymWUyPlxhjkoclDD_r_KhBXf[VYVDzXvxjzX`H`eBnDvFDccIo]ULchwVkucrWtiSpqsmg_WSuJuy]aWnqNP]CjVCCCoMwnftUcQMkp]PFBRZnysK_pAIeLPF\\pjekKVG^AdtQJCAlzWBYvPEJeiGm]OISLluGr`vfKvmUzuUmAXeoOg`ae\\G\\PUBm[aFYItt[\\VOA]kKjUTlEdTE_LU\\WYZWpuAtYoveG_KTtY`DuRWHvcwIG]aNoY^CByYG]qmuYjfaZALFgQaFCS[NxrmvOipiBHSuAYaE`\\iMxWiGR\\b^rXAi^LIeDqgktx`RiQFNj]aaeOQaJgenHSqdHdWoPvAioxTzrXYAVToVrZDPuc\\XLtdbGvJEtQxn]rlgvQjmNdXn_\\li`Huh[c]uUmtvNTHEWAtziXUesjKc]pDfJ\\_lWPTtUqRJXn_t]SX_clAInPpkYuY`iNllpViGgzerFKNEKQFJX`DX\\VyG[d[[Xm[JCnEHeQrcGIDcCk`IpPHJKTPZWbgC`KZSkDCXLx`Hh\\RSRVEjDSeIeQzi^ekCeoDwjlsziIxrkA]jCxHB^wzM`Rh[DTtaN]]sXUda^EAuVnXenQfa]j`ipqWYDYvUPWeO_eRhTb_YvFrmtDgniSD^woCbyL^FJgeyIJGJyxNvLGmkyd`zmHgxSGRjbkjIDYPP[sdjx]okFISqBScUg^TBAhgCsWcOOErmr^QGApCPSvrKo\\hOHU]aFNOmMbrata]AQay_C\\Uq[DiEq]NXiTGtcRgeO_uYy]VmYrtN]JMfAfFC_KwjTZraZdYztUQ_bvsyhwgzcAu`G[sxLeFEcKF_epSpYtUHsiEFnGUb_wGT_SZzk\\nPOMwXqUUsdqajfngYWnJFP^afDlzRVTExFFtgmgOYl]yhWXhlfBcxRizkgRUFUC]PmcdatAfk_kTn`sOfDNgUlGgXGIz\\RJEjzivooHreVrYaVLKnCjBHWI_fvL[lBKZVgdorxZqvVBytiGBuxMYbHxSqJPtchGdKYCtlWTpcsFlUJfwoJ`nplrNjRyhiaOOPYo[fNQ_eWpjBMyg_SEYHSoYbpJ[YfHCdr\\vVKRbtBJZwHL^SRIV]qHxeVtqDqFyOnFKkCRUB]`GIV]ZdgIH]m`nj_RzQ\\_DvLKICAnPzoTARAoPt[MWiy\\\\NR\\MlREay\\KxKTWctsHiZ`]ijCGqOHUwjjuk`a^iknBpqrE`De^prnCipm]jKNSqGON[YgCSUZyf^hsrxbmee`FwhMvnEo^]\\LibedGXbK\\YpWKIteld\\hMbJQnLlPO`w\\KSyRNT[VCZEhHQCmuZDtBnzGYTqvgRwv\\TLsJcXXJFfm^\\J]JyVo]C[XSsst^`jk^ILnFKdSCfkvINcwKUlhwHZZto`Rj_udWuPVQVXzUCmqS`PFPviJnBoVjmuQeRc^lG_NxNgowmTtVdGT`ZCoplqVGuf_\\GUC[OELABIBPuMBiuzGfalKPoiAQJHDcITqXQZG_vT_RA_v_phLu`svVKngaEvrtEZHbVdY[sbkNNsOPm\\\\]vICPY\\N]na[z\\eNbXUJLPlByIhHR_WncZVxwWrIuWvhSHklcfgrYSPMKGEGkTwyWmr`GgQLaLOpUEjrYw`fr_VQKInpSkYa[wQaPKfvU\\RMD[sGXNiooQHrWbVxt\\spmhVXoIbNRdQVNIMjPhXFCemJpYKhohCtc]ZWF\\RPf[^LzleNVgiMDnmIvLbWxuZdaXmkjqdnVIZbHbJEnxSHypppkR\\ttvRkBtecyt_`CuqvTKAUC^cAcRfkcxAXVjuZqjaOwbFtYmEDzt\\`QGrVTQIjOtzBtGKSAXEedmX[YjcpMbli\\\\GOs_GaarzDbEARclDcprv^jWxdiT]hHQ`XAv[\\Q_DmnUsUiQM[^Jte`d_\\b]rNUSvQ_cRhRcRQnJkV^cvYGBJyXvsXXyunhqX[YcpGy`JvsdrWsJxybYGSJxtdjuPSi^dwlQwvno[bsOFoD\\_OAvMOjEQ\\iMWDPqNUzufcMCLny`[vrF`OWBRmRVNgz\\NbXWRBAloJqwBykZPJeVdcgIhO`\\DegzckpeVcNYuGRWYZzSBsFDBdseuPjD]`iJ]rTRJGDhwL[^RQkNOMZK_dxzsKjFsKwVXHtaGiJvoYHqIUSe`\\pPG^etuUYzWxomOFFJXJH`D^VG\\Gq^rFaXUgOu]zglPJ_qdVbCPJMWUPMdH^Xn_vHRXXXbrLgX]VPty_^G`nOisKDE[fmzctNUCNZMxzLE]puyASecAQOkgYYNTSHMYhpcHuqkFRI`cJMCQEEHAJzRf^hdpMsfszfoARrF]u^iIiI^MVxPNzLPi^xeNMvtZ^gd^XCyNzfGgQJwUKXZOdXsnWG]TMsPydPeC`zpTyBOUFdYUBPCp]eqFopHQ`eAHWHCA_upKbGPbJ_hniISxpZ]yZ_Njs_nTAGxxaXqGZrNVUOwPITcXSDRxfDbzgFSDSwaCajMRSL^xLGdKcyb`wVBxoAS^pq[U`KDYitiYGRFG`Tl_ZWXi_nHwucOaXj\\\\lJYADK]jPJYeQvY[PnDYYmpmDG_FfIAXpdUWvk\\OuiYUV]gyKnRdfCCzTfxxgXDHIAogaC__Ro_kT[XbZaurrWmnaVCPn_c]eRMUhAXIOmSq^SftOW^F]MPlOBFLzOknMBGCOCtZImcEEvPOkJBXB]AYB[GfuMIzB_e\\MceL]DxjdLgSmr\\qNTmjBiBnwN`wedCaRnCH_qux`RopontClRmhmu[^brOP_AFAIGByoTSWZoKjtLyIU]LSqUnWS_`gbfY`MoghmuNXyVOxkkeWsGvCpmJoTegQngooWf^E_RWZOnU\\GpgbtJn\\kWjZfsUHOxdSaZbFM`rbj\\nBXii_yEWdsTEzvEZgwOKRJBugNbVUSMmOdiCwKqJKaAZNVbKIFLe[Q]rVoBQXiCRgbqWMB^\\GFAkJcgRfWMOHbRxGrgIJ`m\\_ing`KxGcj_VQlhnHkeA]nKFPsQVVUSaS_L\\oAm\\YFfXCwhVJsBYvlyl_iWguclOXxClaMzGxJbXHnCTKuL^Ttfa`[wGdFaqUXzEtvowtu[lKbdlfD]zWNv_R\\LGQs]sdlCknxZOGPeYYuWxqL[adaZG]\\nYjigAXcHZ_txhdNtHd]FXENPEYwPCRwNRKB_XceAqmxZwNmxWgS^zWVT\\Zbb\\SFHcff^ci]`z\\PfHoSrfytWzZOvphCyAC`^hpqQbPUhKn^^GkLhGkw]ZiIIXjivf^_xwlxSxBQVeLLMvloE\\VrQFCDyghtrbZCgOaaVmtjEZasO^wNfudZPgNrtizfQIYoKI_xVKZSbgnq`Ko\\k[NwyznAAiggnOZwBmhGyyr\\\\RsdsXSjt^upu]qLV_xg^m_TNqpn]i]mdm\\hHKHdWxnPUdC_v]l[BKyim`VCb`NKBHMIBIDKWUQazOydoQrzxBlYomucoFBrkcOMXt^nZaDgtYj^amNQiNNzWnUO&quot;,134)" fullname="Open_Lab_03._10.Tests.GetNumberOfCharsInStringTestRandom('O',&quot;oYUCKXW`AITFdT^crWj[nHNdTYsA]G]QVel`CZFh`IzIqduxQstTzxwgLljl`VDugDjzbxaXRBvfIEnj^vjdNJQXhEURkUIJEF]nuvVSS\\CxCQ_GyANefZg]mRR]dOgwtlaCbAoc`XRlGSVXaNTkG_^eYAAcdtjDpFEQj\\`xLfEOIuWZwuwVvwqVOvebzLzfiNwAOEhEiV_\\ZO]_ebgjxTHsPjCnrxyzgYavxVKsNrhaXVvzZFxY`QiUFEl`BtMkX`oAibbOWo\\Fgb[unCUmAa[WkMqsdfqTewIsauRs_iBlodi^dqlz`[jrFYQ\\liflxI[jYcUtk\\NS_icH^SPntqoKNRmHepHqDPnfIzEA]sPDNXSWqJyYYsrGUQ]HpNOuUXOPvwy_NOQBbkxpzWQ[riXLYgRr]xKPdUjpID\\tKZKKbq`dTgIZwoCfzDrOfHBQDBYNBHhwuXPX^NdcHh_qplTpRDqEMMODYuGaYRbMzL_`_eHmZPHxcK[SicvyRckiIMzdGDKpFSrdMnRgvDfwEQ[N[orpWdvW\\qWRf_gVESsQTqFuROCNxndslmIRLUY]W\\HWXzBXXPsmYKudjx^IbhZiM^atVUKktVtsjj]SMepivr[bs`cOrQujBYKtYIBDFHsCQBuz\\KvwsknUDzAqlvsd[KqQ_cuDdmdnyXQqfcmgUyqRfpqZHLRJPPbGLd\\sQrTGHAVgjKKIIMO]T_fjm\\wX[[_jpKeBHuV]fkJe[JjxAJACAFmgymGpvvgh]fq_`IBOqmrdVAOclzWRZ\\jkXyDVoabjE]IoTLXrHlMONJRy^^Ew_UNAwGGbFf[QKH_sr[P`c`JiP[]OgEsR]fKjPHrNEpm]RwDFeYGCN_UzL`l]drvAnJo`xpdkdC\\mnhWTWWeOypDxRL_jWVdMuljIH_IooWZKCbM_IYFMNhCxFqOlRtTOZPsBxOLsOpZcWsvkyzbyPXzNilCRPX^vCLlniKatMMyXNZaMv_mRSVyBPfSMLtdqS_aLHHBoZhlDYbzPKqWkeMcgMk^CrUiSdHFjtVFn]ysedvchgDBV^sMGvtyXdzwEzZ[R]PVokcOgTxCRHpVnSTokvzozXiJ^BnfK[RLXhMeve`mxqgPodImfejV^[VXCYkeaRsrpeyGGjtGVNqJlYVtsBzalvhwRpb]tuLgyp[JfCfwkcAQeMfeCrm`RRFtxBoRHWN[BKKwxLOpVDqJvWSFJx[BIgUgjbMdOUpTU`PZCjgrcwJO\\vxaiiIKwLSVq^MWzebBN]oWHsDZQcZM]FLndgu`MfWIMtd_^PsyVIByHbZqfitTmGtlSYnTjBpcFgJNP`vBk\\rTDMgCMEu^lDWGAsLF]`OTTZt\\XLaGnscRP`hFllGeHRqCPDNXTq_LM^AeTLeA_nkt[Eq[LFTkYdMBcqLTyJmwTXEl`CmaGFGTbwcKMmMN^nncRyC]ARCVAoaCAEvITneT^s[gOAGLw`Z`e][aAP`pDkSmW`KIrDujJ[EY^VOzKqY\\UAY^dUIENoPmahQipyUtfjVKXCDeA`fMSrXVGg_]up]UKSspFaKL]_qfeOGbQ_DhJD[jQubI[rypNBzFKO_[VZknAmksawMVmoKGrJ`LyBleaAYdOBXCAdSkThi^Kjc^fcDZqtNBiT]ThFNATGd_`JVJ\\[nK[BAOZNzxxznVoWThGzCOZiJDGEy]NuxWFDahSOu[FQCUTNkJpiC]X`kmrxHUO^jDBXPkqgUsEcIJfpjsUpg_r\\yaSnpUG`LcazTwyzTITKXoWbHCNPAZqLL`YiYCrzm`W`cg]muU]^KhEJJlfnGr_mlVnn_PaQRTYsYry\\a\\UgwTA_\\O_hXDtuAdoNtiOfoMLqPMlSmKMf]sqYVOSPkttO[^roDkcrMjskHJPP^MuMqNYHnVseWzuuTxVlUwPBcUZmAGQLzCm_ygXNEjAhsx\\NpxWKn^uawsd]nfHhFgfTMWwgaIgfvbJetMxDjGY\\IMbFCvZYcTcLSHAYAkdfqPeUjzcbiDyyOKKAorefiNCczySlL_Dz]netbMWDSsk_VdwIwAdJFywcMCVkgqVJAy\\\\`RYc\\aSp^_NVBKoLvut_qBh`rfX\\]b_WH[cfbBh`fGFhozi]CKOGFxf_etkpJrTwArNbbJdtMTsjvzkrwvZRSXQKpEBiQsWonJhxlHutbUulEvceItsOXCdcaDl^HudUxEwlRnFpAajy^_Ft\\WaXzIXlaFWiWWlhl`oAzqTUnDNqSfFCxrCkULVohLLMXXZepCMxjFueDLevvaYvzUl_TAS`KzTofGxWddBPYISsxYhIbZtHmQMCfvQokgmkmFzwNORR_I]rBtavTJylFLBVtukiSN`lVcFrZkvTHccdnVBmUU\\aiAeaEdDT^dzQdl]Yni]cOee^cXc_txUylzDUy`nphcp^cRACtczfrtRDWGxgB_ZaOA`dhH[OvhugpGuQX`fQyiGshzysbHnIIPPcmWUlIkkKyeOPLgO\\tIb`ugvhJchoum_arS_ALtIOyvuDligusRPzhjhG\\gc`DwQLGhYsIOQzATaymsv[vmvc]_tHeY`_QcKCfiwEQomeBPzTIjUclIeQAijboQNkiliXJ_SDvrKHARaM``zvEwnIyuCxzVPzaBvPabKeWQgty^PjH]CORSglxaZO\\VEabKbyVRfxVV`nQtK\\eTq]SBiNVJRAIvIAMFSnwRTqqEsvms\\EWyeI`bNa\\TcMzfo[M_bKbW`TzAfOIm\\^hNeKRz\\ermSciGqLPYjOQR]zYRJ_wzXjsF_lBeINCxSpEwesJ[yjDMMWlelAqwisUdkdcFKfQ]LTzgv]gQV\\AhffsIAWsIWGOZ[\\LBQDQTZbBsWEiPTabMshxFkZFnnHFFE`M[RfzRLgNEdAlvidpq`Cbn^FQqy]aS\\wnrsOxhaPALZs\\khJEJSP`CxYwLVITiGvdhMuD[fHQQCWUfeaJpYWzLWltZRlSXwRE^Pn^nFe^KzPzaDRboz^QjwXR\\AdJtpsTkSrVqDWjnsoMGlSWzK^XYAUar]Bm\\\\dVGwOOLvlldo^qHLKjhNJjR\\vkxR_TBdNSOZFK]DKDZmoe^^ZgRSEORuEfA_RuXXkzaLbiFANdCFQ`gRNZsrBj`zAUV[KymPfBBoDSvkaRE[LMd_yjRsCaVB[bLNTeqOrn[P^sOu^HQkeEnolq][guNFfAU\\HiXw\\qdYlUBG[WUvPfXWnX]]IVbxaUd]^mnojUOn[VCWoWzQ`RqAdyhjMuoGOgsXk_cicaLuWdvYVFhlVRXO^dt`EDbpaI`o^egQnRhzFvdzCPUHMCkwOdtHeCd_yWUODHukZXxDdYIbzt^pj[c^Xc`tk_fkhIBjbUwvUeipEhSq[SHl`op^oqr\\bBAumMW\\XZAfxb[FlnYkPjYYWuLsT^vk^[TTdoDrQrYBR]nxUkmBYGLrcc^rB^Hu_PH]NH\\xkaZYRXGuGN_ckuSWP]kBQLqnj_^BUQkNOoQrhmaL\\cloz_JexlNlWZh_kgintEaq^QUvd\\i]w`ah[BnLUtEcDyroHmGBEmRWCuRiKNA]CkpqtzEjs^YzAxm_Z`oqVhYJNJf`jFAGscaTJAvIhWIbUSWEInOfZKHUSfdkU`zn]RHXXYVZefJy`qpvmaWwqVhi\\LB^WKnIXVFCKyhjXoBnAJp\\qhxoICwHeYwLXrCZrAaJlmkosg_BTthSW`gjNzzVZxYmB\\SamcvAcfkExJv\\^unkkepsKTMsALknUymWUyPlxhjkoclDD_r_KhBXf[VYVDzXvxjzX`H`eBnDvFDccIo]ULchwVkucrWtiSpqsmg_WSuJuy]aWnqNP]CjVCCCoMwnftUcQMkp]PFBRZnysK_pAIeLPF\\pjekKVG^AdtQJCAlzWBYvPEJeiGm]OISLluGr`vfKvmUzuUmAXeoOg`ae\\G\\PUBm[aFYItt[\\VOA]kKjUTlEdTE_LU\\WYZWpuAtYoveG_KTtY`DuRWHvcwIG]aNoY^CByYG]qmuYjfaZALFgQaFCS[NxrmvOipiBHSuAYaE`\\iMxWiGR\\b^rXAi^LIeDqgktx`RiQFNj]aaeOQaJgenHSqdHdWoPvAioxTzrXYAVToVrZDPuc\\XLtdbGvJEtQxn]rlgvQjmNdXn_\\li`Huh[c]uUmtvNTHEWAtziXUesjKc]pDfJ\\_lWPTtUqRJXn_t]SX_clAInPpkYuY`iNllpViGgzerFKNEKQFJX`DX\\VyG[d[[Xm[JCnEHeQrcGIDcCk`IpPHJKTPZWbgC`KZSkDCXLx`Hh\\RSRVEjDSeIeQzi^ekCeoDwjlsziIxrkA]jCxHB^wzM`Rh[DTtaN]]sXUda^EAuVnXenQfa]j`ipqWYDYvUPWeO_eRhTb_YvFrmtDgniSD^woCbyL^FJgeyIJGJyxNvLGmkyd`zmHgxSGRjbkjIDYPP[sdjx]okFISqBScUg^TBAhgCsWcOOErmr^QGApCPSvrKo\\hOHU]aFNOmMbrata]AQay_C\\Uq[DiEq]NXiTGtcRgeO_uYy]VmYrtN]JMfAfFC_KwjTZraZdYztUQ_bvsyhwgzcAu`G[sxLeFEcKF_epSpYtUHsiEFnGUb_wGT_SZzk\\nPOMwXqUUsdqajfngYWnJFP^afDlzRVTExFFtgmgOYl]yhWXhlfBcxRizkgRUFUC]PmcdatAfk_kTn`sOfDNgUlGgXGIz\\RJEjzivooHreVrYaVLKnCjBHWI_fvL[lBKZVgdorxZqvVBytiGBuxMYbHxSqJPtchGdKYCtlWTpcsFlUJfwoJ`nplrNjRyhiaOOPYo[fNQ_eWpjBMyg_SEYHSoYbpJ[YfHCdr\\vVKRbtBJZwHL^SRIV]qHxeVtqDqFyOnFKkCRUB]`GIV]ZdgIH]m`nj_RzQ\\_DvLKICAnPzoTARAoPt[MWiy\\\\NR\\MlREay\\KxKTWctsHiZ`]ijCGqOHUwjjuk`a^iknBpqrE`De^prnCipm]jKNSqGON[YgCSUZyf^hsrxbmee`FwhMvnEo^]\\LibedGXbK\\YpWKIteld\\hMbJQnLlPO`w\\KSyRNT[VCZEhHQCmuZDtBnzGYTqvgRwv\\TLsJcXXJFfm^\\J]JyVo]C[XSsst^`jk^ILnFKdSCfkvINcwKUlhwHZZto`Rj_udWuPVQVXzUCmqS`PFPviJnBoVjmuQeRc^lG_NxNgowmTtVdGT`ZCoplqVGuf_\\GUC[OELABIBPuMBiuzGfalKPoiAQJHDcITqXQZG_vT_RA_v_phLu`svVKngaEvrtEZHbVdY[sbkNNsOPm\\\\]vICPY\\N]na[z\\eNbXUJLPlByIhHR_WncZVxwWrIuWvhSHklcfgrYSPMKGEGkTwyWmr`GgQLaLOpUEjrYw`fr_VQKInpSkYa[wQaPKfvU\\RMD[sGXNiooQHrWbVxt\\spmhVXoIbNRdQVNIMjPhXFCemJpYKhohCtc]ZWF\\RPf[^LzleNVgiMDnmIvLbWxuZdaXmkjqdnVIZbHbJEnxSHypppkR\\ttvRkBtecyt_`CuqvTKAUC^cAcRfkcxAXVjuZqjaOwbFtYmEDzt\\`QGrVTQIjOtzBtGKSAXEedmX[YjcpMbli\\\\GOs_GaarzDbEARclDcprv^jWxdiT]hHQ`XAv[\\Q_DmnUsUiQM[^Jte`d_\\b]rNUSvQ_cRhRcRQnJkV^cvYGBJyXvsXXyunhqX[YcpGy`JvsdrWsJxybYGSJxtdjuPSi^dwlQwvno[bsOFoD\\_OAvMOjEQ\\iMWDPqNUzufcMCLny`[vrF`OWBRmRVNgz\\NbXWRBAloJqwBykZPJeVdcgIhO`\\DegzckpeVcNYuGRWYZzSBsFDBdseuPjD]`iJ]rTRJGDhwL[^RQkNOMZK_dxzsKjFsKwVXHtaGiJvoYHqIUSe`\\pPG^etuUYzWxomOFFJXJH`D^VG\\Gq^rFaXUgOu]zglPJ_qdVbCPJMWUPMdH^Xn_vHRXXXbrLgX]VPty_^G`nOisKDE[fmzctNUCNZMxzLE]puyASecAQOkgYYNTSHMYhpcHuqkFRI`cJMCQEEHAJzRf^hdpMsfszfoARrF]u^iIiI^MVxPNzLPi^xeNMvtZ^gd^XCyNzfGgQJwUKXZOdXsnWG]TMsPydPeC`zpTyBOUFdYUBPCp]eqFopHQ`eAHWHCA_upKbGPbJ_hniISxpZ]yZ_Njs_nTAGxxaXqGZrNVUOwPITcXSDRxfDbzgFSDSwaCajMRSL^xLGdKcyb`wVBxoAS^pq[U`KDYitiYGRFG`Tl_ZWXi_nHwucOaXj\\\\lJYADK]jPJYeQvY[PnDYYmpmDG_FfIAXpdUWvk\\OuiYUV]gyKnRdfCCzTfxxgXDHIAogaC__Ro_kT[XbZaurrWmnaVCPn_c]eRMUhAXIOmSq^SftOW^F]MPlOBFLzOknMBGCOCtZImcEEvPOkJBXB]AYB[GfuMIzB_e\\MceL]DxjdLgSmr\\qNTmjBiBnwN`wedCaRnCH_qux`RopontClRmhmu[^brOP_AFAIGByoTSWZoKjtLyIU]LSqUnWS_`gbfY`MoghmuNXyVOxkkeWsGvCpmJoTegQngooWf^E_RWZOnU\\GpgbtJn\\kWjZfsUHOxdSaZbFM`rbj\\nBXii_yEWdsTEzvEZgwOKRJBugNbVUSMmOdiCwKqJKaAZNVbKIFLe[Q]rVoBQXiCRgbqWMB^\\GFAkJcgRfWMOHbRxGrgIJ`m\\_ing`KxGcj_VQlhnHkeA]nKFPsQVVUSaS_L\\oAm\\YFfXCwhVJsBYvlyl_iWguclOXxClaMzGxJbXHnCTKuL^Ttfa`[wGdFaqUXzEtvowtu[lKbdlfD]zWNv_R\\LGQs]sdlCknxZOGPeYYuWxqL[adaZG]\\nYjigAXcHZ_txhdNtHd]FXENPEYwPCRwNRKB_XceAqmxZwNmxWgS^zWVT\\Zbb\\SFHcff^ci]`z\\PfHoSrfytWzZOvphCyAC`^hpqQbPUhKn^^GkLhGkw]ZiIIXjivf^_xwlxSxBQVeLLMvloE\\VrQFCDyghtrbZCgOaaVmtjEZasO^wNfudZPgNrtizfQIYoKI_xVKZSbgnq`Ko\\k[NwyznAAiggnOZwBmhGyyr\\\\RsdsXSjt^upu]qLV_xg^m_TNqpn]i]mdm\\hHKHdWxnPUdC_v]l[BKyim`VCb`NKBHMIBIDKWUQazOydoQrzxBlYomucoFBrkcOMXt^nZaDgtYj^amNQiNNzWnUO&quot;,134)" methodname="GetNumberOfCharsInStringTestRandom" classname="Open_Lab_03._10.Tests" runstate="Runnable" seed="635667865" result="Passed" start-time="2021-10-19 19:34:08Z" end-time="2021-10-19 19:34:08Z" duration="0.000114" asserts="1" />
            <test-case id="1099" name="GetNumberOfCharsInStringTestRandom('n',&quot;WRSZpWAmLunEaXxE_VDXCBrkJ^VOpe`P_yJmU[cS]nbT^egpBROyKrYUZbQSBmwaU^`cNLkEnluO[_N_q`M_WbFhaoSmJPRkrAyAEEcqbKKYwJuvUl\\\\`YKnXrCYsxu_ZJXZaMZmxWwLXgkWuXXYnpKYqKcNCJydPgynl[UHRj_J\\yWlGf_[a]kezzdVeMjnYTwkhxe[DPGERBxroqHWf^DnwUomqy^FzklICfDIADXQVgSyCmbnFTIuPJoSJsdEmBEaPopInyWbGnXQCpkEXjAgcrstrkzH[S^UbliNxYAGwan]l_QTI_hDBYyYvwRCyOHoQDiQH]HyitjBDWHS[fzveZSJmPRBGxIiZzLhpzLfXjUHixV`ozcSOLJqk`_sLGrllBcDKZ^[[U^vEK[pumMHVpZNpVxP\\T[RrdWgURUU\\HsuiNl`EixYtjWvcUNp]NzGuLE\\no[cYsfNw``cdXLmWCYIN\\EAD_sOImz]JQlQNVzBDIyDpfMEBMksnwOSk[_uzXFJ`DYSfv_ACXEE]BKYRnNvCHiNBZ`nqFBgDp^mMtYGhjpVrKqjPGcMKJHXULRMVlKxWYAh^YLYUGNTSSVrcq^k]o]thFXAcMlw`szZJILruKrDwoFBq[d_O[[bvHzXAKqIVRnZTvh[efpSwYxtAVKIcMhFXX_CJoqkUjieAfiumJucfHf]JGXfzhaIeiBvXeQqpEyNkSsUhQVYREZQmBsCXLkgJ`ARdn^HsEnaIYmrNCxjSHr`OlJVmOYdUSDLRbkumO`NQtHUPAoUNAUBi[CseHVefJMqUbagRDwDbePVeoGlZEWTyB]q_sQfsvbGhRzi[ICJDQ[ELhOpAeKbnsrSEjHZnRLgCIhSoYQQBMQibYere[fOkzSpZhdlBdWmEnBDzvAcTu`bbIlfEQpSgwwCpssHo`PYq^doWbsi[Cvq[lNQwxgknDGIrzNGCtnoeHkE`wP^YHsdBFcDfcLqt_enX\\wXUlfaPGMSAJlziISgK^GlWJ\\[hwuF]xgDArJg\\RTutQC]qMIkLycuUKBKPKtSLGpD]izrzgKsJMsGGze\\oKt_VlipqyWQYBim[zzINQl`nklISvDQaX^BNQilzKBAPuZI^FfGz\\O_YTleAa]vvGkB^h`JROJCPlQsQdfNPxQEIzdt`DkZhGFJJYeq`\\plSLOhDsUXuPfypfs^EgeO^jVJgHisyphnH_lxlvqgjT_Y[HT_`GmtrbOdqFBwJ\\ZFbrqQuvmIqy_KLwi`nKTrCnwaQIGgut]NuZqcQCedUdDtCDXtW]IzIbCovQAloGOw\\QQmGGOlaj]ZjD^MkNPXl^FSWChACspNVHXlnfnQNXYYEdEsmnAbqqKxLxVEYNihuPDbflZE[zJUFgNnxpNPrOW`x[apQirAik_p`]MBUwGrgps_kcHdAZqgs_eLLdolIJgUIXN[cMuvH`sHcCFhbOzOuswBsBqlHVi]J_WSUgAn_u`Sf]cI_GKuJXZP\\MbbWJolqWyEgmTuNMjATdVVYhMALoSlEGrHFZWVGn]O^_]lnPgxhZwrqLIjwoaCENz`vLpopUuaHGstK\\MvHUDfJAQtQhYSMZKQ`wpc[sIT`WjkTP_\\bfujKUWvuw_HwcUivbTNfe[PMkGnQa`AIxka_\\GLauh_UAWxBBomvRpwKf]ZNceTW^zzrnJ[\\IgkwwuMTJlPmnFrHoVtygxyQTHqAXFOrTQneEzOkQGErUbdYHrDYQ\\pKi[doELvD^XY]RMDoHIi`tHwm_YsaCpbs\\cweWZgEKATwIHGvoOQHmPRb^qQfSVBhqaAjQYXi\\eVsnzdXSxmn`[FMRUGaIAlozgGcGWeVrcfIuYo^MtTVdNIV[oYvRra[sasHtAQvSWwxoxSsacTOhWLm_kIRyiDzCKPTageMcYCMRLb^]`Vi_Rn]VGcJszweTwudhyStyGfOTy\\TIfoYTU\\kXnyZE\\Ud\\YtUQxp^N\\kXg_IWfPANK^Qz\\KMuAsp^mBnvFGDLpQLrdEEseboo[HZyHtsFkv^UfMeelMR_MpXtSZVXGUQYEBCfcpoLNx[umqLXZZGXQPbfj`fi_\\zWeFQeKyBwYGQOV^G]NyxgOsIoZXwDJGgmyDPhabN\\YJzJzSQMYJ[a^SImx\\KmCynR[_QRNZwfk]OEtypGGjeAfFOgv^jEW[YZWhj\\CzzzMppBDEsygEgSTmgUPeVjjrPQDohMOUEHkenqQNcrekYSoGFeBVLYdPPV``xPXgkRz_biyqECB_FyZw]xiCKtJf_\\UYQkPT[yAGSP_XfLRIWEKRvdDzaU\\qITAGTa`TniEHyTdMZRXzcBPZRD]hhPmF]KxyOXDEfxUhzDTczqaOw\\OHEapQDsf^vyeoVfyBOSUegb[Okuhri_JAvpuhcmBmSqmAY`MUs`zdHe\\^Gb`IKopXpesakQY]RbSpoZpLiTzJ_`sQUWaBNsc^BVKoggdcG^SaSgihlU[rpfsQlbLUjXOZzonZOB_CkWCAMSyiitQsXkiV]uCE[PsjOsa^sOYjpXGYdrDZd^fpHWBOGXxUzZb\\_SmUl[p[[aDzdPmeqd\\xdDcsqSX\\QEkVpfuQFjhIhLVaTCeqfS^Vxes[kt^ZDUJVphJyV\\`HvTPXiB`ohapybUXLnZaLLNFSCzkfsg\\JnV[eU[miUim]`Kn\\PyLvuTviOxViQtwBEfKMunqThsr^\\cnrLPWt[aP[ZlWXFDX\\mlYtAba]HsOC\\YNgJ^^B]Ca_WkmIXZNd[WlkJurdiumcSNyB_jNb`WyjKu]QpYEieecFh^]PfuScQxMJllehLgDDXB`PXboQpDyhfsTBNyvfEVYNiT_DnX^yb_ifxMrEFBnNz_^tXcZNkXyBdSbDDl]XaAFGKiDAGraDcLOJqffLxQOJagCffoBU_VhyZXjj_YGsrvYYDXNXFRZQmva^fYVRqM_N_PkYvvg`JVSeNebNbdONvWM^qLDGDoCeXLtoho]JeuGWdwPBqHkMxQSHCMcjsa]UShMCkn`mHFdAQpuuwBQvDqhHtml[MmREYlEvjNRDcyFrgRqNShnqPbR]zFJxBFaVn`c_lyLjkNSFkp[bv_H_y\\or[bveDTB^YjEHjS\\U]EFCOLlJebC]xBWSllEJDafXLphAlTsdCnCtVldOplz]R``WTlWyNRRvZirY_kYRjYZJz^wzIpURbJFgPQhAwuVl]G[huKjETimsFWXppWpXxzUQcKIOCXUpDihsCPFxGPxsWNbtssKaExn]lKEjC\\CvTxoWj`naRsRiB]tUdPWKNokFvKHsKWvfNC_ZZKKTEePLfE[PQkFmEri`Mi\\_XuWuxg\\zx[vZEDFc``[qjrcZQIaVUzMkifvKOUOzd\\RpogiBlFAhOfoaRweoFFfyOLkYIvULQ[MNanfe[`eOy_\\DqVsSj[t^qTbdvPsqlpXnYbA_RzUa\\WzjjgcnCC\\qbjXMLBiLgn^JHhfPVUBjFSCZUruOhFojUaMiJnSPRIthtqcBBSYhAlkOgxrUG[_bznpa\\wGbBlYxYUa_PsNUhGicqxCMvyIreSiFABaEMqgPSnqSXTEOMJtsFMk_utfDcbSFg[^OSJIq[YPCGjpctue\\ZpzoQBKSLdhl\\kfwqqvDACYgwhXKEDJhxqgr\\ixQzqfql_bWEsmCyb\\WWSrdezNIZzoeDo\\HtfEKXbvXFAGLQHjVVQ[IrUgzc]XlkwSPXfJT]RyoX[^dtBrSQYPnUTQ`zEbuKKgJhqofxWtERflWqCGafE[Sh`vEUdTXjDdMnUvCNLUu_L]ibtiwyAPGjU]IvjQUC\\UNC_d]GDTZjan\\CM]\\uXZio^]YsmG_uAsDqOgDPMquhpWJaAFjMpZfBfZ_BKdTxo`jikeoaZMha_ByGTsrgXRFaMBKoHBEd]xsQh[qVRInclE^e\\XiSlh`]ZI\\iZAYXHEEbIhZsB]VP_]oI_aSjTmrpXWq_zIwQjV[hzv]nypQPRQxwUSJthjEVNPKmrvtt`E`JCHJdD`l^]b^GYtKgzCdAQFZklkwDwWkMlouMJapIybtglDUxkMu^\\`twiYrTchaFrQUdzx^ZN[BiMmyhWzSk]MlLvx^ki\\`QBnp[ikymj\\QB^Kkv[KxdVpde`JiBZmklukhYx^yfB`BAwjikNcQ^_wvLKLv`BwSxk`Gm^SyxMRcpochp[xnr]NMyp\\NmcYdEMEQXdvNvdSRMTGXc^FEEI\\\\^SIxBEMUnh_ckSPM`ksOJvzejEfO]T`vldnF[xLqXy_`p^gPNs`TPNSbT_NxZyrZHcqH`Klb`CqLX[oMXVAeoMf_RMmwjNXZGEXNg`kCHxnNWHJsjB`DxNfuwSqSYprRfXETCb`sex^qYYIKCtNhiT\\sZ]QUjXeRF]cyCqqH]hYzko]^JgQ`bJdRvMt`RLJMTLkwqJHMCFLBv]HeAmKCHEjvtQCpwQqR^Lg`D`hA_E]]ybWZFO`_AGFO\\oDaGSPmPu^jpcb\\FK_DcNxRudkhlSQXGXDO]HtLokNDEhd]hDYqbBgOrmf^cbAwdGcY_SzyQTOrAtMMzNAhtZpFkpXj\\VdMjQ[yFLyUE[`OmoNx`Z_UbTDJQ]iivP^vjCIjZOHnPfcYubSvbZJCrPfWMQhc^PZpxe_kg_^RRkEvkfPiKmG\\F[E[Wm^Ja`QAM&quot;,80)" fullname="Open_Lab_03._10.Tests.GetNumberOfCharsInStringTestRandom('n',&quot;WRSZpWAmLunEaXxE_VDXCBrkJ^VOpe`P_yJmU[cS]nbT^egpBROyKrYUZbQSBmwaU^`cNLkEnluO[_N_q`M_WbFhaoSmJPRkrAyAEEcqbKKYwJuvUl\\\\`YKnXrCYsxu_ZJXZaMZmxWwLXgkWuXXYnpKYqKcNCJydPgynl[UHRj_J\\yWlGf_[a]kezzdVeMjnYTwkhxe[DPGERBxroqHWf^DnwUomqy^FzklICfDIADXQVgSyCmbnFTIuPJoSJsdEmBEaPopInyWbGnXQCpkEXjAgcrstrkzH[S^UbliNxYAGwan]l_QTI_hDBYyYvwRCyOHoQDiQH]HyitjBDWHS[fzveZSJmPRBGxIiZzLhpzLfXjUHixV`ozcSOLJqk`_sLGrllBcDKZ^[[U^vEK[pumMHVpZNpVxP\\T[RrdWgURUU\\HsuiNl`EixYtjWvcUNp]NzGuLE\\no[cYsfNw``cdXLmWCYIN\\EAD_sOImz]JQlQNVzBDIyDpfMEBMksnwOSk[_uzXFJ`DYSfv_ACXEE]BKYRnNvCHiNBZ`nqFBgDp^mMtYGhjpVrKqjPGcMKJHXULRMVlKxWYAh^YLYUGNTSSVrcq^k]o]thFXAcMlw`szZJILruKrDwoFBq[d_O[[bvHzXAKqIVRnZTvh[efpSwYxtAVKIcMhFXX_CJoqkUjieAfiumJucfHf]JGXfzhaIeiBvXeQqpEyNkSsUhQVYREZQmBsCXLkgJ`ARdn^HsEnaIYmrNCxjSHr`OlJVmOYdUSDLRbkumO`NQtHUPAoUNAUBi[CseHVefJMqUbagRDwDbePVeoGlZEWTyB]q_sQfsvbGhRzi[ICJDQ[ELhOpAeKbnsrSEjHZnRLgCIhSoYQQBMQibYere[fOkzSpZhdlBdWmEnBDzvAcTu`bbIlfEQpSgwwCpssHo`PYq^doWbsi[Cvq[lNQwxgknDGIrzNGCtnoeHkE`wP^YHsdBFcDfcLqt_enX\\wXUlfaPGMSAJlziISgK^GlWJ\\[hwuF]xgDArJg\\RTutQC]qMIkLycuUKBKPKtSLGpD]izrzgKsJMsGGze\\oKt_VlipqyWQYBim[zzINQl`nklISvDQaX^BNQilzKBAPuZI^FfGz\\O_YTleAa]vvGkB^h`JROJCPlQsQdfNPxQEIzdt`DkZhGFJJYeq`\\plSLOhDsUXuPfypfs^EgeO^jVJgHisyphnH_lxlvqgjT_Y[HT_`GmtrbOdqFBwJ\\ZFbrqQuvmIqy_KLwi`nKTrCnwaQIGgut]NuZqcQCedUdDtCDXtW]IzIbCovQAloGOw\\QQmGGOlaj]ZjD^MkNPXl^FSWChACspNVHXlnfnQNXYYEdEsmnAbqqKxLxVEYNihuPDbflZE[zJUFgNnxpNPrOW`x[apQirAik_p`]MBUwGrgps_kcHdAZqgs_eLLdolIJgUIXN[cMuvH`sHcCFhbOzOuswBsBqlHVi]J_WSUgAn_u`Sf]cI_GKuJXZP\\MbbWJolqWyEgmTuNMjATdVVYhMALoSlEGrHFZWVGn]O^_]lnPgxhZwrqLIjwoaCENz`vLpopUuaHGstK\\MvHUDfJAQtQhYSMZKQ`wpc[sIT`WjkTP_\\bfujKUWvuw_HwcUivbTNfe[PMkGnQa`AIxka_\\GLauh_UAWxBBomvRpwKf]ZNceTW^zzrnJ[\\IgkwwuMTJlPmnFrHoVtygxyQTHqAXFOrTQneEzOkQGErUbdYHrDYQ\\pKi[doELvD^XY]RMDoHIi`tHwm_YsaCpbs\\cweWZgEKATwIHGvoOQHmPRb^qQfSVBhqaAjQYXi\\eVsnzdXSxmn`[FMRUGaIAlozgGcGWeVrcfIuYo^MtTVdNIV[oYvRra[sasHtAQvSWwxoxSsacTOhWLm_kIRyiDzCKPTageMcYCMRLb^]`Vi_Rn]VGcJszweTwudhyStyGfOTy\\TIfoYTU\\kXnyZE\\Ud\\YtUQxp^N\\kXg_IWfPANK^Qz\\KMuAsp^mBnvFGDLpQLrdEEseboo[HZyHtsFkv^UfMeelMR_MpXtSZVXGUQYEBCfcpoLNx[umqLXZZGXQPbfj`fi_\\zWeFQeKyBwYGQOV^G]NyxgOsIoZXwDJGgmyDPhabN\\YJzJzSQMYJ[a^SImx\\KmCynR[_QRNZwfk]OEtypGGjeAfFOgv^jEW[YZWhj\\CzzzMppBDEsygEgSTmgUPeVjjrPQDohMOUEHkenqQNcrekYSoGFeBVLYdPPV``xPXgkRz_biyqECB_FyZw]xiCKtJf_\\UYQkPT[yAGSP_XfLRIWEKRvdDzaU\\qITAGTa`TniEHyTdMZRXzcBPZRD]hhPmF]KxyOXDEfxUhzDTczqaOw\\OHEapQDsf^vyeoVfyBOSUegb[Okuhri_JAvpuhcmBmSqmAY`MUs`zdHe\\^Gb`IKopXpesakQY]RbSpoZpLiTzJ_`sQUWaBNsc^BVKoggdcG^SaSgihlU[rpfsQlbLUjXOZzonZOB_CkWCAMSyiitQsXkiV]uCE[PsjOsa^sOYjpXGYdrDZd^fpHWBOGXxUzZb\\_SmUl[p[[aDzdPmeqd\\xdDcsqSX\\QEkVpfuQFjhIhLVaTCeqfS^Vxes[kt^ZDUJVphJyV\\`HvTPXiB`ohapybUXLnZaLLNFSCzkfsg\\JnV[eU[miUim]`Kn\\PyLvuTviOxViQtwBEfKMunqThsr^\\cnrLPWt[aP[ZlWXFDX\\mlYtAba]HsOC\\YNgJ^^B]Ca_WkmIXZNd[WlkJurdiumcSNyB_jNb`WyjKu]QpYEieecFh^]PfuScQxMJllehLgDDXB`PXboQpDyhfsTBNyvfEVYNiT_DnX^yb_ifxMrEFBnNz_^tXcZNkXyBdSbDDl]XaAFGKiDAGraDcLOJqffLxQOJagCffoBU_VhyZXjj_YGsrvYYDXNXFRZQmva^fYVRqM_N_PkYvvg`JVSeNebNbdONvWM^qLDGDoCeXLtoho]JeuGWdwPBqHkMxQSHCMcjsa]UShMCkn`mHFdAQpuuwBQvDqhHtml[MmREYlEvjNRDcyFrgRqNShnqPbR]zFJxBFaVn`c_lyLjkNSFkp[bv_H_y\\or[bveDTB^YjEHjS\\U]EFCOLlJebC]xBWSllEJDafXLphAlTsdCnCtVldOplz]R``WTlWyNRRvZirY_kYRjYZJz^wzIpURbJFgPQhAwuVl]G[huKjETimsFWXppWpXxzUQcKIOCXUpDihsCPFxGPxsWNbtssKaExn]lKEjC\\CvTxoWj`naRsRiB]tUdPWKNokFvKHsKWvfNC_ZZKKTEePLfE[PQkFmEri`Mi\\_XuWuxg\\zx[vZEDFc``[qjrcZQIaVUzMkifvKOUOzd\\RpogiBlFAhOfoaRweoFFfyOLkYIvULQ[MNanfe[`eOy_\\DqVsSj[t^qTbdvPsqlpXnYbA_RzUa\\WzjjgcnCC\\qbjXMLBiLgn^JHhfPVUBjFSCZUruOhFojUaMiJnSPRIthtqcBBSYhAlkOgxrUG[_bznpa\\wGbBlYxYUa_PsNUhGicqxCMvyIreSiFABaEMqgPSnqSXTEOMJtsFMk_utfDcbSFg[^OSJIq[YPCGjpctue\\ZpzoQBKSLdhl\\kfwqqvDACYgwhXKEDJhxqgr\\ixQzqfql_bWEsmCyb\\WWSrdezNIZzoeDo\\HtfEKXbvXFAGLQHjVVQ[IrUgzc]XlkwSPXfJT]RyoX[^dtBrSQYPnUTQ`zEbuKKgJhqofxWtERflWqCGafE[Sh`vEUdTXjDdMnUvCNLUu_L]ibtiwyAPGjU]IvjQUC\\UNC_d]GDTZjan\\CM]\\uXZio^]YsmG_uAsDqOgDPMquhpWJaAFjMpZfBfZ_BKdTxo`jikeoaZMha_ByGTsrgXRFaMBKoHBEd]xsQh[qVRInclE^e\\XiSlh`]ZI\\iZAYXHEEbIhZsB]VP_]oI_aSjTmrpXWq_zIwQjV[hzv]nypQPRQxwUSJthjEVNPKmrvtt`E`JCHJdD`l^]b^GYtKgzCdAQFZklkwDwWkMlouMJapIybtglDUxkMu^\\`twiYrTchaFrQUdzx^ZN[BiMmyhWzSk]MlLvx^ki\\`QBnp[ikymj\\QB^Kkv[KxdVpde`JiBZmklukhYx^yfB`BAwjikNcQ^_wvLKLv`BwSxk`Gm^SyxMRcpochp[xnr]NMyp\\NmcYdEMEQXdvNvdSRMTGXc^FEEI\\\\^SIxBEMUnh_ckSPM`ksOJvzejEfO]T`vldnF[xLqXy_`p^gPNs`TPNSbT_NxZyrZHcqH`Klb`CqLX[oMXVAeoMf_RMmwjNXZGEXNg`kCHxnNWHJsjB`DxNfuwSqSYprRfXETCb`sex^qYYIKCtNhiT\\sZ]QUjXeRF]cyCqqH]hYzko]^JgQ`bJdRvMt`RLJMTLkwqJHMCFLBv]HeAmKCHEjvtQCpwQqR^Lg`D`hA_E]]ybWZFO`_AGFO\\oDaGSPmPu^jpcb\\FK_DcNxRudkhlSQXGXDO]HtLokNDEhd]hDYqbBgOrmf^cbAwdGcY_SzyQTOrAtMMzNAhtZpFkpXj\\VdMjQ[yFLyUE[`OmoNx`Z_UbTDJQ]iivP^vjCIjZOHnPfcYubSvbZJCrPfWMQhc^PZpxe_kg_^RRkEvkfPiKmG\\F[E[Wm^Ja`QAM&quot;,80)" methodname="GetNumberOfCharsInStringTestRandom" classname="Open_Lab_03._10.Tests" runstate="Runnable" seed="34933498" result="Passed" start-time="2021-10-19 19:34:08Z" end-time="2021-10-19 19:34:08Z" duration="0.000084" asserts="1" />
          </test-suite>
        </test-suite>
      </test-suite>
    </test-suite>
  </test-suite>
</test-run>